[F] 01000000 00000093
[D] 01000000 13 01 00 00 0 00 00000000 00
[F] 01000004 00008f13
[D] 01000004 13 1e 01 00 0 00 00000000 00
[F] 01000008 00000e93
[D] 01000008 13 1d 00 00 0 00 00000000 00
[F] 0100000c 00200193
[D] 0100000c 13 03 00 02 0 00 00000002 02
[F] 01000010 27df1c63
[D] 01000010 63 18 1e 1d 1 13 00000278 1d
[F] 01000014 00100093
[D] 01000014 13 01 00 01 0 00 00000001 01
[F] 01000018 00108f13
[D] 01000018 13 1e 01 01 0 00 00000001 01
[F] 0100001c 00200e93
[D] 0100001c 13 1d 00 02 0 00 00000002 02
[F] 01000020 00300193
[D] 01000020 13 03 00 03 0 00 00000003 03
[F] 01000024 27df1263
[D] 01000024 63 04 1e 1d 1 13 00000264 1d
[F] 01000028 00300093
[D] 01000028 13 01 00 03 0 00 00000003 03
[F] 0100002c 00708f13
[D] 0100002c 13 1e 01 07 0 00 00000007 07
[F] 01000030 00a00e93
[D] 01000030 13 1d 00 0a 0 00 0000000a 0a
[F] 01000034 00400193
[D] 01000034 13 03 00 04 0 00 00000004 04
[F] 01000038 25df1863
[D] 01000038 63 10 1e 1d 1 12 00000250 1d
[F] 0100003c 00000093
[D] 0100003c 13 01 00 00 0 00 00000000 00
[F] 01000040 80008f13
[D] 01000040 13 1e 01 00 0 40 fffff800 00
[F] 01000044 80000e93
[D] 01000044 13 1d 00 00 0 40 fffff800 00
[F] 01000048 00500193
[D] 01000048 13 03 00 05 0 00 00000005 05
[F] 0100004c 23df1e63
[D] 0100004c 63 1c 1e 1d 1 11 0000023c 1d
[F] 01000050 800000b7
[D] 01000050 37 01 00 00 0 40 80000000 00
[F] 01000054 00008f13
[D] 01000054 13 1e 01 00 0 00 00000000 00
[F] 01000058 80000eb7
[D] 01000058 37 1d 00 00 0 40 80000000 00
[F] 0100005c 00600193
[D] 0100005c 13 03 00 06 0 00 00000006 06
[F] 01000060 23df1463
[D] 01000060 63 08 1e 1d 1 11 00000228 1d
[F] 01000064 800000b7
[D] 01000064 37 01 00 00 0 40 80000000 00
[F] 01000068 80008f13
[D] 01000068 13 1e 01 00 0 40 fffff800 00
[F] 0100006c 80000eb7
[D] 0100006c 37 1d 00 00 0 40 80000000 00
[F] 01000070 800e8e93
[D] 01000070 13 1d 1d 00 0 40 fffff800 00
[F] 01000074 00700193
[D] 01000074 13 03 00 07 0 00 00000007 07
[F] 01000078 21df1863
[D] 01000078 63 10 1e 1d 1 10 00000210 1d
[F] 0100007c 00000093
[D] 0100007c 13 01 00 00 0 00 00000000 00
[F] 01000080 7ff08f13
[D] 01000080 13 1e 01 1f 0 3f 000007ff 1f
[F] 01000084 7ff00e93
[D] 01000084 13 1d 00 1f 0 3f 000007ff 1f
[F] 01000088 00800193
[D] 01000088 13 03 00 08 0 00 00000008 08
[F] 0100008c 1fdf1e63
[D] 0100008c 63 1c 1e 1d 1 0f 000001fc 1d
[F] 01000090 800000b7
[D] 01000090 37 01 00 00 0 40 80000000 00
[F] 01000094 fff08093
[D] 01000094 13 01 01 1f 0 7f ffffffff 1f
[F] 01000098 00008f13
[D] 01000098 13 1e 01 00 0 00 00000000 00
[F] 0100009c 80000eb7
[D] 0100009c 37 1d 00 00 0 40 80000000 00
[F] 010000a0 fffe8e93
[D] 010000a0 13 1d 1d 1f 0 7f ffffffff 1f
[F] 010000a4 00900193
[D] 010000a4 13 03 00 09 0 00 00000009 09
[F] 010000a8 1fdf1063
[D] 010000a8 63 00 1e 1d 1 0f 000001e0 1d
[F] 010000ac 800000b7
[D] 010000ac 37 01 00 00 0 40 80000000 00
[F] 010000b0 fff08093
[D] 010000b0 13 01 01 1f 0 7f ffffffff 1f
[F] 010000b4 7ff08f13
[D] 010000b4 13 1e 01 1f 0 3f 000007ff 1f
[F] 010000b8 80000eb7
[D] 010000b8 37 1d 00 00 0 40 80000000 00
[F] 010000bc 7fee8e93
[D] 010000bc 13 1d 1d 1e 0 3f 000007fe 1e
[F] 010000c0 00a00193
[D] 010000c0 13 03 00 0a 0 00 0000000a 0a
[F] 010000c4 1ddf1263
[D] 010000c4 63 04 1e 1d 1 0e 000001c4 1d
[F] 010000c8 800000b7
[D] 010000c8 37 01 00 00 0 40 80000000 00
[F] 010000cc 7ff08f13
[D] 010000cc 13 1e 01 1f 0 3f 000007ff 1f
[F] 010000d0 80000eb7
[D] 010000d0 37 1d 00 00 0 40 80000000 00
[F] 010000d4 7ffe8e93
[D] 010000d4 13 1d 1d 1f 0 3f 000007ff 1f
[F] 010000d8 00b00193
[D] 010000d8 13 03 00 0b 0 00 0000000b 0b
[F] 010000dc 1bdf1663
[D] 010000dc 63 0c 1e 1d 1 0d 000001ac 1d
[F] 010000e0 800000b7
[D] 010000e0 37 01 00 00 0 40 80000000 00
[F] 010000e4 fff08093
[D] 010000e4 13 01 01 1f 0 7f ffffffff 1f
[F] 010000e8 80008f13
[D] 010000e8 13 1e 01 00 0 40 fffff800 00
[F] 010000ec 7ffffeb7
[D] 010000ec 37 1d 00 1f 7 3f 7ffff000 1f
[F] 010000f0 7ffe8e93
[D] 010000f0 13 1d 1d 1f 0 3f 000007ff 1f
[F] 010000f4 00c00193
[D] 010000f4 13 03 00 0c 0 00 0000000c 0c
[F] 010000f8 19df1863
[D] 010000f8 63 10 1e 1d 1 0c 00000190 1d
[F] 010000fc 00000093
[D] 010000fc 13 01 00 00 0 00 00000000 00
[F] 01000100 fff08f13
[D] 01000100 13 1e 01 1f 0 7f ffffffff 1f
[F] 01000104 fff00e93
[D] 01000104 13 1d 00 1f 0 7f ffffffff 1f
[F] 01000108 00d00193
[D] 01000108 13 03 00 0d 0 00 0000000d 0d
[F] 0100010c 17df1e63
[D] 0100010c 63 1c 1e 1d 1 0b 0000017c 1d
[F] 01000110 fff00093
[D] 01000110 13 01 00 1f 0 7f ffffffff 1f
[F] 01000114 00108f13
[D] 01000114 13 1e 01 01 0 00 00000001 01
[F] 01000118 00000e93
[D] 01000118 13 1d 00 00 0 00 00000000 00
[F] 0100011c 00e00193
[D] 0100011c 13 03 00 0e 0 00 0000000e 0e
[F] 01000120 17df1463
[D] 01000120 63 08 1e 1d 1 0b 00000168 1d
[F] 01000124 fff00093
[D] 01000124 13 01 00 1f 0 7f ffffffff 1f
[F] 01000128 fff08f13
[D] 01000128 13 1e 01 1f 0 7f ffffffff 1f
[F] 0100012c ffe00e93
[D] 0100012c 13 1d 00 1e 0 7f fffffffe 1e
[F] 01000130 00f00193
[D] 01000130 13 03 00 0f 0 00 0000000f 0f
[F] 01000134 15df1a63
[D] 01000134 63 14 1e 1d 1 0a 00000154 1d
[F] 01000138 800000b7
[D] 01000138 37 01 00 00 0 40 80000000 00
[F] 0100013c fff08093
[D] 0100013c 13 01 01 1f 0 7f ffffffff 1f
[F] 01000140 00108f13
[D] 01000140 13 1e 01 01 0 00 00000001 01
[F] 01000144 80000eb7
[D] 01000144 37 1d 00 00 0 40 80000000 00
[F] 01000148 01000193
[D] 01000148 13 03 00 10 0 00 00000010 10
[F] 0100014c 13df1e63
[D] 0100014c 63 1c 1e 1d 1 09 0000013c 1d
[F] 01000150 00d00093
[D] 01000150 13 01 00 0d 0 00 0000000d 0d
[F] 01000154 00b08093
[D] 01000154 13 01 01 0b 0 00 0000000b 0b
[F] 01000158 01800e93
[D] 01000158 13 1d 00 18 0 00 00000018 18
[F] 0100015c 01100193
[D] 0100015c 13 03 00 11 0 00 00000011 11
[F] 01000160 13d09463
[D] 01000160 63 08 01 1d 1 09 00000128 1d
[F] 01000164 00000213
[D] 01000164 13 04 00 00 0 00 00000000 00
[F] 01000168 00d00093
[D] 01000168 13 01 00 0d 0 00 0000000d 0d
[F] 0100016c 00b08f13
[D] 0100016c 13 1e 01 0b 0 00 0000000b 0b
[F] 01000170 000f0313
[D] 01000170 13 06 1e 00 0 00 00000000 00
[F] 01000174 00120213
[D] 01000174 13 04 04 01 0 00 00000001 01
[F] 01000178 00200293
[D] 01000178 13 05 00 02 0 00 00000002 02
[F] 0100017c fe5216e3
[D] 0100017c 63 0d 04 05 1 7f ffffffec 05
[F] 01000180 01800e93
[D] 01000180 13 1d 00 18 0 00 00000018 18
[F] 01000184 01200193
[D] 01000184 13 03 00 12 0 00 00000012 12
[F] 01000188 11d31063
[D] 01000188 63 00 06 1d 1 08 00000100 1d
[F] 0100018c 00000213
[D] 0100018c 13 04 00 00 0 00 00000000 00
[F] 01000190 00d00093
[D] 01000190 13 01 00 0d 0 00 0000000d 0d
[F] 01000194 00a08f13
[D] 01000194 13 1e 01 0a 0 00 0000000a 0a
[F] 01000198 00000013
[D] 01000198 13 00 00 00 0 00 00000000 00
[F] 0100019c 000f0313
[D] 0100019c 13 06 1e 00 0 00 00000000 00
[F] 010001a0 00120213
[D] 010001a0 13 04 04 01 0 00 00000001 01
[F] 010001a4 00200293
[D] 010001a4 13 05 00 02 0 00 00000002 02
[F] 010001a8 fe5214e3
[D] 010001a8 63 09 04 05 1 7f ffffffe8 05
[F] 010001ac 01700e93
[D] 010001ac 13 1d 00 17 0 00 00000017 17
[F] 010001b0 01300193
[D] 010001b0 13 03 00 13 0 00 00000013 13
[F] 010001b4 0dd31a63
[D] 010001b4 63 14 06 1d 1 06 000000d4 1d
[F] 010001b8 00000213
[D] 010001b8 13 04 00 00 0 00 00000000 00
[F] 010001bc 00d00093
[D] 010001bc 13 01 00 0d 0 00 0000000d 0d
[F] 010001c0 00908f13
[D] 010001c0 13 1e 01 09 0 00 00000009 09
[F] 010001c4 00000013
[D] 010001c4 13 00 00 00 0 00 00000000 00
[F] 010001c8 00000013
[D] 010001c8 13 00 00 00 0 00 00000000 00
[F] 010001cc 000f0313
[D] 010001cc 13 06 1e 00 0 00 00000000 00
[F] 010001d0 00120213
[D] 010001d0 13 04 04 01 0 00 00000001 01
[F] 010001d4 00200293
[D] 010001d4 13 05 00 02 0 00 00000002 02
[F] 010001d8 fe5212e3
[D] 010001d8 63 05 04 05 1 7f ffffffe4 05
[F] 010001dc 01600e93
[D] 010001dc 13 1d 00 16 0 00 00000016 16
[F] 010001e0 01400193
[D] 010001e0 13 03 00 14 0 00 00000014 14
[F] 010001e4 0bd31263
[D] 010001e4 63 04 06 1d 1 05 000000a4 1d
[F] 010001e8 00000213
[D] 010001e8 13 04 00 00 0 00 00000000 00
[F] 010001ec 00d00093
[D] 010001ec 13 01 00 0d 0 00 0000000d 0d
[F] 010001f0 00b08f13
[D] 010001f0 13 1e 01 0b 0 00 0000000b 0b
[F] 010001f4 00120213
[D] 010001f4 13 04 04 01 0 00 00000001 01
[F] 010001f8 00200293
[D] 010001f8 13 05 00 02 0 00 00000002 02
[F] 010001fc fe5218e3
[D] 010001fc 63 11 04 05 1 7f fffffff0 05
[F] 01000200 01800e93
[D] 01000200 13 1d 00 18 0 00 00000018 18
[F] 01000204 01500193
[D] 01000204 13 03 00 15 0 00 00000015 15
[F] 01000208 09df1063
[D] 01000208 63 00 1e 1d 1 04 00000080 1d
[F] 0100020c 00000213
[D] 0100020c 13 04 00 00 0 00 00000000 00
[F] 01000210 00d00093
[D] 01000210 13 01 00 0d 0 00 0000000d 0d
[F] 01000214 00000013
[D] 01000214 13 00 00 00 0 00 00000000 00
[F] 01000218 00a08f13
[D] 01000218 13 1e 01 0a 0 00 0000000a 0a
[F] 0100021c 00120213
[D] 0100021c 13 04 04 01 0 00 00000001 01
[F] 01000220 00200293
[D] 01000220 13 05 00 02 0 00 00000002 02
[F] 01000224 fe5216e3
[D] 01000224 63 0d 04 05 1 7f ffffffec 05
[F] 01000228 01700e93
[D] 01000228 13 1d 00 17 0 00 00000017 17
[F] 0100022c 01600193
[D] 0100022c 13 03 00 16 0 00 00000016 16
[F] 01000230 05df1c63
[D] 01000230 63 18 1e 1d 1 02 00000058 1d
[F] 01000234 00000213
[D] 01000234 13 04 00 00 0 00 00000000 00
[F] 01000238 00d00093
[D] 01000238 13 01 00 0d 0 00 0000000d 0d
[F] 0100023c 00000013
[D] 0100023c 13 00 00 00 0 00 00000000 00
[F] 01000240 00000013
[D] 01000240 13 00 00 00 0 00 00000000 00
[F] 01000244 00908f13
[D] 01000244 13 1e 01 09 0 00 00000009 09
[F] 01000248 00120213
[D] 01000248 13 04 04 01 0 00 00000001 01
[F] 0100024c 00200293
[D] 0100024c 13 05 00 02 0 00 00000002 02
[F] 01000250 fe5214e3
[D] 01000250 63 09 04 05 1 7f ffffffe8 05
[F] 01000254 01600e93
[D] 01000254 13 1d 00 16 0 00 00000016 16
[F] 01000258 01700193
[D] 01000258 13 03 00 17 0 00 00000017 17
[F] 0100025c 03df1663
[D] 0100025c 63 0c 1e 1d 1 01 0000002c 1d
[F] 01000260 02000093
[D] 01000260 13 01 00 00 0 01 00000020 00
[F] 01000264 02000e93
[D] 01000264 13 1d 00 00 0 01 00000020 00
[F] 01000268 01800193
[D] 01000268 13 03 00 18 0 00 00000018 18
[F] 0100026c 01d09e63
[D] 0100026c 63 1c 01 1d 1 00 0000001c 1d
[F] 01000270 02100093
[D] 01000270 13 01 00 01 0 01 00000021 01
[F] 01000274 03208013
[D] 01000274 13 00 01 12 0 01 00000032 12
[F] 01000278 00000e93
[D] 01000278 13 1d 00 00 0 00 00000000 00
[F] 0100027c 01900193
[D] 0100027c 13 03 00 19 0 00 00000019 19
[F] 01000280 01d01463
[D] 01000280 63 08 00 1d 1 00 00000008 1d
[F] 01000284 00301c63
[D] 01000284 63 18 00 03 1 00 00000018 03
[F] 01000288 0ff0000f
[D] 01000288 0f 00 00 1f 0 07 00000000 1f
[F] 0100028c 00018063
[D] 0100028c 63 00 03 00 0 00 00000000 00
[F] 01000290 00119193
[D] 01000290 13 03 03 01 1 00 00000001 01
[F] 01000294 0011e193
[D] 01000294 13 03 03 01 6 00 00000001 01
[F] 01000298 00000073
[D] 01000298 73 00 00 00 0 00 00000000 00
[F] 0100029c 0ff0000f
[D] 0100029c 0f 00 00 1f 0 07 00000000 1f
[F] 010002a0 00100193
[D] 010002a0 13 03 00 01 0 00 00000001 01
[F] 010002a4 00000073
[D] 010002a4 73 00 00 00 0 00 00000000 00
[F] 010002a8 c0001073
[D] 010002a8 73 00 00 00 1 60 00000000 00
[F] 010002ac 00000000
[D] 010002ac 00 00 00 00 0 00 00000000 00
[F] 010002b0 00000000
[D] 010002b0 00 00 00 00 0 00 00000000 00
[F] 010002b4 00000000
[D] 010002b4 00 00 00 00 0 00 00000000 00
[F] 010002b8 00000000
[D] 010002b8 00 00 00 00 0 00 00000000 00
[F] 010002bc 00000000
[D] 010002bc 00 00 00 00 0 00 00000000 00
[F] 010002c0 00000000
[D] 010002c0 00 00 00 00 0 00 00000000 00
[F] 010002c4 00000000
[D] 010002c4 00 00 00 00 0 00 00000000 00
[F] 010002c8 00000000
[D] 010002c8 00 00 00 00 0 00 00000000 00
[F] 010002cc 00000000
[D] 010002cc 00 00 00 00 0 00 00000000 00
[F] 010002d0 00000000
[D] 010002d0 00 00 00 00 0 00 00000000 00
[F] 010002d4 00000000
[D] 010002d4 00 00 00 00 0 00 00000000 00
[F] 010002d8 00000000
[D] 010002d8 00 00 00 00 0 00 00000000 00
[F] 010002dc 00000000
[D] 010002dc 00 00 00 00 0 00 00000000 00
[F] 010002e0 00000000
[D] 010002e0 00 00 00 00 0 00 00000000 00
[F] 010002e4 00000000
[D] 010002e4 00 00 00 00 0 00 00000000 00
[F] 010002e8 00000000
[D] 010002e8 00 00 00 00 0 00 00000000 00
[F] 010002ec 00000000
[D] 010002ec 00 00 00 00 0 00 00000000 00
[F] 010002f0 00000000
[D] 010002f0 00 00 00 00 0 00 00000000 00
[F] 010002f4 00000000
[D] 010002f4 00 00 00 00 0 00 00000000 00
[F] 010002f8 00000000
[D] 010002f8 00 00 00 00 0 00 00000000 00
[F] 010002fc 00000000
[D] 010002fc 00 00 00 00 0 00 00000000 00
[F] 01000300 00000000
[D] 01000300 00 00 00 00 0 00 00000000 00
[F] 01000304 00000000
[D] 01000304 00 00 00 00 0 00 00000000 00
[F] 01000308 00000000
[D] 01000308 00 00 00 00 0 00 00000000 00
[F] 0100030c 00000000
[D] 0100030c 00 00 00 00 0 00 00000000 00
[F] 01000310 00000000
[D] 01000310 00 00 00 00 0 00 00000000 00
[F] 01000314 00000000
[D] 01000314 00 00 00 00 0 00 00000000 00
[F] 01000318 00000000
[D] 01000318 00 00 00 00 0 00 00000000 00
[F] 0100031c 00000000
[D] 0100031c 00 00 00 00 0 00 00000000 00
[F] 01000320 00000000
[D] 01000320 00 00 00 00 0 00 00000000 00
[F] 01000324 00000000
[D] 01000324 00 00 00 00 0 00 00000000 00
[F] 01000328 00000000
[D] 01000328 00 00 00 00 0 00 00000000 00
[F] 0100032c 00000000
[D] 0100032c 00 00 00 00 0 00 00000000 00
[F] 01000330 00000000
[D] 01000330 00 00 00 00 0 00 00000000 00
[F] 01000334 00000000
[D] 01000334 00 00 00 00 0 00 00000000 00
[F] 01000338 00000000
[D] 01000338 00 00 00 00 0 00 00000000 00
[F] 0100033c 00000000
[D] 0100033c 00 00 00 00 0 00 00000000 00
[F] 01000340 00000000
[D] 01000340 00 00 00 00 0 00 00000000 00
[F] 01000344 00000000
[D] 01000344 00 00 00 00 0 00 00000000 00
[F] 01000348 00000000
[D] 01000348 00 00 00 00 0 00 00000000 00
[F] 0100034c 00000000
[D] 0100034c 00 00 00 00 0 00 00000000 00
[F] 01000350 00000000
[D] 01000350 00 00 00 00 0 00 00000000 00
[F] 01000354 00000000
[D] 01000354 00 00 00 00 0 00 00000000 00
[F] 01000358 00000000
[D] 01000358 00 00 00 00 0 00 00000000 00
[F] 0100035c 00000000
[D] 0100035c 00 00 00 00 0 00 00000000 00
[F] 01000360 00000000
[D] 01000360 00 00 00 00 0 00 00000000 00
[F] 01000364 00000000
[D] 01000364 00 00 00 00 0 00 00000000 00
[F] 01000368 00000000
[D] 01000368 00 00 00 00 0 00 00000000 00
[F] 0100036c 00000000
[D] 0100036c 00 00 00 00 0 00 00000000 00
[F] 01000370 00000000
[D] 01000370 00 00 00 00 0 00 00000000 00
[F] 01000374 00000000
[D] 01000374 00 00 00 00 0 00 00000000 00
[F] 01000378 00000000
[D] 01000378 00 00 00 00 0 00 00000000 00
[F] 0100037c 00000000
[D] 0100037c 00 00 00 00 0 00 00000000 00
[F] 01000380 00000000
[D] 01000380 00 00 00 00 0 00 00000000 00
[F] 01000384 00000000
[D] 01000384 00 00 00 00 0 00 00000000 00
[F] 01000388 00000000
[D] 01000388 00 00 00 00 0 00 00000000 00
[F] 0100038c 00000000
[D] 0100038c 00 00 00 00 0 00 00000000 00
[F] 01000390 00000000
[D] 01000390 00 00 00 00 0 00 00000000 00
[F] 01000394 00000000
[D] 01000394 00 00 00 00 0 00 00000000 00
[F] 01000398 00000000
[D] 01000398 00 00 00 00 0 00 00000000 00
[F] 0100039c 00000000
[D] 0100039c 00 00 00 00 0 00 00000000 00
[F] 010003a0 00000000
[D] 010003a0 00 00 00 00 0 00 00000000 00
[F] 010003a4 00000000
[D] 010003a4 00 00 00 00 0 00 00000000 00
[F] 010003a8 00000000
[D] 010003a8 00 00 00 00 0 00 00000000 00
[F] 010003ac 00000000
[D] 010003ac 00 00 00 00 0 00 00000000 00
[F] 010003b0 00000000
[D] 010003b0 00 00 00 00 0 00 00000000 00
[F] 010003b4 00000000
[D] 010003b4 00 00 00 00 0 00 00000000 00
[F] 010003b8 00000000
[D] 010003b8 00 00 00 00 0 00 00000000 00
[F] 010003bc 00000000
[D] 010003bc 00 00 00 00 0 00 00000000 00
[F] 010003c0 00000000
[D] 010003c0 00 00 00 00 0 00 00000000 00
[F] 010003c4 00000000
[D] 010003c4 00 00 00 00 0 00 00000000 00
[F] 010003c8 00000000
[D] 010003c8 00 00 00 00 0 00 00000000 00
[F] 010003cc 00000000
[D] 010003cc 00 00 00 00 0 00 00000000 00
[F] 010003d0 00000000
[D] 010003d0 00 00 00 00 0 00 00000000 00
[F] 010003d4 00000000
[D] 010003d4 00 00 00 00 0 00 00000000 00
[F] 010003d8 00000000
[D] 010003d8 00 00 00 00 0 00 00000000 00
[F] 010003dc 00000000
[D] 010003dc 00 00 00 00 0 00 00000000 00
[F] 010003e0 00000000
[D] 010003e0 00 00 00 00 0 00 00000000 00
[F] 010003e4 00000000
[D] 010003e4 00 00 00 00 0 00 00000000 00
[F] 010003e8 00000000
[D] 010003e8 00 00 00 00 0 00 00000000 00
[F] 010003ec 00000000
[D] 010003ec 00 00 00 00 0 00 00000000 00
[F] 010003f0 00000000
[D] 010003f0 00 00 00 00 0 00 00000000 00
[F] 010003f4 00000000
[D] 010003f4 00 00 00 00 0 00 00000000 00
[F] 010003f8 00000000
[D] 010003f8 00 00 00 00 0 00 00000000 00
[F] 010003fc 00000000
[D] 010003fc 00 00 00 00 0 00 00000000 00
[F] 01000400 00000000
[D] 01000400 00 00 00 00 0 00 00000000 00
[F] 01000404 00000000
[D] 01000404 00 00 00 00 0 00 00000000 00
[F] 01000408 00000000
[D] 01000408 00 00 00 00 0 00 00000000 00
[F] 0100040c 00000000
[D] 0100040c 00 00 00 00 0 00 00000000 00
[F] 01000410 00000000
[D] 01000410 00 00 00 00 0 00 00000000 00
[F] 01000414 00000000
[D] 01000414 00 00 00 00 0 00 00000000 00
[F] 01000418 00000000
[D] 01000418 00 00 00 00 0 00 00000000 00
[F] 0100041c 00000000
[D] 0100041c 00 00 00 00 0 00 00000000 00
[F] 01000420 00000000
[D] 01000420 00 00 00 00 0 00 00000000 00
[F] 01000424 00000000
[D] 01000424 00 00 00 00 0 00 00000000 00
[F] 01000428 00000000
[D] 01000428 00 00 00 00 0 00 00000000 00
[F] 0100042c 00000000
[D] 0100042c 00 00 00 00 0 00 00000000 00
[F] 01000430 00000000
[D] 01000430 00 00 00 00 0 00 00000000 00
[F] 01000434 00000000
[D] 01000434 00 00 00 00 0 00 00000000 00
[F] 01000438 00000000
[D] 01000438 00 00 00 00 0 00 00000000 00
[F] 0100043c 00000000
[D] 0100043c 00 00 00 00 0 00 00000000 00
[F] 01000440 00000000
[D] 01000440 00 00 00 00 0 00 00000000 00
[F] 01000444 00000000
[D] 01000444 00 00 00 00 0 00 00000000 00
[F] 01000448 00000000
[D] 01000448 00 00 00 00 0 00 00000000 00
[F] 0100044c 00000000
[D] 0100044c 00 00 00 00 0 00 00000000 00
[F] 01000450 00000000
[D] 01000450 00 00 00 00 0 00 00000000 00
[F] 01000454 00000000
[D] 01000454 00 00 00 00 0 00 00000000 00
[F] 01000458 00000000
[D] 01000458 00 00 00 00 0 00 00000000 00
[F] 0100045c 00000000
[D] 0100045c 00 00 00 00 0 00 00000000 00
[F] 01000460 00000000
[D] 01000460 00 00 00 00 0 00 00000000 00
[F] 01000464 00000000
[D] 01000464 00 00 00 00 0 00 00000000 00
[F] 01000468 00000000
[D] 01000468 00 00 00 00 0 00 00000000 00
[F] 0100046c 00000000
[D] 0100046c 00 00 00 00 0 00 00000000 00
[F] 01000470 00000000
[D] 01000470 00 00 00 00 0 00 00000000 00
[F] 01000474 00000000
[D] 01000474 00 00 00 00 0 00 00000000 00
[F] 01000478 00000000
[D] 01000478 00 00 00 00 0 00 00000000 00
[F] 0100047c 00000000
[D] 0100047c 00 00 00 00 0 00 00000000 00
[F] 01000480 00000000
[D] 01000480 00 00 00 00 0 00 00000000 00
[F] 01000484 00000000
[D] 01000484 00 00 00 00 0 00 00000000 00
[F] 01000488 00000000
[D] 01000488 00 00 00 00 0 00 00000000 00
[F] 0100048c 00000000
[D] 0100048c 00 00 00 00 0 00 00000000 00
[F] 01000490 00000000
[D] 01000490 00 00 00 00 0 00 00000000 00
[F] 01000494 00000000
[D] 01000494 00 00 00 00 0 00 00000000 00
[F] 01000498 00000000
[D] 01000498 00 00 00 00 0 00 00000000 00
[F] 0100049c 00000000
[D] 0100049c 00 00 00 00 0 00 00000000 00
[F] 010004a0 00000000
[D] 010004a0 00 00 00 00 0 00 00000000 00
[F] 010004a4 00000000
[D] 010004a4 00 00 00 00 0 00 00000000 00
[F] 010004a8 00000000
[D] 010004a8 00 00 00 00 0 00 00000000 00
[F] 010004ac 00000000
[D] 010004ac 00 00 00 00 0 00 00000000 00
[F] 010004b0 00000000
[D] 010004b0 00 00 00 00 0 00 00000000 00
[F] 010004b4 00000000
[D] 010004b4 00 00 00 00 0 00 00000000 00
[F] 010004b8 00000000
[D] 010004b8 00 00 00 00 0 00 00000000 00
[F] 010004bc 00000000
[D] 010004bc 00 00 00 00 0 00 00000000 00
[F] 010004c0 00000000
[D] 010004c0 00 00 00 00 0 00 00000000 00
[F] 010004c4 00000000
[D] 010004c4 00 00 00 00 0 00 00000000 00
[F] 010004c8 00000000
[D] 010004c8 00 00 00 00 0 00 00000000 00
[F] 010004cc 00000000
[D] 010004cc 00 00 00 00 0 00 00000000 00
[F] 010004d0 00000000
[D] 010004d0 00 00 00 00 0 00 00000000 00
[F] 010004d4 00000000
[D] 010004d4 00 00 00 00 0 00 00000000 00
[F] 010004d8 00000000
[D] 010004d8 00 00 00 00 0 00 00000000 00
[F] 010004dc 00000000
[D] 010004dc 00 00 00 00 0 00 00000000 00
[F] 010004e0 00000000
[D] 010004e0 00 00 00 00 0 00 00000000 00
[F] 010004e4 00000000
[D] 010004e4 00 00 00 00 0 00 00000000 00
[F] 010004e8 00000000
[D] 010004e8 00 00 00 00 0 00 00000000 00
[F] 010004ec 00000000
[D] 010004ec 00 00 00 00 0 00 00000000 00
[F] 010004f0 00000000
[D] 010004f0 00 00 00 00 0 00 00000000 00
[F] 010004f4 00000000
[D] 010004f4 00 00 00 00 0 00 00000000 00
[F] 010004f8 00000000
[D] 010004f8 00 00 00 00 0 00 00000000 00
[F] 010004fc 00000000
[D] 010004fc 00 00 00 00 0 00 00000000 00
[F] 01000500 00000000
[D] 01000500 00 00 00 00 0 00 00000000 00
[F] 01000504 00000000
[D] 01000504 00 00 00 00 0 00 00000000 00
[F] 01000508 00000000
[D] 01000508 00 00 00 00 0 00 00000000 00
[F] 0100050c 00000000
[D] 0100050c 00 00 00 00 0 00 00000000 00
[F] 01000510 00000000
[D] 01000510 00 00 00 00 0 00 00000000 00
[F] 01000514 00000000
[D] 01000514 00 00 00 00 0 00 00000000 00
[F] 01000518 00000000
[D] 01000518 00 00 00 00 0 00 00000000 00
[F] 0100051c 00000000
[D] 0100051c 00 00 00 00 0 00 00000000 00
[F] 01000520 00000000
[D] 01000520 00 00 00 00 0 00 00000000 00
[F] 01000524 00000000
[D] 01000524 00 00 00 00 0 00 00000000 00
[F] 01000528 00000000
[D] 01000528 00 00 00 00 0 00 00000000 00
[F] 0100052c 00000000
[D] 0100052c 00 00 00 00 0 00 00000000 00
[F] 01000530 00000000
[D] 01000530 00 00 00 00 0 00 00000000 00
[F] 01000534 00000000
[D] 01000534 00 00 00 00 0 00 00000000 00
[F] 01000538 00000000
[D] 01000538 00 00 00 00 0 00 00000000 00
[F] 0100053c 00000000
[D] 0100053c 00 00 00 00 0 00 00000000 00
[F] 01000540 00000000
[D] 01000540 00 00 00 00 0 00 00000000 00
[F] 01000544 00000000
[D] 01000544 00 00 00 00 0 00 00000000 00
[F] 01000548 00000000
[D] 01000548 00 00 00 00 0 00 00000000 00
[F] 0100054c 00000000
[D] 0100054c 00 00 00 00 0 00 00000000 00
[F] 01000550 00000000
[D] 01000550 00 00 00 00 0 00 00000000 00
[F] 01000554 00000000
[D] 01000554 00 00 00 00 0 00 00000000 00
[F] 01000558 00000000
[D] 01000558 00 00 00 00 0 00 00000000 00
[F] 0100055c 00000000
[D] 0100055c 00 00 00 00 0 00 00000000 00
[F] 01000560 00000000
[D] 01000560 00 00 00 00 0 00 00000000 00
[F] 01000564 00000000
[D] 01000564 00 00 00 00 0 00 00000000 00
[F] 01000568 00000000
[D] 01000568 00 00 00 00 0 00 00000000 00
[F] 0100056c 00000000
[D] 0100056c 00 00 00 00 0 00 00000000 00
[F] 01000570 00000000
[D] 01000570 00 00 00 00 0 00 00000000 00
[F] 01000574 00000000
[D] 01000574 00 00 00 00 0 00 00000000 00
[F] 01000578 00000000
[D] 01000578 00 00 00 00 0 00 00000000 00
[F] 0100057c 00000000
[D] 0100057c 00 00 00 00 0 00 00000000 00
[F] 01000580 00000000
[D] 01000580 00 00 00 00 0 00 00000000 00
[F] 01000584 00000000
[D] 01000584 00 00 00 00 0 00 00000000 00
[F] 01000588 00000000
[D] 01000588 00 00 00 00 0 00 00000000 00
[F] 0100058c 00000000
[D] 0100058c 00 00 00 00 0 00 00000000 00
[F] 01000590 00000000
[D] 01000590 00 00 00 00 0 00 00000000 00
[F] 01000594 00000000
[D] 01000594 00 00 00 00 0 00 00000000 00
[F] 01000598 00000000
[D] 01000598 00 00 00 00 0 00 00000000 00
[F] 0100059c 00000000
[D] 0100059c 00 00 00 00 0 00 00000000 00
[F] 010005a0 00000000
[D] 010005a0 00 00 00 00 0 00 00000000 00
[F] 010005a4 00000000
[D] 010005a4 00 00 00 00 0 00 00000000 00
[F] 010005a8 00000000
[D] 010005a8 00 00 00 00 0 00 00000000 00
[F] 010005ac 00000000
[D] 010005ac 00 00 00 00 0 00 00000000 00
[F] 010005b0 00000000
[D] 010005b0 00 00 00 00 0 00 00000000 00
[F] 010005b4 00000000
[D] 010005b4 00 00 00 00 0 00 00000000 00
[F] 010005b8 00000000
[D] 010005b8 00 00 00 00 0 00 00000000 00
[F] 010005bc 00000000
[D] 010005bc 00 00 00 00 0 00 00000000 00
[F] 010005c0 00000000
[D] 010005c0 00 00 00 00 0 00 00000000 00
[F] 010005c4 00000000
[D] 010005c4 00 00 00 00 0 00 00000000 00
[F] 010005c8 00000000
[D] 010005c8 00 00 00 00 0 00 00000000 00
[F] 010005cc 00000000
[D] 010005cc 00 00 00 00 0 00 00000000 00
[F] 010005d0 00000000
[D] 010005d0 00 00 00 00 0 00 00000000 00
[F] 010005d4 00000000
[D] 010005d4 00 00 00 00 0 00 00000000 00
[F] 010005d8 00000000
[D] 010005d8 00 00 00 00 0 00 00000000 00
