[F] 01000000 800000b7
[D] 01000000 37 01 00 00 0 40 80000000 00
[F] 01000004 00000113
[D] 01000004 13 02 00 00 0 00 00000000 00
[F] 01000008 0020df33
[D] 01000008 33 1e 01 02 5 00 00000000 02
[F] 0100000c 80000eb7
[D] 0100000c 37 1d 00 00 0 40 80000000 00
[F] 01000010 00200193
[D] 01000010 13 03 00 02 0 00 00000002 02
[F] 01000014 57df1863
[D] 01000014 63 10 1e 1d 1 2b 00000570 1d
[F] 01000018 800000b7
[D] 01000018 37 01 00 00 0 40 80000000 00
[F] 0100001c 00100113
[D] 0100001c 13 02 00 01 0 00 00000001 01
[F] 01000020 0020df33
[D] 01000020 33 1e 01 02 5 00 00000000 02
[F] 01000024 40000eb7
[D] 01000024 37 1d 00 00 0 20 40000000 00
[F] 01000028 00300193
[D] 01000028 13 03 00 03 0 00 00000003 03
[F] 0100002c 55df1c63
[D] 0100002c 63 18 1e 1d 1 2a 00000558 1d
[F] 01000030 800000b7
[D] 01000030 37 01 00 00 0 40 80000000 00
[F] 01000034 00700113
[D] 01000034 13 02 00 07 0 00 00000007 07
[F] 01000038 0020df33
[D] 01000038 33 1e 01 02 5 00 00000000 02
[F] 0100003c 01000eb7
[D] 0100003c 37 1d 00 10 0 00 01000000 10
[F] 01000040 00400193
[D] 01000040 13 03 00 04 0 00 00000004 04
[F] 01000044 55df1063
[D] 01000044 63 00 1e 1d 1 2a 00000540 1d
[F] 01000048 800000b7
[D] 01000048 37 01 00 00 0 40 80000000 00
[F] 0100004c 00e00113
[D] 0100004c 13 02 00 0e 0 00 0000000e 0e
[F] 01000050 0020df33
[D] 01000050 33 1e 01 02 5 00 00000000 02
[F] 01000054 00020eb7
[D] 01000054 37 1d 00 00 0 00 00020000 00
[F] 01000058 00500193
[D] 01000058 13 03 00 05 0 00 00000005 05
[F] 0100005c 53df1463
[D] 0100005c 63 08 1e 1d 1 29 00000528 1d
[F] 01000060 800000b7
[D] 01000060 37 01 00 00 0 40 80000000 00
[F] 01000064 00108093
[D] 01000064 13 01 01 01 0 00 00000001 01
[F] 01000068 01f00113
[D] 01000068 13 02 00 1f 0 00 0000001f 1f
[F] 0100006c 0020df33
[D] 0100006c 33 1e 01 02 5 00 00000000 02
[F] 01000070 00100e93
[D] 01000070 13 1d 00 01 0 00 00000001 01
[F] 01000074 00600193
[D] 01000074 13 03 00 06 0 00 00000006 06
[F] 01000078 51df1663
[D] 01000078 63 0c 1e 1d 1 28 0000050c 1d
[F] 0100007c fff00093
[D] 0100007c 13 01 00 1f 0 7f ffffffff 1f
[F] 01000080 00000113
[D] 01000080 13 02 00 00 0 00 00000000 00
[F] 01000084 0020df33
[D] 01000084 33 1e 01 02 5 00 00000000 02
[F] 01000088 fff00e93
[D] 01000088 13 1d 00 1f 0 7f ffffffff 1f
[F] 0100008c 00700193
[D] 0100008c 13 03 00 07 0 00 00000007 07
[F] 01000090 4fdf1a63
[D] 01000090 63 14 1e 1d 1 27 000004f4 1d
[F] 01000094 fff00093
[D] 01000094 13 01 00 1f 0 7f ffffffff 1f
[F] 01000098 00100113
[D] 01000098 13 02 00 01 0 00 00000001 01
[F] 0100009c 0020df33
[D] 0100009c 33 1e 01 02 5 00 00000000 02
[F] 010000a0 80000eb7
[D] 010000a0 37 1d 00 00 0 40 80000000 00
[F] 010000a4 fffe8e93
[D] 010000a4 13 1d 1d 1f 0 7f ffffffff 1f
[F] 010000a8 00800193
[D] 010000a8 13 03 00 08 0 00 00000008 08
[F] 010000ac 4ddf1c63
[D] 010000ac 63 18 1e 1d 1 26 000004d8 1d
[F] 010000b0 fff00093
[D] 010000b0 13 01 00 1f 0 7f ffffffff 1f
[F] 010000b4 00700113
[D] 010000b4 13 02 00 07 0 00 00000007 07
[F] 010000b8 0020df33
[D] 010000b8 33 1e 01 02 5 00 00000000 02
[F] 010000bc 02000eb7
[D] 010000bc 37 1d 00 00 0 01 02000000 00
[F] 010000c0 fffe8e93
[D] 010000c0 13 1d 1d 1f 0 7f ffffffff 1f
[F] 010000c4 00900193
[D] 010000c4 13 03 00 09 0 00 00000009 09
[F] 010000c8 4bdf1e63
[D] 010000c8 63 1c 1e 1d 1 25 000004bc 1d
[F] 010000cc fff00093
[D] 010000cc 13 01 00 1f 0 7f ffffffff 1f
[F] 010000d0 00e00113
[D] 010000d0 13 02 00 0e 0 00 0000000e 0e
[F] 010000d4 0020df33
[D] 010000d4 33 1e 01 02 5 00 00000000 02
[F] 010000d8 00040eb7
[D] 010000d8 37 1d 00 00 0 00 00040000 00
[F] 010000dc fffe8e93
[D] 010000dc 13 1d 1d 1f 0 7f ffffffff 1f
[F] 010000e0 00a00193
[D] 010000e0 13 03 00 0a 0 00 0000000a 0a
[F] 010000e4 4bdf1063
[D] 010000e4 63 00 1e 1d 1 25 000004a0 1d
[F] 010000e8 fff00093
[D] 010000e8 13 01 00 1f 0 7f ffffffff 1f
[F] 010000ec 01f00113
[D] 010000ec 13 02 00 1f 0 00 0000001f 1f
[F] 010000f0 0020df33
[D] 010000f0 33 1e 01 02 5 00 00000000 02
[F] 010000f4 00100e93
[D] 010000f4 13 1d 00 01 0 00 00000001 01
[F] 010000f8 00b00193
[D] 010000f8 13 03 00 0b 0 00 0000000b 0b
[F] 010000fc 49df1463
[D] 010000fc 63 08 1e 1d 1 24 00000488 1d
[F] 01000100 212120b7
[D] 01000100 37 01 00 12 2 10 21212000 12
[F] 01000104 12108093
[D] 01000104 13 01 01 01 0 09 00000121 01
[F] 01000108 00000113
[D] 01000108 13 02 00 00 0 00 00000000 00
[F] 0100010c 0020df33
[D] 0100010c 33 1e 01 02 5 00 00000000 02
[F] 01000110 21212eb7
[D] 01000110 37 1d 00 12 2 10 21212000 12
[F] 01000114 121e8e93
[D] 01000114 13 1d 1d 01 0 09 00000121 01
[F] 01000118 00c00193
[D] 01000118 13 03 00 0c 0 00 0000000c 0c
[F] 0100011c 47df1463
[D] 0100011c 63 08 1e 1d 1 23 00000468 1d
[F] 01000120 212120b7
[D] 01000120 37 01 00 12 2 10 21212000 12
[F] 01000124 12108093
[D] 01000124 13 01 01 01 0 09 00000121 01
[F] 01000128 00100113
[D] 01000128 13 02 00 01 0 00 00000001 01
[F] 0100012c 0020df33
[D] 0100012c 33 1e 01 02 5 00 00000000 02
[F] 01000130 10909eb7
[D] 01000130 37 1d 00 09 1 08 10909000 09
[F] 01000134 090e8e93
[D] 01000134 13 1d 1d 10 0 04 00000090 10
[F] 01000138 00d00193
[D] 01000138 13 03 00 0d 0 00 0000000d 0d
[F] 0100013c 45df1463
[D] 0100013c 63 08 1e 1d 1 22 00000448 1d
[F] 01000140 212120b7
[D] 01000140 37 01 00 12 2 10 21212000 12
[F] 01000144 12108093
[D] 01000144 13 01 01 01 0 09 00000121 01
[F] 01000148 00700113
[D] 01000148 13 02 00 07 0 00 00000007 07
[F] 0100014c 0020df33
[D] 0100014c 33 1e 01 02 5 00 00000000 02
[F] 01000150 00424eb7
[D] 01000150 37 1d 00 04 4 00 00424000 04
[F] 01000154 242e8e93
[D] 01000154 13 1d 1d 02 0 12 00000242 02
[F] 01000158 00e00193
[D] 01000158 13 03 00 0e 0 00 0000000e 0e
[F] 0100015c 43df1463
[D] 0100015c 63 08 1e 1d 1 21 00000428 1d
[F] 01000160 212120b7
[D] 01000160 37 01 00 12 2 10 21212000 12
[F] 01000164 12108093
[D] 01000164 13 01 01 01 0 09 00000121 01
[F] 01000168 00e00113
[D] 01000168 13 02 00 0e 0 00 0000000e 0e
[F] 0100016c 0020df33
[D] 0100016c 33 1e 01 02 5 00 00000000 02
[F] 01000170 00008eb7
[D] 01000170 37 1d 00 00 0 00 00008000 00
[F] 01000174 484e8e93
[D] 01000174 13 1d 1d 04 0 24 00000484 04
[F] 01000178 00f00193
[D] 01000178 13 03 00 0f 0 00 0000000f 0f
[F] 0100017c 41df1463
[D] 0100017c 63 08 1e 1d 1 20 00000408 1d
[F] 01000180 212120b7
[D] 01000180 37 01 00 12 2 10 21212000 12
[F] 01000184 12108093
[D] 01000184 13 01 01 01 0 09 00000121 01
[F] 01000188 01f00113
[D] 01000188 13 02 00 1f 0 00 0000001f 1f
[F] 0100018c 0020df33
[D] 0100018c 33 1e 01 02 5 00 00000000 02
[F] 01000190 00000e93
[D] 01000190 13 1d 00 00 0 00 00000000 00
[F] 01000194 01000193
[D] 01000194 13 03 00 10 0 00 00000010 10
[F] 01000198 3fdf1663
[D] 01000198 63 0c 1e 1d 1 1f 000003ec 1d
[F] 0100019c 212120b7
[D] 0100019c 37 01 00 12 2 10 21212000 12
[F] 010001a0 12108093
[D] 010001a0 13 01 01 01 0 09 00000121 01
[F] 010001a4 fc000113
[D] 010001a4 13 02 00 00 0 7e ffffffc0 00
[F] 010001a8 0020df33
[D] 010001a8 33 1e 01 02 5 00 00000000 02
[F] 010001ac 21212eb7
[D] 010001ac 37 1d 00 12 2 10 21212000 12
[F] 010001b0 121e8e93
[D] 010001b0 13 1d 1d 01 0 09 00000121 01
[F] 010001b4 01100193
[D] 010001b4 13 03 00 11 0 00 00000011 11
[F] 010001b8 3ddf1663
[D] 010001b8 63 0c 1e 1d 1 1e 000003cc 1d
[F] 010001bc 212120b7
[D] 010001bc 37 01 00 12 2 10 21212000 12
[F] 010001c0 12108093
[D] 010001c0 13 01 01 01 0 09 00000121 01
[F] 010001c4 fc100113
[D] 010001c4 13 02 00 01 0 7e ffffffc1 01
[F] 010001c8 0020df33
[D] 010001c8 33 1e 01 02 5 00 00000000 02
[F] 010001cc 10909eb7
[D] 010001cc 37 1d 00 09 1 08 10909000 09
[F] 010001d0 090e8e93
[D] 010001d0 13 1d 1d 10 0 04 00000090 10
[F] 010001d4 01200193
[D] 010001d4 13 03 00 12 0 00 00000012 12
[F] 010001d8 3bdf1663
[D] 010001d8 63 0c 1e 1d 1 1d 000003ac 1d
[F] 010001dc 212120b7
[D] 010001dc 37 01 00 12 2 10 21212000 12
[F] 010001e0 12108093
[D] 010001e0 13 01 01 01 0 09 00000121 01
[F] 010001e4 fc700113
[D] 010001e4 13 02 00 07 0 7e ffffffc7 07
[F] 010001e8 0020df33
[D] 010001e8 33 1e 01 02 5 00 00000000 02
[F] 010001ec 00424eb7
[D] 010001ec 37 1d 00 04 4 00 00424000 04
[F] 010001f0 242e8e93
[D] 010001f0 13 1d 1d 02 0 12 00000242 02
[F] 010001f4 01300193
[D] 010001f4 13 03 00 13 0 00 00000013 13
[F] 010001f8 39df1663
[D] 010001f8 63 0c 1e 1d 1 1c 0000038c 1d
[F] 010001fc 212120b7
[D] 010001fc 37 01 00 12 2 10 21212000 12
[F] 01000200 12108093
[D] 01000200 13 01 01 01 0 09 00000121 01
[F] 01000204 fce00113
[D] 01000204 13 02 00 0e 0 7e ffffffce 0e
[F] 01000208 0020df33
[D] 01000208 33 1e 01 02 5 00 00000000 02
[F] 0100020c 00008eb7
[D] 0100020c 37 1d 00 00 0 00 00008000 00
[F] 01000210 484e8e93
[D] 01000210 13 1d 1d 04 0 24 00000484 04
[F] 01000214 01400193
[D] 01000214 13 03 00 14 0 00 00000014 14
[F] 01000218 37df1663
[D] 01000218 63 0c 1e 1d 1 1b 0000036c 1d
[F] 0100021c 212120b7
[D] 0100021c 37 01 00 12 2 10 21212000 12
[F] 01000220 12108093
[D] 01000220 13 01 01 01 0 09 00000121 01
[F] 01000224 fff00113
[D] 01000224 13 02 00 1f 0 7f ffffffff 1f
[F] 01000228 0020df33
[D] 01000228 33 1e 01 02 5 00 00000000 02
[F] 0100022c 00000e93
[D] 0100022c 13 1d 00 00 0 00 00000000 00
[F] 01000230 01500193
[D] 01000230 13 03 00 15 0 00 00000015 15
[F] 01000234 35df1863
[D] 01000234 63 10 1e 1d 1 1a 00000350 1d
[F] 01000238 800000b7
[D] 01000238 37 01 00 00 0 40 80000000 00
[F] 0100023c 00700113
[D] 0100023c 13 02 00 07 0 00 00000007 07
[F] 01000240 0020d0b3
[D] 01000240 33 01 01 02 5 00 00000000 02
[F] 01000244 01000eb7
[D] 01000244 37 1d 00 10 0 00 01000000 10
[F] 01000248 01600193
[D] 01000248 13 03 00 16 0 00 00000016 16
[F] 0100024c 33d09c63
[D] 0100024c 63 18 01 1d 1 19 00000338 1d
[F] 01000250 800000b7
[D] 01000250 37 01 00 00 0 40 80000000 00
[F] 01000254 00e00113
[D] 01000254 13 02 00 0e 0 00 0000000e 0e
[F] 01000258 0020d133
[D] 01000258 33 02 01 02 5 00 00000000 02
[F] 0100025c 00020eb7
[D] 0100025c 37 1d 00 00 0 00 00020000 00
[F] 01000260 01700193
[D] 01000260 13 03 00 17 0 00 00000017 17
[F] 01000264 33d11063
[D] 01000264 63 00 02 1d 1 19 00000320 1d
[F] 01000268 00700093
[D] 01000268 13 01 00 07 0 00 00000007 07
[F] 0100026c 0010d0b3
[D] 0100026c 33 01 01 01 5 00 00000000 01
[F] 01000270 00000e93
[D] 01000270 13 1d 00 00 0 00 00000000 00
[F] 01000274 01800193
[D] 01000274 13 03 00 18 0 00 00000018 18
[F] 01000278 31d09663
[D] 01000278 63 0c 01 1d 1 18 0000030c 1d
[F] 0100027c 00000213
[D] 0100027c 13 04 00 00 0 00 00000000 00
[F] 01000280 800000b7
[D] 01000280 37 01 00 00 0 40 80000000 00
[F] 01000284 00700113
[D] 01000284 13 02 00 07 0 00 00000007 07
[F] 01000288 0020df33
[D] 01000288 33 1e 01 02 5 00 00000000 02
[F] 0100028c 000f0313
[D] 0100028c 13 06 1e 00 0 00 00000000 00
[F] 01000290 00120213
[D] 01000290 13 04 04 01 0 00 00000001 01
[F] 01000294 00200293
[D] 01000294 13 05 00 02 0 00 00000002 02
[F] 01000298 fe5214e3
[D] 01000298 63 09 04 05 1 7f ffffffe8 05
[F] 0100029c 01000eb7
[D] 0100029c 37 1d 00 10 0 00 01000000 10
[F] 010002a0 01900193
[D] 010002a0 13 03 00 19 0 00 00000019 19
[F] 010002a4 2fd31063
[D] 010002a4 63 00 06 1d 1 17 000002e0 1d
[F] 010002a8 00000213
[D] 010002a8 13 04 00 00 0 00 00000000 00
[F] 010002ac 800000b7
[D] 010002ac 37 01 00 00 0 40 80000000 00
[F] 010002b0 00e00113
[D] 010002b0 13 02 00 0e 0 00 0000000e 0e
[F] 010002b4 0020df33
[D] 010002b4 33 1e 01 02 5 00 00000000 02
[F] 010002b8 00000013
[D] 010002b8 13 00 00 00 0 00 00000000 00
[F] 010002bc 000f0313
[D] 010002bc 13 06 1e 00 0 00 00000000 00
[F] 010002c0 00120213
[D] 010002c0 13 04 04 01 0 00 00000001 01
[F] 010002c4 00200293
[D] 010002c4 13 05 00 02 0 00 00000002 02
[F] 010002c8 fe5212e3
[D] 010002c8 63 05 04 05 1 7f ffffffe4 05
[F] 010002cc 00020eb7
[D] 010002cc 37 1d 00 00 0 00 00020000 00
[F] 010002d0 01a00193
[D] 010002d0 13 03 00 1a 0 00 0000001a 1a
[F] 010002d4 2bd31863
[D] 010002d4 63 10 06 1d 1 15 000002b0 1d
[F] 010002d8 00000213
[D] 010002d8 13 04 00 00 0 00 00000000 00
[F] 010002dc 800000b7
[D] 010002dc 37 01 00 00 0 40 80000000 00
[F] 010002e0 01f00113
[D] 010002e0 13 02 00 1f 0 00 0000001f 1f
[F] 010002e4 0020df33
[D] 010002e4 33 1e 01 02 5 00 00000000 02
[F] 010002e8 00000013
[D] 010002e8 13 00 00 00 0 00 00000000 00
[F] 010002ec 00000013
[D] 010002ec 13 00 00 00 0 00 00000000 00
[F] 010002f0 000f0313
[D] 010002f0 13 06 1e 00 0 00 00000000 00
[F] 010002f4 00120213
[D] 010002f4 13 04 04 01 0 00 00000001 01
[F] 010002f8 00200293
[D] 010002f8 13 05 00 02 0 00 00000002 02
[F] 010002fc fe5210e3
[D] 010002fc 63 01 04 05 1 7f ffffffe0 05
[F] 01000300 00100e93
[D] 01000300 13 1d 00 01 0 00 00000001 01
[F] 01000304 01b00193
[D] 01000304 13 03 00 1b 0 00 0000001b 1b
[F] 01000308 27d31e63
[D] 01000308 63 1c 06 1d 1 13 0000027c 1d
[F] 0100030c 00000213
[D] 0100030c 13 04 00 00 0 00 00000000 00
[F] 01000310 800000b7
[D] 01000310 37 01 00 00 0 40 80000000 00
[F] 01000314 00700113
[D] 01000314 13 02 00 07 0 00 00000007 07
[F] 01000318 0020df33
[D] 01000318 33 1e 01 02 5 00 00000000 02
[F] 0100031c 00120213
[D] 0100031c 13 04 04 01 0 00 00000001 01
[F] 01000320 00200293
[D] 01000320 13 05 00 02 0 00 00000002 02
[F] 01000324 fe5216e3
[D] 01000324 63 0d 04 05 1 7f ffffffec 05
[F] 01000328 01000eb7
[D] 01000328 37 1d 00 10 0 00 01000000 10
[F] 0100032c 01c00193
[D] 0100032c 13 03 00 1c 0 00 0000001c 1c
[F] 01000330 25df1a63
[D] 01000330 63 14 1e 1d 1 12 00000254 1d
[F] 01000334 00000213
[D] 01000334 13 04 00 00 0 00 00000000 00
[F] 01000338 800000b7
[D] 01000338 37 01 00 00 0 40 80000000 00
[F] 0100033c 00e00113
[D] 0100033c 13 02 00 0e 0 00 0000000e 0e
[F] 01000340 00000013
[D] 01000340 13 00 00 00 0 00 00000000 00
[F] 01000344 0020df33
[D] 01000344 33 1e 01 02 5 00 00000000 02
[F] 01000348 00120213
[D] 01000348 13 04 04 01 0 00 00000001 01
[F] 0100034c 00200293
[D] 0100034c 13 05 00 02 0 00 00000002 02
[F] 01000350 fe5214e3
[D] 01000350 63 09 04 05 1 7f ffffffe8 05
[F] 01000354 00020eb7
[D] 01000354 37 1d 00 00 0 00 00020000 00
[F] 01000358 01d00193
[D] 01000358 13 03 00 1d 0 00 0000001d 1d
[F] 0100035c 23df1463
[D] 0100035c 63 08 1e 1d 1 11 00000228 1d
[F] 01000360 00000213
[D] 01000360 13 04 00 00 0 00 00000000 00
[F] 01000364 800000b7
[D] 01000364 37 01 00 00 0 40 80000000 00
[F] 01000368 01f00113
[D] 01000368 13 02 00 1f 0 00 0000001f 1f
[F] 0100036c 00000013
[D] 0100036c 13 00 00 00 0 00 00000000 00
[F] 01000370 00000013
[D] 01000370 13 00 00 00 0 00 00000000 00
[F] 01000374 0020df33
[D] 01000374 33 1e 01 02 5 00 00000000 02
[F] 01000378 00120213
[D] 01000378 13 04 04 01 0 00 00000001 01
[F] 0100037c 00200293
[D] 0100037c 13 05 00 02 0 00 00000002 02
[F] 01000380 fe5212e3
[D] 01000380 63 05 04 05 1 7f ffffffe4 05
[F] 01000384 00100e93
[D] 01000384 13 1d 00 01 0 00 00000001 01
[F] 01000388 01e00193
[D] 01000388 13 03 00 1e 0 00 0000001e 1e
[F] 0100038c 1fdf1c63
[D] 0100038c 63 18 1e 1d 1 0f 000001f8 1d
[F] 01000390 00000213
[D] 01000390 13 04 00 00 0 00 00000000 00
[F] 01000394 800000b7
[D] 01000394 37 01 00 00 0 40 80000000 00
[F] 01000398 00000013
[D] 01000398 13 00 00 00 0 00 00000000 00
[F] 0100039c 00700113
[D] 0100039c 13 02 00 07 0 00 00000007 07
[F] 010003a0 0020df33
[D] 010003a0 33 1e 01 02 5 00 00000000 02
[F] 010003a4 00120213
[D] 010003a4 13 04 04 01 0 00 00000001 01
[F] 010003a8 00200293
[D] 010003a8 13 05 00 02 0 00 00000002 02
[F] 010003ac fe5214e3
[D] 010003ac 63 09 04 05 1 7f ffffffe8 05
[F] 010003b0 01000eb7
[D] 010003b0 37 1d 00 10 0 00 01000000 10
[F] 010003b4 01f00193
[D] 010003b4 13 03 00 1f 0 00 0000001f 1f
[F] 010003b8 1ddf1663
[D] 010003b8 63 0c 1e 1d 1 0e 000001cc 1d
[F] 010003bc 00000213
[D] 010003bc 13 04 00 00 0 00 00000000 00
[F] 010003c0 800000b7
[D] 010003c0 37 01 00 00 0 40 80000000 00
[F] 010003c4 00000013
[D] 010003c4 13 00 00 00 0 00 00000000 00
[F] 010003c8 00e00113
[D] 010003c8 13 02 00 0e 0 00 0000000e 0e
[F] 010003cc 00000013
[D] 010003cc 13 00 00 00 0 00 00000000 00
[F] 010003d0 0020df33
[D] 010003d0 33 1e 01 02 5 00 00000000 02
[F] 010003d4 00120213
[D] 010003d4 13 04 04 01 0 00 00000001 01
[F] 010003d8 00200293
[D] 010003d8 13 05 00 02 0 00 00000002 02
[F] 010003dc fe5212e3
[D] 010003dc 63 05 04 05 1 7f ffffffe4 05
[F] 010003e0 00020eb7
[D] 010003e0 37 1d 00 00 0 00 00020000 00
[F] 010003e4 02000193
[D] 010003e4 13 03 00 00 0 01 00000020 00
[F] 010003e8 19df1e63
[D] 010003e8 63 1c 1e 1d 1 0c 0000019c 1d
[F] 010003ec 00000213
[D] 010003ec 13 04 00 00 0 00 00000000 00
[F] 010003f0 800000b7
[D] 010003f0 37 01 00 00 0 40 80000000 00
[F] 010003f4 00000013
[D] 010003f4 13 00 00 00 0 00 00000000 00
[F] 010003f8 00000013
[D] 010003f8 13 00 00 00 0 00 00000000 00
[F] 010003fc 01f00113
[D] 010003fc 13 02 00 1f 0 00 0000001f 1f
[F] 01000400 0020df33
[D] 01000400 33 1e 01 02 5 00 00000000 02
[F] 01000404 00120213
[D] 01000404 13 04 04 01 0 00 00000001 01
[F] 01000408 00200293
[D] 01000408 13 05 00 02 0 00 00000002 02
[F] 0100040c fe5212e3
[D] 0100040c 63 05 04 05 1 7f ffffffe4 05
[F] 01000410 00100e93
[D] 01000410 13 1d 00 01 0 00 00000001 01
[F] 01000414 02100193
[D] 01000414 13 03 00 01 0 01 00000021 01
[F] 01000418 17df1663
[D] 01000418 63 0c 1e 1d 1 0b 0000016c 1d
[F] 0100041c 00000213
[D] 0100041c 13 04 00 00 0 00 00000000 00
[F] 01000420 00700113
[D] 01000420 13 02 00 07 0 00 00000007 07
[F] 01000424 800000b7
[D] 01000424 37 01 00 00 0 40 80000000 00
[F] 01000428 0020df33
[D] 01000428 33 1e 01 02 5 00 00000000 02
[F] 0100042c 00120213
[D] 0100042c 13 04 04 01 0 00 00000001 01
[F] 01000430 00200293
[D] 01000430 13 05 00 02 0 00 00000002 02
[F] 01000434 fe5216e3
[D] 01000434 63 0d 04 05 1 7f ffffffec 05
[F] 01000438 01000eb7
[D] 01000438 37 1d 00 10 0 00 01000000 10
[F] 0100043c 02200193
[D] 0100043c 13 03 00 02 0 01 00000022 02
[F] 01000440 15df1263
[D] 01000440 63 04 1e 1d 1 0a 00000144 1d
[F] 01000444 00000213
[D] 01000444 13 04 00 00 0 00 00000000 00
[F] 01000448 00e00113
[D] 01000448 13 02 00 0e 0 00 0000000e 0e
[F] 0100044c 800000b7
[D] 0100044c 37 01 00 00 0 40 80000000 00
[F] 01000450 00000013
[D] 01000450 13 00 00 00 0 00 00000000 00
[F] 01000454 0020df33
[D] 01000454 33 1e 01 02 5 00 00000000 02
[F] 01000458 00120213
[D] 01000458 13 04 04 01 0 00 00000001 01
[F] 0100045c 00200293
[D] 0100045c 13 05 00 02 0 00 00000002 02
[F] 01000460 fe5214e3
[D] 01000460 63 09 04 05 1 7f ffffffe8 05
[F] 01000464 00020eb7
[D] 01000464 37 1d 00 00 0 00 00020000 00
[F] 01000468 02300193
[D] 01000468 13 03 00 03 0 01 00000023 03
[F] 0100046c 11df1c63
[D] 0100046c 63 18 1e 1d 1 08 00000118 1d
[F] 01000470 00000213
[D] 01000470 13 04 00 00 0 00 00000000 00
[F] 01000474 01f00113
[D] 01000474 13 02 00 1f 0 00 0000001f 1f
[F] 01000478 800000b7
[D] 01000478 37 01 00 00 0 40 80000000 00
[F] 0100047c 00000013
[D] 0100047c 13 00 00 00 0 00 00000000 00
[F] 01000480 00000013
[D] 01000480 13 00 00 00 0 00 00000000 00
[F] 01000484 0020df33
[D] 01000484 33 1e 01 02 5 00 00000000 02
[F] 01000488 00120213
[D] 01000488 13 04 04 01 0 00 00000001 01
[F] 0100048c 00200293
[D] 0100048c 13 05 00 02 0 00 00000002 02
[F] 01000490 fe5212e3
[D] 01000490 63 05 04 05 1 7f ffffffe4 05
[F] 01000494 00100e93
[D] 01000494 13 1d 00 01 0 00 00000001 01
[F] 01000498 02400193
[D] 01000498 13 03 00 04 0 01 00000024 04
[F] 0100049c 0fdf1463
[D] 0100049c 63 08 1e 1d 1 07 000000e8 1d
[F] 010004a0 00000213
[D] 010004a0 13 04 00 00 0 00 00000000 00
[F] 010004a4 00700113
[D] 010004a4 13 02 00 07 0 00 00000007 07
[F] 010004a8 00000013
[D] 010004a8 13 00 00 00 0 00 00000000 00
[F] 010004ac 800000b7
[D] 010004ac 37 01 00 00 0 40 80000000 00
[F] 010004b0 0020df33
[D] 010004b0 33 1e 01 02 5 00 00000000 02
[F] 010004b4 00120213
[D] 010004b4 13 04 04 01 0 00 00000001 01
[F] 010004b8 00200293
[D] 010004b8 13 05 00 02 0 00 00000002 02
[F] 010004bc fe5214e3
[D] 010004bc 63 09 04 05 1 7f ffffffe8 05
[F] 010004c0 01000eb7
[D] 010004c0 37 1d 00 10 0 00 01000000 10
[F] 010004c4 02500193
[D] 010004c4 13 03 00 05 0 01 00000025 05
[F] 010004c8 0bdf1e63
[D] 010004c8 63 1c 1e 1d 1 05 000000bc 1d
[F] 010004cc 00000213
[D] 010004cc 13 04 00 00 0 00 00000000 00
[F] 010004d0 00e00113
[D] 010004d0 13 02 00 0e 0 00 0000000e 0e
[F] 010004d4 00000013
[D] 010004d4 13 00 00 00 0 00 00000000 00
[F] 010004d8 800000b7
[D] 010004d8 37 01 00 00 0 40 80000000 00
[F] 010004dc 00000013
[D] 010004dc 13 00 00 00 0 00 00000000 00
[F] 010004e0 0020df33
[D] 010004e0 33 1e 01 02 5 00 00000000 02
[F] 010004e4 00120213
[D] 010004e4 13 04 04 01 0 00 00000001 01
[F] 010004e8 00200293
[D] 010004e8 13 05 00 02 0 00 00000002 02
[F] 010004ec fe5212e3
[D] 010004ec 63 05 04 05 1 7f ffffffe4 05
[F] 010004f0 00020eb7
[D] 010004f0 37 1d 00 00 0 00 00020000 00
[F] 010004f4 02600193
[D] 010004f4 13 03 00 06 0 01 00000026 06
[F] 010004f8 09df1663
[D] 010004f8 63 0c 1e 1d 1 04 0000008c 1d
[F] 010004fc 00000213
[D] 010004fc 13 04 00 00 0 00 00000000 00
[F] 01000500 01f00113
[D] 01000500 13 02 00 1f 0 00 0000001f 1f
[F] 01000504 00000013
[D] 01000504 13 00 00 00 0 00 00000000 00
[F] 01000508 00000013
[D] 01000508 13 00 00 00 0 00 00000000 00
[F] 0100050c 800000b7
[D] 0100050c 37 01 00 00 0 40 80000000 00
[F] 01000510 0020df33
[D] 01000510 33 1e 01 02 5 00 00000000 02
[F] 01000514 00120213
[D] 01000514 13 04 04 01 0 00 00000001 01
[F] 01000518 00200293
[D] 01000518 13 05 00 02 0 00 00000002 02
[F] 0100051c fe5212e3
[D] 0100051c 63 05 04 05 1 7f ffffffe4 05
[F] 01000520 00100e93
[D] 01000520 13 1d 00 01 0 00 00000001 01
[F] 01000524 02700193
[D] 01000524 13 03 00 07 0 01 00000027 07
[F] 01000528 05df1e63
[D] 01000528 63 1c 1e 1d 1 02 0000005c 1d
[F] 0100052c 00f00093
[D] 0100052c 13 01 00 0f 0 00 0000000f 0f
[F] 01000530 00105133
[D] 01000530 33 02 00 01 5 00 00000000 01
[F] 01000534 00000e93
[D] 01000534 13 1d 00 00 0 00 00000000 00
[F] 01000538 02800193
[D] 01000538 13 03 00 08 0 01 00000028 08
[F] 0100053c 05d11463
[D] 0100053c 63 08 02 1d 1 02 00000048 1d
[F] 01000540 02000093
[D] 01000540 13 01 00 00 0 01 00000020 00
[F] 01000544 0000d133
[D] 01000544 33 02 01 00 5 00 00000000 00
[F] 01000548 02000e93
[D] 01000548 13 1d 00 00 0 01 00000020 00
[F] 0100054c 02900193
[D] 0100054c 13 03 00 09 0 01 00000029 09
[F] 01000550 03d11a63
[D] 01000550 63 14 02 1d 1 01 00000034 1d
[F] 01000554 000050b3
[D] 01000554 33 01 00 00 5 00 00000000 00
[F] 01000558 00000e93
[D] 01000558 13 1d 00 00 0 00 00000000 00
[F] 0100055c 02a00193
[D] 0100055c 13 03 00 0a 0 01 0000002a 0a
[F] 01000560 03d09263
[D] 01000560 63 04 01 1d 1 01 00000024 1d
[F] 01000564 40000093
[D] 01000564 13 01 00 00 0 20 00000400 00
[F] 01000568 00001137
[D] 01000568 37 02 00 00 1 00 00001000 00
[F] 0100056c 80010113
[D] 0100056c 13 02 02 00 0 40 fffff800 00
[F] 01000570 0020d033
[D] 01000570 33 00 01 02 5 00 00000000 02
[F] 01000574 00000e93
[D] 01000574 13 1d 00 00 0 00 00000000 00
[F] 01000578 02b00193
[D] 01000578 13 03 00 0b 0 01 0000002b 0b
[F] 0100057c 01d01463
[D] 0100057c 63 08 00 1d 1 00 00000008 1d
[F] 01000580 00301c63
[D] 01000580 63 18 00 03 1 00 00000018 03
[F] 01000584 0ff0000f
[D] 01000584 0f 00 00 1f 0 07 00000000 1f
[F] 01000588 00018063
[D] 01000588 63 00 03 00 0 00 00000000 00
[F] 0100058c 00119193
[D] 0100058c 13 03 03 01 1 00 00000001 01
[F] 01000590 0011e193
[D] 01000590 13 03 03 01 6 00 00000001 01
[F] 01000594 00000073
[D] 01000594 73 00 00 00 0 00 00000000 00
[F] 01000598 0ff0000f
[D] 01000598 0f 00 00 1f 0 07 00000000 1f
[F] 0100059c 00100193
[D] 0100059c 13 03 00 01 0 00 00000001 01
[F] 010005a0 00000073
[D] 010005a0 73 00 00 00 0 00 00000000 00
[F] 010005a4 c0001073
[D] 010005a4 73 00 00 00 1 60 00000000 00
[F] 010005a8 00000000
[D] 010005a8 00 00 00 00 0 00 00000000 00
[F] 010005ac 00000000
[D] 010005ac 00 00 00 00 0 00 00000000 00
[F] 010005b0 00000000
[D] 010005b0 00 00 00 00 0 00 00000000 00
[F] 010005b4 00000000
[D] 010005b4 00 00 00 00 0 00 00000000 00
[F] 010005b8 00000000
[D] 010005b8 00 00 00 00 0 00 00000000 00
[F] 010005bc 00000000
[D] 010005bc 00 00 00 00 0 00 00000000 00
[F] 010005c0 00000000
[D] 010005c0 00 00 00 00 0 00 00000000 00
[F] 010005c4 00000000
[D] 010005c4 00 00 00 00 0 00 00000000 00
[F] 010005c8 00000000
[D] 010005c8 00 00 00 00 0 00 00000000 00
[F] 010005cc 00000000
[D] 010005cc 00 00 00 00 0 00 00000000 00
[F] 010005d0 00000000
[D] 010005d0 00 00 00 00 0 00 00000000 00
[F] 010005d4 00000000
[D] 010005d4 00 00 00 00 0 00 00000000 00
[F] 010005d8 00000000
[D] 010005d8 00 00 00 00 0 00 00000000 00
