[F] 01000000 800000b7
[D] 01000000 37 01 00 00 0 40 80000000 00
[F] 01000004 00000113
[D] 01000004 13 02 00 00 0 00 00000000 00
[F] 01000008 4020df33
[D] 01000008 33 1e 01 02 5 20 00000000 02
[F] 0100000c 80000eb7
[D] 0100000c 37 1d 00 00 0 40 80000000 00
[F] 01000010 00200193
[D] 01000010 13 03 00 02 0 00 00000002 02
[F] 01000014 59df1463
[D] 01000014 63 08 1e 1d 1 2c 00000588 1d
[F] 01000018 800000b7
[D] 01000018 37 01 00 00 0 40 80000000 00
[F] 0100001c 00100113
[D] 0100001c 13 02 00 01 0 00 00000001 01
[F] 01000020 4020df33
[D] 01000020 33 1e 01 02 5 20 00000000 02
[F] 01000024 c0000eb7
[D] 01000024 37 1d 00 00 0 60 c0000000 00
[F] 01000028 00300193
[D] 01000028 13 03 00 03 0 00 00000003 03
[F] 0100002c 57df1863
[D] 0100002c 63 10 1e 1d 1 2b 00000570 1d
[F] 01000030 800000b7
[D] 01000030 37 01 00 00 0 40 80000000 00
[F] 01000034 00700113
[D] 01000034 13 02 00 07 0 00 00000007 07
[F] 01000038 4020df33
[D] 01000038 33 1e 01 02 5 20 00000000 02
[F] 0100003c ff000eb7
[D] 0100003c 37 1d 00 10 0 7f ff000000 10
[F] 01000040 00400193
[D] 01000040 13 03 00 04 0 00 00000004 04
[F] 01000044 55df1c63
[D] 01000044 63 18 1e 1d 1 2a 00000558 1d
[F] 01000048 800000b7
[D] 01000048 37 01 00 00 0 40 80000000 00
[F] 0100004c 00e00113
[D] 0100004c 13 02 00 0e 0 00 0000000e 0e
[F] 01000050 4020df33
[D] 01000050 33 1e 01 02 5 20 00000000 02
[F] 01000054 fffe0eb7
[D] 01000054 37 1d 00 1f 0 7f fffe0000 1f
[F] 01000058 00500193
[D] 01000058 13 03 00 05 0 00 00000005 05
[F] 0100005c 55df1063
[D] 0100005c 63 00 1e 1d 1 2a 00000540 1d
[F] 01000060 800000b7
[D] 01000060 37 01 00 00 0 40 80000000 00
[F] 01000064 00108093
[D] 01000064 13 01 01 01 0 00 00000001 01
[F] 01000068 01f00113
[D] 01000068 13 02 00 1f 0 00 0000001f 1f
[F] 0100006c 4020df33
[D] 0100006c 33 1e 01 02 5 20 00000000 02
[F] 01000070 fff00e93
[D] 01000070 13 1d 00 1f 0 7f ffffffff 1f
[F] 01000074 00600193
[D] 01000074 13 03 00 06 0 00 00000006 06
[F] 01000078 53df1263
[D] 01000078 63 04 1e 1d 1 29 00000524 1d
[F] 0100007c 800000b7
[D] 0100007c 37 01 00 00 0 40 80000000 00
[F] 01000080 fff08093
[D] 01000080 13 01 01 1f 0 7f ffffffff 1f
[F] 01000084 00000113
[D] 01000084 13 02 00 00 0 00 00000000 00
[F] 01000088 4020df33
[D] 01000088 33 1e 01 02 5 20 00000000 02
[F] 0100008c 80000eb7
[D] 0100008c 37 1d 00 00 0 40 80000000 00
[F] 01000090 fffe8e93
[D] 01000090 13 1d 1d 1f 0 7f ffffffff 1f
[F] 01000094 00700193
[D] 01000094 13 03 00 07 0 00 00000007 07
[F] 01000098 51df1263
[D] 01000098 63 04 1e 1d 1 28 00000504 1d
[F] 0100009c 800000b7
[D] 0100009c 37 01 00 00 0 40 80000000 00
[F] 010000a0 fff08093
[D] 010000a0 13 01 01 1f 0 7f ffffffff 1f
[F] 010000a4 00100113
[D] 010000a4 13 02 00 01 0 00 00000001 01
[F] 010000a8 4020df33
[D] 010000a8 33 1e 01 02 5 20 00000000 02
[F] 010000ac 40000eb7
[D] 010000ac 37 1d 00 00 0 20 40000000 00
[F] 010000b0 fffe8e93
[D] 010000b0 13 1d 1d 1f 0 7f ffffffff 1f
[F] 010000b4 00800193
[D] 010000b4 13 03 00 08 0 00 00000008 08
[F] 010000b8 4fdf1263
[D] 010000b8 63 04 1e 1d 1 27 000004e4 1d
[F] 010000bc 800000b7
[D] 010000bc 37 01 00 00 0 40 80000000 00
[F] 010000c0 fff08093
[D] 010000c0 13 01 01 1f 0 7f ffffffff 1f
[F] 010000c4 00700113
[D] 010000c4 13 02 00 07 0 00 00000007 07
[F] 010000c8 4020df33
[D] 010000c8 33 1e 01 02 5 20 00000000 02
[F] 010000cc 01000eb7
[D] 010000cc 37 1d 00 10 0 00 01000000 10
[F] 010000d0 fffe8e93
[D] 010000d0 13 1d 1d 1f 0 7f ffffffff 1f
[F] 010000d4 00900193
[D] 010000d4 13 03 00 09 0 00 00000009 09
[F] 010000d8 4ddf1263
[D] 010000d8 63 04 1e 1d 1 26 000004c4 1d
[F] 010000dc 800000b7
[D] 010000dc 37 01 00 00 0 40 80000000 00
[F] 010000e0 fff08093
[D] 010000e0 13 01 01 1f 0 7f ffffffff 1f
[F] 010000e4 00e00113
[D] 010000e4 13 02 00 0e 0 00 0000000e 0e
[F] 010000e8 4020df33
[D] 010000e8 33 1e 01 02 5 20 00000000 02
[F] 010000ec 00020eb7
[D] 010000ec 37 1d 00 00 0 00 00020000 00
[F] 010000f0 fffe8e93
[D] 010000f0 13 1d 1d 1f 0 7f ffffffff 1f
[F] 010000f4 00a00193
[D] 010000f4 13 03 00 0a 0 00 0000000a 0a
[F] 010000f8 4bdf1263
[D] 010000f8 63 04 1e 1d 1 25 000004a4 1d
[F] 010000fc 800000b7
[D] 010000fc 37 01 00 00 0 40 80000000 00
[F] 01000100 fff08093
[D] 01000100 13 01 01 1f 0 7f ffffffff 1f
[F] 01000104 01f00113
[D] 01000104 13 02 00 1f 0 00 0000001f 1f
[F] 01000108 4020df33
[D] 01000108 33 1e 01 02 5 20 00000000 02
[F] 0100010c 00000e93
[D] 0100010c 13 1d 00 00 0 00 00000000 00
[F] 01000110 00b00193
[D] 01000110 13 03 00 0b 0 00 0000000b 0b
[F] 01000114 49df1463
[D] 01000114 63 08 1e 1d 1 24 00000488 1d
[F] 01000118 818180b7
[D] 01000118 37 01 00 18 0 40 81818000 18
[F] 0100011c 18108093
[D] 0100011c 13 01 01 01 0 0c 00000181 01
[F] 01000120 00000113
[D] 01000120 13 02 00 00 0 00 00000000 00
[F] 01000124 4020df33
[D] 01000124 33 1e 01 02 5 20 00000000 02
[F] 01000128 81818eb7
[D] 01000128 37 1d 00 18 0 40 81818000 18
[F] 0100012c 181e8e93
[D] 0100012c 13 1d 1d 01 0 0c 00000181 01
[F] 01000130 00c00193
[D] 01000130 13 03 00 0c 0 00 0000000c 0c
[F] 01000134 47df1463
[D] 01000134 63 08 1e 1d 1 23 00000468 1d
[F] 01000138 818180b7
[D] 01000138 37 01 00 18 0 40 81818000 18
[F] 0100013c 18108093
[D] 0100013c 13 01 01 01 0 0c 00000181 01
[F] 01000140 00100113
[D] 01000140 13 02 00 01 0 00 00000001 01
[F] 01000144 4020df33
[D] 01000144 33 1e 01 02 5 20 00000000 02
[F] 01000148 c0c0ceb7
[D] 01000148 37 1d 00 0c 4 60 c0c0c000 0c
[F] 0100014c 0c0e8e93
[D] 0100014c 13 1d 1d 00 0 06 000000c0 00
[F] 01000150 00d00193
[D] 01000150 13 03 00 0d 0 00 0000000d 0d
[F] 01000154 45df1463
[D] 01000154 63 08 1e 1d 1 22 00000448 1d
[F] 01000158 818180b7
[D] 01000158 37 01 00 18 0 40 81818000 18
[F] 0100015c 18108093
[D] 0100015c 13 01 01 01 0 0c 00000181 01
[F] 01000160 00700113
[D] 01000160 13 02 00 07 0 00 00000007 07
[F] 01000164 4020df33
[D] 01000164 33 1e 01 02 5 20 00000000 02
[F] 01000168 ff030eb7
[D] 01000168 37 1d 00 10 0 7f ff030000 10
[F] 0100016c 303e8e93
[D] 0100016c 13 1d 1d 03 0 18 00000303 03
[F] 01000170 00e00193
[D] 01000170 13 03 00 0e 0 00 0000000e 0e
[F] 01000174 43df1463
[D] 01000174 63 08 1e 1d 1 21 00000428 1d
[F] 01000178 818180b7
[D] 01000178 37 01 00 18 0 40 81818000 18
[F] 0100017c 18108093
[D] 0100017c 13 01 01 01 0 0c 00000181 01
[F] 01000180 00e00113
[D] 01000180 13 02 00 0e 0 00 0000000e 0e
[F] 01000184 4020df33
[D] 01000184 33 1e 01 02 5 20 00000000 02
[F] 01000188 fffe0eb7
[D] 01000188 37 1d 00 1f 0 7f fffe0000 1f
[F] 0100018c 606e8e93
[D] 0100018c 13 1d 1d 06 0 30 00000606 06
[F] 01000190 00f00193
[D] 01000190 13 03 00 0f 0 00 0000000f 0f
[F] 01000194 41df1463
[D] 01000194 63 08 1e 1d 1 20 00000408 1d
[F] 01000198 818180b7
[D] 01000198 37 01 00 18 0 40 81818000 18
[F] 0100019c 18108093
[D] 0100019c 13 01 01 01 0 0c 00000181 01
[F] 010001a0 01f00113
[D] 010001a0 13 02 00 1f 0 00 0000001f 1f
[F] 010001a4 4020df33
[D] 010001a4 33 1e 01 02 5 20 00000000 02
[F] 010001a8 fff00e93
[D] 010001a8 13 1d 00 1f 0 7f ffffffff 1f
[F] 010001ac 01000193
[D] 010001ac 13 03 00 10 0 00 00000010 10
[F] 010001b0 3fdf1663
[D] 010001b0 63 0c 1e 1d 1 1f 000003ec 1d
[F] 010001b4 818180b7
[D] 010001b4 37 01 00 18 0 40 81818000 18
[F] 010001b8 18108093
[D] 010001b8 13 01 01 01 0 0c 00000181 01
[F] 010001bc fc000113
[D] 010001bc 13 02 00 00 0 7e ffffffc0 00
[F] 010001c0 4020df33
[D] 010001c0 33 1e 01 02 5 20 00000000 02
[F] 010001c4 81818eb7
[D] 010001c4 37 1d 00 18 0 40 81818000 18
[F] 010001c8 181e8e93
[D] 010001c8 13 1d 1d 01 0 0c 00000181 01
[F] 010001cc 01100193
[D] 010001cc 13 03 00 11 0 00 00000011 11
[F] 010001d0 3ddf1663
[D] 010001d0 63 0c 1e 1d 1 1e 000003cc 1d
[F] 010001d4 818180b7
[D] 010001d4 37 01 00 18 0 40 81818000 18
[F] 010001d8 18108093
[D] 010001d8 13 01 01 01 0 0c 00000181 01
[F] 010001dc fc100113
[D] 010001dc 13 02 00 01 0 7e ffffffc1 01
[F] 010001e0 4020df33
[D] 010001e0 33 1e 01 02 5 20 00000000 02
[F] 010001e4 c0c0ceb7
[D] 010001e4 37 1d 00 0c 4 60 c0c0c000 0c
[F] 010001e8 0c0e8e93
[D] 010001e8 13 1d 1d 00 0 06 000000c0 00
[F] 010001ec 01200193
[D] 010001ec 13 03 00 12 0 00 00000012 12
[F] 010001f0 3bdf1663
[D] 010001f0 63 0c 1e 1d 1 1d 000003ac 1d
[F] 010001f4 818180b7
[D] 010001f4 37 01 00 18 0 40 81818000 18
[F] 010001f8 18108093
[D] 010001f8 13 01 01 01 0 0c 00000181 01
[F] 010001fc fc700113
[D] 010001fc 13 02 00 07 0 7e ffffffc7 07
[F] 01000200 4020df33
[D] 01000200 33 1e 01 02 5 20 00000000 02
[F] 01000204 ff030eb7
[D] 01000204 37 1d 00 10 0 7f ff030000 10
[F] 01000208 303e8e93
[D] 01000208 13 1d 1d 03 0 18 00000303 03
[F] 0100020c 01300193
[D] 0100020c 13 03 00 13 0 00 00000013 13
[F] 01000210 39df1663
[D] 01000210 63 0c 1e 1d 1 1c 0000038c 1d
[F] 01000214 818180b7
[D] 01000214 37 01 00 18 0 40 81818000 18
[F] 01000218 18108093
[D] 01000218 13 01 01 01 0 0c 00000181 01
[F] 0100021c fce00113
[D] 0100021c 13 02 00 0e 0 7e ffffffce 0e
[F] 01000220 4020df33
[D] 01000220 33 1e 01 02 5 20 00000000 02
[F] 01000224 fffe0eb7
[D] 01000224 37 1d 00 1f 0 7f fffe0000 1f
[F] 01000228 606e8e93
[D] 01000228 13 1d 1d 06 0 30 00000606 06
[F] 0100022c 01400193
[D] 0100022c 13 03 00 14 0 00 00000014 14
[F] 01000230 37df1663
[D] 01000230 63 0c 1e 1d 1 1b 0000036c 1d
[F] 01000234 818180b7
[D] 01000234 37 01 00 18 0 40 81818000 18
[F] 01000238 18108093
[D] 01000238 13 01 01 01 0 0c 00000181 01
[F] 0100023c fff00113
[D] 0100023c 13 02 00 1f 0 7f ffffffff 1f
[F] 01000240 4020df33
[D] 01000240 33 1e 01 02 5 20 00000000 02
[F] 01000244 fff00e93
[D] 01000244 13 1d 00 1f 0 7f ffffffff 1f
[F] 01000248 01500193
[D] 01000248 13 03 00 15 0 00 00000015 15
[F] 0100024c 35df1863
[D] 0100024c 63 10 1e 1d 1 1a 00000350 1d
[F] 01000250 800000b7
[D] 01000250 37 01 00 00 0 40 80000000 00
[F] 01000254 00700113
[D] 01000254 13 02 00 07 0 00 00000007 07
[F] 01000258 4020d0b3
[D] 01000258 33 01 01 02 5 20 00000000 02
[F] 0100025c ff000eb7
[D] 0100025c 37 1d 00 10 0 7f ff000000 10
[F] 01000260 01600193
[D] 01000260 13 03 00 16 0 00 00000016 16
[F] 01000264 33d09c63
[D] 01000264 63 18 01 1d 1 19 00000338 1d
[F] 01000268 800000b7
[D] 01000268 37 01 00 00 0 40 80000000 00
[F] 0100026c 00e00113
[D] 0100026c 13 02 00 0e 0 00 0000000e 0e
[F] 01000270 4020d133
[D] 01000270 33 02 01 02 5 20 00000000 02
[F] 01000274 fffe0eb7
[D] 01000274 37 1d 00 1f 0 7f fffe0000 1f
[F] 01000278 01700193
[D] 01000278 13 03 00 17 0 00 00000017 17
[F] 0100027c 33d11063
[D] 0100027c 63 00 02 1d 1 19 00000320 1d
[F] 01000280 00700093
[D] 01000280 13 01 00 07 0 00 00000007 07
[F] 01000284 4010d0b3
[D] 01000284 33 01 01 01 5 20 00000000 01
[F] 01000288 00000e93
[D] 01000288 13 1d 00 00 0 00 00000000 00
[F] 0100028c 01800193
[D] 0100028c 13 03 00 18 0 00 00000018 18
[F] 01000290 31d09663
[D] 01000290 63 0c 01 1d 1 18 0000030c 1d
[F] 01000294 00000213
[D] 01000294 13 04 00 00 0 00 00000000 00
[F] 01000298 800000b7
[D] 01000298 37 01 00 00 0 40 80000000 00
[F] 0100029c 00700113
[D] 0100029c 13 02 00 07 0 00 00000007 07
[F] 010002a0 4020df33
[D] 010002a0 33 1e 01 02 5 20 00000000 02
[F] 010002a4 000f0313
[D] 010002a4 13 06 1e 00 0 00 00000000 00
[F] 010002a8 00120213
[D] 010002a8 13 04 04 01 0 00 00000001 01
[F] 010002ac 00200293
[D] 010002ac 13 05 00 02 0 00 00000002 02
[F] 010002b0 fe5214e3
[D] 010002b0 63 09 04 05 1 7f ffffffe8 05
[F] 010002b4 ff000eb7
[D] 010002b4 37 1d 00 10 0 7f ff000000 10
[F] 010002b8 01900193
[D] 010002b8 13 03 00 19 0 00 00000019 19
[F] 010002bc 2fd31063
[D] 010002bc 63 00 06 1d 1 17 000002e0 1d
[F] 010002c0 00000213
[D] 010002c0 13 04 00 00 0 00 00000000 00
[F] 010002c4 800000b7
[D] 010002c4 37 01 00 00 0 40 80000000 00
[F] 010002c8 00e00113
[D] 010002c8 13 02 00 0e 0 00 0000000e 0e
[F] 010002cc 4020df33
[D] 010002cc 33 1e 01 02 5 20 00000000 02
[F] 010002d0 00000013
[D] 010002d0 13 00 00 00 0 00 00000000 00
[F] 010002d4 000f0313
[D] 010002d4 13 06 1e 00 0 00 00000000 00
[F] 010002d8 00120213
[D] 010002d8 13 04 04 01 0 00 00000001 01
[F] 010002dc 00200293
[D] 010002dc 13 05 00 02 0 00 00000002 02
[F] 010002e0 fe5212e3
[D] 010002e0 63 05 04 05 1 7f ffffffe4 05
[F] 010002e4 fffe0eb7
[D] 010002e4 37 1d 00 1f 0 7f fffe0000 1f
[F] 010002e8 01a00193
[D] 010002e8 13 03 00 1a 0 00 0000001a 1a
[F] 010002ec 2bd31863
[D] 010002ec 63 10 06 1d 1 15 000002b0 1d
[F] 010002f0 00000213
[D] 010002f0 13 04 00 00 0 00 00000000 00
[F] 010002f4 800000b7
[D] 010002f4 37 01 00 00 0 40 80000000 00
[F] 010002f8 01f00113
[D] 010002f8 13 02 00 1f 0 00 0000001f 1f
[F] 010002fc 4020df33
[D] 010002fc 33 1e 01 02 5 20 00000000 02
[F] 01000300 00000013
[D] 01000300 13 00 00 00 0 00 00000000 00
[F] 01000304 00000013
[D] 01000304 13 00 00 00 0 00 00000000 00
[F] 01000308 000f0313
[D] 01000308 13 06 1e 00 0 00 00000000 00
[F] 0100030c 00120213
[D] 0100030c 13 04 04 01 0 00 00000001 01
[F] 01000310 00200293
[D] 01000310 13 05 00 02 0 00 00000002 02
[F] 01000314 fe5210e3
[D] 01000314 63 01 04 05 1 7f ffffffe0 05
[F] 01000318 fff00e93
[D] 01000318 13 1d 00 1f 0 7f ffffffff 1f
[F] 0100031c 01b00193
[D] 0100031c 13 03 00 1b 0 00 0000001b 1b
[F] 01000320 27d31e63
[D] 01000320 63 1c 06 1d 1 13 0000027c 1d
[F] 01000324 00000213
[D] 01000324 13 04 00 00 0 00 00000000 00
[F] 01000328 800000b7
[D] 01000328 37 01 00 00 0 40 80000000 00
[F] 0100032c 00700113
[D] 0100032c 13 02 00 07 0 00 00000007 07
[F] 01000330 4020df33
[D] 01000330 33 1e 01 02 5 20 00000000 02
[F] 01000334 00120213
[D] 01000334 13 04 04 01 0 00 00000001 01
[F] 01000338 00200293
[D] 01000338 13 05 00 02 0 00 00000002 02
[F] 0100033c fe5216e3
[D] 0100033c 63 0d 04 05 1 7f ffffffec 05
[F] 01000340 ff000eb7
[D] 01000340 37 1d 00 10 0 7f ff000000 10
[F] 01000344 01c00193
[D] 01000344 13 03 00 1c 0 00 0000001c 1c
[F] 01000348 25df1a63
[D] 01000348 63 14 1e 1d 1 12 00000254 1d
[F] 0100034c 00000213
[D] 0100034c 13 04 00 00 0 00 00000000 00
[F] 01000350 800000b7
[D] 01000350 37 01 00 00 0 40 80000000 00
[F] 01000354 00e00113
[D] 01000354 13 02 00 0e 0 00 0000000e 0e
[F] 01000358 00000013
[D] 01000358 13 00 00 00 0 00 00000000 00
[F] 0100035c 4020df33
[D] 0100035c 33 1e 01 02 5 20 00000000 02
[F] 01000360 00120213
[D] 01000360 13 04 04 01 0 00 00000001 01
[F] 01000364 00200293
[D] 01000364 13 05 00 02 0 00 00000002 02
[F] 01000368 fe5214e3
[D] 01000368 63 09 04 05 1 7f ffffffe8 05
[F] 0100036c fffe0eb7
[D] 0100036c 37 1d 00 1f 0 7f fffe0000 1f
[F] 01000370 01d00193
[D] 01000370 13 03 00 1d 0 00 0000001d 1d
[F] 01000374 23df1463
[D] 01000374 63 08 1e 1d 1 11 00000228 1d
[F] 01000378 00000213
[D] 01000378 13 04 00 00 0 00 00000000 00
[F] 0100037c 800000b7
[D] 0100037c 37 01 00 00 0 40 80000000 00
[F] 01000380 01f00113
[D] 01000380 13 02 00 1f 0 00 0000001f 1f
[F] 01000384 00000013
[D] 01000384 13 00 00 00 0 00 00000000 00
[F] 01000388 00000013
[D] 01000388 13 00 00 00 0 00 00000000 00
[F] 0100038c 4020df33
[D] 0100038c 33 1e 01 02 5 20 00000000 02
[F] 01000390 00120213
[D] 01000390 13 04 04 01 0 00 00000001 01
[F] 01000394 00200293
[D] 01000394 13 05 00 02 0 00 00000002 02
[F] 01000398 fe5212e3
[D] 01000398 63 05 04 05 1 7f ffffffe4 05
[F] 0100039c fff00e93
[D] 0100039c 13 1d 00 1f 0 7f ffffffff 1f
[F] 010003a0 01e00193
[D] 010003a0 13 03 00 1e 0 00 0000001e 1e
[F] 010003a4 1fdf1c63
[D] 010003a4 63 18 1e 1d 1 0f 000001f8 1d
[F] 010003a8 00000213
[D] 010003a8 13 04 00 00 0 00 00000000 00
[F] 010003ac 800000b7
[D] 010003ac 37 01 00 00 0 40 80000000 00
[F] 010003b0 00000013
[D] 010003b0 13 00 00 00 0 00 00000000 00
[F] 010003b4 00700113
[D] 010003b4 13 02 00 07 0 00 00000007 07
[F] 010003b8 4020df33
[D] 010003b8 33 1e 01 02 5 20 00000000 02
[F] 010003bc 00120213
[D] 010003bc 13 04 04 01 0 00 00000001 01
[F] 010003c0 00200293
[D] 010003c0 13 05 00 02 0 00 00000002 02
[F] 010003c4 fe5214e3
[D] 010003c4 63 09 04 05 1 7f ffffffe8 05
[F] 010003c8 ff000eb7
[D] 010003c8 37 1d 00 10 0 7f ff000000 10
[F] 010003cc 01f00193
[D] 010003cc 13 03 00 1f 0 00 0000001f 1f
[F] 010003d0 1ddf1663
[D] 010003d0 63 0c 1e 1d 1 0e 000001cc 1d
[F] 010003d4 00000213
[D] 010003d4 13 04 00 00 0 00 00000000 00
[F] 010003d8 800000b7
[D] 010003d8 37 01 00 00 0 40 80000000 00
[F] 010003dc 00000013
[D] 010003dc 13 00 00 00 0 00 00000000 00
[F] 010003e0 00e00113
[D] 010003e0 13 02 00 0e 0 00 0000000e 0e
[F] 010003e4 00000013
[D] 010003e4 13 00 00 00 0 00 00000000 00
[F] 010003e8 4020df33
[D] 010003e8 33 1e 01 02 5 20 00000000 02
[F] 010003ec 00120213
[D] 010003ec 13 04 04 01 0 00 00000001 01
[F] 010003f0 00200293
[D] 010003f0 13 05 00 02 0 00 00000002 02
[F] 010003f4 fe5212e3
[D] 010003f4 63 05 04 05 1 7f ffffffe4 05
[F] 010003f8 fffe0eb7
[D] 010003f8 37 1d 00 1f 0 7f fffe0000 1f
[F] 010003fc 02000193
[D] 010003fc 13 03 00 00 0 01 00000020 00
[F] 01000400 19df1e63
[D] 01000400 63 1c 1e 1d 1 0c 0000019c 1d
[F] 01000404 00000213
[D] 01000404 13 04 00 00 0 00 00000000 00
[F] 01000408 800000b7
[D] 01000408 37 01 00 00 0 40 80000000 00
[F] 0100040c 00000013
[D] 0100040c 13 00 00 00 0 00 00000000 00
[F] 01000410 00000013
[D] 01000410 13 00 00 00 0 00 00000000 00
[F] 01000414 01f00113
[D] 01000414 13 02 00 1f 0 00 0000001f 1f
[F] 01000418 4020df33
[D] 01000418 33 1e 01 02 5 20 00000000 02
[F] 0100041c 00120213
[D] 0100041c 13 04 04 01 0 00 00000001 01
[F] 01000420 00200293
[D] 01000420 13 05 00 02 0 00 00000002 02
[F] 01000424 fe5212e3
[D] 01000424 63 05 04 05 1 7f ffffffe4 05
[F] 01000428 fff00e93
[D] 01000428 13 1d 00 1f 0 7f ffffffff 1f
[F] 0100042c 02100193
[D] 0100042c 13 03 00 01 0 01 00000021 01
[F] 01000430 17df1663
[D] 01000430 63 0c 1e 1d 1 0b 0000016c 1d
[F] 01000434 00000213
[D] 01000434 13 04 00 00 0 00 00000000 00
[F] 01000438 00700113
[D] 01000438 13 02 00 07 0 00 00000007 07
[F] 0100043c 800000b7
[D] 0100043c 37 01 00 00 0 40 80000000 00
[F] 01000440 4020df33
[D] 01000440 33 1e 01 02 5 20 00000000 02
[F] 01000444 00120213
[D] 01000444 13 04 04 01 0 00 00000001 01
[F] 01000448 00200293
[D] 01000448 13 05 00 02 0 00 00000002 02
[F] 0100044c fe5216e3
[D] 0100044c 63 0d 04 05 1 7f ffffffec 05
[F] 01000450 ff000eb7
[D] 01000450 37 1d 00 10 0 7f ff000000 10
[F] 01000454 02200193
[D] 01000454 13 03 00 02 0 01 00000022 02
[F] 01000458 15df1263
[D] 01000458 63 04 1e 1d 1 0a 00000144 1d
[F] 0100045c 00000213
[D] 0100045c 13 04 00 00 0 00 00000000 00
[F] 01000460 00e00113
[D] 01000460 13 02 00 0e 0 00 0000000e 0e
[F] 01000464 800000b7
[D] 01000464 37 01 00 00 0 40 80000000 00
[F] 01000468 00000013
[D] 01000468 13 00 00 00 0 00 00000000 00
[F] 0100046c 4020df33
[D] 0100046c 33 1e 01 02 5 20 00000000 02
[F] 01000470 00120213
[D] 01000470 13 04 04 01 0 00 00000001 01
[F] 01000474 00200293
[D] 01000474 13 05 00 02 0 00 00000002 02
[F] 01000478 fe5214e3
[D] 01000478 63 09 04 05 1 7f ffffffe8 05
[F] 0100047c fffe0eb7
[D] 0100047c 37 1d 00 1f 0 7f fffe0000 1f
[F] 01000480 02300193
[D] 01000480 13 03 00 03 0 01 00000023 03
[F] 01000484 11df1c63
[D] 01000484 63 18 1e 1d 1 08 00000118 1d
[F] 01000488 00000213
[D] 01000488 13 04 00 00 0 00 00000000 00
[F] 0100048c 01f00113
[D] 0100048c 13 02 00 1f 0 00 0000001f 1f
[F] 01000490 800000b7
[D] 01000490 37 01 00 00 0 40 80000000 00
[F] 01000494 00000013
[D] 01000494 13 00 00 00 0 00 00000000 00
[F] 01000498 00000013
[D] 01000498 13 00 00 00 0 00 00000000 00
[F] 0100049c 4020df33
[D] 0100049c 33 1e 01 02 5 20 00000000 02
[F] 010004a0 00120213
[D] 010004a0 13 04 04 01 0 00 00000001 01
[F] 010004a4 00200293
[D] 010004a4 13 05 00 02 0 00 00000002 02
[F] 010004a8 fe5212e3
[D] 010004a8 63 05 04 05 1 7f ffffffe4 05
[F] 010004ac fff00e93
[D] 010004ac 13 1d 00 1f 0 7f ffffffff 1f
[F] 010004b0 02400193
[D] 010004b0 13 03 00 04 0 01 00000024 04
[F] 010004b4 0fdf1463
[D] 010004b4 63 08 1e 1d 1 07 000000e8 1d
[F] 010004b8 00000213
[D] 010004b8 13 04 00 00 0 00 00000000 00
[F] 010004bc 00700113
[D] 010004bc 13 02 00 07 0 00 00000007 07
[F] 010004c0 00000013
[D] 010004c0 13 00 00 00 0 00 00000000 00
[F] 010004c4 800000b7
[D] 010004c4 37 01 00 00 0 40 80000000 00
[F] 010004c8 4020df33
[D] 010004c8 33 1e 01 02 5 20 00000000 02
[F] 010004cc 00120213
[D] 010004cc 13 04 04 01 0 00 00000001 01
[F] 010004d0 00200293
[D] 010004d0 13 05 00 02 0 00 00000002 02
[F] 010004d4 fe5214e3
[D] 010004d4 63 09 04 05 1 7f ffffffe8 05
[F] 010004d8 ff000eb7
[D] 010004d8 37 1d 00 10 0 7f ff000000 10
[F] 010004dc 02500193
[D] 010004dc 13 03 00 05 0 01 00000025 05
[F] 010004e0 0bdf1e63
[D] 010004e0 63 1c 1e 1d 1 05 000000bc 1d
[F] 010004e4 00000213
[D] 010004e4 13 04 00 00 0 00 00000000 00
[F] 010004e8 00e00113
[D] 010004e8 13 02 00 0e 0 00 0000000e 0e
[F] 010004ec 00000013
[D] 010004ec 13 00 00 00 0 00 00000000 00
[F] 010004f0 800000b7
[D] 010004f0 37 01 00 00 0 40 80000000 00
[F] 010004f4 00000013
[D] 010004f4 13 00 00 00 0 00 00000000 00
[F] 010004f8 4020df33
[D] 010004f8 33 1e 01 02 5 20 00000000 02
[F] 010004fc 00120213
[D] 010004fc 13 04 04 01 0 00 00000001 01
[F] 01000500 00200293
[D] 01000500 13 05 00 02 0 00 00000002 02
[F] 01000504 fe5212e3
[D] 01000504 63 05 04 05 1 7f ffffffe4 05
[F] 01000508 fffe0eb7
[D] 01000508 37 1d 00 1f 0 7f fffe0000 1f
[F] 0100050c 02600193
[D] 0100050c 13 03 00 06 0 01 00000026 06
[F] 01000510 09df1663
[D] 01000510 63 0c 1e 1d 1 04 0000008c 1d
[F] 01000514 00000213
[D] 01000514 13 04 00 00 0 00 00000000 00
[F] 01000518 01f00113
[D] 01000518 13 02 00 1f 0 00 0000001f 1f
[F] 0100051c 00000013
[D] 0100051c 13 00 00 00 0 00 00000000 00
[F] 01000520 00000013
[D] 01000520 13 00 00 00 0 00 00000000 00
[F] 01000524 800000b7
[D] 01000524 37 01 00 00 0 40 80000000 00
[F] 01000528 4020df33
[D] 01000528 33 1e 01 02 5 20 00000000 02
[F] 0100052c 00120213
[D] 0100052c 13 04 04 01 0 00 00000001 01
[F] 01000530 00200293
[D] 01000530 13 05 00 02 0 00 00000002 02
[F] 01000534 fe5212e3
[D] 01000534 63 05 04 05 1 7f ffffffe4 05
[F] 01000538 fff00e93
[D] 01000538 13 1d 00 1f 0 7f ffffffff 1f
[F] 0100053c 02700193
[D] 0100053c 13 03 00 07 0 01 00000027 07
[F] 01000540 05df1e63
[D] 01000540 63 1c 1e 1d 1 02 0000005c 1d
[F] 01000544 00f00093
[D] 01000544 13 01 00 0f 0 00 0000000f 0f
[F] 01000548 40105133
[D] 01000548 33 02 00 01 5 20 00000000 01
[F] 0100054c 00000e93
[D] 0100054c 13 1d 00 00 0 00 00000000 00
[F] 01000550 02800193
[D] 01000550 13 03 00 08 0 01 00000028 08
[F] 01000554 05d11463
[D] 01000554 63 08 02 1d 1 02 00000048 1d
[F] 01000558 02000093
[D] 01000558 13 01 00 00 0 01 00000020 00
[F] 0100055c 4000d133
[D] 0100055c 33 02 01 00 5 20 00000000 00
[F] 01000560 02000e93
[D] 01000560 13 1d 00 00 0 01 00000020 00
[F] 01000564 02900193
[D] 01000564 13 03 00 09 0 01 00000029 09
[F] 01000568 03d11a63
[D] 01000568 63 14 02 1d 1 01 00000034 1d
[F] 0100056c 400050b3
[D] 0100056c 33 01 00 00 5 20 00000000 00
[F] 01000570 00000e93
[D] 01000570 13 1d 00 00 0 00 00000000 00
[F] 01000574 02a00193
[D] 01000574 13 03 00 0a 0 01 0000002a 0a
[F] 01000578 03d09263
[D] 01000578 63 04 01 1d 1 01 00000024 1d
[F] 0100057c 40000093
[D] 0100057c 13 01 00 00 0 20 00000400 00
[F] 01000580 00001137
[D] 01000580 37 02 00 00 1 00 00001000 00
[F] 01000584 80010113
[D] 01000584 13 02 02 00 0 40 fffff800 00
[F] 01000588 4020d033
[D] 01000588 33 00 01 02 5 20 00000000 02
[F] 0100058c 00000e93
[D] 0100058c 13 1d 00 00 0 00 00000000 00
[F] 01000590 02b00193
[D] 01000590 13 03 00 0b 0 01 0000002b 0b
[F] 01000594 01d01463
[D] 01000594 63 08 00 1d 1 00 00000008 1d
[F] 01000598 00301c63
[D] 01000598 63 18 00 03 1 00 00000018 03
[F] 0100059c 0ff0000f
[D] 0100059c 0f 00 00 1f 0 07 00000000 1f
[F] 010005a0 00018063
[D] 010005a0 63 00 03 00 0 00 00000000 00
[F] 010005a4 00119193
[D] 010005a4 13 03 03 01 1 00 00000001 01
[F] 010005a8 0011e193
[D] 010005a8 13 03 03 01 6 00 00000001 01
[F] 010005ac 00000073
[D] 010005ac 73 00 00 00 0 00 00000000 00
[F] 010005b0 0ff0000f
[D] 010005b0 0f 00 00 1f 0 07 00000000 1f
[F] 010005b4 00100193
[D] 010005b4 13 03 00 01 0 00 00000001 01
[F] 010005b8 00000073
[D] 010005b8 73 00 00 00 0 00 00000000 00
[F] 010005bc c0001073
[D] 010005bc 73 00 00 00 1 60 00000000 00
[F] 010005c0 00000000
[D] 010005c0 00 00 00 00 0 00 00000000 00
[F] 010005c4 00000000
[D] 010005c4 00 00 00 00 0 00 00000000 00
[F] 010005c8 00000000
[D] 010005c8 00 00 00 00 0 00 00000000 00
[F] 010005cc 00000000
[D] 010005cc 00 00 00 00 0 00 00000000 00
[F] 010005d0 00000000
[D] 010005d0 00 00 00 00 0 00 00000000 00
[F] 010005d4 00000000
[D] 010005d4 00 00 00 00 0 00 00000000 00
[F] 010005d8 00000000
[D] 010005d8 00 00 00 00 0 00 00000000 00
