[F] 01000000 00200193
[D] 01000000 13 03 00 02 0 00 00000002 02
[F] 01000004 00000093
[D] 01000004 13 01 00 00 0 00 00000000 00
[F] 01000008 0100026f
[D] 01000008 6f 04 00 10 0 00 00000010 10
[F] 0100000c 00000013
[D] 0100000c 13 00 00 00 0 00 00000000 00
[F] 01000010 00000013
[D] 01000010 13 00 00 00 0 00 00000000 00
[F] 01000014 0400006f
[D] 01000014 6f 00 00 00 0 02 00000040 00
[F] 01000018 00000117
[D] 01000018 17 02 00 00 0 00 00000000 00
[F] 0100001c ff410113
[D] 0100001c 13 02 02 14 0 7f fffffff4 14
[F] 01000020 02411a63
[D] 01000020 63 14 02 04 1 01 00000034 04
[F] 01000024 00100093
[D] 01000024 13 01 00 01 0 00 00000001 01
[F] 01000028 0140006f
[D] 01000028 6f 00 00 14 0 00 00000014 14
[F] 0100002c 00108093
[D] 0100002c 13 01 01 01 0 00 00000001 01
[F] 01000030 00108093
[D] 01000030 13 01 01 01 0 00 00000001 01
[F] 01000034 00108093
[D] 01000034 13 01 01 01 0 00 00000001 01
[F] 01000038 00108093
[D] 01000038 13 01 01 01 0 00 00000001 01
[F] 0100003c 00108093
[D] 0100003c 13 01 01 01 0 00 00000001 01
[F] 01000040 00108093
[D] 01000040 13 01 01 01 0 00 00000001 01
[F] 01000044 00300e93
[D] 01000044 13 1d 00 03 0 00 00000003 03
[F] 01000048 00300193
[D] 01000048 13 03 00 03 0 00 00000003 03
[F] 0100004c 01d09463
[D] 0100004c 63 08 01 1d 1 00 00000008 1d
[F] 01000050 00301c63
[D] 01000050 63 18 00 03 1 00 00000018 03
[F] 01000054 0ff0000f
[D] 01000054 0f 00 00 1f 0 07 00000000 1f
[F] 01000058 00018063
[D] 01000058 63 00 03 00 0 00 00000000 00
[F] 0100005c 00119193
[D] 0100005c 13 03 03 01 1 00 00000001 01
[F] 01000060 0011e193
[D] 01000060 13 03 03 01 6 00 00000001 01
[F] 01000064 00000073
[D] 01000064 73 00 00 00 0 00 00000000 00
[F] 01000068 0ff0000f
[D] 01000068 0f 00 00 1f 0 07 00000000 1f
[F] 0100006c 00100193
[D] 0100006c 13 03 00 01 0 00 00000001 01
[F] 01000070 00000073
[D] 01000070 73 00 00 00 0 00 00000000 00
[F] 01000074 c0001073
[D] 01000074 73 00 00 00 1 60 00000000 00
[F] 01000078 00000000
[D] 01000078 00 00 00 00 0 00 00000000 00
[F] 0100007c 00000000
[D] 0100007c 00 00 00 00 0 00 00000000 00
[F] 01000080 00000000
[D] 01000080 00 00 00 00 0 00 00000000 00
[F] 01000084 00000000
[D] 01000084 00 00 00 00 0 00 00000000 00
[F] 01000088 00000000
[D] 01000088 00 00 00 00 0 00 00000000 00
[F] 0100008c 00000000
[D] 0100008c 00 00 00 00 0 00 00000000 00
[F] 01000090 00000000
[D] 01000090 00 00 00 00 0 00 00000000 00
[F] 01000094 00000000
[D] 01000094 00 00 00 00 0 00 00000000 00
[F] 01000098 00000000
[D] 01000098 00 00 00 00 0 00 00000000 00
[F] 0100009c 00000000
[D] 0100009c 00 00 00 00 0 00 00000000 00
[F] 010000a0 00000000
[D] 010000a0 00 00 00 00 0 00 00000000 00
[F] 010000a4 00000000
[D] 010000a4 00 00 00 00 0 00 00000000 00
[F] 010000a8 00000000
[D] 010000a8 00 00 00 00 0 00 00000000 00
[F] 010000ac 00000000
[D] 010000ac 00 00 00 00 0 00 00000000 00
[F] 010000b0 00000000
[D] 010000b0 00 00 00 00 0 00 00000000 00
[F] 010000b4 00000000
[D] 010000b4 00 00 00 00 0 00 00000000 00
[F] 010000b8 00000000
[D] 010000b8 00 00 00 00 0 00 00000000 00
[F] 010000bc 00000000
[D] 010000bc 00 00 00 00 0 00 00000000 00
[F] 010000c0 00000000
[D] 010000c0 00 00 00 00 0 00 00000000 00
[F] 010000c4 00000000
[D] 010000c4 00 00 00 00 0 00 00000000 00
[F] 010000c8 00000000
[D] 010000c8 00 00 00 00 0 00 00000000 00
[F] 010000cc 00000000
[D] 010000cc 00 00 00 00 0 00 00000000 00
[F] 010000d0 00000000
[D] 010000d0 00 00 00 00 0 00 00000000 00
[F] 010000d4 00000000
[D] 010000d4 00 00 00 00 0 00 00000000 00
[F] 010000d8 00000000
[D] 010000d8 00 00 00 00 0 00 00000000 00
[F] 010000dc 00000000
[D] 010000dc 00 00 00 00 0 00 00000000 00
[F] 010000e0 00000000
[D] 010000e0 00 00 00 00 0 00 00000000 00
[F] 010000e4 00000000
[D] 010000e4 00 00 00 00 0 00 00000000 00
[F] 010000e8 00000000
[D] 010000e8 00 00 00 00 0 00 00000000 00
[F] 010000ec 00000000
[D] 010000ec 00 00 00 00 0 00 00000000 00
[F] 010000f0 00000000
[D] 010000f0 00 00 00 00 0 00 00000000 00
[F] 010000f4 00000000
[D] 010000f4 00 00 00 00 0 00 00000000 00
[F] 010000f8 00000000
[D] 010000f8 00 00 00 00 0 00 00000000 00
[F] 010000fc 00000000
[D] 010000fc 00 00 00 00 0 00 00000000 00
[F] 01000100 00000000
[D] 01000100 00 00 00 00 0 00 00000000 00
[F] 01000104 00000000
[D] 01000104 00 00 00 00 0 00 00000000 00
[F] 01000108 00000000
[D] 01000108 00 00 00 00 0 00 00000000 00
[F] 0100010c 00000000
[D] 0100010c 00 00 00 00 0 00 00000000 00
[F] 01000110 00000000
[D] 01000110 00 00 00 00 0 00 00000000 00
[F] 01000114 00000000
[D] 01000114 00 00 00 00 0 00 00000000 00
[F] 01000118 00000000
[D] 01000118 00 00 00 00 0 00 00000000 00
[F] 0100011c 00000000
[D] 0100011c 00 00 00 00 0 00 00000000 00
[F] 01000120 00000000
[D] 01000120 00 00 00 00 0 00 00000000 00
[F] 01000124 00000000
[D] 01000124 00 00 00 00 0 00 00000000 00
[F] 01000128 00000000
[D] 01000128 00 00 00 00 0 00 00000000 00
[F] 0100012c 00000000
[D] 0100012c 00 00 00 00 0 00 00000000 00
[F] 01000130 00000000
[D] 01000130 00 00 00 00 0 00 00000000 00
[F] 01000134 00000000
[D] 01000134 00 00 00 00 0 00 00000000 00
[F] 01000138 00000000
[D] 01000138 00 00 00 00 0 00 00000000 00
[F] 0100013c 00000000
[D] 0100013c 00 00 00 00 0 00 00000000 00
[F] 01000140 00000000
[D] 01000140 00 00 00 00 0 00 00000000 00
[F] 01000144 00000000
[D] 01000144 00 00 00 00 0 00 00000000 00
[F] 01000148 00000000
[D] 01000148 00 00 00 00 0 00 00000000 00
[F] 0100014c 00000000
[D] 0100014c 00 00 00 00 0 00 00000000 00
[F] 01000150 00000000
[D] 01000150 00 00 00 00 0 00 00000000 00
[F] 01000154 00000000
[D] 01000154 00 00 00 00 0 00 00000000 00
[F] 01000158 00000000
[D] 01000158 00 00 00 00 0 00 00000000 00
[F] 0100015c 00000000
[D] 0100015c 00 00 00 00 0 00 00000000 00
[F] 01000160 00000000
[D] 01000160 00 00 00 00 0 00 00000000 00
[F] 01000164 00000000
[D] 01000164 00 00 00 00 0 00 00000000 00
[F] 01000168 00000000
[D] 01000168 00 00 00 00 0 00 00000000 00
[F] 0100016c 00000000
[D] 0100016c 00 00 00 00 0 00 00000000 00
[F] 01000170 00000000
[D] 01000170 00 00 00 00 0 00 00000000 00
[F] 01000174 00000000
[D] 01000174 00 00 00 00 0 00 00000000 00
[F] 01000178 00000000
[D] 01000178 00 00 00 00 0 00 00000000 00
[F] 0100017c 00000000
[D] 0100017c 00 00 00 00 0 00 00000000 00
[F] 01000180 00000000
[D] 01000180 00 00 00 00 0 00 00000000 00
[F] 01000184 00000000
[D] 01000184 00 00 00 00 0 00 00000000 00
[F] 01000188 00000000
[D] 01000188 00 00 00 00 0 00 00000000 00
[F] 0100018c 00000000
[D] 0100018c 00 00 00 00 0 00 00000000 00
[F] 01000190 00000000
[D] 01000190 00 00 00 00 0 00 00000000 00
[F] 01000194 00000000
[D] 01000194 00 00 00 00 0 00 00000000 00
[F] 01000198 00000000
[D] 01000198 00 00 00 00 0 00 00000000 00
[F] 0100019c 00000000
[D] 0100019c 00 00 00 00 0 00 00000000 00
[F] 010001a0 00000000
[D] 010001a0 00 00 00 00 0 00 00000000 00
[F] 010001a4 00000000
[D] 010001a4 00 00 00 00 0 00 00000000 00
[F] 010001a8 00000000
[D] 010001a8 00 00 00 00 0 00 00000000 00
[F] 010001ac 00000000
[D] 010001ac 00 00 00 00 0 00 00000000 00
[F] 010001b0 00000000
[D] 010001b0 00 00 00 00 0 00 00000000 00
[F] 010001b4 00000000
[D] 010001b4 00 00 00 00 0 00 00000000 00
[F] 010001b8 00000000
[D] 010001b8 00 00 00 00 0 00 00000000 00
[F] 010001bc 00000000
[D] 010001bc 00 00 00 00 0 00 00000000 00
[F] 010001c0 00000000
[D] 010001c0 00 00 00 00 0 00 00000000 00
[F] 010001c4 00000000
[D] 010001c4 00 00 00 00 0 00 00000000 00
[F] 010001c8 00000000
[D] 010001c8 00 00 00 00 0 00 00000000 00
[F] 010001cc 00000000
[D] 010001cc 00 00 00 00 0 00 00000000 00
[F] 010001d0 00000000
[D] 010001d0 00 00 00 00 0 00 00000000 00
[F] 010001d4 00000000
[D] 010001d4 00 00 00 00 0 00 00000000 00
[F] 010001d8 00000000
[D] 010001d8 00 00 00 00 0 00 00000000 00
[F] 010001dc 00000000
[D] 010001dc 00 00 00 00 0 00 00000000 00
[F] 010001e0 00000000
[D] 010001e0 00 00 00 00 0 00 00000000 00
[F] 010001e4 00000000
[D] 010001e4 00 00 00 00 0 00 00000000 00
[F] 010001e8 00000000
[D] 010001e8 00 00 00 00 0 00 00000000 00
[F] 010001ec 00000000
[D] 010001ec 00 00 00 00 0 00 00000000 00
[F] 010001f0 00000000
[D] 010001f0 00 00 00 00 0 00 00000000 00
[F] 010001f4 00000000
[D] 010001f4 00 00 00 00 0 00 00000000 00
[F] 010001f8 00000000
[D] 010001f8 00 00 00 00 0 00 00000000 00
[F] 010001fc 00000000
[D] 010001fc 00 00 00 00 0 00 00000000 00
[F] 01000200 00000000
[D] 01000200 00 00 00 00 0 00 00000000 00
[F] 01000204 00000000
[D] 01000204 00 00 00 00 0 00 00000000 00
[F] 01000208 00000000
[D] 01000208 00 00 00 00 0 00 00000000 00
[F] 0100020c 00000000
[D] 0100020c 00 00 00 00 0 00 00000000 00
[F] 01000210 00000000
[D] 01000210 00 00 00 00 0 00 00000000 00
[F] 01000214 00000000
[D] 01000214 00 00 00 00 0 00 00000000 00
[F] 01000218 00000000
[D] 01000218 00 00 00 00 0 00 00000000 00
[F] 0100021c 00000000
[D] 0100021c 00 00 00 00 0 00 00000000 00
[F] 01000220 00000000
[D] 01000220 00 00 00 00 0 00 00000000 00
[F] 01000224 00000000
[D] 01000224 00 00 00 00 0 00 00000000 00
[F] 01000228 00000000
[D] 01000228 00 00 00 00 0 00 00000000 00
[F] 0100022c 00000000
[D] 0100022c 00 00 00 00 0 00 00000000 00
[F] 01000230 00000000
[D] 01000230 00 00 00 00 0 00 00000000 00
[F] 01000234 00000000
[D] 01000234 00 00 00 00 0 00 00000000 00
[F] 01000238 00000000
[D] 01000238 00 00 00 00 0 00 00000000 00
[F] 0100023c 00000000
[D] 0100023c 00 00 00 00 0 00 00000000 00
[F] 01000240 00000000
[D] 01000240 00 00 00 00 0 00 00000000 00
[F] 01000244 00000000
[D] 01000244 00 00 00 00 0 00 00000000 00
[F] 01000248 00000000
[D] 01000248 00 00 00 00 0 00 00000000 00
[F] 0100024c 00000000
[D] 0100024c 00 00 00 00 0 00 00000000 00
[F] 01000250 00000000
[D] 01000250 00 00 00 00 0 00 00000000 00
[F] 01000254 00000000
[D] 01000254 00 00 00 00 0 00 00000000 00
[F] 01000258 00000000
[D] 01000258 00 00 00 00 0 00 00000000 00
[F] 0100025c 00000000
[D] 0100025c 00 00 00 00 0 00 00000000 00
[F] 01000260 00000000
[D] 01000260 00 00 00 00 0 00 00000000 00
[F] 01000264 00000000
[D] 01000264 00 00 00 00 0 00 00000000 00
[F] 01000268 00000000
[D] 01000268 00 00 00 00 0 00 00000000 00
[F] 0100026c 00000000
[D] 0100026c 00 00 00 00 0 00 00000000 00
[F] 01000270 00000000
[D] 01000270 00 00 00 00 0 00 00000000 00
[F] 01000274 00000000
[D] 01000274 00 00 00 00 0 00 00000000 00
[F] 01000278 00000000
[D] 01000278 00 00 00 00 0 00 00000000 00
[F] 0100027c 00000000
[D] 0100027c 00 00 00 00 0 00 00000000 00
[F] 01000280 00000000
[D] 01000280 00 00 00 00 0 00 00000000 00
[F] 01000284 00000000
[D] 01000284 00 00 00 00 0 00 00000000 00
[F] 01000288 00000000
[D] 01000288 00 00 00 00 0 00 00000000 00
[F] 0100028c 00000000
[D] 0100028c 00 00 00 00 0 00 00000000 00
[F] 01000290 00000000
[D] 01000290 00 00 00 00 0 00 00000000 00
[F] 01000294 00000000
[D] 01000294 00 00 00 00 0 00 00000000 00
[F] 01000298 00000000
[D] 01000298 00 00 00 00 0 00 00000000 00
[F] 0100029c 00000000
[D] 0100029c 00 00 00 00 0 00 00000000 00
[F] 010002a0 00000000
[D] 010002a0 00 00 00 00 0 00 00000000 00
[F] 010002a4 00000000
[D] 010002a4 00 00 00 00 0 00 00000000 00
[F] 010002a8 00000000
[D] 010002a8 00 00 00 00 0 00 00000000 00
[F] 010002ac 00000000
[D] 010002ac 00 00 00 00 0 00 00000000 00
[F] 010002b0 00000000
[D] 010002b0 00 00 00 00 0 00 00000000 00
[F] 010002b4 00000000
[D] 010002b4 00 00 00 00 0 00 00000000 00
[F] 010002b8 00000000
[D] 010002b8 00 00 00 00 0 00 00000000 00
[F] 010002bc 00000000
[D] 010002bc 00 00 00 00 0 00 00000000 00
[F] 010002c0 00000000
[D] 010002c0 00 00 00 00 0 00 00000000 00
[F] 010002c4 00000000
[D] 010002c4 00 00 00 00 0 00 00000000 00
[F] 010002c8 00000000
[D] 010002c8 00 00 00 00 0 00 00000000 00
[F] 010002cc 00000000
[D] 010002cc 00 00 00 00 0 00 00000000 00
[F] 010002d0 00000000
[D] 010002d0 00 00 00 00 0 00 00000000 00
[F] 010002d4 00000000
[D] 010002d4 00 00 00 00 0 00 00000000 00
[F] 010002d8 00000000
[D] 010002d8 00 00 00 00 0 00 00000000 00
[F] 010002dc 00000000
[D] 010002dc 00 00 00 00 0 00 00000000 00
[F] 010002e0 00000000
[D] 010002e0 00 00 00 00 0 00 00000000 00
[F] 010002e4 00000000
[D] 010002e4 00 00 00 00 0 00 00000000 00
[F] 010002e8 00000000
[D] 010002e8 00 00 00 00 0 00 00000000 00
[F] 010002ec 00000000
[D] 010002ec 00 00 00 00 0 00 00000000 00
[F] 010002f0 00000000
[D] 010002f0 00 00 00 00 0 00 00000000 00
[F] 010002f4 00000000
[D] 010002f4 00 00 00 00 0 00 00000000 00
[F] 010002f8 00000000
[D] 010002f8 00 00 00 00 0 00 00000000 00
[F] 010002fc 00000000
[D] 010002fc 00 00 00 00 0 00 00000000 00
[F] 01000300 00000000
[D] 01000300 00 00 00 00 0 00 00000000 00
[F] 01000304 00000000
[D] 01000304 00 00 00 00 0 00 00000000 00
[F] 01000308 00000000
[D] 01000308 00 00 00 00 0 00 00000000 00
[F] 0100030c 00000000
[D] 0100030c 00 00 00 00 0 00 00000000 00
[F] 01000310 00000000
[D] 01000310 00 00 00 00 0 00 00000000 00
[F] 01000314 00000000
[D] 01000314 00 00 00 00 0 00 00000000 00
[F] 01000318 00000000
[D] 01000318 00 00 00 00 0 00 00000000 00
[F] 0100031c 00000000
[D] 0100031c 00 00 00 00 0 00 00000000 00
[F] 01000320 00000000
[D] 01000320 00 00 00 00 0 00 00000000 00
[F] 01000324 00000000
[D] 01000324 00 00 00 00 0 00 00000000 00
[F] 01000328 00000000
[D] 01000328 00 00 00 00 0 00 00000000 00
[F] 0100032c 00000000
[D] 0100032c 00 00 00 00 0 00 00000000 00
[F] 01000330 00000000
[D] 01000330 00 00 00 00 0 00 00000000 00
[F] 01000334 00000000
[D] 01000334 00 00 00 00 0 00 00000000 00
[F] 01000338 00000000
[D] 01000338 00 00 00 00 0 00 00000000 00
[F] 0100033c 00000000
[D] 0100033c 00 00 00 00 0 00 00000000 00
[F] 01000340 00000000
[D] 01000340 00 00 00 00 0 00 00000000 00
[F] 01000344 00000000
[D] 01000344 00 00 00 00 0 00 00000000 00
[F] 01000348 00000000
[D] 01000348 00 00 00 00 0 00 00000000 00
[F] 0100034c 00000000
[D] 0100034c 00 00 00 00 0 00 00000000 00
[F] 01000350 00000000
[D] 01000350 00 00 00 00 0 00 00000000 00
[F] 01000354 00000000
[D] 01000354 00 00 00 00 0 00 00000000 00
[F] 01000358 00000000
[D] 01000358 00 00 00 00 0 00 00000000 00
[F] 0100035c 00000000
[D] 0100035c 00 00 00 00 0 00 00000000 00
[F] 01000360 00000000
[D] 01000360 00 00 00 00 0 00 00000000 00
[F] 01000364 00000000
[D] 01000364 00 00 00 00 0 00 00000000 00
[F] 01000368 00000000
[D] 01000368 00 00 00 00 0 00 00000000 00
[F] 0100036c 00000000
[D] 0100036c 00 00 00 00 0 00 00000000 00
[F] 01000370 00000000
[D] 01000370 00 00 00 00 0 00 00000000 00
[F] 01000374 00000000
[D] 01000374 00 00 00 00 0 00 00000000 00
[F] 01000378 00000000
[D] 01000378 00 00 00 00 0 00 00000000 00
[F] 0100037c 00000000
[D] 0100037c 00 00 00 00 0 00 00000000 00
[F] 01000380 00000000
[D] 01000380 00 00 00 00 0 00 00000000 00
[F] 01000384 00000000
[D] 01000384 00 00 00 00 0 00 00000000 00
[F] 01000388 00000000
[D] 01000388 00 00 00 00 0 00 00000000 00
[F] 0100038c 00000000
[D] 0100038c 00 00 00 00 0 00 00000000 00
[F] 01000390 00000000
[D] 01000390 00 00 00 00 0 00 00000000 00
[F] 01000394 00000000
[D] 01000394 00 00 00 00 0 00 00000000 00
[F] 01000398 00000000
[D] 01000398 00 00 00 00 0 00 00000000 00
[F] 0100039c 00000000
[D] 0100039c 00 00 00 00 0 00 00000000 00
[F] 010003a0 00000000
[D] 010003a0 00 00 00 00 0 00 00000000 00
[F] 010003a4 00000000
[D] 010003a4 00 00 00 00 0 00 00000000 00
[F] 010003a8 00000000
[D] 010003a8 00 00 00 00 0 00 00000000 00
[F] 010003ac 00000000
[D] 010003ac 00 00 00 00 0 00 00000000 00
[F] 010003b0 00000000
[D] 010003b0 00 00 00 00 0 00 00000000 00
[F] 010003b4 00000000
[D] 010003b4 00 00 00 00 0 00 00000000 00
[F] 010003b8 00000000
[D] 010003b8 00 00 00 00 0 00 00000000 00
[F] 010003bc 00000000
[D] 010003bc 00 00 00 00 0 00 00000000 00
[F] 010003c0 00000000
[D] 010003c0 00 00 00 00 0 00 00000000 00
[F] 010003c4 00000000
[D] 010003c4 00 00 00 00 0 00 00000000 00
[F] 010003c8 00000000
[D] 010003c8 00 00 00 00 0 00 00000000 00
[F] 010003cc 00000000
[D] 010003cc 00 00 00 00 0 00 00000000 00
[F] 010003d0 00000000
[D] 010003d0 00 00 00 00 0 00 00000000 00
[F] 010003d4 00000000
[D] 010003d4 00 00 00 00 0 00 00000000 00
[F] 010003d8 00000000
[D] 010003d8 00 00 00 00 0 00 00000000 00
[F] 010003dc 00000000
[D] 010003dc 00 00 00 00 0 00 00000000 00
[F] 010003e0 00000000
[D] 010003e0 00 00 00 00 0 00 00000000 00
[F] 010003e4 00000000
[D] 010003e4 00 00 00 00 0 00 00000000 00
[F] 010003e8 00000000
[D] 010003e8 00 00 00 00 0 00 00000000 00
[F] 010003ec 00000000
[D] 010003ec 00 00 00 00 0 00 00000000 00
[F] 010003f0 00000000
[D] 010003f0 00 00 00 00 0 00 00000000 00
[F] 010003f4 00000000
[D] 010003f4 00 00 00 00 0 00 00000000 00
[F] 010003f8 00000000
[D] 010003f8 00 00 00 00 0 00 00000000 00
[F] 010003fc 00000000
[D] 010003fc 00 00 00 00 0 00 00000000 00
[F] 01000400 00000000
[D] 01000400 00 00 00 00 0 00 00000000 00
[F] 01000404 00000000
[D] 01000404 00 00 00 00 0 00 00000000 00
[F] 01000408 00000000
[D] 01000408 00 00 00 00 0 00 00000000 00
[F] 0100040c 00000000
[D] 0100040c 00 00 00 00 0 00 00000000 00
[F] 01000410 00000000
[D] 01000410 00 00 00 00 0 00 00000000 00
[F] 01000414 00000000
[D] 01000414 00 00 00 00 0 00 00000000 00
[F] 01000418 00000000
[D] 01000418 00 00 00 00 0 00 00000000 00
[F] 0100041c 00000000
[D] 0100041c 00 00 00 00 0 00 00000000 00
[F] 01000420 00000000
[D] 01000420 00 00 00 00 0 00 00000000 00
[F] 01000424 00000000
[D] 01000424 00 00 00 00 0 00 00000000 00
[F] 01000428 00000000
[D] 01000428 00 00 00 00 0 00 00000000 00
[F] 0100042c 00000000
[D] 0100042c 00 00 00 00 0 00 00000000 00
[F] 01000430 00000000
[D] 01000430 00 00 00 00 0 00 00000000 00
[F] 01000434 00000000
[D] 01000434 00 00 00 00 0 00 00000000 00
[F] 01000438 00000000
[D] 01000438 00 00 00 00 0 00 00000000 00
[F] 0100043c 00000000
[D] 0100043c 00 00 00 00 0 00 00000000 00
[F] 01000440 00000000
[D] 01000440 00 00 00 00 0 00 00000000 00
[F] 01000444 00000000
[D] 01000444 00 00 00 00 0 00 00000000 00
[F] 01000448 00000000
[D] 01000448 00 00 00 00 0 00 00000000 00
[F] 0100044c 00000000
[D] 0100044c 00 00 00 00 0 00 00000000 00
[F] 01000450 00000000
[D] 01000450 00 00 00 00 0 00 00000000 00
[F] 01000454 00000000
[D] 01000454 00 00 00 00 0 00 00000000 00
[F] 01000458 00000000
[D] 01000458 00 00 00 00 0 00 00000000 00
[F] 0100045c 00000000
[D] 0100045c 00 00 00 00 0 00 00000000 00
[F] 01000460 00000000
[D] 01000460 00 00 00 00 0 00 00000000 00
[F] 01000464 00000000
[D] 01000464 00 00 00 00 0 00 00000000 00
[F] 01000468 00000000
[D] 01000468 00 00 00 00 0 00 00000000 00
[F] 0100046c 00000000
[D] 0100046c 00 00 00 00 0 00 00000000 00
[F] 01000470 00000000
[D] 01000470 00 00 00 00 0 00 00000000 00
[F] 01000474 00000000
[D] 01000474 00 00 00 00 0 00 00000000 00
[F] 01000478 00000000
[D] 01000478 00 00 00 00 0 00 00000000 00
[F] 0100047c 00000000
[D] 0100047c 00 00 00 00 0 00 00000000 00
[F] 01000480 00000000
[D] 01000480 00 00 00 00 0 00 00000000 00
[F] 01000484 00000000
[D] 01000484 00 00 00 00 0 00 00000000 00
[F] 01000488 00000000
[D] 01000488 00 00 00 00 0 00 00000000 00
[F] 0100048c 00000000
[D] 0100048c 00 00 00 00 0 00 00000000 00
[F] 01000490 00000000
[D] 01000490 00 00 00 00 0 00 00000000 00
[F] 01000494 00000000
[D] 01000494 00 00 00 00 0 00 00000000 00
[F] 01000498 00000000
[D] 01000498 00 00 00 00 0 00 00000000 00
[F] 0100049c 00000000
[D] 0100049c 00 00 00 00 0 00 00000000 00
[F] 010004a0 00000000
[D] 010004a0 00 00 00 00 0 00 00000000 00
[F] 010004a4 00000000
[D] 010004a4 00 00 00 00 0 00 00000000 00
[F] 010004a8 00000000
[D] 010004a8 00 00 00 00 0 00 00000000 00
[F] 010004ac 00000000
[D] 010004ac 00 00 00 00 0 00 00000000 00
[F] 010004b0 00000000
[D] 010004b0 00 00 00 00 0 00 00000000 00
[F] 010004b4 00000000
[D] 010004b4 00 00 00 00 0 00 00000000 00
[F] 010004b8 00000000
[D] 010004b8 00 00 00 00 0 00 00000000 00
[F] 010004bc 00000000
[D] 010004bc 00 00 00 00 0 00 00000000 00
[F] 010004c0 00000000
[D] 010004c0 00 00 00 00 0 00 00000000 00
[F] 010004c4 00000000
[D] 010004c4 00 00 00 00 0 00 00000000 00
[F] 010004c8 00000000
[D] 010004c8 00 00 00 00 0 00 00000000 00
[F] 010004cc 00000000
[D] 010004cc 00 00 00 00 0 00 00000000 00
[F] 010004d0 00000000
[D] 010004d0 00 00 00 00 0 00 00000000 00
[F] 010004d4 00000000
[D] 010004d4 00 00 00 00 0 00 00000000 00
[F] 010004d8 00000000
[D] 010004d8 00 00 00 00 0 00 00000000 00
[F] 010004dc 00000000
[D] 010004dc 00 00 00 00 0 00 00000000 00
[F] 010004e0 00000000
[D] 010004e0 00 00 00 00 0 00 00000000 00
[F] 010004e4 00000000
[D] 010004e4 00 00 00 00 0 00 00000000 00
[F] 010004e8 00000000
[D] 010004e8 00 00 00 00 0 00 00000000 00
[F] 010004ec 00000000
[D] 010004ec 00 00 00 00 0 00 00000000 00
[F] 010004f0 00000000
[D] 010004f0 00 00 00 00 0 00 00000000 00
[F] 010004f4 00000000
[D] 010004f4 00 00 00 00 0 00 00000000 00
[F] 010004f8 00000000
[D] 010004f8 00 00 00 00 0 00 00000000 00
[F] 010004fc 00000000
[D] 010004fc 00 00 00 00 0 00 00000000 00
[F] 01000500 00000000
[D] 01000500 00 00 00 00 0 00 00000000 00
[F] 01000504 00000000
[D] 01000504 00 00 00 00 0 00 00000000 00
[F] 01000508 00000000
[D] 01000508 00 00 00 00 0 00 00000000 00
[F] 0100050c 00000000
[D] 0100050c 00 00 00 00 0 00 00000000 00
[F] 01000510 00000000
[D] 01000510 00 00 00 00 0 00 00000000 00
[F] 01000514 00000000
[D] 01000514 00 00 00 00 0 00 00000000 00
[F] 01000518 00000000
[D] 01000518 00 00 00 00 0 00 00000000 00
[F] 0100051c 00000000
[D] 0100051c 00 00 00 00 0 00 00000000 00
[F] 01000520 00000000
[D] 01000520 00 00 00 00 0 00 00000000 00
[F] 01000524 00000000
[D] 01000524 00 00 00 00 0 00 00000000 00
[F] 01000528 00000000
[D] 01000528 00 00 00 00 0 00 00000000 00
[F] 0100052c 00000000
[D] 0100052c 00 00 00 00 0 00 00000000 00
[F] 01000530 00000000
[D] 01000530 00 00 00 00 0 00 00000000 00
[F] 01000534 00000000
[D] 01000534 00 00 00 00 0 00 00000000 00
[F] 01000538 00000000
[D] 01000538 00 00 00 00 0 00 00000000 00
[F] 0100053c 00000000
[D] 0100053c 00 00 00 00 0 00 00000000 00
[F] 01000540 00000000
[D] 01000540 00 00 00 00 0 00 00000000 00
[F] 01000544 00000000
[D] 01000544 00 00 00 00 0 00 00000000 00
[F] 01000548 00000000
[D] 01000548 00 00 00 00 0 00 00000000 00
[F] 0100054c 00000000
[D] 0100054c 00 00 00 00 0 00 00000000 00
[F] 01000550 00000000
[D] 01000550 00 00 00 00 0 00 00000000 00
[F] 01000554 00000000
[D] 01000554 00 00 00 00 0 00 00000000 00
[F] 01000558 00000000
[D] 01000558 00 00 00 00 0 00 00000000 00
[F] 0100055c 00000000
[D] 0100055c 00 00 00 00 0 00 00000000 00
[F] 01000560 00000000
[D] 01000560 00 00 00 00 0 00 00000000 00
[F] 01000564 00000000
[D] 01000564 00 00 00 00 0 00 00000000 00
[F] 01000568 00000000
[D] 01000568 00 00 00 00 0 00 00000000 00
[F] 0100056c 00000000
[D] 0100056c 00 00 00 00 0 00 00000000 00
[F] 01000570 00000000
[D] 01000570 00 00 00 00 0 00 00000000 00
[F] 01000574 00000000
[D] 01000574 00 00 00 00 0 00 00000000 00
[F] 01000578 00000000
[D] 01000578 00 00 00 00 0 00 00000000 00
[F] 0100057c 00000000
[D] 0100057c 00 00 00 00 0 00 00000000 00
[F] 01000580 00000000
[D] 01000580 00 00 00 00 0 00 00000000 00
[F] 01000584 00000000
[D] 01000584 00 00 00 00 0 00 00000000 00
[F] 01000588 00000000
[D] 01000588 00 00 00 00 0 00 00000000 00
[F] 0100058c 00000000
[D] 0100058c 00 00 00 00 0 00 00000000 00
[F] 01000590 00000000
[D] 01000590 00 00 00 00 0 00 00000000 00
[F] 01000594 00000000
[D] 01000594 00 00 00 00 0 00 00000000 00
[F] 01000598 00000000
[D] 01000598 00 00 00 00 0 00 00000000 00
[F] 0100059c 00000000
[D] 0100059c 00 00 00 00 0 00 00000000 00
[F] 010005a0 00000000
[D] 010005a0 00 00 00 00 0 00 00000000 00
[F] 010005a4 00000000
[D] 010005a4 00 00 00 00 0 00 00000000 00
[F] 010005a8 00000000
[D] 010005a8 00 00 00 00 0 00 00000000 00
[F] 010005ac 00000000
[D] 010005ac 00 00 00 00 0 00 00000000 00
[F] 010005b0 00000000
[D] 010005b0 00 00 00 00 0 00 00000000 00
[F] 010005b4 00000000
[D] 010005b4 00 00 00 00 0 00 00000000 00
[F] 010005b8 00000000
[D] 010005b8 00 00 00 00 0 00 00000000 00
[F] 010005bc 00000000
[D] 010005bc 00 00 00 00 0 00 00000000 00
[F] 010005c0 00000000
[D] 010005c0 00 00 00 00 0 00 00000000 00
[F] 010005c4 00000000
[D] 010005c4 00 00 00 00 0 00 00000000 00
[F] 010005c8 00000000
[D] 010005c8 00 00 00 00 0 00 00000000 00
[F] 010005cc 00000000
[D] 010005cc 00 00 00 00 0 00 00000000 00
[F] 010005d0 00000000
[D] 010005d0 00 00 00 00 0 00 00000000 00
[F] 010005d4 00000000
[D] 010005d4 00 00 00 00 0 00 00000000 00
[F] 010005d8 00000000
[D] 010005d8 00 00 00 00 0 00 00000000 00
