[F] 01000000 00200193
[D] 01000000 13 03 00 02 0 00 00000002 02
[F] 01000004 00000093
[D] 01000004 13 01 00 00 0 00 00000000 00
[F] 01000008 00000113
[D] 01000008 13 02 00 00 0 00 00000000 00
[F] 0100000c 0020f663
[D] 0100000c 63 0c 01 02 7 00 0000000c 02
[F] 01000010 34301263
[D] 01000010 63 04 00 03 1 1a 00000344 03
[F] 01000014 00301663
[D] 01000014 63 0c 00 03 1 00 0000000c 03
[F] 01000018 fe20fee3
[D] 01000018 63 1d 01 02 7 7f fffffffc 02
[F] 0100001c 32301c63
[D] 0100001c 63 18 00 03 1 19 00000338 03
[F] 01000020 00300193
[D] 01000020 13 03 00 03 0 00 00000003 03
[F] 01000024 00100093
[D] 01000024 13 01 00 01 0 00 00000001 01
[F] 01000028 00100113
[D] 01000028 13 02 00 01 0 00 00000001 01
[F] 0100002c 0020f663
[D] 0100002c 63 0c 01 02 7 00 0000000c 02
[F] 01000030 32301263
[D] 01000030 63 04 00 03 1 19 00000324 03
[F] 01000034 00301663
[D] 01000034 63 0c 00 03 1 00 0000000c 03
[F] 01000038 fe20fee3
[D] 01000038 63 1d 01 02 7 7f fffffffc 02
[F] 0100003c 30301c63
[D] 0100003c 63 18 00 03 1 18 00000318 03
[F] 01000040 00400193
[D] 01000040 13 03 00 04 0 00 00000004 04
[F] 01000044 fff00093
[D] 01000044 13 01 00 1f 0 7f ffffffff 1f
[F] 01000048 fff00113
[D] 01000048 13 02 00 1f 0 7f ffffffff 1f
[F] 0100004c 0020f663
[D] 0100004c 63 0c 01 02 7 00 0000000c 02
[F] 01000050 30301263
[D] 01000050 63 04 00 03 1 18 00000304 03
[F] 01000054 00301663
[D] 01000054 63 0c 00 03 1 00 0000000c 03
[F] 01000058 fe20fee3
[D] 01000058 63 1d 01 02 7 7f fffffffc 02
[F] 0100005c 2e301c63
[D] 0100005c 63 18 00 03 1 17 000002f8 03
[F] 01000060 00500193
[D] 01000060 13 03 00 05 0 00 00000005 05
[F] 01000064 00100093
[D] 01000064 13 01 00 01 0 00 00000001 01
[F] 01000068 00000113
[D] 01000068 13 02 00 00 0 00 00000000 00
[F] 0100006c 0020f663
[D] 0100006c 63 0c 01 02 7 00 0000000c 02
[F] 01000070 2e301263
[D] 01000070 63 04 00 03 1 17 000002e4 03
[F] 01000074 00301663
[D] 01000074 63 0c 00 03 1 00 0000000c 03
[F] 01000078 fe20fee3
[D] 01000078 63 1d 01 02 7 7f fffffffc 02
[F] 0100007c 2c301c63
[D] 0100007c 63 18 00 03 1 16 000002d8 03
[F] 01000080 00600193
[D] 01000080 13 03 00 06 0 00 00000006 06
[F] 01000084 fff00093
[D] 01000084 13 01 00 1f 0 7f ffffffff 1f
[F] 01000088 ffe00113
[D] 01000088 13 02 00 1e 0 7f fffffffe 1e
[F] 0100008c 0020f663
[D] 0100008c 63 0c 01 02 7 00 0000000c 02
[F] 01000090 2c301263
[D] 01000090 63 04 00 03 1 16 000002c4 03
[F] 01000094 00301663
[D] 01000094 63 0c 00 03 1 00 0000000c 03
[F] 01000098 fe20fee3
[D] 01000098 63 1d 01 02 7 7f fffffffc 02
[F] 0100009c 2a301c63
[D] 0100009c 63 18 00 03 1 15 000002b8 03
[F] 010000a0 00700193
[D] 010000a0 13 03 00 07 0 00 00000007 07
[F] 010000a4 fff00093
[D] 010000a4 13 01 00 1f 0 7f ffffffff 1f
[F] 010000a8 00000113
[D] 010000a8 13 02 00 00 0 00 00000000 00
[F] 010000ac 0020f663
[D] 010000ac 63 0c 01 02 7 00 0000000c 02
[F] 010000b0 2a301263
[D] 010000b0 63 04 00 03 1 15 000002a4 03
[F] 010000b4 00301663
[D] 010000b4 63 0c 00 03 1 00 0000000c 03
[F] 010000b8 fe20fee3
[D] 010000b8 63 1d 01 02 7 7f fffffffc 02
[F] 010000bc 28301c63
[D] 010000bc 63 18 00 03 1 14 00000298 03
[F] 010000c0 00800193
[D] 010000c0 13 03 00 08 0 00 00000008 08
[F] 010000c4 00000093
[D] 010000c4 13 01 00 00 0 00 00000000 00
[F] 010000c8 00100113
[D] 010000c8 13 02 00 01 0 00 00000001 01
[F] 010000cc 0020f463
[D] 010000cc 63 08 01 02 7 00 00000008 02
[F] 010000d0 00301463
[D] 010000d0 63 08 00 03 1 00 00000008 03
[F] 010000d4 28301063
[D] 010000d4 63 00 00 03 1 14 00000280 03
[F] 010000d8 fe20fee3
[D] 010000d8 63 1d 01 02 7 7f fffffffc 02
[F] 010000dc 00900193
[D] 010000dc 13 03 00 09 0 00 00000009 09
[F] 010000e0 ffe00093
[D] 010000e0 13 01 00 1e 0 7f fffffffe 1e
[F] 010000e4 fff00113
[D] 010000e4 13 02 00 1f 0 7f ffffffff 1f
[F] 010000e8 0020f463
[D] 010000e8 63 08 01 02 7 00 00000008 02
[F] 010000ec 00301463
[D] 010000ec 63 08 00 03 1 00 00000008 03
[F] 010000f0 26301263
[D] 010000f0 63 04 00 03 1 13 00000264 03
[F] 010000f4 fe20fee3
[D] 010000f4 63 1d 01 02 7 7f fffffffc 02
[F] 010000f8 00a00193
[D] 010000f8 13 03 00 0a 0 00 0000000a 0a
[F] 010000fc 00000093
[D] 010000fc 13 01 00 00 0 00 00000000 00
[F] 01000100 fff00113
[D] 01000100 13 02 00 1f 0 7f ffffffff 1f
[F] 01000104 0020f463
[D] 01000104 63 08 01 02 7 00 00000008 02
[F] 01000108 00301463
[D] 01000108 63 08 00 03 1 00 00000008 03
[F] 0100010c 24301463
[D] 0100010c 63 08 00 03 1 12 00000248 03
[F] 01000110 fe20fee3
[D] 01000110 63 1d 01 02 7 7f fffffffc 02
[F] 01000114 00b00193
[D] 01000114 13 03 00 0b 0 00 0000000b 0b
[F] 01000118 800000b7
[D] 01000118 37 01 00 00 0 40 80000000 00
[F] 0100011c fff08093
[D] 0100011c 13 01 01 1f 0 7f ffffffff 1f
[F] 01000120 80000137
[D] 01000120 37 02 00 00 0 40 80000000 00
[F] 01000124 0020f463
[D] 01000124 63 08 01 02 7 00 00000008 02
[F] 01000128 00301463
[D] 01000128 63 08 00 03 1 00 00000008 03
[F] 0100012c 22301463
[D] 0100012c 63 08 00 03 1 11 00000228 03
[F] 01000130 fe20fee3
[D] 01000130 63 1d 01 02 7 7f fffffffc 02
[F] 01000134 00c00193
[D] 01000134 13 03 00 0c 0 00 0000000c 0c
[F] 01000138 00000213
[D] 01000138 13 04 00 00 0 00 00000000 00
[F] 0100013c f00000b7
[D] 0100013c 37 01 00 00 0 78 f0000000 00
[F] 01000140 fff08093
[D] 01000140 13 01 01 1f 0 7f ffffffff 1f
[F] 01000144 f0000137
[D] 01000144 37 02 00 00 0 78 f0000000 00
[F] 01000148 2020f663
[D] 01000148 63 0c 01 02 7 10 0000020c 02
[F] 0100014c 00120213
[D] 0100014c 13 04 04 01 0 00 00000001 01
[F] 01000150 00200293
[D] 01000150 13 05 00 02 0 00 00000002 02
[F] 01000154 fe5214e3
[D] 01000154 63 09 04 05 1 7f ffffffe8 05
[F] 01000158 00d00193
[D] 01000158 13 03 00 0d 0 00 0000000d 0d
[F] 0100015c 00000213
[D] 0100015c 13 04 00 00 0 00 00000000 00
[F] 01000160 f00000b7
[D] 01000160 37 01 00 00 0 78 f0000000 00
[F] 01000164 fff08093
[D] 01000164 13 01 01 1f 0 7f ffffffff 1f
[F] 01000168 f0000137
[D] 01000168 37 02 00 00 0 78 f0000000 00
[F] 0100016c 00000013
[D] 0100016c 13 00 00 00 0 00 00000000 00
[F] 01000170 1e20f263
[D] 01000170 63 04 01 02 7 0f 000001e4 02
[F] 01000174 00120213
[D] 01000174 13 04 04 01 0 00 00000001 01
[F] 01000178 00200293
[D] 01000178 13 05 00 02 0 00 00000002 02
[F] 0100017c fe5212e3
[D] 0100017c 63 05 04 05 1 7f ffffffe4 05
[F] 01000180 00e00193
[D] 01000180 13 03 00 0e 0 00 0000000e 0e
[F] 01000184 00000213
[D] 01000184 13 04 00 00 0 00 00000000 00
[F] 01000188 f00000b7
[D] 01000188 37 01 00 00 0 78 f0000000 00
[F] 0100018c fff08093
[D] 0100018c 13 01 01 1f 0 7f ffffffff 1f
[F] 01000190 f0000137
[D] 01000190 37 02 00 00 0 78 f0000000 00
[F] 01000194 00000013
[D] 01000194 13 00 00 00 0 00 00000000 00
[F] 01000198 00000013
[D] 01000198 13 00 00 00 0 00 00000000 00
[F] 0100019c 1a20fc63
[D] 0100019c 63 18 01 02 7 0d 000001b8 02
[F] 010001a0 00120213
[D] 010001a0 13 04 04 01 0 00 00000001 01
[F] 010001a4 00200293
[D] 010001a4 13 05 00 02 0 00 00000002 02
[F] 010001a8 fe5210e3
[D] 010001a8 63 01 04 05 1 7f ffffffe0 05
[F] 010001ac 00f00193
[D] 010001ac 13 03 00 0f 0 00 0000000f 0f
[F] 010001b0 00000213
[D] 010001b0 13 04 00 00 0 00 00000000 00
[F] 010001b4 f00000b7
[D] 010001b4 37 01 00 00 0 78 f0000000 00
[F] 010001b8 fff08093
[D] 010001b8 13 01 01 1f 0 7f ffffffff 1f
[F] 010001bc 00000013
[D] 010001bc 13 00 00 00 0 00 00000000 00
[F] 010001c0 f0000137
[D] 010001c0 37 02 00 00 0 78 f0000000 00
[F] 010001c4 1820f863
[D] 010001c4 63 10 01 02 7 0c 00000190 02
[F] 010001c8 00120213
[D] 010001c8 13 04 04 01 0 00 00000001 01
[F] 010001cc 00200293
[D] 010001cc 13 05 00 02 0 00 00000002 02
[F] 010001d0 fe5212e3
[D] 010001d0 63 05 04 05 1 7f ffffffe4 05
[F] 010001d4 01000193
[D] 010001d4 13 03 00 10 0 00 00000010 10
[F] 010001d8 00000213
[D] 010001d8 13 04 00 00 0 00 00000000 00
[F] 010001dc f00000b7
[D] 010001dc 37 01 00 00 0 78 f0000000 00
[F] 010001e0 fff08093
[D] 010001e0 13 01 01 1f 0 7f ffffffff 1f
[F] 010001e4 00000013
[D] 010001e4 13 00 00 00 0 00 00000000 00
[F] 010001e8 f0000137
[D] 010001e8 37 02 00 00 0 78 f0000000 00
[F] 010001ec 00000013
[D] 010001ec 13 00 00 00 0 00 00000000 00
[F] 010001f0 1620f263
[D] 010001f0 63 04 01 02 7 0b 00000164 02
[F] 010001f4 00120213
[D] 010001f4 13 04 04 01 0 00 00000001 01
[F] 010001f8 00200293
[D] 010001f8 13 05 00 02 0 00 00000002 02
[F] 010001fc fe5210e3
[D] 010001fc 63 01 04 05 1 7f ffffffe0 05
[F] 01000200 01100193
[D] 01000200 13 03 00 11 0 00 00000011 11
[F] 01000204 00000213
[D] 01000204 13 04 00 00 0 00 00000000 00
[F] 01000208 f00000b7
[D] 01000208 37 01 00 00 0 78 f0000000 00
[F] 0100020c fff08093
[D] 0100020c 13 01 01 1f 0 7f ffffffff 1f
[F] 01000210 00000013
[D] 01000210 13 00 00 00 0 00 00000000 00
[F] 01000214 00000013
[D] 01000214 13 00 00 00 0 00 00000000 00
[F] 01000218 f0000137
[D] 01000218 37 02 00 00 0 78 f0000000 00
[F] 0100021c 1220fc63
[D] 0100021c 63 18 01 02 7 09 00000138 02
[F] 01000220 00120213
[D] 01000220 13 04 04 01 0 00 00000001 01
[F] 01000224 00200293
[D] 01000224 13 05 00 02 0 00 00000002 02
[F] 01000228 fe5210e3
[D] 01000228 63 01 04 05 1 7f ffffffe0 05
[F] 0100022c 01200193
[D] 0100022c 13 03 00 12 0 00 00000012 12
[F] 01000230 00000213
[D] 01000230 13 04 00 00 0 00 00000000 00
[F] 01000234 f00000b7
[D] 01000234 37 01 00 00 0 78 f0000000 00
[F] 01000238 fff08093
[D] 01000238 13 01 01 1f 0 7f ffffffff 1f
[F] 0100023c f0000137
[D] 0100023c 37 02 00 00 0 78 f0000000 00
[F] 01000240 1020fa63
[D] 01000240 63 14 01 02 7 08 00000114 02
[F] 01000244 00120213
[D] 01000244 13 04 04 01 0 00 00000001 01
[F] 01000248 00200293
[D] 01000248 13 05 00 02 0 00 00000002 02
[F] 0100024c fe5214e3
[D] 0100024c 63 09 04 05 1 7f ffffffe8 05
[F] 01000250 01300193
[D] 01000250 13 03 00 13 0 00 00000013 13
[F] 01000254 00000213
[D] 01000254 13 04 00 00 0 00 00000000 00
[F] 01000258 f00000b7
[D] 01000258 37 01 00 00 0 78 f0000000 00
[F] 0100025c fff08093
[D] 0100025c 13 01 01 1f 0 7f ffffffff 1f
[F] 01000260 f0000137
[D] 01000260 37 02 00 00 0 78 f0000000 00
[F] 01000264 00000013
[D] 01000264 13 00 00 00 0 00 00000000 00
[F] 01000268 0e20f663
[D] 01000268 63 0c 01 02 7 07 000000ec 02
[F] 0100026c 00120213
[D] 0100026c 13 04 04 01 0 00 00000001 01
[F] 01000270 00200293
[D] 01000270 13 05 00 02 0 00 00000002 02
[F] 01000274 fe5212e3
[D] 01000274 63 05 04 05 1 7f ffffffe4 05
[F] 01000278 01400193
[D] 01000278 13 03 00 14 0 00 00000014 14
[F] 0100027c 00000213
[D] 0100027c 13 04 00 00 0 00 00000000 00
[F] 01000280 f00000b7
[D] 01000280 37 01 00 00 0 78 f0000000 00
[F] 01000284 fff08093
[D] 01000284 13 01 01 1f 0 7f ffffffff 1f
[F] 01000288 f0000137
[D] 01000288 37 02 00 00 0 78 f0000000 00
[F] 0100028c 00000013
[D] 0100028c 13 00 00 00 0 00 00000000 00
[F] 01000290 00000013
[D] 01000290 13 00 00 00 0 00 00000000 00
[F] 01000294 0c20f063
[D] 01000294 63 00 01 02 7 06 000000c0 02
[F] 01000298 00120213
[D] 01000298 13 04 04 01 0 00 00000001 01
[F] 0100029c 00200293
[D] 0100029c 13 05 00 02 0 00 00000002 02
[F] 010002a0 fe5210e3
[D] 010002a0 63 01 04 05 1 7f ffffffe0 05
[F] 010002a4 01500193
[D] 010002a4 13 03 00 15 0 00 00000015 15
[F] 010002a8 00000213
[D] 010002a8 13 04 00 00 0 00 00000000 00
[F] 010002ac f00000b7
[D] 010002ac 37 01 00 00 0 78 f0000000 00
[F] 010002b0 fff08093
[D] 010002b0 13 01 01 1f 0 7f ffffffff 1f
[F] 010002b4 00000013
[D] 010002b4 13 00 00 00 0 00 00000000 00
[F] 010002b8 f0000137
[D] 010002b8 37 02 00 00 0 78 f0000000 00
[F] 010002bc 0820fc63
[D] 010002bc 63 18 01 02 7 04 00000098 02
[F] 010002c0 00120213
[D] 010002c0 13 04 04 01 0 00 00000001 01
[F] 010002c4 00200293
[D] 010002c4 13 05 00 02 0 00 00000002 02
[F] 010002c8 fe5212e3
[D] 010002c8 63 05 04 05 1 7f ffffffe4 05
[F] 010002cc 01600193
[D] 010002cc 13 03 00 16 0 00 00000016 16
[F] 010002d0 00000213
[D] 010002d0 13 04 00 00 0 00 00000000 00
[F] 010002d4 f00000b7
[D] 010002d4 37 01 00 00 0 78 f0000000 00
[F] 010002d8 fff08093
[D] 010002d8 13 01 01 1f 0 7f ffffffff 1f
[F] 010002dc 00000013
[D] 010002dc 13 00 00 00 0 00 00000000 00
[F] 010002e0 f0000137
[D] 010002e0 37 02 00 00 0 78 f0000000 00
[F] 010002e4 00000013
[D] 010002e4 13 00 00 00 0 00 00000000 00
[F] 010002e8 0620f663
[D] 010002e8 63 0c 01 02 7 03 0000006c 02
[F] 010002ec 00120213
[D] 010002ec 13 04 04 01 0 00 00000001 01
[F] 010002f0 00200293
[D] 010002f0 13 05 00 02 0 00 00000002 02
[F] 010002f4 fe5210e3
[D] 010002f4 63 01 04 05 1 7f ffffffe0 05
[F] 010002f8 01700193
[D] 010002f8 13 03 00 17 0 00 00000017 17
[F] 010002fc 00000213
[D] 010002fc 13 04 00 00 0 00 00000000 00
[F] 01000300 f00000b7
[D] 01000300 37 01 00 00 0 78 f0000000 00
[F] 01000304 fff08093
[D] 01000304 13 01 01 1f 0 7f ffffffff 1f
[F] 01000308 00000013
[D] 01000308 13 00 00 00 0 00 00000000 00
[F] 0100030c 00000013
[D] 0100030c 13 00 00 00 0 00 00000000 00
[F] 01000310 f0000137
[D] 01000310 37 02 00 00 0 78 f0000000 00
[F] 01000314 0420f063
[D] 01000314 63 00 01 02 7 02 00000040 02
[F] 01000318 00120213
[D] 01000318 13 04 04 01 0 00 00000001 01
[F] 0100031c 00200293
[D] 0100031c 13 05 00 02 0 00 00000002 02
[F] 01000320 fe5210e3
[D] 01000320 63 01 04 05 1 7f ffffffe0 05
[F] 01000324 00100093
[D] 01000324 13 01 00 01 0 00 00000001 01
[F] 01000328 0000fa63
[D] 01000328 63 14 01 00 7 00 00000014 00
[F] 0100032c 00108093
[D] 0100032c 13 01 01 01 0 00 00000001 01
[F] 01000330 00108093
[D] 01000330 13 01 01 01 0 00 00000001 01
[F] 01000334 00108093
[D] 01000334 13 01 01 01 0 00 00000001 01
[F] 01000338 00108093
[D] 01000338 13 01 01 01 0 00 00000001 01
[F] 0100033c 00108093
[D] 0100033c 13 01 01 01 0 00 00000001 01
[F] 01000340 00108093
[D] 01000340 13 01 01 01 0 00 00000001 01
[F] 01000344 00300e93
[D] 01000344 13 1d 00 03 0 00 00000003 03
[F] 01000348 01800193
[D] 01000348 13 03 00 18 0 00 00000018 18
[F] 0100034c 01d09463
[D] 0100034c 63 08 01 1d 1 00 00000008 1d
[F] 01000350 00301c63
[D] 01000350 63 18 00 03 1 00 00000018 03
[F] 01000354 0ff0000f
[D] 01000354 0f 00 00 1f 0 07 00000000 1f
[F] 01000358 00018063
[D] 01000358 63 00 03 00 0 00 00000000 00
[F] 0100035c 00119193
[D] 0100035c 13 03 03 01 1 00 00000001 01
[F] 01000360 0011e193
[D] 01000360 13 03 03 01 6 00 00000001 01
[F] 01000364 00000073
[D] 01000364 73 00 00 00 0 00 00000000 00
[F] 01000368 0ff0000f
[D] 01000368 0f 00 00 1f 0 07 00000000 1f
[F] 0100036c 00100193
[D] 0100036c 13 03 00 01 0 00 00000001 01
[F] 01000370 00000073
[D] 01000370 73 00 00 00 0 00 00000000 00
[F] 01000374 c0001073
[D] 01000374 73 00 00 00 1 60 00000000 00
[F] 01000378 00000000
[D] 01000378 00 00 00 00 0 00 00000000 00
[F] 0100037c 00000000
[D] 0100037c 00 00 00 00 0 00 00000000 00
[F] 01000380 00000000
[D] 01000380 00 00 00 00 0 00 00000000 00
[F] 01000384 00000000
[D] 01000384 00 00 00 00 0 00 00000000 00
[F] 01000388 00000000
[D] 01000388 00 00 00 00 0 00 00000000 00
[F] 0100038c 00000000
[D] 0100038c 00 00 00 00 0 00 00000000 00
[F] 01000390 00000000
[D] 01000390 00 00 00 00 0 00 00000000 00
[F] 01000394 00000000
[D] 01000394 00 00 00 00 0 00 00000000 00
[F] 01000398 00000000
[D] 01000398 00 00 00 00 0 00 00000000 00
[F] 0100039c 00000000
[D] 0100039c 00 00 00 00 0 00 00000000 00
[F] 010003a0 00000000
[D] 010003a0 00 00 00 00 0 00 00000000 00
[F] 010003a4 00000000
[D] 010003a4 00 00 00 00 0 00 00000000 00
[F] 010003a8 00000000
[D] 010003a8 00 00 00 00 0 00 00000000 00
[F] 010003ac 00000000
[D] 010003ac 00 00 00 00 0 00 00000000 00
[F] 010003b0 00000000
[D] 010003b0 00 00 00 00 0 00 00000000 00
[F] 010003b4 00000000
[D] 010003b4 00 00 00 00 0 00 00000000 00
[F] 010003b8 00000000
[D] 010003b8 00 00 00 00 0 00 00000000 00
[F] 010003bc 00000000
[D] 010003bc 00 00 00 00 0 00 00000000 00
[F] 010003c0 00000000
[D] 010003c0 00 00 00 00 0 00 00000000 00
[F] 010003c4 00000000
[D] 010003c4 00 00 00 00 0 00 00000000 00
[F] 010003c8 00000000
[D] 010003c8 00 00 00 00 0 00 00000000 00
[F] 010003cc 00000000
[D] 010003cc 00 00 00 00 0 00 00000000 00
[F] 010003d0 00000000
[D] 010003d0 00 00 00 00 0 00 00000000 00
[F] 010003d4 00000000
[D] 010003d4 00 00 00 00 0 00 00000000 00
[F] 010003d8 00000000
[D] 010003d8 00 00 00 00 0 00 00000000 00
[F] 010003dc 00000000
[D] 010003dc 00 00 00 00 0 00 00000000 00
[F] 010003e0 00000000
[D] 010003e0 00 00 00 00 0 00 00000000 00
[F] 010003e4 00000000
[D] 010003e4 00 00 00 00 0 00 00000000 00
[F] 010003e8 00000000
[D] 010003e8 00 00 00 00 0 00 00000000 00
[F] 010003ec 00000000
[D] 010003ec 00 00 00 00 0 00 00000000 00
[F] 010003f0 00000000
[D] 010003f0 00 00 00 00 0 00 00000000 00
[F] 010003f4 00000000
[D] 010003f4 00 00 00 00 0 00 00000000 00
[F] 010003f8 00000000
[D] 010003f8 00 00 00 00 0 00 00000000 00
[F] 010003fc 00000000
[D] 010003fc 00 00 00 00 0 00 00000000 00
[F] 01000400 00000000
[D] 01000400 00 00 00 00 0 00 00000000 00
[F] 01000404 00000000
[D] 01000404 00 00 00 00 0 00 00000000 00
[F] 01000408 00000000
[D] 01000408 00 00 00 00 0 00 00000000 00
[F] 0100040c 00000000
[D] 0100040c 00 00 00 00 0 00 00000000 00
[F] 01000410 00000000
[D] 01000410 00 00 00 00 0 00 00000000 00
[F] 01000414 00000000
[D] 01000414 00 00 00 00 0 00 00000000 00
[F] 01000418 00000000
[D] 01000418 00 00 00 00 0 00 00000000 00
[F] 0100041c 00000000
[D] 0100041c 00 00 00 00 0 00 00000000 00
[F] 01000420 00000000
[D] 01000420 00 00 00 00 0 00 00000000 00
[F] 01000424 00000000
[D] 01000424 00 00 00 00 0 00 00000000 00
[F] 01000428 00000000
[D] 01000428 00 00 00 00 0 00 00000000 00
[F] 0100042c 00000000
[D] 0100042c 00 00 00 00 0 00 00000000 00
[F] 01000430 00000000
[D] 01000430 00 00 00 00 0 00 00000000 00
[F] 01000434 00000000
[D] 01000434 00 00 00 00 0 00 00000000 00
[F] 01000438 00000000
[D] 01000438 00 00 00 00 0 00 00000000 00
[F] 0100043c 00000000
[D] 0100043c 00 00 00 00 0 00 00000000 00
[F] 01000440 00000000
[D] 01000440 00 00 00 00 0 00 00000000 00
[F] 01000444 00000000
[D] 01000444 00 00 00 00 0 00 00000000 00
[F] 01000448 00000000
[D] 01000448 00 00 00 00 0 00 00000000 00
[F] 0100044c 00000000
[D] 0100044c 00 00 00 00 0 00 00000000 00
[F] 01000450 00000000
[D] 01000450 00 00 00 00 0 00 00000000 00
[F] 01000454 00000000
[D] 01000454 00 00 00 00 0 00 00000000 00
[F] 01000458 00000000
[D] 01000458 00 00 00 00 0 00 00000000 00
[F] 0100045c 00000000
[D] 0100045c 00 00 00 00 0 00 00000000 00
[F] 01000460 00000000
[D] 01000460 00 00 00 00 0 00 00000000 00
[F] 01000464 00000000
[D] 01000464 00 00 00 00 0 00 00000000 00
[F] 01000468 00000000
[D] 01000468 00 00 00 00 0 00 00000000 00
[F] 0100046c 00000000
[D] 0100046c 00 00 00 00 0 00 00000000 00
[F] 01000470 00000000
[D] 01000470 00 00 00 00 0 00 00000000 00
[F] 01000474 00000000
[D] 01000474 00 00 00 00 0 00 00000000 00
[F] 01000478 00000000
[D] 01000478 00 00 00 00 0 00 00000000 00
[F] 0100047c 00000000
[D] 0100047c 00 00 00 00 0 00 00000000 00
[F] 01000480 00000000
[D] 01000480 00 00 00 00 0 00 00000000 00
[F] 01000484 00000000
[D] 01000484 00 00 00 00 0 00 00000000 00
[F] 01000488 00000000
[D] 01000488 00 00 00 00 0 00 00000000 00
[F] 0100048c 00000000
[D] 0100048c 00 00 00 00 0 00 00000000 00
[F] 01000490 00000000
[D] 01000490 00 00 00 00 0 00 00000000 00
[F] 01000494 00000000
[D] 01000494 00 00 00 00 0 00 00000000 00
[F] 01000498 00000000
[D] 01000498 00 00 00 00 0 00 00000000 00
[F] 0100049c 00000000
[D] 0100049c 00 00 00 00 0 00 00000000 00
[F] 010004a0 00000000
[D] 010004a0 00 00 00 00 0 00 00000000 00
[F] 010004a4 00000000
[D] 010004a4 00 00 00 00 0 00 00000000 00
[F] 010004a8 00000000
[D] 010004a8 00 00 00 00 0 00 00000000 00
[F] 010004ac 00000000
[D] 010004ac 00 00 00 00 0 00 00000000 00
[F] 010004b0 00000000
[D] 010004b0 00 00 00 00 0 00 00000000 00
[F] 010004b4 00000000
[D] 010004b4 00 00 00 00 0 00 00000000 00
[F] 010004b8 00000000
[D] 010004b8 00 00 00 00 0 00 00000000 00
[F] 010004bc 00000000
[D] 010004bc 00 00 00 00 0 00 00000000 00
[F] 010004c0 00000000
[D] 010004c0 00 00 00 00 0 00 00000000 00
[F] 010004c4 00000000
[D] 010004c4 00 00 00 00 0 00 00000000 00
[F] 010004c8 00000000
[D] 010004c8 00 00 00 00 0 00 00000000 00
[F] 010004cc 00000000
[D] 010004cc 00 00 00 00 0 00 00000000 00
[F] 010004d0 00000000
[D] 010004d0 00 00 00 00 0 00 00000000 00
[F] 010004d4 00000000
[D] 010004d4 00 00 00 00 0 00 00000000 00
[F] 010004d8 00000000
[D] 010004d8 00 00 00 00 0 00 00000000 00
[F] 010004dc 00000000
[D] 010004dc 00 00 00 00 0 00 00000000 00
[F] 010004e0 00000000
[D] 010004e0 00 00 00 00 0 00 00000000 00
[F] 010004e4 00000000
[D] 010004e4 00 00 00 00 0 00 00000000 00
[F] 010004e8 00000000
[D] 010004e8 00 00 00 00 0 00 00000000 00
[F] 010004ec 00000000
[D] 010004ec 00 00 00 00 0 00 00000000 00
[F] 010004f0 00000000
[D] 010004f0 00 00 00 00 0 00 00000000 00
[F] 010004f4 00000000
[D] 010004f4 00 00 00 00 0 00 00000000 00
[F] 010004f8 00000000
[D] 010004f8 00 00 00 00 0 00 00000000 00
[F] 010004fc 00000000
[D] 010004fc 00 00 00 00 0 00 00000000 00
[F] 01000500 00000000
[D] 01000500 00 00 00 00 0 00 00000000 00
[F] 01000504 00000000
[D] 01000504 00 00 00 00 0 00 00000000 00
[F] 01000508 00000000
[D] 01000508 00 00 00 00 0 00 00000000 00
[F] 0100050c 00000000
[D] 0100050c 00 00 00 00 0 00 00000000 00
[F] 01000510 00000000
[D] 01000510 00 00 00 00 0 00 00000000 00
[F] 01000514 00000000
[D] 01000514 00 00 00 00 0 00 00000000 00
[F] 01000518 00000000
[D] 01000518 00 00 00 00 0 00 00000000 00
[F] 0100051c 00000000
[D] 0100051c 00 00 00 00 0 00 00000000 00
[F] 01000520 00000000
[D] 01000520 00 00 00 00 0 00 00000000 00
[F] 01000524 00000000
[D] 01000524 00 00 00 00 0 00 00000000 00
[F] 01000528 00000000
[D] 01000528 00 00 00 00 0 00 00000000 00
[F] 0100052c 00000000
[D] 0100052c 00 00 00 00 0 00 00000000 00
[F] 01000530 00000000
[D] 01000530 00 00 00 00 0 00 00000000 00
[F] 01000534 00000000
[D] 01000534 00 00 00 00 0 00 00000000 00
[F] 01000538 00000000
[D] 01000538 00 00 00 00 0 00 00000000 00
[F] 0100053c 00000000
[D] 0100053c 00 00 00 00 0 00 00000000 00
[F] 01000540 00000000
[D] 01000540 00 00 00 00 0 00 00000000 00
[F] 01000544 00000000
[D] 01000544 00 00 00 00 0 00 00000000 00
[F] 01000548 00000000
[D] 01000548 00 00 00 00 0 00 00000000 00
[F] 0100054c 00000000
[D] 0100054c 00 00 00 00 0 00 00000000 00
[F] 01000550 00000000
[D] 01000550 00 00 00 00 0 00 00000000 00
[F] 01000554 00000000
[D] 01000554 00 00 00 00 0 00 00000000 00
[F] 01000558 00000000
[D] 01000558 00 00 00 00 0 00 00000000 00
[F] 0100055c 00000000
[D] 0100055c 00 00 00 00 0 00 00000000 00
[F] 01000560 00000000
[D] 01000560 00 00 00 00 0 00 00000000 00
[F] 01000564 00000000
[D] 01000564 00 00 00 00 0 00 00000000 00
[F] 01000568 00000000
[D] 01000568 00 00 00 00 0 00 00000000 00
[F] 0100056c 00000000
[D] 0100056c 00 00 00 00 0 00 00000000 00
[F] 01000570 00000000
[D] 01000570 00 00 00 00 0 00 00000000 00
[F] 01000574 00000000
[D] 01000574 00 00 00 00 0 00 00000000 00
[F] 01000578 00000000
[D] 01000578 00 00 00 00 0 00 00000000 00
[F] 0100057c 00000000
[D] 0100057c 00 00 00 00 0 00 00000000 00
[F] 01000580 00000000
[D] 01000580 00 00 00 00 0 00 00000000 00
[F] 01000584 00000000
[D] 01000584 00 00 00 00 0 00 00000000 00
[F] 01000588 00000000
[D] 01000588 00 00 00 00 0 00 00000000 00
[F] 0100058c 00000000
[D] 0100058c 00 00 00 00 0 00 00000000 00
[F] 01000590 00000000
[D] 01000590 00 00 00 00 0 00 00000000 00
[F] 01000594 00000000
[D] 01000594 00 00 00 00 0 00 00000000 00
[F] 01000598 00000000
[D] 01000598 00 00 00 00 0 00 00000000 00
[F] 0100059c 00000000
[D] 0100059c 00 00 00 00 0 00 00000000 00
[F] 010005a0 00000000
[D] 010005a0 00 00 00 00 0 00 00000000 00
[F] 010005a4 00000000
[D] 010005a4 00 00 00 00 0 00 00000000 00
[F] 010005a8 00000000
[D] 010005a8 00 00 00 00 0 00 00000000 00
[F] 010005ac 00000000
[D] 010005ac 00 00 00 00 0 00 00000000 00
[F] 010005b0 00000000
[D] 010005b0 00 00 00 00 0 00 00000000 00
[F] 010005b4 00000000
[D] 010005b4 00 00 00 00 0 00 00000000 00
[F] 010005b8 00000000
[D] 010005b8 00 00 00 00 0 00 00000000 00
[F] 010005bc 00000000
[D] 010005bc 00 00 00 00 0 00 00000000 00
[F] 010005c0 00000000
[D] 010005c0 00 00 00 00 0 00 00000000 00
[F] 010005c4 00000000
[D] 010005c4 00 00 00 00 0 00 00000000 00
[F] 010005c8 00000000
[D] 010005c8 00 00 00 00 0 00 00000000 00
[F] 010005cc 00000000
[D] 010005cc 00 00 00 00 0 00 00000000 00
[F] 010005d0 00000000
[D] 010005d0 00 00 00 00 0 00 00000000 00
[F] 010005d4 00000000
[D] 010005d4 00 00 00 00 0 00 00000000 00
[F] 010005d8 00000000
[D] 010005d8 00 00 00 00 0 00 00000000 00
