[F] 01000000 00100093
[D] 01000000 13 01 00 01 0 00 00000001 01
[F] 01000004 00000113
[D] 01000004 13 02 00 00 0 00 00000000 00
[F] 01000008 00209f33
[D] 01000008 33 1e 01 02 1 00 00000000 02
[F] 0100000c 00100e93
[D] 0100000c 13 1d 00 01 0 00 00000001 01
[F] 01000010 00200193
[D] 01000010 13 03 00 02 0 00 00000002 02
[F] 01000014 53df1e63
[D] 01000014 63 1c 1e 1d 1 29 0000053c 1d
[F] 01000018 00100093
[D] 01000018 13 01 00 01 0 00 00000001 01
[F] 0100001c 00100113
[D] 0100001c 13 02 00 01 0 00 00000001 01
[F] 01000020 00209f33
[D] 01000020 33 1e 01 02 1 00 00000000 02
[F] 01000024 00200e93
[D] 01000024 13 1d 00 02 0 00 00000002 02
[F] 01000028 00300193
[D] 01000028 13 03 00 03 0 00 00000003 03
[F] 0100002c 53df1263
[D] 0100002c 63 04 1e 1d 1 29 00000524 1d
[F] 01000030 00100093
[D] 01000030 13 01 00 01 0 00 00000001 01
[F] 01000034 00700113
[D] 01000034 13 02 00 07 0 00 00000007 07
[F] 01000038 00209f33
[D] 01000038 33 1e 01 02 1 00 00000000 02
[F] 0100003c 08000e93
[D] 0100003c 13 1d 00 00 0 04 00000080 00
[F] 01000040 00400193
[D] 01000040 13 03 00 04 0 00 00000004 04
[F] 01000044 51df1663
[D] 01000044 63 0c 1e 1d 1 28 0000050c 1d
[F] 01000048 00100093
[D] 01000048 13 01 00 01 0 00 00000001 01
[F] 0100004c 00e00113
[D] 0100004c 13 02 00 0e 0 00 0000000e 0e
[F] 01000050 00209f33
[D] 01000050 33 1e 01 02 1 00 00000000 02
[F] 01000054 00004eb7
[D] 01000054 37 1d 00 00 4 00 00004000 00
[F] 01000058 00500193
[D] 01000058 13 03 00 05 0 00 00000005 05
[F] 0100005c 4fdf1a63
[D] 0100005c 63 14 1e 1d 1 27 000004f4 1d
[F] 01000060 00100093
[D] 01000060 13 01 00 01 0 00 00000001 01
[F] 01000064 01f00113
[D] 01000064 13 02 00 1f 0 00 0000001f 1f
[F] 01000068 00209f33
[D] 01000068 33 1e 01 02 1 00 00000000 02
[F] 0100006c 80000eb7
[D] 0100006c 37 1d 00 00 0 40 80000000 00
[F] 01000070 00600193
[D] 01000070 13 03 00 06 0 00 00000006 06
[F] 01000074 4ddf1e63
[D] 01000074 63 1c 1e 1d 1 26 000004dc 1d
[F] 01000078 fff00093
[D] 01000078 13 01 00 1f 0 7f ffffffff 1f
[F] 0100007c 00000113
[D] 0100007c 13 02 00 00 0 00 00000000 00
[F] 01000080 00209f33
[D] 01000080 33 1e 01 02 1 00 00000000 02
[F] 01000084 fff00e93
[D] 01000084 13 1d 00 1f 0 7f ffffffff 1f
[F] 01000088 00700193
[D] 01000088 13 03 00 07 0 00 00000007 07
[F] 0100008c 4ddf1263
[D] 0100008c 63 04 1e 1d 1 26 000004c4 1d
[F] 01000090 fff00093
[D] 01000090 13 01 00 1f 0 7f ffffffff 1f
[F] 01000094 00100113
[D] 01000094 13 02 00 01 0 00 00000001 01
[F] 01000098 00209f33
[D] 01000098 33 1e 01 02 1 00 00000000 02
[F] 0100009c ffe00e93
[D] 0100009c 13 1d 00 1e 0 7f fffffffe 1e
[F] 010000a0 00800193
[D] 010000a0 13 03 00 08 0 00 00000008 08
[F] 010000a4 4bdf1663
[D] 010000a4 63 0c 1e 1d 1 25 000004ac 1d
[F] 010000a8 fff00093
[D] 010000a8 13 01 00 1f 0 7f ffffffff 1f
[F] 010000ac 00700113
[D] 010000ac 13 02 00 07 0 00 00000007 07
[F] 010000b0 00209f33
[D] 010000b0 33 1e 01 02 1 00 00000000 02
[F] 010000b4 f8000e93
[D] 010000b4 13 1d 00 00 0 7c ffffff80 00
[F] 010000b8 00900193
[D] 010000b8 13 03 00 09 0 00 00000009 09
[F] 010000bc 49df1a63
[D] 010000bc 63 14 1e 1d 1 24 00000494 1d
[F] 010000c0 fff00093
[D] 010000c0 13 01 00 1f 0 7f ffffffff 1f
[F] 010000c4 00e00113
[D] 010000c4 13 02 00 0e 0 00 0000000e 0e
[F] 010000c8 00209f33
[D] 010000c8 33 1e 01 02 1 00 00000000 02
[F] 010000cc ffffceb7
[D] 010000cc 37 1d 00 1f 4 7f ffffc000 1f
[F] 010000d0 00a00193
[D] 010000d0 13 03 00 0a 0 00 0000000a 0a
[F] 010000d4 47df1e63
[D] 010000d4 63 1c 1e 1d 1 23 0000047c 1d
[F] 010000d8 fff00093
[D] 010000d8 13 01 00 1f 0 7f ffffffff 1f
[F] 010000dc 01f00113
[D] 010000dc 13 02 00 1f 0 00 0000001f 1f
[F] 010000e0 00209f33
[D] 010000e0 33 1e 01 02 1 00 00000000 02
[F] 010000e4 80000eb7
[D] 010000e4 37 1d 00 00 0 40 80000000 00
[F] 010000e8 00b00193
[D] 010000e8 13 03 00 0b 0 00 0000000b 0b
[F] 010000ec 47df1263
[D] 010000ec 63 04 1e 1d 1 23 00000464 1d
[F] 010000f0 212120b7
[D] 010000f0 37 01 00 12 2 10 21212000 12
[F] 010000f4 12108093
[D] 010000f4 13 01 01 01 0 09 00000121 01
[F] 010000f8 00000113
[D] 010000f8 13 02 00 00 0 00 00000000 00
[F] 010000fc 00209f33
[D] 010000fc 33 1e 01 02 1 00 00000000 02
[F] 01000100 21212eb7
[D] 01000100 37 1d 00 12 2 10 21212000 12
[F] 01000104 121e8e93
[D] 01000104 13 1d 1d 01 0 09 00000121 01
[F] 01000108 00c00193
[D] 01000108 13 03 00 0c 0 00 0000000c 0c
[F] 0100010c 45df1263
[D] 0100010c 63 04 1e 1d 1 22 00000444 1d
[F] 01000110 212120b7
[D] 01000110 37 01 00 12 2 10 21212000 12
[F] 01000114 12108093
[D] 01000114 13 01 01 01 0 09 00000121 01
[F] 01000118 00100113
[D] 01000118 13 02 00 01 0 00 00000001 01
[F] 0100011c 00209f33
[D] 0100011c 33 1e 01 02 1 00 00000000 02
[F] 01000120 42424eb7
[D] 01000120 37 1d 00 04 4 21 42424000 04
[F] 01000124 242e8e93
[D] 01000124 13 1d 1d 02 0 12 00000242 02
[F] 01000128 00d00193
[D] 01000128 13 03 00 0d 0 00 0000000d 0d
[F] 0100012c 43df1263
[D] 0100012c 63 04 1e 1d 1 21 00000424 1d
[F] 01000130 212120b7
[D] 01000130 37 01 00 12 2 10 21212000 12
[F] 01000134 12108093
[D] 01000134 13 01 01 01 0 09 00000121 01
[F] 01000138 00700113
[D] 01000138 13 02 00 07 0 00 00000007 07
[F] 0100013c 00209f33
[D] 0100013c 33 1e 01 02 1 00 00000000 02
[F] 01000140 90909eb7
[D] 01000140 37 1d 00 09 1 48 90909000 09
[F] 01000144 080e8e93
[D] 01000144 13 1d 1d 00 0 04 00000080 00
[F] 01000148 00e00193
[D] 01000148 13 03 00 0e 0 00 0000000e 0e
[F] 0100014c 41df1263
[D] 0100014c 63 04 1e 1d 1 20 00000404 1d
[F] 01000150 212120b7
[D] 01000150 37 01 00 12 2 10 21212000 12
[F] 01000154 12108093
[D] 01000154 13 01 01 01 0 09 00000121 01
[F] 01000158 00e00113
[D] 01000158 13 02 00 0e 0 00 0000000e 0e
[F] 0100015c 00209f33
[D] 0100015c 33 1e 01 02 1 00 00000000 02
[F] 01000160 48484eb7
[D] 01000160 37 1d 00 04 4 24 48484000 04
[F] 01000164 00f00193
[D] 01000164 13 03 00 0f 0 00 0000000f 0f
[F] 01000168 3fdf1463
[D] 01000168 63 08 1e 1d 1 1f 000003e8 1d
[F] 0100016c 212120b7
[D] 0100016c 37 01 00 12 2 10 21212000 12
[F] 01000170 12108093
[D] 01000170 13 01 01 01 0 09 00000121 01
[F] 01000174 01f00113
[D] 01000174 13 02 00 1f 0 00 0000001f 1f
[F] 01000178 00209f33
[D] 01000178 33 1e 01 02 1 00 00000000 02
[F] 0100017c 80000eb7
[D] 0100017c 37 1d 00 00 0 40 80000000 00
[F] 01000180 01000193
[D] 01000180 13 03 00 10 0 00 00000010 10
[F] 01000184 3ddf1663
[D] 01000184 63 0c 1e 1d 1 1e 000003cc 1d
[F] 01000188 212120b7
[D] 01000188 37 01 00 12 2 10 21212000 12
[F] 0100018c 12108093
[D] 0100018c 13 01 01 01 0 09 00000121 01
[F] 01000190 fc000113
[D] 01000190 13 02 00 00 0 7e ffffffc0 00
[F] 01000194 00209f33
[D] 01000194 33 1e 01 02 1 00 00000000 02
[F] 01000198 21212eb7
[D] 01000198 37 1d 00 12 2 10 21212000 12
[F] 0100019c 121e8e93
[D] 0100019c 13 1d 1d 01 0 09 00000121 01
[F] 010001a0 01100193
[D] 010001a0 13 03 00 11 0 00 00000011 11
[F] 010001a4 3bdf1663
[D] 010001a4 63 0c 1e 1d 1 1d 000003ac 1d
[F] 010001a8 212120b7
[D] 010001a8 37 01 00 12 2 10 21212000 12
[F] 010001ac 12108093
[D] 010001ac 13 01 01 01 0 09 00000121 01
[F] 010001b0 fc100113
[D] 010001b0 13 02 00 01 0 7e ffffffc1 01
[F] 010001b4 00209f33
[D] 010001b4 33 1e 01 02 1 00 00000000 02
[F] 010001b8 42424eb7
[D] 010001b8 37 1d 00 04 4 21 42424000 04
[F] 010001bc 242e8e93
[D] 010001bc 13 1d 1d 02 0 12 00000242 02
[F] 010001c0 01200193
[D] 010001c0 13 03 00 12 0 00 00000012 12
[F] 010001c4 39df1663
[D] 010001c4 63 0c 1e 1d 1 1c 0000038c 1d
[F] 010001c8 212120b7
[D] 010001c8 37 01 00 12 2 10 21212000 12
[F] 010001cc 12108093
[D] 010001cc 13 01 01 01 0 09 00000121 01
[F] 010001d0 fc700113
[D] 010001d0 13 02 00 07 0 7e ffffffc7 07
[F] 010001d4 00209f33
[D] 010001d4 33 1e 01 02 1 00 00000000 02
[F] 010001d8 90909eb7
[D] 010001d8 37 1d 00 09 1 48 90909000 09
[F] 010001dc 080e8e93
[D] 010001dc 13 1d 1d 00 0 04 00000080 00
[F] 010001e0 01300193
[D] 010001e0 13 03 00 13 0 00 00000013 13
[F] 010001e4 37df1663
[D] 010001e4 63 0c 1e 1d 1 1b 0000036c 1d
[F] 010001e8 212120b7
[D] 010001e8 37 01 00 12 2 10 21212000 12
[F] 010001ec 12108093
[D] 010001ec 13 01 01 01 0 09 00000121 01
[F] 010001f0 fce00113
[D] 010001f0 13 02 00 0e 0 7e ffffffce 0e
[F] 010001f4 00209f33
[D] 010001f4 33 1e 01 02 1 00 00000000 02
[F] 010001f8 48484eb7
[D] 010001f8 37 1d 00 04 4 24 48484000 04
[F] 010001fc 01400193
[D] 010001fc 13 03 00 14 0 00 00000014 14
[F] 01000200 35df1863
[D] 01000200 63 10 1e 1d 1 1a 00000350 1d
[F] 01000204 00100093
[D] 01000204 13 01 00 01 0 00 00000001 01
[F] 01000208 00700113
[D] 01000208 13 02 00 07 0 00 00000007 07
[F] 0100020c 002090b3
[D] 0100020c 33 01 01 02 1 00 00000000 02
[F] 01000210 08000e93
[D] 01000210 13 1d 00 00 0 04 00000080 00
[F] 01000214 01600193
[D] 01000214 13 03 00 16 0 00 00000016 16
[F] 01000218 33d09c63
[D] 01000218 63 18 01 1d 1 19 00000338 1d
[F] 0100021c 00100093
[D] 0100021c 13 01 00 01 0 00 00000001 01
[F] 01000220 00e00113
[D] 01000220 13 02 00 0e 0 00 0000000e 0e
[F] 01000224 00209133
[D] 01000224 33 02 01 02 1 00 00000000 02
[F] 01000228 00004eb7
[D] 01000228 37 1d 00 00 4 00 00004000 00
[F] 0100022c 01700193
[D] 0100022c 13 03 00 17 0 00 00000017 17
[F] 01000230 33d11063
[D] 01000230 63 00 02 1d 1 19 00000320 1d
[F] 01000234 00300093
[D] 01000234 13 01 00 03 0 00 00000003 03
[F] 01000238 001090b3
[D] 01000238 33 01 01 01 1 00 00000000 01
[F] 0100023c 01800e93
[D] 0100023c 13 1d 00 18 0 00 00000018 18
[F] 01000240 01800193
[D] 01000240 13 03 00 18 0 00 00000018 18
[F] 01000244 31d09663
[D] 01000244 63 0c 01 1d 1 18 0000030c 1d
[F] 01000248 00000213
[D] 01000248 13 04 00 00 0 00 00000000 00
[F] 0100024c 00100093
[D] 0100024c 13 01 00 01 0 00 00000001 01
[F] 01000250 00700113
[D] 01000250 13 02 00 07 0 00 00000007 07
[F] 01000254 00209f33
[D] 01000254 33 1e 01 02 1 00 00000000 02
[F] 01000258 000f0313
[D] 01000258 13 06 1e 00 0 00 00000000 00
[F] 0100025c 00120213
[D] 0100025c 13 04 04 01 0 00 00000001 01
[F] 01000260 00200293
[D] 01000260 13 05 00 02 0 00 00000002 02
[F] 01000264 fe5214e3
[D] 01000264 63 09 04 05 1 7f ffffffe8 05
[F] 01000268 08000e93
[D] 01000268 13 1d 00 00 0 04 00000080 00
[F] 0100026c 01900193
[D] 0100026c 13 03 00 19 0 00 00000019 19
[F] 01000270 2fd31063
[D] 01000270 63 00 06 1d 1 17 000002e0 1d
[F] 01000274 00000213
[D] 01000274 13 04 00 00 0 00 00000000 00
[F] 01000278 00100093
[D] 01000278 13 01 00 01 0 00 00000001 01
[F] 0100027c 00e00113
[D] 0100027c 13 02 00 0e 0 00 0000000e 0e
[F] 01000280 00209f33
[D] 01000280 33 1e 01 02 1 00 00000000 02
[F] 01000284 00000013
[D] 01000284 13 00 00 00 0 00 00000000 00
[F] 01000288 000f0313
[D] 01000288 13 06 1e 00 0 00 00000000 00
[F] 0100028c 00120213
[D] 0100028c 13 04 04 01 0 00 00000001 01
[F] 01000290 00200293
[D] 01000290 13 05 00 02 0 00 00000002 02
[F] 01000294 fe5212e3
[D] 01000294 63 05 04 05 1 7f ffffffe4 05
[F] 01000298 00004eb7
[D] 01000298 37 1d 00 00 4 00 00004000 00
[F] 0100029c 01a00193
[D] 0100029c 13 03 00 1a 0 00 0000001a 1a
[F] 010002a0 2bd31863
[D] 010002a0 63 10 06 1d 1 15 000002b0 1d
[F] 010002a4 00000213
[D] 010002a4 13 04 00 00 0 00 00000000 00
[F] 010002a8 00100093
[D] 010002a8 13 01 00 01 0 00 00000001 01
[F] 010002ac 01f00113
[D] 010002ac 13 02 00 1f 0 00 0000001f 1f
[F] 010002b0 00209f33
[D] 010002b0 33 1e 01 02 1 00 00000000 02
[F] 010002b4 00000013
[D] 010002b4 13 00 00 00 0 00 00000000 00
[F] 010002b8 00000013
[D] 010002b8 13 00 00 00 0 00 00000000 00
[F] 010002bc 000f0313
[D] 010002bc 13 06 1e 00 0 00 00000000 00
[F] 010002c0 00120213
[D] 010002c0 13 04 04 01 0 00 00000001 01
[F] 010002c4 00200293
[D] 010002c4 13 05 00 02 0 00 00000002 02
[F] 010002c8 fe5210e3
[D] 010002c8 63 01 04 05 1 7f ffffffe0 05
[F] 010002cc 80000eb7
[D] 010002cc 37 1d 00 00 0 40 80000000 00
[F] 010002d0 01b00193
[D] 010002d0 13 03 00 1b 0 00 0000001b 1b
[F] 010002d4 27d31e63
[D] 010002d4 63 1c 06 1d 1 13 0000027c 1d
[F] 010002d8 00000213
[D] 010002d8 13 04 00 00 0 00 00000000 00
[F] 010002dc 00100093
[D] 010002dc 13 01 00 01 0 00 00000001 01
[F] 010002e0 00700113
[D] 010002e0 13 02 00 07 0 00 00000007 07
[F] 010002e4 00209f33
[D] 010002e4 33 1e 01 02 1 00 00000000 02
[F] 010002e8 00120213
[D] 010002e8 13 04 04 01 0 00 00000001 01
[F] 010002ec 00200293
[D] 010002ec 13 05 00 02 0 00 00000002 02
[F] 010002f0 fe5216e3
[D] 010002f0 63 0d 04 05 1 7f ffffffec 05
[F] 010002f4 08000e93
[D] 010002f4 13 1d 00 00 0 04 00000080 00
[F] 010002f8 01c00193
[D] 010002f8 13 03 00 1c 0 00 0000001c 1c
[F] 010002fc 25df1a63
[D] 010002fc 63 14 1e 1d 1 12 00000254 1d
[F] 01000300 00000213
[D] 01000300 13 04 00 00 0 00 00000000 00
[F] 01000304 00100093
[D] 01000304 13 01 00 01 0 00 00000001 01
[F] 01000308 00e00113
[D] 01000308 13 02 00 0e 0 00 0000000e 0e
[F] 0100030c 00000013
[D] 0100030c 13 00 00 00 0 00 00000000 00
[F] 01000310 00209f33
[D] 01000310 33 1e 01 02 1 00 00000000 02
[F] 01000314 00120213
[D] 01000314 13 04 04 01 0 00 00000001 01
[F] 01000318 00200293
[D] 01000318 13 05 00 02 0 00 00000002 02
[F] 0100031c fe5214e3
[D] 0100031c 63 09 04 05 1 7f ffffffe8 05
[F] 01000320 00004eb7
[D] 01000320 37 1d 00 00 4 00 00004000 00
[F] 01000324 01d00193
[D] 01000324 13 03 00 1d 0 00 0000001d 1d
[F] 01000328 23df1463
[D] 01000328 63 08 1e 1d 1 11 00000228 1d
[F] 0100032c 00000213
[D] 0100032c 13 04 00 00 0 00 00000000 00
[F] 01000330 00100093
[D] 01000330 13 01 00 01 0 00 00000001 01
[F] 01000334 01f00113
[D] 01000334 13 02 00 1f 0 00 0000001f 1f
[F] 01000338 00000013
[D] 01000338 13 00 00 00 0 00 00000000 00
[F] 0100033c 00000013
[D] 0100033c 13 00 00 00 0 00 00000000 00
[F] 01000340 00209f33
[D] 01000340 33 1e 01 02 1 00 00000000 02
[F] 01000344 00120213
[D] 01000344 13 04 04 01 0 00 00000001 01
[F] 01000348 00200293
[D] 01000348 13 05 00 02 0 00 00000002 02
[F] 0100034c fe5212e3
[D] 0100034c 63 05 04 05 1 7f ffffffe4 05
[F] 01000350 80000eb7
[D] 01000350 37 1d 00 00 0 40 80000000 00
[F] 01000354 01e00193
[D] 01000354 13 03 00 1e 0 00 0000001e 1e
[F] 01000358 1fdf1c63
[D] 01000358 63 18 1e 1d 1 0f 000001f8 1d
[F] 0100035c 00000213
[D] 0100035c 13 04 00 00 0 00 00000000 00
[F] 01000360 00100093
[D] 01000360 13 01 00 01 0 00 00000001 01
[F] 01000364 00000013
[D] 01000364 13 00 00 00 0 00 00000000 00
[F] 01000368 00700113
[D] 01000368 13 02 00 07 0 00 00000007 07
[F] 0100036c 00209f33
[D] 0100036c 33 1e 01 02 1 00 00000000 02
[F] 01000370 00120213
[D] 01000370 13 04 04 01 0 00 00000001 01
[F] 01000374 00200293
[D] 01000374 13 05 00 02 0 00 00000002 02
[F] 01000378 fe5214e3
[D] 01000378 63 09 04 05 1 7f ffffffe8 05
[F] 0100037c 08000e93
[D] 0100037c 13 1d 00 00 0 04 00000080 00
[F] 01000380 01f00193
[D] 01000380 13 03 00 1f 0 00 0000001f 1f
[F] 01000384 1ddf1663
[D] 01000384 63 0c 1e 1d 1 0e 000001cc 1d
[F] 01000388 00000213
[D] 01000388 13 04 00 00 0 00 00000000 00
[F] 0100038c 00100093
[D] 0100038c 13 01 00 01 0 00 00000001 01
[F] 01000390 00000013
[D] 01000390 13 00 00 00 0 00 00000000 00
[F] 01000394 00e00113
[D] 01000394 13 02 00 0e 0 00 0000000e 0e
[F] 01000398 00000013
[D] 01000398 13 00 00 00 0 00 00000000 00
[F] 0100039c 00209f33
[D] 0100039c 33 1e 01 02 1 00 00000000 02
[F] 010003a0 00120213
[D] 010003a0 13 04 04 01 0 00 00000001 01
[F] 010003a4 00200293
[D] 010003a4 13 05 00 02 0 00 00000002 02
[F] 010003a8 fe5212e3
[D] 010003a8 63 05 04 05 1 7f ffffffe4 05
[F] 010003ac 00004eb7
[D] 010003ac 37 1d 00 00 4 00 00004000 00
[F] 010003b0 02000193
[D] 010003b0 13 03 00 00 0 01 00000020 00
[F] 010003b4 19df1e63
[D] 010003b4 63 1c 1e 1d 1 0c 0000019c 1d
[F] 010003b8 00000213
[D] 010003b8 13 04 00 00 0 00 00000000 00
[F] 010003bc 00100093
[D] 010003bc 13 01 00 01 0 00 00000001 01
[F] 010003c0 00000013
[D] 010003c0 13 00 00 00 0 00 00000000 00
[F] 010003c4 00000013
[D] 010003c4 13 00 00 00 0 00 00000000 00
[F] 010003c8 01f00113
[D] 010003c8 13 02 00 1f 0 00 0000001f 1f
[F] 010003cc 00209f33
[D] 010003cc 33 1e 01 02 1 00 00000000 02
[F] 010003d0 00120213
[D] 010003d0 13 04 04 01 0 00 00000001 01
[F] 010003d4 00200293
[D] 010003d4 13 05 00 02 0 00 00000002 02
[F] 010003d8 fe5212e3
[D] 010003d8 63 05 04 05 1 7f ffffffe4 05
[F] 010003dc 80000eb7
[D] 010003dc 37 1d 00 00 0 40 80000000 00
[F] 010003e0 02100193
[D] 010003e0 13 03 00 01 0 01 00000021 01
[F] 010003e4 17df1663
[D] 010003e4 63 0c 1e 1d 1 0b 0000016c 1d
[F] 010003e8 00000213
[D] 010003e8 13 04 00 00 0 00 00000000 00
[F] 010003ec 00700113
[D] 010003ec 13 02 00 07 0 00 00000007 07
[F] 010003f0 00100093
[D] 010003f0 13 01 00 01 0 00 00000001 01
[F] 010003f4 00209f33
[D] 010003f4 33 1e 01 02 1 00 00000000 02
[F] 010003f8 00120213
[D] 010003f8 13 04 04 01 0 00 00000001 01
[F] 010003fc 00200293
[D] 010003fc 13 05 00 02 0 00 00000002 02
[F] 01000400 fe5216e3
[D] 01000400 63 0d 04 05 1 7f ffffffec 05
[F] 01000404 08000e93
[D] 01000404 13 1d 00 00 0 04 00000080 00
[F] 01000408 02200193
[D] 01000408 13 03 00 02 0 01 00000022 02
[F] 0100040c 15df1263
[D] 0100040c 63 04 1e 1d 1 0a 00000144 1d
[F] 01000410 00000213
[D] 01000410 13 04 00 00 0 00 00000000 00
[F] 01000414 00e00113
[D] 01000414 13 02 00 0e 0 00 0000000e 0e
[F] 01000418 00100093
[D] 01000418 13 01 00 01 0 00 00000001 01
[F] 0100041c 00000013
[D] 0100041c 13 00 00 00 0 00 00000000 00
[F] 01000420 00209f33
[D] 01000420 33 1e 01 02 1 00 00000000 02
[F] 01000424 00120213
[D] 01000424 13 04 04 01 0 00 00000001 01
[F] 01000428 00200293
[D] 01000428 13 05 00 02 0 00 00000002 02
[F] 0100042c fe5214e3
[D] 0100042c 63 09 04 05 1 7f ffffffe8 05
[F] 01000430 00004eb7
[D] 01000430 37 1d 00 00 4 00 00004000 00
[F] 01000434 02300193
[D] 01000434 13 03 00 03 0 01 00000023 03
[F] 01000438 11df1c63
[D] 01000438 63 18 1e 1d 1 08 00000118 1d
[F] 0100043c 00000213
[D] 0100043c 13 04 00 00 0 00 00000000 00
[F] 01000440 01f00113
[D] 01000440 13 02 00 1f 0 00 0000001f 1f
[F] 01000444 00100093
[D] 01000444 13 01 00 01 0 00 00000001 01
[F] 01000448 00000013
[D] 01000448 13 00 00 00 0 00 00000000 00
[F] 0100044c 00000013
[D] 0100044c 13 00 00 00 0 00 00000000 00
[F] 01000450 00209f33
[D] 01000450 33 1e 01 02 1 00 00000000 02
[F] 01000454 00120213
[D] 01000454 13 04 04 01 0 00 00000001 01
[F] 01000458 00200293
[D] 01000458 13 05 00 02 0 00 00000002 02
[F] 0100045c fe5212e3
[D] 0100045c 63 05 04 05 1 7f ffffffe4 05
[F] 01000460 80000eb7
[D] 01000460 37 1d 00 00 0 40 80000000 00
[F] 01000464 02400193
[D] 01000464 13 03 00 04 0 01 00000024 04
[F] 01000468 0fdf1463
[D] 01000468 63 08 1e 1d 1 07 000000e8 1d
[F] 0100046c 00000213
[D] 0100046c 13 04 00 00 0 00 00000000 00
[F] 01000470 00700113
[D] 01000470 13 02 00 07 0 00 00000007 07
[F] 01000474 00000013
[D] 01000474 13 00 00 00 0 00 00000000 00
[F] 01000478 00100093
[D] 01000478 13 01 00 01 0 00 00000001 01
[F] 0100047c 00209f33
[D] 0100047c 33 1e 01 02 1 00 00000000 02
[F] 01000480 00120213
[D] 01000480 13 04 04 01 0 00 00000001 01
[F] 01000484 00200293
[D] 01000484 13 05 00 02 0 00 00000002 02
[F] 01000488 fe5214e3
[D] 01000488 63 09 04 05 1 7f ffffffe8 05
[F] 0100048c 08000e93
[D] 0100048c 13 1d 00 00 0 04 00000080 00
[F] 01000490 02500193
[D] 01000490 13 03 00 05 0 01 00000025 05
[F] 01000494 0bdf1e63
[D] 01000494 63 1c 1e 1d 1 05 000000bc 1d
[F] 01000498 00000213
[D] 01000498 13 04 00 00 0 00 00000000 00
[F] 0100049c 00e00113
[D] 0100049c 13 02 00 0e 0 00 0000000e 0e
[F] 010004a0 00000013
[D] 010004a0 13 00 00 00 0 00 00000000 00
[F] 010004a4 00100093
[D] 010004a4 13 01 00 01 0 00 00000001 01
[F] 010004a8 00000013
[D] 010004a8 13 00 00 00 0 00 00000000 00
[F] 010004ac 00209f33
[D] 010004ac 33 1e 01 02 1 00 00000000 02
[F] 010004b0 00120213
[D] 010004b0 13 04 04 01 0 00 00000001 01
[F] 010004b4 00200293
[D] 010004b4 13 05 00 02 0 00 00000002 02
[F] 010004b8 fe5212e3
[D] 010004b8 63 05 04 05 1 7f ffffffe4 05
[F] 010004bc 00004eb7
[D] 010004bc 37 1d 00 00 4 00 00004000 00
[F] 010004c0 02600193
[D] 010004c0 13 03 00 06 0 01 00000026 06
[F] 010004c4 09df1663
[D] 010004c4 63 0c 1e 1d 1 04 0000008c 1d
[F] 010004c8 00000213
[D] 010004c8 13 04 00 00 0 00 00000000 00
[F] 010004cc 01f00113
[D] 010004cc 13 02 00 1f 0 00 0000001f 1f
[F] 010004d0 00000013
[D] 010004d0 13 00 00 00 0 00 00000000 00
[F] 010004d4 00000013
[D] 010004d4 13 00 00 00 0 00 00000000 00
[F] 010004d8 00100093
[D] 010004d8 13 01 00 01 0 00 00000001 01
[F] 010004dc 00209f33
[D] 010004dc 33 1e 01 02 1 00 00000000 02
[F] 010004e0 00120213
[D] 010004e0 13 04 04 01 0 00 00000001 01
[F] 010004e4 00200293
[D] 010004e4 13 05 00 02 0 00 00000002 02
[F] 010004e8 fe5212e3
[D] 010004e8 63 05 04 05 1 7f ffffffe4 05
[F] 010004ec 80000eb7
[D] 010004ec 37 1d 00 00 0 40 80000000 00
[F] 010004f0 02700193
[D] 010004f0 13 03 00 07 0 01 00000027 07
[F] 010004f4 05df1e63
[D] 010004f4 63 1c 1e 1d 1 02 0000005c 1d
[F] 010004f8 00f00093
[D] 010004f8 13 01 00 0f 0 00 0000000f 0f
[F] 010004fc 00101133
[D] 010004fc 33 02 00 01 1 00 00000000 01
[F] 01000500 00000e93
[D] 01000500 13 1d 00 00 0 00 00000000 00
[F] 01000504 02800193
[D] 01000504 13 03 00 08 0 01 00000028 08
[F] 01000508 05d11463
[D] 01000508 63 08 02 1d 1 02 00000048 1d
[F] 0100050c 02000093
[D] 0100050c 13 01 00 00 0 01 00000020 00
[F] 01000510 00009133
[D] 01000510 33 02 01 00 1 00 00000000 00
[F] 01000514 02000e93
[D] 01000514 13 1d 00 00 0 01 00000020 00
[F] 01000518 02900193
[D] 01000518 13 03 00 09 0 01 00000029 09
[F] 0100051c 03d11a63
[D] 0100051c 63 14 02 1d 1 01 00000034 1d
[F] 01000520 000010b3
[D] 01000520 33 01 00 00 1 00 00000000 00
[F] 01000524 00000e93
[D] 01000524 13 1d 00 00 0 00 00000000 00
[F] 01000528 02a00193
[D] 01000528 13 03 00 0a 0 01 0000002a 0a
[F] 0100052c 03d09263
[D] 0100052c 63 04 01 1d 1 01 00000024 1d
[F] 01000530 40000093
[D] 01000530 13 01 00 00 0 20 00000400 00
[F] 01000534 00001137
[D] 01000534 37 02 00 00 1 00 00001000 00
[F] 01000538 80010113
[D] 01000538 13 02 02 00 0 40 fffff800 00
[F] 0100053c 00209033
[D] 0100053c 33 00 01 02 1 00 00000000 02
[F] 01000540 00000e93
[D] 01000540 13 1d 00 00 0 00 00000000 00
[F] 01000544 02b00193
[D] 01000544 13 03 00 0b 0 01 0000002b 0b
[F] 01000548 01d01463
[D] 01000548 63 08 00 1d 1 00 00000008 1d
[F] 0100054c 00301c63
[D] 0100054c 63 18 00 03 1 00 00000018 03
[F] 01000550 0ff0000f
[D] 01000550 0f 00 00 1f 0 07 00000000 1f
[F] 01000554 00018063
[D] 01000554 63 00 03 00 0 00 00000000 00
[F] 01000558 00119193
[D] 01000558 13 03 03 01 1 00 00000001 01
[F] 0100055c 0011e193
[D] 0100055c 13 03 03 01 6 00 00000001 01
[F] 01000560 00000073
[D] 01000560 73 00 00 00 0 00 00000000 00
[F] 01000564 0ff0000f
[D] 01000564 0f 00 00 1f 0 07 00000000 1f
[F] 01000568 00100193
[D] 01000568 13 03 00 01 0 00 00000001 01
[F] 0100056c 00000073
[D] 0100056c 73 00 00 00 0 00 00000000 00
[F] 01000570 c0001073
[D] 01000570 73 00 00 00 1 60 00000000 00
[F] 01000574 00000000
[D] 01000574 00 00 00 00 0 00 00000000 00
[F] 01000578 00000000
[D] 01000578 00 00 00 00 0 00 00000000 00
[F] 0100057c 00000000
[D] 0100057c 00 00 00 00 0 00 00000000 00
[F] 01000580 00000000
[D] 01000580 00 00 00 00 0 00 00000000 00
[F] 01000584 00000000
[D] 01000584 00 00 00 00 0 00 00000000 00
[F] 01000588 00000000
[D] 01000588 00 00 00 00 0 00 00000000 00
[F] 0100058c 00000000
[D] 0100058c 00 00 00 00 0 00 00000000 00
[F] 01000590 00000000
[D] 01000590 00 00 00 00 0 00 00000000 00
[F] 01000594 00000000
[D] 01000594 00 00 00 00 0 00 00000000 00
[F] 01000598 00000000
[D] 01000598 00 00 00 00 0 00 00000000 00
[F] 0100059c 00000000
[D] 0100059c 00 00 00 00 0 00 00000000 00
[F] 010005a0 00000000
[D] 010005a0 00 00 00 00 0 00 00000000 00
[F] 010005a4 00000000
[D] 010005a4 00 00 00 00 0 00 00000000 00
[F] 010005a8 00000000
[D] 010005a8 00 00 00 00 0 00 00000000 00
[F] 010005ac 00000000
[D] 010005ac 00 00 00 00 0 00 00000000 00
[F] 010005b0 00000000
[D] 010005b0 00 00 00 00 0 00 00000000 00
[F] 010005b4 00000000
[D] 010005b4 00 00 00 00 0 00 00000000 00
[F] 010005b8 00000000
[D] 010005b8 00 00 00 00 0 00 00000000 00
[F] 010005bc 00000000
[D] 010005bc 00 00 00 00 0 00 00000000 00
[F] 010005c0 00000000
[D] 010005c0 00 00 00 00 0 00 00000000 00
[F] 010005c4 00000000
[D] 010005c4 00 00 00 00 0 00 00000000 00
[F] 010005c8 00000000
[D] 010005c8 00 00 00 00 0 00 00000000 00
[F] 010005cc 00000000
[D] 010005cc 00 00 00 00 0 00 00000000 00
[F] 010005d0 00000000
[D] 010005d0 00 00 00 00 0 00 00000000 00
[F] 010005d4 00000000
[D] 010005d4 00 00 00 00 0 00 00000000 00
[F] 010005d8 00000000
[D] 010005d8 00 00 00 00 0 00 00000000 00
