[F] 01000000 ff0100b7
[D] 01000000 37 01 00 10 0 7f ff010000 10
[R] 00 10 00000000 00000000
[E] 01000000 ff010000 0
[F] 01000004 f0008093
[D] 01000004 13 01 01 00 0 78 ffffff00 00
[R] 01 00 00000000 00000000
[E] 01000004 ffffff00 0
[F] 01000008 f0f0ff13
[D] 01000008 13 1e 01 0f 7 78 ffffff0f 0f
[R] 01 0f 00000000 00000000
[E] 01000008 00000000 0
[F] 0100000c ff010eb7
[D] 0100000c 37 1d 00 10 0 7f ff010000 10
[R] 00 10 00000000 00000000
[E] 0100000c ff010000 0
[F] 01000010 f00e8e93
[D] 01000010 13 1d 1d 00 0 78 ffffff00 00
[R] 1d 00 00000000 00000000
[E] 01000010 ffffff00 0
[F] 01000014 00200193
[D] 01000014 13 03 00 02 0 00 00000002 02
[R] 00 02 00000000 01100000
[E] 01000014 00000002 0
[F] 01000018 1bdf1463
[D] 01000018 63 08 1e 1d 1 0d 000001a8 1d
[R] 1e 1d 00000000 00000000
[E] 01000018 010001c0 0
[F] 0100001c 0ff010b7
[D] 0100001c 37 01 00 1f 1 07 0ff01000 1f
[R] 00 1f 00000000 00000000
[E] 0100001c 0ff01000 0
[F] 01000020 ff008093
[D] 01000020 13 01 01 10 0 7f fffffff0 10
[R] 01 10 00000000 00000000
[E] 01000020 fffffff0 0
[F] 01000024 0f00ff13
[D] 01000024 13 1e 01 10 7 07 000000f0 10
[R] 01 10 00000000 00000000
[E] 01000024 00000000 0
[F] 01000028 0f000e93
[D] 01000028 13 1d 00 10 0 07 000000f0 10
[R] 00 10 00000000 00000000
[E] 01000028 000000f0 0
[F] 0100002c 00300193
[D] 0100002c 13 03 00 03 0 00 00000003 03
[R] 00 03 00000000 00000000
[E] 0100002c 00000003 0
[F] 01000030 19df1863
[D] 01000030 63 10 1e 1d 1 0c 00000190 1d
[R] 1e 1d 00000000 00000000
[E] 01000030 010001c0 0
[F] 01000034 00ff00b7
[D] 01000034 37 01 00 0f 0 00 00ff0000 0f
[R] 00 0f 00000000 00000000
[E] 01000034 00ff0000 0
[F] 01000038 0ff08093
[D] 01000038 13 01 01 1f 0 07 000000ff 1f
[R] 01 1f 00000000 00000000
[E] 01000038 000000ff 0
[F] 0100003c 70f0ff13
[D] 0100003c 13 1e 01 0f 7 38 0000070f 0f
[R] 01 0f 00000000 00000000
[E] 0100003c 00000000 0
[F] 01000040 00f00e93
[D] 01000040 13 1d 00 0f 0 00 0000000f 0f
[R] 00 0f 00000000 00000000
[E] 01000040 0000000f 0
[F] 01000044 00400193
[D] 01000044 13 03 00 04 0 00 00000004 04
[R] 00 04 00000000 00000000
[E] 01000044 00000004 0
[F] 01000048 17df1c63
[D] 01000048 63 18 1e 1d 1 0b 00000178 1d
[R] 1e 1d 00000000 00000000
[E] 01000048 010001c0 0
[F] 0100004c f00ff0b7
[D] 0100004c 37 01 00 00 7 78 f00ff000 00
[R] 00 00 00000000 00000000
[E] 0100004c f00ff000 0
[F] 01000050 00f08093
[D] 01000050 13 01 01 0f 0 00 0000000f 0f
[R] 01 0f 00000000 00000000
[E] 01000050 0000000f 0
[F] 01000054 0f00ff13
[D] 01000054 13 1e 01 10 7 07 000000f0 10
[R] 01 10 00000000 00000000
[E] 01000054 00000000 0
[F] 01000058 00000e93
[D] 01000058 13 1d 00 00 0 00 00000000 00
[R] 00 00 00000000 00000000
[E] 01000058 00000000 0
[F] 0100005c 00500193
[D] 0100005c 13 03 00 05 0 00 00000005 05
[R] 00 05 00000000 00000000
[E] 0100005c 00000005 0
[F] 01000060 17df1063
[D] 01000060 63 00 1e 1d 1 0b 00000160 1d
[R] 1e 1d 00000000 00000000
[E] 01000060 010001c0 0
[F] 01000064 ff0100b7
[D] 01000064 37 01 00 10 0 7f ff010000 10
[R] 00 10 00000000 00000000
[E] 01000064 ff010000 0
[F] 01000068 f0008093
[D] 01000068 13 01 01 00 0 78 ffffff00 00
[R] 01 00 00000000 00000000
[E] 01000068 ffffff00 0
[F] 0100006c 0f00f093
[D] 0100006c 13 01 01 10 7 07 000000f0 10
[R] 01 10 00000000 00000000
[E] 0100006c 00000000 0
[F] 01000070 00000e93
[D] 01000070 13 1d 00 00 0 00 00000000 00
[R] 00 00 00000000 00000000
[E] 01000070 00000000 0
[F] 01000074 00600193
[D] 01000074 13 03 00 06 0 00 00000006 06
[R] 00 06 00000000 00000000
[E] 01000074 00000006 0
[F] 01000078 15d09463
[D] 01000078 63 08 01 1d 1 0a 00000148 1d
[R] 01 1d 00000000 00000000
[E] 01000078 010001c0 0
[F] 0100007c 00000213
[D] 0100007c 13 04 00 00 0 00 00000000 00
[R] 00 00 00000000 00000000
[E] 0100007c 00000000 0
[F] 01000080 0ff010b7
[D] 01000080 37 01 00 1f 1 07 0ff01000 1f
[R] 00 1f 00000000 00000000
[E] 01000080 0ff01000 0
[F] 01000084 ff008093
[D] 01000084 13 01 01 10 0 7f fffffff0 10
[R] 01 10 00000000 00000000
[E] 01000084 fffffff0 0
[F] 01000088 70f0ff13
[D] 01000088 13 1e 01 0f 7 38 0000070f 0f
[R] 01 0f 00000000 00000000
[E] 01000088 00000000 0
[F] 0100008c 000f0313
[D] 0100008c 13 06 1e 00 0 00 00000000 00
[R] 1e 00 00000000 00000000
[E] 0100008c 00000000 0
[F] 01000090 00120213
[D] 01000090 13 04 04 01 0 00 00000001 01
[R] 04 01 00000000 00000000
[E] 01000090 00000001 0
[F] 01000094 00200293
[D] 01000094 13 05 00 02 0 00 00000002 02
[R] 00 02 00000000 01100000
[E] 01000094 00000002 0
[F] 01000098 fe5214e3
[D] 01000098 63 09 04 05 1 7f ffffffe8 05
[R] 04 05 00000000 00000000
[E] 01000098 01000080 0
[F] 0100009c 70000e93
[D] 0100009c 13 1d 00 00 0 38 00000700 00
[R] 00 00 00000000 00000000
[E] 0100009c 00000700 0
[F] 010000a0 00700193
[D] 010000a0 13 03 00 07 0 00 00000007 07
[R] 00 07 00000000 00000000
[E] 010000a0 00000007 0
[F] 010000a4 11d31e63
[D] 010000a4 63 1c 06 1d 1 08 0000011c 1d
[R] 06 1d 00000000 00000000
[E] 010000a4 010001c0 0
[F] 010000a8 00000213
[D] 010000a8 13 04 00 00 0 00 00000000 00
[R] 00 00 00000000 00000000
[E] 010000a8 00000000 0
[F] 010000ac 00ff00b7
[D] 010000ac 37 01 00 0f 0 00 00ff0000 0f
[R] 00 0f 00000000 00000000
[E] 010000ac 00ff0000 0
[F] 010000b0 0ff08093
[D] 010000b0 13 01 01 1f 0 07 000000ff 1f
[R] 01 1f 00000000 00000000
[E] 010000b0 000000ff 0
[F] 010000b4 0f00ff13
[D] 010000b4 13 1e 01 10 7 07 000000f0 10
[R] 01 10 00000000 00000000
[E] 010000b4 00000000 0
[F] 010000b8 00000013
[D] 010000b8 13 00 00 00 0 00 00000000 00
[R] 00 00 00000000 00000000
[E] 010000b8 00000000 0
[F] 010000bc 000f0313
[D] 010000bc 13 06 1e 00 0 00 00000000 00
[R] 1e 00 00000000 00000000
[E] 010000bc 00000000 0
[F] 010000c0 00120213
[D] 010000c0 13 04 04 01 0 00 00000001 01
[R] 04 01 00000000 00000000
[E] 010000c0 00000001 0
[F] 010000c4 00200293
[D] 010000c4 13 05 00 02 0 00 00000002 02
[R] 00 02 00000000 01100000
[E] 010000c4 00000002 0
[F] 010000c8 fe5212e3
[D] 010000c8 63 05 04 05 1 7f ffffffe4 05
[R] 04 05 00000000 00000000
[E] 010000c8 010000ac 0
[F] 010000cc 0f000e93
[D] 010000cc 13 1d 00 10 0 07 000000f0 10
[R] 00 10 00000000 00000000
[E] 010000cc 000000f0 0
[F] 010000d0 00800193
[D] 010000d0 13 03 00 08 0 00 00000008 08
[R] 00 08 00000000 00000000
[E] 010000d0 00000008 0
[F] 010000d4 0fd31663
[D] 010000d4 63 0c 06 1d 1 07 000000ec 1d
[R] 06 1d 00000000 00000000
[E] 010000d4 010001c0 0
[F] 010000d8 00000213
[D] 010000d8 13 04 00 00 0 00 00000000 00
[R] 00 00 00000000 00000000
[E] 010000d8 00000000 0
[F] 010000dc f00ff0b7
[D] 010000dc 37 01 00 00 7 78 f00ff000 00
[R] 00 00 00000000 00000000
[E] 010000dc f00ff000 0
[F] 010000e0 00f08093
[D] 010000e0 13 01 01 0f 0 00 0000000f 0f
[R] 01 0f 00000000 00000000
[E] 010000e0 0000000f 0
[F] 010000e4 f0f0ff13
[D] 010000e4 13 1e 01 0f 7 78 ffffff0f 0f
[R] 01 0f 00000000 00000000
[E] 010000e4 00000000 0
[F] 010000e8 00000013
[D] 010000e8 13 00 00 00 0 00 00000000 00
[R] 00 00 00000000 00000000
[E] 010000e8 00000000 0
[F] 010000ec 00000013
[D] 010000ec 13 00 00 00 0 00 00000000 00
[R] 00 00 00000000 00000000
[E] 010000ec 00000000 0
[F] 010000f0 000f0313
[D] 010000f0 13 06 1e 00 0 00 00000000 00
[R] 1e 00 00000000 00000000
[E] 010000f0 00000000 0
[F] 010000f4 00120213
[D] 010000f4 13 04 04 01 0 00 00000001 01
[R] 04 01 00000000 00000000
[E] 010000f4 00000001 0
[F] 010000f8 00200293
[D] 010000f8 13 05 00 02 0 00 00000002 02
[R] 00 02 00000000 01100000
[E] 010000f8 00000002 0
[F] 010000fc fe5210e3
[D] 010000fc 63 01 04 05 1 7f ffffffe0 05
[R] 04 05 00000000 00000000
[E] 010000fc 010000dc 0
[F] 01000100 f00ffeb7
[D] 01000100 37 1d 00 00 7 78 f00ff000 00
[R] 00 00 00000000 00000000
[E] 01000100 f00ff000 0
[F] 01000104 00fe8e93
[D] 01000104 13 1d 1d 0f 0 00 0000000f 0f
[R] 1d 0f 00000000 00000000
[E] 01000104 0000000f 0
[F] 01000108 00900193
[D] 01000108 13 03 00 09 0 00 00000009 09
[R] 00 09 00000000 00000000
[E] 01000108 00000009 0
[F] 0100010c 0bd31a63
[D] 0100010c 63 14 06 1d 1 05 000000b4 1d
[R] 06 1d 00000000 00000000
[E] 0100010c 010001c0 0
[F] 01000110 00000213
[D] 01000110 13 04 00 00 0 00 00000000 00
[R] 00 00 00000000 00000000
[E] 01000110 00000000 0
[F] 01000114 0ff010b7
[D] 01000114 37 01 00 1f 1 07 0ff01000 1f
[R] 00 1f 00000000 00000000
[E] 01000114 0ff01000 0
[F] 01000118 ff008093
[D] 01000118 13 01 01 10 0 7f fffffff0 10
[R] 01 10 00000000 00000000
[E] 01000118 fffffff0 0
[F] 0100011c 70f0ff13
[D] 0100011c 13 1e 01 0f 7 38 0000070f 0f
[R] 01 0f 00000000 00000000
[E] 0100011c 00000000 0
[F] 01000120 00120213
[D] 01000120 13 04 04 01 0 00 00000001 01
[R] 04 01 00000000 00000000
[E] 01000120 00000001 0
[F] 01000124 00200293
[D] 01000124 13 05 00 02 0 00 00000002 02
[R] 00 02 00000000 01100000
[E] 01000124 00000002 0
[F] 01000128 fe5216e3
[D] 01000128 63 0d 04 05 1 7f ffffffec 05
[R] 04 05 00000000 00000000
[E] 01000128 01000114 0
[F] 0100012c 70000e93
[D] 0100012c 13 1d 00 00 0 38 00000700 00
[R] 00 00 00000000 00000000
[E] 0100012c 00000700 0
[F] 01000130 00a00193
[D] 01000130 13 03 00 0a 0 00 0000000a 0a
[R] 00 0a 00000000 00000000
[E] 01000130 0000000a 0
[F] 01000134 09df1663
[D] 01000134 63 0c 1e 1d 1 04 0000008c 1d
[R] 1e 1d 00000000 00000000
[E] 01000134 010001c0 0
[F] 01000138 00000213
[D] 01000138 13 04 00 00 0 00 00000000 00
[R] 00 00 00000000 00000000
[E] 01000138 00000000 0
[F] 0100013c 00ff00b7
[D] 0100013c 37 01 00 0f 0 00 00ff0000 0f
[R] 00 0f 00000000 00000000
[E] 0100013c 00ff0000 0
[F] 01000140 0ff08093
[D] 01000140 13 01 01 1f 0 07 000000ff 1f
[R] 01 1f 00000000 00000000
[E] 01000140 000000ff 0
[F] 01000144 00000013
[D] 01000144 13 00 00 00 0 00 00000000 00
[R] 00 00 00000000 00000000
[E] 01000144 00000000 0
[F] 01000148 0f00ff13
[D] 01000148 13 1e 01 10 7 07 000000f0 10
[R] 01 10 00000000 00000000
[E] 01000148 00000000 0
[F] 0100014c 00120213
[D] 0100014c 13 04 04 01 0 00 00000001 01
[R] 04 01 00000000 00000000
[E] 0100014c 00000001 0
[F] 01000150 00200293
[D] 01000150 13 05 00 02 0 00 00000002 02
[R] 00 02 00000000 01100000
[E] 01000150 00000002 0
[F] 01000154 fe5214e3
[D] 01000154 63 09 04 05 1 7f ffffffe8 05
[R] 04 05 00000000 00000000
[E] 01000154 0100013c 0
[F] 01000158 0f000e93
[D] 01000158 13 1d 00 10 0 07 000000f0 10
[R] 00 10 00000000 00000000
[E] 01000158 000000f0 0
[F] 0100015c 00b00193
[D] 0100015c 13 03 00 0b 0 00 0000000b 0b
[R] 00 0b 00000000 00000000
[E] 0100015c 0000000b 0
[F] 01000160 07df1063
[D] 01000160 63 00 1e 1d 1 03 00000060 1d
[R] 1e 1d 00000000 00000000
[E] 01000160 010001c0 0
[F] 01000164 00000213
[D] 01000164 13 04 00 00 0 00 00000000 00
[R] 00 00 00000000 00000000
[E] 01000164 00000000 0
[F] 01000168 f00ff0b7
[D] 01000168 37 01 00 00 7 78 f00ff000 00
[R] 00 00 00000000 00000000
[E] 01000168 f00ff000 0
[F] 0100016c 00f08093
[D] 0100016c 13 01 01 0f 0 00 0000000f 0f
[R] 01 0f 00000000 00000000
[E] 0100016c 0000000f 0
[F] 01000170 00000013
[D] 01000170 13 00 00 00 0 00 00000000 00
[R] 00 00 00000000 00000000
[E] 01000170 00000000 0
[F] 01000174 00000013
[D] 01000174 13 00 00 00 0 00 00000000 00
[R] 00 00 00000000 00000000
[E] 01000174 00000000 0
[F] 01000178 70f0ff13
[D] 01000178 13 1e 01 0f 7 38 0000070f 0f
[R] 01 0f 00000000 00000000
[E] 01000178 00000000 0
[F] 0100017c 00120213
[D] 0100017c 13 04 04 01 0 00 00000001 01
[R] 04 01 00000000 00000000
[E] 0100017c 00000001 0
[F] 01000180 00200293
[D] 01000180 13 05 00 02 0 00 00000002 02
[R] 00 02 00000000 01100000
[E] 01000180 00000002 0
[F] 01000184 fe5212e3
[D] 01000184 63 05 04 05 1 7f ffffffe4 05
[R] 04 05 00000000 00000000
[E] 01000184 01000168 0
[F] 01000188 00f00e93
[D] 01000188 13 1d 00 0f 0 00 0000000f 0f
[R] 00 0f 00000000 00000000
[E] 01000188 0000000f 0
[F] 0100018c 00c00193
[D] 0100018c 13 03 00 0c 0 00 0000000c 0c
[R] 00 0c 00000000 00000000
[E] 0100018c 0000000c 0
[F] 01000190 03df1863
[D] 01000190 63 10 1e 1d 1 01 00000030 1d
[R] 1e 1d 00000000 00000000
[E] 01000190 010001c0 0
[F] 01000194 0f007093
[D] 01000194 13 01 00 10 7 07 000000f0 10
[R] 00 10 00000000 00000000
[E] 01000194 00000000 0
[F] 01000198 00000e93
[D] 01000198 13 1d 00 00 0 00 00000000 00
[R] 00 00 00000000 00000000
[E] 01000198 00000000 0
[F] 0100019c 00d00193
[D] 0100019c 13 03 00 0d 0 00 0000000d 0d
[R] 00 0d 00000000 00000000
[E] 0100019c 0000000d 0
[F] 010001a0 03d09063
[D] 010001a0 63 00 01 1d 1 01 00000020 1d
[R] 01 1d 00000000 00000000
[E] 010001a0 010001c0 0
[F] 010001a4 00ff00b7
[D] 010001a4 37 01 00 0f 0 00 00ff0000 0f
[R] 00 0f 00000000 00000000
[E] 010001a4 00ff0000 0
[F] 010001a8 0ff08093
[D] 010001a8 13 01 01 1f 0 07 000000ff 1f
[R] 01 1f 00000000 00000000
[E] 010001a8 000000ff 0
[F] 010001ac 70f0f013
[D] 010001ac 13 00 01 0f 7 38 0000070f 0f
[R] 01 0f 00000000 00000000
[E] 010001ac 00000000 0
[F] 010001b0 00000e93
[D] 010001b0 13 1d 00 00 0 00 00000000 00
[R] 00 00 00000000 00000000
[E] 010001b0 00000000 0
[F] 010001b4 00e00193
[D] 010001b4 13 03 00 0e 0 00 0000000e 0e
[R] 00 0e 00000000 00000000
[E] 010001b4 0000000e 0
[F] 010001b8 01d01463
[D] 010001b8 63 08 00 1d 1 00 00000008 1d
[R] 00 1d 00000000 00000000
[E] 010001b8 010001c0 0
[F] 010001bc 00301c63
[D] 010001bc 63 18 00 03 1 00 00000018 03
[R] 00 03 00000000 00000000
[E] 010001bc 010001d4 0
[F] 010001c0 0ff0000f
[D] 010001c0 0f 00 00 1f 0 07 00000000 1f
[R] 00 1f 00000000 00000000
[E] 010001c0 00000000 0
[F] 010001c4 00018063
[D] 010001c4 63 00 03 00 0 00 00000000 00
[R] 03 00 00000000 00000000
[E] 010001c4 010001c4 0
[F] 010001c4 00018063
[D] 010001c4 63 00 03 00 0 00 00000000 00
[R] 03 00 00000000 00000000
[E] 010001c4 010001c4 0
[F] 010001c4 00018063
[D] 010001c4 63 00 03 00 0 00 00000000 00
[R] 03 00 00000000 00000000
[E] 010001c4 010001c4 0
[F] 010001c4 00018063
[D] 010001c4 63 00 03 00 0 00 00000000 00
[R] 03 00 00000000 00000000
[E] 010001c4 010001c4 0
[F] 010001c4 00018063
[D] 010001c4 63 00 03 00 0 00 00000000 00
[R] 03 00 00000000 00000000
[E] 010001c4 010001c4 0
[F] 010001c4 00018063
[D] 010001c4 63 00 03 00 0 00 00000000 00
[R] 03 00 00000000 00000000
[E] 010001c4 010001c4 0
[F] 010001c4 00018063
[D] 010001c4 63 00 03 00 0 00 00000000 00
[R] 03 00 00000000 00000000
[E] 010001c4 010001c4 0
[F] 010001c4 00018063
[D] 010001c4 63 00 03 00 0 00 00000000 00
[R] 03 00 00000000 00000000
[E] 010001c4 010001c4 0
[F] 010001c4 00018063
[D] 010001c4 63 00 03 00 0 00 00000000 00
[R] 03 00 00000000 00000000
[E] 010001c4 010001c4 0
[F] 010001c4 00018063
[D] 010001c4 63 00 03 00 0 00 00000000 00
[R] 03 00 00000000 00000000
[E] 010001c4 010001c4 0
[F] 010001c4 00018063
[D] 010001c4 63 00 03 00 0 00 00000000 00
[R] 03 00 00000000 00000000
[E] 010001c4 010001c4 0
[F] 010001c4 00018063
[D] 010001c4 63 00 03 00 0 00 00000000 00
[R] 03 00 00000000 00000000
[E] 010001c4 010001c4 0
[F] 010001c4 00018063
[D] 010001c4 63 00 03 00 0 00 00000000 00
[R] 03 00 00000000 00000000
[E] 010001c4 010001c4 0
[F] 010001c4 00018063
[D] 010001c4 63 00 03 00 0 00 00000000 00
[R] 03 00 00000000 00000000
[E] 010001c4 010001c4 0
[F] 010001c4 00018063
[D] 010001c4 63 00 03 00 0 00 00000000 00
[R] 03 00 00000000 00000000
[E] 010001c4 010001c4 0
[F] 010001c4 00018063
[D] 010001c4 63 00 03 00 0 00 00000000 00
[R] 03 00 00000000 00000000
[E] 010001c4 010001c4 0
[F] 010001c4 00018063
[D] 010001c4 63 00 03 00 0 00 00000000 00
[R] 03 00 00000000 00000000
[E] 010001c4 010001c4 0
[F] 010001c4 00018063
[D] 010001c4 63 00 03 00 0 00 00000000 00
[R] 03 00 00000000 00000000
[E] 010001c4 010001c4 0
[F] 010001c4 00018063
[D] 010001c4 63 00 03 00 0 00 00000000 00
[R] 03 00 00000000 00000000
[E] 010001c4 010001c4 0
[F] 010001c4 00018063
[D] 010001c4 63 00 03 00 0 00 00000000 00
[R] 03 00 00000000 00000000
[E] 010001c4 010001c4 0
[F] 010001c4 00018063
[D] 010001c4 63 00 03 00 0 00 00000000 00
[R] 03 00 00000000 00000000
[E] 010001c4 010001c4 0
[F] 010001c4 00018063
[D] 010001c4 63 00 03 00 0 00 00000000 00
[R] 03 00 00000000 00000000
[E] 010001c4 010001c4 0
[F] 010001c4 00018063
[D] 010001c4 63 00 03 00 0 00 00000000 00
[R] 03 00 00000000 00000000
[E] 010001c4 010001c4 0
[F] 010001c4 00018063
[D] 010001c4 63 00 03 00 0 00 00000000 00
[R] 03 00 00000000 00000000
[E] 010001c4 010001c4 0
[F] 010001c4 00018063
[D] 010001c4 63 00 03 00 0 00 00000000 00
[R] 03 00 00000000 00000000
[E] 010001c4 010001c4 0
[F] 010001c4 00018063
[D] 010001c4 63 00 03 00 0 00 00000000 00
[R] 03 00 00000000 00000000
[E] 010001c4 010001c4 0
[F] 010001c4 00018063
[D] 010001c4 63 00 03 00 0 00 00000000 00
[R] 03 00 00000000 00000000
[E] 010001c4 010001c4 0
[F] 010001c4 00018063
[D] 010001c4 63 00 03 00 0 00 00000000 00
[R] 03 00 00000000 00000000
[E] 010001c4 010001c4 0
[F] 010001c4 00018063
[D] 010001c4 63 00 03 00 0 00 00000000 00
[R] 03 00 00000000 00000000
[E] 010001c4 010001c4 0
[F] 010001c4 00018063
[D] 010001c4 63 00 03 00 0 00 00000000 00
[R] 03 00 00000000 00000000
[E] 010001c4 010001c4 0
[F] 010001c4 00018063
[D] 010001c4 63 00 03 00 0 00 00000000 00
[R] 03 00 00000000 00000000
[E] 010001c4 010001c4 0
[F] 010001c4 00018063
[D] 010001c4 63 00 03 00 0 00 00000000 00
[R] 03 00 00000000 00000000
[E] 010001c4 010001c4 0
[F] 010001c4 00018063
[D] 010001c4 63 00 03 00 0 00 00000000 00
[R] 03 00 00000000 00000000
[E] 010001c4 010001c4 0
[F] 010001c4 00018063
[D] 010001c4 63 00 03 00 0 00 00000000 00
[R] 03 00 00000000 00000000
[E] 010001c4 010001c4 0
[F] 010001c4 00018063
[D] 010001c4 63 00 03 00 0 00 00000000 00
[R] 03 00 00000000 00000000
[E] 010001c4 010001c4 0
[F] 010001c4 00018063
[D] 010001c4 63 00 03 00 0 00 00000000 00
[R] 03 00 00000000 00000000
[E] 010001c4 010001c4 0
[F] 010001c4 00018063
[D] 010001c4 63 00 03 00 0 00 00000000 00
[R] 03 00 00000000 00000000
[E] 010001c4 010001c4 0
[F] 010001c4 00018063
[D] 010001c4 63 00 03 00 0 00 00000000 00
[R] 03 00 00000000 00000000
[E] 010001c4 010001c4 0
[F] 010001c4 00018063
[D] 010001c4 63 00 03 00 0 00 00000000 00
[R] 03 00 00000000 00000000
[E] 010001c4 010001c4 0
[F] 010001c4 00018063
[D] 010001c4 63 00 03 00 0 00 00000000 00
[R] 03 00 00000000 00000000
[E] 010001c4 010001c4 0
[F] 010001c4 00018063
[D] 010001c4 63 00 03 00 0 00 00000000 00
[R] 03 00 00000000 00000000
[E] 010001c4 010001c4 0
[F] 010001c4 00018063
[D] 010001c4 63 00 03 00 0 00 00000000 00
[R] 03 00 00000000 00000000
[E] 010001c4 010001c4 0
[F] 010001c4 00018063
[D] 010001c4 63 00 03 00 0 00 00000000 00
[R] 03 00 00000000 00000000
[E] 010001c4 010001c4 0
[F] 010001c4 00018063
[D] 010001c4 63 00 03 00 0 00 00000000 00
[R] 03 00 00000000 00000000
[E] 010001c4 010001c4 0
[F] 010001c4 00018063
[D] 010001c4 63 00 03 00 0 00 00000000 00
[R] 03 00 00000000 00000000
[E] 010001c4 010001c4 0
[F] 010001c4 00018063
[D] 010001c4 63 00 03 00 0 00 00000000 00
[R] 03 00 00000000 00000000
[E] 010001c4 010001c4 0
[F] 010001c4 00018063
[D] 010001c4 63 00 03 00 0 00 00000000 00
[R] 03 00 00000000 00000000
[E] 010001c4 010001c4 0
[F] 010001c4 00018063
[D] 010001c4 63 00 03 00 0 00 00000000 00
[R] 03 00 00000000 00000000
[E] 010001c4 010001c4 0
[F] 010001c4 00018063
[D] 010001c4 63 00 03 00 0 00 00000000 00
[R] 03 00 00000000 00000000
[E] 010001c4 010001c4 0
[F] 010001c4 00018063
[D] 010001c4 63 00 03 00 0 00 00000000 00
[R] 03 00 00000000 00000000
[E] 010001c4 010001c4 0
[F] 010001c4 00018063
[D] 010001c4 63 00 03 00 0 00 00000000 00
[R] 03 00 00000000 00000000
[E] 010001c4 010001c4 0
[F] 010001c4 00018063
[D] 010001c4 63 00 03 00 0 00 00000000 00
[R] 03 00 00000000 00000000
[E] 010001c4 010001c4 0
[F] 010001c4 00018063
[D] 010001c4 63 00 03 00 0 00 00000000 00
[R] 03 00 00000000 00000000
[E] 010001c4 010001c4 0
[F] 010001c4 00018063
[D] 010001c4 63 00 03 00 0 00 00000000 00
[R] 03 00 00000000 00000000
[E] 010001c4 010001c4 0
[F] 010001c4 00018063
[D] 010001c4 63 00 03 00 0 00 00000000 00
[R] 03 00 00000000 00000000
[E] 010001c4 010001c4 0
[F] 010001c4 00018063
[D] 010001c4 63 00 03 00 0 00 00000000 00
[R] 03 00 00000000 00000000
[E] 010001c4 010001c4 0
[F] 010001c4 00018063
[D] 010001c4 63 00 03 00 0 00 00000000 00
[R] 03 00 00000000 00000000
[E] 010001c4 010001c4 0
[F] 010001c4 00018063
[D] 010001c4 63 00 03 00 0 00 00000000 00
[R] 03 00 00000000 00000000
[E] 010001c4 010001c4 0
[F] 010001c4 00018063
[D] 010001c4 63 00 03 00 0 00 00000000 00
[R] 03 00 00000000 00000000
[E] 010001c4 010001c4 0
[F] 010001c4 00018063
[D] 010001c4 63 00 03 00 0 00 00000000 00
[R] 03 00 00000000 00000000
[E] 010001c4 010001c4 0
[F] 010001c4 00018063
[D] 010001c4 63 00 03 00 0 00 00000000 00
[R] 03 00 00000000 00000000
[E] 010001c4 010001c4 0
[F] 010001c4 00018063
[D] 010001c4 63 00 03 00 0 00 00000000 00
[R] 03 00 00000000 00000000
[E] 010001c4 010001c4 0
[F] 010001c4 00018063
[D] 010001c4 63 00 03 00 0 00 00000000 00
[R] 03 00 00000000 00000000
[E] 010001c4 010001c4 0
[F] 010001c4 00018063
[D] 010001c4 63 00 03 00 0 00 00000000 00
[R] 03 00 00000000 00000000
[E] 010001c4 010001c4 0
[F] 010001c4 00018063
[D] 010001c4 63 00 03 00 0 00 00000000 00
[R] 03 00 00000000 00000000
[E] 010001c4 010001c4 0
[F] 010001c4 00018063
[D] 010001c4 63 00 03 00 0 00 00000000 00
[R] 03 00 00000000 00000000
[E] 010001c4 010001c4 0
[F] 010001c4 00018063
[D] 010001c4 63 00 03 00 0 00 00000000 00
[R] 03 00 00000000 00000000
[E] 010001c4 010001c4 0
[F] 010001c4 00018063
[D] 010001c4 63 00 03 00 0 00 00000000 00
[R] 03 00 00000000 00000000
[E] 010001c4 010001c4 0
[F] 010001c4 00018063
[D] 010001c4 63 00 03 00 0 00 00000000 00
[R] 03 00 00000000 00000000
[E] 010001c4 010001c4 0
[F] 010001c4 00018063
[D] 010001c4 63 00 03 00 0 00 00000000 00
[R] 03 00 00000000 00000000
[E] 010001c4 010001c4 0
[F] 010001c4 00018063
[D] 010001c4 63 00 03 00 0 00 00000000 00
[R] 03 00 00000000 00000000
[E] 010001c4 010001c4 0
[F] 010001c4 00018063
[D] 010001c4 63 00 03 00 0 00 00000000 00
[R] 03 00 00000000 00000000
[E] 010001c4 010001c4 0
[F] 010001c4 00018063
[D] 010001c4 63 00 03 00 0 00 00000000 00
[R] 03 00 00000000 00000000
[E] 010001c4 010001c4 0
[F] 010001c4 00018063
[D] 010001c4 63 00 03 00 0 00 00000000 00
[R] 03 00 00000000 00000000
[E] 010001c4 010001c4 0
[F] 010001c4 00018063
[D] 010001c4 63 00 03 00 0 00 00000000 00
[R] 03 00 00000000 00000000
[E] 010001c4 010001c4 0
[F] 010001c4 00018063
[D] 010001c4 63 00 03 00 0 00 00000000 00
[R] 03 00 00000000 00000000
[E] 010001c4 010001c4 0
[F] 010001c4 00018063
[D] 010001c4 63 00 03 00 0 00 00000000 00
[R] 03 00 00000000 00000000
[E] 010001c4 010001c4 0
[F] 010001c4 00018063
[D] 010001c4 63 00 03 00 0 00 00000000 00
[R] 03 00 00000000 00000000
[E] 010001c4 010001c4 0
[F] 010001c4 00018063
[D] 010001c4 63 00 03 00 0 00 00000000 00
[R] 03 00 00000000 00000000
[E] 010001c4 010001c4 0
[F] 010001c4 00018063
[D] 010001c4 63 00 03 00 0 00 00000000 00
[R] 03 00 00000000 00000000
[E] 010001c4 010001c4 0
[F] 010001c4 00018063
[D] 010001c4 63 00 03 00 0 00 00000000 00
[R] 03 00 00000000 00000000
[E] 010001c4 010001c4 0
[F] 010001c4 00018063
[D] 010001c4 63 00 03 00 0 00 00000000 00
[R] 03 00 00000000 00000000
[E] 010001c4 010001c4 0
[F] 010001c4 00018063
[D] 010001c4 63 00 03 00 0 00 00000000 00
[R] 03 00 00000000 00000000
[E] 010001c4 010001c4 0
[F] 010001c4 00018063
[D] 010001c4 63 00 03 00 0 00 00000000 00
[R] 03 00 00000000 00000000
[E] 010001c4 010001c4 0
[F] 010001c4 00018063
[D] 010001c4 63 00 03 00 0 00 00000000 00
[R] 03 00 00000000 00000000
[E] 010001c4 010001c4 0
[F] 010001c4 00018063
[D] 010001c4 63 00 03 00 0 00 00000000 00
[R] 03 00 00000000 00000000
[E] 010001c4 010001c4 0
[F] 010001c4 00018063
[D] 010001c4 63 00 03 00 0 00 00000000 00
[R] 03 00 00000000 00000000
[E] 010001c4 010001c4 0
[F] 010001c4 00018063
[D] 010001c4 63 00 03 00 0 00 00000000 00
[R] 03 00 00000000 00000000
[E] 010001c4 010001c4 0
[F] 010001c4 00018063
[D] 010001c4 63 00 03 00 0 00 00000000 00
[R] 03 00 00000000 00000000
[E] 010001c4 010001c4 0
[F] 010001c4 00018063
[D] 010001c4 63 00 03 00 0 00 00000000 00
[R] 03 00 00000000 00000000
[E] 010001c4 010001c4 0
[F] 010001c4 00018063
[D] 010001c4 63 00 03 00 0 00 00000000 00
[R] 03 00 00000000 00000000
[E] 010001c4 010001c4 0
[F] 010001c4 00018063
[D] 010001c4 63 00 03 00 0 00 00000000 00
[R] 03 00 00000000 00000000
[E] 010001c4 010001c4 0
[F] 010001c4 00018063
[D] 010001c4 63 00 03 00 0 00 00000000 00
[R] 03 00 00000000 00000000
[E] 010001c4 010001c4 0
[F] 010001c4 00018063
[D] 010001c4 63 00 03 00 0 00 00000000 00
[R] 03 00 00000000 00000000
[E] 010001c4 010001c4 0
[F] 010001c4 00018063
[D] 010001c4 63 00 03 00 0 00 00000000 00
[R] 03 00 00000000 00000000
[E] 010001c4 010001c4 0
[F] 010001c4 00018063
[D] 010001c4 63 00 03 00 0 00 00000000 00
[R] 03 00 00000000 00000000
[E] 010001c4 010001c4 0
[F] 010001c4 00018063
[D] 010001c4 63 00 03 00 0 00 00000000 00
[R] 03 00 00000000 00000000
[E] 010001c4 010001c4 0
[F] 010001c4 00018063
[D] 010001c4 63 00 03 00 0 00 00000000 00
[R] 03 00 00000000 00000000
[E] 010001c4 010001c4 0
[F] 010001c4 00018063
[D] 010001c4 63 00 03 00 0 00 00000000 00
[R] 03 00 00000000 00000000
[E] 010001c4 010001c4 0
[F] 010001c4 00018063
[D] 010001c4 63 00 03 00 0 00 00000000 00
[R] 03 00 00000000 00000000
[E] 010001c4 010001c4 0
[F] 010001c4 00018063
[D] 010001c4 63 00 03 00 0 00 00000000 00
[R] 03 00 00000000 00000000
[E] 010001c4 010001c4 0
[F] 010001c4 00018063
[D] 010001c4 63 00 03 00 0 00 00000000 00
[R] 03 00 00000000 00000000
[E] 010001c4 010001c4 0
[F] 010001c4 00018063
[D] 010001c4 63 00 03 00 0 00 00000000 00
[R] 03 00 00000000 00000000
[E] 010001c4 010001c4 0
[F] 010001c4 00018063
[D] 010001c4 63 00 03 00 0 00 00000000 00
[R] 03 00 00000000 00000000
[E] 010001c4 010001c4 0
[F] 010001c4 00018063
[D] 010001c4 63 00 03 00 0 00 00000000 00
[R] 03 00 00000000 00000000
[E] 010001c4 010001c4 0
[F] 010001c4 00018063
[D] 010001c4 63 00 03 00 0 00 00000000 00
[R] 03 00 00000000 00000000
[E] 010001c4 010001c4 0
[F] 010001c4 00018063
[D] 010001c4 63 00 03 00 0 00 00000000 00
[R] 03 00 00000000 00000000
[E] 010001c4 010001c4 0
[F] 010001c4 00018063
[D] 010001c4 63 00 03 00 0 00 00000000 00
[R] 03 00 00000000 00000000
[E] 010001c4 010001c4 0
[F] 010001c4 00018063
[D] 010001c4 63 00 03 00 0 00 00000000 00
[R] 03 00 00000000 00000000
[E] 010001c4 010001c4 0
[F] 010001c4 00018063
[D] 010001c4 63 00 03 00 0 00 00000000 00
[R] 03 00 00000000 00000000
[E] 010001c4 010001c4 0
[F] 010001c4 00018063
[D] 010001c4 63 00 03 00 0 00 00000000 00
[R] 03 00 00000000 00000000
[E] 010001c4 010001c4 0
[F] 010001c4 00018063
[D] 010001c4 63 00 03 00 0 00 00000000 00
[R] 03 00 00000000 00000000
[E] 010001c4 010001c4 0
[F] 010001c4 00018063
[D] 010001c4 63 00 03 00 0 00 00000000 00
[R] 03 00 00000000 00000000
[E] 010001c4 010001c4 0
[F] 010001c4 00018063
[D] 010001c4 63 00 03 00 0 00 00000000 00
[R] 03 00 00000000 00000000
[E] 010001c4 010001c4 0
[F] 010001c4 00018063
[D] 010001c4 63 00 03 00 0 00 00000000 00
[R] 03 00 00000000 00000000
[E] 010001c4 010001c4 0
[F] 010001c4 00018063
[D] 010001c4 63 00 03 00 0 00 00000000 00
[R] 03 00 00000000 00000000
[E] 010001c4 010001c4 0
[F] 010001c4 00018063
[D] 010001c4 63 00 03 00 0 00 00000000 00
[R] 03 00 00000000 00000000
[E] 010001c4 010001c4 0
[F] 010001c4 00018063
[D] 010001c4 63 00 03 00 0 00 00000000 00
[R] 03 00 00000000 00000000
[E] 010001c4 010001c4 0
[F] 010001c4 00018063
[D] 010001c4 63 00 03 00 0 00 00000000 00
[R] 03 00 00000000 00000000
[E] 010001c4 010001c4 0
[F] 010001c4 00018063
[D] 010001c4 63 00 03 00 0 00 00000000 00
[R] 03 00 00000000 00000000
[E] 010001c4 010001c4 0
[F] 010001c4 00018063
[D] 010001c4 63 00 03 00 0 00 00000000 00
[R] 03 00 00000000 00000000
[E] 010001c4 010001c4 0
[F] 010001c4 00018063
[D] 010001c4 63 00 03 00 0 00 00000000 00
[R] 03 00 00000000 00000000
[E] 010001c4 010001c4 0
[F] 010001c4 00018063
[D] 010001c4 63 00 03 00 0 00 00000000 00
[R] 03 00 00000000 00000000
[E] 010001c4 010001c4 0
[F] 010001c4 00018063
[D] 010001c4 63 00 03 00 0 00 00000000 00
[R] 03 00 00000000 00000000
[E] 010001c4 010001c4 0
[F] 010001c4 00018063
[D] 010001c4 63 00 03 00 0 00 00000000 00
[R] 03 00 00000000 00000000
[E] 010001c4 010001c4 0
[F] 010001c4 00018063
[D] 010001c4 63 00 03 00 0 00 00000000 00
[R] 03 00 00000000 00000000
[E] 010001c4 010001c4 0
[F] 010001c4 00018063
[D] 010001c4 63 00 03 00 0 00 00000000 00
[R] 03 00 00000000 00000000
[E] 010001c4 010001c4 0
[F] 010001c4 00018063
[D] 010001c4 63 00 03 00 0 00 00000000 00
[R] 03 00 00000000 00000000
[E] 010001c4 010001c4 0
[F] 010001c4 00018063
[D] 010001c4 63 00 03 00 0 00 00000000 00
[R] 03 00 00000000 00000000
[E] 010001c4 010001c4 0
[F] 010001c4 00018063
[D] 010001c4 63 00 03 00 0 00 00000000 00
[R] 03 00 00000000 00000000
[E] 010001c4 010001c4 0
[F] 010001c4 00018063
[D] 010001c4 63 00 03 00 0 00 00000000 00
[R] 03 00 00000000 00000000
[E] 010001c4 010001c4 0
[F] 010001c4 00018063
[D] 010001c4 63 00 03 00 0 00 00000000 00
[R] 03 00 00000000 00000000
[E] 010001c4 010001c4 0
[F] 010001c4 00018063
[D] 010001c4 63 00 03 00 0 00 00000000 00
[R] 03 00 00000000 00000000
[E] 010001c4 010001c4 0
[F] 010001c4 00018063
[D] 010001c4 63 00 03 00 0 00 00000000 00
[R] 03 00 00000000 00000000
[E] 010001c4 010001c4 0
[F] 010001c4 00018063
[D] 010001c4 63 00 03 00 0 00 00000000 00
[R] 03 00 00000000 00000000
[E] 010001c4 010001c4 0
[F] 010001c4 00018063
[D] 010001c4 63 00 03 00 0 00 00000000 00
[R] 03 00 00000000 00000000
[E] 010001c4 010001c4 0
[F] 010001c4 00018063
[D] 010001c4 63 00 03 00 0 00 00000000 00
[R] 03 00 00000000 00000000
[E] 010001c4 010001c4 0
[F] 010001c4 00018063
[D] 010001c4 63 00 03 00 0 00 00000000 00
[R] 03 00 00000000 00000000
[E] 010001c4 010001c4 0
[F] 010001c4 00018063
[D] 010001c4 63 00 03 00 0 00 00000000 00
[R] 03 00 00000000 00000000
[E] 010001c4 010001c4 0
[F] 010001c4 00018063
[D] 010001c4 63 00 03 00 0 00 00000000 00
[R] 03 00 00000000 00000000
[E] 010001c4 010001c4 0
[F] 010001c4 00018063
[D] 010001c4 63 00 03 00 0 00 00000000 00
[R] 03 00 00000000 00000000
[E] 010001c4 010001c4 0
[F] 010001c4 00018063
[D] 010001c4 63 00 03 00 0 00 00000000 00
[R] 03 00 00000000 00000000
[E] 010001c4 010001c4 0
[F] 010001c4 00018063
[D] 010001c4 63 00 03 00 0 00 00000000 00
[R] 03 00 00000000 00000000
[E] 010001c4 010001c4 0
[F] 010001c4 00018063
[D] 010001c4 63 00 03 00 0 00 00000000 00
[R] 03 00 00000000 00000000
[E] 010001c4 010001c4 0
[F] 010001c4 00018063
[D] 010001c4 63 00 03 00 0 00 00000000 00
[R] 03 00 00000000 00000000
[E] 010001c4 010001c4 0
[F] 010001c4 00018063
[D] 010001c4 63 00 03 00 0 00 00000000 00
[R] 03 00 00000000 00000000
[E] 010001c4 010001c4 0
[F] 010001c4 00018063
[D] 010001c4 63 00 03 00 0 00 00000000 00
[R] 03 00 00000000 00000000
[E] 010001c4 010001c4 0
[F] 010001c4 00018063
[D] 010001c4 63 00 03 00 0 00 00000000 00
[R] 03 00 00000000 00000000
[E] 010001c4 010001c4 0
[F] 010001c4 00018063
[D] 010001c4 63 00 03 00 0 00 00000000 00
[R] 03 00 00000000 00000000
[E] 010001c4 010001c4 0
[F] 010001c4 00018063
[D] 010001c4 63 00 03 00 0 00 00000000 00
[R] 03 00 00000000 00000000
[E] 010001c4 010001c4 0
[F] 010001c4 00018063
[D] 010001c4 63 00 03 00 0 00 00000000 00
[R] 03 00 00000000 00000000
[E] 010001c4 010001c4 0
[F] 010001c4 00018063
[D] 010001c4 63 00 03 00 0 00 00000000 00
[R] 03 00 00000000 00000000
[E] 010001c4 010001c4 0
[F] 010001c4 00018063
[D] 010001c4 63 00 03 00 0 00 00000000 00
[R] 03 00 00000000 00000000
[E] 010001c4 010001c4 0
[F] 010001c4 00018063
[D] 010001c4 63 00 03 00 0 00 00000000 00
[R] 03 00 00000000 00000000
[E] 010001c4 010001c4 0
[F] 010001c4 00018063
[D] 010001c4 63 00 03 00 0 00 00000000 00
[R] 03 00 00000000 00000000
[E] 010001c4 010001c4 0
[F] 010001c4 00018063
[D] 010001c4 63 00 03 00 0 00 00000000 00
[R] 03 00 00000000 00000000
[E] 010001c4 010001c4 0
[F] 010001c4 00018063
[D] 010001c4 63 00 03 00 0 00 00000000 00
[R] 03 00 00000000 00000000
[E] 010001c4 010001c4 0
[F] 010001c4 00018063
[D] 010001c4 63 00 03 00 0 00 00000000 00
[R] 03 00 00000000 00000000
[E] 010001c4 010001c4 0
[F] 010001c4 00018063
[D] 010001c4 63 00 03 00 0 00 00000000 00
[R] 03 00 00000000 00000000
[E] 010001c4 010001c4 0
[F] 010001c4 00018063
[D] 010001c4 63 00 03 00 0 00 00000000 00
[R] 03 00 00000000 00000000
[E] 010001c4 010001c4 0
[F] 010001c4 00018063
[D] 010001c4 63 00 03 00 0 00 00000000 00
[R] 03 00 00000000 00000000
[E] 010001c4 010001c4 0
[F] 010001c4 00018063
[D] 010001c4 63 00 03 00 0 00 00000000 00
[R] 03 00 00000000 00000000
[E] 010001c4 010001c4 0
[F] 010001c4 00018063
[D] 010001c4 63 00 03 00 0 00 00000000 00
[R] 03 00 00000000 00000000
[E] 010001c4 010001c4 0
[F] 010001c4 00018063
[D] 010001c4 63 00 03 00 0 00 00000000 00
[R] 03 00 00000000 00000000
[E] 010001c4 010001c4 0
[F] 010001c4 00018063
[D] 010001c4 63 00 03 00 0 00 00000000 00
[R] 03 00 00000000 00000000
[E] 010001c4 010001c4 0
[F] 010001c4 00018063
[D] 010001c4 63 00 03 00 0 00 00000000 00
[R] 03 00 00000000 00000000
[E] 010001c4 010001c4 0
[F] 010001c4 00018063
[D] 010001c4 63 00 03 00 0 00 00000000 00
[R] 03 00 00000000 00000000
[E] 010001c4 010001c4 0
[F] 010001c4 00018063
[D] 010001c4 63 00 03 00 0 00 00000000 00
[R] 03 00 00000000 00000000
[E] 010001c4 010001c4 0
[F] 010001c4 00018063
[D] 010001c4 63 00 03 00 0 00 00000000 00
[R] 03 00 00000000 00000000
[E] 010001c4 010001c4 0
[F] 010001c4 00018063
[D] 010001c4 63 00 03 00 0 00 00000000 00
[R] 03 00 00000000 00000000
[E] 010001c4 010001c4 0
[F] 010001c4 00018063
[D] 010001c4 63 00 03 00 0 00 00000000 00
[R] 03 00 00000000 00000000
[E] 010001c4 010001c4 0
[F] 010001c4 00018063
[D] 010001c4 63 00 03 00 0 00 00000000 00
[R] 03 00 00000000 00000000
[E] 010001c4 010001c4 0
[F] 010001c4 00018063
[D] 010001c4 63 00 03 00 0 00 00000000 00
[R] 03 00 00000000 00000000
[E] 010001c4 010001c4 0
[F] 010001c4 00018063
[D] 010001c4 63 00 03 00 0 00 00000000 00
[R] 03 00 00000000 00000000
[E] 010001c4 010001c4 0
[F] 010001c4 00018063
[D] 010001c4 63 00 03 00 0 00 00000000 00
[R] 03 00 00000000 00000000
[E] 010001c4 010001c4 0
[F] 010001c4 00018063
[D] 010001c4 63 00 03 00 0 00 00000000 00
[R] 03 00 00000000 00000000
[E] 010001c4 010001c4 0
[F] 010001c4 00018063
[D] 010001c4 63 00 03 00 0 00 00000000 00
[R] 03 00 00000000 00000000
[E] 010001c4 010001c4 0
[F] 010001c4 00018063
[D] 010001c4 63 00 03 00 0 00 00000000 00
[R] 03 00 00000000 00000000
[E] 010001c4 010001c4 0
[F] 010001c4 00018063
[D] 010001c4 63 00 03 00 0 00 00000000 00
[R] 03 00 00000000 00000000
[E] 010001c4 010001c4 0
[F] 010001c4 00018063
[D] 010001c4 63 00 03 00 0 00 00000000 00
[R] 03 00 00000000 00000000
[E] 010001c4 010001c4 0
[F] 010001c4 00018063
[D] 010001c4 63 00 03 00 0 00 00000000 00
[R] 03 00 00000000 00000000
[E] 010001c4 010001c4 0
[F] 010001c4 00018063
[D] 010001c4 63 00 03 00 0 00 00000000 00
[R] 03 00 00000000 00000000
[E] 010001c4 010001c4 0
[F] 010001c4 00018063
[D] 010001c4 63 00 03 00 0 00 00000000 00
[R] 03 00 00000000 00000000
[E] 010001c4 010001c4 0
[F] 010001c4 00018063
[D] 010001c4 63 00 03 00 0 00 00000000 00
[R] 03 00 00000000 00000000
[E] 010001c4 010001c4 0
[F] 010001c4 00018063
[D] 010001c4 63 00 03 00 0 00 00000000 00
[R] 03 00 00000000 00000000
[E] 010001c4 010001c4 0
[F] 010001c4 00018063
[D] 010001c4 63 00 03 00 0 00 00000000 00
[R] 03 00 00000000 00000000
[E] 010001c4 010001c4 0
[F] 010001c4 00018063
[D] 010001c4 63 00 03 00 0 00 00000000 00
[R] 03 00 00000000 00000000
[E] 010001c4 010001c4 0
[F] 010001c4 00018063
[D] 010001c4 63 00 03 00 0 00 00000000 00
[R] 03 00 00000000 00000000
[E] 010001c4 010001c4 0
[F] 010001c4 00018063
[D] 010001c4 63 00 03 00 0 00 00000000 00
[R] 03 00 00000000 00000000
[E] 010001c4 010001c4 0
[F] 010001c4 00018063
[D] 010001c4 63 00 03 00 0 00 00000000 00
[R] 03 00 00000000 00000000
[E] 010001c4 010001c4 0
[F] 010001c4 00018063
[D] 010001c4 63 00 03 00 0 00 00000000 00
[R] 03 00 00000000 00000000
[E] 010001c4 010001c4 0
[F] 010001c4 00018063
[D] 010001c4 63 00 03 00 0 00 00000000 00
[R] 03 00 00000000 00000000
[E] 010001c4 010001c4 0
[F] 010001c4 00018063
[D] 010001c4 63 00 03 00 0 00 00000000 00
[R] 03 00 00000000 00000000
[E] 010001c4 010001c4 0
[F] 010001c4 00018063
[D] 010001c4 63 00 03 00 0 00 00000000 00
[R] 03 00 00000000 00000000
[E] 010001c4 010001c4 0
[F] 010001c4 00018063
[D] 010001c4 63 00 03 00 0 00 00000000 00
[R] 03 00 00000000 00000000
[E] 010001c4 010001c4 0
[F] 010001c4 00018063
[D] 010001c4 63 00 03 00 0 00 00000000 00
[R] 03 00 00000000 00000000
[E] 010001c4 010001c4 0
[F] 010001c4 00018063
[D] 010001c4 63 00 03 00 0 00 00000000 00
[R] 03 00 00000000 00000000
[E] 010001c4 010001c4 0
[F] 010001c4 00018063
[D] 010001c4 63 00 03 00 0 00 00000000 00
[R] 03 00 00000000 00000000
[E] 010001c4 010001c4 0
[F] 010001c4 00018063
[D] 010001c4 63 00 03 00 0 00 00000000 00
[R] 03 00 00000000 00000000
[E] 010001c4 010001c4 0
[F] 010001c4 00018063
[D] 010001c4 63 00 03 00 0 00 00000000 00
[R] 03 00 00000000 00000000
[E] 010001c4 010001c4 0
[F] 010001c4 00018063
[D] 010001c4 63 00 03 00 0 00 00000000 00
[R] 03 00 00000000 00000000
[E] 010001c4 010001c4 0
[F] 010001c4 00018063
[D] 010001c4 63 00 03 00 0 00 00000000 00
[R] 03 00 00000000 00000000
[E] 010001c4 010001c4 0
[F] 010001c4 00018063
[D] 010001c4 63 00 03 00 0 00 00000000 00
[R] 03 00 00000000 00000000
[E] 010001c4 010001c4 0
[F] 010001c4 00018063
[D] 010001c4 63 00 03 00 0 00 00000000 00
[R] 03 00 00000000 00000000
[E] 010001c4 010001c4 0
[F] 010001c4 00018063
[D] 010001c4 63 00 03 00 0 00 00000000 00
[R] 03 00 00000000 00000000
[E] 010001c4 010001c4 0
[F] 010001c4 00018063
[D] 010001c4 63 00 03 00 0 00 00000000 00
[R] 03 00 00000000 00000000
[E] 010001c4 010001c4 0
[F] 010001c4 00018063
[D] 010001c4 63 00 03 00 0 00 00000000 00
[R] 03 00 00000000 00000000
[E] 010001c4 010001c4 0
[F] 010001c4 00018063
[D] 010001c4 63 00 03 00 0 00 00000000 00
[R] 03 00 00000000 00000000
[E] 010001c4 010001c4 0
[F] 010001c4 00018063
[D] 010001c4 63 00 03 00 0 00 00000000 00
[R] 03 00 00000000 00000000
[E] 010001c4 010001c4 0
[F] 010001c4 00018063
[D] 010001c4 63 00 03 00 0 00 00000000 00
[R] 03 00 00000000 00000000
[E] 010001c4 010001c4 0
[F] 010001c4 00018063
[D] 010001c4 63 00 03 00 0 00 00000000 00
[R] 03 00 00000000 00000000
[E] 010001c4 010001c4 0
[F] 010001c4 00018063
[D] 010001c4 63 00 03 00 0 00 00000000 00
[R] 03 00 00000000 00000000
[E] 010001c4 010001c4 0
[F] 010001c4 00018063
[D] 010001c4 63 00 03 00 0 00 00000000 00
[R] 03 00 00000000 00000000
[E] 010001c4 010001c4 0
[F] 010001c4 00018063
[D] 010001c4 63 00 03 00 0 00 00000000 00
[R] 03 00 00000000 00000000
[E] 010001c4 010001c4 0
[F] 010001c4 00018063
[D] 010001c4 63 00 03 00 0 00 00000000 00
[R] 03 00 00000000 00000000
[E] 010001c4 010001c4 0
[F] 010001c4 00018063
[D] 010001c4 63 00 03 00 0 00 00000000 00
[R] 03 00 00000000 00000000
[E] 010001c4 010001c4 0
[F] 010001c4 00018063
[D] 010001c4 63 00 03 00 0 00 00000000 00
[R] 03 00 00000000 00000000
[E] 010001c4 010001c4 0
[F] 010001c4 00018063
[D] 010001c4 63 00 03 00 0 00 00000000 00
[R] 03 00 00000000 00000000
[E] 010001c4 010001c4 0
[F] 010001c4 00018063
[D] 010001c4 63 00 03 00 0 00 00000000 00
[R] 03 00 00000000 00000000
[E] 010001c4 010001c4 0
[F] 010001c4 00018063
[D] 010001c4 63 00 03 00 0 00 00000000 00
[R] 03 00 00000000 00000000
[E] 010001c4 010001c4 0
[F] 010001c4 00018063
[D] 010001c4 63 00 03 00 0 00 00000000 00
[R] 03 00 00000000 00000000
[E] 010001c4 010001c4 0
[F] 010001c4 00018063
[D] 010001c4 63 00 03 00 0 00 00000000 00
[R] 03 00 00000000 00000000
[E] 010001c4 010001c4 0
[F] 010001c4 00018063
[D] 010001c4 63 00 03 00 0 00 00000000 00
[R] 03 00 00000000 00000000
[E] 010001c4 010001c4 0
[F] 010001c4 00018063
[D] 010001c4 63 00 03 00 0 00 00000000 00
[R] 03 00 00000000 00000000
[E] 010001c4 010001c4 0
[F] 010001c4 00018063
[D] 010001c4 63 00 03 00 0 00 00000000 00
[R] 03 00 00000000 00000000
[E] 010001c4 010001c4 0
[F] 010001c4 00018063
[D] 010001c4 63 00 03 00 0 00 00000000 00
[R] 03 00 00000000 00000000
[E] 010001c4 010001c4 0
[F] 010001c4 00018063
[D] 010001c4 63 00 03 00 0 00 00000000 00
[R] 03 00 00000000 00000000
[E] 010001c4 010001c4 0
[F] 010001c4 00018063
[D] 010001c4 63 00 03 00 0 00 00000000 00
[R] 03 00 00000000 00000000
[E] 010001c4 010001c4 0
[F] 010001c4 00018063
[D] 010001c4 63 00 03 00 0 00 00000000 00
[R] 03 00 00000000 00000000
[E] 010001c4 010001c4 0
[F] 010001c4 00018063
[D] 010001c4 63 00 03 00 0 00 00000000 00
[R] 03 00 00000000 00000000
[E] 010001c4 010001c4 0
[F] 010001c4 00018063
[D] 010001c4 63 00 03 00 0 00 00000000 00
[R] 03 00 00000000 00000000
[E] 010001c4 010001c4 0
[F] 010001c4 00018063
[D] 010001c4 63 00 03 00 0 00 00000000 00
[R] 03 00 00000000 00000000
[E] 010001c4 010001c4 0
[F] 010001c4 00018063
[D] 010001c4 63 00 03 00 0 00 00000000 00
[R] 03 00 00000000 00000000
[E] 010001c4 010001c4 0
[F] 010001c4 00018063
[D] 010001c4 63 00 03 00 0 00 00000000 00
[R] 03 00 00000000 00000000
[E] 010001c4 010001c4 0
[F] 010001c4 00018063
[D] 010001c4 63 00 03 00 0 00 00000000 00
[R] 03 00 00000000 00000000
[E] 010001c4 010001c4 0
[F] 010001c4 00018063
[D] 010001c4 63 00 03 00 0 00 00000000 00
[R] 03 00 00000000 00000000
[E] 010001c4 010001c4 0
[F] 010001c4 00018063
[D] 010001c4 63 00 03 00 0 00 00000000 00
[R] 03 00 00000000 00000000
[E] 010001c4 010001c4 0
[F] 010001c4 00018063
[D] 010001c4 63 00 03 00 0 00 00000000 00
[R] 03 00 00000000 00000000
[E] 010001c4 010001c4 0
[F] 010001c4 00018063
[D] 010001c4 63 00 03 00 0 00 00000000 00
[R] 03 00 00000000 00000000
[E] 010001c4 010001c4 0
[F] 010001c4 00018063
[D] 010001c4 63 00 03 00 0 00 00000000 00
[R] 03 00 00000000 00000000
[E] 010001c4 010001c4 0
[F] 010001c4 00018063
[D] 010001c4 63 00 03 00 0 00 00000000 00
[R] 03 00 00000000 00000000
[E] 010001c4 010001c4 0
[F] 010001c4 00018063
[D] 010001c4 63 00 03 00 0 00 00000000 00
[R] 03 00 00000000 00000000
[E] 010001c4 010001c4 0
[F] 010001c4 00018063
[D] 010001c4 63 00 03 00 0 00 00000000 00
[R] 03 00 00000000 00000000
[E] 010001c4 010001c4 0
[F] 010001c4 00018063
[D] 010001c4 63 00 03 00 0 00 00000000 00
[R] 03 00 00000000 00000000
[E] 010001c4 010001c4 0
[F] 010001c4 00018063
[D] 010001c4 63 00 03 00 0 00 00000000 00
[R] 03 00 00000000 00000000
[E] 010001c4 010001c4 0
[F] 010001c4 00018063
[D] 010001c4 63 00 03 00 0 00 00000000 00
[R] 03 00 00000000 00000000
[E] 010001c4 010001c4 0
[F] 010001c4 00018063
[D] 010001c4 63 00 03 00 0 00 00000000 00
[R] 03 00 00000000 00000000
[E] 010001c4 010001c4 0
[F] 010001c4 00018063
[D] 010001c4 63 00 03 00 0 00 00000000 00
[R] 03 00 00000000 00000000
[E] 010001c4 010001c4 0
[F] 010001c4 00018063
[D] 010001c4 63 00 03 00 0 00 00000000 00
[R] 03 00 00000000 00000000
[E] 010001c4 010001c4 0
[F] 010001c4 00018063
[D] 010001c4 63 00 03 00 0 00 00000000 00
