[F] 01000000 00000093
[D] 01000000 13 01 00 00 0 00 00000000 00
[R] 00 00 00000000 00000000
[E] 01000000 00000000 0
[F] 01000004 00008f13
[D] 01000004 13 1e 01 00 0 00 00000000 00
[R] 01 00 00000000 00000000
[E] 01000004 00000000 0
[F] 01000008 00000e93
[D] 01000008 13 1d 00 00 0 00 00000000 00
[R] 00 00 00000000 00000000
[E] 01000008 00000000 0
[F] 0100000c 00200193
[D] 0100000c 13 03 00 02 0 00 00000002 02
[R] 00 02 00000000 01100000
[E] 0100000c 00000002 0
[F] 01000010 27df1c63
[D] 01000010 63 18 1e 1d 1 13 00000278 1d
[R] 1e 1d 00000000 00000000
[E] 01000010 01000288 0
[F] 01000014 00100093
[D] 01000014 13 01 00 01 0 00 00000001 01
[R] 00 01 00000000 00000000
[E] 01000014 00000001 0
[F] 01000018 00108f13
[D] 01000018 13 1e 01 01 0 00 00000001 01
[R] 01 01 00000000 00000000
[E] 01000018 00000001 0
[F] 0100001c 00200e93
[D] 0100001c 13 1d 00 02 0 00 00000002 02
[R] 00 02 00000000 01100000
[E] 0100001c 00000002 0
[F] 01000020 00300193
[D] 01000020 13 03 00 03 0 00 00000003 03
[R] 00 03 00000000 00000000
[E] 01000020 00000003 0
[F] 01000024 27df1263
[D] 01000024 63 04 1e 1d 1 13 00000264 1d
[R] 1e 1d 00000000 00000000
[E] 01000024 01000288 0
[F] 01000028 00300093
[D] 01000028 13 01 00 03 0 00 00000003 03
[R] 00 03 00000000 00000000
[E] 01000028 00000003 0
[F] 0100002c 00708f13
[D] 0100002c 13 1e 01 07 0 00 00000007 07
[R] 01 07 00000000 00000000
[E] 0100002c 00000007 0
[F] 01000030 00a00e93
[D] 01000030 13 1d 00 0a 0 00 0000000a 0a
[R] 00 0a 00000000 00000000
[E] 01000030 0000000a 0
[F] 01000034 00400193
[D] 01000034 13 03 00 04 0 00 00000004 04
[R] 00 04 00000000 00000000
[E] 01000034 00000004 0
[F] 01000038 25df1863
[D] 01000038 63 10 1e 1d 1 12 00000250 1d
[R] 1e 1d 00000000 00000000
[E] 01000038 01000288 0
[F] 0100003c 00000093
[D] 0100003c 13 01 00 00 0 00 00000000 00
[R] 00 00 00000000 00000000
[E] 0100003c 00000000 0
[F] 01000040 80008f13
[D] 01000040 13 1e 01 00 0 40 fffff800 00
[R] 01 00 00000000 00000000
[E] 01000040 fffff800 0
[F] 01000044 80000e93
[D] 01000044 13 1d 00 00 0 40 fffff800 00
[R] 00 00 00000000 00000000
[E] 01000044 fffff800 0
[F] 01000048 00500193
[D] 01000048 13 03 00 05 0 00 00000005 05
[R] 00 05 00000000 00000000
[E] 01000048 00000005 0
[F] 0100004c 23df1e63
[D] 0100004c 63 1c 1e 1d 1 11 0000023c 1d
[R] 1e 1d 00000000 00000000
[E] 0100004c 01000288 0
[F] 01000050 800000b7
[D] 01000050 37 01 00 00 0 40 80000000 00
[R] 00 00 00000000 00000000
[E] 01000050 80000000 0
[F] 01000054 00008f13
[D] 01000054 13 1e 01 00 0 00 00000000 00
[R] 01 00 00000000 00000000
[E] 01000054 00000000 0
[F] 01000058 80000eb7
[D] 01000058 37 1d 00 00 0 40 80000000 00
[R] 00 00 00000000 00000000
[E] 01000058 80000000 0
[F] 0100005c 00600193
[D] 0100005c 13 03 00 06 0 00 00000006 06
[R] 00 06 00000000 00000000
[E] 0100005c 00000006 0
[F] 01000060 23df1463
[D] 01000060 63 08 1e 1d 1 11 00000228 1d
[R] 1e 1d 00000000 00000000
[E] 01000060 01000288 0
[F] 01000064 800000b7
[D] 01000064 37 01 00 00 0 40 80000000 00
[R] 00 00 00000000 00000000
[E] 01000064 80000000 0
[F] 01000068 80008f13
[D] 01000068 13 1e 01 00 0 40 fffff800 00
[R] 01 00 00000000 00000000
[E] 01000068 fffff800 0
[F] 0100006c 80000eb7
[D] 0100006c 37 1d 00 00 0 40 80000000 00
[R] 00 00 00000000 00000000
[E] 0100006c 80000000 0
[F] 01000070 800e8e93
[D] 01000070 13 1d 1d 00 0 40 fffff800 00
[R] 1d 00 00000000 00000000
[E] 01000070 fffff800 0
[F] 01000074 00700193
[D] 01000074 13 03 00 07 0 00 00000007 07
[R] 00 07 00000000 00000000
[E] 01000074 00000007 0
[F] 01000078 21df1863
[D] 01000078 63 10 1e 1d 1 10 00000210 1d
[R] 1e 1d 00000000 00000000
[E] 01000078 01000288 0
[F] 0100007c 00000093
[D] 0100007c 13 01 00 00 0 00 00000000 00
[R] 00 00 00000000 00000000
[E] 0100007c 00000000 0
[F] 01000080 7ff08f13
[D] 01000080 13 1e 01 1f 0 3f 000007ff 1f
[R] 01 1f 00000000 00000000
[E] 01000080 000007ff 0
[F] 01000084 7ff00e93
[D] 01000084 13 1d 00 1f 0 3f 000007ff 1f
[R] 00 1f 00000000 00000000
[E] 01000084 000007ff 0
[F] 01000088 00800193
[D] 01000088 13 03 00 08 0 00 00000008 08
[R] 00 08 00000000 00000000
[E] 01000088 00000008 0
[F] 0100008c 1fdf1e63
[D] 0100008c 63 1c 1e 1d 1 0f 000001fc 1d
[R] 1e 1d 00000000 00000000
[E] 0100008c 01000288 0
[F] 01000090 800000b7
[D] 01000090 37 01 00 00 0 40 80000000 00
[R] 00 00 00000000 00000000
[E] 01000090 80000000 0
[F] 01000094 fff08093
[D] 01000094 13 01 01 1f 0 7f ffffffff 1f
[R] 01 1f 00000000 00000000
[E] 01000094 ffffffff 0
[F] 01000098 00008f13
[D] 01000098 13 1e 01 00 0 00 00000000 00
[R] 01 00 00000000 00000000
[E] 01000098 00000000 0
[F] 0100009c 80000eb7
[D] 0100009c 37 1d 00 00 0 40 80000000 00
[R] 00 00 00000000 00000000
[E] 0100009c 80000000 0
[F] 010000a0 fffe8e93
[D] 010000a0 13 1d 1d 1f 0 7f ffffffff 1f
[R] 1d 1f 00000000 00000000
[E] 010000a0 ffffffff 0
[F] 010000a4 00900193
[D] 010000a4 13 03 00 09 0 00 00000009 09
[R] 00 09 00000000 00000000
[E] 010000a4 00000009 0
[F] 010000a8 1fdf1063
[D] 010000a8 63 00 1e 1d 1 0f 000001e0 1d
[R] 1e 1d 00000000 00000000
[E] 010000a8 01000288 0
[F] 010000ac 800000b7
[D] 010000ac 37 01 00 00 0 40 80000000 00
[R] 00 00 00000000 00000000
[E] 010000ac 80000000 0
[F] 010000b0 fff08093
[D] 010000b0 13 01 01 1f 0 7f ffffffff 1f
[R] 01 1f 00000000 00000000
[E] 010000b0 ffffffff 0
[F] 010000b4 7ff08f13
[D] 010000b4 13 1e 01 1f 0 3f 000007ff 1f
[R] 01 1f 00000000 00000000
[E] 010000b4 000007ff 0
[F] 010000b8 80000eb7
[D] 010000b8 37 1d 00 00 0 40 80000000 00
[R] 00 00 00000000 00000000
[E] 010000b8 80000000 0
[F] 010000bc 7fee8e93
[D] 010000bc 13 1d 1d 1e 0 3f 000007fe 1e
[R] 1d 1e 00000000 00000000
[E] 010000bc 000007fe 0
[F] 010000c0 00a00193
[D] 010000c0 13 03 00 0a 0 00 0000000a 0a
[R] 00 0a 00000000 00000000
[E] 010000c0 0000000a 0
[F] 010000c4 1ddf1263
[D] 010000c4 63 04 1e 1d 1 0e 000001c4 1d
[R] 1e 1d 00000000 00000000
[E] 010000c4 01000288 0
[F] 010000c8 800000b7
[D] 010000c8 37 01 00 00 0 40 80000000 00
[R] 00 00 00000000 00000000
[E] 010000c8 80000000 0
[F] 010000cc 7ff08f13
[D] 010000cc 13 1e 01 1f 0 3f 000007ff 1f
[R] 01 1f 00000000 00000000
[E] 010000cc 000007ff 0
[F] 010000d0 80000eb7
[D] 010000d0 37 1d 00 00 0 40 80000000 00
[R] 00 00 00000000 00000000
[E] 010000d0 80000000 0
[F] 010000d4 7ffe8e93
[D] 010000d4 13 1d 1d 1f 0 3f 000007ff 1f
[R] 1d 1f 00000000 00000000
[E] 010000d4 000007ff 0
[F] 010000d8 00b00193
[D] 010000d8 13 03 00 0b 0 00 0000000b 0b
[R] 00 0b 00000000 00000000
[E] 010000d8 0000000b 0
[F] 010000dc 1bdf1663
[D] 010000dc 63 0c 1e 1d 1 0d 000001ac 1d
[R] 1e 1d 00000000 00000000
[E] 010000dc 01000288 0
[F] 010000e0 800000b7
[D] 010000e0 37 01 00 00 0 40 80000000 00
[R] 00 00 00000000 00000000
[E] 010000e0 80000000 0
[F] 010000e4 fff08093
[D] 010000e4 13 01 01 1f 0 7f ffffffff 1f
[R] 01 1f 00000000 00000000
[E] 010000e4 ffffffff 0
[F] 010000e8 80008f13
[D] 010000e8 13 1e 01 00 0 40 fffff800 00
[R] 01 00 00000000 00000000
[E] 010000e8 fffff800 0
[F] 010000ec 7ffffeb7
[D] 010000ec 37 1d 00 1f 7 3f 7ffff000 1f
[R] 00 1f 00000000 00000000
[E] 010000ec 7ffff000 0
[F] 010000f0 7ffe8e93
[D] 010000f0 13 1d 1d 1f 0 3f 000007ff 1f
[R] 1d 1f 00000000 00000000
[E] 010000f0 000007ff 0
[F] 010000f4 00c00193
[D] 010000f4 13 03 00 0c 0 00 0000000c 0c
[R] 00 0c 00000000 00000000
[E] 010000f4 0000000c 0
[F] 010000f8 19df1863
[D] 010000f8 63 10 1e 1d 1 0c 00000190 1d
[R] 1e 1d 00000000 00000000
[E] 010000f8 01000288 0
[F] 010000fc 00000093
[D] 010000fc 13 01 00 00 0 00 00000000 00
[R] 00 00 00000000 00000000
[E] 010000fc 00000000 0
[F] 01000100 fff08f13
[D] 01000100 13 1e 01 1f 0 7f ffffffff 1f
[R] 01 1f 00000000 00000000
[E] 01000100 ffffffff 0
[F] 01000104 fff00e93
[D] 01000104 13 1d 00 1f 0 7f ffffffff 1f
[R] 00 1f 00000000 00000000
[E] 01000104 ffffffff 0
[F] 01000108 00d00193
[D] 01000108 13 03 00 0d 0 00 0000000d 0d
[R] 00 0d 00000000 00000000
[E] 01000108 0000000d 0
[F] 0100010c 17df1e63
[D] 0100010c 63 1c 1e 1d 1 0b 0000017c 1d
[R] 1e 1d 00000000 00000000
[E] 0100010c 01000288 0
[F] 01000110 fff00093
[D] 01000110 13 01 00 1f 0 7f ffffffff 1f
[R] 00 1f 00000000 00000000
[E] 01000110 ffffffff 0
[F] 01000114 00108f13
[D] 01000114 13 1e 01 01 0 00 00000001 01
[R] 01 01 00000000 00000000
[E] 01000114 00000001 0
[F] 01000118 00000e93
[D] 01000118 13 1d 00 00 0 00 00000000 00
[R] 00 00 00000000 00000000
[E] 01000118 00000000 0
[F] 0100011c 00e00193
[D] 0100011c 13 03 00 0e 0 00 0000000e 0e
[R] 00 0e 00000000 00000000
[E] 0100011c 0000000e 0
[F] 01000120 17df1463
[D] 01000120 63 08 1e 1d 1 0b 00000168 1d
[R] 1e 1d 00000000 00000000
[E] 01000120 01000288 0
[F] 01000124 fff00093
[D] 01000124 13 01 00 1f 0 7f ffffffff 1f
[R] 00 1f 00000000 00000000
[E] 01000124 ffffffff 0
[F] 01000128 fff08f13
[D] 01000128 13 1e 01 1f 0 7f ffffffff 1f
[R] 01 1f 00000000 00000000
[E] 01000128 ffffffff 0
[F] 0100012c ffe00e93
[D] 0100012c 13 1d 00 1e 0 7f fffffffe 1e
[R] 00 1e 00000000 00000000
[E] 0100012c fffffffe 0
[F] 01000130 00f00193
[D] 01000130 13 03 00 0f 0 00 0000000f 0f
[R] 00 0f 00000000 00000000
[E] 01000130 0000000f 0
[F] 01000134 15df1a63
[D] 01000134 63 14 1e 1d 1 0a 00000154 1d
[R] 1e 1d 00000000 00000000
[E] 01000134 01000288 0
[F] 01000138 800000b7
[D] 01000138 37 01 00 00 0 40 80000000 00
[R] 00 00 00000000 00000000
[E] 01000138 80000000 0
[F] 0100013c fff08093
[D] 0100013c 13 01 01 1f 0 7f ffffffff 1f
[R] 01 1f 00000000 00000000
[E] 0100013c ffffffff 0
[F] 01000140 00108f13
[D] 01000140 13 1e 01 01 0 00 00000001 01
[R] 01 01 00000000 00000000
[E] 01000140 00000001 0
[F] 01000144 80000eb7
[D] 01000144 37 1d 00 00 0 40 80000000 00
[R] 00 00 00000000 00000000
[E] 01000144 80000000 0
[F] 01000148 01000193
[D] 01000148 13 03 00 10 0 00 00000010 10
[R] 00 10 00000000 00000000
[E] 01000148 00000010 0
[F] 0100014c 13df1e63
[D] 0100014c 63 1c 1e 1d 1 09 0000013c 1d
[R] 1e 1d 00000000 00000000
[E] 0100014c 01000288 0
[F] 01000150 00d00093
[D] 01000150 13 01 00 0d 0 00 0000000d 0d
[R] 00 0d 00000000 00000000
[E] 01000150 0000000d 0
[F] 01000154 00b08093
[D] 01000154 13 01 01 0b 0 00 0000000b 0b
[R] 01 0b 00000000 00000000
[E] 01000154 0000000b 0
[F] 01000158 01800e93
[D] 01000158 13 1d 00 18 0 00 00000018 18
[R] 00 18 00000000 00000000
[E] 01000158 00000018 0
[F] 0100015c 01100193
[D] 0100015c 13 03 00 11 0 00 00000011 11
[R] 00 11 00000000 00000000
[E] 0100015c 00000011 0
[F] 01000160 13d09463
[D] 01000160 63 08 01 1d 1 09 00000128 1d
[R] 01 1d 00000000 00000000
[E] 01000160 01000288 0
[F] 01000164 00000213
[D] 01000164 13 04 00 00 0 00 00000000 00
[R] 00 00 00000000 00000000
[E] 01000164 00000000 0
[F] 01000168 00d00093
[D] 01000168 13 01 00 0d 0 00 0000000d 0d
[R] 00 0d 00000000 00000000
[E] 01000168 0000000d 0
[F] 0100016c 00b08f13
[D] 0100016c 13 1e 01 0b 0 00 0000000b 0b
[R] 01 0b 00000000 00000000
[E] 0100016c 0000000b 0
[F] 01000170 000f0313
[D] 01000170 13 06 1e 00 0 00 00000000 00
[R] 1e 00 00000000 00000000
[E] 01000170 00000000 0
[F] 01000174 00120213
[D] 01000174 13 04 04 01 0 00 00000001 01
[R] 04 01 00000000 00000000
[E] 01000174 00000001 0
[F] 01000178 00200293
[D] 01000178 13 05 00 02 0 00 00000002 02
[R] 00 02 00000000 01100000
[E] 01000178 00000002 0
[F] 0100017c fe5216e3
[D] 0100017c 63 0d 04 05 1 7f ffffffec 05
[R] 04 05 00000000 00000000
[E] 0100017c 01000168 0
[F] 01000180 01800e93
[D] 01000180 13 1d 00 18 0 00 00000018 18
[R] 00 18 00000000 00000000
[E] 01000180 00000018 0
[F] 01000184 01200193
[D] 01000184 13 03 00 12 0 00 00000012 12
[R] 00 12 00000000 00000000
[E] 01000184 00000012 0
[F] 01000188 11d31063
[D] 01000188 63 00 06 1d 1 08 00000100 1d
[R] 06 1d 00000000 00000000
[E] 01000188 01000288 0
[F] 0100018c 00000213
[D] 0100018c 13 04 00 00 0 00 00000000 00
[R] 00 00 00000000 00000000
[E] 0100018c 00000000 0
[F] 01000190 00d00093
[D] 01000190 13 01 00 0d 0 00 0000000d 0d
[R] 00 0d 00000000 00000000
[E] 01000190 0000000d 0
[F] 01000194 00a08f13
[D] 01000194 13 1e 01 0a 0 00 0000000a 0a
[R] 01 0a 00000000 00000000
[E] 01000194 0000000a 0
[F] 01000198 00000013
[D] 01000198 13 00 00 00 0 00 00000000 00
[R] 00 00 00000000 00000000
[E] 01000198 00000000 0
[F] 0100019c 000f0313
[D] 0100019c 13 06 1e 00 0 00 00000000 00
[R] 1e 00 00000000 00000000
[E] 0100019c 00000000 0
[F] 010001a0 00120213
[D] 010001a0 13 04 04 01 0 00 00000001 01
[R] 04 01 00000000 00000000
[E] 010001a0 00000001 0
[F] 010001a4 00200293
[D] 010001a4 13 05 00 02 0 00 00000002 02
[R] 00 02 00000000 01100000
[E] 010001a4 00000002 0
[F] 010001a8 fe5214e3
[D] 010001a8 63 09 04 05 1 7f ffffffe8 05
[R] 04 05 00000000 00000000
[E] 010001a8 01000190 0
[F] 010001ac 01700e93
[D] 010001ac 13 1d 00 17 0 00 00000017 17
[R] 00 17 00000000 00000000
[E] 010001ac 00000017 0
[F] 010001b0 01300193
[D] 010001b0 13 03 00 13 0 00 00000013 13
[R] 00 13 00000000 00000000
[E] 010001b0 00000013 0
[F] 010001b4 0dd31a63
[D] 010001b4 63 14 06 1d 1 06 000000d4 1d
[R] 06 1d 00000000 00000000
[E] 010001b4 01000288 0
[F] 010001b8 00000213
[D] 010001b8 13 04 00 00 0 00 00000000 00
[R] 00 00 00000000 00000000
[E] 010001b8 00000000 0
[F] 010001bc 00d00093
[D] 010001bc 13 01 00 0d 0 00 0000000d 0d
[R] 00 0d 00000000 00000000
[E] 010001bc 0000000d 0
[F] 010001c0 00908f13
[D] 010001c0 13 1e 01 09 0 00 00000009 09
[R] 01 09 00000000 00000000
[E] 010001c0 00000009 0
[F] 010001c4 00000013
[D] 010001c4 13 00 00 00 0 00 00000000 00
[R] 00 00 00000000 00000000
[E] 010001c4 00000000 0
[F] 010001c8 00000013
[D] 010001c8 13 00 00 00 0 00 00000000 00
[R] 00 00 00000000 00000000
[E] 010001c8 00000000 0
[F] 010001cc 000f0313
[D] 010001cc 13 06 1e 00 0 00 00000000 00
[R] 1e 00 00000000 00000000
[E] 010001cc 00000000 0
[F] 010001d0 00120213
[D] 010001d0 13 04 04 01 0 00 00000001 01
[R] 04 01 00000000 00000000
[E] 010001d0 00000001 0
[F] 010001d4 00200293
[D] 010001d4 13 05 00 02 0 00 00000002 02
[R] 00 02 00000000 01100000
[E] 010001d4 00000002 0
[F] 010001d8 fe5212e3
[D] 010001d8 63 05 04 05 1 7f ffffffe4 05
[R] 04 05 00000000 00000000
[E] 010001d8 010001bc 0
[F] 010001dc 01600e93
[D] 010001dc 13 1d 00 16 0 00 00000016 16
[R] 00 16 00000000 00000000
[E] 010001dc 00000016 0
[F] 010001e0 01400193
[D] 010001e0 13 03 00 14 0 00 00000014 14
[R] 00 14 00000000 00000000
[E] 010001e0 00000014 0
[F] 010001e4 0bd31263
[D] 010001e4 63 04 06 1d 1 05 000000a4 1d
[R] 06 1d 00000000 00000000
[E] 010001e4 01000288 0
[F] 010001e8 00000213
[D] 010001e8 13 04 00 00 0 00 00000000 00
[R] 00 00 00000000 00000000
[E] 010001e8 00000000 0
[F] 010001ec 00d00093
[D] 010001ec 13 01 00 0d 0 00 0000000d 0d
[R] 00 0d 00000000 00000000
[E] 010001ec 0000000d 0
[F] 010001f0 00b08f13
[D] 010001f0 13 1e 01 0b 0 00 0000000b 0b
[R] 01 0b 00000000 00000000
[E] 010001f0 0000000b 0
[F] 010001f4 00120213
[D] 010001f4 13 04 04 01 0 00 00000001 01
[R] 04 01 00000000 00000000
[E] 010001f4 00000001 0
[F] 010001f8 00200293
[D] 010001f8 13 05 00 02 0 00 00000002 02
[R] 00 02 00000000 01100000
[E] 010001f8 00000002 0
[F] 010001fc fe5218e3
[D] 010001fc 63 11 04 05 1 7f fffffff0 05
[R] 04 05 00000000 00000000
[E] 010001fc 010001ec 0
[F] 01000200 01800e93
[D] 01000200 13 1d 00 18 0 00 00000018 18
[R] 00 18 00000000 00000000
[E] 01000200 00000018 0
[F] 01000204 01500193
[D] 01000204 13 03 00 15 0 00 00000015 15
[R] 00 15 00000000 00000000
[E] 01000204 00000015 0
[F] 01000208 09df1063
[D] 01000208 63 00 1e 1d 1 04 00000080 1d
[R] 1e 1d 00000000 00000000
[E] 01000208 01000288 0
[F] 0100020c 00000213
[D] 0100020c 13 04 00 00 0 00 00000000 00
[R] 00 00 00000000 00000000
[E] 0100020c 00000000 0
[F] 01000210 00d00093
[D] 01000210 13 01 00 0d 0 00 0000000d 0d
[R] 00 0d 00000000 00000000
[E] 01000210 0000000d 0
[F] 01000214 00000013
[D] 01000214 13 00 00 00 0 00 00000000 00
[R] 00 00 00000000 00000000
[E] 01000214 00000000 0
[F] 01000218 00a08f13
[D] 01000218 13 1e 01 0a 0 00 0000000a 0a
[R] 01 0a 00000000 00000000
[E] 01000218 0000000a 0
[F] 0100021c 00120213
[D] 0100021c 13 04 04 01 0 00 00000001 01
[R] 04 01 00000000 00000000
[E] 0100021c 00000001 0
[F] 01000220 00200293
[D] 01000220 13 05 00 02 0 00 00000002 02
[R] 00 02 00000000 01100000
[E] 01000220 00000002 0
[F] 01000224 fe5216e3
[D] 01000224 63 0d 04 05 1 7f ffffffec 05
[R] 04 05 00000000 00000000
[E] 01000224 01000210 0
[F] 01000228 01700e93
[D] 01000228 13 1d 00 17 0 00 00000017 17
[R] 00 17 00000000 00000000
[E] 01000228 00000017 0
[F] 0100022c 01600193
[D] 0100022c 13 03 00 16 0 00 00000016 16
[R] 00 16 00000000 00000000
[E] 0100022c 00000016 0
[F] 01000230 05df1c63
[D] 01000230 63 18 1e 1d 1 02 00000058 1d
[R] 1e 1d 00000000 00000000
[E] 01000230 01000288 0
[F] 01000234 00000213
[D] 01000234 13 04 00 00 0 00 00000000 00
[R] 00 00 00000000 00000000
[E] 01000234 00000000 0
[F] 01000238 00d00093
[D] 01000238 13 01 00 0d 0 00 0000000d 0d
[R] 00 0d 00000000 00000000
[E] 01000238 0000000d 0
[F] 0100023c 00000013
[D] 0100023c 13 00 00 00 0 00 00000000 00
[R] 00 00 00000000 00000000
[E] 0100023c 00000000 0
[F] 01000240 00000013
[D] 01000240 13 00 00 00 0 00 00000000 00
[R] 00 00 00000000 00000000
[E] 01000240 00000000 0
[F] 01000244 00908f13
[D] 01000244 13 1e 01 09 0 00 00000009 09
[R] 01 09 00000000 00000000
[E] 01000244 00000009 0
[F] 01000248 00120213
[D] 01000248 13 04 04 01 0 00 00000001 01
[R] 04 01 00000000 00000000
[E] 01000248 00000001 0
[F] 0100024c 00200293
[D] 0100024c 13 05 00 02 0 00 00000002 02
[R] 00 02 00000000 01100000
[E] 0100024c 00000002 0
[F] 01000250 fe5214e3
[D] 01000250 63 09 04 05 1 7f ffffffe8 05
[R] 04 05 00000000 00000000
[E] 01000250 01000238 0
[F] 01000254 01600e93
[D] 01000254 13 1d 00 16 0 00 00000016 16
[R] 00 16 00000000 00000000
[E] 01000254 00000016 0
[F] 01000258 01700193
[D] 01000258 13 03 00 17 0 00 00000017 17
[R] 00 17 00000000 00000000
[E] 01000258 00000017 0
[F] 0100025c 03df1663
[D] 0100025c 63 0c 1e 1d 1 01 0000002c 1d
[R] 1e 1d 00000000 00000000
[E] 0100025c 01000288 0
[F] 01000260 02000093
[D] 01000260 13 01 00 00 0 01 00000020 00
[R] 00 00 00000000 00000000
[E] 01000260 00000020 0
[F] 01000264 02000e93
[D] 01000264 13 1d 00 00 0 01 00000020 00
[R] 00 00 00000000 00000000
[E] 01000264 00000020 0
[F] 01000268 01800193
[D] 01000268 13 03 00 18 0 00 00000018 18
[R] 00 18 00000000 00000000
[E] 01000268 00000018 0
[F] 0100026c 01d09e63
[D] 0100026c 63 1c 01 1d 1 00 0000001c 1d
[R] 01 1d 00000000 00000000
[E] 0100026c 01000288 0
[F] 01000270 02100093
[D] 01000270 13 01 00 01 0 01 00000021 01
[R] 00 01 00000000 00000000
[E] 01000270 00000021 0
[F] 01000274 03208013
[D] 01000274 13 00 01 12 0 01 00000032 12
[R] 01 12 00000000 00000000
[E] 01000274 00000032 0
[F] 01000278 00000e93
[D] 01000278 13 1d 00 00 0 00 00000000 00
[R] 00 00 00000000 00000000
[E] 01000278 00000000 0
[F] 0100027c 01900193
[D] 0100027c 13 03 00 19 0 00 00000019 19
[R] 00 19 00000000 00000000
[E] 0100027c 00000019 0
[F] 01000280 01d01463
[D] 01000280 63 08 00 1d 1 00 00000008 1d
[R] 00 1d 00000000 00000000
[E] 01000280 01000288 0
[F] 01000284 00301c63
[D] 01000284 63 18 00 03 1 00 00000018 03
[R] 00 03 00000000 00000000
[E] 01000284 0100029c 0
[F] 01000288 0ff0000f
[D] 01000288 0f 00 00 1f 0 07 00000000 1f
[R] 00 1f 00000000 00000000
[E] 01000288 00000000 0
[F] 0100028c 00018063
[D] 0100028c 63 00 03 00 0 00 00000000 00
[R] 03 00 00000000 00000000
[E] 0100028c 0100028c 0
[F] 0100028c 00018063
[D] 0100028c 63 00 03 00 0 00 00000000 00
[R] 03 00 00000000 00000000
[E] 0100028c 0100028c 0
[F] 0100028c 00018063
[D] 0100028c 63 00 03 00 0 00 00000000 00
[R] 03 00 00000000 00000000
[E] 0100028c 0100028c 0
[F] 0100028c 00018063
[D] 0100028c 63 00 03 00 0 00 00000000 00
[R] 03 00 00000000 00000000
[E] 0100028c 0100028c 0
[F] 0100028c 00018063
[D] 0100028c 63 00 03 00 0 00 00000000 00
[R] 03 00 00000000 00000000
[E] 0100028c 0100028c 0
[F] 0100028c 00018063
[D] 0100028c 63 00 03 00 0 00 00000000 00
[R] 03 00 00000000 00000000
[E] 0100028c 0100028c 0
[F] 0100028c 00018063
[D] 0100028c 63 00 03 00 0 00 00000000 00
[R] 03 00 00000000 00000000
[E] 0100028c 0100028c 0
[F] 0100028c 00018063
[D] 0100028c 63 00 03 00 0 00 00000000 00
[R] 03 00 00000000 00000000
[E] 0100028c 0100028c 0
[F] 0100028c 00018063
[D] 0100028c 63 00 03 00 0 00 00000000 00
[R] 03 00 00000000 00000000
[E] 0100028c 0100028c 0
[F] 0100028c 00018063
[D] 0100028c 63 00 03 00 0 00 00000000 00
[R] 03 00 00000000 00000000
[E] 0100028c 0100028c 0
[F] 0100028c 00018063
[D] 0100028c 63 00 03 00 0 00 00000000 00
[R] 03 00 00000000 00000000
[E] 0100028c 0100028c 0
[F] 0100028c 00018063
[D] 0100028c 63 00 03 00 0 00 00000000 00
[R] 03 00 00000000 00000000
[E] 0100028c 0100028c 0
[F] 0100028c 00018063
[D] 0100028c 63 00 03 00 0 00 00000000 00
[R] 03 00 00000000 00000000
[E] 0100028c 0100028c 0
[F] 0100028c 00018063
[D] 0100028c 63 00 03 00 0 00 00000000 00
[R] 03 00 00000000 00000000
[E] 0100028c 0100028c 0
[F] 0100028c 00018063
[D] 0100028c 63 00 03 00 0 00 00000000 00
[R] 03 00 00000000 00000000
[E] 0100028c 0100028c 0
[F] 0100028c 00018063
[D] 0100028c 63 00 03 00 0 00 00000000 00
[R] 03 00 00000000 00000000
[E] 0100028c 0100028c 0
[F] 0100028c 00018063
[D] 0100028c 63 00 03 00 0 00 00000000 00
[R] 03 00 00000000 00000000
[E] 0100028c 0100028c 0
[F] 0100028c 00018063
[D] 0100028c 63 00 03 00 0 00 00000000 00
[R] 03 00 00000000 00000000
[E] 0100028c 0100028c 0
[F] 0100028c 00018063
[D] 0100028c 63 00 03 00 0 00 00000000 00
[R] 03 00 00000000 00000000
[E] 0100028c 0100028c 0
[F] 0100028c 00018063
[D] 0100028c 63 00 03 00 0 00 00000000 00
[R] 03 00 00000000 00000000
[E] 0100028c 0100028c 0
[F] 0100028c 00018063
[D] 0100028c 63 00 03 00 0 00 00000000 00
[R] 03 00 00000000 00000000
[E] 0100028c 0100028c 0
[F] 0100028c 00018063
[D] 0100028c 63 00 03 00 0 00 00000000 00
[R] 03 00 00000000 00000000
[E] 0100028c 0100028c 0
[F] 0100028c 00018063
[D] 0100028c 63 00 03 00 0 00 00000000 00
[R] 03 00 00000000 00000000
[E] 0100028c 0100028c 0
[F] 0100028c 00018063
[D] 0100028c 63 00 03 00 0 00 00000000 00
[R] 03 00 00000000 00000000
[E] 0100028c 0100028c 0
[F] 0100028c 00018063
[D] 0100028c 63 00 03 00 0 00 00000000 00
[R] 03 00 00000000 00000000
[E] 0100028c 0100028c 0
[F] 0100028c 00018063
[D] 0100028c 63 00 03 00 0 00 00000000 00
[R] 03 00 00000000 00000000
[E] 0100028c 0100028c 0
[F] 0100028c 00018063
[D] 0100028c 63 00 03 00 0 00 00000000 00
[R] 03 00 00000000 00000000
[E] 0100028c 0100028c 0
[F] 0100028c 00018063
[D] 0100028c 63 00 03 00 0 00 00000000 00
[R] 03 00 00000000 00000000
[E] 0100028c 0100028c 0
[F] 0100028c 00018063
[D] 0100028c 63 00 03 00 0 00 00000000 00
[R] 03 00 00000000 00000000
[E] 0100028c 0100028c 0
[F] 0100028c 00018063
[D] 0100028c 63 00 03 00 0 00 00000000 00
[R] 03 00 00000000 00000000
[E] 0100028c 0100028c 0
[F] 0100028c 00018063
[D] 0100028c 63 00 03 00 0 00 00000000 00
[R] 03 00 00000000 00000000
[E] 0100028c 0100028c 0
[F] 0100028c 00018063
[D] 0100028c 63 00 03 00 0 00 00000000 00
[R] 03 00 00000000 00000000
[E] 0100028c 0100028c 0
[F] 0100028c 00018063
[D] 0100028c 63 00 03 00 0 00 00000000 00
[R] 03 00 00000000 00000000
[E] 0100028c 0100028c 0
[F] 0100028c 00018063
[D] 0100028c 63 00 03 00 0 00 00000000 00
[R] 03 00 00000000 00000000
[E] 0100028c 0100028c 0
[F] 0100028c 00018063
[D] 0100028c 63 00 03 00 0 00 00000000 00
[R] 03 00 00000000 00000000
[E] 0100028c 0100028c 0
[F] 0100028c 00018063
[D] 0100028c 63 00 03 00 0 00 00000000 00
[R] 03 00 00000000 00000000
[E] 0100028c 0100028c 0
[F] 0100028c 00018063
[D] 0100028c 63 00 03 00 0 00 00000000 00
[R] 03 00 00000000 00000000
[E] 0100028c 0100028c 0
[F] 0100028c 00018063
[D] 0100028c 63 00 03 00 0 00 00000000 00
[R] 03 00 00000000 00000000
[E] 0100028c 0100028c 0
[F] 0100028c 00018063
[D] 0100028c 63 00 03 00 0 00 00000000 00
[R] 03 00 00000000 00000000
[E] 0100028c 0100028c 0
[F] 0100028c 00018063
[D] 0100028c 63 00 03 00 0 00 00000000 00
[R] 03 00 00000000 00000000
[E] 0100028c 0100028c 0
[F] 0100028c 00018063
[D] 0100028c 63 00 03 00 0 00 00000000 00
[R] 03 00 00000000 00000000
[E] 0100028c 0100028c 0
[F] 0100028c 00018063
[D] 0100028c 63 00 03 00 0 00 00000000 00
[R] 03 00 00000000 00000000
[E] 0100028c 0100028c 0
[F] 0100028c 00018063
[D] 0100028c 63 00 03 00 0 00 00000000 00
[R] 03 00 00000000 00000000
[E] 0100028c 0100028c 0
[F] 0100028c 00018063
[D] 0100028c 63 00 03 00 0 00 00000000 00
[R] 03 00 00000000 00000000
[E] 0100028c 0100028c 0
[F] 0100028c 00018063
[D] 0100028c 63 00 03 00 0 00 00000000 00
[R] 03 00 00000000 00000000
[E] 0100028c 0100028c 0
[F] 0100028c 00018063
[D] 0100028c 63 00 03 00 0 00 00000000 00
[R] 03 00 00000000 00000000
[E] 0100028c 0100028c 0
[F] 0100028c 00018063
[D] 0100028c 63 00 03 00 0 00 00000000 00
[R] 03 00 00000000 00000000
[E] 0100028c 0100028c 0
[F] 0100028c 00018063
[D] 0100028c 63 00 03 00 0 00 00000000 00
[R] 03 00 00000000 00000000
[E] 0100028c 0100028c 0
[F] 0100028c 00018063
[D] 0100028c 63 00 03 00 0 00 00000000 00
[R] 03 00 00000000 00000000
[E] 0100028c 0100028c 0
[F] 0100028c 00018063
[D] 0100028c 63 00 03 00 0 00 00000000 00
[R] 03 00 00000000 00000000
[E] 0100028c 0100028c 0
[F] 0100028c 00018063
[D] 0100028c 63 00 03 00 0 00 00000000 00
[R] 03 00 00000000 00000000
[E] 0100028c 0100028c 0
[F] 0100028c 00018063
[D] 0100028c 63 00 03 00 0 00 00000000 00
[R] 03 00 00000000 00000000
[E] 0100028c 0100028c 0
[F] 0100028c 00018063
[D] 0100028c 63 00 03 00 0 00 00000000 00
[R] 03 00 00000000 00000000
[E] 0100028c 0100028c 0
[F] 0100028c 00018063
[D] 0100028c 63 00 03 00 0 00 00000000 00
[R] 03 00 00000000 00000000
[E] 0100028c 0100028c 0
[F] 0100028c 00018063
[D] 0100028c 63 00 03 00 0 00 00000000 00
[R] 03 00 00000000 00000000
[E] 0100028c 0100028c 0
[F] 0100028c 00018063
[D] 0100028c 63 00 03 00 0 00 00000000 00
[R] 03 00 00000000 00000000
[E] 0100028c 0100028c 0
[F] 0100028c 00018063
[D] 0100028c 63 00 03 00 0 00 00000000 00
[R] 03 00 00000000 00000000
[E] 0100028c 0100028c 0
[F] 0100028c 00018063
[D] 0100028c 63 00 03 00 0 00 00000000 00
[R] 03 00 00000000 00000000
[E] 0100028c 0100028c 0
[F] 0100028c 00018063
[D] 0100028c 63 00 03 00 0 00 00000000 00
[R] 03 00 00000000 00000000
[E] 0100028c 0100028c 0
[F] 0100028c 00018063
[D] 0100028c 63 00 03 00 0 00 00000000 00
[R] 03 00 00000000 00000000
[E] 0100028c 0100028c 0
[F] 0100028c 00018063
[D] 0100028c 63 00 03 00 0 00 00000000 00
[R] 03 00 00000000 00000000
[E] 0100028c 0100028c 0
[F] 0100028c 00018063
[D] 0100028c 63 00 03 00 0 00 00000000 00
[R] 03 00 00000000 00000000
[E] 0100028c 0100028c 0
[F] 0100028c 00018063
[D] 0100028c 63 00 03 00 0 00 00000000 00
[R] 03 00 00000000 00000000
[E] 0100028c 0100028c 0
[F] 0100028c 00018063
[D] 0100028c 63 00 03 00 0 00 00000000 00
[R] 03 00 00000000 00000000
[E] 0100028c 0100028c 0
[F] 0100028c 00018063
[D] 0100028c 63 00 03 00 0 00 00000000 00
[R] 03 00 00000000 00000000
[E] 0100028c 0100028c 0
[F] 0100028c 00018063
[D] 0100028c 63 00 03 00 0 00 00000000 00
[R] 03 00 00000000 00000000
[E] 0100028c 0100028c 0
[F] 0100028c 00018063
[D] 0100028c 63 00 03 00 0 00 00000000 00
[R] 03 00 00000000 00000000
[E] 0100028c 0100028c 0
[F] 0100028c 00018063
[D] 0100028c 63 00 03 00 0 00 00000000 00
[R] 03 00 00000000 00000000
[E] 0100028c 0100028c 0
[F] 0100028c 00018063
[D] 0100028c 63 00 03 00 0 00 00000000 00
[R] 03 00 00000000 00000000
[E] 0100028c 0100028c 0
[F] 0100028c 00018063
[D] 0100028c 63 00 03 00 0 00 00000000 00
[R] 03 00 00000000 00000000
[E] 0100028c 0100028c 0
[F] 0100028c 00018063
[D] 0100028c 63 00 03 00 0 00 00000000 00
[R] 03 00 00000000 00000000
[E] 0100028c 0100028c 0
[F] 0100028c 00018063
[D] 0100028c 63 00 03 00 0 00 00000000 00
[R] 03 00 00000000 00000000
[E] 0100028c 0100028c 0
[F] 0100028c 00018063
[D] 0100028c 63 00 03 00 0 00 00000000 00
[R] 03 00 00000000 00000000
[E] 0100028c 0100028c 0
[F] 0100028c 00018063
[D] 0100028c 63 00 03 00 0 00 00000000 00
[R] 03 00 00000000 00000000
[E] 0100028c 0100028c 0
[F] 0100028c 00018063
[D] 0100028c 63 00 03 00 0 00 00000000 00
[R] 03 00 00000000 00000000
[E] 0100028c 0100028c 0
[F] 0100028c 00018063
[D] 0100028c 63 00 03 00 0 00 00000000 00
[R] 03 00 00000000 00000000
[E] 0100028c 0100028c 0
[F] 0100028c 00018063
[D] 0100028c 63 00 03 00 0 00 00000000 00
[R] 03 00 00000000 00000000
[E] 0100028c 0100028c 0
[F] 0100028c 00018063
[D] 0100028c 63 00 03 00 0 00 00000000 00
[R] 03 00 00000000 00000000
[E] 0100028c 0100028c 0
[F] 0100028c 00018063
[D] 0100028c 63 00 03 00 0 00 00000000 00
[R] 03 00 00000000 00000000
[E] 0100028c 0100028c 0
[F] 0100028c 00018063
[D] 0100028c 63 00 03 00 0 00 00000000 00
[R] 03 00 00000000 00000000
[E] 0100028c 0100028c 0
[F] 0100028c 00018063
[D] 0100028c 63 00 03 00 0 00 00000000 00
[R] 03 00 00000000 00000000
[E] 0100028c 0100028c 0
[F] 0100028c 00018063
[D] 0100028c 63 00 03 00 0 00 00000000 00
[R] 03 00 00000000 00000000
[E] 0100028c 0100028c 0
[F] 0100028c 00018063
[D] 0100028c 63 00 03 00 0 00 00000000 00
[R] 03 00 00000000 00000000
[E] 0100028c 0100028c 0
[F] 0100028c 00018063
[D] 0100028c 63 00 03 00 0 00 00000000 00
[R] 03 00 00000000 00000000
[E] 0100028c 0100028c 0
[F] 0100028c 00018063
[D] 0100028c 63 00 03 00 0 00 00000000 00
[R] 03 00 00000000 00000000
[E] 0100028c 0100028c 0
[F] 0100028c 00018063
[D] 0100028c 63 00 03 00 0 00 00000000 00
[R] 03 00 00000000 00000000
[E] 0100028c 0100028c 0
[F] 0100028c 00018063
[D] 0100028c 63 00 03 00 0 00 00000000 00
[R] 03 00 00000000 00000000
[E] 0100028c 0100028c 0
[F] 0100028c 00018063
[D] 0100028c 63 00 03 00 0 00 00000000 00
[R] 03 00 00000000 00000000
[E] 0100028c 0100028c 0
[F] 0100028c 00018063
[D] 0100028c 63 00 03 00 0 00 00000000 00
[R] 03 00 00000000 00000000
[E] 0100028c 0100028c 0
[F] 0100028c 00018063
[D] 0100028c 63 00 03 00 0 00 00000000 00
[R] 03 00 00000000 00000000
[E] 0100028c 0100028c 0
[F] 0100028c 00018063
[D] 0100028c 63 00 03 00 0 00 00000000 00
[R] 03 00 00000000 00000000
[E] 0100028c 0100028c 0
[F] 0100028c 00018063
[D] 0100028c 63 00 03 00 0 00 00000000 00
[R] 03 00 00000000 00000000
[E] 0100028c 0100028c 0
[F] 0100028c 00018063
[D] 0100028c 63 00 03 00 0 00 00000000 00
[R] 03 00 00000000 00000000
[E] 0100028c 0100028c 0
[F] 0100028c 00018063
[D] 0100028c 63 00 03 00 0 00 00000000 00
[R] 03 00 00000000 00000000
[E] 0100028c 0100028c 0
[F] 0100028c 00018063
[D] 0100028c 63 00 03 00 0 00 00000000 00
[R] 03 00 00000000 00000000
[E] 0100028c 0100028c 0
[F] 0100028c 00018063
[D] 0100028c 63 00 03 00 0 00 00000000 00
[R] 03 00 00000000 00000000
[E] 0100028c 0100028c 0
[F] 0100028c 00018063
[D] 0100028c 63 00 03 00 0 00 00000000 00
[R] 03 00 00000000 00000000
[E] 0100028c 0100028c 0
[F] 0100028c 00018063
[D] 0100028c 63 00 03 00 0 00 00000000 00
[R] 03 00 00000000 00000000
[E] 0100028c 0100028c 0
[F] 0100028c 00018063
[D] 0100028c 63 00 03 00 0 00 00000000 00
[R] 03 00 00000000 00000000
[E] 0100028c 0100028c 0
[F] 0100028c 00018063
[D] 0100028c 63 00 03 00 0 00 00000000 00
[R] 03 00 00000000 00000000
[E] 0100028c 0100028c 0
[F] 0100028c 00018063
[D] 0100028c 63 00 03 00 0 00 00000000 00
[R] 03 00 00000000 00000000
[E] 0100028c 0100028c 0
[F] 0100028c 00018063
[D] 0100028c 63 00 03 00 0 00 00000000 00
[R] 03 00 00000000 00000000
[E] 0100028c 0100028c 0
[F] 0100028c 00018063
[D] 0100028c 63 00 03 00 0 00 00000000 00
[R] 03 00 00000000 00000000
[E] 0100028c 0100028c 0
[F] 0100028c 00018063
[D] 0100028c 63 00 03 00 0 00 00000000 00
[R] 03 00 00000000 00000000
[E] 0100028c 0100028c 0
[F] 0100028c 00018063
[D] 0100028c 63 00 03 00 0 00 00000000 00
[R] 03 00 00000000 00000000
[E] 0100028c 0100028c 0
[F] 0100028c 00018063
[D] 0100028c 63 00 03 00 0 00 00000000 00
[R] 03 00 00000000 00000000
[E] 0100028c 0100028c 0
[F] 0100028c 00018063
[D] 0100028c 63 00 03 00 0 00 00000000 00
[R] 03 00 00000000 00000000
[E] 0100028c 0100028c 0
[F] 0100028c 00018063
[D] 0100028c 63 00 03 00 0 00 00000000 00
[R] 03 00 00000000 00000000
[E] 0100028c 0100028c 0
[F] 0100028c 00018063
[D] 0100028c 63 00 03 00 0 00 00000000 00
[R] 03 00 00000000 00000000
[E] 0100028c 0100028c 0
[F] 0100028c 00018063
[D] 0100028c 63 00 03 00 0 00 00000000 00
[R] 03 00 00000000 00000000
[E] 0100028c 0100028c 0
[F] 0100028c 00018063
[D] 0100028c 63 00 03 00 0 00 00000000 00
[R] 03 00 00000000 00000000
[E] 0100028c 0100028c 0
[F] 0100028c 00018063
[D] 0100028c 63 00 03 00 0 00 00000000 00
[R] 03 00 00000000 00000000
[E] 0100028c 0100028c 0
[F] 0100028c 00018063
[D] 0100028c 63 00 03 00 0 00 00000000 00
[R] 03 00 00000000 00000000
[E] 0100028c 0100028c 0
[F] 0100028c 00018063
[D] 0100028c 63 00 03 00 0 00 00000000 00
[R] 03 00 00000000 00000000
[E] 0100028c 0100028c 0
[F] 0100028c 00018063
[D] 0100028c 63 00 03 00 0 00 00000000 00
[R] 03 00 00000000 00000000
[E] 0100028c 0100028c 0
[F] 0100028c 00018063
[D] 0100028c 63 00 03 00 0 00 00000000 00
[R] 03 00 00000000 00000000
[E] 0100028c 0100028c 0
[F] 0100028c 00018063
[D] 0100028c 63 00 03 00 0 00 00000000 00
[R] 03 00 00000000 00000000
[E] 0100028c 0100028c 0
[F] 0100028c 00018063
[D] 0100028c 63 00 03 00 0 00 00000000 00
[R] 03 00 00000000 00000000
[E] 0100028c 0100028c 0
[F] 0100028c 00018063
[D] 0100028c 63 00 03 00 0 00 00000000 00
[R] 03 00 00000000 00000000
[E] 0100028c 0100028c 0
[F] 0100028c 00018063
[D] 0100028c 63 00 03 00 0 00 00000000 00
[R] 03 00 00000000 00000000
[E] 0100028c 0100028c 0
[F] 0100028c 00018063
[D] 0100028c 63 00 03 00 0 00 00000000 00
[R] 03 00 00000000 00000000
[E] 0100028c 0100028c 0
[F] 0100028c 00018063
[D] 0100028c 63 00 03 00 0 00 00000000 00
[R] 03 00 00000000 00000000
[E] 0100028c 0100028c 0
[F] 0100028c 00018063
[D] 0100028c 63 00 03 00 0 00 00000000 00
[R] 03 00 00000000 00000000
[E] 0100028c 0100028c 0
[F] 0100028c 00018063
[D] 0100028c 63 00 03 00 0 00 00000000 00
[R] 03 00 00000000 00000000
[E] 0100028c 0100028c 0
[F] 0100028c 00018063
[D] 0100028c 63 00 03 00 0 00 00000000 00
[R] 03 00 00000000 00000000
[E] 0100028c 0100028c 0
[F] 0100028c 00018063
[D] 0100028c 63 00 03 00 0 00 00000000 00
[R] 03 00 00000000 00000000
[E] 0100028c 0100028c 0
[F] 0100028c 00018063
[D] 0100028c 63 00 03 00 0 00 00000000 00
[R] 03 00 00000000 00000000
[E] 0100028c 0100028c 0
[F] 0100028c 00018063
[D] 0100028c 63 00 03 00 0 00 00000000 00
[R] 03 00 00000000 00000000
[E] 0100028c 0100028c 0
[F] 0100028c 00018063
[D] 0100028c 63 00 03 00 0 00 00000000 00
[R] 03 00 00000000 00000000
[E] 0100028c 0100028c 0
[F] 0100028c 00018063
[D] 0100028c 63 00 03 00 0 00 00000000 00
[R] 03 00 00000000 00000000
[E] 0100028c 0100028c 0
[F] 0100028c 00018063
[D] 0100028c 63 00 03 00 0 00 00000000 00
[R] 03 00 00000000 00000000
[E] 0100028c 0100028c 0
[F] 0100028c 00018063
[D] 0100028c 63 00 03 00 0 00 00000000 00
[R] 03 00 00000000 00000000
[E] 0100028c 0100028c 0
[F] 0100028c 00018063
[D] 0100028c 63 00 03 00 0 00 00000000 00
[R] 03 00 00000000 00000000
[E] 0100028c 0100028c 0
[F] 0100028c 00018063
[D] 0100028c 63 00 03 00 0 00 00000000 00
[R] 03 00 00000000 00000000
[E] 0100028c 0100028c 0
[F] 0100028c 00018063
[D] 0100028c 63 00 03 00 0 00 00000000 00
[R] 03 00 00000000 00000000
[E] 0100028c 0100028c 0
[F] 0100028c 00018063
[D] 0100028c 63 00 03 00 0 00 00000000 00
[R] 03 00 00000000 00000000
[E] 0100028c 0100028c 0
[F] 0100028c 00018063
[D] 0100028c 63 00 03 00 0 00 00000000 00
[R] 03 00 00000000 00000000
[E] 0100028c 0100028c 0
[F] 0100028c 00018063
[D] 0100028c 63 00 03 00 0 00 00000000 00
[R] 03 00 00000000 00000000
[E] 0100028c 0100028c 0
[F] 0100028c 00018063
[D] 0100028c 63 00 03 00 0 00 00000000 00
[R] 03 00 00000000 00000000
[E] 0100028c 0100028c 0
[F] 0100028c 00018063
[D] 0100028c 63 00 03 00 0 00 00000000 00
[R] 03 00 00000000 00000000
[E] 0100028c 0100028c 0
[F] 0100028c 00018063
[D] 0100028c 63 00 03 00 0 00 00000000 00
[R] 03 00 00000000 00000000
[E] 0100028c 0100028c 0
[F] 0100028c 00018063
[D] 0100028c 63 00 03 00 0 00 00000000 00
[R] 03 00 00000000 00000000
[E] 0100028c 0100028c 0
[F] 0100028c 00018063
[D] 0100028c 63 00 03 00 0 00 00000000 00
[R] 03 00 00000000 00000000
[E] 0100028c 0100028c 0
[F] 0100028c 00018063
[D] 0100028c 63 00 03 00 0 00 00000000 00
[R] 03 00 00000000 00000000
[E] 0100028c 0100028c 0
[F] 0100028c 00018063
[D] 0100028c 63 00 03 00 0 00 00000000 00
[R] 03 00 00000000 00000000
[E] 0100028c 0100028c 0
[F] 0100028c 00018063
[D] 0100028c 63 00 03 00 0 00 00000000 00
[R] 03 00 00000000 00000000
[E] 0100028c 0100028c 0
[F] 0100028c 00018063
[D] 0100028c 63 00 03 00 0 00 00000000 00
[R] 03 00 00000000 00000000
[E] 0100028c 0100028c 0
[F] 0100028c 00018063
[D] 0100028c 63 00 03 00 0 00 00000000 00
[R] 03 00 00000000 00000000
[E] 0100028c 0100028c 0
[F] 0100028c 00018063
[D] 0100028c 63 00 03 00 0 00 00000000 00
[R] 03 00 00000000 00000000
[E] 0100028c 0100028c 0
[F] 0100028c 00018063
[D] 0100028c 63 00 03 00 0 00 00000000 00
[R] 03 00 00000000 00000000
[E] 0100028c 0100028c 0
[F] 0100028c 00018063
[D] 0100028c 63 00 03 00 0 00 00000000 00
[R] 03 00 00000000 00000000
[E] 0100028c 0100028c 0
[F] 0100028c 00018063
[D] 0100028c 63 00 03 00 0 00 00000000 00
[R] 03 00 00000000 00000000
[E] 0100028c 0100028c 0
[F] 0100028c 00018063
[D] 0100028c 63 00 03 00 0 00 00000000 00
[R] 03 00 00000000 00000000
[E] 0100028c 0100028c 0
[F] 0100028c 00018063
[D] 0100028c 63 00 03 00 0 00 00000000 00
[R] 03 00 00000000 00000000
[E] 0100028c 0100028c 0
[F] 0100028c 00018063
[D] 0100028c 63 00 03 00 0 00 00000000 00
[R] 03 00 00000000 00000000
[E] 0100028c 0100028c 0
[F] 0100028c 00018063
[D] 0100028c 63 00 03 00 0 00 00000000 00
[R] 03 00 00000000 00000000
[E] 0100028c 0100028c 0
[F] 0100028c 00018063
[D] 0100028c 63 00 03 00 0 00 00000000 00
[R] 03 00 00000000 00000000
[E] 0100028c 0100028c 0
[F] 0100028c 00018063
[D] 0100028c 63 00 03 00 0 00 00000000 00
[R] 03 00 00000000 00000000
[E] 0100028c 0100028c 0
[F] 0100028c 00018063
[D] 0100028c 63 00 03 00 0 00 00000000 00
[R] 03 00 00000000 00000000
[E] 0100028c 0100028c 0
[F] 0100028c 00018063
[D] 0100028c 63 00 03 00 0 00 00000000 00
[R] 03 00 00000000 00000000
[E] 0100028c 0100028c 0
[F] 0100028c 00018063
[D] 0100028c 63 00 03 00 0 00 00000000 00
[R] 03 00 00000000 00000000
[E] 0100028c 0100028c 0
[F] 0100028c 00018063
[D] 0100028c 63 00 03 00 0 00 00000000 00
[R] 03 00 00000000 00000000
[E] 0100028c 0100028c 0
[F] 0100028c 00018063
[D] 0100028c 63 00 03 00 0 00 00000000 00
[R] 03 00 00000000 00000000
[E] 0100028c 0100028c 0
[F] 0100028c 00018063
[D] 0100028c 63 00 03 00 0 00 00000000 00
[R] 03 00 00000000 00000000
[E] 0100028c 0100028c 0
[F] 0100028c 00018063
[D] 0100028c 63 00 03 00 0 00 00000000 00
[R] 03 00 00000000 00000000
[E] 0100028c 0100028c 0
[F] 0100028c 00018063
[D] 0100028c 63 00 03 00 0 00 00000000 00
[R] 03 00 00000000 00000000
[E] 0100028c 0100028c 0
[F] 0100028c 00018063
[D] 0100028c 63 00 03 00 0 00 00000000 00
[R] 03 00 00000000 00000000
[E] 0100028c 0100028c 0
[F] 0100028c 00018063
[D] 0100028c 63 00 03 00 0 00 00000000 00
[R] 03 00 00000000 00000000
[E] 0100028c 0100028c 0
[F] 0100028c 00018063
[D] 0100028c 63 00 03 00 0 00 00000000 00
[R] 03 00 00000000 00000000
[E] 0100028c 0100028c 0
[F] 0100028c 00018063
[D] 0100028c 63 00 03 00 0 00 00000000 00
[R] 03 00 00000000 00000000
[E] 0100028c 0100028c 0
[F] 0100028c 00018063
[D] 0100028c 63 00 03 00 0 00 00000000 00
[R] 03 00 00000000 00000000
[E] 0100028c 0100028c 0
[F] 0100028c 00018063
[D] 0100028c 63 00 03 00 0 00 00000000 00
[R] 03 00 00000000 00000000
[E] 0100028c 0100028c 0
[F] 0100028c 00018063
[D] 0100028c 63 00 03 00 0 00 00000000 00
[R] 03 00 00000000 00000000
[E] 0100028c 0100028c 0
[F] 0100028c 00018063
[D] 0100028c 63 00 03 00 0 00 00000000 00
[R] 03 00 00000000 00000000
[E] 0100028c 0100028c 0
[F] 0100028c 00018063
[D] 0100028c 63 00 03 00 0 00 00000000 00
[R] 03 00 00000000 00000000
[E] 0100028c 0100028c 0
[F] 0100028c 00018063
[D] 0100028c 63 00 03 00 0 00 00000000 00
[R] 03 00 00000000 00000000
[E] 0100028c 0100028c 0
[F] 0100028c 00018063
[D] 0100028c 63 00 03 00 0 00 00000000 00
[R] 03 00 00000000 00000000
[E] 0100028c 0100028c 0
[F] 0100028c 00018063
[D] 0100028c 63 00 03 00 0 00 00000000 00
[R] 03 00 00000000 00000000
[E] 0100028c 0100028c 0
[F] 0100028c 00018063
[D] 0100028c 63 00 03 00 0 00 00000000 00
[R] 03 00 00000000 00000000
[E] 0100028c 0100028c 0
[F] 0100028c 00018063
[D] 0100028c 63 00 03 00 0 00 00000000 00
[R] 03 00 00000000 00000000
[E] 0100028c 0100028c 0
[F] 0100028c 00018063
[D] 0100028c 63 00 03 00 0 00 00000000 00
[R] 03 00 00000000 00000000
[E] 0100028c 0100028c 0
[F] 0100028c 00018063
[D] 0100028c 63 00 03 00 0 00 00000000 00
[R] 03 00 00000000 00000000
[E] 0100028c 0100028c 0
[F] 0100028c 00018063
[D] 0100028c 63 00 03 00 0 00 00000000 00
[R] 03 00 00000000 00000000
[E] 0100028c 0100028c 0
[F] 0100028c 00018063
[D] 0100028c 63 00 03 00 0 00 00000000 00
[R] 03 00 00000000 00000000
[E] 0100028c 0100028c 0
[F] 0100028c 00018063
[D] 0100028c 63 00 03 00 0 00 00000000 00
[R] 03 00 00000000 00000000
[E] 0100028c 0100028c 0
[F] 0100028c 00018063
[D] 0100028c 63 00 03 00 0 00 00000000 00
[R] 03 00 00000000 00000000
[E] 0100028c 0100028c 0
[F] 0100028c 00018063
[D] 0100028c 63 00 03 00 0 00 00000000 00
[R] 03 00 00000000 00000000
[E] 0100028c 0100028c 0
[F] 0100028c 00018063
[D] 0100028c 63 00 03 00 0 00 00000000 00
[R] 03 00 00000000 00000000
[E] 0100028c 0100028c 0
[F] 0100028c 00018063
[D] 0100028c 63 00 03 00 0 00 00000000 00
[R] 03 00 00000000 00000000
[E] 0100028c 0100028c 0
[F] 0100028c 00018063
[D] 0100028c 63 00 03 00 0 00 00000000 00
[R] 03 00 00000000 00000000
[E] 0100028c 0100028c 0
[F] 0100028c 00018063
[D] 0100028c 63 00 03 00 0 00 00000000 00
[R] 03 00 00000000 00000000
[E] 0100028c 0100028c 0
[F] 0100028c 00018063
[D] 0100028c 63 00 03 00 0 00 00000000 00
[R] 03 00 00000000 00000000
[E] 0100028c 0100028c 0
[F] 0100028c 00018063
[D] 0100028c 63 00 03 00 0 00 00000000 00
[R] 03 00 00000000 00000000
[E] 0100028c 0100028c 0
[F] 0100028c 00018063
[D] 0100028c 63 00 03 00 0 00 00000000 00
[R] 03 00 00000000 00000000
[E] 0100028c 0100028c 0
[F] 0100028c 00018063
[D] 0100028c 63 00 03 00 0 00 00000000 00
[R] 03 00 00000000 00000000
[E] 0100028c 0100028c 0
[F] 0100028c 00018063
[D] 0100028c 63 00 03 00 0 00 00000000 00
[R] 03 00 00000000 00000000
[E] 0100028c 0100028c 0
[F] 0100028c 00018063
[D] 0100028c 63 00 03 00 0 00 00000000 00
[R] 03 00 00000000 00000000
[E] 0100028c 0100028c 0
[F] 0100028c 00018063
[D] 0100028c 63 00 03 00 0 00 00000000 00
[R] 03 00 00000000 00000000
[E] 0100028c 0100028c 0
[F] 0100028c 00018063
[D] 0100028c 63 00 03 00 0 00 00000000 00
[R] 03 00 00000000 00000000
[E] 0100028c 0100028c 0
[F] 0100028c 00018063
[D] 0100028c 63 00 03 00 0 00 00000000 00
