[F] 01000000 000000b7
[D] 01000000 37 01 00 00 0 00 00000000 00
[R] 00 00 00000000 00000000
[E] 01000000 00000000 0
[F] 01000004 00000e93
[D] 01000004 13 1d 00 00 0 00 00000000 00
[R] 00 00 00000000 00000000
[E] 01000004 00000000 0
[F] 01000008 00200193
[D] 01000008 13 03 00 02 0 00 00000002 02
[R] 00 02 00000000 01100000
[E] 01000008 00000002 0
[F] 0100000c 05d09a63
[D] 0100000c 63 14 01 1d 1 02 00000054 1d
[R] 01 1d 00000000 00000000
[E] 0100000c 01000060 0
[F] 01000010 fffff0b7
[D] 01000010 37 01 00 1f 7 7f fffff000 1f
[R] 00 1f 00000000 00000000
[E] 01000010 fffff000 0
[F] 01000014 4010d093
[D] 01000014 13 01 01 01 5 20 00000001 01
[R] 01 01 00000000 00000000
[E] 01000014 00000000 0
[F] 01000018 80000e93
[D] 01000018 13 1d 00 00 0 40 fffff800 00
[R] 00 00 00000000 00000000
[E] 01000018 fffff800 0
[F] 0100001c 00300193
[D] 0100001c 13 03 00 03 0 00 00000003 03
[R] 00 03 00000000 00000000
[E] 0100001c 00000003 0
[F] 01000020 05d09063
[D] 01000020 63 00 01 1d 1 02 00000040 1d
[R] 01 1d 00000000 00000000
[E] 01000020 01000060 0
[F] 01000024 7ffff0b7
[D] 01000024 37 01 00 1f 7 3f 7ffff000 1f
[R] 00 1f 00000000 00000000
[E] 01000024 7ffff000 0
[F] 01000028 4140d093
[D] 01000028 13 01 01 14 5 20 00000014 14
[R] 01 14 00000000 00000000
[E] 01000028 00000000 0
[F] 0100002c 7ff00e93
[D] 0100002c 13 1d 00 1f 0 3f 000007ff 1f
[R] 00 1f 00000000 00000000
[E] 0100002c 000007ff 0
[F] 01000030 00400193
[D] 01000030 13 03 00 04 0 00 00000004 04
[R] 00 04 00000000 00000000
[E] 01000030 00000004 0
[F] 01000034 03d09663
[D] 01000034 63 0c 01 1d 1 01 0000002c 1d
[R] 01 1d 00000000 00000000
[E] 01000034 01000060 0
[F] 01000038 800000b7
[D] 01000038 37 01 00 00 0 40 80000000 00
[R] 00 00 00000000 00000000
[E] 01000038 80000000 0
[F] 0100003c 4140d093
[D] 0100003c 13 01 01 14 5 20 00000014 14
[R] 01 14 00000000 00000000
[E] 0100003c 00000000 0
[F] 01000040 80000e93
[D] 01000040 13 1d 00 00 0 40 fffff800 00
[R] 00 00 00000000 00000000
[E] 01000040 fffff800 0
[F] 01000044 00500193
[D] 01000044 13 03 00 05 0 00 00000005 05
[R] 00 05 00000000 00000000
[E] 01000044 00000005 0
[F] 01000048 01d09c63
[D] 01000048 63 18 01 1d 1 00 00000018 1d
[R] 01 1d 00000000 00000000
[E] 01000048 01000060 0
[F] 0100004c 80000037
[D] 0100004c 37 00 00 00 0 40 80000000 00
[R] 00 00 00000000 00000000
[E] 0100004c 80000000 0
[F] 01000050 00000e93
[D] 01000050 13 1d 00 00 0 00 00000000 00
[R] 00 00 00000000 00000000
[E] 01000050 00000000 0
[F] 01000054 00600193
[D] 01000054 13 03 00 06 0 00 00000006 06
[R] 00 06 00000000 00000000
[E] 01000054 00000006 0
[F] 01000058 01d01463
[D] 01000058 63 08 00 1d 1 00 00000008 1d
[R] 00 1d 00000000 00000000
[E] 01000058 01000060 0
[F] 0100005c 00301c63
[D] 0100005c 63 18 00 03 1 00 00000018 03
[R] 00 03 00000000 00000000
[E] 0100005c 01000074 0
[F] 01000060 0ff0000f
[D] 01000060 0f 00 00 1f 0 07 00000000 1f
[R] 00 1f 00000000 00000000
[E] 01000060 00000000 0
[F] 01000064 00018063
[D] 01000064 63 00 03 00 0 00 00000000 00
[R] 03 00 00000000 00000000
[E] 01000064 01000064 0
[F] 01000064 00018063
[D] 01000064 63 00 03 00 0 00 00000000 00
[R] 03 00 00000000 00000000
[E] 01000064 01000064 0
[F] 01000064 00018063
[D] 01000064 63 00 03 00 0 00 00000000 00
[R] 03 00 00000000 00000000
[E] 01000064 01000064 0
[F] 01000064 00018063
[D] 01000064 63 00 03 00 0 00 00000000 00
[R] 03 00 00000000 00000000
[E] 01000064 01000064 0
[F] 01000064 00018063
[D] 01000064 63 00 03 00 0 00 00000000 00
[R] 03 00 00000000 00000000
[E] 01000064 01000064 0
[F] 01000064 00018063
[D] 01000064 63 00 03 00 0 00 00000000 00
[R] 03 00 00000000 00000000
[E] 01000064 01000064 0
[F] 01000064 00018063
[D] 01000064 63 00 03 00 0 00 00000000 00
[R] 03 00 00000000 00000000
[E] 01000064 01000064 0
[F] 01000064 00018063
[D] 01000064 63 00 03 00 0 00 00000000 00
[R] 03 00 00000000 00000000
[E] 01000064 01000064 0
[F] 01000064 00018063
[D] 01000064 63 00 03 00 0 00 00000000 00
[R] 03 00 00000000 00000000
[E] 01000064 01000064 0
[F] 01000064 00018063
[D] 01000064 63 00 03 00 0 00 00000000 00
[R] 03 00 00000000 00000000
[E] 01000064 01000064 0
[F] 01000064 00018063
[D] 01000064 63 00 03 00 0 00 00000000 00
[R] 03 00 00000000 00000000
[E] 01000064 01000064 0
[F] 01000064 00018063
[D] 01000064 63 00 03 00 0 00 00000000 00
[R] 03 00 00000000 00000000
[E] 01000064 01000064 0
[F] 01000064 00018063
[D] 01000064 63 00 03 00 0 00 00000000 00
[R] 03 00 00000000 00000000
[E] 01000064 01000064 0
[F] 01000064 00018063
[D] 01000064 63 00 03 00 0 00 00000000 00
[R] 03 00 00000000 00000000
[E] 01000064 01000064 0
[F] 01000064 00018063
[D] 01000064 63 00 03 00 0 00 00000000 00
[R] 03 00 00000000 00000000
[E] 01000064 01000064 0
[F] 01000064 00018063
[D] 01000064 63 00 03 00 0 00 00000000 00
[R] 03 00 00000000 00000000
[E] 01000064 01000064 0
[F] 01000064 00018063
[D] 01000064 63 00 03 00 0 00 00000000 00
[R] 03 00 00000000 00000000
[E] 01000064 01000064 0
[F] 01000064 00018063
[D] 01000064 63 00 03 00 0 00 00000000 00
[R] 03 00 00000000 00000000
[E] 01000064 01000064 0
[F] 01000064 00018063
[D] 01000064 63 00 03 00 0 00 00000000 00
[R] 03 00 00000000 00000000
[E] 01000064 01000064 0
[F] 01000064 00018063
[D] 01000064 63 00 03 00 0 00 00000000 00
[R] 03 00 00000000 00000000
[E] 01000064 01000064 0
[F] 01000064 00018063
[D] 01000064 63 00 03 00 0 00 00000000 00
[R] 03 00 00000000 00000000
[E] 01000064 01000064 0
[F] 01000064 00018063
[D] 01000064 63 00 03 00 0 00 00000000 00
[R] 03 00 00000000 00000000
[E] 01000064 01000064 0
[F] 01000064 00018063
[D] 01000064 63 00 03 00 0 00 00000000 00
[R] 03 00 00000000 00000000
[E] 01000064 01000064 0
[F] 01000064 00018063
[D] 01000064 63 00 03 00 0 00 00000000 00
[R] 03 00 00000000 00000000
[E] 01000064 01000064 0
[F] 01000064 00018063
[D] 01000064 63 00 03 00 0 00 00000000 00
[R] 03 00 00000000 00000000
[E] 01000064 01000064 0
[F] 01000064 00018063
[D] 01000064 63 00 03 00 0 00 00000000 00
[R] 03 00 00000000 00000000
[E] 01000064 01000064 0
[F] 01000064 00018063
[D] 01000064 63 00 03 00 0 00 00000000 00
[R] 03 00 00000000 00000000
[E] 01000064 01000064 0
[F] 01000064 00018063
[D] 01000064 63 00 03 00 0 00 00000000 00
[R] 03 00 00000000 00000000
[E] 01000064 01000064 0
[F] 01000064 00018063
[D] 01000064 63 00 03 00 0 00 00000000 00
[R] 03 00 00000000 00000000
[E] 01000064 01000064 0
[F] 01000064 00018063
[D] 01000064 63 00 03 00 0 00 00000000 00
[R] 03 00 00000000 00000000
[E] 01000064 01000064 0
[F] 01000064 00018063
[D] 01000064 63 00 03 00 0 00 00000000 00
[R] 03 00 00000000 00000000
[E] 01000064 01000064 0
[F] 01000064 00018063
[D] 01000064 63 00 03 00 0 00 00000000 00
[R] 03 00 00000000 00000000
[E] 01000064 01000064 0
[F] 01000064 00018063
[D] 01000064 63 00 03 00 0 00 00000000 00
[R] 03 00 00000000 00000000
[E] 01000064 01000064 0
[F] 01000064 00018063
[D] 01000064 63 00 03 00 0 00 00000000 00
[R] 03 00 00000000 00000000
[E] 01000064 01000064 0
[F] 01000064 00018063
[D] 01000064 63 00 03 00 0 00 00000000 00
[R] 03 00 00000000 00000000
[E] 01000064 01000064 0
[F] 01000064 00018063
[D] 01000064 63 00 03 00 0 00 00000000 00
[R] 03 00 00000000 00000000
[E] 01000064 01000064 0
[F] 01000064 00018063
[D] 01000064 63 00 03 00 0 00 00000000 00
[R] 03 00 00000000 00000000
[E] 01000064 01000064 0
[F] 01000064 00018063
[D] 01000064 63 00 03 00 0 00 00000000 00
[R] 03 00 00000000 00000000
[E] 01000064 01000064 0
[F] 01000064 00018063
[D] 01000064 63 00 03 00 0 00 00000000 00
[R] 03 00 00000000 00000000
[E] 01000064 01000064 0
[F] 01000064 00018063
[D] 01000064 63 00 03 00 0 00 00000000 00
[R] 03 00 00000000 00000000
[E] 01000064 01000064 0
[F] 01000064 00018063
[D] 01000064 63 00 03 00 0 00 00000000 00
[R] 03 00 00000000 00000000
[E] 01000064 01000064 0
[F] 01000064 00018063
[D] 01000064 63 00 03 00 0 00 00000000 00
[R] 03 00 00000000 00000000
[E] 01000064 01000064 0
[F] 01000064 00018063
[D] 01000064 63 00 03 00 0 00 00000000 00
[R] 03 00 00000000 00000000
[E] 01000064 01000064 0
[F] 01000064 00018063
[D] 01000064 63 00 03 00 0 00 00000000 00
[R] 03 00 00000000 00000000
[E] 01000064 01000064 0
[F] 01000064 00018063
[D] 01000064 63 00 03 00 0 00 00000000 00
[R] 03 00 00000000 00000000
[E] 01000064 01000064 0
[F] 01000064 00018063
[D] 01000064 63 00 03 00 0 00 00000000 00
[R] 03 00 00000000 00000000
[E] 01000064 01000064 0
[F] 01000064 00018063
[D] 01000064 63 00 03 00 0 00 00000000 00
[R] 03 00 00000000 00000000
[E] 01000064 01000064 0
[F] 01000064 00018063
[D] 01000064 63 00 03 00 0 00 00000000 00
[R] 03 00 00000000 00000000
[E] 01000064 01000064 0
[F] 01000064 00018063
[D] 01000064 63 00 03 00 0 00 00000000 00
[R] 03 00 00000000 00000000
[E] 01000064 01000064 0
[F] 01000064 00018063
[D] 01000064 63 00 03 00 0 00 00000000 00
[R] 03 00 00000000 00000000
[E] 01000064 01000064 0
[F] 01000064 00018063
[D] 01000064 63 00 03 00 0 00 00000000 00
[R] 03 00 00000000 00000000
[E] 01000064 01000064 0
[F] 01000064 00018063
[D] 01000064 63 00 03 00 0 00 00000000 00
[R] 03 00 00000000 00000000
[E] 01000064 01000064 0
[F] 01000064 00018063
[D] 01000064 63 00 03 00 0 00 00000000 00
[R] 03 00 00000000 00000000
[E] 01000064 01000064 0
[F] 01000064 00018063
[D] 01000064 63 00 03 00 0 00 00000000 00
[R] 03 00 00000000 00000000
[E] 01000064 01000064 0
[F] 01000064 00018063
[D] 01000064 63 00 03 00 0 00 00000000 00
[R] 03 00 00000000 00000000
[E] 01000064 01000064 0
[F] 01000064 00018063
[D] 01000064 63 00 03 00 0 00 00000000 00
[R] 03 00 00000000 00000000
[E] 01000064 01000064 0
[F] 01000064 00018063
[D] 01000064 63 00 03 00 0 00 00000000 00
[R] 03 00 00000000 00000000
[E] 01000064 01000064 0
[F] 01000064 00018063
[D] 01000064 63 00 03 00 0 00 00000000 00
[R] 03 00 00000000 00000000
[E] 01000064 01000064 0
[F] 01000064 00018063
[D] 01000064 63 00 03 00 0 00 00000000 00
[R] 03 00 00000000 00000000
[E] 01000064 01000064 0
[F] 01000064 00018063
[D] 01000064 63 00 03 00 0 00 00000000 00
[R] 03 00 00000000 00000000
[E] 01000064 01000064 0
[F] 01000064 00018063
[D] 01000064 63 00 03 00 0 00 00000000 00
[R] 03 00 00000000 00000000
[E] 01000064 01000064 0
[F] 01000064 00018063
[D] 01000064 63 00 03 00 0 00 00000000 00
[R] 03 00 00000000 00000000
[E] 01000064 01000064 0
[F] 01000064 00018063
[D] 01000064 63 00 03 00 0 00 00000000 00
[R] 03 00 00000000 00000000
[E] 01000064 01000064 0
[F] 01000064 00018063
[D] 01000064 63 00 03 00 0 00 00000000 00
[R] 03 00 00000000 00000000
[E] 01000064 01000064 0
[F] 01000064 00018063
[D] 01000064 63 00 03 00 0 00 00000000 00
[R] 03 00 00000000 00000000
[E] 01000064 01000064 0
[F] 01000064 00018063
[D] 01000064 63 00 03 00 0 00 00000000 00
[R] 03 00 00000000 00000000
[E] 01000064 01000064 0
[F] 01000064 00018063
[D] 01000064 63 00 03 00 0 00 00000000 00
[R] 03 00 00000000 00000000
[E] 01000064 01000064 0
[F] 01000064 00018063
[D] 01000064 63 00 03 00 0 00 00000000 00
[R] 03 00 00000000 00000000
[E] 01000064 01000064 0
[F] 01000064 00018063
[D] 01000064 63 00 03 00 0 00 00000000 00
[R] 03 00 00000000 00000000
[E] 01000064 01000064 0
[F] 01000064 00018063
[D] 01000064 63 00 03 00 0 00 00000000 00
[R] 03 00 00000000 00000000
[E] 01000064 01000064 0
[F] 01000064 00018063
[D] 01000064 63 00 03 00 0 00 00000000 00
[R] 03 00 00000000 00000000
[E] 01000064 01000064 0
[F] 01000064 00018063
[D] 01000064 63 00 03 00 0 00 00000000 00
[R] 03 00 00000000 00000000
[E] 01000064 01000064 0
[F] 01000064 00018063
[D] 01000064 63 00 03 00 0 00 00000000 00
[R] 03 00 00000000 00000000
[E] 01000064 01000064 0
[F] 01000064 00018063
[D] 01000064 63 00 03 00 0 00 00000000 00
[R] 03 00 00000000 00000000
[E] 01000064 01000064 0
[F] 01000064 00018063
[D] 01000064 63 00 03 00 0 00 00000000 00
[R] 03 00 00000000 00000000
[E] 01000064 01000064 0
[F] 01000064 00018063
[D] 01000064 63 00 03 00 0 00 00000000 00
[R] 03 00 00000000 00000000
[E] 01000064 01000064 0
[F] 01000064 00018063
[D] 01000064 63 00 03 00 0 00 00000000 00
[R] 03 00 00000000 00000000
[E] 01000064 01000064 0
[F] 01000064 00018063
[D] 01000064 63 00 03 00 0 00 00000000 00
[R] 03 00 00000000 00000000
[E] 01000064 01000064 0
[F] 01000064 00018063
[D] 01000064 63 00 03 00 0 00 00000000 00
[R] 03 00 00000000 00000000
[E] 01000064 01000064 0
[F] 01000064 00018063
[D] 01000064 63 00 03 00 0 00 00000000 00
[R] 03 00 00000000 00000000
[E] 01000064 01000064 0
[F] 01000064 00018063
[D] 01000064 63 00 03 00 0 00 00000000 00
[R] 03 00 00000000 00000000
[E] 01000064 01000064 0
[F] 01000064 00018063
[D] 01000064 63 00 03 00 0 00 00000000 00
[R] 03 00 00000000 00000000
[E] 01000064 01000064 0
[F] 01000064 00018063
[D] 01000064 63 00 03 00 0 00 00000000 00
[R] 03 00 00000000 00000000
[E] 01000064 01000064 0
[F] 01000064 00018063
[D] 01000064 63 00 03 00 0 00 00000000 00
[R] 03 00 00000000 00000000
[E] 01000064 01000064 0
[F] 01000064 00018063
[D] 01000064 63 00 03 00 0 00 00000000 00
[R] 03 00 00000000 00000000
[E] 01000064 01000064 0
[F] 01000064 00018063
[D] 01000064 63 00 03 00 0 00 00000000 00
[R] 03 00 00000000 00000000
[E] 01000064 01000064 0
[F] 01000064 00018063
[D] 01000064 63 00 03 00 0 00 00000000 00
[R] 03 00 00000000 00000000
[E] 01000064 01000064 0
[F] 01000064 00018063
[D] 01000064 63 00 03 00 0 00 00000000 00
[R] 03 00 00000000 00000000
[E] 01000064 01000064 0
[F] 01000064 00018063
[D] 01000064 63 00 03 00 0 00 00000000 00
[R] 03 00 00000000 00000000
[E] 01000064 01000064 0
[F] 01000064 00018063
[D] 01000064 63 00 03 00 0 00 00000000 00
[R] 03 00 00000000 00000000
[E] 01000064 01000064 0
[F] 01000064 00018063
[D] 01000064 63 00 03 00 0 00 00000000 00
[R] 03 00 00000000 00000000
[E] 01000064 01000064 0
[F] 01000064 00018063
[D] 01000064 63 00 03 00 0 00 00000000 00
[R] 03 00 00000000 00000000
[E] 01000064 01000064 0
[F] 01000064 00018063
[D] 01000064 63 00 03 00 0 00 00000000 00
[R] 03 00 00000000 00000000
[E] 01000064 01000064 0
[F] 01000064 00018063
[D] 01000064 63 00 03 00 0 00 00000000 00
[R] 03 00 00000000 00000000
[E] 01000064 01000064 0
[F] 01000064 00018063
[D] 01000064 63 00 03 00 0 00 00000000 00
[R] 03 00 00000000 00000000
[E] 01000064 01000064 0
[F] 01000064 00018063
[D] 01000064 63 00 03 00 0 00 00000000 00
[R] 03 00 00000000 00000000
[E] 01000064 01000064 0
[F] 01000064 00018063
[D] 01000064 63 00 03 00 0 00 00000000 00
[R] 03 00 00000000 00000000
[E] 01000064 01000064 0
[F] 01000064 00018063
[D] 01000064 63 00 03 00 0 00 00000000 00
[R] 03 00 00000000 00000000
[E] 01000064 01000064 0
[F] 01000064 00018063
[D] 01000064 63 00 03 00 0 00 00000000 00
[R] 03 00 00000000 00000000
[E] 01000064 01000064 0
[F] 01000064 00018063
[D] 01000064 63 00 03 00 0 00 00000000 00
[R] 03 00 00000000 00000000
[E] 01000064 01000064 0
[F] 01000064 00018063
[D] 01000064 63 00 03 00 0 00 00000000 00
[R] 03 00 00000000 00000000
[E] 01000064 01000064 0
[F] 01000064 00018063
[D] 01000064 63 00 03 00 0 00 00000000 00
[R] 03 00 00000000 00000000
[E] 01000064 01000064 0
[F] 01000064 00018063
[D] 01000064 63 00 03 00 0 00 00000000 00
[R] 03 00 00000000 00000000
[E] 01000064 01000064 0
[F] 01000064 00018063
[D] 01000064 63 00 03 00 0 00 00000000 00
[R] 03 00 00000000 00000000
[E] 01000064 01000064 0
[F] 01000064 00018063
[D] 01000064 63 00 03 00 0 00 00000000 00
[R] 03 00 00000000 00000000
[E] 01000064 01000064 0
[F] 01000064 00018063
[D] 01000064 63 00 03 00 0 00 00000000 00
[R] 03 00 00000000 00000000
[E] 01000064 01000064 0
[F] 01000064 00018063
[D] 01000064 63 00 03 00 0 00 00000000 00
[R] 03 00 00000000 00000000
[E] 01000064 01000064 0
[F] 01000064 00018063
[D] 01000064 63 00 03 00 0 00 00000000 00
[R] 03 00 00000000 00000000
[E] 01000064 01000064 0
[F] 01000064 00018063
[D] 01000064 63 00 03 00 0 00 00000000 00
[R] 03 00 00000000 00000000
[E] 01000064 01000064 0
[F] 01000064 00018063
[D] 01000064 63 00 03 00 0 00 00000000 00
[R] 03 00 00000000 00000000
[E] 01000064 01000064 0
[F] 01000064 00018063
[D] 01000064 63 00 03 00 0 00 00000000 00
[R] 03 00 00000000 00000000
[E] 01000064 01000064 0
[F] 01000064 00018063
[D] 01000064 63 00 03 00 0 00 00000000 00
[R] 03 00 00000000 00000000
[E] 01000064 01000064 0
[F] 01000064 00018063
[D] 01000064 63 00 03 00 0 00 00000000 00
[R] 03 00 00000000 00000000
[E] 01000064 01000064 0
[F] 01000064 00018063
[D] 01000064 63 00 03 00 0 00 00000000 00
[R] 03 00 00000000 00000000
[E] 01000064 01000064 0
[F] 01000064 00018063
[D] 01000064 63 00 03 00 0 00 00000000 00
[R] 03 00 00000000 00000000
[E] 01000064 01000064 0
[F] 01000064 00018063
[D] 01000064 63 00 03 00 0 00 00000000 00
[R] 03 00 00000000 00000000
[E] 01000064 01000064 0
[F] 01000064 00018063
[D] 01000064 63 00 03 00 0 00 00000000 00
[R] 03 00 00000000 00000000
[E] 01000064 01000064 0
[F] 01000064 00018063
[D] 01000064 63 00 03 00 0 00 00000000 00
[R] 03 00 00000000 00000000
[E] 01000064 01000064 0
[F] 01000064 00018063
[D] 01000064 63 00 03 00 0 00 00000000 00
[R] 03 00 00000000 00000000
[E] 01000064 01000064 0
[F] 01000064 00018063
[D] 01000064 63 00 03 00 0 00 00000000 00
[R] 03 00 00000000 00000000
[E] 01000064 01000064 0
[F] 01000064 00018063
[D] 01000064 63 00 03 00 0 00 00000000 00
[R] 03 00 00000000 00000000
[E] 01000064 01000064 0
[F] 01000064 00018063
[D] 01000064 63 00 03 00 0 00 00000000 00
[R] 03 00 00000000 00000000
[E] 01000064 01000064 0
[F] 01000064 00018063
[D] 01000064 63 00 03 00 0 00 00000000 00
[R] 03 00 00000000 00000000
[E] 01000064 01000064 0
[F] 01000064 00018063
[D] 01000064 63 00 03 00 0 00 00000000 00
[R] 03 00 00000000 00000000
[E] 01000064 01000064 0
[F] 01000064 00018063
[D] 01000064 63 00 03 00 0 00 00000000 00
[R] 03 00 00000000 00000000
[E] 01000064 01000064 0
[F] 01000064 00018063
[D] 01000064 63 00 03 00 0 00 00000000 00
[R] 03 00 00000000 00000000
[E] 01000064 01000064 0
[F] 01000064 00018063
[D] 01000064 63 00 03 00 0 00 00000000 00
[R] 03 00 00000000 00000000
[E] 01000064 01000064 0
[F] 01000064 00018063
[D] 01000064 63 00 03 00 0 00 00000000 00
[R] 03 00 00000000 00000000
[E] 01000064 01000064 0
[F] 01000064 00018063
[D] 01000064 63 00 03 00 0 00 00000000 00
[R] 03 00 00000000 00000000
[E] 01000064 01000064 0
[F] 01000064 00018063
[D] 01000064 63 00 03 00 0 00 00000000 00
[R] 03 00 00000000 00000000
[E] 01000064 01000064 0
[F] 01000064 00018063
[D] 01000064 63 00 03 00 0 00 00000000 00
[R] 03 00 00000000 00000000
[E] 01000064 01000064 0
[F] 01000064 00018063
[D] 01000064 63 00 03 00 0 00 00000000 00
[R] 03 00 00000000 00000000
[E] 01000064 01000064 0
[F] 01000064 00018063
[D] 01000064 63 00 03 00 0 00 00000000 00
[R] 03 00 00000000 00000000
[E] 01000064 01000064 0
[F] 01000064 00018063
[D] 01000064 63 00 03 00 0 00 00000000 00
[R] 03 00 00000000 00000000
[E] 01000064 01000064 0
[F] 01000064 00018063
[D] 01000064 63 00 03 00 0 00 00000000 00
[R] 03 00 00000000 00000000
[E] 01000064 01000064 0
[F] 01000064 00018063
[D] 01000064 63 00 03 00 0 00 00000000 00
[R] 03 00 00000000 00000000
[E] 01000064 01000064 0
[F] 01000064 00018063
[D] 01000064 63 00 03 00 0 00 00000000 00
[R] 03 00 00000000 00000000
[E] 01000064 01000064 0
[F] 01000064 00018063
[D] 01000064 63 00 03 00 0 00 00000000 00
[R] 03 00 00000000 00000000
[E] 01000064 01000064 0
[F] 01000064 00018063
[D] 01000064 63 00 03 00 0 00 00000000 00
[R] 03 00 00000000 00000000
[E] 01000064 01000064 0
[F] 01000064 00018063
[D] 01000064 63 00 03 00 0 00 00000000 00
[R] 03 00 00000000 00000000
[E] 01000064 01000064 0
[F] 01000064 00018063
[D] 01000064 63 00 03 00 0 00 00000000 00
[R] 03 00 00000000 00000000
[E] 01000064 01000064 0
[F] 01000064 00018063
[D] 01000064 63 00 03 00 0 00 00000000 00
[R] 03 00 00000000 00000000
[E] 01000064 01000064 0
[F] 01000064 00018063
[D] 01000064 63 00 03 00 0 00 00000000 00
[R] 03 00 00000000 00000000
[E] 01000064 01000064 0
[F] 01000064 00018063
[D] 01000064 63 00 03 00 0 00 00000000 00
[R] 03 00 00000000 00000000
[E] 01000064 01000064 0
[F] 01000064 00018063
[D] 01000064 63 00 03 00 0 00 00000000 00
[R] 03 00 00000000 00000000
[E] 01000064 01000064 0
[F] 01000064 00018063
[D] 01000064 63 00 03 00 0 00 00000000 00
[R] 03 00 00000000 00000000
[E] 01000064 01000064 0
[F] 01000064 00018063
[D] 01000064 63 00 03 00 0 00 00000000 00
[R] 03 00 00000000 00000000
[E] 01000064 01000064 0
[F] 01000064 00018063
[D] 01000064 63 00 03 00 0 00 00000000 00
[R] 03 00 00000000 00000000
[E] 01000064 01000064 0
[F] 01000064 00018063
[D] 01000064 63 00 03 00 0 00 00000000 00
[R] 03 00 00000000 00000000
[E] 01000064 01000064 0
[F] 01000064 00018063
[D] 01000064 63 00 03 00 0 00 00000000 00
[R] 03 00 00000000 00000000
[E] 01000064 01000064 0
[F] 01000064 00018063
[D] 01000064 63 00 03 00 0 00 00000000 00
[R] 03 00 00000000 00000000
[E] 01000064 01000064 0
[F] 01000064 00018063
[D] 01000064 63 00 03 00 0 00 00000000 00
[R] 03 00 00000000 00000000
[E] 01000064 01000064 0
[F] 01000064 00018063
[D] 01000064 63 00 03 00 0 00 00000000 00
[R] 03 00 00000000 00000000
[E] 01000064 01000064 0
[F] 01000064 00018063
[D] 01000064 63 00 03 00 0 00 00000000 00
[R] 03 00 00000000 00000000
[E] 01000064 01000064 0
[F] 01000064 00018063
[D] 01000064 63 00 03 00 0 00 00000000 00
[R] 03 00 00000000 00000000
[E] 01000064 01000064 0
[F] 01000064 00018063
[D] 01000064 63 00 03 00 0 00 00000000 00
[R] 03 00 00000000 00000000
[E] 01000064 01000064 0
[F] 01000064 00018063
[D] 01000064 63 00 03 00 0 00 00000000 00
[R] 03 00 00000000 00000000
[E] 01000064 01000064 0
[F] 01000064 00018063
[D] 01000064 63 00 03 00 0 00 00000000 00
[R] 03 00 00000000 00000000
[E] 01000064 01000064 0
[F] 01000064 00018063
[D] 01000064 63 00 03 00 0 00 00000000 00
[R] 03 00 00000000 00000000
[E] 01000064 01000064 0
[F] 01000064 00018063
[D] 01000064 63 00 03 00 0 00 00000000 00
[R] 03 00 00000000 00000000
[E] 01000064 01000064 0
[F] 01000064 00018063
[D] 01000064 63 00 03 00 0 00 00000000 00
[R] 03 00 00000000 00000000
[E] 01000064 01000064 0
[F] 01000064 00018063
[D] 01000064 63 00 03 00 0 00 00000000 00
[R] 03 00 00000000 00000000
[E] 01000064 01000064 0
[F] 01000064 00018063
[D] 01000064 63 00 03 00 0 00 00000000 00
[R] 03 00 00000000 00000000
[E] 01000064 01000064 0
[F] 01000064 00018063
[D] 01000064 63 00 03 00 0 00 00000000 00
[R] 03 00 00000000 00000000
[E] 01000064 01000064 0
[F] 01000064 00018063
[D] 01000064 63 00 03 00 0 00 00000000 00
[R] 03 00 00000000 00000000
[E] 01000064 01000064 0
[F] 01000064 00018063
[D] 01000064 63 00 03 00 0 00 00000000 00
[R] 03 00 00000000 00000000
[E] 01000064 01000064 0
[F] 01000064 00018063
[D] 01000064 63 00 03 00 0 00 00000000 00
[R] 03 00 00000000 00000000
[E] 01000064 01000064 0
[F] 01000064 00018063
[D] 01000064 63 00 03 00 0 00 00000000 00
[R] 03 00 00000000 00000000
[E] 01000064 01000064 0
[F] 01000064 00018063
[D] 01000064 63 00 03 00 0 00 00000000 00
[R] 03 00 00000000 00000000
[E] 01000064 01000064 0
[F] 01000064 00018063
[D] 01000064 63 00 03 00 0 00 00000000 00
[R] 03 00 00000000 00000000
[E] 01000064 01000064 0
[F] 01000064 00018063
[D] 01000064 63 00 03 00 0 00 00000000 00
[R] 03 00 00000000 00000000
[E] 01000064 01000064 0
[F] 01000064 00018063
[D] 01000064 63 00 03 00 0 00 00000000 00
[R] 03 00 00000000 00000000
[E] 01000064 01000064 0
[F] 01000064 00018063
[D] 01000064 63 00 03 00 0 00 00000000 00
[R] 03 00 00000000 00000000
[E] 01000064 01000064 0
[F] 01000064 00018063
[D] 01000064 63 00 03 00 0 00 00000000 00
[R] 03 00 00000000 00000000
[E] 01000064 01000064 0
[F] 01000064 00018063
[D] 01000064 63 00 03 00 0 00 00000000 00
[R] 03 00 00000000 00000000
[E] 01000064 01000064 0
[F] 01000064 00018063
[D] 01000064 63 00 03 00 0 00 00000000 00
[R] 03 00 00000000 00000000
[E] 01000064 01000064 0
[F] 01000064 00018063
[D] 01000064 63 00 03 00 0 00 00000000 00
[R] 03 00 00000000 00000000
[E] 01000064 01000064 0
[F] 01000064 00018063
[D] 01000064 63 00 03 00 0 00 00000000 00
[R] 03 00 00000000 00000000
[E] 01000064 01000064 0
[F] 01000064 00018063
[D] 01000064 63 00 03 00 0 00 00000000 00
[R] 03 00 00000000 00000000
[E] 01000064 01000064 0
[F] 01000064 00018063
[D] 01000064 63 00 03 00 0 00 00000000 00
[R] 03 00 00000000 00000000
[E] 01000064 01000064 0
[F] 01000064 00018063
[D] 01000064 63 00 03 00 0 00 00000000 00
[R] 03 00 00000000 00000000
[E] 01000064 01000064 0
[F] 01000064 00018063
[D] 01000064 63 00 03 00 0 00 00000000 00
[R] 03 00 00000000 00000000
[E] 01000064 01000064 0
[F] 01000064 00018063
[D] 01000064 63 00 03 00 0 00 00000000 00
[R] 03 00 00000000 00000000
[E] 01000064 01000064 0
[F] 01000064 00018063
[D] 01000064 63 00 03 00 0 00 00000000 00
[R] 03 00 00000000 00000000
[E] 01000064 01000064 0
[F] 01000064 00018063
[D] 01000064 63 00 03 00 0 00 00000000 00
[R] 03 00 00000000 00000000
[E] 01000064 01000064 0
[F] 01000064 00018063
[D] 01000064 63 00 03 00 0 00 00000000 00
[R] 03 00 00000000 00000000
[E] 01000064 01000064 0
[F] 01000064 00018063
[D] 01000064 63 00 03 00 0 00 00000000 00
[R] 03 00 00000000 00000000
[E] 01000064 01000064 0
[F] 01000064 00018063
[D] 01000064 63 00 03 00 0 00 00000000 00
[R] 03 00 00000000 00000000
[E] 01000064 01000064 0
[F] 01000064 00018063
[D] 01000064 63 00 03 00 0 00 00000000 00
[R] 03 00 00000000 00000000
[E] 01000064 01000064 0
[F] 01000064 00018063
[D] 01000064 63 00 03 00 0 00 00000000 00
[R] 03 00 00000000 00000000
[E] 01000064 01000064 0
[F] 01000064 00018063
[D] 01000064 63 00 03 00 0 00 00000000 00
[R] 03 00 00000000 00000000
[E] 01000064 01000064 0
[F] 01000064 00018063
[D] 01000064 63 00 03 00 0 00 00000000 00
[R] 03 00 00000000 00000000
[E] 01000064 01000064 0
[F] 01000064 00018063
[D] 01000064 63 00 03 00 0 00 00000000 00
[R] 03 00 00000000 00000000
[E] 01000064 01000064 0
[F] 01000064 00018063
[D] 01000064 63 00 03 00 0 00 00000000 00
[R] 03 00 00000000 00000000
[E] 01000064 01000064 0
[F] 01000064 00018063
[D] 01000064 63 00 03 00 0 00 00000000 00
[R] 03 00 00000000 00000000
[E] 01000064 01000064 0
[F] 01000064 00018063
[D] 01000064 63 00 03 00 0 00 00000000 00
[R] 03 00 00000000 00000000
[E] 01000064 01000064 0
[F] 01000064 00018063
[D] 01000064 63 00 03 00 0 00 00000000 00
[R] 03 00 00000000 00000000
[E] 01000064 01000064 0
[F] 01000064 00018063
[D] 01000064 63 00 03 00 0 00 00000000 00
[R] 03 00 00000000 00000000
[E] 01000064 01000064 0
[F] 01000064 00018063
[D] 01000064 63 00 03 00 0 00 00000000 00
[R] 03 00 00000000 00000000
[E] 01000064 01000064 0
[F] 01000064 00018063
[D] 01000064 63 00 03 00 0 00 00000000 00
[R] 03 00 00000000 00000000
[E] 01000064 01000064 0
[F] 01000064 00018063
[D] 01000064 63 00 03 00 0 00 00000000 00
[R] 03 00 00000000 00000000
[E] 01000064 01000064 0
[F] 01000064 00018063
[D] 01000064 63 00 03 00 0 00 00000000 00
[R] 03 00 00000000 00000000
[E] 01000064 01000064 0
[F] 01000064 00018063
[D] 01000064 63 00 03 00 0 00 00000000 00
[R] 03 00 00000000 00000000
[E] 01000064 01000064 0
[F] 01000064 00018063
[D] 01000064 63 00 03 00 0 00 00000000 00
[R] 03 00 00000000 00000000
[E] 01000064 01000064 0
[F] 01000064 00018063
[D] 01000064 63 00 03 00 0 00 00000000 00
[R] 03 00 00000000 00000000
[E] 01000064 01000064 0
[F] 01000064 00018063
[D] 01000064 63 00 03 00 0 00 00000000 00
[R] 03 00 00000000 00000000
[E] 01000064 01000064 0
[F] 01000064 00018063
[D] 01000064 63 00 03 00 0 00 00000000 00
[R] 03 00 00000000 00000000
[E] 01000064 01000064 0
[F] 01000064 00018063
[D] 01000064 63 00 03 00 0 00 00000000 00
[R] 03 00 00000000 00000000
[E] 01000064 01000064 0
[F] 01000064 00018063
[D] 01000064 63 00 03 00 0 00 00000000 00
[R] 03 00 00000000 00000000
[E] 01000064 01000064 0
[F] 01000064 00018063
[D] 01000064 63 00 03 00 0 00 00000000 00
[R] 03 00 00000000 00000000
[E] 01000064 01000064 0
[F] 01000064 00018063
[D] 01000064 63 00 03 00 0 00 00000000 00
[R] 03 00 00000000 00000000
[E] 01000064 01000064 0
[F] 01000064 00018063
[D] 01000064 63 00 03 00 0 00 00000000 00
[R] 03 00 00000000 00000000
[E] 01000064 01000064 0
[F] 01000064 00018063
[D] 01000064 63 00 03 00 0 00 00000000 00
[R] 03 00 00000000 00000000
[E] 01000064 01000064 0
[F] 01000064 00018063
[D] 01000064 63 00 03 00 0 00 00000000 00
[R] 03 00 00000000 00000000
[E] 01000064 01000064 0
[F] 01000064 00018063
[D] 01000064 63 00 03 00 0 00 00000000 00
[R] 03 00 00000000 00000000
[E] 01000064 01000064 0
[F] 01000064 00018063
[D] 01000064 63 00 03 00 0 00 00000000 00
[R] 03 00 00000000 00000000
[E] 01000064 01000064 0
[F] 01000064 00018063
[D] 01000064 63 00 03 00 0 00 00000000 00
[R] 03 00 00000000 00000000
[E] 01000064 01000064 0
[F] 01000064 00018063
[D] 01000064 63 00 03 00 0 00 00000000 00
[R] 03 00 00000000 00000000
[E] 01000064 01000064 0
[F] 01000064 00018063
[D] 01000064 63 00 03 00 0 00 00000000 00
[R] 03 00 00000000 00000000
[E] 01000064 01000064 0
[F] 01000064 00018063
[D] 01000064 63 00 03 00 0 00 00000000 00
[R] 03 00 00000000 00000000
[E] 01000064 01000064 0
[F] 01000064 00018063
[D] 01000064 63 00 03 00 0 00 00000000 00
[R] 03 00 00000000 00000000
[E] 01000064 01000064 0
[F] 01000064 00018063
[D] 01000064 63 00 03 00 0 00 00000000 00
[R] 03 00 00000000 00000000
[E] 01000064 01000064 0
[F] 01000064 00018063
[D] 01000064 63 00 03 00 0 00 00000000 00
[R] 03 00 00000000 00000000
[E] 01000064 01000064 0
[F] 01000064 00018063
[D] 01000064 63 00 03 00 0 00 00000000 00
[R] 03 00 00000000 00000000
[E] 01000064 01000064 0
[F] 01000064 00018063
[D] 01000064 63 00 03 00 0 00 00000000 00
[R] 03 00 00000000 00000000
[E] 01000064 01000064 0
[F] 01000064 00018063
[D] 01000064 63 00 03 00 0 00 00000000 00
[R] 03 00 00000000 00000000
[E] 01000064 01000064 0
[F] 01000064 00018063
[D] 01000064 63 00 03 00 0 00 00000000 00
[R] 03 00 00000000 00000000
[E] 01000064 01000064 0
[F] 01000064 00018063
[D] 01000064 63 00 03 00 0 00 00000000 00
[R] 03 00 00000000 00000000
[E] 01000064 01000064 0
[F] 01000064 00018063
[D] 01000064 63 00 03 00 0 00 00000000 00
[R] 03 00 00000000 00000000
[E] 01000064 01000064 0
[F] 01000064 00018063
[D] 01000064 63 00 03 00 0 00 00000000 00
[R] 03 00 00000000 00000000
[E] 01000064 01000064 0
[F] 01000064 00018063
[D] 01000064 63 00 03 00 0 00 00000000 00
[R] 03 00 00000000 00000000
[E] 01000064 01000064 0
[F] 01000064 00018063
[D] 01000064 63 00 03 00 0 00 00000000 00
[R] 03 00 00000000 00000000
[E] 01000064 01000064 0
[F] 01000064 00018063
[D] 01000064 63 00 03 00 0 00 00000000 00
[R] 03 00 00000000 00000000
[E] 01000064 01000064 0
[F] 01000064 00018063
[D] 01000064 63 00 03 00 0 00 00000000 00
[R] 03 00 00000000 00000000
[E] 01000064 01000064 0
[F] 01000064 00018063
[D] 01000064 63 00 03 00 0 00 00000000 00
[R] 03 00 00000000 00000000
[E] 01000064 01000064 0
[F] 01000064 00018063
[D] 01000064 63 00 03 00 0 00 00000000 00
[R] 03 00 00000000 00000000
[E] 01000064 01000064 0
[F] 01000064 00018063
[D] 01000064 63 00 03 00 0 00 00000000 00
[R] 03 00 00000000 00000000
[E] 01000064 01000064 0
[F] 01000064 00018063
[D] 01000064 63 00 03 00 0 00 00000000 00
[R] 03 00 00000000 00000000
[E] 01000064 01000064 0
[F] 01000064 00018063
[D] 01000064 63 00 03 00 0 00 00000000 00
[R] 03 00 00000000 00000000
[E] 01000064 01000064 0
[F] 01000064 00018063
[D] 01000064 63 00 03 00 0 00 00000000 00
[R] 03 00 00000000 00000000
[E] 01000064 01000064 0
[F] 01000064 00018063
[D] 01000064 63 00 03 00 0 00 00000000 00
[R] 03 00 00000000 00000000
[E] 01000064 01000064 0
[F] 01000064 00018063
[D] 01000064 63 00 03 00 0 00 00000000 00
[R] 03 00 00000000 00000000
[E] 01000064 01000064 0
[F] 01000064 00018063
[D] 01000064 63 00 03 00 0 00 00000000 00
[R] 03 00 00000000 00000000
[E] 01000064 01000064 0
[F] 01000064 00018063
[D] 01000064 63 00 03 00 0 00 00000000 00
[R] 03 00 00000000 00000000
[E] 01000064 01000064 0
[F] 01000064 00018063
[D] 01000064 63 00 03 00 0 00 00000000 00
[R] 03 00 00000000 00000000
[E] 01000064 01000064 0
[F] 01000064 00018063
[D] 01000064 63 00 03 00 0 00 00000000 00
[R] 03 00 00000000 00000000
[E] 01000064 01000064 0
[F] 01000064 00018063
[D] 01000064 63 00 03 00 0 00 00000000 00
[R] 03 00 00000000 00000000
[E] 01000064 01000064 0
[F] 01000064 00018063
[D] 01000064 63 00 03 00 0 00 00000000 00
[R] 03 00 00000000 00000000
[E] 01000064 01000064 0
[F] 01000064 00018063
[D] 01000064 63 00 03 00 0 00 00000000 00
[R] 03 00 00000000 00000000
[E] 01000064 01000064 0
[F] 01000064 00018063
[D] 01000064 63 00 03 00 0 00 00000000 00
[R] 03 00 00000000 00000000
[E] 01000064 01000064 0
[F] 01000064 00018063
[D] 01000064 63 00 03 00 0 00 00000000 00
[R] 03 00 00000000 00000000
[E] 01000064 01000064 0
[F] 01000064 00018063
[D] 01000064 63 00 03 00 0 00 00000000 00
[R] 03 00 00000000 00000000
[E] 01000064 01000064 0
[F] 01000064 00018063
[D] 01000064 63 00 03 00 0 00 00000000 00
[R] 03 00 00000000 00000000
[E] 01000064 01000064 0
[F] 01000064 00018063
[D] 01000064 63 00 03 00 0 00 00000000 00
[R] 03 00 00000000 00000000
[E] 01000064 01000064 0
[F] 01000064 00018063
[D] 01000064 63 00 03 00 0 00 00000000 00
[R] 03 00 00000000 00000000
[E] 01000064 01000064 0
[F] 01000064 00018063
[D] 01000064 63 00 03 00 0 00 00000000 00
[R] 03 00 00000000 00000000
[E] 01000064 01000064 0
[F] 01000064 00018063
[D] 01000064 63 00 03 00 0 00 00000000 00
[R] 03 00 00000000 00000000
[E] 01000064 01000064 0
[F] 01000064 00018063
[D] 01000064 63 00 03 00 0 00 00000000 00
[R] 03 00 00000000 00000000
[E] 01000064 01000064 0
[F] 01000064 00018063
[D] 01000064 63 00 03 00 0 00 00000000 00
[R] 03 00 00000000 00000000
[E] 01000064 01000064 0
[F] 01000064 00018063
[D] 01000064 63 00 03 00 0 00 00000000 00
[R] 03 00 00000000 00000000
[E] 01000064 01000064 0
[F] 01000064 00018063
[D] 01000064 63 00 03 00 0 00 00000000 00
[R] 03 00 00000000 00000000
[E] 01000064 01000064 0
[F] 01000064 00018063
[D] 01000064 63 00 03 00 0 00 00000000 00
[R] 03 00 00000000 00000000
[E] 01000064 01000064 0
[F] 01000064 00018063
[D] 01000064 63 00 03 00 0 00 00000000 00
[R] 03 00 00000000 00000000
[E] 01000064 01000064 0
[F] 01000064 00018063
[D] 01000064 63 00 03 00 0 00 00000000 00
[R] 03 00 00000000 00000000
[E] 01000064 01000064 0
[F] 01000064 00018063
[D] 01000064 63 00 03 00 0 00 00000000 00
[R] 03 00 00000000 00000000
[E] 01000064 01000064 0
[F] 01000064 00018063
[D] 01000064 63 00 03 00 0 00 00000000 00
[R] 03 00 00000000 00000000
[E] 01000064 01000064 0
[F] 01000064 00018063
[D] 01000064 63 00 03 00 0 00 00000000 00
[R] 03 00 00000000 00000000
[E] 01000064 01000064 0
[F] 01000064 00018063
[D] 01000064 63 00 03 00 0 00 00000000 00
[R] 03 00 00000000 00000000
[E] 01000064 01000064 0
[F] 01000064 00018063
[D] 01000064 63 00 03 00 0 00 00000000 00
[R] 03 00 00000000 00000000
[E] 01000064 01000064 0
[F] 01000064 00018063
[D] 01000064 63 00 03 00 0 00 00000000 00
[R] 03 00 00000000 00000000
[E] 01000064 01000064 0
[F] 01000064 00018063
[D] 01000064 63 00 03 00 0 00 00000000 00
[R] 03 00 00000000 00000000
[E] 01000064 01000064 0
[F] 01000064 00018063
[D] 01000064 63 00 03 00 0 00 00000000 00
[R] 03 00 00000000 00000000
[E] 01000064 01000064 0
[F] 01000064 00018063
[D] 01000064 63 00 03 00 0 00 00000000 00
[R] 03 00 00000000 00000000
[E] 01000064 01000064 0
[F] 01000064 00018063
[D] 01000064 63 00 03 00 0 00 00000000 00
[R] 03 00 00000000 00000000
[E] 01000064 01000064 0
[F] 01000064 00018063
[D] 01000064 63 00 03 00 0 00 00000000 00
[R] 03 00 00000000 00000000
[E] 01000064 01000064 0
[F] 01000064 00018063
[D] 01000064 63 00 03 00 0 00 00000000 00
[R] 03 00 00000000 00000000
[E] 01000064 01000064 0
[F] 01000064 00018063
[D] 01000064 63 00 03 00 0 00 00000000 00
[R] 03 00 00000000 00000000
[E] 01000064 01000064 0
[F] 01000064 00018063
[D] 01000064 63 00 03 00 0 00 00000000 00
[R] 03 00 00000000 00000000
[E] 01000064 01000064 0
[F] 01000064 00018063
[D] 01000064 63 00 03 00 0 00 00000000 00
[R] 03 00 00000000 00000000
[E] 01000064 01000064 0
[F] 01000064 00018063
[D] 01000064 63 00 03 00 0 00 00000000 00
[R] 03 00 00000000 00000000
[E] 01000064 01000064 0
[F] 01000064 00018063
[D] 01000064 63 00 03 00 0 00 00000000 00
[R] 03 00 00000000 00000000
[E] 01000064 01000064 0
[F] 01000064 00018063
[D] 01000064 63 00 03 00 0 00 00000000 00
[R] 03 00 00000000 00000000
[E] 01000064 01000064 0
[F] 01000064 00018063
[D] 01000064 63 00 03 00 0 00 00000000 00
[R] 03 00 00000000 00000000
[E] 01000064 01000064 0
[F] 01000064 00018063
[D] 01000064 63 00 03 00 0 00 00000000 00
[R] 03 00 00000000 00000000
[E] 01000064 01000064 0
[F] 01000064 00018063
[D] 01000064 63 00 03 00 0 00 00000000 00
[R] 03 00 00000000 00000000
[E] 01000064 01000064 0
[F] 01000064 00018063
[D] 01000064 63 00 03 00 0 00 00000000 00
[R] 03 00 00000000 00000000
[E] 01000064 01000064 0
[F] 01000064 00018063
[D] 01000064 63 00 03 00 0 00 00000000 00
[R] 03 00 00000000 00000000
[E] 01000064 01000064 0
[F] 01000064 00018063
[D] 01000064 63 00 03 00 0 00 00000000 00
[R] 03 00 00000000 00000000
[E] 01000064 01000064 0
[F] 01000064 00018063
[D] 01000064 63 00 03 00 0 00 00000000 00
[R] 03 00 00000000 00000000
[E] 01000064 01000064 0
[F] 01000064 00018063
[D] 01000064 63 00 03 00 0 00 00000000 00
[R] 03 00 00000000 00000000
[E] 01000064 01000064 0
[F] 01000064 00018063
[D] 01000064 63 00 03 00 0 00 00000000 00
[R] 03 00 00000000 00000000
[E] 01000064 01000064 0
[F] 01000064 00018063
[D] 01000064 63 00 03 00 0 00 00000000 00
[R] 03 00 00000000 00000000
[E] 01000064 01000064 0
[F] 01000064 00018063
[D] 01000064 63 00 03 00 0 00 00000000 00
[R] 03 00 00000000 00000000
[E] 01000064 01000064 0
[F] 01000064 00018063
[D] 01000064 63 00 03 00 0 00 00000000 00
[R] 03 00 00000000 00000000
[E] 01000064 01000064 0
[F] 01000064 00018063
[D] 01000064 63 00 03 00 0 00 00000000 00
[R] 03 00 00000000 00000000
[E] 01000064 01000064 0
[F] 01000064 00018063
[D] 01000064 63 00 03 00 0 00 00000000 00
[R] 03 00 00000000 00000000
[E] 01000064 01000064 0
[F] 01000064 00018063
[D] 01000064 63 00 03 00 0 00 00000000 00
[R] 03 00 00000000 00000000
[E] 01000064 01000064 0
[F] 01000064 00018063
[D] 01000064 63 00 03 00 0 00 00000000 00
[R] 03 00 00000000 00000000
[E] 01000064 01000064 0
[F] 01000064 00018063
[D] 01000064 63 00 03 00 0 00 00000000 00
[R] 03 00 00000000 00000000
[E] 01000064 01000064 0
[F] 01000064 00018063
[D] 01000064 63 00 03 00 0 00 00000000 00
[R] 03 00 00000000 00000000
[E] 01000064 01000064 0
[F] 01000064 00018063
[D] 01000064 63 00 03 00 0 00 00000000 00
[R] 03 00 00000000 00000000
[E] 01000064 01000064 0
[F] 01000064 00018063
[D] 01000064 63 00 03 00 0 00 00000000 00
[R] 03 00 00000000 00000000
[E] 01000064 01000064 0
[F] 01000064 00018063
[D] 01000064 63 00 03 00 0 00 00000000 00
[R] 03 00 00000000 00000000
[E] 01000064 01000064 0
[F] 01000064 00018063
[D] 01000064 63 00 03 00 0 00 00000000 00
[R] 03 00 00000000 00000000
[E] 01000064 01000064 0
[F] 01000064 00018063
[D] 01000064 63 00 03 00 0 00 00000000 00
[R] 03 00 00000000 00000000
[E] 01000064 01000064 0
[F] 01000064 00018063
[D] 01000064 63 00 03 00 0 00 00000000 00
[R] 03 00 00000000 00000000
[E] 01000064 01000064 0
[F] 01000064 00018063
[D] 01000064 63 00 03 00 0 00 00000000 00
[R] 03 00 00000000 00000000
[E] 01000064 01000064 0
[F] 01000064 00018063
[D] 01000064 63 00 03 00 0 00 00000000 00
[R] 03 00 00000000 00000000
[E] 01000064 01000064 0
[F] 01000064 00018063
[D] 01000064 63 00 03 00 0 00 00000000 00
[R] 03 00 00000000 00000000
[E] 01000064 01000064 0
[F] 01000064 00018063
[D] 01000064 63 00 03 00 0 00 00000000 00
[R] 03 00 00000000 00000000
[E] 01000064 01000064 0
[F] 01000064 00018063
[D] 01000064 63 00 03 00 0 00 00000000 00
[R] 03 00 00000000 00000000
[E] 01000064 01000064 0
[F] 01000064 00018063
[D] 01000064 63 00 03 00 0 00 00000000 00
[R] 03 00 00000000 00000000
[E] 01000064 01000064 0
[F] 01000064 00018063
[D] 01000064 63 00 03 00 0 00 00000000 00
[R] 03 00 00000000 00000000
[E] 01000064 01000064 0
[F] 01000064 00018063
[D] 01000064 63 00 03 00 0 00 00000000 00
[R] 03 00 00000000 00000000
[E] 01000064 01000064 0
[F] 01000064 00018063
[D] 01000064 63 00 03 00 0 00 00000000 00
[R] 03 00 00000000 00000000
[E] 01000064 01000064 0
[F] 01000064 00018063
[D] 01000064 63 00 03 00 0 00 00000000 00
[R] 03 00 00000000 00000000
[E] 01000064 01000064 0
[F] 01000064 00018063
[D] 01000064 63 00 03 00 0 00 00000000 00
[R] 03 00 00000000 00000000
[E] 01000064 01000064 0
[F] 01000064 00018063
[D] 01000064 63 00 03 00 0 00 00000000 00
[R] 03 00 00000000 00000000
[E] 01000064 01000064 0
[F] 01000064 00018063
[D] 01000064 63 00 03 00 0 00 00000000 00
[R] 03 00 00000000 00000000
[E] 01000064 01000064 0
[F] 01000064 00018063
[D] 01000064 63 00 03 00 0 00 00000000 00
[R] 03 00 00000000 00000000
[E] 01000064 01000064 0
[F] 01000064 00018063
[D] 01000064 63 00 03 00 0 00 00000000 00
[R] 03 00 00000000 00000000
[E] 01000064 01000064 0
[F] 01000064 00018063
[D] 01000064 63 00 03 00 0 00 00000000 00
[R] 03 00 00000000 00000000
[E] 01000064 01000064 0
[F] 01000064 00018063
[D] 01000064 63 00 03 00 0 00 00000000 00
[R] 03 00 00000000 00000000
[E] 01000064 01000064 0
[F] 01000064 00018063
[D] 01000064 63 00 03 00 0 00 00000000 00
[R] 03 00 00000000 00000000
[E] 01000064 01000064 0
[F] 01000064 00018063
[D] 01000064 63 00 03 00 0 00 00000000 00
[R] 03 00 00000000 00000000
[E] 01000064 01000064 0
[F] 01000064 00018063
[D] 01000064 63 00 03 00 0 00 00000000 00
[R] 03 00 00000000 00000000
[E] 01000064 01000064 0
[F] 01000064 00018063
[D] 01000064 63 00 03 00 0 00 00000000 00
[R] 03 00 00000000 00000000
[E] 01000064 01000064 0
[F] 01000064 00018063
[D] 01000064 63 00 03 00 0 00 00000000 00
[R] 03 00 00000000 00000000
[E] 01000064 01000064 0
[F] 01000064 00018063
[D] 01000064 63 00 03 00 0 00 00000000 00
[R] 03 00 00000000 00000000
[E] 01000064 01000064 0
[F] 01000064 00018063
[D] 01000064 63 00 03 00 0 00 00000000 00
[R] 03 00 00000000 00000000
[E] 01000064 01000064 0
[F] 01000064 00018063
[D] 01000064 63 00 03 00 0 00 00000000 00
[R] 03 00 00000000 00000000
[E] 01000064 01000064 0
[F] 01000064 00018063
[D] 01000064 63 00 03 00 0 00 00000000 00
[R] 03 00 00000000 00000000
[E] 01000064 01000064 0
[F] 01000064 00018063
[D] 01000064 63 00 03 00 0 00 00000000 00
[R] 03 00 00000000 00000000
[E] 01000064 01000064 0
[F] 01000064 00018063
[D] 01000064 63 00 03 00 0 00 00000000 00
[R] 03 00 00000000 00000000
[E] 01000064 01000064 0
[F] 01000064 00018063
[D] 01000064 63 00 03 00 0 00 00000000 00
[R] 03 00 00000000 00000000
[E] 01000064 01000064 0
[F] 01000064 00018063
[D] 01000064 63 00 03 00 0 00 00000000 00
[R] 03 00 00000000 00000000
[E] 01000064 01000064 0
[F] 01000064 00018063
[D] 01000064 63 00 03 00 0 00 00000000 00
[R] 03 00 00000000 00000000
[E] 01000064 01000064 0
[F] 01000064 00018063
[D] 01000064 63 00 03 00 0 00 00000000 00
