[F] 01000000 00000097
[D] 01000000 17 01 00 00 0 00 00000000 00
[R] 00 00 00000000 00000000
[E] 01000000 01000000 0
[F] 01000004 2c408093
[D] 01000004 13 01 01 04 0 16 000002c4 04
[R] 01 04 00000000 00000000
[E] 01000004 000002c4 0
[F] 01000008 00009f03
[D] 01000008 03 1e 01 00 1 00 00000000 00
[R] 01 00 00000000 00000000
[E] 01000008 00000000 0
[F] 0100000c 0ff00e93
[D] 0100000c 13 1d 00 1f 0 07 000000ff 1f
[R] 00 1f 00000000 00000000
[E] 0100000c 000000ff 0
[F] 01000010 00200193
[D] 01000010 13 03 00 02 0 00 00000002 02
[R] 00 02 00000000 01100000
[E] 01000010 00000002 0
[F] 01000014 25df1c63
[D] 01000014 63 18 1e 1d 1 12 00000258 1d
[R] 1e 1d 00000000 00000000
[E] 01000014 0100026c 0
[F] 01000018 00000097
[D] 01000018 17 01 00 00 0 00 00000000 00
[R] 00 00 00000000 00000000
[E] 01000018 01000018 0
[F] 0100001c 2ac08093
[D] 0100001c 13 01 01 0c 0 15 000002ac 0c
[R] 01 0c 00000000 00000000
[E] 0100001c 000002ac 0
[F] 01000020 00209f03
[D] 01000020 03 1e 01 02 1 00 00000002 02
[R] 01 02 00000000 01100000
[E] 01000020 00000002 0
[F] 01000024 f0000e93
[D] 01000024 13 1d 00 00 0 78 ffffff00 00
[R] 00 00 00000000 00000000
[E] 01000024 ffffff00 0
[F] 01000028 00300193
[D] 01000028 13 03 00 03 0 00 00000003 03
[R] 00 03 00000000 00000000
[E] 01000028 00000003 0
[F] 0100002c 25df1063
[D] 0100002c 63 00 1e 1d 1 12 00000240 1d
[R] 1e 1d 00000000 00000000
[E] 0100002c 0100026c 0
[F] 01000030 00000097
[D] 01000030 17 01 00 00 0 00 00000000 00
[R] 00 00 00000000 00000000
[E] 01000030 01000030 0
[F] 01000034 29408093
[D] 01000034 13 01 01 14 0 14 00000294 14
[R] 01 14 00000000 00000000
[E] 01000034 00000294 0
[F] 01000038 00409f03
[D] 01000038 03 1e 01 04 1 00 00000004 04
[R] 01 04 00000000 00000000
[E] 01000038 00000004 0
[F] 0100003c 00001eb7
[D] 0100003c 37 1d 00 00 1 00 00001000 00
[R] 00 00 00000000 00000000
[E] 0100003c 00001000 0
[F] 01000040 ff0e8e93
[D] 01000040 13 1d 1d 10 0 7f fffffff0 10
[R] 1d 10 00000000 00000000
[E] 01000040 fffffff0 0
[F] 01000044 00400193
[D] 01000044 13 03 00 04 0 00 00000004 04
[R] 00 04 00000000 00000000
[E] 01000044 00000004 0
[F] 01000048 23df1263
[D] 01000048 63 04 1e 1d 1 11 00000224 1d
[R] 1e 1d 00000000 00000000
[E] 01000048 0100026c 0
[F] 0100004c 00000097
[D] 0100004c 17 01 00 00 0 00 00000000 00
[R] 00 00 00000000 00000000
[E] 0100004c 0100004c 0
[F] 01000050 27808093
[D] 01000050 13 01 01 18 0 13 00000278 18
[R] 01 18 00000000 00000000
[E] 01000050 00000278 0
[F] 01000054 00609f03
[D] 01000054 03 1e 01 06 1 00 00000006 06
[R] 01 06 00000000 00000000
[E] 01000054 00000006 0
[F] 01000058 fffffeb7
[D] 01000058 37 1d 00 1f 7 7f fffff000 1f
[R] 00 1f 00000000 00000000
[E] 01000058 fffff000 0
[F] 0100005c 00fe8e93
[D] 0100005c 13 1d 1d 0f 0 00 0000000f 0f
[R] 1d 0f 00000000 00000000
[E] 0100005c 0000000f 0
[F] 01000060 00500193
[D] 01000060 13 03 00 05 0 00 00000005 05
[R] 00 05 00000000 00000000
[E] 01000060 00000005 0
[F] 01000064 21df1463
[D] 01000064 63 08 1e 1d 1 10 00000208 1d
[R] 1e 1d 00000000 00000000
[E] 01000064 0100026c 0
[F] 01000068 00000097
[D] 01000068 17 01 00 00 0 00 00000000 00
[R] 00 00 00000000 00000000
[E] 01000068 01000068 0
[F] 0100006c 26208093
[D] 0100006c 13 01 01 02 0 13 00000262 02
[R] 01 02 00000000 01100000
[E] 0100006c 00000262 0
[F] 01000070 ffa09f03
[D] 01000070 03 1e 01 1a 1 7f fffffffa 1a
[R] 01 1a 00000000 00000000
[E] 01000070 fffffffa 0
[F] 01000074 0ff00e93
[D] 01000074 13 1d 00 1f 0 07 000000ff 1f
[R] 00 1f 00000000 00000000
[E] 01000074 000000ff 0
[F] 01000078 00600193
[D] 01000078 13 03 00 06 0 00 00000006 06
[R] 00 06 00000000 00000000
[E] 01000078 00000006 0
[F] 0100007c 1fdf1863
[D] 0100007c 63 10 1e 1d 1 0f 000001f0 1d
[R] 1e 1d 00000000 00000000
[E] 0100007c 0100026c 0
[F] 01000080 00000097
[D] 01000080 17 01 00 00 0 00 00000000 00
[R] 00 00 00000000 00000000
[E] 01000080 01000080 0
[F] 01000084 24a08093
[D] 01000084 13 01 01 0a 0 12 0000024a 0a
[R] 01 0a 00000000 00000000
[E] 01000084 0000024a 0
[F] 01000088 ffc09f03
[D] 01000088 03 1e 01 1c 1 7f fffffffc 1c
[R] 01 1c 00000000 00000000
[E] 01000088 fffffffc 0
[F] 0100008c f0000e93
[D] 0100008c 13 1d 00 00 0 78 ffffff00 00
[R] 00 00 00000000 00000000
[E] 0100008c ffffff00 0
[F] 01000090 00700193
[D] 01000090 13 03 00 07 0 00 00000007 07
[R] 00 07 00000000 00000000
[E] 01000090 00000007 0
[F] 01000094 1ddf1c63
[D] 01000094 63 18 1e 1d 1 0e 000001d8 1d
[R] 1e 1d 00000000 00000000
[E] 01000094 0100026c 0
[F] 01000098 00000097
[D] 01000098 17 01 00 00 0 00 00000000 00
[R] 00 00 00000000 00000000
[E] 01000098 01000098 0
[F] 0100009c 23208093
[D] 0100009c 13 01 01 12 0 11 00000232 12
[R] 01 12 00000000 00000000
[E] 0100009c 00000232 0
[F] 010000a0 ffe09f03
[D] 010000a0 03 1e 01 1e 1 7f fffffffe 1e
[R] 01 1e 00000000 00000000
[E] 010000a0 fffffffe 0
[F] 010000a4 00001eb7
[D] 010000a4 37 1d 00 00 1 00 00001000 00
[R] 00 00 00000000 00000000
[E] 010000a4 00001000 0
[F] 010000a8 ff0e8e93
[D] 010000a8 13 1d 1d 10 0 7f fffffff0 10
[R] 1d 10 00000000 00000000
[E] 010000a8 fffffff0 0
[F] 010000ac 00800193
[D] 010000ac 13 03 00 08 0 00 00000008 08
[R] 00 08 00000000 00000000
[E] 010000ac 00000008 0
[F] 010000b0 1bdf1e63
[D] 010000b0 63 1c 1e 1d 1 0d 000001bc 1d
[R] 1e 1d 00000000 00000000
[E] 010000b0 0100026c 0
[F] 010000b4 00000097
[D] 010000b4 17 01 00 00 0 00 00000000 00
[R] 00 00 00000000 00000000
[E] 010000b4 010000b4 0
[F] 010000b8 21608093
[D] 010000b8 13 01 01 16 0 10 00000216 16
[R] 01 16 00000000 00000000
[E] 010000b8 00000216 0
[F] 010000bc 00009f03
[D] 010000bc 03 1e 01 00 1 00 00000000 00
[R] 01 00 00000000 00000000
[E] 010000bc 00000000 0
[F] 010000c0 fffffeb7
[D] 010000c0 37 1d 00 1f 7 7f fffff000 1f
[R] 00 1f 00000000 00000000
[E] 010000c0 fffff000 0
[F] 010000c4 00fe8e93
[D] 010000c4 13 1d 1d 0f 0 00 0000000f 0f
[R] 1d 0f 00000000 00000000
[E] 010000c4 0000000f 0
[F] 010000c8 00900193
[D] 010000c8 13 03 00 09 0 00 00000009 09
[R] 00 09 00000000 00000000
[E] 010000c8 00000009 0
[F] 010000cc 1bdf1063
[D] 010000cc 63 00 1e 1d 1 0d 000001a0 1d
[R] 1e 1d 00000000 00000000
[E] 010000cc 0100026c 0
[F] 010000d0 00000097
[D] 010000d0 17 01 00 00 0 00 00000000 00
[R] 00 00 00000000 00000000
[E] 010000d0 010000d0 0
[F] 010000d4 1f408093
[D] 010000d4 13 01 01 14 0 0f 000001f4 14
[R] 01 14 00000000 00000000
[E] 010000d4 000001f4 0
[F] 010000d8 fe008093
[D] 010000d8 13 01 01 00 0 7f ffffffe0 00
[R] 01 00 00000000 00000000
[E] 010000d8 ffffffe0 0
[F] 010000dc 02009283
[D] 010000dc 03 05 01 00 1 01 00000020 00
[R] 01 00 00000000 00000000
[E] 010000dc 00000020 0
[F] 010000e0 0ff00e93
[D] 010000e0 13 1d 00 1f 0 07 000000ff 1f
[R] 00 1f 00000000 00000000
[E] 010000e0 000000ff 0
[F] 010000e4 00a00193
[D] 010000e4 13 03 00 0a 0 00 0000000a 0a
[R] 00 0a 00000000 00000000
[E] 010000e4 0000000a 0
[F] 010000e8 19d29263
[D] 010000e8 63 04 05 1d 1 0c 00000184 1d
[R] 05 1d 00000000 00000000
[E] 010000e8 0100026c 0
[F] 010000ec 00000097
[D] 010000ec 17 01 00 00 0 00 00000000 00
[R] 00 00 00000000 00000000
[E] 010000ec 010000ec 0
[F] 010000f0 1d808093
[D] 010000f0 13 01 01 18 0 0e 000001d8 18
[R] 01 18 00000000 00000000
[E] 010000f0 000001d8 0
[F] 010000f4 ffb08093
[D] 010000f4 13 01 01 1b 0 7f fffffffb 1b
[R] 01 1b 00000000 00000000
[E] 010000f4 fffffffb 0
[F] 010000f8 00709283
[D] 010000f8 03 05 01 07 1 00 00000007 07
[R] 01 07 00000000 00000000
[E] 010000f8 00000007 0
[F] 010000fc f0000e93
[D] 010000fc 13 1d 00 00 0 78 ffffff00 00
[R] 00 00 00000000 00000000
[E] 010000fc ffffff00 0
[F] 01000100 00b00193
[D] 01000100 13 03 00 0b 0 00 0000000b 0b
[R] 00 0b 00000000 00000000
[E] 01000100 0000000b 0
[F] 01000104 17d29463
[D] 01000104 63 08 05 1d 1 0b 00000168 1d
[R] 05 1d 00000000 00000000
[E] 01000104 0100026c 0
[F] 01000108 00c00193
[D] 01000108 13 03 00 0c 0 00 0000000c 0c
[R] 00 0c 00000000 00000000
[E] 01000108 0000000c 0
[F] 0100010c 00000213
[D] 0100010c 13 04 00 00 0 00 00000000 00
[R] 00 00 00000000 00000000
[E] 0100010c 00000000 0
[F] 01000110 00000097
[D] 01000110 17 01 00 00 0 00 00000000 00
[R] 00 00 00000000 00000000
[E] 01000110 01000110 0
[F] 01000114 1b608093
[D] 01000114 13 01 01 16 0 0d 000001b6 16
[R] 01 16 00000000 00000000
[E] 01000114 000001b6 0
[F] 01000118 00209f03
[D] 01000118 03 1e 01 02 1 00 00000002 02
[R] 01 02 00000000 01100000
[E] 01000118 00000002 0
[F] 0100011c 000f0313
[D] 0100011c 13 06 1e 00 0 00 00000000 00
[R] 1e 00 00000000 00000000
[E] 0100011c 00000000 0
[F] 01000120 00001eb7
[D] 01000120 37 1d 00 00 1 00 00001000 00
[R] 00 00 00000000 00000000
[E] 01000120 00001000 0
[F] 01000124 ff0e8e93
[D] 01000124 13 1d 1d 10 0 7f fffffff0 10
[R] 1d 10 00000000 00000000
[E] 01000124 fffffff0 0
[F] 01000128 15d31263
[D] 01000128 63 04 06 1d 1 0a 00000144 1d
[R] 06 1d 00000000 00000000
[E] 01000128 0100026c 0
[F] 0100012c 00120213
[D] 0100012c 13 04 04 01 0 00 00000001 01
[R] 04 01 00000000 00000000
[E] 0100012c 00000001 0
[F] 01000130 00200293
[D] 01000130 13 05 00 02 0 00 00000002 02
[R] 00 02 00000000 01100000
[E] 01000130 00000002 0
[F] 01000134 fc521ee3
[D] 01000134 63 1d 04 05 1 7e ffffffdc 05
[R] 04 05 00000000 00000000
[E] 01000134 01000110 0
[F] 01000138 00d00193
[D] 01000138 13 03 00 0d 0 00 0000000d 0d
[R] 00 0d 00000000 00000000
[E] 01000138 0000000d 0
[F] 0100013c 00000213
[D] 0100013c 13 04 00 00 0 00 00000000 00
[R] 00 00 00000000 00000000
[E] 0100013c 00000000 0
[F] 01000140 00000097
[D] 01000140 17 01 00 00 0 00 00000000 00
[R] 00 00 00000000 00000000
[E] 01000140 01000140 0
[F] 01000144 18808093
[D] 01000144 13 01 01 08 0 0c 00000188 08
[R] 01 08 00000000 00000000
[E] 01000144 00000188 0
[F] 01000148 00209f03
[D] 01000148 03 1e 01 02 1 00 00000002 02
[R] 01 02 00000000 01100000
[E] 01000148 00000002 0
[F] 0100014c 00000013
[D] 0100014c 13 00 00 00 0 00 00000000 00
[R] 00 00 00000000 00000000
[E] 0100014c 00000000 0
[F] 01000150 000f0313
[D] 01000150 13 06 1e 00 0 00 00000000 00
[R] 1e 00 00000000 00000000
[E] 01000150 00000000 0
[F] 01000154 fffffeb7
[D] 01000154 37 1d 00 1f 7 7f fffff000 1f
[R] 00 1f 00000000 00000000
[E] 01000154 fffff000 0
[F] 01000158 00fe8e93
[D] 01000158 13 1d 1d 0f 0 00 0000000f 0f
[R] 1d 0f 00000000 00000000
[E] 01000158 0000000f 0
[F] 0100015c 11d31863
[D] 0100015c 63 10 06 1d 1 08 00000110 1d
[R] 06 1d 00000000 00000000
[E] 0100015c 0100026c 0
[F] 01000160 00120213
[D] 01000160 13 04 04 01 0 00 00000001 01
[R] 04 01 00000000 00000000
[E] 01000160 00000001 0
[F] 01000164 00200293
[D] 01000164 13 05 00 02 0 00 00000002 02
[R] 00 02 00000000 01100000
[E] 01000164 00000002 0
[F] 01000168 fc521ce3
[D] 01000168 63 19 04 05 1 7e ffffffd8 05
[R] 04 05 00000000 00000000
[E] 01000168 01000140 0
[F] 0100016c 00e00193
[D] 0100016c 13 03 00 0e 0 00 0000000e 0e
[R] 00 0e 00000000 00000000
[E] 0100016c 0000000e 0
[F] 01000170 00000213
[D] 01000170 13 04 00 00 0 00 00000000 00
[R] 00 00 00000000 00000000
[E] 01000170 00000000 0
[F] 01000174 00000097
[D] 01000174 17 01 00 00 0 00 00000000 00
[R] 00 00 00000000 00000000
[E] 01000174 01000174 0
[F] 01000178 15008093
[D] 01000178 13 01 01 10 0 0a 00000150 10
[R] 01 10 00000000 00000000
[E] 01000178 00000150 0
[F] 0100017c 00209f03
[D] 0100017c 03 1e 01 02 1 00 00000002 02
[R] 01 02 00000000 01100000
[E] 0100017c 00000002 0
[F] 01000180 00000013
[D] 01000180 13 00 00 00 0 00 00000000 00
[R] 00 00 00000000 00000000
[E] 01000180 00000000 0
[F] 01000184 00000013
[D] 01000184 13 00 00 00 0 00 00000000 00
[R] 00 00 00000000 00000000
[E] 01000184 00000000 0
[F] 01000188 000f0313
[D] 01000188 13 06 1e 00 0 00 00000000 00
[R] 1e 00 00000000 00000000
[E] 01000188 00000000 0
[F] 0100018c f0000e93
[D] 0100018c 13 1d 00 00 0 78 ffffff00 00
[R] 00 00 00000000 00000000
[E] 0100018c ffffff00 0
[F] 01000190 0dd31e63
[D] 01000190 63 1c 06 1d 1 06 000000dc 1d
[R] 06 1d 00000000 00000000
[E] 01000190 0100026c 0
[F] 01000194 00120213
[D] 01000194 13 04 04 01 0 00 00000001 01
[R] 04 01 00000000 00000000
[E] 01000194 00000001 0
[F] 01000198 00200293
[D] 01000198 13 05 00 02 0 00 00000002 02
[R] 00 02 00000000 01100000
[E] 01000198 00000002 0
[F] 0100019c fc521ce3
[D] 0100019c 63 19 04 05 1 7e ffffffd8 05
[R] 04 05 00000000 00000000
[E] 0100019c 01000174 0
[F] 010001a0 00f00193
[D] 010001a0 13 03 00 0f 0 00 0000000f 0f
[R] 00 0f 00000000 00000000
[E] 010001a0 0000000f 0
[F] 010001a4 00000213
[D] 010001a4 13 04 00 00 0 00 00000000 00
[R] 00 00 00000000 00000000
[E] 010001a4 00000000 0
[F] 010001a8 00000097
[D] 010001a8 17 01 00 00 0 00 00000000 00
[R] 00 00 00000000 00000000
[E] 010001a8 010001a8 0
[F] 010001ac 11e08093
[D] 010001ac 13 01 01 1e 0 08 0000011e 1e
[R] 01 1e 00000000 00000000
[E] 010001ac 0000011e 0
[F] 010001b0 00209f03
[D] 010001b0 03 1e 01 02 1 00 00000002 02
[R] 01 02 00000000 01100000
[E] 010001b0 00000002 0
[F] 010001b4 00001eb7
[D] 010001b4 37 1d 00 00 1 00 00001000 00
[R] 00 00 00000000 00000000
[E] 010001b4 00001000 0
[F] 010001b8 ff0e8e93
[D] 010001b8 13 1d 1d 10 0 7f fffffff0 10
[R] 1d 10 00000000 00000000
[E] 010001b8 fffffff0 0
[F] 010001bc 0bdf1863
[D] 010001bc 63 10 1e 1d 1 05 000000b0 1d
[R] 1e 1d 00000000 00000000
[E] 010001bc 0100026c 0
[F] 010001c0 00120213
[D] 010001c0 13 04 04 01 0 00 00000001 01
[R] 04 01 00000000 00000000
[E] 010001c0 00000001 0
[F] 010001c4 00200293
[D] 010001c4 13 05 00 02 0 00 00000002 02
[R] 00 02 00000000 01100000
[E] 010001c4 00000002 0
[F] 010001c8 fe5210e3
[D] 010001c8 63 01 04 05 1 7f ffffffe0 05
[R] 04 05 00000000 00000000
[E] 010001c8 010001a8 0
[F] 010001cc 01000193
[D] 010001cc 13 03 00 10 0 00 00000010 10
[R] 00 10 00000000 00000000
[E] 010001cc 00000010 0
[F] 010001d0 00000213
[D] 010001d0 13 04 00 00 0 00 00000000 00
[R] 00 00 00000000 00000000
[E] 010001d0 00000000 0
[F] 010001d4 00000097
[D] 010001d4 17 01 00 00 0 00 00000000 00
[R] 00 00 00000000 00000000
[E] 010001d4 010001d4 0
[F] 010001d8 0f408093
[D] 010001d8 13 01 01 14 0 07 000000f4 14
[R] 01 14 00000000 00000000
[E] 010001d8 000000f4 0
[F] 010001dc 00000013
[D] 010001dc 13 00 00 00 0 00 00000000 00
[R] 00 00 00000000 00000000
[E] 010001dc 00000000 0
[F] 010001e0 00209f03
[D] 010001e0 03 1e 01 02 1 00 00000002 02
[R] 01 02 00000000 01100000
[E] 010001e0 00000002 0
[F] 010001e4 fffffeb7
[D] 010001e4 37 1d 00 1f 7 7f fffff000 1f
[R] 00 1f 00000000 00000000
[E] 010001e4 fffff000 0
[F] 010001e8 00fe8e93
[D] 010001e8 13 1d 1d 0f 0 00 0000000f 0f
[R] 1d 0f 00000000 00000000
[E] 010001e8 0000000f 0
[F] 010001ec 09df1063
[D] 010001ec 63 00 1e 1d 1 04 00000080 1d
[R] 1e 1d 00000000 00000000
[E] 010001ec 0100026c 0
[F] 010001f0 00120213
[D] 010001f0 13 04 04 01 0 00 00000001 01
[R] 04 01 00000000 00000000
[E] 010001f0 00000001 0
[F] 010001f4 00200293
[D] 010001f4 13 05 00 02 0 00 00000002 02
[R] 00 02 00000000 01100000
[E] 010001f4 00000002 0
[F] 010001f8 fc521ee3
[D] 010001f8 63 1d 04 05 1 7e ffffffdc 05
[R] 04 05 00000000 00000000
[E] 010001f8 010001d4 0
[F] 010001fc 01100193
[D] 010001fc 13 03 00 11 0 00 00000011 11
[R] 00 11 00000000 00000000
[E] 010001fc 00000011 0
[F] 01000200 00000213
[D] 01000200 13 04 00 00 0 00 00000000 00
[R] 00 00 00000000 00000000
[E] 01000200 00000000 0
[F] 01000204 00000097
[D] 01000204 17 01 00 00 0 00 00000000 00
[R] 00 00 00000000 00000000
[E] 01000204 01000204 0
[F] 01000208 0c008093
[D] 01000208 13 01 01 00 0 06 000000c0 00
[R] 01 00 00000000 00000000
[E] 01000208 000000c0 0
[F] 0100020c 00000013
[D] 0100020c 13 00 00 00 0 00 00000000 00
[R] 00 00 00000000 00000000
[E] 0100020c 00000000 0
[F] 01000210 00000013
[D] 01000210 13 00 00 00 0 00 00000000 00
[R] 00 00 00000000 00000000
[E] 01000210 00000000 0
[F] 01000214 00209f03
[D] 01000214 03 1e 01 02 1 00 00000002 02
[R] 01 02 00000000 01100000
[E] 01000214 00000002 0
[F] 01000218 f0000e93
[D] 01000218 13 1d 00 00 0 78 ffffff00 00
[R] 00 00 00000000 00000000
[E] 01000218 ffffff00 0
[F] 0100021c 05df1863
[D] 0100021c 63 10 1e 1d 1 02 00000050 1d
[R] 1e 1d 00000000 00000000
[E] 0100021c 0100026c 0
[F] 01000220 00120213
[D] 01000220 13 04 04 01 0 00 00000001 01
[R] 04 01 00000000 00000000
[E] 01000220 00000001 0
[F] 01000224 00200293
[D] 01000224 13 05 00 02 0 00 00000002 02
[R] 00 02 00000000 01100000
[E] 01000224 00000002 0
[F] 01000228 fc521ee3
[D] 01000228 63 1d 04 05 1 7e ffffffdc 05
[R] 04 05 00000000 00000000
[E] 01000228 01000204 0
[F] 0100022c 00000297
[D] 0100022c 17 05 00 00 0 00 00000000 00
[R] 00 00 00000000 00000000
[E] 0100022c 0100022c 0
[F] 01000230 09828293
[D] 01000230 13 05 05 18 0 04 00000098 18
[R] 05 18 00000000 00000000
[E] 01000230 00000098 0
[F] 01000234 00029103
[D] 01000234 03 02 05 00 1 00 00000000 00
[R] 05 00 00000000 00000000
[E] 01000234 00000000 0
[F] 01000238 00200113
[D] 01000238 13 02 00 02 0 00 00000002 02
[R] 00 02 00000000 00000000
[E] 01000238 00000002 0
[F] 0100023c 00200e93
[D] 0100023c 13 1d 00 02 0 00 00000002 02
[R] 00 02 00000000 00000000
[E] 0100023c 00000002 0
[F] 01000240 01200193
[D] 01000240 13 03 00 12 0 00 00000012 12
[R] 00 12 00000000 00000000
[E] 01000240 00000012 0
[F] 01000244 03d11463
[D] 01000244 63 08 02 1d 1 01 00000028 1d
[R] 02 1d 00000000 00000000
[E] 01000244 0100026c 0
[F] 01000248 00000297
[D] 01000248 17 05 00 00 0 00 00000000 00
[R] 00 00 00000000 00000000
[E] 01000248 01000248 0
[F] 0100024c 07c28293
[D] 0100024c 13 05 05 1c 0 03 0000007c 1c
[R] 05 1c 00000000 00000000
[E] 0100024c 0000007c 0
[F] 01000250 00029103
[D] 01000250 03 02 05 00 1 00 00000000 00
[R] 05 00 00000000 00000000
[E] 01000250 00000000 0
[F] 01000254 00000013
[D] 01000254 13 00 00 00 0 00 00000000 00
[R] 00 00 00000000 00000000
[E] 01000254 00000000 0
[F] 01000258 00200113
[D] 01000258 13 02 00 02 0 00 00000002 02
[R] 00 02 00000000 00000000
[E] 01000258 00000002 0
[F] 0100025c 00200e93
[D] 0100025c 13 1d 00 02 0 00 00000002 02
[R] 00 02 00000000 00000000
[E] 0100025c 00000002 0
[F] 01000260 01300193
[D] 01000260 13 03 00 13 0 00 00000013 13
[R] 00 13 00000000 00000000
[E] 01000260 00000013 0
[F] 01000264 01d11463
[D] 01000264 63 08 02 1d 1 00 00000008 1d
[R] 02 1d 00000000 00000000
[E] 01000264 0100026c 0
[F] 01000268 00301c63
[D] 01000268 63 18 00 03 1 00 00000018 03
[R] 00 03 00000000 00000000
[E] 01000268 01000280 0
[F] 0100026c 0ff0000f
[D] 0100026c 0f 00 00 1f 0 07 00000000 1f
[R] 00 1f 00000000 00000000
[E] 0100026c 00000000 0
[F] 01000270 00018063
[D] 01000270 63 00 03 00 0 00 00000000 00
[R] 03 00 00000000 00000000
[E] 01000270 01000270 0
[F] 01000270 00018063
[D] 01000270 63 00 03 00 0 00 00000000 00
[R] 03 00 00000000 00000000
[E] 01000270 01000270 0
[F] 01000270 00018063
[D] 01000270 63 00 03 00 0 00 00000000 00
[R] 03 00 00000000 00000000
[E] 01000270 01000270 0
[F] 01000270 00018063
[D] 01000270 63 00 03 00 0 00 00000000 00
[R] 03 00 00000000 00000000
[E] 01000270 01000270 0
[F] 01000270 00018063
[D] 01000270 63 00 03 00 0 00 00000000 00
[R] 03 00 00000000 00000000
[E] 01000270 01000270 0
[F] 01000270 00018063
[D] 01000270 63 00 03 00 0 00 00000000 00
[R] 03 00 00000000 00000000
[E] 01000270 01000270 0
[F] 01000270 00018063
[D] 01000270 63 00 03 00 0 00 00000000 00
[R] 03 00 00000000 00000000
[E] 01000270 01000270 0
[F] 01000270 00018063
[D] 01000270 63 00 03 00 0 00 00000000 00
[R] 03 00 00000000 00000000
[E] 01000270 01000270 0
[F] 01000270 00018063
[D] 01000270 63 00 03 00 0 00 00000000 00
[R] 03 00 00000000 00000000
[E] 01000270 01000270 0
[F] 01000270 00018063
[D] 01000270 63 00 03 00 0 00 00000000 00
[R] 03 00 00000000 00000000
[E] 01000270 01000270 0
[F] 01000270 00018063
[D] 01000270 63 00 03 00 0 00 00000000 00
[R] 03 00 00000000 00000000
[E] 01000270 01000270 0
[F] 01000270 00018063
[D] 01000270 63 00 03 00 0 00 00000000 00
[R] 03 00 00000000 00000000
[E] 01000270 01000270 0
[F] 01000270 00018063
[D] 01000270 63 00 03 00 0 00 00000000 00
[R] 03 00 00000000 00000000
[E] 01000270 01000270 0
[F] 01000270 00018063
[D] 01000270 63 00 03 00 0 00 00000000 00
[R] 03 00 00000000 00000000
[E] 01000270 01000270 0
[F] 01000270 00018063
[D] 01000270 63 00 03 00 0 00 00000000 00
[R] 03 00 00000000 00000000
[E] 01000270 01000270 0
[F] 01000270 00018063
[D] 01000270 63 00 03 00 0 00 00000000 00
[R] 03 00 00000000 00000000
[E] 01000270 01000270 0
[F] 01000270 00018063
[D] 01000270 63 00 03 00 0 00 00000000 00
[R] 03 00 00000000 00000000
[E] 01000270 01000270 0
[F] 01000270 00018063
[D] 01000270 63 00 03 00 0 00 00000000 00
[R] 03 00 00000000 00000000
[E] 01000270 01000270 0
[F] 01000270 00018063
[D] 01000270 63 00 03 00 0 00 00000000 00
[R] 03 00 00000000 00000000
[E] 01000270 01000270 0
[F] 01000270 00018063
[D] 01000270 63 00 03 00 0 00 00000000 00
[R] 03 00 00000000 00000000
[E] 01000270 01000270 0
[F] 01000270 00018063
[D] 01000270 63 00 03 00 0 00 00000000 00
[R] 03 00 00000000 00000000
[E] 01000270 01000270 0
[F] 01000270 00018063
[D] 01000270 63 00 03 00 0 00 00000000 00
[R] 03 00 00000000 00000000
[E] 01000270 01000270 0
[F] 01000270 00018063
[D] 01000270 63 00 03 00 0 00 00000000 00
[R] 03 00 00000000 00000000
[E] 01000270 01000270 0
[F] 01000270 00018063
[D] 01000270 63 00 03 00 0 00 00000000 00
[R] 03 00 00000000 00000000
[E] 01000270 01000270 0
[F] 01000270 00018063
[D] 01000270 63 00 03 00 0 00 00000000 00
[R] 03 00 00000000 00000000
[E] 01000270 01000270 0
[F] 01000270 00018063
[D] 01000270 63 00 03 00 0 00 00000000 00
[R] 03 00 00000000 00000000
[E] 01000270 01000270 0
[F] 01000270 00018063
[D] 01000270 63 00 03 00 0 00 00000000 00
[R] 03 00 00000000 00000000
[E] 01000270 01000270 0
[F] 01000270 00018063
[D] 01000270 63 00 03 00 0 00 00000000 00
[R] 03 00 00000000 00000000
[E] 01000270 01000270 0
[F] 01000270 00018063
[D] 01000270 63 00 03 00 0 00 00000000 00
[R] 03 00 00000000 00000000
[E] 01000270 01000270 0
[F] 01000270 00018063
[D] 01000270 63 00 03 00 0 00 00000000 00
[R] 03 00 00000000 00000000
[E] 01000270 01000270 0
[F] 01000270 00018063
[D] 01000270 63 00 03 00 0 00 00000000 00
[R] 03 00 00000000 00000000
[E] 01000270 01000270 0
[F] 01000270 00018063
[D] 01000270 63 00 03 00 0 00 00000000 00
[R] 03 00 00000000 00000000
[E] 01000270 01000270 0
[F] 01000270 00018063
[D] 01000270 63 00 03 00 0 00 00000000 00
[R] 03 00 00000000 00000000
[E] 01000270 01000270 0
[F] 01000270 00018063
[D] 01000270 63 00 03 00 0 00 00000000 00
[R] 03 00 00000000 00000000
[E] 01000270 01000270 0
[F] 01000270 00018063
[D] 01000270 63 00 03 00 0 00 00000000 00
[R] 03 00 00000000 00000000
[E] 01000270 01000270 0
[F] 01000270 00018063
[D] 01000270 63 00 03 00 0 00 00000000 00
[R] 03 00 00000000 00000000
[E] 01000270 01000270 0
[F] 01000270 00018063
[D] 01000270 63 00 03 00 0 00 00000000 00
[R] 03 00 00000000 00000000
[E] 01000270 01000270 0
[F] 01000270 00018063
[D] 01000270 63 00 03 00 0 00 00000000 00
[R] 03 00 00000000 00000000
[E] 01000270 01000270 0
[F] 01000270 00018063
[D] 01000270 63 00 03 00 0 00 00000000 00
[R] 03 00 00000000 00000000
[E] 01000270 01000270 0
[F] 01000270 00018063
[D] 01000270 63 00 03 00 0 00 00000000 00
[R] 03 00 00000000 00000000
[E] 01000270 01000270 0
[F] 01000270 00018063
[D] 01000270 63 00 03 00 0 00 00000000 00
[R] 03 00 00000000 00000000
[E] 01000270 01000270 0
[F] 01000270 00018063
[D] 01000270 63 00 03 00 0 00 00000000 00
[R] 03 00 00000000 00000000
[E] 01000270 01000270 0
[F] 01000270 00018063
[D] 01000270 63 00 03 00 0 00 00000000 00
[R] 03 00 00000000 00000000
[E] 01000270 01000270 0
[F] 01000270 00018063
[D] 01000270 63 00 03 00 0 00 00000000 00
[R] 03 00 00000000 00000000
[E] 01000270 01000270 0
[F] 01000270 00018063
[D] 01000270 63 00 03 00 0 00 00000000 00
[R] 03 00 00000000 00000000
[E] 01000270 01000270 0
[F] 01000270 00018063
[D] 01000270 63 00 03 00 0 00 00000000 00
[R] 03 00 00000000 00000000
[E] 01000270 01000270 0
[F] 01000270 00018063
[D] 01000270 63 00 03 00 0 00 00000000 00
[R] 03 00 00000000 00000000
[E] 01000270 01000270 0
[F] 01000270 00018063
[D] 01000270 63 00 03 00 0 00 00000000 00
[R] 03 00 00000000 00000000
[E] 01000270 01000270 0
[F] 01000270 00018063
[D] 01000270 63 00 03 00 0 00 00000000 00
[R] 03 00 00000000 00000000
[E] 01000270 01000270 0
[F] 01000270 00018063
[D] 01000270 63 00 03 00 0 00 00000000 00
[R] 03 00 00000000 00000000
[E] 01000270 01000270 0
[F] 01000270 00018063
[D] 01000270 63 00 03 00 0 00 00000000 00
[R] 03 00 00000000 00000000
[E] 01000270 01000270 0
[F] 01000270 00018063
[D] 01000270 63 00 03 00 0 00 00000000 00
[R] 03 00 00000000 00000000
[E] 01000270 01000270 0
[F] 01000270 00018063
[D] 01000270 63 00 03 00 0 00 00000000 00
[R] 03 00 00000000 00000000
[E] 01000270 01000270 0
[F] 01000270 00018063
[D] 01000270 63 00 03 00 0 00 00000000 00
[R] 03 00 00000000 00000000
[E] 01000270 01000270 0
[F] 01000270 00018063
[D] 01000270 63 00 03 00 0 00 00000000 00
[R] 03 00 00000000 00000000
[E] 01000270 01000270 0
[F] 01000270 00018063
[D] 01000270 63 00 03 00 0 00 00000000 00
[R] 03 00 00000000 00000000
[E] 01000270 01000270 0
[F] 01000270 00018063
[D] 01000270 63 00 03 00 0 00 00000000 00
[R] 03 00 00000000 00000000
[E] 01000270 01000270 0
[F] 01000270 00018063
[D] 01000270 63 00 03 00 0 00 00000000 00
[R] 03 00 00000000 00000000
[E] 01000270 01000270 0
[F] 01000270 00018063
[D] 01000270 63 00 03 00 0 00 00000000 00
[R] 03 00 00000000 00000000
[E] 01000270 01000270 0
[F] 01000270 00018063
[D] 01000270 63 00 03 00 0 00 00000000 00
[R] 03 00 00000000 00000000
[E] 01000270 01000270 0
[F] 01000270 00018063
[D] 01000270 63 00 03 00 0 00 00000000 00
[R] 03 00 00000000 00000000
[E] 01000270 01000270 0
[F] 01000270 00018063
[D] 01000270 63 00 03 00 0 00 00000000 00
[R] 03 00 00000000 00000000
[E] 01000270 01000270 0
[F] 01000270 00018063
[D] 01000270 63 00 03 00 0 00 00000000 00
[R] 03 00 00000000 00000000
[E] 01000270 01000270 0
[F] 01000270 00018063
[D] 01000270 63 00 03 00 0 00 00000000 00
[R] 03 00 00000000 00000000
[E] 01000270 01000270 0
[F] 01000270 00018063
[D] 01000270 63 00 03 00 0 00 00000000 00
[R] 03 00 00000000 00000000
[E] 01000270 01000270 0
[F] 01000270 00018063
[D] 01000270 63 00 03 00 0 00 00000000 00
[R] 03 00 00000000 00000000
[E] 01000270 01000270 0
[F] 01000270 00018063
[D] 01000270 63 00 03 00 0 00 00000000 00
[R] 03 00 00000000 00000000
[E] 01000270 01000270 0
[F] 01000270 00018063
[D] 01000270 63 00 03 00 0 00 00000000 00
[R] 03 00 00000000 00000000
[E] 01000270 01000270 0
[F] 01000270 00018063
[D] 01000270 63 00 03 00 0 00 00000000 00
[R] 03 00 00000000 00000000
[E] 01000270 01000270 0
[F] 01000270 00018063
[D] 01000270 63 00 03 00 0 00 00000000 00
[R] 03 00 00000000 00000000
[E] 01000270 01000270 0
[F] 01000270 00018063
[D] 01000270 63 00 03 00 0 00 00000000 00
[R] 03 00 00000000 00000000
[E] 01000270 01000270 0
[F] 01000270 00018063
[D] 01000270 63 00 03 00 0 00 00000000 00
[R] 03 00 00000000 00000000
[E] 01000270 01000270 0
[F] 01000270 00018063
[D] 01000270 63 00 03 00 0 00 00000000 00
[R] 03 00 00000000 00000000
[E] 01000270 01000270 0
[F] 01000270 00018063
[D] 01000270 63 00 03 00 0 00 00000000 00
[R] 03 00 00000000 00000000
[E] 01000270 01000270 0
[F] 01000270 00018063
[D] 01000270 63 00 03 00 0 00 00000000 00
[R] 03 00 00000000 00000000
[E] 01000270 01000270 0
[F] 01000270 00018063
[D] 01000270 63 00 03 00 0 00 00000000 00
[R] 03 00 00000000 00000000
[E] 01000270 01000270 0
[F] 01000270 00018063
[D] 01000270 63 00 03 00 0 00 00000000 00
[R] 03 00 00000000 00000000
[E] 01000270 01000270 0
[F] 01000270 00018063
[D] 01000270 63 00 03 00 0 00 00000000 00
[R] 03 00 00000000 00000000
[E] 01000270 01000270 0
[F] 01000270 00018063
[D] 01000270 63 00 03 00 0 00 00000000 00
[R] 03 00 00000000 00000000
[E] 01000270 01000270 0
[F] 01000270 00018063
[D] 01000270 63 00 03 00 0 00 00000000 00
[R] 03 00 00000000 00000000
[E] 01000270 01000270 0
[F] 01000270 00018063
[D] 01000270 63 00 03 00 0 00 00000000 00
[R] 03 00 00000000 00000000
[E] 01000270 01000270 0
[F] 01000270 00018063
[D] 01000270 63 00 03 00 0 00 00000000 00
[R] 03 00 00000000 00000000
[E] 01000270 01000270 0
[F] 01000270 00018063
[D] 01000270 63 00 03 00 0 00 00000000 00
[R] 03 00 00000000 00000000
[E] 01000270 01000270 0
[F] 01000270 00018063
[D] 01000270 63 00 03 00 0 00 00000000 00
[R] 03 00 00000000 00000000
[E] 01000270 01000270 0
[F] 01000270 00018063
[D] 01000270 63 00 03 00 0 00 00000000 00
[R] 03 00 00000000 00000000
[E] 01000270 01000270 0
[F] 01000270 00018063
[D] 01000270 63 00 03 00 0 00 00000000 00
[R] 03 00 00000000 00000000
[E] 01000270 01000270 0
[F] 01000270 00018063
[D] 01000270 63 00 03 00 0 00 00000000 00
[R] 03 00 00000000 00000000
[E] 01000270 01000270 0
[F] 01000270 00018063
[D] 01000270 63 00 03 00 0 00 00000000 00
[R] 03 00 00000000 00000000
[E] 01000270 01000270 0
[F] 01000270 00018063
[D] 01000270 63 00 03 00 0 00 00000000 00
[R] 03 00 00000000 00000000
[E] 01000270 01000270 0
[F] 01000270 00018063
[D] 01000270 63 00 03 00 0 00 00000000 00
[R] 03 00 00000000 00000000
[E] 01000270 01000270 0
[F] 01000270 00018063
[D] 01000270 63 00 03 00 0 00 00000000 00
[R] 03 00 00000000 00000000
[E] 01000270 01000270 0
[F] 01000270 00018063
[D] 01000270 63 00 03 00 0 00 00000000 00
[R] 03 00 00000000 00000000
[E] 01000270 01000270 0
[F] 01000270 00018063
[D] 01000270 63 00 03 00 0 00 00000000 00
[R] 03 00 00000000 00000000
[E] 01000270 01000270 0
[F] 01000270 00018063
[D] 01000270 63 00 03 00 0 00 00000000 00
[R] 03 00 00000000 00000000
[E] 01000270 01000270 0
[F] 01000270 00018063
[D] 01000270 63 00 03 00 0 00 00000000 00
[R] 03 00 00000000 00000000
[E] 01000270 01000270 0
[F] 01000270 00018063
[D] 01000270 63 00 03 00 0 00 00000000 00
[R] 03 00 00000000 00000000
[E] 01000270 01000270 0
[F] 01000270 00018063
[D] 01000270 63 00 03 00 0 00 00000000 00
[R] 03 00 00000000 00000000
[E] 01000270 01000270 0
[F] 01000270 00018063
[D] 01000270 63 00 03 00 0 00 00000000 00
[R] 03 00 00000000 00000000
[E] 01000270 01000270 0
[F] 01000270 00018063
[D] 01000270 63 00 03 00 0 00 00000000 00
[R] 03 00 00000000 00000000
[E] 01000270 01000270 0
[F] 01000270 00018063
[D] 01000270 63 00 03 00 0 00 00000000 00
[R] 03 00 00000000 00000000
[E] 01000270 01000270 0
[F] 01000270 00018063
[D] 01000270 63 00 03 00 0 00 00000000 00
[R] 03 00 00000000 00000000
[E] 01000270 01000270 0
[F] 01000270 00018063
[D] 01000270 63 00 03 00 0 00 00000000 00
[R] 03 00 00000000 00000000
[E] 01000270 01000270 0
[F] 01000270 00018063
[D] 01000270 63 00 03 00 0 00 00000000 00
[R] 03 00 00000000 00000000
[E] 01000270 01000270 0
[F] 01000270 00018063
[D] 01000270 63 00 03 00 0 00 00000000 00
[R] 03 00 00000000 00000000
[E] 01000270 01000270 0
[F] 01000270 00018063
[D] 01000270 63 00 03 00 0 00 00000000 00
[R] 03 00 00000000 00000000
[E] 01000270 01000270 0
[F] 01000270 00018063
[D] 01000270 63 00 03 00 0 00 00000000 00
[R] 03 00 00000000 00000000
[E] 01000270 01000270 0
[F] 01000270 00018063
[D] 01000270 63 00 03 00 0 00 00000000 00
[R] 03 00 00000000 00000000
[E] 01000270 01000270 0
[F] 01000270 00018063
[D] 01000270 63 00 03 00 0 00 00000000 00
[R] 03 00 00000000 00000000
[E] 01000270 01000270 0
[F] 01000270 00018063
[D] 01000270 63 00 03 00 0 00 00000000 00
[R] 03 00 00000000 00000000
[E] 01000270 01000270 0
[F] 01000270 00018063
[D] 01000270 63 00 03 00 0 00 00000000 00
[R] 03 00 00000000 00000000
[E] 01000270 01000270 0
[F] 01000270 00018063
[D] 01000270 63 00 03 00 0 00 00000000 00
[R] 03 00 00000000 00000000
[E] 01000270 01000270 0
[F] 01000270 00018063
[D] 01000270 63 00 03 00 0 00 00000000 00
[R] 03 00 00000000 00000000
[E] 01000270 01000270 0
[F] 01000270 00018063
[D] 01000270 63 00 03 00 0 00 00000000 00
[R] 03 00 00000000 00000000
[E] 01000270 01000270 0
[F] 01000270 00018063
[D] 01000270 63 00 03 00 0 00 00000000 00
[R] 03 00 00000000 00000000
[E] 01000270 01000270 0
[F] 01000270 00018063
[D] 01000270 63 00 03 00 0 00 00000000 00
[R] 03 00 00000000 00000000
[E] 01000270 01000270 0
[F] 01000270 00018063
[D] 01000270 63 00 03 00 0 00 00000000 00
[R] 03 00 00000000 00000000
[E] 01000270 01000270 0
[F] 01000270 00018063
[D] 01000270 63 00 03 00 0 00 00000000 00
[R] 03 00 00000000 00000000
[E] 01000270 01000270 0
[F] 01000270 00018063
[D] 01000270 63 00 03 00 0 00 00000000 00
[R] 03 00 00000000 00000000
[E] 01000270 01000270 0
[F] 01000270 00018063
[D] 01000270 63 00 03 00 0 00 00000000 00
[R] 03 00 00000000 00000000
[E] 01000270 01000270 0
[F] 01000270 00018063
[D] 01000270 63 00 03 00 0 00 00000000 00
[R] 03 00 00000000 00000000
[E] 01000270 01000270 0
[F] 01000270 00018063
[D] 01000270 63 00 03 00 0 00 00000000 00
[R] 03 00 00000000 00000000
[E] 01000270 01000270 0
[F] 01000270 00018063
[D] 01000270 63 00 03 00 0 00 00000000 00
[R] 03 00 00000000 00000000
[E] 01000270 01000270 0
[F] 01000270 00018063
[D] 01000270 63 00 03 00 0 00 00000000 00
[R] 03 00 00000000 00000000
[E] 01000270 01000270 0
[F] 01000270 00018063
[D] 01000270 63 00 03 00 0 00 00000000 00
[R] 03 00 00000000 00000000
[E] 01000270 01000270 0
[F] 01000270 00018063
[D] 01000270 63 00 03 00 0 00 00000000 00
[R] 03 00 00000000 00000000
[E] 01000270 01000270 0
[F] 01000270 00018063
[D] 01000270 63 00 03 00 0 00 00000000 00
[R] 03 00 00000000 00000000
[E] 01000270 01000270 0
[F] 01000270 00018063
[D] 01000270 63 00 03 00 0 00 00000000 00
[R] 03 00 00000000 00000000
[E] 01000270 01000270 0
[F] 01000270 00018063
[D] 01000270 63 00 03 00 0 00 00000000 00
[R] 03 00 00000000 00000000
[E] 01000270 01000270 0
[F] 01000270 00018063
[D] 01000270 63 00 03 00 0 00 00000000 00
[R] 03 00 00000000 00000000
[E] 01000270 01000270 0
[F] 01000270 00018063
[D] 01000270 63 00 03 00 0 00 00000000 00
[R] 03 00 00000000 00000000
[E] 01000270 01000270 0
[F] 01000270 00018063
[D] 01000270 63 00 03 00 0 00 00000000 00
[R] 03 00 00000000 00000000
[E] 01000270 01000270 0
[F] 01000270 00018063
[D] 01000270 63 00 03 00 0 00 00000000 00
[R] 03 00 00000000 00000000
[E] 01000270 01000270 0
[F] 01000270 00018063
[D] 01000270 63 00 03 00 0 00 00000000 00
[R] 03 00 00000000 00000000
[E] 01000270 01000270 0
[F] 01000270 00018063
[D] 01000270 63 00 03 00 0 00 00000000 00
[R] 03 00 00000000 00000000
[E] 01000270 01000270 0
[F] 01000270 00018063
[D] 01000270 63 00 03 00 0 00 00000000 00
[R] 03 00 00000000 00000000
[E] 01000270 01000270 0
[F] 01000270 00018063
[D] 01000270 63 00 03 00 0 00 00000000 00
[R] 03 00 00000000 00000000
[E] 01000270 01000270 0
[F] 01000270 00018063
[D] 01000270 63 00 03 00 0 00 00000000 00
[R] 03 00 00000000 00000000
[E] 01000270 01000270 0
[F] 01000270 00018063
[D] 01000270 63 00 03 00 0 00 00000000 00
[R] 03 00 00000000 00000000
[E] 01000270 01000270 0
[F] 01000270 00018063
[D] 01000270 63 00 03 00 0 00 00000000 00
[R] 03 00 00000000 00000000
[E] 01000270 01000270 0
[F] 01000270 00018063
[D] 01000270 63 00 03 00 0 00 00000000 00
[R] 03 00 00000000 00000000
[E] 01000270 01000270 0
[F] 01000270 00018063
[D] 01000270 63 00 03 00 0 00 00000000 00
[R] 03 00 00000000 00000000
[E] 01000270 01000270 0
[F] 01000270 00018063
[D] 01000270 63 00 03 00 0 00 00000000 00
[R] 03 00 00000000 00000000
[E] 01000270 01000270 0
[F] 01000270 00018063
[D] 01000270 63 00 03 00 0 00 00000000 00
[R] 03 00 00000000 00000000
[E] 01000270 01000270 0
[F] 01000270 00018063
[D] 01000270 63 00 03 00 0 00 00000000 00
[R] 03 00 00000000 00000000
[E] 01000270 01000270 0
[F] 01000270 00018063
[D] 01000270 63 00 03 00 0 00 00000000 00
[R] 03 00 00000000 00000000
[E] 01000270 01000270 0
[F] 01000270 00018063
[D] 01000270 63 00 03 00 0 00 00000000 00
[R] 03 00 00000000 00000000
[E] 01000270 01000270 0
[F] 01000270 00018063
[D] 01000270 63 00 03 00 0 00 00000000 00
[R] 03 00 00000000 00000000
[E] 01000270 01000270 0
[F] 01000270 00018063
[D] 01000270 63 00 03 00 0 00 00000000 00
[R] 03 00 00000000 00000000
[E] 01000270 01000270 0
[F] 01000270 00018063
[D] 01000270 63 00 03 00 0 00 00000000 00
[R] 03 00 00000000 00000000
[E] 01000270 01000270 0
[F] 01000270 00018063
[D] 01000270 63 00 03 00 0 00 00000000 00
[R] 03 00 00000000 00000000
[E] 01000270 01000270 0
[F] 01000270 00018063
[D] 01000270 63 00 03 00 0 00 00000000 00
[R] 03 00 00000000 00000000
[E] 01000270 01000270 0
[F] 01000270 00018063
[D] 01000270 63 00 03 00 0 00 00000000 00
[R] 03 00 00000000 00000000
[E] 01000270 01000270 0
[F] 01000270 00018063
[D] 01000270 63 00 03 00 0 00 00000000 00
[R] 03 00 00000000 00000000
[E] 01000270 01000270 0
[F] 01000270 00018063
[D] 01000270 63 00 03 00 0 00 00000000 00
[R] 03 00 00000000 00000000
[E] 01000270 01000270 0
[F] 01000270 00018063
[D] 01000270 63 00 03 00 0 00 00000000 00
[R] 03 00 00000000 00000000
[E] 01000270 01000270 0
[F] 01000270 00018063
[D] 01000270 63 00 03 00 0 00 00000000 00
[R] 03 00 00000000 00000000
[E] 01000270 01000270 0
[F] 01000270 00018063
[D] 01000270 63 00 03 00 0 00 00000000 00
[R] 03 00 00000000 00000000
[E] 01000270 01000270 0
[F] 01000270 00018063
[D] 01000270 63 00 03 00 0 00 00000000 00
[R] 03 00 00000000 00000000
[E] 01000270 01000270 0
[F] 01000270 00018063
[D] 01000270 63 00 03 00 0 00 00000000 00
[R] 03 00 00000000 00000000
[E] 01000270 01000270 0
[F] 01000270 00018063
[D] 01000270 63 00 03 00 0 00 00000000 00
[R] 03 00 00000000 00000000
[E] 01000270 01000270 0
[F] 01000270 00018063
[D] 01000270 63 00 03 00 0 00 00000000 00
[R] 03 00 00000000 00000000
[E] 01000270 01000270 0
[F] 01000270 00018063
[D] 01000270 63 00 03 00 0 00 00000000 00
[R] 03 00 00000000 00000000
[E] 01000270 01000270 0
[F] 01000270 00018063
[D] 01000270 63 00 03 00 0 00 00000000 00
[R] 03 00 00000000 00000000
[E] 01000270 01000270 0
[F] 01000270 00018063
[D] 01000270 63 00 03 00 0 00 00000000 00
[R] 03 00 00000000 00000000
[E] 01000270 01000270 0
[F] 01000270 00018063
[D] 01000270 63 00 03 00 0 00 00000000 00
[R] 03 00 00000000 00000000
[E] 01000270 01000270 0
[F] 01000270 00018063
[D] 01000270 63 00 03 00 0 00 00000000 00
[R] 03 00 00000000 00000000
[E] 01000270 01000270 0
[F] 01000270 00018063
[D] 01000270 63 00 03 00 0 00 00000000 00
[R] 03 00 00000000 00000000
[E] 01000270 01000270 0
[F] 01000270 00018063
[D] 01000270 63 00 03 00 0 00 00000000 00
[R] 03 00 00000000 00000000
[E] 01000270 01000270 0
[F] 01000270 00018063
[D] 01000270 63 00 03 00 0 00 00000000 00
[R] 03 00 00000000 00000000
[E] 01000270 01000270 0
[F] 01000270 00018063
[D] 01000270 63 00 03 00 0 00 00000000 00
[R] 03 00 00000000 00000000
[E] 01000270 01000270 0
[F] 01000270 00018063
[D] 01000270 63 00 03 00 0 00 00000000 00
[R] 03 00 00000000 00000000
[E] 01000270 01000270 0
[F] 01000270 00018063
[D] 01000270 63 00 03 00 0 00 00000000 00
[R] 03 00 00000000 00000000
[E] 01000270 01000270 0
[F] 01000270 00018063
[D] 01000270 63 00 03 00 0 00 00000000 00
[R] 03 00 00000000 00000000
[E] 01000270 01000270 0
[F] 01000270 00018063
[D] 01000270 63 00 03 00 0 00 00000000 00
[R] 03 00 00000000 00000000
[E] 01000270 01000270 0
[F] 01000270 00018063
[D] 01000270 63 00 03 00 0 00 00000000 00
[R] 03 00 00000000 00000000
[E] 01000270 01000270 0
[F] 01000270 00018063
[D] 01000270 63 00 03 00 0 00 00000000 00
[R] 03 00 00000000 00000000
[E] 01000270 01000270 0
[F] 01000270 00018063
[D] 01000270 63 00 03 00 0 00 00000000 00
[R] 03 00 00000000 00000000
[E] 01000270 01000270 0
[F] 01000270 00018063
[D] 01000270 63 00 03 00 0 00 00000000 00
[R] 03 00 00000000 00000000
[E] 01000270 01000270 0
[F] 01000270 00018063
[D] 01000270 63 00 03 00 0 00 00000000 00
[R] 03 00 00000000 00000000
[E] 01000270 01000270 0
[F] 01000270 00018063
[D] 01000270 63 00 03 00 0 00 00000000 00
[R] 03 00 00000000 00000000
[E] 01000270 01000270 0
[F] 01000270 00018063
[D] 01000270 63 00 03 00 0 00 00000000 00
[R] 03 00 00000000 00000000
[E] 01000270 01000270 0
[F] 01000270 00018063
[D] 01000270 63 00 03 00 0 00 00000000 00
[R] 03 00 00000000 00000000
[E] 01000270 01000270 0
[F] 01000270 00018063
[D] 01000270 63 00 03 00 0 00 00000000 00
[R] 03 00 00000000 00000000
[E] 01000270 01000270 0
[F] 01000270 00018063
[D] 01000270 63 00 03 00 0 00 00000000 00
[R] 03 00 00000000 00000000
[E] 01000270 01000270 0
[F] 01000270 00018063
[D] 01000270 63 00 03 00 0 00 00000000 00
[R] 03 00 00000000 00000000
[E] 01000270 01000270 0
[F] 01000270 00018063
[D] 01000270 63 00 03 00 0 00 00000000 00
[R] 03 00 00000000 00000000
[E] 01000270 01000270 0
[F] 01000270 00018063
[D] 01000270 63 00 03 00 0 00 00000000 00
[R] 03 00 00000000 00000000
[E] 01000270 01000270 0
[F] 01000270 00018063
[D] 01000270 63 00 03 00 0 00 00000000 00
[R] 03 00 00000000 00000000
[E] 01000270 01000270 0
[F] 01000270 00018063
[D] 01000270 63 00 03 00 0 00 00000000 00
[R] 03 00 00000000 00000000
[E] 01000270 01000270 0
[F] 01000270 00018063
[D] 01000270 63 00 03 00 0 00 00000000 00
[R] 03 00 00000000 00000000
[E] 01000270 01000270 0
[F] 01000270 00018063
[D] 01000270 63 00 03 00 0 00 00000000 00
[R] 03 00 00000000 00000000
[E] 01000270 01000270 0
[F] 01000270 00018063
[D] 01000270 63 00 03 00 0 00 00000000 00
[R] 03 00 00000000 00000000
[E] 01000270 01000270 0
[F] 01000270 00018063
[D] 01000270 63 00 03 00 0 00 00000000 00
[R] 03 00 00000000 00000000
[E] 01000270 01000270 0
[F] 01000270 00018063
[D] 01000270 63 00 03 00 0 00 00000000 00
[R] 03 00 00000000 00000000
[E] 01000270 01000270 0
[F] 01000270 00018063
[D] 01000270 63 00 03 00 0 00 00000000 00
[R] 03 00 00000000 00000000
[E] 01000270 01000270 0
[F] 01000270 00018063
[D] 01000270 63 00 03 00 0 00 00000000 00
[R] 03 00 00000000 00000000
[E] 01000270 01000270 0
[F] 01000270 00018063
[D] 01000270 63 00 03 00 0 00 00000000 00
[R] 03 00 00000000 00000000
[E] 01000270 01000270 0
[F] 01000270 00018063
[D] 01000270 63 00 03 00 0 00 00000000 00
[R] 03 00 00000000 00000000
[E] 01000270 01000270 0
[F] 01000270 00018063
[D] 01000270 63 00 03 00 0 00 00000000 00
[R] 03 00 00000000 00000000
[E] 01000270 01000270 0
[F] 01000270 00018063
[D] 01000270 63 00 03 00 0 00 00000000 00
[R] 03 00 00000000 00000000
[E] 01000270 01000270 0
[F] 01000270 00018063
[D] 01000270 63 00 03 00 0 00 00000000 00
[R] 03 00 00000000 00000000
[E] 01000270 01000270 0
[F] 01000270 00018063
[D] 01000270 63 00 03 00 0 00 00000000 00
[R] 03 00 00000000 00000000
[E] 01000270 01000270 0
[F] 01000270 00018063
[D] 01000270 63 00 03 00 0 00 00000000 00
[R] 03 00 00000000 00000000
[E] 01000270 01000270 0
[F] 01000270 00018063
[D] 01000270 63 00 03 00 0 00 00000000 00
[R] 03 00 00000000 00000000
[E] 01000270 01000270 0
[F] 01000270 00018063
[D] 01000270 63 00 03 00 0 00 00000000 00
[R] 03 00 00000000 00000000
[E] 01000270 01000270 0
[F] 01000270 00018063
[D] 01000270 63 00 03 00 0 00 00000000 00
[R] 03 00 00000000 00000000
[E] 01000270 01000270 0
[F] 01000270 00018063
[D] 01000270 63 00 03 00 0 00 00000000 00
