[F] 01000000 00200193
[D] 01000000 13 03 00 02 0 00 00000002 02
[R] 00 02 00000000 01100000
[E] 01000000 00000002 0
[F] 01000004 00000093
[D] 01000004 13 01 00 00 0 00 00000000 00
[R] 00 00 00000000 00000000
[E] 01000004 00000000 0
[F] 01000008 0100026f
[D] 01000008 6f 04 00 10 0 00 00000010 10
[R] 00 10 00000000 00000000
[E] 01000008 01000018 0
[F] 01000018 00000117
[D] 01000018 17 02 00 00 0 00 00000000 00
[R] 00 00 00000000 00000000
[E] 01000018 01000018 0
[F] 0100001c ff410113
[D] 0100001c 13 02 02 14 0 7f fffffff4 14
[R] 02 14 00000000 00000000
[E] 0100001c fffffff4 0
[F] 01000020 02411a63
[D] 01000020 63 14 02 04 1 01 00000034 04
[R] 02 04 00000000 00000000
[E] 01000020 01000054 0
[F] 01000024 00100093
[D] 01000024 13 01 00 01 0 00 00000001 01
[R] 00 01 00000000 00000000
[E] 01000024 00000001 0
[F] 01000028 0140006f
[D] 01000028 6f 00 00 14 0 00 00000014 14
[R] 00 14 00000000 00000000
[E] 01000028 0100003c 0
[F] 0100003c 00108093
[D] 0100003c 13 01 01 01 0 00 00000001 01
[R] 01 01 00000000 00000000
[E] 0100003c 00000001 0
[F] 01000040 00108093
[D] 01000040 13 01 01 01 0 00 00000001 01
[R] 01 01 00000000 00000000
[E] 01000040 00000001 0
[F] 01000044 00300e93
[D] 01000044 13 1d 00 03 0 00 00000003 03
[R] 00 03 00000000 00000000
[E] 01000044 00000003 0
[F] 01000048 00300193
[D] 01000048 13 03 00 03 0 00 00000003 03
[R] 00 03 00000000 00000000
[E] 01000048 00000003 0
[F] 0100004c 01d09463
[D] 0100004c 63 08 01 1d 1 00 00000008 1d
[R] 01 1d 00000000 00000000
[E] 0100004c 01000054 0
[F] 01000050 00301c63
[D] 01000050 63 18 00 03 1 00 00000018 03
[R] 00 03 00000000 00000000
[E] 01000050 01000068 0
[F] 01000054 0ff0000f
[D] 01000054 0f 00 00 1f 0 07 00000000 1f
[R] 00 1f 00000000 00000000
[E] 01000054 00000000 0
[F] 01000058 00018063
[D] 01000058 63 00 03 00 0 00 00000000 00
[R] 03 00 00000000 00000000
[E] 01000058 01000058 0
[F] 01000058 00018063
[D] 01000058 63 00 03 00 0 00 00000000 00
[R] 03 00 00000000 00000000
[E] 01000058 01000058 0
[F] 01000058 00018063
[D] 01000058 63 00 03 00 0 00 00000000 00
[R] 03 00 00000000 00000000
[E] 01000058 01000058 0
[F] 01000058 00018063
[D] 01000058 63 00 03 00 0 00 00000000 00
[R] 03 00 00000000 00000000
[E] 01000058 01000058 0
[F] 01000058 00018063
[D] 01000058 63 00 03 00 0 00 00000000 00
[R] 03 00 00000000 00000000
[E] 01000058 01000058 0
[F] 01000058 00018063
[D] 01000058 63 00 03 00 0 00 00000000 00
[R] 03 00 00000000 00000000
[E] 01000058 01000058 0
[F] 01000058 00018063
[D] 01000058 63 00 03 00 0 00 00000000 00
[R] 03 00 00000000 00000000
[E] 01000058 01000058 0
[F] 01000058 00018063
[D] 01000058 63 00 03 00 0 00 00000000 00
[R] 03 00 00000000 00000000
[E] 01000058 01000058 0
[F] 01000058 00018063
[D] 01000058 63 00 03 00 0 00 00000000 00
[R] 03 00 00000000 00000000
[E] 01000058 01000058 0
[F] 01000058 00018063
[D] 01000058 63 00 03 00 0 00 00000000 00
[R] 03 00 00000000 00000000
[E] 01000058 01000058 0
[F] 01000058 00018063
[D] 01000058 63 00 03 00 0 00 00000000 00
[R] 03 00 00000000 00000000
[E] 01000058 01000058 0
[F] 01000058 00018063
[D] 01000058 63 00 03 00 0 00 00000000 00
[R] 03 00 00000000 00000000
[E] 01000058 01000058 0
[F] 01000058 00018063
[D] 01000058 63 00 03 00 0 00 00000000 00
[R] 03 00 00000000 00000000
[E] 01000058 01000058 0
[F] 01000058 00018063
[D] 01000058 63 00 03 00 0 00 00000000 00
[R] 03 00 00000000 00000000
[E] 01000058 01000058 0
[F] 01000058 00018063
[D] 01000058 63 00 03 00 0 00 00000000 00
[R] 03 00 00000000 00000000
[E] 01000058 01000058 0
[F] 01000058 00018063
[D] 01000058 63 00 03 00 0 00 00000000 00
[R] 03 00 00000000 00000000
[E] 01000058 01000058 0
[F] 01000058 00018063
[D] 01000058 63 00 03 00 0 00 00000000 00
[R] 03 00 00000000 00000000
[E] 01000058 01000058 0
[F] 01000058 00018063
[D] 01000058 63 00 03 00 0 00 00000000 00
[R] 03 00 00000000 00000000
[E] 01000058 01000058 0
[F] 01000058 00018063
[D] 01000058 63 00 03 00 0 00 00000000 00
[R] 03 00 00000000 00000000
[E] 01000058 01000058 0
[F] 01000058 00018063
[D] 01000058 63 00 03 00 0 00 00000000 00
[R] 03 00 00000000 00000000
[E] 01000058 01000058 0
[F] 01000058 00018063
[D] 01000058 63 00 03 00 0 00 00000000 00
[R] 03 00 00000000 00000000
[E] 01000058 01000058 0
[F] 01000058 00018063
[D] 01000058 63 00 03 00 0 00 00000000 00
[R] 03 00 00000000 00000000
[E] 01000058 01000058 0
[F] 01000058 00018063
[D] 01000058 63 00 03 00 0 00 00000000 00
[R] 03 00 00000000 00000000
[E] 01000058 01000058 0
[F] 01000058 00018063
[D] 01000058 63 00 03 00 0 00 00000000 00
[R] 03 00 00000000 00000000
[E] 01000058 01000058 0
[F] 01000058 00018063
[D] 01000058 63 00 03 00 0 00 00000000 00
[R] 03 00 00000000 00000000
[E] 01000058 01000058 0
[F] 01000058 00018063
[D] 01000058 63 00 03 00 0 00 00000000 00
[R] 03 00 00000000 00000000
[E] 01000058 01000058 0
[F] 01000058 00018063
[D] 01000058 63 00 03 00 0 00 00000000 00
[R] 03 00 00000000 00000000
[E] 01000058 01000058 0
[F] 01000058 00018063
[D] 01000058 63 00 03 00 0 00 00000000 00
[R] 03 00 00000000 00000000
[E] 01000058 01000058 0
[F] 01000058 00018063
[D] 01000058 63 00 03 00 0 00 00000000 00
[R] 03 00 00000000 00000000
[E] 01000058 01000058 0
[F] 01000058 00018063
[D] 01000058 63 00 03 00 0 00 00000000 00
[R] 03 00 00000000 00000000
[E] 01000058 01000058 0
[F] 01000058 00018063
[D] 01000058 63 00 03 00 0 00 00000000 00
[R] 03 00 00000000 00000000
[E] 01000058 01000058 0
[F] 01000058 00018063
[D] 01000058 63 00 03 00 0 00 00000000 00
[R] 03 00 00000000 00000000
[E] 01000058 01000058 0
[F] 01000058 00018063
[D] 01000058 63 00 03 00 0 00 00000000 00
[R] 03 00 00000000 00000000
[E] 01000058 01000058 0
[F] 01000058 00018063
[D] 01000058 63 00 03 00 0 00 00000000 00
[R] 03 00 00000000 00000000
[E] 01000058 01000058 0
[F] 01000058 00018063
[D] 01000058 63 00 03 00 0 00 00000000 00
[R] 03 00 00000000 00000000
[E] 01000058 01000058 0
[F] 01000058 00018063
[D] 01000058 63 00 03 00 0 00 00000000 00
[R] 03 00 00000000 00000000
[E] 01000058 01000058 0
[F] 01000058 00018063
[D] 01000058 63 00 03 00 0 00 00000000 00
[R] 03 00 00000000 00000000
[E] 01000058 01000058 0
[F] 01000058 00018063
[D] 01000058 63 00 03 00 0 00 00000000 00
[R] 03 00 00000000 00000000
[E] 01000058 01000058 0
[F] 01000058 00018063
[D] 01000058 63 00 03 00 0 00 00000000 00
[R] 03 00 00000000 00000000
[E] 01000058 01000058 0
[F] 01000058 00018063
[D] 01000058 63 00 03 00 0 00 00000000 00
[R] 03 00 00000000 00000000
[E] 01000058 01000058 0
[F] 01000058 00018063
[D] 01000058 63 00 03 00 0 00 00000000 00
[R] 03 00 00000000 00000000
[E] 01000058 01000058 0
[F] 01000058 00018063
[D] 01000058 63 00 03 00 0 00 00000000 00
[R] 03 00 00000000 00000000
[E] 01000058 01000058 0
[F] 01000058 00018063
[D] 01000058 63 00 03 00 0 00 00000000 00
[R] 03 00 00000000 00000000
[E] 01000058 01000058 0
[F] 01000058 00018063
[D] 01000058 63 00 03 00 0 00 00000000 00
[R] 03 00 00000000 00000000
[E] 01000058 01000058 0
[F] 01000058 00018063
[D] 01000058 63 00 03 00 0 00 00000000 00
[R] 03 00 00000000 00000000
[E] 01000058 01000058 0
[F] 01000058 00018063
[D] 01000058 63 00 03 00 0 00 00000000 00
[R] 03 00 00000000 00000000
[E] 01000058 01000058 0
[F] 01000058 00018063
[D] 01000058 63 00 03 00 0 00 00000000 00
[R] 03 00 00000000 00000000
[E] 01000058 01000058 0
[F] 01000058 00018063
[D] 01000058 63 00 03 00 0 00 00000000 00
[R] 03 00 00000000 00000000
[E] 01000058 01000058 0
[F] 01000058 00018063
[D] 01000058 63 00 03 00 0 00 00000000 00
[R] 03 00 00000000 00000000
[E] 01000058 01000058 0
[F] 01000058 00018063
[D] 01000058 63 00 03 00 0 00 00000000 00
[R] 03 00 00000000 00000000
[E] 01000058 01000058 0
[F] 01000058 00018063
[D] 01000058 63 00 03 00 0 00 00000000 00
[R] 03 00 00000000 00000000
[E] 01000058 01000058 0
[F] 01000058 00018063
[D] 01000058 63 00 03 00 0 00 00000000 00
[R] 03 00 00000000 00000000
[E] 01000058 01000058 0
[F] 01000058 00018063
[D] 01000058 63 00 03 00 0 00 00000000 00
[R] 03 00 00000000 00000000
[E] 01000058 01000058 0
[F] 01000058 00018063
[D] 01000058 63 00 03 00 0 00 00000000 00
[R] 03 00 00000000 00000000
[E] 01000058 01000058 0
[F] 01000058 00018063
[D] 01000058 63 00 03 00 0 00 00000000 00
[R] 03 00 00000000 00000000
[E] 01000058 01000058 0
[F] 01000058 00018063
[D] 01000058 63 00 03 00 0 00 00000000 00
[R] 03 00 00000000 00000000
[E] 01000058 01000058 0
[F] 01000058 00018063
[D] 01000058 63 00 03 00 0 00 00000000 00
[R] 03 00 00000000 00000000
[E] 01000058 01000058 0
[F] 01000058 00018063
[D] 01000058 63 00 03 00 0 00 00000000 00
[R] 03 00 00000000 00000000
[E] 01000058 01000058 0
[F] 01000058 00018063
[D] 01000058 63 00 03 00 0 00 00000000 00
[R] 03 00 00000000 00000000
[E] 01000058 01000058 0
[F] 01000058 00018063
[D] 01000058 63 00 03 00 0 00 00000000 00
[R] 03 00 00000000 00000000
[E] 01000058 01000058 0
[F] 01000058 00018063
[D] 01000058 63 00 03 00 0 00 00000000 00
[R] 03 00 00000000 00000000
[E] 01000058 01000058 0
[F] 01000058 00018063
[D] 01000058 63 00 03 00 0 00 00000000 00
[R] 03 00 00000000 00000000
[E] 01000058 01000058 0
[F] 01000058 00018063
[D] 01000058 63 00 03 00 0 00 00000000 00
[R] 03 00 00000000 00000000
[E] 01000058 01000058 0
[F] 01000058 00018063
[D] 01000058 63 00 03 00 0 00 00000000 00
[R] 03 00 00000000 00000000
[E] 01000058 01000058 0
[F] 01000058 00018063
[D] 01000058 63 00 03 00 0 00 00000000 00
[R] 03 00 00000000 00000000
[E] 01000058 01000058 0
[F] 01000058 00018063
[D] 01000058 63 00 03 00 0 00 00000000 00
[R] 03 00 00000000 00000000
[E] 01000058 01000058 0
[F] 01000058 00018063
[D] 01000058 63 00 03 00 0 00 00000000 00
[R] 03 00 00000000 00000000
[E] 01000058 01000058 0
[F] 01000058 00018063
[D] 01000058 63 00 03 00 0 00 00000000 00
[R] 03 00 00000000 00000000
[E] 01000058 01000058 0
[F] 01000058 00018063
[D] 01000058 63 00 03 00 0 00 00000000 00
[R] 03 00 00000000 00000000
[E] 01000058 01000058 0
[F] 01000058 00018063
[D] 01000058 63 00 03 00 0 00 00000000 00
[R] 03 00 00000000 00000000
[E] 01000058 01000058 0
[F] 01000058 00018063
[D] 01000058 63 00 03 00 0 00 00000000 00
[R] 03 00 00000000 00000000
[E] 01000058 01000058 0
[F] 01000058 00018063
[D] 01000058 63 00 03 00 0 00 00000000 00
[R] 03 00 00000000 00000000
[E] 01000058 01000058 0
[F] 01000058 00018063
[D] 01000058 63 00 03 00 0 00 00000000 00
[R] 03 00 00000000 00000000
[E] 01000058 01000058 0
[F] 01000058 00018063
[D] 01000058 63 00 03 00 0 00 00000000 00
[R] 03 00 00000000 00000000
[E] 01000058 01000058 0
[F] 01000058 00018063
[D] 01000058 63 00 03 00 0 00 00000000 00
[R] 03 00 00000000 00000000
[E] 01000058 01000058 0
[F] 01000058 00018063
[D] 01000058 63 00 03 00 0 00 00000000 00
[R] 03 00 00000000 00000000
[E] 01000058 01000058 0
[F] 01000058 00018063
[D] 01000058 63 00 03 00 0 00 00000000 00
[R] 03 00 00000000 00000000
[E] 01000058 01000058 0
[F] 01000058 00018063
[D] 01000058 63 00 03 00 0 00 00000000 00
[R] 03 00 00000000 00000000
[E] 01000058 01000058 0
[F] 01000058 00018063
[D] 01000058 63 00 03 00 0 00 00000000 00
[R] 03 00 00000000 00000000
[E] 01000058 01000058 0
[F] 01000058 00018063
[D] 01000058 63 00 03 00 0 00 00000000 00
[R] 03 00 00000000 00000000
[E] 01000058 01000058 0
[F] 01000058 00018063
[D] 01000058 63 00 03 00 0 00 00000000 00
[R] 03 00 00000000 00000000
[E] 01000058 01000058 0
[F] 01000058 00018063
[D] 01000058 63 00 03 00 0 00 00000000 00
[R] 03 00 00000000 00000000
[E] 01000058 01000058 0
[F] 01000058 00018063
[D] 01000058 63 00 03 00 0 00 00000000 00
[R] 03 00 00000000 00000000
[E] 01000058 01000058 0
[F] 01000058 00018063
[D] 01000058 63 00 03 00 0 00 00000000 00
[R] 03 00 00000000 00000000
[E] 01000058 01000058 0
[F] 01000058 00018063
[D] 01000058 63 00 03 00 0 00 00000000 00
[R] 03 00 00000000 00000000
[E] 01000058 01000058 0
[F] 01000058 00018063
[D] 01000058 63 00 03 00 0 00 00000000 00
[R] 03 00 00000000 00000000
[E] 01000058 01000058 0
[F] 01000058 00018063
[D] 01000058 63 00 03 00 0 00 00000000 00
[R] 03 00 00000000 00000000
[E] 01000058 01000058 0
[F] 01000058 00018063
[D] 01000058 63 00 03 00 0 00 00000000 00
[R] 03 00 00000000 00000000
[E] 01000058 01000058 0
[F] 01000058 00018063
[D] 01000058 63 00 03 00 0 00 00000000 00
[R] 03 00 00000000 00000000
[E] 01000058 01000058 0
[F] 01000058 00018063
[D] 01000058 63 00 03 00 0 00 00000000 00
[R] 03 00 00000000 00000000
[E] 01000058 01000058 0
[F] 01000058 00018063
[D] 01000058 63 00 03 00 0 00 00000000 00
[R] 03 00 00000000 00000000
[E] 01000058 01000058 0
[F] 01000058 00018063
[D] 01000058 63 00 03 00 0 00 00000000 00
[R] 03 00 00000000 00000000
[E] 01000058 01000058 0
[F] 01000058 00018063
[D] 01000058 63 00 03 00 0 00 00000000 00
[R] 03 00 00000000 00000000
[E] 01000058 01000058 0
[F] 01000058 00018063
[D] 01000058 63 00 03 00 0 00 00000000 00
[R] 03 00 00000000 00000000
[E] 01000058 01000058 0
[F] 01000058 00018063
[D] 01000058 63 00 03 00 0 00 00000000 00
[R] 03 00 00000000 00000000
[E] 01000058 01000058 0
[F] 01000058 00018063
[D] 01000058 63 00 03 00 0 00 00000000 00
[R] 03 00 00000000 00000000
[E] 01000058 01000058 0
[F] 01000058 00018063
[D] 01000058 63 00 03 00 0 00 00000000 00
[R] 03 00 00000000 00000000
[E] 01000058 01000058 0
[F] 01000058 00018063
[D] 01000058 63 00 03 00 0 00 00000000 00
[R] 03 00 00000000 00000000
[E] 01000058 01000058 0
[F] 01000058 00018063
[D] 01000058 63 00 03 00 0 00 00000000 00
[R] 03 00 00000000 00000000
[E] 01000058 01000058 0
[F] 01000058 00018063
[D] 01000058 63 00 03 00 0 00 00000000 00
[R] 03 00 00000000 00000000
[E] 01000058 01000058 0
[F] 01000058 00018063
[D] 01000058 63 00 03 00 0 00 00000000 00
[R] 03 00 00000000 00000000
[E] 01000058 01000058 0
[F] 01000058 00018063
[D] 01000058 63 00 03 00 0 00 00000000 00
[R] 03 00 00000000 00000000
[E] 01000058 01000058 0
[F] 01000058 00018063
[D] 01000058 63 00 03 00 0 00 00000000 00
[R] 03 00 00000000 00000000
[E] 01000058 01000058 0
[F] 01000058 00018063
[D] 01000058 63 00 03 00 0 00 00000000 00
[R] 03 00 00000000 00000000
[E] 01000058 01000058 0
[F] 01000058 00018063
[D] 01000058 63 00 03 00 0 00 00000000 00
[R] 03 00 00000000 00000000
[E] 01000058 01000058 0
[F] 01000058 00018063
[D] 01000058 63 00 03 00 0 00 00000000 00
[R] 03 00 00000000 00000000
[E] 01000058 01000058 0
[F] 01000058 00018063
[D] 01000058 63 00 03 00 0 00 00000000 00
[R] 03 00 00000000 00000000
[E] 01000058 01000058 0
[F] 01000058 00018063
[D] 01000058 63 00 03 00 0 00 00000000 00
[R] 03 00 00000000 00000000
[E] 01000058 01000058 0
[F] 01000058 00018063
[D] 01000058 63 00 03 00 0 00 00000000 00
[R] 03 00 00000000 00000000
[E] 01000058 01000058 0
[F] 01000058 00018063
[D] 01000058 63 00 03 00 0 00 00000000 00
[R] 03 00 00000000 00000000
[E] 01000058 01000058 0
[F] 01000058 00018063
[D] 01000058 63 00 03 00 0 00 00000000 00
[R] 03 00 00000000 00000000
[E] 01000058 01000058 0
[F] 01000058 00018063
[D] 01000058 63 00 03 00 0 00 00000000 00
[R] 03 00 00000000 00000000
[E] 01000058 01000058 0
[F] 01000058 00018063
[D] 01000058 63 00 03 00 0 00 00000000 00
[R] 03 00 00000000 00000000
[E] 01000058 01000058 0
[F] 01000058 00018063
[D] 01000058 63 00 03 00 0 00 00000000 00
[R] 03 00 00000000 00000000
[E] 01000058 01000058 0
[F] 01000058 00018063
[D] 01000058 63 00 03 00 0 00 00000000 00
[R] 03 00 00000000 00000000
[E] 01000058 01000058 0
[F] 01000058 00018063
[D] 01000058 63 00 03 00 0 00 00000000 00
[R] 03 00 00000000 00000000
[E] 01000058 01000058 0
[F] 01000058 00018063
[D] 01000058 63 00 03 00 0 00 00000000 00
[R] 03 00 00000000 00000000
[E] 01000058 01000058 0
[F] 01000058 00018063
[D] 01000058 63 00 03 00 0 00 00000000 00
[R] 03 00 00000000 00000000
[E] 01000058 01000058 0
[F] 01000058 00018063
[D] 01000058 63 00 03 00 0 00 00000000 00
[R] 03 00 00000000 00000000
[E] 01000058 01000058 0
[F] 01000058 00018063
[D] 01000058 63 00 03 00 0 00 00000000 00
[R] 03 00 00000000 00000000
[E] 01000058 01000058 0
[F] 01000058 00018063
[D] 01000058 63 00 03 00 0 00 00000000 00
[R] 03 00 00000000 00000000
[E] 01000058 01000058 0
[F] 01000058 00018063
[D] 01000058 63 00 03 00 0 00 00000000 00
[R] 03 00 00000000 00000000
[E] 01000058 01000058 0
[F] 01000058 00018063
[D] 01000058 63 00 03 00 0 00 00000000 00
[R] 03 00 00000000 00000000
[E] 01000058 01000058 0
[F] 01000058 00018063
[D] 01000058 63 00 03 00 0 00 00000000 00
[R] 03 00 00000000 00000000
[E] 01000058 01000058 0
[F] 01000058 00018063
[D] 01000058 63 00 03 00 0 00 00000000 00
[R] 03 00 00000000 00000000
[E] 01000058 01000058 0
[F] 01000058 00018063
[D] 01000058 63 00 03 00 0 00 00000000 00
[R] 03 00 00000000 00000000
[E] 01000058 01000058 0
[F] 01000058 00018063
[D] 01000058 63 00 03 00 0 00 00000000 00
[R] 03 00 00000000 00000000
[E] 01000058 01000058 0
[F] 01000058 00018063
[D] 01000058 63 00 03 00 0 00 00000000 00
[R] 03 00 00000000 00000000
[E] 01000058 01000058 0
[F] 01000058 00018063
[D] 01000058 63 00 03 00 0 00 00000000 00
[R] 03 00 00000000 00000000
[E] 01000058 01000058 0
[F] 01000058 00018063
[D] 01000058 63 00 03 00 0 00 00000000 00
[R] 03 00 00000000 00000000
[E] 01000058 01000058 0
[F] 01000058 00018063
[D] 01000058 63 00 03 00 0 00 00000000 00
[R] 03 00 00000000 00000000
[E] 01000058 01000058 0
[F] 01000058 00018063
[D] 01000058 63 00 03 00 0 00 00000000 00
[R] 03 00 00000000 00000000
[E] 01000058 01000058 0
[F] 01000058 00018063
[D] 01000058 63 00 03 00 0 00 00000000 00
[R] 03 00 00000000 00000000
[E] 01000058 01000058 0
[F] 01000058 00018063
[D] 01000058 63 00 03 00 0 00 00000000 00
[R] 03 00 00000000 00000000
[E] 01000058 01000058 0
[F] 01000058 00018063
[D] 01000058 63 00 03 00 0 00 00000000 00
[R] 03 00 00000000 00000000
[E] 01000058 01000058 0
[F] 01000058 00018063
[D] 01000058 63 00 03 00 0 00 00000000 00
[R] 03 00 00000000 00000000
[E] 01000058 01000058 0
[F] 01000058 00018063
[D] 01000058 63 00 03 00 0 00 00000000 00
[R] 03 00 00000000 00000000
[E] 01000058 01000058 0
[F] 01000058 00018063
[D] 01000058 63 00 03 00 0 00 00000000 00
[R] 03 00 00000000 00000000
[E] 01000058 01000058 0
[F] 01000058 00018063
[D] 01000058 63 00 03 00 0 00 00000000 00
[R] 03 00 00000000 00000000
[E] 01000058 01000058 0
[F] 01000058 00018063
[D] 01000058 63 00 03 00 0 00 00000000 00
[R] 03 00 00000000 00000000
[E] 01000058 01000058 0
[F] 01000058 00018063
[D] 01000058 63 00 03 00 0 00 00000000 00
[R] 03 00 00000000 00000000
[E] 01000058 01000058 0
[F] 01000058 00018063
[D] 01000058 63 00 03 00 0 00 00000000 00
[R] 03 00 00000000 00000000
[E] 01000058 01000058 0
[F] 01000058 00018063
[D] 01000058 63 00 03 00 0 00 00000000 00
[R] 03 00 00000000 00000000
[E] 01000058 01000058 0
[F] 01000058 00018063
[D] 01000058 63 00 03 00 0 00 00000000 00
[R] 03 00 00000000 00000000
[E] 01000058 01000058 0
[F] 01000058 00018063
[D] 01000058 63 00 03 00 0 00 00000000 00
[R] 03 00 00000000 00000000
[E] 01000058 01000058 0
[F] 01000058 00018063
[D] 01000058 63 00 03 00 0 00 00000000 00
[R] 03 00 00000000 00000000
[E] 01000058 01000058 0
[F] 01000058 00018063
[D] 01000058 63 00 03 00 0 00 00000000 00
[R] 03 00 00000000 00000000
[E] 01000058 01000058 0
[F] 01000058 00018063
[D] 01000058 63 00 03 00 0 00 00000000 00
[R] 03 00 00000000 00000000
[E] 01000058 01000058 0
[F] 01000058 00018063
[D] 01000058 63 00 03 00 0 00 00000000 00
[R] 03 00 00000000 00000000
[E] 01000058 01000058 0
[F] 01000058 00018063
[D] 01000058 63 00 03 00 0 00 00000000 00
[R] 03 00 00000000 00000000
[E] 01000058 01000058 0
[F] 01000058 00018063
[D] 01000058 63 00 03 00 0 00 00000000 00
[R] 03 00 00000000 00000000
[E] 01000058 01000058 0
[F] 01000058 00018063
[D] 01000058 63 00 03 00 0 00 00000000 00
[R] 03 00 00000000 00000000
[E] 01000058 01000058 0
[F] 01000058 00018063
[D] 01000058 63 00 03 00 0 00 00000000 00
[R] 03 00 00000000 00000000
[E] 01000058 01000058 0
[F] 01000058 00018063
[D] 01000058 63 00 03 00 0 00 00000000 00
[R] 03 00 00000000 00000000
[E] 01000058 01000058 0
[F] 01000058 00018063
[D] 01000058 63 00 03 00 0 00 00000000 00
[R] 03 00 00000000 00000000
[E] 01000058 01000058 0
[F] 01000058 00018063
[D] 01000058 63 00 03 00 0 00 00000000 00
[R] 03 00 00000000 00000000
[E] 01000058 01000058 0
[F] 01000058 00018063
[D] 01000058 63 00 03 00 0 00 00000000 00
[R] 03 00 00000000 00000000
[E] 01000058 01000058 0
[F] 01000058 00018063
[D] 01000058 63 00 03 00 0 00 00000000 00
[R] 03 00 00000000 00000000
[E] 01000058 01000058 0
[F] 01000058 00018063
[D] 01000058 63 00 03 00 0 00 00000000 00
[R] 03 00 00000000 00000000
[E] 01000058 01000058 0
[F] 01000058 00018063
[D] 01000058 63 00 03 00 0 00 00000000 00
[R] 03 00 00000000 00000000
[E] 01000058 01000058 0
[F] 01000058 00018063
[D] 01000058 63 00 03 00 0 00 00000000 00
[R] 03 00 00000000 00000000
[E] 01000058 01000058 0
[F] 01000058 00018063
[D] 01000058 63 00 03 00 0 00 00000000 00
[R] 03 00 00000000 00000000
[E] 01000058 01000058 0
[F] 01000058 00018063
[D] 01000058 63 00 03 00 0 00 00000000 00
[R] 03 00 00000000 00000000
[E] 01000058 01000058 0
[F] 01000058 00018063
[D] 01000058 63 00 03 00 0 00 00000000 00
[R] 03 00 00000000 00000000
[E] 01000058 01000058 0
[F] 01000058 00018063
[D] 01000058 63 00 03 00 0 00 00000000 00
[R] 03 00 00000000 00000000
[E] 01000058 01000058 0
[F] 01000058 00018063
[D] 01000058 63 00 03 00 0 00 00000000 00
[R] 03 00 00000000 00000000
[E] 01000058 01000058 0
[F] 01000058 00018063
[D] 01000058 63 00 03 00 0 00 00000000 00
[R] 03 00 00000000 00000000
[E] 01000058 01000058 0
[F] 01000058 00018063
[D] 01000058 63 00 03 00 0 00 00000000 00
[R] 03 00 00000000 00000000
[E] 01000058 01000058 0
[F] 01000058 00018063
[D] 01000058 63 00 03 00 0 00 00000000 00
[R] 03 00 00000000 00000000
[E] 01000058 01000058 0
[F] 01000058 00018063
[D] 01000058 63 00 03 00 0 00 00000000 00
[R] 03 00 00000000 00000000
[E] 01000058 01000058 0
[F] 01000058 00018063
[D] 01000058 63 00 03 00 0 00 00000000 00
[R] 03 00 00000000 00000000
[E] 01000058 01000058 0
[F] 01000058 00018063
[D] 01000058 63 00 03 00 0 00 00000000 00
[R] 03 00 00000000 00000000
[E] 01000058 01000058 0
[F] 01000058 00018063
[D] 01000058 63 00 03 00 0 00 00000000 00
[R] 03 00 00000000 00000000
[E] 01000058 01000058 0
[F] 01000058 00018063
[D] 01000058 63 00 03 00 0 00 00000000 00
[R] 03 00 00000000 00000000
[E] 01000058 01000058 0
[F] 01000058 00018063
[D] 01000058 63 00 03 00 0 00 00000000 00
[R] 03 00 00000000 00000000
[E] 01000058 01000058 0
[F] 01000058 00018063
[D] 01000058 63 00 03 00 0 00 00000000 00
[R] 03 00 00000000 00000000
[E] 01000058 01000058 0
[F] 01000058 00018063
[D] 01000058 63 00 03 00 0 00 00000000 00
[R] 03 00 00000000 00000000
[E] 01000058 01000058 0
[F] 01000058 00018063
[D] 01000058 63 00 03 00 0 00 00000000 00
[R] 03 00 00000000 00000000
[E] 01000058 01000058 0
[F] 01000058 00018063
[D] 01000058 63 00 03 00 0 00 00000000 00
[R] 03 00 00000000 00000000
[E] 01000058 01000058 0
[F] 01000058 00018063
[D] 01000058 63 00 03 00 0 00 00000000 00
[R] 03 00 00000000 00000000
[E] 01000058 01000058 0
[F] 01000058 00018063
[D] 01000058 63 00 03 00 0 00 00000000 00
[R] 03 00 00000000 00000000
[E] 01000058 01000058 0
[F] 01000058 00018063
[D] 01000058 63 00 03 00 0 00 00000000 00
[R] 03 00 00000000 00000000
[E] 01000058 01000058 0
[F] 01000058 00018063
[D] 01000058 63 00 03 00 0 00 00000000 00
[R] 03 00 00000000 00000000
[E] 01000058 01000058 0
[F] 01000058 00018063
[D] 01000058 63 00 03 00 0 00 00000000 00
[R] 03 00 00000000 00000000
[E] 01000058 01000058 0
[F] 01000058 00018063
[D] 01000058 63 00 03 00 0 00 00000000 00
[R] 03 00 00000000 00000000
[E] 01000058 01000058 0
[F] 01000058 00018063
[D] 01000058 63 00 03 00 0 00 00000000 00
[R] 03 00 00000000 00000000
[E] 01000058 01000058 0
[F] 01000058 00018063
[D] 01000058 63 00 03 00 0 00 00000000 00
[R] 03 00 00000000 00000000
[E] 01000058 01000058 0
[F] 01000058 00018063
[D] 01000058 63 00 03 00 0 00 00000000 00
[R] 03 00 00000000 00000000
[E] 01000058 01000058 0
[F] 01000058 00018063
[D] 01000058 63 00 03 00 0 00 00000000 00
[R] 03 00 00000000 00000000
[E] 01000058 01000058 0
[F] 01000058 00018063
[D] 01000058 63 00 03 00 0 00 00000000 00
[R] 03 00 00000000 00000000
[E] 01000058 01000058 0
[F] 01000058 00018063
[D] 01000058 63 00 03 00 0 00 00000000 00
[R] 03 00 00000000 00000000
[E] 01000058 01000058 0
[F] 01000058 00018063
[D] 01000058 63 00 03 00 0 00 00000000 00
[R] 03 00 00000000 00000000
[E] 01000058 01000058 0
[F] 01000058 00018063
[D] 01000058 63 00 03 00 0 00 00000000 00
[R] 03 00 00000000 00000000
[E] 01000058 01000058 0
[F] 01000058 00018063
[D] 01000058 63 00 03 00 0 00 00000000 00
[R] 03 00 00000000 00000000
[E] 01000058 01000058 0
[F] 01000058 00018063
[D] 01000058 63 00 03 00 0 00 00000000 00
[R] 03 00 00000000 00000000
[E] 01000058 01000058 0
[F] 01000058 00018063
[D] 01000058 63 00 03 00 0 00 00000000 00
[R] 03 00 00000000 00000000
[E] 01000058 01000058 0
[F] 01000058 00018063
[D] 01000058 63 00 03 00 0 00 00000000 00
[R] 03 00 00000000 00000000
[E] 01000058 01000058 0
[F] 01000058 00018063
[D] 01000058 63 00 03 00 0 00 00000000 00
[R] 03 00 00000000 00000000
[E] 01000058 01000058 0
[F] 01000058 00018063
[D] 01000058 63 00 03 00 0 00 00000000 00
[R] 03 00 00000000 00000000
[E] 01000058 01000058 0
[F] 01000058 00018063
[D] 01000058 63 00 03 00 0 00 00000000 00
[R] 03 00 00000000 00000000
[E] 01000058 01000058 0
[F] 01000058 00018063
[D] 01000058 63 00 03 00 0 00 00000000 00
[R] 03 00 00000000 00000000
[E] 01000058 01000058 0
[F] 01000058 00018063
[D] 01000058 63 00 03 00 0 00 00000000 00
[R] 03 00 00000000 00000000
[E] 01000058 01000058 0
[F] 01000058 00018063
[D] 01000058 63 00 03 00 0 00 00000000 00
[R] 03 00 00000000 00000000
[E] 01000058 01000058 0
[F] 01000058 00018063
[D] 01000058 63 00 03 00 0 00 00000000 00
[R] 03 00 00000000 00000000
[E] 01000058 01000058 0
[F] 01000058 00018063
[D] 01000058 63 00 03 00 0 00 00000000 00
[R] 03 00 00000000 00000000
[E] 01000058 01000058 0
[F] 01000058 00018063
[D] 01000058 63 00 03 00 0 00 00000000 00
[R] 03 00 00000000 00000000
[E] 01000058 01000058 0
[F] 01000058 00018063
[D] 01000058 63 00 03 00 0 00 00000000 00
[R] 03 00 00000000 00000000
[E] 01000058 01000058 0
[F] 01000058 00018063
[D] 01000058 63 00 03 00 0 00 00000000 00
[R] 03 00 00000000 00000000
[E] 01000058 01000058 0
[F] 01000058 00018063
[D] 01000058 63 00 03 00 0 00 00000000 00
[R] 03 00 00000000 00000000
[E] 01000058 01000058 0
[F] 01000058 00018063
[D] 01000058 63 00 03 00 0 00 00000000 00
[R] 03 00 00000000 00000000
[E] 01000058 01000058 0
[F] 01000058 00018063
[D] 01000058 63 00 03 00 0 00 00000000 00
[R] 03 00 00000000 00000000
[E] 01000058 01000058 0
[F] 01000058 00018063
[D] 01000058 63 00 03 00 0 00 00000000 00
[R] 03 00 00000000 00000000
[E] 01000058 01000058 0
[F] 01000058 00018063
[D] 01000058 63 00 03 00 0 00 00000000 00
[R] 03 00 00000000 00000000
[E] 01000058 01000058 0
[F] 01000058 00018063
[D] 01000058 63 00 03 00 0 00 00000000 00
[R] 03 00 00000000 00000000
[E] 01000058 01000058 0
[F] 01000058 00018063
[D] 01000058 63 00 03 00 0 00 00000000 00
[R] 03 00 00000000 00000000
[E] 01000058 01000058 0
[F] 01000058 00018063
[D] 01000058 63 00 03 00 0 00 00000000 00
[R] 03 00 00000000 00000000
[E] 01000058 01000058 0
[F] 01000058 00018063
[D] 01000058 63 00 03 00 0 00 00000000 00
[R] 03 00 00000000 00000000
[E] 01000058 01000058 0
[F] 01000058 00018063
[D] 01000058 63 00 03 00 0 00 00000000 00
[R] 03 00 00000000 00000000
[E] 01000058 01000058 0
[F] 01000058 00018063
[D] 01000058 63 00 03 00 0 00 00000000 00
[R] 03 00 00000000 00000000
[E] 01000058 01000058 0
[F] 01000058 00018063
[D] 01000058 63 00 03 00 0 00 00000000 00
[R] 03 00 00000000 00000000
[E] 01000058 01000058 0
[F] 01000058 00018063
[D] 01000058 63 00 03 00 0 00 00000000 00
[R] 03 00 00000000 00000000
[E] 01000058 01000058 0
[F] 01000058 00018063
[D] 01000058 63 00 03 00 0 00 00000000 00
[R] 03 00 00000000 00000000
[E] 01000058 01000058 0
[F] 01000058 00018063
[D] 01000058 63 00 03 00 0 00 00000000 00
[R] 03 00 00000000 00000000
[E] 01000058 01000058 0
[F] 01000058 00018063
[D] 01000058 63 00 03 00 0 00 00000000 00
[R] 03 00 00000000 00000000
[E] 01000058 01000058 0
[F] 01000058 00018063
[D] 01000058 63 00 03 00 0 00 00000000 00
[R] 03 00 00000000 00000000
[E] 01000058 01000058 0
[F] 01000058 00018063
[D] 01000058 63 00 03 00 0 00 00000000 00
[R] 03 00 00000000 00000000
[E] 01000058 01000058 0
[F] 01000058 00018063
[D] 01000058 63 00 03 00 0 00 00000000 00
[R] 03 00 00000000 00000000
[E] 01000058 01000058 0
[F] 01000058 00018063
[D] 01000058 63 00 03 00 0 00 00000000 00
[R] 03 00 00000000 00000000
[E] 01000058 01000058 0
[F] 01000058 00018063
[D] 01000058 63 00 03 00 0 00 00000000 00
[R] 03 00 00000000 00000000
[E] 01000058 01000058 0
[F] 01000058 00018063
[D] 01000058 63 00 03 00 0 00 00000000 00
[R] 03 00 00000000 00000000
[E] 01000058 01000058 0
[F] 01000058 00018063
[D] 01000058 63 00 03 00 0 00 00000000 00
[R] 03 00 00000000 00000000
[E] 01000058 01000058 0
[F] 01000058 00018063
[D] 01000058 63 00 03 00 0 00 00000000 00
[R] 03 00 00000000 00000000
[E] 01000058 01000058 0
[F] 01000058 00018063
[D] 01000058 63 00 03 00 0 00 00000000 00
[R] 03 00 00000000 00000000
[E] 01000058 01000058 0
[F] 01000058 00018063
[D] 01000058 63 00 03 00 0 00 00000000 00
[R] 03 00 00000000 00000000
[E] 01000058 01000058 0
[F] 01000058 00018063
[D] 01000058 63 00 03 00 0 00 00000000 00
[R] 03 00 00000000 00000000
[E] 01000058 01000058 0
[F] 01000058 00018063
[D] 01000058 63 00 03 00 0 00 00000000 00
[R] 03 00 00000000 00000000
[E] 01000058 01000058 0
[F] 01000058 00018063
[D] 01000058 63 00 03 00 0 00 00000000 00
[R] 03 00 00000000 00000000
[E] 01000058 01000058 0
[F] 01000058 00018063
[D] 01000058 63 00 03 00 0 00 00000000 00
[R] 03 00 00000000 00000000
[E] 01000058 01000058 0
[F] 01000058 00018063
[D] 01000058 63 00 03 00 0 00 00000000 00
[R] 03 00 00000000 00000000
[E] 01000058 01000058 0
[F] 01000058 00018063
[D] 01000058 63 00 03 00 0 00 00000000 00
[R] 03 00 00000000 00000000
[E] 01000058 01000058 0
[F] 01000058 00018063
[D] 01000058 63 00 03 00 0 00 00000000 00
[R] 03 00 00000000 00000000
[E] 01000058 01000058 0
[F] 01000058 00018063
[D] 01000058 63 00 03 00 0 00 00000000 00
[R] 03 00 00000000 00000000
[E] 01000058 01000058 0
[F] 01000058 00018063
[D] 01000058 63 00 03 00 0 00 00000000 00
[R] 03 00 00000000 00000000
[E] 01000058 01000058 0
[F] 01000058 00018063
[D] 01000058 63 00 03 00 0 00 00000000 00
[R] 03 00 00000000 00000000
[E] 01000058 01000058 0
[F] 01000058 00018063
[D] 01000058 63 00 03 00 0 00 00000000 00
[R] 03 00 00000000 00000000
[E] 01000058 01000058 0
[F] 01000058 00018063
[D] 01000058 63 00 03 00 0 00 00000000 00
[R] 03 00 00000000 00000000
[E] 01000058 01000058 0
[F] 01000058 00018063
[D] 01000058 63 00 03 00 0 00 00000000 00
[R] 03 00 00000000 00000000
[E] 01000058 01000058 0
[F] 01000058 00018063
[D] 01000058 63 00 03 00 0 00 00000000 00
[R] 03 00 00000000 00000000
[E] 01000058 01000058 0
[F] 01000058 00018063
[D] 01000058 63 00 03 00 0 00 00000000 00
[R] 03 00 00000000 00000000
[E] 01000058 01000058 0
[F] 01000058 00018063
[D] 01000058 63 00 03 00 0 00 00000000 00
[R] 03 00 00000000 00000000
[E] 01000058 01000058 0
[F] 01000058 00018063
[D] 01000058 63 00 03 00 0 00 00000000 00
[R] 03 00 00000000 00000000
[E] 01000058 01000058 0
[F] 01000058 00018063
[D] 01000058 63 00 03 00 0 00 00000000 00
[R] 03 00 00000000 00000000
[E] 01000058 01000058 0
[F] 01000058 00018063
[D] 01000058 63 00 03 00 0 00 00000000 00
[R] 03 00 00000000 00000000
[E] 01000058 01000058 0
[F] 01000058 00018063
[D] 01000058 63 00 03 00 0 00 00000000 00
[R] 03 00 00000000 00000000
[E] 01000058 01000058 0
[F] 01000058 00018063
[D] 01000058 63 00 03 00 0 00 00000000 00
[R] 03 00 00000000 00000000
[E] 01000058 01000058 0
[F] 01000058 00018063
[D] 01000058 63 00 03 00 0 00 00000000 00
[R] 03 00 00000000 00000000
[E] 01000058 01000058 0
[F] 01000058 00018063
[D] 01000058 63 00 03 00 0 00 00000000 00
[R] 03 00 00000000 00000000
[E] 01000058 01000058 0
[F] 01000058 00018063
[D] 01000058 63 00 03 00 0 00 00000000 00
[R] 03 00 00000000 00000000
[E] 01000058 01000058 0
[F] 01000058 00018063
[D] 01000058 63 00 03 00 0 00 00000000 00
[R] 03 00 00000000 00000000
[E] 01000058 01000058 0
[F] 01000058 00018063
[D] 01000058 63 00 03 00 0 00 00000000 00
[R] 03 00 00000000 00000000
[E] 01000058 01000058 0
[F] 01000058 00018063
[D] 01000058 63 00 03 00 0 00 00000000 00
[R] 03 00 00000000 00000000
[E] 01000058 01000058 0
[F] 01000058 00018063
[D] 01000058 63 00 03 00 0 00 00000000 00
[R] 03 00 00000000 00000000
[E] 01000058 01000058 0
[F] 01000058 00018063
[D] 01000058 63 00 03 00 0 00 00000000 00
[R] 03 00 00000000 00000000
[E] 01000058 01000058 0
[F] 01000058 00018063
[D] 01000058 63 00 03 00 0 00 00000000 00
[R] 03 00 00000000 00000000
[E] 01000058 01000058 0
[F] 01000058 00018063
[D] 01000058 63 00 03 00 0 00 00000000 00
[R] 03 00 00000000 00000000
[E] 01000058 01000058 0
[F] 01000058 00018063
[D] 01000058 63 00 03 00 0 00 00000000 00
[R] 03 00 00000000 00000000
[E] 01000058 01000058 0
[F] 01000058 00018063
[D] 01000058 63 00 03 00 0 00 00000000 00
[R] 03 00 00000000 00000000
[E] 01000058 01000058 0
[F] 01000058 00018063
[D] 01000058 63 00 03 00 0 00 00000000 00
[R] 03 00 00000000 00000000
[E] 01000058 01000058 0
[F] 01000058 00018063
[D] 01000058 63 00 03 00 0 00 00000000 00
[R] 03 00 00000000 00000000
[E] 01000058 01000058 0
[F] 01000058 00018063
[D] 01000058 63 00 03 00 0 00 00000000 00
[R] 03 00 00000000 00000000
[E] 01000058 01000058 0
[F] 01000058 00018063
[D] 01000058 63 00 03 00 0 00 00000000 00
[R] 03 00 00000000 00000000
[E] 01000058 01000058 0
[F] 01000058 00018063
[D] 01000058 63 00 03 00 0 00 00000000 00
[R] 03 00 00000000 00000000
[E] 01000058 01000058 0
[F] 01000058 00018063
[D] 01000058 63 00 03 00 0 00 00000000 00
[R] 03 00 00000000 00000000
[E] 01000058 01000058 0
[F] 01000058 00018063
[D] 01000058 63 00 03 00 0 00 00000000 00
[R] 03 00 00000000 00000000
[E] 01000058 01000058 0
[F] 01000058 00018063
[D] 01000058 63 00 03 00 0 00 00000000 00
[R] 03 00 00000000 00000000
[E] 01000058 01000058 0
[F] 01000058 00018063
[D] 01000058 63 00 03 00 0 00 00000000 00
[R] 03 00 00000000 00000000
[E] 01000058 01000058 0
[F] 01000058 00018063
[D] 01000058 63 00 03 00 0 00 00000000 00
[R] 03 00 00000000 00000000
[E] 01000058 01000058 0
[F] 01000058 00018063
[D] 01000058 63 00 03 00 0 00 00000000 00
[R] 03 00 00000000 00000000
[E] 01000058 01000058 0
[F] 01000058 00018063
[D] 01000058 63 00 03 00 0 00 00000000 00
[R] 03 00 00000000 00000000
[E] 01000058 01000058 0
[F] 01000058 00018063
[D] 01000058 63 00 03 00 0 00 00000000 00
[R] 03 00 00000000 00000000
[E] 01000058 01000058 0
[F] 01000058 00018063
[D] 01000058 63 00 03 00 0 00 00000000 00
[R] 03 00 00000000 00000000
[E] 01000058 01000058 0
[F] 01000058 00018063
[D] 01000058 63 00 03 00 0 00 00000000 00
[R] 03 00 00000000 00000000
[E] 01000058 01000058 0
[F] 01000058 00018063
[D] 01000058 63 00 03 00 0 00 00000000 00
[R] 03 00 00000000 00000000
[E] 01000058 01000058 0
[F] 01000058 00018063
[D] 01000058 63 00 03 00 0 00 00000000 00
[R] 03 00 00000000 00000000
[E] 01000058 01000058 0
[F] 01000058 00018063
[D] 01000058 63 00 03 00 0 00 00000000 00
[R] 03 00 00000000 00000000
[E] 01000058 01000058 0
[F] 01000058 00018063
[D] 01000058 63 00 03 00 0 00 00000000 00
[R] 03 00 00000000 00000000
[E] 01000058 01000058 0
[F] 01000058 00018063
[D] 01000058 63 00 03 00 0 00 00000000 00
[R] 03 00 00000000 00000000
[E] 01000058 01000058 0
[F] 01000058 00018063
[D] 01000058 63 00 03 00 0 00 00000000 00
[R] 03 00 00000000 00000000
[E] 01000058 01000058 0
[F] 01000058 00018063
[D] 01000058 63 00 03 00 0 00 00000000 00
[R] 03 00 00000000 00000000
[E] 01000058 01000058 0
[F] 01000058 00018063
[D] 01000058 63 00 03 00 0 00 00000000 00
[R] 03 00 00000000 00000000
[E] 01000058 01000058 0
[F] 01000058 00018063
[D] 01000058 63 00 03 00 0 00 00000000 00
[R] 03 00 00000000 00000000
[E] 01000058 01000058 0
[F] 01000058 00018063
[D] 01000058 63 00 03 00 0 00 00000000 00
[R] 03 00 00000000 00000000
[E] 01000058 01000058 0
[F] 01000058 00018063
[D] 01000058 63 00 03 00 0 00 00000000 00
[R] 03 00 00000000 00000000
[E] 01000058 01000058 0
[F] 01000058 00018063
[D] 01000058 63 00 03 00 0 00 00000000 00
[R] 03 00 00000000 00000000
[E] 01000058 01000058 0
[F] 01000058 00018063
[D] 01000058 63 00 03 00 0 00 00000000 00
[R] 03 00 00000000 00000000
[E] 01000058 01000058 0
[F] 01000058 00018063
[D] 01000058 63 00 03 00 0 00 00000000 00
[R] 03 00 00000000 00000000
[E] 01000058 01000058 0
[F] 01000058 00018063
[D] 01000058 63 00 03 00 0 00 00000000 00
[R] 03 00 00000000 00000000
[E] 01000058 01000058 0
[F] 01000058 00018063
[D] 01000058 63 00 03 00 0 00 00000000 00
[R] 03 00 00000000 00000000
[E] 01000058 01000058 0
[F] 01000058 00018063
[D] 01000058 63 00 03 00 0 00 00000000 00
[R] 03 00 00000000 00000000
[E] 01000058 01000058 0
[F] 01000058 00018063
[D] 01000058 63 00 03 00 0 00 00000000 00
[R] 03 00 00000000 00000000
[E] 01000058 01000058 0
[F] 01000058 00018063
[D] 01000058 63 00 03 00 0 00 00000000 00
[R] 03 00 00000000 00000000
[E] 01000058 01000058 0
[F] 01000058 00018063
[D] 01000058 63 00 03 00 0 00 00000000 00
[R] 03 00 00000000 00000000
[E] 01000058 01000058 0
[F] 01000058 00018063
[D] 01000058 63 00 03 00 0 00 00000000 00
[R] 03 00 00000000 00000000
[E] 01000058 01000058 0
[F] 01000058 00018063
[D] 01000058 63 00 03 00 0 00 00000000 00
[R] 03 00 00000000 00000000
[E] 01000058 01000058 0
[F] 01000058 00018063
[D] 01000058 63 00 03 00 0 00 00000000 00
[R] 03 00 00000000 00000000
[E] 01000058 01000058 0
[F] 01000058 00018063
[D] 01000058 63 00 03 00 0 00 00000000 00
[R] 03 00 00000000 00000000
[E] 01000058 01000058 0
[F] 01000058 00018063
[D] 01000058 63 00 03 00 0 00 00000000 00
[R] 03 00 00000000 00000000
[E] 01000058 01000058 0
[F] 01000058 00018063
[D] 01000058 63 00 03 00 0 00 00000000 00
[R] 03 00 00000000 00000000
[E] 01000058 01000058 0
[F] 01000058 00018063
[D] 01000058 63 00 03 00 0 00 00000000 00
[R] 03 00 00000000 00000000
[E] 01000058 01000058 0
[F] 01000058 00018063
[D] 01000058 63 00 03 00 0 00 00000000 00
[R] 03 00 00000000 00000000
[E] 01000058 01000058 0
[F] 01000058 00018063
[D] 01000058 63 00 03 00 0 00 00000000 00
[R] 03 00 00000000 00000000
[E] 01000058 01000058 0
[F] 01000058 00018063
[D] 01000058 63 00 03 00 0 00 00000000 00
[R] 03 00 00000000 00000000
[E] 01000058 01000058 0
[F] 01000058 00018063
[D] 01000058 63 00 03 00 0 00 00000000 00
[R] 03 00 00000000 00000000
[E] 01000058 01000058 0
[F] 01000058 00018063
[D] 01000058 63 00 03 00 0 00 00000000 00
[R] 03 00 00000000 00000000
[E] 01000058 01000058 0
[F] 01000058 00018063
[D] 01000058 63 00 03 00 0 00 00000000 00
[R] 03 00 00000000 00000000
[E] 01000058 01000058 0
[F] 01000058 00018063
[D] 01000058 63 00 03 00 0 00 00000000 00
[R] 03 00 00000000 00000000
[E] 01000058 01000058 0
[F] 01000058 00018063
[D] 01000058 63 00 03 00 0 00 00000000 00
[R] 03 00 00000000 00000000
[E] 01000058 01000058 0
[F] 01000058 00018063
[D] 01000058 63 00 03 00 0 00 00000000 00
[R] 03 00 00000000 00000000
[E] 01000058 01000058 0
[F] 01000058 00018063
[D] 01000058 63 00 03 00 0 00 00000000 00
[R] 03 00 00000000 00000000
[E] 01000058 01000058 0
[F] 01000058 00018063
[D] 01000058 63 00 03 00 0 00 00000000 00
[R] 03 00 00000000 00000000
[E] 01000058 01000058 0
[F] 01000058 00018063
[D] 01000058 63 00 03 00 0 00 00000000 00
[R] 03 00 00000000 00000000
[E] 01000058 01000058 0
[F] 01000058 00018063
[D] 01000058 63 00 03 00 0 00 00000000 00
[R] 03 00 00000000 00000000
[E] 01000058 01000058 0
[F] 01000058 00018063
[D] 01000058 63 00 03 00 0 00 00000000 00
[R] 03 00 00000000 00000000
[E] 01000058 01000058 0
[F] 01000058 00018063
[D] 01000058 63 00 03 00 0 00 00000000 00
[R] 03 00 00000000 00000000
[E] 01000058 01000058 0
[F] 01000058 00018063
[D] 01000058 63 00 03 00 0 00 00000000 00
[R] 03 00 00000000 00000000
[E] 01000058 01000058 0
[F] 01000058 00018063
[D] 01000058 63 00 03 00 0 00 00000000 00
[R] 03 00 00000000 00000000
[E] 01000058 01000058 0
[F] 01000058 00018063
[D] 01000058 63 00 03 00 0 00 00000000 00
[R] 03 00 00000000 00000000
[E] 01000058 01000058 0
[F] 01000058 00018063
[D] 01000058 63 00 03 00 0 00 00000000 00
[R] 03 00 00000000 00000000
[E] 01000058 01000058 0
[F] 01000058 00018063
[D] 01000058 63 00 03 00 0 00 00000000 00
[R] 03 00 00000000 00000000
[E] 01000058 01000058 0
[F] 01000058 00018063
[D] 01000058 63 00 03 00 0 00 00000000 00
[R] 03 00 00000000 00000000
[E] 01000058 01000058 0
[F] 01000058 00018063
[D] 01000058 63 00 03 00 0 00 00000000 00
[R] 03 00 00000000 00000000
[E] 01000058 01000058 0
[F] 01000058 00018063
[D] 01000058 63 00 03 00 0 00 00000000 00
[R] 03 00 00000000 00000000
[E] 01000058 01000058 0
[F] 01000058 00018063
[D] 01000058 63 00 03 00 0 00 00000000 00
[R] 03 00 00000000 00000000
[E] 01000058 01000058 0
[F] 01000058 00018063
[D] 01000058 63 00 03 00 0 00 00000000 00
[R] 03 00 00000000 00000000
[E] 01000058 01000058 0
[F] 01000058 00018063
[D] 01000058 63 00 03 00 0 00 00000000 00
[R] 03 00 00000000 00000000
[E] 01000058 01000058 0
[F] 01000058 00018063
[D] 01000058 63 00 03 00 0 00 00000000 00
[R] 03 00 00000000 00000000
[E] 01000058 01000058 0
[F] 01000058 00018063
[D] 01000058 63 00 03 00 0 00 00000000 00
[R] 03 00 00000000 00000000
[E] 01000058 01000058 0
[F] 01000058 00018063
[D] 01000058 63 00 03 00 0 00 00000000 00
[R] 03 00 00000000 00000000
[E] 01000058 01000058 0
[F] 01000058 00018063
[D] 01000058 63 00 03 00 0 00 00000000 00
[R] 03 00 00000000 00000000
[E] 01000058 01000058 0
[F] 01000058 00018063
[D] 01000058 63 00 03 00 0 00 00000000 00
[R] 03 00 00000000 00000000
[E] 01000058 01000058 0
[F] 01000058 00018063
[D] 01000058 63 00 03 00 0 00 00000000 00
[R] 03 00 00000000 00000000
[E] 01000058 01000058 0
[F] 01000058 00018063
[D] 01000058 63 00 03 00 0 00 00000000 00
[R] 03 00 00000000 00000000
[E] 01000058 01000058 0
[F] 01000058 00018063
[D] 01000058 63 00 03 00 0 00 00000000 00
[R] 03 00 00000000 00000000
[E] 01000058 01000058 0
[F] 01000058 00018063
[D] 01000058 63 00 03 00 0 00 00000000 00
[R] 03 00 00000000 00000000
[E] 01000058 01000058 0
[F] 01000058 00018063
[D] 01000058 63 00 03 00 0 00 00000000 00
[R] 03 00 00000000 00000000
[E] 01000058 01000058 0
[F] 01000058 00018063
[D] 01000058 63 00 03 00 0 00 00000000 00
[R] 03 00 00000000 00000000
[E] 01000058 01000058 0
[F] 01000058 00018063
[D] 01000058 63 00 03 00 0 00 00000000 00
[R] 03 00 00000000 00000000
[E] 01000058 01000058 0
[F] 01000058 00018063
[D] 01000058 63 00 03 00 0 00 00000000 00
