[F] 01000000 00000097
[D] 01000000 17 01 00 00 0 00 00000000 00
[R] 00 00 00000000 00000000
[E] 01000000 01000000 0
[F] 01000004 28408093
[D] 01000004 13 01 01 04 0 14 00000284 04
[R] 01 04 00000000 00000000
[E] 01000004 00000284 0
[F] 01000008 0000cf03
[D] 01000008 03 1e 01 00 4 00 00000000 00
[R] 01 00 00000000 00000000
[E] 01000008 00000000 0
[F] 0100000c 0ff00e93
[D] 0100000c 13 1d 00 1f 0 07 000000ff 1f
[R] 00 1f 00000000 00000000
[E] 0100000c 000000ff 0
[F] 01000010 00200193
[D] 01000010 13 03 00 02 0 00 00000002 02
[R] 00 02 00000000 01100000
[E] 01000010 00000002 0
[F] 01000014 23df1c63
[D] 01000014 63 18 1e 1d 1 11 00000238 1d
[R] 1e 1d 00000000 00000000
[E] 01000014 0100024c 0
[F] 01000018 00000097
[D] 01000018 17 01 00 00 0 00 00000000 00
[R] 00 00 00000000 00000000
[E] 01000018 01000018 0
[F] 0100001c 26c08093
[D] 0100001c 13 01 01 0c 0 13 0000026c 0c
[R] 01 0c 00000000 00000000
[E] 0100001c 0000026c 0
[F] 01000020 0010cf03
[D] 01000020 03 1e 01 01 4 00 00000001 01
[R] 01 01 00000000 00000000
[E] 01000020 00000001 0
[F] 01000024 00000e93
[D] 01000024 13 1d 00 00 0 00 00000000 00
[R] 00 00 00000000 00000000
[E] 01000024 00000000 0
[F] 01000028 00300193
[D] 01000028 13 03 00 03 0 00 00000003 03
[R] 00 03 00000000 00000000
[E] 01000028 00000003 0
[F] 0100002c 23df1063
[D] 0100002c 63 00 1e 1d 1 11 00000220 1d
[R] 1e 1d 00000000 00000000
[E] 0100002c 0100024c 0
[F] 01000030 00000097
[D] 01000030 17 01 00 00 0 00 00000000 00
[R] 00 00 00000000 00000000
[E] 01000030 01000030 0
[F] 01000034 25408093
[D] 01000034 13 01 01 14 0 12 00000254 14
[R] 01 14 00000000 00000000
[E] 01000034 00000254 0
[F] 01000038 0020cf03
[D] 01000038 03 1e 01 02 4 00 00000002 02
[R] 01 02 00000000 01100000
[E] 01000038 00000002 0
[F] 0100003c 0f000e93
[D] 0100003c 13 1d 00 10 0 07 000000f0 10
[R] 00 10 00000000 00000000
[E] 0100003c 000000f0 0
[F] 01000040 00400193
[D] 01000040 13 03 00 04 0 00 00000004 04
[R] 00 04 00000000 00000000
[E] 01000040 00000004 0
[F] 01000044 21df1463
[D] 01000044 63 08 1e 1d 1 10 00000208 1d
[R] 1e 1d 00000000 00000000
[E] 01000044 0100024c 0
[F] 01000048 00000097
[D] 01000048 17 01 00 00 0 00 00000000 00
[R] 00 00 00000000 00000000
[E] 01000048 01000048 0
[F] 0100004c 23c08093
[D] 0100004c 13 01 01 1c 0 11 0000023c 1c
[R] 01 1c 00000000 00000000
[E] 0100004c 0000023c 0
[F] 01000050 0030cf03
[D] 01000050 03 1e 01 03 4 00 00000003 03
[R] 01 03 00000000 00000000
[E] 01000050 00000003 0
[F] 01000054 00f00e93
[D] 01000054 13 1d 00 0f 0 00 0000000f 0f
[R] 00 0f 00000000 00000000
[E] 01000054 0000000f 0
[F] 01000058 00500193
[D] 01000058 13 03 00 05 0 00 00000005 05
[R] 00 05 00000000 00000000
[E] 01000058 00000005 0
[F] 0100005c 1fdf1863
[D] 0100005c 63 10 1e 1d 1 0f 000001f0 1d
[R] 1e 1d 00000000 00000000
[E] 0100005c 0100024c 0
[F] 01000060 00000097
[D] 01000060 17 01 00 00 0 00 00000000 00
[R] 00 00 00000000 00000000
[E] 01000060 01000060 0
[F] 01000064 22708093
[D] 01000064 13 01 01 07 0 11 00000227 07
[R] 01 07 00000000 00000000
[E] 01000064 00000227 0
[F] 01000068 ffd0cf03
[D] 01000068 03 1e 01 1d 4 7f fffffffd 1d
[R] 01 1d 00000000 00000000
[E] 01000068 fffffffd 0
[F] 0100006c 0ff00e93
[D] 0100006c 13 1d 00 1f 0 07 000000ff 1f
[R] 00 1f 00000000 00000000
[E] 0100006c 000000ff 0
[F] 01000070 00600193
[D] 01000070 13 03 00 06 0 00 00000006 06
[R] 00 06 00000000 00000000
[E] 01000070 00000006 0
[F] 01000074 1ddf1c63
[D] 01000074 63 18 1e 1d 1 0e 000001d8 1d
[R] 1e 1d 00000000 00000000
[E] 01000074 0100024c 0
[F] 01000078 00000097
[D] 01000078 17 01 00 00 0 00 00000000 00
[R] 00 00 00000000 00000000
[E] 01000078 01000078 0
[F] 0100007c 20f08093
[D] 0100007c 13 01 01 0f 0 10 0000020f 0f
[R] 01 0f 00000000 00000000
[E] 0100007c 0000020f 0
[F] 01000080 ffe0cf03
[D] 01000080 03 1e 01 1e 4 7f fffffffe 1e
[R] 01 1e 00000000 00000000
[E] 01000080 fffffffe 0
[F] 01000084 00000e93
[D] 01000084 13 1d 00 00 0 00 00000000 00
[R] 00 00 00000000 00000000
[E] 01000084 00000000 0
[F] 01000088 00700193
[D] 01000088 13 03 00 07 0 00 00000007 07
[R] 00 07 00000000 00000000
[E] 01000088 00000007 0
[F] 0100008c 1ddf1063
[D] 0100008c 63 00 1e 1d 1 0e 000001c0 1d
[R] 1e 1d 00000000 00000000
[E] 0100008c 0100024c 0
[F] 01000090 00000097
[D] 01000090 17 01 00 00 0 00 00000000 00
[R] 00 00 00000000 00000000
[E] 01000090 01000090 0
[F] 01000094 1f708093
[D] 01000094 13 01 01 17 0 0f 000001f7 17
[R] 01 17 00000000 00000000
[E] 01000094 000001f7 0
[F] 01000098 fff0cf03
[D] 01000098 03 1e 01 1f 4 7f ffffffff 1f
[R] 01 1f 00000000 00000000
[E] 01000098 ffffffff 0
[F] 0100009c 0f000e93
[D] 0100009c 13 1d 00 10 0 07 000000f0 10
[R] 00 10 00000000 00000000
[E] 0100009c 000000f0 0
[F] 010000a0 00800193
[D] 010000a0 13 03 00 08 0 00 00000008 08
[R] 00 08 00000000 00000000
[E] 010000a0 00000008 0
[F] 010000a4 1bdf1463
[D] 010000a4 63 08 1e 1d 1 0d 000001a8 1d
[R] 1e 1d 00000000 00000000
[E] 010000a4 0100024c 0
[F] 010000a8 00000097
[D] 010000a8 17 01 00 00 0 00 00000000 00
[R] 00 00 00000000 00000000
[E] 010000a8 010000a8 0
[F] 010000ac 1df08093
[D] 010000ac 13 01 01 1f 0 0e 000001df 1f
[R] 01 1f 00000000 00000000
[E] 010000ac 000001df 0
[F] 010000b0 0000cf03
[D] 010000b0 03 1e 01 00 4 00 00000000 00
[R] 01 00 00000000 00000000
[E] 010000b0 00000000 0
[F] 010000b4 00f00e93
[D] 010000b4 13 1d 00 0f 0 00 0000000f 0f
[R] 00 0f 00000000 00000000
[E] 010000b4 0000000f 0
[F] 010000b8 00900193
[D] 010000b8 13 03 00 09 0 00 00000009 09
[R] 00 09 00000000 00000000
[E] 010000b8 00000009 0
[F] 010000bc 19df1863
[D] 010000bc 63 10 1e 1d 1 0c 00000190 1d
[R] 1e 1d 00000000 00000000
[E] 010000bc 0100024c 0
[F] 010000c0 00000097
[D] 010000c0 17 01 00 00 0 00 00000000 00
[R] 00 00 00000000 00000000
[E] 010000c0 010000c0 0
[F] 010000c4 1c408093
[D] 010000c4 13 01 01 04 0 0e 000001c4 04
[R] 01 04 00000000 00000000
[E] 010000c4 000001c4 0
[F] 010000c8 fe008093
[D] 010000c8 13 01 01 00 0 7f ffffffe0 00
[R] 01 00 00000000 00000000
[E] 010000c8 ffffffe0 0
[F] 010000cc 0200c283
[D] 010000cc 03 05 01 00 4 01 00000020 00
[R] 01 00 00000000 00000000
[E] 010000cc 00000020 0
[F] 010000d0 0ff00e93
[D] 010000d0 13 1d 00 1f 0 07 000000ff 1f
[R] 00 1f 00000000 00000000
[E] 010000d0 000000ff 0
[F] 010000d4 00a00193
[D] 010000d4 13 03 00 0a 0 00 0000000a 0a
[R] 00 0a 00000000 00000000
[E] 010000d4 0000000a 0
[F] 010000d8 17d29a63
[D] 010000d8 63 14 05 1d 1 0b 00000174 1d
[R] 05 1d 00000000 00000000
[E] 010000d8 0100024c 0
[F] 010000dc 00000097
[D] 010000dc 17 01 00 00 0 00 00000000 00
[R] 00 00 00000000 00000000
[E] 010000dc 010000dc 0
[F] 010000e0 1a808093
[D] 010000e0 13 01 01 08 0 0d 000001a8 08
[R] 01 08 00000000 00000000
[E] 010000e0 000001a8 0
[F] 010000e4 ffa08093
[D] 010000e4 13 01 01 1a 0 7f fffffffa 1a
[R] 01 1a 00000000 00000000
[E] 010000e4 fffffffa 0
[F] 010000e8 0070c283
[D] 010000e8 03 05 01 07 4 00 00000007 07
[R] 01 07 00000000 00000000
[E] 010000e8 00000007 0
[F] 010000ec 00000e93
[D] 010000ec 13 1d 00 00 0 00 00000000 00
[R] 00 00 00000000 00000000
[E] 010000ec 00000000 0
[F] 010000f0 00b00193
[D] 010000f0 13 03 00 0b 0 00 0000000b 0b
[R] 00 0b 00000000 00000000
[E] 010000f0 0000000b 0
[F] 010000f4 15d29c63
[D] 010000f4 63 18 05 1d 1 0a 00000158 1d
[R] 05 1d 00000000 00000000
[E] 010000f4 0100024c 0
[F] 010000f8 00c00193
[D] 010000f8 13 03 00 0c 0 00 0000000c 0c
[R] 00 0c 00000000 00000000
[E] 010000f8 0000000c 0
[F] 010000fc 00000213
[D] 010000fc 13 04 00 00 0 00 00000000 00
[R] 00 00 00000000 00000000
[E] 010000fc 00000000 0
[F] 01000100 00000097
[D] 01000100 17 01 00 00 0 00 00000000 00
[R] 00 00 00000000 00000000
[E] 01000100 01000100 0
[F] 01000104 18508093
[D] 01000104 13 01 01 05 0 0c 00000185 05
[R] 01 05 00000000 00000000
[E] 01000104 00000185 0
[F] 01000108 0010cf03
[D] 01000108 03 1e 01 01 4 00 00000001 01
[R] 01 01 00000000 00000000
[E] 01000108 00000001 0
[F] 0100010c 000f0313
[D] 0100010c 13 06 1e 00 0 00 00000000 00
[R] 1e 00 00000000 00000000
[E] 0100010c 00000000 0
[F] 01000110 0f000e93
[D] 01000110 13 1d 00 10 0 07 000000f0 10
[R] 00 10 00000000 00000000
[E] 01000110 000000f0 0
[F] 01000114 13d31c63
[D] 01000114 63 18 06 1d 1 09 00000138 1d
[R] 06 1d 00000000 00000000
[E] 01000114 0100024c 0
[F] 01000118 00120213
[D] 01000118 13 04 04 01 0 00 00000001 01
[R] 04 01 00000000 00000000
[E] 01000118 00000001 0
[F] 0100011c 00200293
[D] 0100011c 13 05 00 02 0 00 00000002 02
[R] 00 02 00000000 01100000
[E] 0100011c 00000002 0
[F] 01000120 fe5210e3
[D] 01000120 63 01 04 05 1 7f ffffffe0 05
[R] 04 05 00000000 00000000
[E] 01000120 01000100 0
[F] 01000124 00d00193
[D] 01000124 13 03 00 0d 0 00 0000000d 0d
[R] 00 0d 00000000 00000000
[E] 01000124 0000000d 0
[F] 01000128 00000213
[D] 01000128 13 04 00 00 0 00 00000000 00
[R] 00 00 00000000 00000000
[E] 01000128 00000000 0
[F] 0100012c 00000097
[D] 0100012c 17 01 00 00 0 00 00000000 00
[R] 00 00 00000000 00000000
[E] 0100012c 0100012c 0
[F] 01000130 15a08093
[D] 01000130 13 01 01 1a 0 0a 0000015a 1a
[R] 01 1a 00000000 00000000
[E] 01000130 0000015a 0
[F] 01000134 0010cf03
[D] 01000134 03 1e 01 01 4 00 00000001 01
[R] 01 01 00000000 00000000
[E] 01000134 00000001 0
[F] 01000138 00000013
[D] 01000138 13 00 00 00 0 00 00000000 00
[R] 00 00 00000000 00000000
[E] 01000138 00000000 0
[F] 0100013c 000f0313
[D] 0100013c 13 06 1e 00 0 00 00000000 00
[R] 1e 00 00000000 00000000
[E] 0100013c 00000000 0
[F] 01000140 00f00e93
[D] 01000140 13 1d 00 0f 0 00 0000000f 0f
[R] 00 0f 00000000 00000000
[E] 01000140 0000000f 0
[F] 01000144 11d31463
[D] 01000144 63 08 06 1d 1 08 00000108 1d
[R] 06 1d 00000000 00000000
[E] 01000144 0100024c 0
[F] 01000148 00120213
[D] 01000148 13 04 04 01 0 00 00000001 01
[R] 04 01 00000000 00000000
[E] 01000148 00000001 0
[F] 0100014c 00200293
[D] 0100014c 13 05 00 02 0 00 00000002 02
[R] 00 02 00000000 01100000
[E] 0100014c 00000002 0
[F] 01000150 fc521ee3
[D] 01000150 63 1d 04 05 1 7e ffffffdc 05
[R] 04 05 00000000 00000000
[E] 01000150 0100012c 0
[F] 01000154 00e00193
[D] 01000154 13 03 00 0e 0 00 0000000e 0e
[R] 00 0e 00000000 00000000
[E] 01000154 0000000e 0
[F] 01000158 00000213
[D] 01000158 13 04 00 00 0 00 00000000 00
[R] 00 00 00000000 00000000
[E] 01000158 00000000 0
[F] 0100015c 00000097
[D] 0100015c 17 01 00 00 0 00 00000000 00
[R] 00 00 00000000 00000000
[E] 0100015c 0100015c 0
[F] 01000160 12808093
[D] 01000160 13 01 01 08 0 09 00000128 08
[R] 01 08 00000000 00000000
[E] 01000160 00000128 0
[F] 01000164 0010cf03
[D] 01000164 03 1e 01 01 4 00 00000001 01
[R] 01 01 00000000 00000000
[E] 01000164 00000001 0
[F] 01000168 00000013
[D] 01000168 13 00 00 00 0 00 00000000 00
[R] 00 00 00000000 00000000
[E] 01000168 00000000 0
[F] 0100016c 00000013
[D] 0100016c 13 00 00 00 0 00 00000000 00
[R] 00 00 00000000 00000000
[E] 0100016c 00000000 0
[F] 01000170 000f0313
[D] 01000170 13 06 1e 00 0 00 00000000 00
[R] 1e 00 00000000 00000000
[E] 01000170 00000000 0
[F] 01000174 00000e93
[D] 01000174 13 1d 00 00 0 00 00000000 00
[R] 00 00 00000000 00000000
[E] 01000174 00000000 0
[F] 01000178 0dd31a63
[D] 01000178 63 14 06 1d 1 06 000000d4 1d
[R] 06 1d 00000000 00000000
[E] 01000178 0100024c 0
[F] 0100017c 00120213
[D] 0100017c 13 04 04 01 0 00 00000001 01
[R] 04 01 00000000 00000000
[E] 0100017c 00000001 0
[F] 01000180 00200293
[D] 01000180 13 05 00 02 0 00 00000002 02
[R] 00 02 00000000 01100000
[E] 01000180 00000002 0
[F] 01000184 fc521ce3
[D] 01000184 63 19 04 05 1 7e ffffffd8 05
[R] 04 05 00000000 00000000
[E] 01000184 0100015c 0
[F] 01000188 00f00193
[D] 01000188 13 03 00 0f 0 00 0000000f 0f
[R] 00 0f 00000000 00000000
[E] 01000188 0000000f 0
[F] 0100018c 00000213
[D] 0100018c 13 04 00 00 0 00 00000000 00
[R] 00 00 00000000 00000000
[E] 0100018c 00000000 0
[F] 01000190 00000097
[D] 01000190 17 01 00 00 0 00 00000000 00
[R] 00 00 00000000 00000000
[E] 01000190 01000190 0
[F] 01000194 0f508093
[D] 01000194 13 01 01 15 0 07 000000f5 15
[R] 01 15 00000000 00000000
[E] 01000194 000000f5 0
[F] 01000198 0010cf03
[D] 01000198 03 1e 01 01 4 00 00000001 01
[R] 01 01 00000000 00000000
[E] 01000198 00000001 0
[F] 0100019c 0f000e93
[D] 0100019c 13 1d 00 10 0 07 000000f0 10
[R] 00 10 00000000 00000000
[E] 0100019c 000000f0 0
[F] 010001a0 0bdf1663
[D] 010001a0 63 0c 1e 1d 1 05 000000ac 1d
[R] 1e 1d 00000000 00000000
[E] 010001a0 0100024c 0
[F] 010001a4 00120213
[D] 010001a4 13 04 04 01 0 00 00000001 01
[R] 04 01 00000000 00000000
[E] 010001a4 00000001 0
[F] 010001a8 00200293
[D] 010001a8 13 05 00 02 0 00 00000002 02
[R] 00 02 00000000 01100000
[E] 010001a8 00000002 0
[F] 010001ac fe5212e3
[D] 010001ac 63 05 04 05 1 7f ffffffe4 05
[R] 04 05 00000000 00000000
[E] 010001ac 01000190 0
[F] 010001b0 01000193
[D] 010001b0 13 03 00 10 0 00 00000010 10
[R] 00 10 00000000 00000000
[E] 010001b0 00000010 0
[F] 010001b4 00000213
[D] 010001b4 13 04 00 00 0 00 00000000 00
[R] 00 00 00000000 00000000
[E] 010001b4 00000000 0
[F] 010001b8 00000097
[D] 010001b8 17 01 00 00 0 00 00000000 00
[R] 00 00 00000000 00000000
[E] 010001b8 010001b8 0
[F] 010001bc 0ce08093
[D] 010001bc 13 01 01 0e 0 06 000000ce 0e
[R] 01 0e 00000000 00000000
[E] 010001bc 000000ce 0
[F] 010001c0 00000013
[D] 010001c0 13 00 00 00 0 00 00000000 00
[R] 00 00 00000000 00000000
[E] 010001c0 00000000 0
[F] 010001c4 0010cf03
[D] 010001c4 03 1e 01 01 4 00 00000001 01
[R] 01 01 00000000 00000000
[E] 010001c4 00000001 0
[F] 010001c8 00f00e93
[D] 010001c8 13 1d 00 0f 0 00 0000000f 0f
[R] 00 0f 00000000 00000000
[E] 010001c8 0000000f 0
[F] 010001cc 09df1063
[D] 010001cc 63 00 1e 1d 1 04 00000080 1d
[R] 1e 1d 00000000 00000000
[E] 010001cc 0100024c 0
[F] 010001d0 00120213
[D] 010001d0 13 04 04 01 0 00 00000001 01
[R] 04 01 00000000 00000000
[E] 010001d0 00000001 0
[F] 010001d4 00200293
[D] 010001d4 13 05 00 02 0 00 00000002 02
[R] 00 02 00000000 01100000
[E] 010001d4 00000002 0
[F] 010001d8 fe5210e3
[D] 010001d8 63 01 04 05 1 7f ffffffe0 05
[R] 04 05 00000000 00000000
[E] 010001d8 010001b8 0
[F] 010001dc 01100193
[D] 010001dc 13 03 00 11 0 00 00000011 11
[R] 00 11 00000000 00000000
[E] 010001dc 00000011 0
[F] 010001e0 00000213
[D] 010001e0 13 04 00 00 0 00 00000000 00
[R] 00 00 00000000 00000000
[E] 010001e0 00000000 0
[F] 010001e4 00000097
[D] 010001e4 17 01 00 00 0 00 00000000 00
[R] 00 00 00000000 00000000
[E] 010001e4 010001e4 0
[F] 010001e8 0a008093
[D] 010001e8 13 01 01 00 0 05 000000a0 00
[R] 01 00 00000000 00000000
[E] 010001e8 000000a0 0
[F] 010001ec 00000013
[D] 010001ec 13 00 00 00 0 00 00000000 00
[R] 00 00 00000000 00000000
[E] 010001ec 00000000 0
[F] 010001f0 00000013
[D] 010001f0 13 00 00 00 0 00 00000000 00
[R] 00 00 00000000 00000000
[E] 010001f0 00000000 0
[F] 010001f4 0010cf03
[D] 010001f4 03 1e 01 01 4 00 00000001 01
[R] 01 01 00000000 00000000
[E] 010001f4 00000001 0
[F] 010001f8 00000e93
[D] 010001f8 13 1d 00 00 0 00 00000000 00
[R] 00 00 00000000 00000000
[E] 010001f8 00000000 0
[F] 010001fc 05df1863
[D] 010001fc 63 10 1e 1d 1 02 00000050 1d
[R] 1e 1d 00000000 00000000
[E] 010001fc 0100024c 0
[F] 01000200 00120213
[D] 01000200 13 04 04 01 0 00 00000001 01
[R] 04 01 00000000 00000000
[E] 01000200 00000001 0
[F] 01000204 00200293
[D] 01000204 13 05 00 02 0 00 00000002 02
[R] 00 02 00000000 01100000
[E] 01000204 00000002 0
[F] 01000208 fc521ee3
[D] 01000208 63 1d 04 05 1 7e ffffffdc 05
[R] 04 05 00000000 00000000
[E] 01000208 010001e4 0
[F] 0100020c 00000297
[D] 0100020c 17 05 00 00 0 00 00000000 00
[R] 00 00 00000000 00000000
[E] 0100020c 0100020c 0
[F] 01000210 07828293
[D] 01000210 13 05 05 18 0 03 00000078 18
[R] 05 18 00000000 00000000
[E] 01000210 00000078 0
[F] 01000214 0002c103
[D] 01000214 03 02 05 00 4 00 00000000 00
[R] 05 00 00000000 00000000
[E] 01000214 00000000 0
[F] 01000218 00200113
[D] 01000218 13 02 00 02 0 00 00000002 02
[R] 00 02 00000000 00000000
[E] 01000218 00000002 0
[F] 0100021c 00200e93
[D] 0100021c 13 1d 00 02 0 00 00000002 02
[R] 00 02 00000000 00000000
[E] 0100021c 00000002 0
[F] 01000220 01200193
[D] 01000220 13 03 00 12 0 00 00000012 12
[R] 00 12 00000000 00000000
[E] 01000220 00000012 0
[F] 01000224 03d11463
[D] 01000224 63 08 02 1d 1 01 00000028 1d
[R] 02 1d 00000000 00000000
[E] 01000224 0100024c 0
[F] 01000228 00000297
[D] 01000228 17 05 00 00 0 00 00000000 00
[R] 00 00 00000000 00000000
[E] 01000228 01000228 0
[F] 0100022c 05c28293
[D] 0100022c 13 05 05 1c 0 02 0000005c 1c
[R] 05 1c 00000000 00000000
[E] 0100022c 0000005c 0
[F] 01000230 0002c103
[D] 01000230 03 02 05 00 4 00 00000000 00
[R] 05 00 00000000 00000000
[E] 01000230 00000000 0
[F] 01000234 00000013
[D] 01000234 13 00 00 00 0 00 00000000 00
[R] 00 00 00000000 00000000
[E] 01000234 00000000 0
[F] 01000238 00200113
[D] 01000238 13 02 00 02 0 00 00000002 02
[R] 00 02 00000000 00000000
[E] 01000238 00000002 0
[F] 0100023c 00200e93
[D] 0100023c 13 1d 00 02 0 00 00000002 02
[R] 00 02 00000000 00000000
[E] 0100023c 00000002 0
[F] 01000240 01300193
[D] 01000240 13 03 00 13 0 00 00000013 13
[R] 00 13 00000000 00000000
[E] 01000240 00000013 0
[F] 01000244 01d11463
[D] 01000244 63 08 02 1d 1 00 00000008 1d
[R] 02 1d 00000000 00000000
[E] 01000244 0100024c 0
[F] 01000248 00301c63
[D] 01000248 63 18 00 03 1 00 00000018 03
[R] 00 03 00000000 00000000
[E] 01000248 01000260 0
[F] 0100024c 0ff0000f
[D] 0100024c 0f 00 00 1f 0 07 00000000 1f
[R] 00 1f 00000000 00000000
[E] 0100024c 00000000 0
[F] 01000250 00018063
[D] 01000250 63 00 03 00 0 00 00000000 00
[R] 03 00 00000000 00000000
[E] 01000250 01000250 0
[F] 01000250 00018063
[D] 01000250 63 00 03 00 0 00 00000000 00
[R] 03 00 00000000 00000000
[E] 01000250 01000250 0
[F] 01000250 00018063
[D] 01000250 63 00 03 00 0 00 00000000 00
[R] 03 00 00000000 00000000
[E] 01000250 01000250 0
[F] 01000250 00018063
[D] 01000250 63 00 03 00 0 00 00000000 00
[R] 03 00 00000000 00000000
[E] 01000250 01000250 0
[F] 01000250 00018063
[D] 01000250 63 00 03 00 0 00 00000000 00
[R] 03 00 00000000 00000000
[E] 01000250 01000250 0
[F] 01000250 00018063
[D] 01000250 63 00 03 00 0 00 00000000 00
[R] 03 00 00000000 00000000
[E] 01000250 01000250 0
[F] 01000250 00018063
[D] 01000250 63 00 03 00 0 00 00000000 00
[R] 03 00 00000000 00000000
[E] 01000250 01000250 0
[F] 01000250 00018063
[D] 01000250 63 00 03 00 0 00 00000000 00
[R] 03 00 00000000 00000000
[E] 01000250 01000250 0
[F] 01000250 00018063
[D] 01000250 63 00 03 00 0 00 00000000 00
[R] 03 00 00000000 00000000
[E] 01000250 01000250 0
[F] 01000250 00018063
[D] 01000250 63 00 03 00 0 00 00000000 00
[R] 03 00 00000000 00000000
[E] 01000250 01000250 0
[F] 01000250 00018063
[D] 01000250 63 00 03 00 0 00 00000000 00
[R] 03 00 00000000 00000000
[E] 01000250 01000250 0
[F] 01000250 00018063
[D] 01000250 63 00 03 00 0 00 00000000 00
[R] 03 00 00000000 00000000
[E] 01000250 01000250 0
[F] 01000250 00018063
[D] 01000250 63 00 03 00 0 00 00000000 00
[R] 03 00 00000000 00000000
[E] 01000250 01000250 0
[F] 01000250 00018063
[D] 01000250 63 00 03 00 0 00 00000000 00
[R] 03 00 00000000 00000000
[E] 01000250 01000250 0
[F] 01000250 00018063
[D] 01000250 63 00 03 00 0 00 00000000 00
[R] 03 00 00000000 00000000
[E] 01000250 01000250 0
[F] 01000250 00018063
[D] 01000250 63 00 03 00 0 00 00000000 00
[R] 03 00 00000000 00000000
[E] 01000250 01000250 0
[F] 01000250 00018063
[D] 01000250 63 00 03 00 0 00 00000000 00
[R] 03 00 00000000 00000000
[E] 01000250 01000250 0
[F] 01000250 00018063
[D] 01000250 63 00 03 00 0 00 00000000 00
[R] 03 00 00000000 00000000
[E] 01000250 01000250 0
[F] 01000250 00018063
[D] 01000250 63 00 03 00 0 00 00000000 00
[R] 03 00 00000000 00000000
[E] 01000250 01000250 0
[F] 01000250 00018063
[D] 01000250 63 00 03 00 0 00 00000000 00
[R] 03 00 00000000 00000000
[E] 01000250 01000250 0
[F] 01000250 00018063
[D] 01000250 63 00 03 00 0 00 00000000 00
[R] 03 00 00000000 00000000
[E] 01000250 01000250 0
[F] 01000250 00018063
[D] 01000250 63 00 03 00 0 00 00000000 00
[R] 03 00 00000000 00000000
[E] 01000250 01000250 0
[F] 01000250 00018063
[D] 01000250 63 00 03 00 0 00 00000000 00
[R] 03 00 00000000 00000000
[E] 01000250 01000250 0
[F] 01000250 00018063
[D] 01000250 63 00 03 00 0 00 00000000 00
[R] 03 00 00000000 00000000
[E] 01000250 01000250 0
[F] 01000250 00018063
[D] 01000250 63 00 03 00 0 00 00000000 00
[R] 03 00 00000000 00000000
[E] 01000250 01000250 0
[F] 01000250 00018063
[D] 01000250 63 00 03 00 0 00 00000000 00
[R] 03 00 00000000 00000000
[E] 01000250 01000250 0
[F] 01000250 00018063
[D] 01000250 63 00 03 00 0 00 00000000 00
[R] 03 00 00000000 00000000
[E] 01000250 01000250 0
[F] 01000250 00018063
[D] 01000250 63 00 03 00 0 00 00000000 00
[R] 03 00 00000000 00000000
[E] 01000250 01000250 0
[F] 01000250 00018063
[D] 01000250 63 00 03 00 0 00 00000000 00
[R] 03 00 00000000 00000000
[E] 01000250 01000250 0
[F] 01000250 00018063
[D] 01000250 63 00 03 00 0 00 00000000 00
[R] 03 00 00000000 00000000
[E] 01000250 01000250 0
[F] 01000250 00018063
[D] 01000250 63 00 03 00 0 00 00000000 00
[R] 03 00 00000000 00000000
[E] 01000250 01000250 0
[F] 01000250 00018063
[D] 01000250 63 00 03 00 0 00 00000000 00
[R] 03 00 00000000 00000000
[E] 01000250 01000250 0
[F] 01000250 00018063
[D] 01000250 63 00 03 00 0 00 00000000 00
[R] 03 00 00000000 00000000
[E] 01000250 01000250 0
[F] 01000250 00018063
[D] 01000250 63 00 03 00 0 00 00000000 00
[R] 03 00 00000000 00000000
[E] 01000250 01000250 0
[F] 01000250 00018063
[D] 01000250 63 00 03 00 0 00 00000000 00
[R] 03 00 00000000 00000000
[E] 01000250 01000250 0
[F] 01000250 00018063
[D] 01000250 63 00 03 00 0 00 00000000 00
[R] 03 00 00000000 00000000
[E] 01000250 01000250 0
[F] 01000250 00018063
[D] 01000250 63 00 03 00 0 00 00000000 00
[R] 03 00 00000000 00000000
[E] 01000250 01000250 0
[F] 01000250 00018063
[D] 01000250 63 00 03 00 0 00 00000000 00
[R] 03 00 00000000 00000000
[E] 01000250 01000250 0
[F] 01000250 00018063
[D] 01000250 63 00 03 00 0 00 00000000 00
[R] 03 00 00000000 00000000
[E] 01000250 01000250 0
[F] 01000250 00018063
[D] 01000250 63 00 03 00 0 00 00000000 00
[R] 03 00 00000000 00000000
[E] 01000250 01000250 0
[F] 01000250 00018063
[D] 01000250 63 00 03 00 0 00 00000000 00
[R] 03 00 00000000 00000000
[E] 01000250 01000250 0
[F] 01000250 00018063
[D] 01000250 63 00 03 00 0 00 00000000 00
[R] 03 00 00000000 00000000
[E] 01000250 01000250 0
[F] 01000250 00018063
[D] 01000250 63 00 03 00 0 00 00000000 00
[R] 03 00 00000000 00000000
[E] 01000250 01000250 0
[F] 01000250 00018063
[D] 01000250 63 00 03 00 0 00 00000000 00
[R] 03 00 00000000 00000000
[E] 01000250 01000250 0
[F] 01000250 00018063
[D] 01000250 63 00 03 00 0 00 00000000 00
[R] 03 00 00000000 00000000
[E] 01000250 01000250 0
[F] 01000250 00018063
[D] 01000250 63 00 03 00 0 00 00000000 00
[R] 03 00 00000000 00000000
[E] 01000250 01000250 0
[F] 01000250 00018063
[D] 01000250 63 00 03 00 0 00 00000000 00
[R] 03 00 00000000 00000000
[E] 01000250 01000250 0
[F] 01000250 00018063
[D] 01000250 63 00 03 00 0 00 00000000 00
[R] 03 00 00000000 00000000
[E] 01000250 01000250 0
[F] 01000250 00018063
[D] 01000250 63 00 03 00 0 00 00000000 00
[R] 03 00 00000000 00000000
[E] 01000250 01000250 0
[F] 01000250 00018063
[D] 01000250 63 00 03 00 0 00 00000000 00
[R] 03 00 00000000 00000000
[E] 01000250 01000250 0
[F] 01000250 00018063
[D] 01000250 63 00 03 00 0 00 00000000 00
[R] 03 00 00000000 00000000
[E] 01000250 01000250 0
[F] 01000250 00018063
[D] 01000250 63 00 03 00 0 00 00000000 00
[R] 03 00 00000000 00000000
[E] 01000250 01000250 0
[F] 01000250 00018063
[D] 01000250 63 00 03 00 0 00 00000000 00
[R] 03 00 00000000 00000000
[E] 01000250 01000250 0
[F] 01000250 00018063
[D] 01000250 63 00 03 00 0 00 00000000 00
[R] 03 00 00000000 00000000
[E] 01000250 01000250 0
[F] 01000250 00018063
[D] 01000250 63 00 03 00 0 00 00000000 00
[R] 03 00 00000000 00000000
[E] 01000250 01000250 0
[F] 01000250 00018063
[D] 01000250 63 00 03 00 0 00 00000000 00
[R] 03 00 00000000 00000000
[E] 01000250 01000250 0
[F] 01000250 00018063
[D] 01000250 63 00 03 00 0 00 00000000 00
[R] 03 00 00000000 00000000
[E] 01000250 01000250 0
[F] 01000250 00018063
[D] 01000250 63 00 03 00 0 00 00000000 00
[R] 03 00 00000000 00000000
[E] 01000250 01000250 0
[F] 01000250 00018063
[D] 01000250 63 00 03 00 0 00 00000000 00
[R] 03 00 00000000 00000000
[E] 01000250 01000250 0
[F] 01000250 00018063
[D] 01000250 63 00 03 00 0 00 00000000 00
[R] 03 00 00000000 00000000
[E] 01000250 01000250 0
[F] 01000250 00018063
[D] 01000250 63 00 03 00 0 00 00000000 00
[R] 03 00 00000000 00000000
[E] 01000250 01000250 0
[F] 01000250 00018063
[D] 01000250 63 00 03 00 0 00 00000000 00
[R] 03 00 00000000 00000000
[E] 01000250 01000250 0
[F] 01000250 00018063
[D] 01000250 63 00 03 00 0 00 00000000 00
[R] 03 00 00000000 00000000
[E] 01000250 01000250 0
[F] 01000250 00018063
[D] 01000250 63 00 03 00 0 00 00000000 00
[R] 03 00 00000000 00000000
[E] 01000250 01000250 0
[F] 01000250 00018063
[D] 01000250 63 00 03 00 0 00 00000000 00
[R] 03 00 00000000 00000000
[E] 01000250 01000250 0
[F] 01000250 00018063
[D] 01000250 63 00 03 00 0 00 00000000 00
[R] 03 00 00000000 00000000
[E] 01000250 01000250 0
[F] 01000250 00018063
[D] 01000250 63 00 03 00 0 00 00000000 00
[R] 03 00 00000000 00000000
[E] 01000250 01000250 0
[F] 01000250 00018063
[D] 01000250 63 00 03 00 0 00 00000000 00
[R] 03 00 00000000 00000000
[E] 01000250 01000250 0
[F] 01000250 00018063
[D] 01000250 63 00 03 00 0 00 00000000 00
[R] 03 00 00000000 00000000
[E] 01000250 01000250 0
[F] 01000250 00018063
[D] 01000250 63 00 03 00 0 00 00000000 00
[R] 03 00 00000000 00000000
[E] 01000250 01000250 0
[F] 01000250 00018063
[D] 01000250 63 00 03 00 0 00 00000000 00
[R] 03 00 00000000 00000000
[E] 01000250 01000250 0
[F] 01000250 00018063
[D] 01000250 63 00 03 00 0 00 00000000 00
[R] 03 00 00000000 00000000
[E] 01000250 01000250 0
[F] 01000250 00018063
[D] 01000250 63 00 03 00 0 00 00000000 00
[R] 03 00 00000000 00000000
[E] 01000250 01000250 0
[F] 01000250 00018063
[D] 01000250 63 00 03 00 0 00 00000000 00
[R] 03 00 00000000 00000000
[E] 01000250 01000250 0
[F] 01000250 00018063
[D] 01000250 63 00 03 00 0 00 00000000 00
[R] 03 00 00000000 00000000
[E] 01000250 01000250 0
[F] 01000250 00018063
[D] 01000250 63 00 03 00 0 00 00000000 00
[R] 03 00 00000000 00000000
[E] 01000250 01000250 0
[F] 01000250 00018063
[D] 01000250 63 00 03 00 0 00 00000000 00
[R] 03 00 00000000 00000000
[E] 01000250 01000250 0
[F] 01000250 00018063
[D] 01000250 63 00 03 00 0 00 00000000 00
[R] 03 00 00000000 00000000
[E] 01000250 01000250 0
[F] 01000250 00018063
[D] 01000250 63 00 03 00 0 00 00000000 00
[R] 03 00 00000000 00000000
[E] 01000250 01000250 0
[F] 01000250 00018063
[D] 01000250 63 00 03 00 0 00 00000000 00
[R] 03 00 00000000 00000000
[E] 01000250 01000250 0
[F] 01000250 00018063
[D] 01000250 63 00 03 00 0 00 00000000 00
[R] 03 00 00000000 00000000
[E] 01000250 01000250 0
[F] 01000250 00018063
[D] 01000250 63 00 03 00 0 00 00000000 00
[R] 03 00 00000000 00000000
[E] 01000250 01000250 0
[F] 01000250 00018063
[D] 01000250 63 00 03 00 0 00 00000000 00
[R] 03 00 00000000 00000000
[E] 01000250 01000250 0
[F] 01000250 00018063
[D] 01000250 63 00 03 00 0 00 00000000 00
[R] 03 00 00000000 00000000
[E] 01000250 01000250 0
[F] 01000250 00018063
[D] 01000250 63 00 03 00 0 00 00000000 00
[R] 03 00 00000000 00000000
[E] 01000250 01000250 0
[F] 01000250 00018063
[D] 01000250 63 00 03 00 0 00 00000000 00
[R] 03 00 00000000 00000000
[E] 01000250 01000250 0
[F] 01000250 00018063
[D] 01000250 63 00 03 00 0 00 00000000 00
[R] 03 00 00000000 00000000
[E] 01000250 01000250 0
[F] 01000250 00018063
[D] 01000250 63 00 03 00 0 00 00000000 00
[R] 03 00 00000000 00000000
[E] 01000250 01000250 0
[F] 01000250 00018063
[D] 01000250 63 00 03 00 0 00 00000000 00
[R] 03 00 00000000 00000000
[E] 01000250 01000250 0
[F] 01000250 00018063
[D] 01000250 63 00 03 00 0 00 00000000 00
[R] 03 00 00000000 00000000
[E] 01000250 01000250 0
[F] 01000250 00018063
[D] 01000250 63 00 03 00 0 00 00000000 00
[R] 03 00 00000000 00000000
[E] 01000250 01000250 0
[F] 01000250 00018063
[D] 01000250 63 00 03 00 0 00 00000000 00
[R] 03 00 00000000 00000000
[E] 01000250 01000250 0
[F] 01000250 00018063
[D] 01000250 63 00 03 00 0 00 00000000 00
[R] 03 00 00000000 00000000
[E] 01000250 01000250 0
[F] 01000250 00018063
[D] 01000250 63 00 03 00 0 00 00000000 00
[R] 03 00 00000000 00000000
[E] 01000250 01000250 0
[F] 01000250 00018063
[D] 01000250 63 00 03 00 0 00 00000000 00
[R] 03 00 00000000 00000000
[E] 01000250 01000250 0
[F] 01000250 00018063
[D] 01000250 63 00 03 00 0 00 00000000 00
[R] 03 00 00000000 00000000
[E] 01000250 01000250 0
[F] 01000250 00018063
[D] 01000250 63 00 03 00 0 00 00000000 00
[R] 03 00 00000000 00000000
[E] 01000250 01000250 0
[F] 01000250 00018063
[D] 01000250 63 00 03 00 0 00 00000000 00
[R] 03 00 00000000 00000000
[E] 01000250 01000250 0
[F] 01000250 00018063
[D] 01000250 63 00 03 00 0 00 00000000 00
[R] 03 00 00000000 00000000
[E] 01000250 01000250 0
[F] 01000250 00018063
[D] 01000250 63 00 03 00 0 00 00000000 00
[R] 03 00 00000000 00000000
[E] 01000250 01000250 0
[F] 01000250 00018063
[D] 01000250 63 00 03 00 0 00 00000000 00
[R] 03 00 00000000 00000000
[E] 01000250 01000250 0
[F] 01000250 00018063
[D] 01000250 63 00 03 00 0 00 00000000 00
[R] 03 00 00000000 00000000
[E] 01000250 01000250 0
[F] 01000250 00018063
[D] 01000250 63 00 03 00 0 00 00000000 00
[R] 03 00 00000000 00000000
[E] 01000250 01000250 0
[F] 01000250 00018063
[D] 01000250 63 00 03 00 0 00 00000000 00
[R] 03 00 00000000 00000000
[E] 01000250 01000250 0
[F] 01000250 00018063
[D] 01000250 63 00 03 00 0 00 00000000 00
[R] 03 00 00000000 00000000
[E] 01000250 01000250 0
[F] 01000250 00018063
[D] 01000250 63 00 03 00 0 00 00000000 00
[R] 03 00 00000000 00000000
[E] 01000250 01000250 0
[F] 01000250 00018063
[D] 01000250 63 00 03 00 0 00 00000000 00
[R] 03 00 00000000 00000000
[E] 01000250 01000250 0
[F] 01000250 00018063
[D] 01000250 63 00 03 00 0 00 00000000 00
[R] 03 00 00000000 00000000
[E] 01000250 01000250 0
[F] 01000250 00018063
[D] 01000250 63 00 03 00 0 00 00000000 00
[R] 03 00 00000000 00000000
[E] 01000250 01000250 0
[F] 01000250 00018063
[D] 01000250 63 00 03 00 0 00 00000000 00
[R] 03 00 00000000 00000000
[E] 01000250 01000250 0
[F] 01000250 00018063
[D] 01000250 63 00 03 00 0 00 00000000 00
[R] 03 00 00000000 00000000
[E] 01000250 01000250 0
[F] 01000250 00018063
[D] 01000250 63 00 03 00 0 00 00000000 00
[R] 03 00 00000000 00000000
[E] 01000250 01000250 0
[F] 01000250 00018063
[D] 01000250 63 00 03 00 0 00 00000000 00
[R] 03 00 00000000 00000000
[E] 01000250 01000250 0
[F] 01000250 00018063
[D] 01000250 63 00 03 00 0 00 00000000 00
[R] 03 00 00000000 00000000
[E] 01000250 01000250 0
[F] 01000250 00018063
[D] 01000250 63 00 03 00 0 00 00000000 00
[R] 03 00 00000000 00000000
[E] 01000250 01000250 0
[F] 01000250 00018063
[D] 01000250 63 00 03 00 0 00 00000000 00
[R] 03 00 00000000 00000000
[E] 01000250 01000250 0
[F] 01000250 00018063
[D] 01000250 63 00 03 00 0 00 00000000 00
[R] 03 00 00000000 00000000
[E] 01000250 01000250 0
[F] 01000250 00018063
[D] 01000250 63 00 03 00 0 00 00000000 00
[R] 03 00 00000000 00000000
[E] 01000250 01000250 0
[F] 01000250 00018063
[D] 01000250 63 00 03 00 0 00 00000000 00
[R] 03 00 00000000 00000000
[E] 01000250 01000250 0
[F] 01000250 00018063
[D] 01000250 63 00 03 00 0 00 00000000 00
[R] 03 00 00000000 00000000
[E] 01000250 01000250 0
[F] 01000250 00018063
[D] 01000250 63 00 03 00 0 00 00000000 00
[R] 03 00 00000000 00000000
[E] 01000250 01000250 0
[F] 01000250 00018063
[D] 01000250 63 00 03 00 0 00 00000000 00
[R] 03 00 00000000 00000000
[E] 01000250 01000250 0
[F] 01000250 00018063
[D] 01000250 63 00 03 00 0 00 00000000 00
[R] 03 00 00000000 00000000
[E] 01000250 01000250 0
[F] 01000250 00018063
[D] 01000250 63 00 03 00 0 00 00000000 00
[R] 03 00 00000000 00000000
[E] 01000250 01000250 0
[F] 01000250 00018063
[D] 01000250 63 00 03 00 0 00 00000000 00
[R] 03 00 00000000 00000000
[E] 01000250 01000250 0
[F] 01000250 00018063
[D] 01000250 63 00 03 00 0 00 00000000 00
[R] 03 00 00000000 00000000
[E] 01000250 01000250 0
[F] 01000250 00018063
[D] 01000250 63 00 03 00 0 00 00000000 00
[R] 03 00 00000000 00000000
[E] 01000250 01000250 0
[F] 01000250 00018063
[D] 01000250 63 00 03 00 0 00 00000000 00
[R] 03 00 00000000 00000000
[E] 01000250 01000250 0
[F] 01000250 00018063
[D] 01000250 63 00 03 00 0 00 00000000 00
[R] 03 00 00000000 00000000
[E] 01000250 01000250 0
[F] 01000250 00018063
[D] 01000250 63 00 03 00 0 00 00000000 00
[R] 03 00 00000000 00000000
[E] 01000250 01000250 0
[F] 01000250 00018063
[D] 01000250 63 00 03 00 0 00 00000000 00
[R] 03 00 00000000 00000000
[E] 01000250 01000250 0
[F] 01000250 00018063
[D] 01000250 63 00 03 00 0 00 00000000 00
[R] 03 00 00000000 00000000
[E] 01000250 01000250 0
[F] 01000250 00018063
[D] 01000250 63 00 03 00 0 00 00000000 00
[R] 03 00 00000000 00000000
[E] 01000250 01000250 0
[F] 01000250 00018063
[D] 01000250 63 00 03 00 0 00 00000000 00
[R] 03 00 00000000 00000000
[E] 01000250 01000250 0
[F] 01000250 00018063
[D] 01000250 63 00 03 00 0 00 00000000 00
[R] 03 00 00000000 00000000
[E] 01000250 01000250 0
[F] 01000250 00018063
[D] 01000250 63 00 03 00 0 00 00000000 00
[R] 03 00 00000000 00000000
[E] 01000250 01000250 0
[F] 01000250 00018063
[D] 01000250 63 00 03 00 0 00 00000000 00
[R] 03 00 00000000 00000000
[E] 01000250 01000250 0
[F] 01000250 00018063
[D] 01000250 63 00 03 00 0 00 00000000 00
[R] 03 00 00000000 00000000
[E] 01000250 01000250 0
[F] 01000250 00018063
[D] 01000250 63 00 03 00 0 00 00000000 00
[R] 03 00 00000000 00000000
[E] 01000250 01000250 0
[F] 01000250 00018063
[D] 01000250 63 00 03 00 0 00 00000000 00
[R] 03 00 00000000 00000000
[E] 01000250 01000250 0
[F] 01000250 00018063
[D] 01000250 63 00 03 00 0 00 00000000 00
[R] 03 00 00000000 00000000
[E] 01000250 01000250 0
[F] 01000250 00018063
[D] 01000250 63 00 03 00 0 00 00000000 00
[R] 03 00 00000000 00000000
[E] 01000250 01000250 0
[F] 01000250 00018063
[D] 01000250 63 00 03 00 0 00 00000000 00
[R] 03 00 00000000 00000000
[E] 01000250 01000250 0
[F] 01000250 00018063
[D] 01000250 63 00 03 00 0 00 00000000 00
[R] 03 00 00000000 00000000
[E] 01000250 01000250 0
[F] 01000250 00018063
[D] 01000250 63 00 03 00 0 00 00000000 00
[R] 03 00 00000000 00000000
[E] 01000250 01000250 0
[F] 01000250 00018063
[D] 01000250 63 00 03 00 0 00 00000000 00
[R] 03 00 00000000 00000000
[E] 01000250 01000250 0
[F] 01000250 00018063
[D] 01000250 63 00 03 00 0 00 00000000 00
[R] 03 00 00000000 00000000
[E] 01000250 01000250 0
[F] 01000250 00018063
[D] 01000250 63 00 03 00 0 00 00000000 00
[R] 03 00 00000000 00000000
[E] 01000250 01000250 0
[F] 01000250 00018063
[D] 01000250 63 00 03 00 0 00 00000000 00
[R] 03 00 00000000 00000000
[E] 01000250 01000250 0
[F] 01000250 00018063
[D] 01000250 63 00 03 00 0 00 00000000 00
[R] 03 00 00000000 00000000
[E] 01000250 01000250 0
[F] 01000250 00018063
[D] 01000250 63 00 03 00 0 00 00000000 00
[R] 03 00 00000000 00000000
[E] 01000250 01000250 0
[F] 01000250 00018063
[D] 01000250 63 00 03 00 0 00 00000000 00
[R] 03 00 00000000 00000000
[E] 01000250 01000250 0
[F] 01000250 00018063
[D] 01000250 63 00 03 00 0 00 00000000 00
[R] 03 00 00000000 00000000
[E] 01000250 01000250 0
[F] 01000250 00018063
[D] 01000250 63 00 03 00 0 00 00000000 00
[R] 03 00 00000000 00000000
[E] 01000250 01000250 0
[F] 01000250 00018063
[D] 01000250 63 00 03 00 0 00 00000000 00
[R] 03 00 00000000 00000000
[E] 01000250 01000250 0
[F] 01000250 00018063
[D] 01000250 63 00 03 00 0 00 00000000 00
[R] 03 00 00000000 00000000
[E] 01000250 01000250 0
[F] 01000250 00018063
[D] 01000250 63 00 03 00 0 00 00000000 00
[R] 03 00 00000000 00000000
[E] 01000250 01000250 0
[F] 01000250 00018063
[D] 01000250 63 00 03 00 0 00 00000000 00
[R] 03 00 00000000 00000000
[E] 01000250 01000250 0
[F] 01000250 00018063
[D] 01000250 63 00 03 00 0 00 00000000 00
[R] 03 00 00000000 00000000
[E] 01000250 01000250 0
[F] 01000250 00018063
[D] 01000250 63 00 03 00 0 00 00000000 00
[R] 03 00 00000000 00000000
[E] 01000250 01000250 0
[F] 01000250 00018063
[D] 01000250 63 00 03 00 0 00 00000000 00
[R] 03 00 00000000 00000000
[E] 01000250 01000250 0
[F] 01000250 00018063
[D] 01000250 63 00 03 00 0 00 00000000 00
[R] 03 00 00000000 00000000
[E] 01000250 01000250 0
[F] 01000250 00018063
[D] 01000250 63 00 03 00 0 00 00000000 00
[R] 03 00 00000000 00000000
[E] 01000250 01000250 0
[F] 01000250 00018063
[D] 01000250 63 00 03 00 0 00 00000000 00
[R] 03 00 00000000 00000000
[E] 01000250 01000250 0
[F] 01000250 00018063
[D] 01000250 63 00 03 00 0 00 00000000 00
[R] 03 00 00000000 00000000
[E] 01000250 01000250 0
[F] 01000250 00018063
[D] 01000250 63 00 03 00 0 00 00000000 00
[R] 03 00 00000000 00000000
[E] 01000250 01000250 0
[F] 01000250 00018063
[D] 01000250 63 00 03 00 0 00 00000000 00
[R] 03 00 00000000 00000000
[E] 01000250 01000250 0
[F] 01000250 00018063
[D] 01000250 63 00 03 00 0 00 00000000 00
[R] 03 00 00000000 00000000
[E] 01000250 01000250 0
[F] 01000250 00018063
[D] 01000250 63 00 03 00 0 00 00000000 00
[R] 03 00 00000000 00000000
[E] 01000250 01000250 0
[F] 01000250 00018063
[D] 01000250 63 00 03 00 0 00 00000000 00
[R] 03 00 00000000 00000000
[E] 01000250 01000250 0
[F] 01000250 00018063
[D] 01000250 63 00 03 00 0 00 00000000 00
[R] 03 00 00000000 00000000
[E] 01000250 01000250 0
[F] 01000250 00018063
[D] 01000250 63 00 03 00 0 00 00000000 00
[R] 03 00 00000000 00000000
[E] 01000250 01000250 0
[F] 01000250 00018063
[D] 01000250 63 00 03 00 0 00 00000000 00
[R] 03 00 00000000 00000000
[E] 01000250 01000250 0
[F] 01000250 00018063
[D] 01000250 63 00 03 00 0 00 00000000 00
[R] 03 00 00000000 00000000
[E] 01000250 01000250 0
[F] 01000250 00018063
[D] 01000250 63 00 03 00 0 00 00000000 00
[R] 03 00 00000000 00000000
[E] 01000250 01000250 0
[F] 01000250 00018063
[D] 01000250 63 00 03 00 0 00 00000000 00
[R] 03 00 00000000 00000000
[E] 01000250 01000250 0
[F] 01000250 00018063
[D] 01000250 63 00 03 00 0 00 00000000 00
[R] 03 00 00000000 00000000
[E] 01000250 01000250 0
[F] 01000250 00018063
[D] 01000250 63 00 03 00 0 00 00000000 00
[R] 03 00 00000000 00000000
[E] 01000250 01000250 0
[F] 01000250 00018063
[D] 01000250 63 00 03 00 0 00 00000000 00
[R] 03 00 00000000 00000000
[E] 01000250 01000250 0
[F] 01000250 00018063
[D] 01000250 63 00 03 00 0 00 00000000 00
[R] 03 00 00000000 00000000
[E] 01000250 01000250 0
[F] 01000250 00018063
[D] 01000250 63 00 03 00 0 00 00000000 00
[R] 03 00 00000000 00000000
[E] 01000250 01000250 0
[F] 01000250 00018063
[D] 01000250 63 00 03 00 0 00 00000000 00
[R] 03 00 00000000 00000000
[E] 01000250 01000250 0
[F] 01000250 00018063
[D] 01000250 63 00 03 00 0 00 00000000 00
[R] 03 00 00000000 00000000
[E] 01000250 01000250 0
[F] 01000250 00018063
[D] 01000250 63 00 03 00 0 00 00000000 00
[R] 03 00 00000000 00000000
[E] 01000250 01000250 0
[F] 01000250 00018063
[D] 01000250 63 00 03 00 0 00 00000000 00
[R] 03 00 00000000 00000000
[E] 01000250 01000250 0
[F] 01000250 00018063
[D] 01000250 63 00 03 00 0 00 00000000 00
[R] 03 00 00000000 00000000
[E] 01000250 01000250 0
[F] 01000250 00018063
[D] 01000250 63 00 03 00 0 00 00000000 00
[R] 03 00 00000000 00000000
[E] 01000250 01000250 0
[F] 01000250 00018063
[D] 01000250 63 00 03 00 0 00 00000000 00
[R] 03 00 00000000 00000000
[E] 01000250 01000250 0
[F] 01000250 00018063
[D] 01000250 63 00 03 00 0 00 00000000 00
[R] 03 00 00000000 00000000
[E] 01000250 01000250 0
[F] 01000250 00018063
[D] 01000250 63 00 03 00 0 00 00000000 00
[R] 03 00 00000000 00000000
[E] 01000250 01000250 0
[F] 01000250 00018063
[D] 01000250 63 00 03 00 0 00 00000000 00
[R] 03 00 00000000 00000000
[E] 01000250 01000250 0
[F] 01000250 00018063
[D] 01000250 63 00 03 00 0 00 00000000 00
[R] 03 00 00000000 00000000
[E] 01000250 01000250 0
[F] 01000250 00018063
[D] 01000250 63 00 03 00 0 00 00000000 00
[R] 03 00 00000000 00000000
[E] 01000250 01000250 0
[F] 01000250 00018063
[D] 01000250 63 00 03 00 0 00 00000000 00
[R] 03 00 00000000 00000000
[E] 01000250 01000250 0
[F] 01000250 00018063
[D] 01000250 63 00 03 00 0 00 00000000 00
[R] 03 00 00000000 00000000
[E] 01000250 01000250 0
[F] 01000250 00018063
[D] 01000250 63 00 03 00 0 00 00000000 00
[R] 03 00 00000000 00000000
[E] 01000250 01000250 0
[F] 01000250 00018063
[D] 01000250 63 00 03 00 0 00 00000000 00
[R] 03 00 00000000 00000000
[E] 01000250 01000250 0
[F] 01000250 00018063
[D] 01000250 63 00 03 00 0 00 00000000 00
[R] 03 00 00000000 00000000
[E] 01000250 01000250 0
[F] 01000250 00018063
[D] 01000250 63 00 03 00 0 00 00000000 00
[R] 03 00 00000000 00000000
[E] 01000250 01000250 0
[F] 01000250 00018063
[D] 01000250 63 00 03 00 0 00 00000000 00
[R] 03 00 00000000 00000000
[E] 01000250 01000250 0
[F] 01000250 00018063
[D] 01000250 63 00 03 00 0 00 00000000 00
[R] 03 00 00000000 00000000
[E] 01000250 01000250 0
[F] 01000250 00018063
[D] 01000250 63 00 03 00 0 00 00000000 00
[R] 03 00 00000000 00000000
[E] 01000250 01000250 0
[F] 01000250 00018063
[D] 01000250 63 00 03 00 0 00 00000000 00
[R] 03 00 00000000 00000000
[E] 01000250 01000250 0
[F] 01000250 00018063
[D] 01000250 63 00 03 00 0 00 00000000 00
[R] 03 00 00000000 00000000
[E] 01000250 01000250 0
[F] 01000250 00018063
[D] 01000250 63 00 03 00 0 00 00000000 00
[R] 03 00 00000000 00000000
[E] 01000250 01000250 0
[F] 01000250 00018063
[D] 01000250 63 00 03 00 0 00 00000000 00
[R] 03 00 00000000 00000000
[E] 01000250 01000250 0
[F] 01000250 00018063
[D] 01000250 63 00 03 00 0 00 00000000 00
[R] 03 00 00000000 00000000
[E] 01000250 01000250 0
[F] 01000250 00018063
[D] 01000250 63 00 03 00 0 00 00000000 00
[R] 03 00 00000000 00000000
[E] 01000250 01000250 0
[F] 01000250 00018063
[D] 01000250 63 00 03 00 0 00 00000000 00
[R] 03 00 00000000 00000000
[E] 01000250 01000250 0
[F] 01000250 00018063
[D] 01000250 63 00 03 00 0 00 00000000 00
[R] 03 00 00000000 00000000
[E] 01000250 01000250 0
[F] 01000250 00018063
[D] 01000250 63 00 03 00 0 00 00000000 00
[R] 03 00 00000000 00000000
[E] 01000250 01000250 0
[F] 01000250 00018063
[D] 01000250 63 00 03 00 0 00 00000000 00
[R] 03 00 00000000 00000000
[E] 01000250 01000250 0
[F] 01000250 00018063
[D] 01000250 63 00 03 00 0 00 00000000 00
[R] 03 00 00000000 00000000
[E] 01000250 01000250 0
[F] 01000250 00018063
[D] 01000250 63 00 03 00 0 00 00000000 00
[R] 03 00 00000000 00000000
[E] 01000250 01000250 0
[F] 01000250 00018063
[D] 01000250 63 00 03 00 0 00 00000000 00
