[F] 01000000 00002517
[D] 01000000 17 0a 00 00 2 00 00002000 00
[R] 00 00 00000000 00000000
[E] 01000000 01002000 0
[F] 01000004 71c50513
[D] 01000004 13 0a 0a 1c 0 38 0000071c 1c
[R] 0a 1c 00000000 00000000
[E] 01000004 0000071c 0
[F] 01000008 004005ef
[D] 01000008 6f 0b 00 04 0 00 00000004 04
[R] 00 04 00000000 00000000
[E] 01000008 0100000c 0
[F] 0100000c 40b50533
[D] 0100000c 33 0a 0a 0b 0 20 00000000 0b
[R] 0a 0b 00000000 00000000
[E] 0100000c 00000000 0
[F] 01000010 00002eb7
[D] 01000010 37 1d 00 00 2 00 00002000 00
[R] 00 00 00000000 00000000
[E] 01000010 00002000 0
[F] 01000014 710e8e93
[D] 01000014 13 1d 1d 10 0 38 00000710 10
[R] 1d 10 00000000 00000000
[E] 01000014 00000710 0
[F] 01000018 00200193
[D] 01000018 13 03 00 02 0 00 00000002 02
[R] 00 02 00000000 01100000
[E] 01000018 00000002 0
[F] 0100001c 03d51463
[D] 0100001c 63 08 0a 1d 1 01 00000028 1d
[R] 0a 1d 00000000 00000000
[E] 0100001c 01000044 0
[F] 01000020 ffffe517
[D] 01000020 17 0a 1f 1f 6 7f ffffe000 1f
[R] 1f 1f 00000000 00000000
[E] 01000020 00ffe020 0
[F] 01000024 8fc50513
[D] 01000024 13 0a 0a 1c 0 47 fffff8fc 1c
[R] 0a 1c 00000000 00000000
[E] 01000024 fffff8fc 0
[F] 01000028 004005ef
[D] 01000028 6f 0b 00 04 0 00 00000004 04
[R] 00 04 00000000 00000000
[E] 01000028 0100002c 0
[F] 0100002c 40b50533
[D] 0100002c 33 0a 0a 0b 0 20 00000000 0b
[R] 0a 0b 00000000 00000000
[E] 0100002c 00000000 0
[F] 01000030 ffffeeb7
[D] 01000030 37 1d 00 1f 6 7f ffffe000 1f
[R] 00 1f 00000000 00000000
[E] 01000030 ffffe000 0
[F] 01000034 8f0e8e93
[D] 01000034 13 1d 1d 10 0 47 fffff8f0 10
[R] 1d 10 00000000 00000000
[E] 01000034 fffff8f0 0
[F] 01000038 00300193
[D] 01000038 13 03 00 03 0 00 00000003 03
[R] 00 03 00000000 00000000
[E] 01000038 00000003 0
[F] 0100003c 01d51463
[D] 0100003c 63 08 0a 1d 1 00 00000008 1d
[R] 0a 1d 00000000 00000000
[E] 0100003c 01000044 0
[F] 01000040 00301c63
[D] 01000040 63 18 00 03 1 00 00000018 03
[R] 00 03 00000000 00000000
[E] 01000040 01000058 0
[F] 01000044 0ff0000f
[D] 01000044 0f 00 00 1f 0 07 00000000 1f
[R] 00 1f 00000000 00000000
[E] 01000044 00000000 0
[F] 01000048 00018063
[D] 01000048 63 00 03 00 0 00 00000000 00
[R] 03 00 00000000 00000000
[E] 01000048 01000048 0
[F] 01000048 00018063
[D] 01000048 63 00 03 00 0 00 00000000 00
[R] 03 00 00000000 00000000
[E] 01000048 01000048 0
[F] 01000048 00018063
[D] 01000048 63 00 03 00 0 00 00000000 00
[R] 03 00 00000000 00000000
[E] 01000048 01000048 0
[F] 01000048 00018063
[D] 01000048 63 00 03 00 0 00 00000000 00
[R] 03 00 00000000 00000000
[E] 01000048 01000048 0
[F] 01000048 00018063
[D] 01000048 63 00 03 00 0 00 00000000 00
[R] 03 00 00000000 00000000
[E] 01000048 01000048 0
[F] 01000048 00018063
[D] 01000048 63 00 03 00 0 00 00000000 00
[R] 03 00 00000000 00000000
[E] 01000048 01000048 0
[F] 01000048 00018063
[D] 01000048 63 00 03 00 0 00 00000000 00
[R] 03 00 00000000 00000000
[E] 01000048 01000048 0
[F] 01000048 00018063
[D] 01000048 63 00 03 00 0 00 00000000 00
[R] 03 00 00000000 00000000
[E] 01000048 01000048 0
[F] 01000048 00018063
[D] 01000048 63 00 03 00 0 00 00000000 00
[R] 03 00 00000000 00000000
[E] 01000048 01000048 0
[F] 01000048 00018063
[D] 01000048 63 00 03 00 0 00 00000000 00
[R] 03 00 00000000 00000000
[E] 01000048 01000048 0
[F] 01000048 00018063
[D] 01000048 63 00 03 00 0 00 00000000 00
[R] 03 00 00000000 00000000
[E] 01000048 01000048 0
[F] 01000048 00018063
[D] 01000048 63 00 03 00 0 00 00000000 00
[R] 03 00 00000000 00000000
[E] 01000048 01000048 0
[F] 01000048 00018063
[D] 01000048 63 00 03 00 0 00 00000000 00
[R] 03 00 00000000 00000000
[E] 01000048 01000048 0
[F] 01000048 00018063
[D] 01000048 63 00 03 00 0 00 00000000 00
[R] 03 00 00000000 00000000
[E] 01000048 01000048 0
[F] 01000048 00018063
[D] 01000048 63 00 03 00 0 00 00000000 00
[R] 03 00 00000000 00000000
[E] 01000048 01000048 0
[F] 01000048 00018063
[D] 01000048 63 00 03 00 0 00 00000000 00
[R] 03 00 00000000 00000000
[E] 01000048 01000048 0
[F] 01000048 00018063
[D] 01000048 63 00 03 00 0 00 00000000 00
[R] 03 00 00000000 00000000
[E] 01000048 01000048 0
[F] 01000048 00018063
[D] 01000048 63 00 03 00 0 00 00000000 00
[R] 03 00 00000000 00000000
[E] 01000048 01000048 0
[F] 01000048 00018063
[D] 01000048 63 00 03 00 0 00 00000000 00
[R] 03 00 00000000 00000000
[E] 01000048 01000048 0
[F] 01000048 00018063
[D] 01000048 63 00 03 00 0 00 00000000 00
[R] 03 00 00000000 00000000
[E] 01000048 01000048 0
[F] 01000048 00018063
[D] 01000048 63 00 03 00 0 00 00000000 00
[R] 03 00 00000000 00000000
[E] 01000048 01000048 0
[F] 01000048 00018063
[D] 01000048 63 00 03 00 0 00 00000000 00
[R] 03 00 00000000 00000000
[E] 01000048 01000048 0
[F] 01000048 00018063
[D] 01000048 63 00 03 00 0 00 00000000 00
[R] 03 00 00000000 00000000
[E] 01000048 01000048 0
[F] 01000048 00018063
[D] 01000048 63 00 03 00 0 00 00000000 00
[R] 03 00 00000000 00000000
[E] 01000048 01000048 0
[F] 01000048 00018063
[D] 01000048 63 00 03 00 0 00 00000000 00
[R] 03 00 00000000 00000000
[E] 01000048 01000048 0
[F] 01000048 00018063
[D] 01000048 63 00 03 00 0 00 00000000 00
[R] 03 00 00000000 00000000
[E] 01000048 01000048 0
[F] 01000048 00018063
[D] 01000048 63 00 03 00 0 00 00000000 00
[R] 03 00 00000000 00000000
[E] 01000048 01000048 0
[F] 01000048 00018063
[D] 01000048 63 00 03 00 0 00 00000000 00
[R] 03 00 00000000 00000000
[E] 01000048 01000048 0
[F] 01000048 00018063
[D] 01000048 63 00 03 00 0 00 00000000 00
[R] 03 00 00000000 00000000
[E] 01000048 01000048 0
[F] 01000048 00018063
[D] 01000048 63 00 03 00 0 00 00000000 00
[R] 03 00 00000000 00000000
[E] 01000048 01000048 0
[F] 01000048 00018063
[D] 01000048 63 00 03 00 0 00 00000000 00
[R] 03 00 00000000 00000000
[E] 01000048 01000048 0
[F] 01000048 00018063
[D] 01000048 63 00 03 00 0 00 00000000 00
[R] 03 00 00000000 00000000
[E] 01000048 01000048 0
[F] 01000048 00018063
[D] 01000048 63 00 03 00 0 00 00000000 00
[R] 03 00 00000000 00000000
[E] 01000048 01000048 0
[F] 01000048 00018063
[D] 01000048 63 00 03 00 0 00 00000000 00
[R] 03 00 00000000 00000000
[E] 01000048 01000048 0
[F] 01000048 00018063
[D] 01000048 63 00 03 00 0 00 00000000 00
[R] 03 00 00000000 00000000
[E] 01000048 01000048 0
[F] 01000048 00018063
[D] 01000048 63 00 03 00 0 00 00000000 00
[R] 03 00 00000000 00000000
[E] 01000048 01000048 0
[F] 01000048 00018063
[D] 01000048 63 00 03 00 0 00 00000000 00
[R] 03 00 00000000 00000000
[E] 01000048 01000048 0
[F] 01000048 00018063
[D] 01000048 63 00 03 00 0 00 00000000 00
[R] 03 00 00000000 00000000
[E] 01000048 01000048 0
[F] 01000048 00018063
[D] 01000048 63 00 03 00 0 00 00000000 00
[R] 03 00 00000000 00000000
[E] 01000048 01000048 0
[F] 01000048 00018063
[D] 01000048 63 00 03 00 0 00 00000000 00
[R] 03 00 00000000 00000000
[E] 01000048 01000048 0
[F] 01000048 00018063
[D] 01000048 63 00 03 00 0 00 00000000 00
[R] 03 00 00000000 00000000
[E] 01000048 01000048 0
[F] 01000048 00018063
[D] 01000048 63 00 03 00 0 00 00000000 00
[R] 03 00 00000000 00000000
[E] 01000048 01000048 0
[F] 01000048 00018063
[D] 01000048 63 00 03 00 0 00 00000000 00
[R] 03 00 00000000 00000000
[E] 01000048 01000048 0
[F] 01000048 00018063
[D] 01000048 63 00 03 00 0 00 00000000 00
[R] 03 00 00000000 00000000
[E] 01000048 01000048 0
[F] 01000048 00018063
[D] 01000048 63 00 03 00 0 00 00000000 00
[R] 03 00 00000000 00000000
[E] 01000048 01000048 0
[F] 01000048 00018063
[D] 01000048 63 00 03 00 0 00 00000000 00
[R] 03 00 00000000 00000000
[E] 01000048 01000048 0
[F] 01000048 00018063
[D] 01000048 63 00 03 00 0 00 00000000 00
[R] 03 00 00000000 00000000
[E] 01000048 01000048 0
[F] 01000048 00018063
[D] 01000048 63 00 03 00 0 00 00000000 00
[R] 03 00 00000000 00000000
[E] 01000048 01000048 0
[F] 01000048 00018063
[D] 01000048 63 00 03 00 0 00 00000000 00
[R] 03 00 00000000 00000000
[E] 01000048 01000048 0
[F] 01000048 00018063
[D] 01000048 63 00 03 00 0 00 00000000 00
[R] 03 00 00000000 00000000
[E] 01000048 01000048 0
[F] 01000048 00018063
[D] 01000048 63 00 03 00 0 00 00000000 00
[R] 03 00 00000000 00000000
[E] 01000048 01000048 0
[F] 01000048 00018063
[D] 01000048 63 00 03 00 0 00 00000000 00
[R] 03 00 00000000 00000000
[E] 01000048 01000048 0
[F] 01000048 00018063
[D] 01000048 63 00 03 00 0 00 00000000 00
[R] 03 00 00000000 00000000
[E] 01000048 01000048 0
[F] 01000048 00018063
[D] 01000048 63 00 03 00 0 00 00000000 00
[R] 03 00 00000000 00000000
[E] 01000048 01000048 0
[F] 01000048 00018063
[D] 01000048 63 00 03 00 0 00 00000000 00
[R] 03 00 00000000 00000000
[E] 01000048 01000048 0
[F] 01000048 00018063
[D] 01000048 63 00 03 00 0 00 00000000 00
[R] 03 00 00000000 00000000
[E] 01000048 01000048 0
[F] 01000048 00018063
[D] 01000048 63 00 03 00 0 00 00000000 00
[R] 03 00 00000000 00000000
[E] 01000048 01000048 0
[F] 01000048 00018063
[D] 01000048 63 00 03 00 0 00 00000000 00
[R] 03 00 00000000 00000000
[E] 01000048 01000048 0
[F] 01000048 00018063
[D] 01000048 63 00 03 00 0 00 00000000 00
[R] 03 00 00000000 00000000
[E] 01000048 01000048 0
[F] 01000048 00018063
[D] 01000048 63 00 03 00 0 00 00000000 00
[R] 03 00 00000000 00000000
[E] 01000048 01000048 0
[F] 01000048 00018063
[D] 01000048 63 00 03 00 0 00 00000000 00
[R] 03 00 00000000 00000000
[E] 01000048 01000048 0
[F] 01000048 00018063
[D] 01000048 63 00 03 00 0 00 00000000 00
[R] 03 00 00000000 00000000
[E] 01000048 01000048 0
[F] 01000048 00018063
[D] 01000048 63 00 03 00 0 00 00000000 00
[R] 03 00 00000000 00000000
[E] 01000048 01000048 0
[F] 01000048 00018063
[D] 01000048 63 00 03 00 0 00 00000000 00
[R] 03 00 00000000 00000000
[E] 01000048 01000048 0
[F] 01000048 00018063
[D] 01000048 63 00 03 00 0 00 00000000 00
[R] 03 00 00000000 00000000
[E] 01000048 01000048 0
[F] 01000048 00018063
[D] 01000048 63 00 03 00 0 00 00000000 00
[R] 03 00 00000000 00000000
[E] 01000048 01000048 0
[F] 01000048 00018063
[D] 01000048 63 00 03 00 0 00 00000000 00
[R] 03 00 00000000 00000000
[E] 01000048 01000048 0
[F] 01000048 00018063
[D] 01000048 63 00 03 00 0 00 00000000 00
[R] 03 00 00000000 00000000
[E] 01000048 01000048 0
[F] 01000048 00018063
[D] 01000048 63 00 03 00 0 00 00000000 00
[R] 03 00 00000000 00000000
[E] 01000048 01000048 0
[F] 01000048 00018063
[D] 01000048 63 00 03 00 0 00 00000000 00
[R] 03 00 00000000 00000000
[E] 01000048 01000048 0
[F] 01000048 00018063
[D] 01000048 63 00 03 00 0 00 00000000 00
[R] 03 00 00000000 00000000
[E] 01000048 01000048 0
[F] 01000048 00018063
[D] 01000048 63 00 03 00 0 00 00000000 00
[R] 03 00 00000000 00000000
[E] 01000048 01000048 0
[F] 01000048 00018063
[D] 01000048 63 00 03 00 0 00 00000000 00
[R] 03 00 00000000 00000000
[E] 01000048 01000048 0
[F] 01000048 00018063
[D] 01000048 63 00 03 00 0 00 00000000 00
[R] 03 00 00000000 00000000
[E] 01000048 01000048 0
[F] 01000048 00018063
[D] 01000048 63 00 03 00 0 00 00000000 00
[R] 03 00 00000000 00000000
[E] 01000048 01000048 0
[F] 01000048 00018063
[D] 01000048 63 00 03 00 0 00 00000000 00
[R] 03 00 00000000 00000000
[E] 01000048 01000048 0
[F] 01000048 00018063
[D] 01000048 63 00 03 00 0 00 00000000 00
[R] 03 00 00000000 00000000
[E] 01000048 01000048 0
[F] 01000048 00018063
[D] 01000048 63 00 03 00 0 00 00000000 00
[R] 03 00 00000000 00000000
[E] 01000048 01000048 0
[F] 01000048 00018063
[D] 01000048 63 00 03 00 0 00 00000000 00
[R] 03 00 00000000 00000000
[E] 01000048 01000048 0
[F] 01000048 00018063
[D] 01000048 63 00 03 00 0 00 00000000 00
[R] 03 00 00000000 00000000
[E] 01000048 01000048 0
[F] 01000048 00018063
[D] 01000048 63 00 03 00 0 00 00000000 00
[R] 03 00 00000000 00000000
[E] 01000048 01000048 0
[F] 01000048 00018063
[D] 01000048 63 00 03 00 0 00 00000000 00
[R] 03 00 00000000 00000000
[E] 01000048 01000048 0
[F] 01000048 00018063
[D] 01000048 63 00 03 00 0 00 00000000 00
[R] 03 00 00000000 00000000
[E] 01000048 01000048 0
[F] 01000048 00018063
[D] 01000048 63 00 03 00 0 00 00000000 00
[R] 03 00 00000000 00000000
[E] 01000048 01000048 0
[F] 01000048 00018063
[D] 01000048 63 00 03 00 0 00 00000000 00
[R] 03 00 00000000 00000000
[E] 01000048 01000048 0
[F] 01000048 00018063
[D] 01000048 63 00 03 00 0 00 00000000 00
[R] 03 00 00000000 00000000
[E] 01000048 01000048 0
[F] 01000048 00018063
[D] 01000048 63 00 03 00 0 00 00000000 00
[R] 03 00 00000000 00000000
[E] 01000048 01000048 0
[F] 01000048 00018063
[D] 01000048 63 00 03 00 0 00 00000000 00
[R] 03 00 00000000 00000000
[E] 01000048 01000048 0
[F] 01000048 00018063
[D] 01000048 63 00 03 00 0 00 00000000 00
[R] 03 00 00000000 00000000
[E] 01000048 01000048 0
[F] 01000048 00018063
[D] 01000048 63 00 03 00 0 00 00000000 00
[R] 03 00 00000000 00000000
[E] 01000048 01000048 0
[F] 01000048 00018063
[D] 01000048 63 00 03 00 0 00 00000000 00
[R] 03 00 00000000 00000000
[E] 01000048 01000048 0
[F] 01000048 00018063
[D] 01000048 63 00 03 00 0 00 00000000 00
[R] 03 00 00000000 00000000
[E] 01000048 01000048 0
[F] 01000048 00018063
[D] 01000048 63 00 03 00 0 00 00000000 00
[R] 03 00 00000000 00000000
[E] 01000048 01000048 0
[F] 01000048 00018063
[D] 01000048 63 00 03 00 0 00 00000000 00
[R] 03 00 00000000 00000000
[E] 01000048 01000048 0
[F] 01000048 00018063
[D] 01000048 63 00 03 00 0 00 00000000 00
[R] 03 00 00000000 00000000
[E] 01000048 01000048 0
[F] 01000048 00018063
[D] 01000048 63 00 03 00 0 00 00000000 00
[R] 03 00 00000000 00000000
[E] 01000048 01000048 0
[F] 01000048 00018063
[D] 01000048 63 00 03 00 0 00 00000000 00
[R] 03 00 00000000 00000000
[E] 01000048 01000048 0
[F] 01000048 00018063
[D] 01000048 63 00 03 00 0 00 00000000 00
[R] 03 00 00000000 00000000
[E] 01000048 01000048 0
[F] 01000048 00018063
[D] 01000048 63 00 03 00 0 00 00000000 00
[R] 03 00 00000000 00000000
[E] 01000048 01000048 0
[F] 01000048 00018063
[D] 01000048 63 00 03 00 0 00 00000000 00
[R] 03 00 00000000 00000000
[E] 01000048 01000048 0
[F] 01000048 00018063
[D] 01000048 63 00 03 00 0 00 00000000 00
[R] 03 00 00000000 00000000
[E] 01000048 01000048 0
[F] 01000048 00018063
[D] 01000048 63 00 03 00 0 00 00000000 00
[R] 03 00 00000000 00000000
[E] 01000048 01000048 0
[F] 01000048 00018063
[D] 01000048 63 00 03 00 0 00 00000000 00
[R] 03 00 00000000 00000000
[E] 01000048 01000048 0
[F] 01000048 00018063
[D] 01000048 63 00 03 00 0 00 00000000 00
[R] 03 00 00000000 00000000
[E] 01000048 01000048 0
[F] 01000048 00018063
[D] 01000048 63 00 03 00 0 00 00000000 00
[R] 03 00 00000000 00000000
[E] 01000048 01000048 0
[F] 01000048 00018063
[D] 01000048 63 00 03 00 0 00 00000000 00
[R] 03 00 00000000 00000000
[E] 01000048 01000048 0
[F] 01000048 00018063
[D] 01000048 63 00 03 00 0 00 00000000 00
[R] 03 00 00000000 00000000
[E] 01000048 01000048 0
[F] 01000048 00018063
[D] 01000048 63 00 03 00 0 00 00000000 00
[R] 03 00 00000000 00000000
[E] 01000048 01000048 0
[F] 01000048 00018063
[D] 01000048 63 00 03 00 0 00 00000000 00
[R] 03 00 00000000 00000000
[E] 01000048 01000048 0
[F] 01000048 00018063
[D] 01000048 63 00 03 00 0 00 00000000 00
[R] 03 00 00000000 00000000
[E] 01000048 01000048 0
[F] 01000048 00018063
[D] 01000048 63 00 03 00 0 00 00000000 00
[R] 03 00 00000000 00000000
[E] 01000048 01000048 0
[F] 01000048 00018063
[D] 01000048 63 00 03 00 0 00 00000000 00
[R] 03 00 00000000 00000000
[E] 01000048 01000048 0
[F] 01000048 00018063
[D] 01000048 63 00 03 00 0 00 00000000 00
[R] 03 00 00000000 00000000
[E] 01000048 01000048 0
[F] 01000048 00018063
[D] 01000048 63 00 03 00 0 00 00000000 00
[R] 03 00 00000000 00000000
[E] 01000048 01000048 0
[F] 01000048 00018063
[D] 01000048 63 00 03 00 0 00 00000000 00
[R] 03 00 00000000 00000000
[E] 01000048 01000048 0
[F] 01000048 00018063
[D] 01000048 63 00 03 00 0 00 00000000 00
[R] 03 00 00000000 00000000
[E] 01000048 01000048 0
[F] 01000048 00018063
[D] 01000048 63 00 03 00 0 00 00000000 00
[R] 03 00 00000000 00000000
[E] 01000048 01000048 0
[F] 01000048 00018063
[D] 01000048 63 00 03 00 0 00 00000000 00
[R] 03 00 00000000 00000000
[E] 01000048 01000048 0
[F] 01000048 00018063
[D] 01000048 63 00 03 00 0 00 00000000 00
[R] 03 00 00000000 00000000
[E] 01000048 01000048 0
[F] 01000048 00018063
[D] 01000048 63 00 03 00 0 00 00000000 00
[R] 03 00 00000000 00000000
[E] 01000048 01000048 0
[F] 01000048 00018063
[D] 01000048 63 00 03 00 0 00 00000000 00
[R] 03 00 00000000 00000000
[E] 01000048 01000048 0
[F] 01000048 00018063
[D] 01000048 63 00 03 00 0 00 00000000 00
[R] 03 00 00000000 00000000
[E] 01000048 01000048 0
[F] 01000048 00018063
[D] 01000048 63 00 03 00 0 00 00000000 00
[R] 03 00 00000000 00000000
[E] 01000048 01000048 0
[F] 01000048 00018063
[D] 01000048 63 00 03 00 0 00 00000000 00
[R] 03 00 00000000 00000000
[E] 01000048 01000048 0
[F] 01000048 00018063
[D] 01000048 63 00 03 00 0 00 00000000 00
[R] 03 00 00000000 00000000
[E] 01000048 01000048 0
[F] 01000048 00018063
[D] 01000048 63 00 03 00 0 00 00000000 00
[R] 03 00 00000000 00000000
[E] 01000048 01000048 0
[F] 01000048 00018063
[D] 01000048 63 00 03 00 0 00 00000000 00
[R] 03 00 00000000 00000000
[E] 01000048 01000048 0
[F] 01000048 00018063
[D] 01000048 63 00 03 00 0 00 00000000 00
[R] 03 00 00000000 00000000
[E] 01000048 01000048 0
[F] 01000048 00018063
[D] 01000048 63 00 03 00 0 00 00000000 00
[R] 03 00 00000000 00000000
[E] 01000048 01000048 0
[F] 01000048 00018063
[D] 01000048 63 00 03 00 0 00 00000000 00
[R] 03 00 00000000 00000000
[E] 01000048 01000048 0
[F] 01000048 00018063
[D] 01000048 63 00 03 00 0 00 00000000 00
[R] 03 00 00000000 00000000
[E] 01000048 01000048 0
[F] 01000048 00018063
[D] 01000048 63 00 03 00 0 00 00000000 00
[R] 03 00 00000000 00000000
[E] 01000048 01000048 0
[F] 01000048 00018063
[D] 01000048 63 00 03 00 0 00 00000000 00
[R] 03 00 00000000 00000000
[E] 01000048 01000048 0
[F] 01000048 00018063
[D] 01000048 63 00 03 00 0 00 00000000 00
[R] 03 00 00000000 00000000
[E] 01000048 01000048 0
[F] 01000048 00018063
[D] 01000048 63 00 03 00 0 00 00000000 00
[R] 03 00 00000000 00000000
[E] 01000048 01000048 0
[F] 01000048 00018063
[D] 01000048 63 00 03 00 0 00 00000000 00
[R] 03 00 00000000 00000000
[E] 01000048 01000048 0
[F] 01000048 00018063
[D] 01000048 63 00 03 00 0 00 00000000 00
[R] 03 00 00000000 00000000
[E] 01000048 01000048 0
[F] 01000048 00018063
[D] 01000048 63 00 03 00 0 00 00000000 00
[R] 03 00 00000000 00000000
[E] 01000048 01000048 0
[F] 01000048 00018063
[D] 01000048 63 00 03 00 0 00 00000000 00
[R] 03 00 00000000 00000000
[E] 01000048 01000048 0
[F] 01000048 00018063
[D] 01000048 63 00 03 00 0 00 00000000 00
[R] 03 00 00000000 00000000
[E] 01000048 01000048 0
[F] 01000048 00018063
[D] 01000048 63 00 03 00 0 00 00000000 00
[R] 03 00 00000000 00000000
[E] 01000048 01000048 0
[F] 01000048 00018063
[D] 01000048 63 00 03 00 0 00 00000000 00
[R] 03 00 00000000 00000000
[E] 01000048 01000048 0
[F] 01000048 00018063
[D] 01000048 63 00 03 00 0 00 00000000 00
[R] 03 00 00000000 00000000
[E] 01000048 01000048 0
[F] 01000048 00018063
[D] 01000048 63 00 03 00 0 00 00000000 00
[R] 03 00 00000000 00000000
[E] 01000048 01000048 0
[F] 01000048 00018063
[D] 01000048 63 00 03 00 0 00 00000000 00
[R] 03 00 00000000 00000000
[E] 01000048 01000048 0
[F] 01000048 00018063
[D] 01000048 63 00 03 00 0 00 00000000 00
[R] 03 00 00000000 00000000
[E] 01000048 01000048 0
[F] 01000048 00018063
[D] 01000048 63 00 03 00 0 00 00000000 00
[R] 03 00 00000000 00000000
[E] 01000048 01000048 0
[F] 01000048 00018063
[D] 01000048 63 00 03 00 0 00 00000000 00
[R] 03 00 00000000 00000000
[E] 01000048 01000048 0
[F] 01000048 00018063
[D] 01000048 63 00 03 00 0 00 00000000 00
[R] 03 00 00000000 00000000
[E] 01000048 01000048 0
[F] 01000048 00018063
[D] 01000048 63 00 03 00 0 00 00000000 00
[R] 03 00 00000000 00000000
[E] 01000048 01000048 0
[F] 01000048 00018063
[D] 01000048 63 00 03 00 0 00 00000000 00
[R] 03 00 00000000 00000000
[E] 01000048 01000048 0
[F] 01000048 00018063
[D] 01000048 63 00 03 00 0 00 00000000 00
[R] 03 00 00000000 00000000
[E] 01000048 01000048 0
[F] 01000048 00018063
[D] 01000048 63 00 03 00 0 00 00000000 00
[R] 03 00 00000000 00000000
[E] 01000048 01000048 0
[F] 01000048 00018063
[D] 01000048 63 00 03 00 0 00 00000000 00
[R] 03 00 00000000 00000000
[E] 01000048 01000048 0
[F] 01000048 00018063
[D] 01000048 63 00 03 00 0 00 00000000 00
[R] 03 00 00000000 00000000
[E] 01000048 01000048 0
[F] 01000048 00018063
[D] 01000048 63 00 03 00 0 00 00000000 00
[R] 03 00 00000000 00000000
[E] 01000048 01000048 0
[F] 01000048 00018063
[D] 01000048 63 00 03 00 0 00 00000000 00
[R] 03 00 00000000 00000000
[E] 01000048 01000048 0
[F] 01000048 00018063
[D] 01000048 63 00 03 00 0 00 00000000 00
[R] 03 00 00000000 00000000
[E] 01000048 01000048 0
[F] 01000048 00018063
[D] 01000048 63 00 03 00 0 00 00000000 00
[R] 03 00 00000000 00000000
[E] 01000048 01000048 0
[F] 01000048 00018063
[D] 01000048 63 00 03 00 0 00 00000000 00
[R] 03 00 00000000 00000000
[E] 01000048 01000048 0
[F] 01000048 00018063
[D] 01000048 63 00 03 00 0 00 00000000 00
[R] 03 00 00000000 00000000
[E] 01000048 01000048 0
[F] 01000048 00018063
[D] 01000048 63 00 03 00 0 00 00000000 00
[R] 03 00 00000000 00000000
[E] 01000048 01000048 0
[F] 01000048 00018063
[D] 01000048 63 00 03 00 0 00 00000000 00
[R] 03 00 00000000 00000000
[E] 01000048 01000048 0
[F] 01000048 00018063
[D] 01000048 63 00 03 00 0 00 00000000 00
[R] 03 00 00000000 00000000
[E] 01000048 01000048 0
[F] 01000048 00018063
[D] 01000048 63 00 03 00 0 00 00000000 00
[R] 03 00 00000000 00000000
[E] 01000048 01000048 0
[F] 01000048 00018063
[D] 01000048 63 00 03 00 0 00 00000000 00
[R] 03 00 00000000 00000000
[E] 01000048 01000048 0
[F] 01000048 00018063
[D] 01000048 63 00 03 00 0 00 00000000 00
[R] 03 00 00000000 00000000
[E] 01000048 01000048 0
[F] 01000048 00018063
[D] 01000048 63 00 03 00 0 00 00000000 00
[R] 03 00 00000000 00000000
[E] 01000048 01000048 0
[F] 01000048 00018063
[D] 01000048 63 00 03 00 0 00 00000000 00
[R] 03 00 00000000 00000000
[E] 01000048 01000048 0
[F] 01000048 00018063
[D] 01000048 63 00 03 00 0 00 00000000 00
[R] 03 00 00000000 00000000
[E] 01000048 01000048 0
[F] 01000048 00018063
[D] 01000048 63 00 03 00 0 00 00000000 00
[R] 03 00 00000000 00000000
[E] 01000048 01000048 0
[F] 01000048 00018063
[D] 01000048 63 00 03 00 0 00 00000000 00
[R] 03 00 00000000 00000000
[E] 01000048 01000048 0
[F] 01000048 00018063
[D] 01000048 63 00 03 00 0 00 00000000 00
[R] 03 00 00000000 00000000
[E] 01000048 01000048 0
[F] 01000048 00018063
[D] 01000048 63 00 03 00 0 00 00000000 00
[R] 03 00 00000000 00000000
[E] 01000048 01000048 0
[F] 01000048 00018063
[D] 01000048 63 00 03 00 0 00 00000000 00
[R] 03 00 00000000 00000000
[E] 01000048 01000048 0
[F] 01000048 00018063
[D] 01000048 63 00 03 00 0 00 00000000 00
[R] 03 00 00000000 00000000
[E] 01000048 01000048 0
[F] 01000048 00018063
[D] 01000048 63 00 03 00 0 00 00000000 00
[R] 03 00 00000000 00000000
[E] 01000048 01000048 0
[F] 01000048 00018063
[D] 01000048 63 00 03 00 0 00 00000000 00
[R] 03 00 00000000 00000000
[E] 01000048 01000048 0
[F] 01000048 00018063
[D] 01000048 63 00 03 00 0 00 00000000 00
[R] 03 00 00000000 00000000
[E] 01000048 01000048 0
[F] 01000048 00018063
[D] 01000048 63 00 03 00 0 00 00000000 00
[R] 03 00 00000000 00000000
[E] 01000048 01000048 0
[F] 01000048 00018063
[D] 01000048 63 00 03 00 0 00 00000000 00
[R] 03 00 00000000 00000000
[E] 01000048 01000048 0
[F] 01000048 00018063
[D] 01000048 63 00 03 00 0 00 00000000 00
[R] 03 00 00000000 00000000
[E] 01000048 01000048 0
[F] 01000048 00018063
[D] 01000048 63 00 03 00 0 00 00000000 00
[R] 03 00 00000000 00000000
[E] 01000048 01000048 0
[F] 01000048 00018063
[D] 01000048 63 00 03 00 0 00 00000000 00
[R] 03 00 00000000 00000000
[E] 01000048 01000048 0
[F] 01000048 00018063
[D] 01000048 63 00 03 00 0 00 00000000 00
[R] 03 00 00000000 00000000
[E] 01000048 01000048 0
[F] 01000048 00018063
[D] 01000048 63 00 03 00 0 00 00000000 00
[R] 03 00 00000000 00000000
[E] 01000048 01000048 0
[F] 01000048 00018063
[D] 01000048 63 00 03 00 0 00 00000000 00
[R] 03 00 00000000 00000000
[E] 01000048 01000048 0
[F] 01000048 00018063
[D] 01000048 63 00 03 00 0 00 00000000 00
[R] 03 00 00000000 00000000
[E] 01000048 01000048 0
[F] 01000048 00018063
[D] 01000048 63 00 03 00 0 00 00000000 00
[R] 03 00 00000000 00000000
[E] 01000048 01000048 0
[F] 01000048 00018063
[D] 01000048 63 00 03 00 0 00 00000000 00
[R] 03 00 00000000 00000000
[E] 01000048 01000048 0
[F] 01000048 00018063
[D] 01000048 63 00 03 00 0 00 00000000 00
[R] 03 00 00000000 00000000
[E] 01000048 01000048 0
[F] 01000048 00018063
[D] 01000048 63 00 03 00 0 00 00000000 00
[R] 03 00 00000000 00000000
[E] 01000048 01000048 0
[F] 01000048 00018063
[D] 01000048 63 00 03 00 0 00 00000000 00
[R] 03 00 00000000 00000000
[E] 01000048 01000048 0
[F] 01000048 00018063
[D] 01000048 63 00 03 00 0 00 00000000 00
[R] 03 00 00000000 00000000
[E] 01000048 01000048 0
[F] 01000048 00018063
[D] 01000048 63 00 03 00 0 00 00000000 00
[R] 03 00 00000000 00000000
[E] 01000048 01000048 0
[F] 01000048 00018063
[D] 01000048 63 00 03 00 0 00 00000000 00
[R] 03 00 00000000 00000000
[E] 01000048 01000048 0
[F] 01000048 00018063
[D] 01000048 63 00 03 00 0 00 00000000 00
[R] 03 00 00000000 00000000
[E] 01000048 01000048 0
[F] 01000048 00018063
[D] 01000048 63 00 03 00 0 00 00000000 00
[R] 03 00 00000000 00000000
[E] 01000048 01000048 0
[F] 01000048 00018063
[D] 01000048 63 00 03 00 0 00 00000000 00
[R] 03 00 00000000 00000000
[E] 01000048 01000048 0
[F] 01000048 00018063
[D] 01000048 63 00 03 00 0 00 00000000 00
[R] 03 00 00000000 00000000
[E] 01000048 01000048 0
[F] 01000048 00018063
[D] 01000048 63 00 03 00 0 00 00000000 00
[R] 03 00 00000000 00000000
[E] 01000048 01000048 0
[F] 01000048 00018063
[D] 01000048 63 00 03 00 0 00 00000000 00
[R] 03 00 00000000 00000000
[E] 01000048 01000048 0
[F] 01000048 00018063
[D] 01000048 63 00 03 00 0 00 00000000 00
[R] 03 00 00000000 00000000
[E] 01000048 01000048 0
[F] 01000048 00018063
[D] 01000048 63 00 03 00 0 00 00000000 00
[R] 03 00 00000000 00000000
[E] 01000048 01000048 0
[F] 01000048 00018063
[D] 01000048 63 00 03 00 0 00 00000000 00
[R] 03 00 00000000 00000000
[E] 01000048 01000048 0
[F] 01000048 00018063
[D] 01000048 63 00 03 00 0 00 00000000 00
[R] 03 00 00000000 00000000
[E] 01000048 01000048 0
[F] 01000048 00018063
[D] 01000048 63 00 03 00 0 00 00000000 00
[R] 03 00 00000000 00000000
[E] 01000048 01000048 0
[F] 01000048 00018063
[D] 01000048 63 00 03 00 0 00 00000000 00
[R] 03 00 00000000 00000000
[E] 01000048 01000048 0
[F] 01000048 00018063
[D] 01000048 63 00 03 00 0 00 00000000 00
[R] 03 00 00000000 00000000
[E] 01000048 01000048 0
[F] 01000048 00018063
[D] 01000048 63 00 03 00 0 00 00000000 00
[R] 03 00 00000000 00000000
[E] 01000048 01000048 0
[F] 01000048 00018063
[D] 01000048 63 00 03 00 0 00 00000000 00
[R] 03 00 00000000 00000000
[E] 01000048 01000048 0
[F] 01000048 00018063
[D] 01000048 63 00 03 00 0 00 00000000 00
[R] 03 00 00000000 00000000
[E] 01000048 01000048 0
[F] 01000048 00018063
[D] 01000048 63 00 03 00 0 00 00000000 00
[R] 03 00 00000000 00000000
[E] 01000048 01000048 0
[F] 01000048 00018063
[D] 01000048 63 00 03 00 0 00 00000000 00
[R] 03 00 00000000 00000000
[E] 01000048 01000048 0
[F] 01000048 00018063
[D] 01000048 63 00 03 00 0 00 00000000 00
[R] 03 00 00000000 00000000
[E] 01000048 01000048 0
[F] 01000048 00018063
[D] 01000048 63 00 03 00 0 00 00000000 00
[R] 03 00 00000000 00000000
[E] 01000048 01000048 0
[F] 01000048 00018063
[D] 01000048 63 00 03 00 0 00 00000000 00
[R] 03 00 00000000 00000000
[E] 01000048 01000048 0
[F] 01000048 00018063
[D] 01000048 63 00 03 00 0 00 00000000 00
[R] 03 00 00000000 00000000
[E] 01000048 01000048 0
[F] 01000048 00018063
[D] 01000048 63 00 03 00 0 00 00000000 00
[R] 03 00 00000000 00000000
[E] 01000048 01000048 0
[F] 01000048 00018063
[D] 01000048 63 00 03 00 0 00 00000000 00
[R] 03 00 00000000 00000000
[E] 01000048 01000048 0
[F] 01000048 00018063
[D] 01000048 63 00 03 00 0 00 00000000 00
[R] 03 00 00000000 00000000
[E] 01000048 01000048 0
[F] 01000048 00018063
[D] 01000048 63 00 03 00 0 00 00000000 00
[R] 03 00 00000000 00000000
[E] 01000048 01000048 0
[F] 01000048 00018063
[D] 01000048 63 00 03 00 0 00 00000000 00
[R] 03 00 00000000 00000000
[E] 01000048 01000048 0
[F] 01000048 00018063
[D] 01000048 63 00 03 00 0 00 00000000 00
[R] 03 00 00000000 00000000
[E] 01000048 01000048 0
[F] 01000048 00018063
[D] 01000048 63 00 03 00 0 00 00000000 00
[R] 03 00 00000000 00000000
[E] 01000048 01000048 0
[F] 01000048 00018063
[D] 01000048 63 00 03 00 0 00 00000000 00
[R] 03 00 00000000 00000000
[E] 01000048 01000048 0
[F] 01000048 00018063
[D] 01000048 63 00 03 00 0 00 00000000 00
[R] 03 00 00000000 00000000
[E] 01000048 01000048 0
[F] 01000048 00018063
[D] 01000048 63 00 03 00 0 00 00000000 00
[R] 03 00 00000000 00000000
[E] 01000048 01000048 0
[F] 01000048 00018063
[D] 01000048 63 00 03 00 0 00 00000000 00
[R] 03 00 00000000 00000000
[E] 01000048 01000048 0
[F] 01000048 00018063
[D] 01000048 63 00 03 00 0 00 00000000 00
[R] 03 00 00000000 00000000
[E] 01000048 01000048 0
[F] 01000048 00018063
[D] 01000048 63 00 03 00 0 00 00000000 00
[R] 03 00 00000000 00000000
[E] 01000048 01000048 0
[F] 01000048 00018063
[D] 01000048 63 00 03 00 0 00 00000000 00
[R] 03 00 00000000 00000000
[E] 01000048 01000048 0
[F] 01000048 00018063
[D] 01000048 63 00 03 00 0 00 00000000 00
[R] 03 00 00000000 00000000
[E] 01000048 01000048 0
[F] 01000048 00018063
[D] 01000048 63 00 03 00 0 00 00000000 00
[R] 03 00 00000000 00000000
[E] 01000048 01000048 0
[F] 01000048 00018063
[D] 01000048 63 00 03 00 0 00 00000000 00
[R] 03 00 00000000 00000000
[E] 01000048 01000048 0
[F] 01000048 00018063
[D] 01000048 63 00 03 00 0 00 00000000 00
[R] 03 00 00000000 00000000
[E] 01000048 01000048 0
[F] 01000048 00018063
[D] 01000048 63 00 03 00 0 00 00000000 00
[R] 03 00 00000000 00000000
[E] 01000048 01000048 0
[F] 01000048 00018063
[D] 01000048 63 00 03 00 0 00 00000000 00
[R] 03 00 00000000 00000000
[E] 01000048 01000048 0
[F] 01000048 00018063
[D] 01000048 63 00 03 00 0 00 00000000 00
[R] 03 00 00000000 00000000
[E] 01000048 01000048 0
[F] 01000048 00018063
[D] 01000048 63 00 03 00 0 00 00000000 00
[R] 03 00 00000000 00000000
[E] 01000048 01000048 0
[F] 01000048 00018063
[D] 01000048 63 00 03 00 0 00 00000000 00
[R] 03 00 00000000 00000000
[E] 01000048 01000048 0
[F] 01000048 00018063
[D] 01000048 63 00 03 00 0 00 00000000 00
[R] 03 00 00000000 00000000
[E] 01000048 01000048 0
[F] 01000048 00018063
[D] 01000048 63 00 03 00 0 00 00000000 00
[R] 03 00 00000000 00000000
[E] 01000048 01000048 0
[F] 01000048 00018063
[D] 01000048 63 00 03 00 0 00 00000000 00
[R] 03 00 00000000 00000000
[E] 01000048 01000048 0
[F] 01000048 00018063
[D] 01000048 63 00 03 00 0 00 00000000 00
[R] 03 00 00000000 00000000
[E] 01000048 01000048 0
[F] 01000048 00018063
[D] 01000048 63 00 03 00 0 00 00000000 00
[R] 03 00 00000000 00000000
[E] 01000048 01000048 0
[F] 01000048 00018063
[D] 01000048 63 00 03 00 0 00 00000000 00
[R] 03 00 00000000 00000000
[E] 01000048 01000048 0
[F] 01000048 00018063
[D] 01000048 63 00 03 00 0 00 00000000 00
[R] 03 00 00000000 00000000
[E] 01000048 01000048 0
[F] 01000048 00018063
[D] 01000048 63 00 03 00 0 00 00000000 00
[R] 03 00 00000000 00000000
[E] 01000048 01000048 0
[F] 01000048 00018063
[D] 01000048 63 00 03 00 0 00 00000000 00
[R] 03 00 00000000 00000000
[E] 01000048 01000048 0
[F] 01000048 00018063
[D] 01000048 63 00 03 00 0 00 00000000 00
[R] 03 00 00000000 00000000
[E] 01000048 01000048 0
[F] 01000048 00018063
[D] 01000048 63 00 03 00 0 00 00000000 00
[R] 03 00 00000000 00000000
[E] 01000048 01000048 0
[F] 01000048 00018063
[D] 01000048 63 00 03 00 0 00 00000000 00
[R] 03 00 00000000 00000000
[E] 01000048 01000048 0
[F] 01000048 00018063
[D] 01000048 63 00 03 00 0 00 00000000 00
[R] 03 00 00000000 00000000
[E] 01000048 01000048 0
[F] 01000048 00018063
[D] 01000048 63 00 03 00 0 00 00000000 00
[R] 03 00 00000000 00000000
[E] 01000048 01000048 0
[F] 01000048 00018063
[D] 01000048 63 00 03 00 0 00 00000000 00
[R] 03 00 00000000 00000000
[E] 01000048 01000048 0
[F] 01000048 00018063
[D] 01000048 63 00 03 00 0 00 00000000 00
[R] 03 00 00000000 00000000
[E] 01000048 01000048 0
[F] 01000048 00018063
[D] 01000048 63 00 03 00 0 00 00000000 00
[R] 03 00 00000000 00000000
[E] 01000048 01000048 0
[F] 01000048 00018063
[D] 01000048 63 00 03 00 0 00 00000000 00
[R] 03 00 00000000 00000000
[E] 01000048 01000048 0
[F] 01000048 00018063
[D] 01000048 63 00 03 00 0 00 00000000 00
[R] 03 00 00000000 00000000
[E] 01000048 01000048 0
[F] 01000048 00018063
[D] 01000048 63 00 03 00 0 00 00000000 00
[R] 03 00 00000000 00000000
[E] 01000048 01000048 0
[F] 01000048 00018063
[D] 01000048 63 00 03 00 0 00 00000000 00
[R] 03 00 00000000 00000000
[E] 01000048 01000048 0
[F] 01000048 00018063
[D] 01000048 63 00 03 00 0 00 00000000 00
[R] 03 00 00000000 00000000
[E] 01000048 01000048 0
[F] 01000048 00018063
[D] 01000048 63 00 03 00 0 00 00000000 00
[R] 03 00 00000000 00000000
[E] 01000048 01000048 0
[F] 01000048 00018063
[D] 01000048 63 00 03 00 0 00 00000000 00
[R] 03 00 00000000 00000000
[E] 01000048 01000048 0
[F] 01000048 00018063
[D] 01000048 63 00 03 00 0 00 00000000 00
[R] 03 00 00000000 00000000
[E] 01000048 01000048 0
[F] 01000048 00018063
[D] 01000048 63 00 03 00 0 00 00000000 00
[R] 03 00 00000000 00000000
[E] 01000048 01000048 0
[F] 01000048 00018063
[D] 01000048 63 00 03 00 0 00 00000000 00
[R] 03 00 00000000 00000000
[E] 01000048 01000048 0
[F] 01000048 00018063
[D] 01000048 63 00 03 00 0 00 00000000 00
[R] 03 00 00000000 00000000
[E] 01000048 01000048 0
[F] 01000048 00018063
[D] 01000048 63 00 03 00 0 00 00000000 00
[R] 03 00 00000000 00000000
[E] 01000048 01000048 0
[F] 01000048 00018063
[D] 01000048 63 00 03 00 0 00 00000000 00
[R] 03 00 00000000 00000000
[E] 01000048 01000048 0
[F] 01000048 00018063
[D] 01000048 63 00 03 00 0 00 00000000 00
[R] 03 00 00000000 00000000
[E] 01000048 01000048 0
[F] 01000048 00018063
[D] 01000048 63 00 03 00 0 00 00000000 00
[R] 03 00 00000000 00000000
[E] 01000048 01000048 0
[F] 01000048 00018063
[D] 01000048 63 00 03 00 0 00 00000000 00
[R] 03 00 00000000 00000000
[E] 01000048 01000048 0
[F] 01000048 00018063
[D] 01000048 63 00 03 00 0 00 00000000 00
[R] 03 00 00000000 00000000
[E] 01000048 01000048 0
[F] 01000048 00018063
[D] 01000048 63 00 03 00 0 00 00000000 00
[R] 03 00 00000000 00000000
[E] 01000048 01000048 0
[F] 01000048 00018063
[D] 01000048 63 00 03 00 0 00 00000000 00
[R] 03 00 00000000 00000000
[E] 01000048 01000048 0
[F] 01000048 00018063
[D] 01000048 63 00 03 00 0 00 00000000 00
[R] 03 00 00000000 00000000
[E] 01000048 01000048 0
[F] 01000048 00018063
[D] 01000048 63 00 03 00 0 00 00000000 00
[R] 03 00 00000000 00000000
[E] 01000048 01000048 0
[F] 01000048 00018063
[D] 01000048 63 00 03 00 0 00 00000000 00
[R] 03 00 00000000 00000000
[E] 01000048 01000048 0
[F] 01000048 00018063
[D] 01000048 63 00 03 00 0 00 00000000 00
[R] 03 00 00000000 00000000
[E] 01000048 01000048 0
[F] 01000048 00018063
[D] 01000048 63 00 03 00 0 00 00000000 00
[R] 03 00 00000000 00000000
[E] 01000048 01000048 0
[F] 01000048 00018063
[D] 01000048 63 00 03 00 0 00 00000000 00
[R] 03 00 00000000 00000000
[E] 01000048 01000048 0
[F] 01000048 00018063
[D] 01000048 63 00 03 00 0 00 00000000 00
[R] 03 00 00000000 00000000
[E] 01000048 01000048 0
[F] 01000048 00018063
[D] 01000048 63 00 03 00 0 00 00000000 00
[R] 03 00 00000000 00000000
[E] 01000048 01000048 0
[F] 01000048 00018063
[D] 01000048 63 00 03 00 0 00 00000000 00
[R] 03 00 00000000 00000000
[E] 01000048 01000048 0
[F] 01000048 00018063
[D] 01000048 63 00 03 00 0 00 00000000 00
[R] 03 00 00000000 00000000
[E] 01000048 01000048 0
[F] 01000048 00018063
[D] 01000048 63 00 03 00 0 00 00000000 00
[R] 03 00 00000000 00000000
[E] 01000048 01000048 0
[F] 01000048 00018063
[D] 01000048 63 00 03 00 0 00 00000000 00
[R] 03 00 00000000 00000000
[E] 01000048 01000048 0
[F] 01000048 00018063
[D] 01000048 63 00 03 00 0 00 00000000 00
[R] 03 00 00000000 00000000
[E] 01000048 01000048 0
[F] 01000048 00018063
[D] 01000048 63 00 03 00 0 00 00000000 00
[R] 03 00 00000000 00000000
[E] 01000048 01000048 0
[F] 01000048 00018063
[D] 01000048 63 00 03 00 0 00 00000000 00
[R] 03 00 00000000 00000000
[E] 01000048 01000048 0
[F] 01000048 00018063
[D] 01000048 63 00 03 00 0 00 00000000 00
[R] 03 00 00000000 00000000
[E] 01000048 01000048 0
[F] 01000048 00018063
[D] 01000048 63 00 03 00 0 00 00000000 00
[R] 03 00 00000000 00000000
[E] 01000048 01000048 0
[F] 01000048 00018063
[D] 01000048 63 00 03 00 0 00 00000000 00
[R] 03 00 00000000 00000000
[E] 01000048 01000048 0
[F] 01000048 00018063
[D] 01000048 63 00 03 00 0 00 00000000 00
[R] 03 00 00000000 00000000
[E] 01000048 01000048 0
[F] 01000048 00018063
[D] 01000048 63 00 03 00 0 00 00000000 00
[R] 03 00 00000000 00000000
[E] 01000048 01000048 0
[F] 01000048 00018063
[D] 01000048 63 00 03 00 0 00 00000000 00
[R] 03 00 00000000 00000000
[E] 01000048 01000048 0
[F] 01000048 00018063
[D] 01000048 63 00 03 00 0 00 00000000 00
[R] 03 00 00000000 00000000
[E] 01000048 01000048 0
[F] 01000048 00018063
[D] 01000048 63 00 03 00 0 00 00000000 00
[R] 03 00 00000000 00000000
[E] 01000048 01000048 0
[F] 01000048 00018063
[D] 01000048 63 00 03 00 0 00 00000000 00
[R] 03 00 00000000 00000000
[E] 01000048 01000048 0
[F] 01000048 00018063
[D] 01000048 63 00 03 00 0 00 00000000 00
[R] 03 00 00000000 00000000
[E] 01000048 01000048 0
[F] 01000048 00018063
[D] 01000048 63 00 03 00 0 00 00000000 00
[R] 03 00 00000000 00000000
[E] 01000048 01000048 0
[F] 01000048 00018063
[D] 01000048 63 00 03 00 0 00 00000000 00
[R] 03 00 00000000 00000000
[E] 01000048 01000048 0
[F] 01000048 00018063
[D] 01000048 63 00 03 00 0 00 00000000 00
[R] 03 00 00000000 00000000
[E] 01000048 01000048 0
[F] 01000048 00018063
[D] 01000048 63 00 03 00 0 00 00000000 00
[R] 03 00 00000000 00000000
[E] 01000048 01000048 0
[F] 01000048 00018063
[D] 01000048 63 00 03 00 0 00 00000000 00
[R] 03 00 00000000 00000000
[E] 01000048 01000048 0
[F] 01000048 00018063
[D] 01000048 63 00 03 00 0 00 00000000 00
[R] 03 00 00000000 00000000
[E] 01000048 01000048 0
[F] 01000048 00018063
[D] 01000048 63 00 03 00 0 00 00000000 00
[R] 03 00 00000000 00000000
[E] 01000048 01000048 0
[F] 01000048 00018063
[D] 01000048 63 00 03 00 0 00 00000000 00
[R] 03 00 00000000 00000000
[E] 01000048 01000048 0
[F] 01000048 00018063
[D] 01000048 63 00 03 00 0 00 00000000 00
[R] 03 00 00000000 00000000
[E] 01000048 01000048 0
[F] 01000048 00018063
[D] 01000048 63 00 03 00 0 00 00000000 00
[R] 03 00 00000000 00000000
[E] 01000048 01000048 0
[F] 01000048 00018063
[D] 01000048 63 00 03 00 0 00 00000000 00
[R] 03 00 00000000 00000000
[E] 01000048 01000048 0
[F] 01000048 00018063
[D] 01000048 63 00 03 00 0 00 00000000 00
[R] 03 00 00000000 00000000
[E] 01000048 01000048 0
[F] 01000048 00018063
[D] 01000048 63 00 03 00 0 00 00000000 00
[R] 03 00 00000000 00000000
[E] 01000048 01000048 0
[F] 01000048 00018063
[D] 01000048 63 00 03 00 0 00 00000000 00
[R] 03 00 00000000 00000000
[E] 01000048 01000048 0
[F] 01000048 00018063
[D] 01000048 63 00 03 00 0 00 00000000 00
[R] 03 00 00000000 00000000
[E] 01000048 01000048 0
[F] 01000048 00018063
[D] 01000048 63 00 03 00 0 00 00000000 00
[R] 03 00 00000000 00000000
[E] 01000048 01000048 0
[F] 01000048 00018063
[D] 01000048 63 00 03 00 0 00 00000000 00
[R] 03 00 00000000 00000000
[E] 01000048 01000048 0
[F] 01000048 00018063
[D] 01000048 63 00 03 00 0 00 00000000 00
[R] 03 00 00000000 00000000
[E] 01000048 01000048 0
[F] 01000048 00018063
[D] 01000048 63 00 03 00 0 00 00000000 00
[R] 03 00 00000000 00000000
[E] 01000048 01000048 0
[F] 01000048 00018063
[D] 01000048 63 00 03 00 0 00 00000000 00
[R] 03 00 00000000 00000000
[E] 01000048 01000048 0
[F] 01000048 00018063
[D] 01000048 63 00 03 00 0 00 00000000 00
[R] 03 00 00000000 00000000
[E] 01000048 01000048 0
[F] 01000048 00018063
[D] 01000048 63 00 03 00 0 00 00000000 00
[R] 03 00 00000000 00000000
[E] 01000048 01000048 0
[F] 01000048 00018063
[D] 01000048 63 00 03 00 0 00 00000000 00
[R] 03 00 00000000 00000000
[E] 01000048 01000048 0
[F] 01000048 00018063
[D] 01000048 63 00 03 00 0 00 00000000 00
[R] 03 00 00000000 00000000
[E] 01000048 01000048 0
[F] 01000048 00018063
[D] 01000048 63 00 03 00 0 00 00000000 00
[R] 03 00 00000000 00000000
[E] 01000048 01000048 0
[F] 01000048 00018063
[D] 01000048 63 00 03 00 0 00 00000000 00
[R] 03 00 00000000 00000000
[E] 01000048 01000048 0
[F] 01000048 00018063
[D] 01000048 63 00 03 00 0 00 00000000 00
[R] 03 00 00000000 00000000
[E] 01000048 01000048 0
[F] 01000048 00018063
[D] 01000048 63 00 03 00 0 00 00000000 00
[R] 03 00 00000000 00000000
[E] 01000048 01000048 0
[F] 01000048 00018063
[D] 01000048 63 00 03 00 0 00 00000000 00
[R] 03 00 00000000 00000000
[E] 01000048 01000048 0
[F] 01000048 00018063
[D] 01000048 63 00 03 00 0 00 00000000 00
[R] 03 00 00000000 00000000
[E] 01000048 01000048 0
[F] 01000048 00018063
[D] 01000048 63 00 03 00 0 00 00000000 00
[R] 03 00 00000000 00000000
[E] 01000048 01000048 0
[F] 01000048 00018063
[D] 01000048 63 00 03 00 0 00 00000000 00
[R] 03 00 00000000 00000000
[E] 01000048 01000048 0
[F] 01000048 00018063
[D] 01000048 63 00 03 00 0 00 00000000 00
[R] 03 00 00000000 00000000
[E] 01000048 01000048 0
[F] 01000048 00018063
[D] 01000048 63 00 03 00 0 00 00000000 00
[R] 03 00 00000000 00000000
[E] 01000048 01000048 0
[F] 01000048 00018063
[D] 01000048 63 00 03 00 0 00 00000000 00
[R] 03 00 00000000 00000000
[E] 01000048 01000048 0
[F] 01000048 00018063
[D] 01000048 63 00 03 00 0 00 00000000 00
[R] 03 00 00000000 00000000
[E] 01000048 01000048 0
[F] 01000048 00018063
[D] 01000048 63 00 03 00 0 00 00000000 00
[R] 03 00 00000000 00000000
[E] 01000048 01000048 0
[F] 01000048 00018063
[D] 01000048 63 00 03 00 0 00 00000000 00
[R] 03 00 00000000 00000000
[E] 01000048 01000048 0
[F] 01000048 00018063
[D] 01000048 63 00 03 00 0 00 00000000 00
[R] 03 00 00000000 00000000
[E] 01000048 01000048 0
[F] 01000048 00018063
[D] 01000048 63 00 03 00 0 00 00000000 00
[R] 03 00 00000000 00000000
[E] 01000048 01000048 0
[F] 01000048 00018063
[D] 01000048 63 00 03 00 0 00 00000000 00
[R] 03 00 00000000 00000000
[E] 01000048 01000048 0
[F] 01000048 00018063
[D] 01000048 63 00 03 00 0 00 00000000 00
[R] 03 00 00000000 00000000
[E] 01000048 01000048 0
[F] 01000048 00018063
[D] 01000048 63 00 03 00 0 00 00000000 00
