[F] 01000000 00000093
[D] 01000000 13 01 00 00 0 00 00000000 00
[R] 00 00 00000000 00000000
[E] 01000000 00000000 0
[M] 01000000 00000000 0 0 00000000
[W] 01000000 1 01 00000000
[F] 01000004 00000113
[D] 01000004 13 02 00 00 0 00 00000000 00
[R] 00 00 00000000 00000000
[E] 01000004 00000000 0
[M] 01000004 00000000 0 0 00000000
[W] 01000004 1 02 00000000
[F] 01000008 00208f33
[D] 01000008 33 1e 01 02 0 00 00000000 02
[R] 01 02 00000000 00000000
[E] 01000008 00000000 0
[M] 01000008 00000000 0 0 00000000
[W] 01000008 1 1e 00000000
[F] 0100000c 00000e93
[D] 0100000c 13 1d 00 00 0 00 00000000 00
[R] 00 00 00000000 00000000
[E] 0100000c 00000000 0
[M] 0100000c 00000000 0 0 00000000
[W] 0100000c 1 1d 00000000
[F] 01000010 00200193
[D] 01000010 13 03 00 02 0 00 00000002 02
[R] 00 02 00000000 00000000
[E] 01000010 00000002 0
[M] 01000010 00000002 0 0 00000000
[W] 01000010 1 03 00000002
[F] 01000014 4ddf1663
[D] 01000014 63 0c 1e 1d 1 26 000004cc 1d
[R] 1e 1d 00000000 00000000
[E] 01000014 010004e0 0
[M] 01000014 010004e0 0 1 00000000
[W] 01000014 0 0c 010004e0
[F] 01000018 00100093
[D] 01000018 13 01 00 01 0 00 00000001 01
[R] 00 01 00000000 00000000
[E] 01000018 00000001 0
[M] 01000018 00000001 0 0 00000000
[W] 01000018 1 01 00000001
[F] 0100001c 00100113
[D] 0100001c 13 02 00 01 0 00 00000001 01
[R] 00 01 00000000 00000001
[E] 0100001c 00000001 0
[M] 0100001c 00000001 0 0 00000001
[W] 0100001c 1 02 00000001
[F] 01000020 00208f33
[D] 01000020 33 1e 01 02 0 00 00000000 02
[R] 01 02 00000001 00000001
[E] 01000020 00000002 0
[M] 01000020 00000002 0 0 00000001
[W] 01000020 1 1e 00000002
[F] 01000024 00200e93
[D] 01000024 13 1d 00 02 0 00 00000002 02
[R] 00 02 00000000 00000001
[E] 01000024 00000002 0
[M] 01000024 00000002 0 0 00000001
[W] 01000024 1 1d 00000002
[F] 01000028 00300193
[D] 01000028 13 03 00 03 0 00 00000003 03
[R] 00 03 00000000 00000002
[E] 01000028 00000003 0
[M] 01000028 00000003 0 0 00000002
[W] 01000028 1 03 00000003
[F] 0100002c 4bdf1a63
[D] 0100002c 63 14 1e 1d 1 25 000004b4 1d
[R] 1e 1d 00000002 00000002
[E] 0100002c 010004e0 0
[M] 0100002c 010004e0 0 1 00000002
[W] 0100002c 0 14 010004e0
[F] 01000030 00300093
[D] 01000030 13 01 00 03 0 00 00000003 03
[R] 00 03 00000000 00000003
[E] 01000030 00000003 0
[M] 01000030 00000003 0 0 00000003
[W] 01000030 1 01 00000003
[F] 01000034 00700113
[D] 01000034 13 02 00 07 0 00 00000007 07
[R] 00 07 00000000 00000000
[E] 01000034 00000007 0
[M] 01000034 00000007 0 0 00000000
[W] 01000034 1 02 00000007
[F] 01000038 00208f33
[D] 01000038 33 1e 01 02 0 00 00000000 02
[R] 01 02 00000003 00000007
[E] 01000038 0000000a 0
[M] 01000038 0000000a 0 0 00000007
[W] 01000038 1 1e 0000000a
[F] 0100003c 00a00e93
[D] 0100003c 13 1d 00 0a 0 00 0000000a 0a
[R] 00 0a 00000000 00000000
[E] 0100003c 0000000a 0
[M] 0100003c 0000000a 0 0 00000000
[W] 0100003c 1 1d 0000000a
[F] 01000040 00400193
[D] 01000040 13 03 00 04 0 00 00000004 04
[R] 00 04 00000000 00000000
[E] 01000040 00000004 0
[M] 01000040 00000004 0 0 00000000
[W] 01000040 1 03 00000004
[F] 01000044 49df1e63
[D] 01000044 63 1c 1e 1d 1 24 0000049c 1d
[R] 1e 1d 0000000a 0000000a
[E] 01000044 010004e0 0
[M] 01000044 010004e0 0 1 0000000a
[W] 01000044 0 1c 010004e0
[F] 01000048 00000093
[D] 01000048 13 01 00 00 0 00 00000000 00
[R] 00 00 00000000 00000000
[E] 01000048 00000000 0
[M] 01000048 00000000 0 0 00000000
[W] 01000048 1 01 00000000
[F] 0100004c ffff8137
[D] 0100004c 37 02 00 1f 0 7f ffff8000 1f
[R] 00 1f 00000000 00000000
[E] 0100004c ffff8000 0
[M] 0100004c ffff8000 0 0 00000000
[W] 0100004c 1 02 ffff8000
[F] 01000050 00208f33
[D] 01000050 33 1e 01 02 0 00 00000000 02
[R] 01 02 00000000 ffff8000
[E] 01000050 ffff8000 0
[M] 01000050 ffff8000 0 0 ffff8000
[W] 01000050 1 1e ffff8000
[F] 01000054 ffff8eb7
[D] 01000054 37 1d 00 1f 0 7f ffff8000 1f
[R] 00 1f 00000000 00000000
[E] 01000054 ffff8000 0
[M] 01000054 ffff8000 0 0 00000000
[W] 01000054 1 1d ffff8000
[F] 01000058 00500193
[D] 01000058 13 03 00 05 0 00 00000005 05
[R] 00 05 00000000 00000000
[E] 01000058 00000005 0
[M] 01000058 00000005 0 0 00000000
[W] 01000058 1 03 00000005
[F] 0100005c 49df1263
[D] 0100005c 63 04 1e 1d 1 24 00000484 1d
[R] 1e 1d ffff8000 ffff8000
[E] 0100005c 010004e0 0
[M] 0100005c 010004e0 0 1 ffff8000
[W] 0100005c 0 04 010004e0
[F] 01000060 800000b7
[D] 01000060 37 01 00 00 0 40 80000000 00
[R] 00 00 00000000 00000000
[E] 01000060 80000000 0
[M] 01000060 80000000 0 0 00000000
[W] 01000060 1 01 80000000
[F] 01000064 00000113
[D] 01000064 13 02 00 00 0 00 00000000 00
[R] 00 00 00000000 00000000
[E] 01000064 00000000 0
[M] 01000064 00000000 0 0 00000000
[W] 01000064 1 02 00000000
[F] 01000068 00208f33
[D] 01000068 33 1e 01 02 0 00 00000000 02
[R] 01 02 80000000 00000000
[E] 01000068 80000000 0
[M] 01000068 80000000 0 0 00000000
[W] 01000068 1 1e 80000000
[F] 0100006c 80000eb7
[D] 0100006c 37 1d 00 00 0 40 80000000 00
[R] 00 00 00000000 00000000
[E] 0100006c 80000000 0
[M] 0100006c 80000000 0 0 00000000
[W] 0100006c 1 1d 80000000
[F] 01000070 00600193
[D] 01000070 13 03 00 06 0 00 00000006 06
[R] 00 06 00000000 00000000
[E] 01000070 00000006 0
[M] 01000070 00000006 0 0 00000000
[W] 01000070 1 03 00000006
[F] 01000074 47df1663
[D] 01000074 63 0c 1e 1d 1 23 0000046c 1d
[R] 1e 1d 80000000 80000000
[E] 01000074 010004e0 0
[M] 01000074 010004e0 0 1 80000000
[W] 01000074 0 0c 010004e0
[F] 01000078 800000b7
[D] 01000078 37 01 00 00 0 40 80000000 00
[R] 00 00 00000000 00000000
[E] 01000078 80000000 0
[M] 01000078 80000000 0 0 00000000
[W] 01000078 1 01 80000000
[F] 0100007c ffff8137
[D] 0100007c 37 02 00 1f 0 7f ffff8000 1f
[R] 00 1f 00000000 00000000
[E] 0100007c ffff8000 0
[M] 0100007c ffff8000 0 0 00000000
[W] 0100007c 1 02 ffff8000
[F] 01000080 00208f33
[D] 01000080 33 1e 01 02 0 00 00000000 02
[R] 01 02 80000000 ffff8000
[E] 01000080 7fff8000 0
[M] 01000080 7fff8000 0 0 ffff8000
[W] 01000080 1 1e 7fff8000
[F] 01000084 7fff8eb7
[D] 01000084 37 1d 00 1f 0 3f 7fff8000 1f
[R] 00 1f 00000000 00000000
[E] 01000084 7fff8000 0
[M] 01000084 7fff8000 0 0 00000000
[W] 01000084 1 1d 7fff8000
[F] 01000088 00700193
[D] 01000088 13 03 00 07 0 00 00000007 07
[R] 00 07 00000000 00000000
[E] 01000088 00000007 0
[M] 01000088 00000007 0 0 00000000
[W] 01000088 1 03 00000007
[F] 0100008c 45df1a63
[D] 0100008c 63 14 1e 1d 1 22 00000454 1d
[R] 1e 1d 7fff8000 7fff8000
[E] 0100008c 010004e0 0
[M] 0100008c 010004e0 0 1 7fff8000
[W] 0100008c 0 14 010004e0
[F] 01000090 00000093
[D] 01000090 13 01 00 00 0 00 00000000 00
[R] 00 00 00000000 00000000
[E] 01000090 00000000 0
[M] 01000090 00000000 0 0 00000000
[W] 01000090 1 01 00000000
[F] 01000094 00008137
[D] 01000094 37 02 00 00 0 00 00008000 00
[R] 00 00 00000000 00000000
[E] 01000094 00008000 0
[M] 01000094 00008000 0 0 00000000
[W] 01000094 1 02 00008000
[F] 01000098 fff10113
[D] 01000098 13 02 02 1f 0 7f ffffffff 1f
[R] 02 1f 00008000 00000000
[E] 01000098 00007fff 0
[M] 01000098 00007fff 0 0 00000000
[W] 01000098 1 02 00007fff
[F] 0100009c 00208f33
[D] 0100009c 33 1e 01 02 0 00 00000000 02
[R] 01 02 00000000 00007fff
[E] 0100009c 00007fff 0
[M] 0100009c 00007fff 0 0 00007fff
[W] 0100009c 1 1e 00007fff
[F] 010000a0 00008eb7
[D] 010000a0 37 1d 00 00 0 00 00008000 00
[R] 00 00 00000000 00000000
[E] 010000a0 00008000 0
[M] 010000a0 00008000 0 0 00000000
[W] 010000a0 1 1d 00008000
[F] 010000a4 fffe8e93
[D] 010000a4 13 1d 1d 1f 0 7f ffffffff 1f
[R] 1d 1f 00008000 00000000
[E] 010000a4 00007fff 0
[M] 010000a4 00007fff 0 0 00000000
[W] 010000a4 1 1d 00007fff
[F] 010000a8 00800193
[D] 010000a8 13 03 00 08 0 00 00000008 08
[R] 00 08 00000000 00000000
[E] 010000a8 00000008 0
[M] 010000a8 00000008 0 0 00000000
[W] 010000a8 1 03 00000008
[F] 010000ac 43df1a63
[D] 010000ac 63 14 1e 1d 1 21 00000434 1d
[R] 1e 1d 00007fff 00007fff
[E] 010000ac 010004e0 0
[M] 010000ac 010004e0 0 1 00007fff
[W] 010000ac 0 14 010004e0
[F] 010000b0 800000b7
[D] 010000b0 37 01 00 00 0 40 80000000 00
[R] 00 00 00000000 00000000
[E] 010000b0 80000000 0
[M] 010000b0 80000000 0 0 00000000
[W] 010000b0 1 01 80000000
[F] 010000b4 fff08093
[D] 010000b4 13 01 01 1f 0 7f ffffffff 1f
[R] 01 1f 80000000 00000000
[E] 010000b4 7fffffff 0
[M] 010000b4 7fffffff 0 0 00000000
[W] 010000b4 1 01 7fffffff
[F] 010000b8 00000113
[D] 010000b8 13 02 00 00 0 00 00000000 00
[R] 00 00 00000000 00000000
[E] 010000b8 00000000 0
[M] 010000b8 00000000 0 0 00000000
[W] 010000b8 1 02 00000000
[F] 010000bc 00208f33
[D] 010000bc 33 1e 01 02 0 00 00000000 02
[R] 01 02 7fffffff 00000000
[E] 010000bc 7fffffff 0
[M] 010000bc 7fffffff 0 0 00000000
[W] 010000bc 1 1e 7fffffff
[F] 010000c0 80000eb7
[D] 010000c0 37 1d 00 00 0 40 80000000 00
[R] 00 00 00000000 00000000
[E] 010000c0 80000000 0
[M] 010000c0 80000000 0 0 00000000
[W] 010000c0 1 1d 80000000
[F] 010000c4 fffe8e93
[D] 010000c4 13 1d 1d 1f 0 7f ffffffff 1f
[R] 1d 1f 80000000 00000000
[E] 010000c4 7fffffff 0
[M] 010000c4 7fffffff 0 0 00000000
[W] 010000c4 1 1d 7fffffff
[F] 010000c8 00900193
[D] 010000c8 13 03 00 09 0 00 00000009 09
[R] 00 09 00000000 00000000
[E] 010000c8 00000009 0
[M] 010000c8 00000009 0 0 00000000
[W] 010000c8 1 03 00000009
[F] 010000cc 41df1a63
[D] 010000cc 63 14 1e 1d 1 20 00000414 1d
[R] 1e 1d 7fffffff 7fffffff
[E] 010000cc 010004e0 0
[M] 010000cc 010004e0 0 1 7fffffff
[W] 010000cc 0 14 010004e0
[F] 010000d0 800000b7
[D] 010000d0 37 01 00 00 0 40 80000000 00
[R] 00 00 00000000 00000000
[E] 010000d0 80000000 0
[M] 010000d0 80000000 0 0 00000000
[W] 010000d0 1 01 80000000
[F] 010000d4 fff08093
[D] 010000d4 13 01 01 1f 0 7f ffffffff 1f
[R] 01 1f 80000000 00000000
[E] 010000d4 7fffffff 0
[M] 010000d4 7fffffff 0 0 00000000
[W] 010000d4 1 01 7fffffff
[F] 010000d8 00008137
[D] 010000d8 37 02 00 00 0 00 00008000 00
[R] 00 00 00000000 00000000
[E] 010000d8 00008000 0
[M] 010000d8 00008000 0 0 00000000
[W] 010000d8 1 02 00008000
[F] 010000dc fff10113
[D] 010000dc 13 02 02 1f 0 7f ffffffff 1f
[R] 02 1f 00008000 00000000
[E] 010000dc 00007fff 0
[M] 010000dc 00007fff 0 0 00000000
[W] 010000dc 1 02 00007fff
[F] 010000e0 00208f33
[D] 010000e0 33 1e 01 02 0 00 00000000 02
[R] 01 02 7fffffff 00007fff
[E] 010000e0 80007ffe 0
[M] 010000e0 80007ffe 0 0 00007fff
[W] 010000e0 1 1e 80007ffe
[F] 010000e4 80008eb7
[D] 010000e4 37 1d 00 00 0 40 80008000 00
[R] 00 00 00000000 00000000
[E] 010000e4 80008000 0
[M] 010000e4 80008000 0 0 00000000
[W] 010000e4 1 1d 80008000
[F] 010000e8 ffee8e93
[D] 010000e8 13 1d 1d 1e 0 7f fffffffe 1e
[R] 1d 1e 80008000 80007ffe
[E] 010000e8 80007ffe 0
[M] 010000e8 80007ffe 0 0 80007ffe
[W] 010000e8 1 1d 80007ffe
[F] 010000ec 00a00193
[D] 010000ec 13 03 00 0a 0 00 0000000a 0a
[R] 00 0a 00000000 00000000
[E] 010000ec 0000000a 0
[M] 010000ec 0000000a 0 0 00000000
[W] 010000ec 1 03 0000000a
[F] 010000f0 3fdf1863
[D] 010000f0 63 10 1e 1d 1 1f 000003f0 1d
[R] 1e 1d 80007ffe 80007ffe
[E] 010000f0 010004e0 0
[M] 010000f0 010004e0 0 1 80007ffe
[W] 010000f0 0 10 010004e0
[F] 010000f4 800000b7
[D] 010000f4 37 01 00 00 0 40 80000000 00
[R] 00 00 00000000 00000000
[E] 010000f4 80000000 0
[M] 010000f4 80000000 0 0 00000000
[W] 010000f4 1 01 80000000
[F] 010000f8 00008137
[D] 010000f8 37 02 00 00 0 00 00008000 00
[R] 00 00 00000000 00000000
[E] 010000f8 00008000 0
[M] 010000f8 00008000 0 0 00000000
[W] 010000f8 1 02 00008000
[F] 010000fc fff10113
[D] 010000fc 13 02 02 1f 0 7f ffffffff 1f
[R] 02 1f 00008000 00000000
[E] 010000fc 00007fff 0
[M] 010000fc 00007fff 0 0 00000000
[W] 010000fc 1 02 00007fff
[F] 01000100 00208f33
[D] 01000100 33 1e 01 02 0 00 00000000 02
[R] 01 02 80000000 00007fff
[E] 01000100 80007fff 0
[M] 01000100 80007fff 0 0 00007fff
[W] 01000100 1 1e 80007fff
[F] 01000104 80008eb7
[D] 01000104 37 1d 00 00 0 40 80008000 00
[R] 00 00 00000000 00000000
[E] 01000104 80008000 0
[M] 01000104 80008000 0 0 00000000
[W] 01000104 1 1d 80008000
[F] 01000108 fffe8e93
[D] 01000108 13 1d 1d 1f 0 7f ffffffff 1f
[R] 1d 1f 80008000 00000000
[E] 01000108 80007fff 0
[M] 01000108 80007fff 0 0 00000000
[W] 01000108 1 1d 80007fff
[F] 0100010c 00b00193
[D] 0100010c 13 03 00 0b 0 00 0000000b 0b
[R] 00 0b 00000000 00000000
[E] 0100010c 0000000b 0
[M] 0100010c 0000000b 0 0 00000000
[W] 0100010c 1 03 0000000b
[F] 01000110 3ddf1863
[D] 01000110 63 10 1e 1d 1 1e 000003d0 1d
[R] 1e 1d 80007fff 80007fff
[E] 01000110 010004e0 0
[M] 01000110 010004e0 0 1 80007fff
[W] 01000110 0 10 010004e0
[F] 01000114 800000b7
[D] 01000114 37 01 00 00 0 40 80000000 00
[R] 00 00 00000000 00000000
[E] 01000114 80000000 0
[M] 01000114 80000000 0 0 00000000
[W] 01000114 1 01 80000000
[F] 01000118 fff08093
[D] 01000118 13 01 01 1f 0 7f ffffffff 1f
[R] 01 1f 80000000 00000000
[E] 01000118 7fffffff 0
[M] 01000118 7fffffff 0 0 00000000
[W] 01000118 1 01 7fffffff
[F] 0100011c ffff8137
[D] 0100011c 37 02 00 1f 0 7f ffff8000 1f
[R] 00 1f 00000000 00000000
[E] 0100011c ffff8000 0
[M] 0100011c ffff8000 0 0 00000000
[W] 0100011c 1 02 ffff8000
[F] 01000120 00208f33
[D] 01000120 33 1e 01 02 0 00 00000000 02
[R] 01 02 7fffffff ffff8000
[E] 01000120 7fff7fff 0
[M] 01000120 7fff7fff 0 0 ffff8000
[W] 01000120 1 1e 7fff7fff
[F] 01000124 7fff8eb7
[D] 01000124 37 1d 00 1f 0 3f 7fff8000 1f
[R] 00 1f 00000000 00000000
[E] 01000124 7fff8000 0
[M] 01000124 7fff8000 0 0 00000000
[W] 01000124 1 1d 7fff8000
[F] 01000128 fffe8e93
[D] 01000128 13 1d 1d 1f 0 7f ffffffff 1f
[R] 1d 1f 7fff8000 00000000
[E] 01000128 7fff7fff 0
[M] 01000128 7fff7fff 0 0 00000000
[W] 01000128 1 1d 7fff7fff
[F] 0100012c 00c00193
[D] 0100012c 13 03 00 0c 0 00 0000000c 0c
[R] 00 0c 00000000 00000000
[E] 0100012c 0000000c 0
[M] 0100012c 0000000c 0 0 00000000
[W] 0100012c 1 03 0000000c
[F] 01000130 3bdf1863
[D] 01000130 63 10 1e 1d 1 1d 000003b0 1d
[R] 1e 1d 7fff7fff 7fff7fff
[E] 01000130 010004e0 0
[M] 01000130 010004e0 0 1 7fff7fff
[W] 01000130 0 10 010004e0
[F] 01000134 00000093
[D] 01000134 13 01 00 00 0 00 00000000 00
[R] 00 00 00000000 00000000
[E] 01000134 00000000 0
[M] 01000134 00000000 0 0 00000000
[W] 01000134 1 01 00000000
[F] 01000138 fff00113
[D] 01000138 13 02 00 1f 0 7f ffffffff 1f
[R] 00 1f 00000000 00000000
[E] 01000138 ffffffff 0
[M] 01000138 ffffffff 0 0 00000000
[W] 01000138 1 02 ffffffff
[F] 0100013c 00208f33
[D] 0100013c 33 1e 01 02 0 00 00000000 02
[R] 01 02 00000000 ffffffff
[E] 0100013c ffffffff 0
[M] 0100013c ffffffff 0 0 ffffffff
[W] 0100013c 1 1e ffffffff
[F] 01000140 fff00e93
[D] 01000140 13 1d 00 1f 0 7f ffffffff 1f
[R] 00 1f 00000000 00000000
[E] 01000140 ffffffff 0
[M] 01000140 ffffffff 0 0 00000000
[W] 01000140 1 1d ffffffff
[F] 01000144 00d00193
[D] 01000144 13 03 00 0d 0 00 0000000d 0d
[R] 00 0d 00000000 00000000
[E] 01000144 0000000d 0
[M] 01000144 0000000d 0 0 00000000
[W] 01000144 1 03 0000000d
[F] 01000148 39df1c63
[D] 01000148 63 18 1e 1d 1 1c 00000398 1d
[R] 1e 1d ffffffff ffffffff
[E] 01000148 010004e0 0
[M] 01000148 010004e0 0 1 ffffffff
[W] 01000148 0 18 010004e0
[F] 0100014c fff00093
[D] 0100014c 13 01 00 1f 0 7f ffffffff 1f
[R] 00 1f 00000000 00000000
[E] 0100014c ffffffff 0
[M] 0100014c ffffffff 0 0 00000000
[W] 0100014c 1 01 ffffffff
[F] 01000150 00100113
[D] 01000150 13 02 00 01 0 00 00000001 01
[R] 00 01 00000000 ffffffff
[E] 01000150 00000001 0
[M] 01000150 00000001 0 0 ffffffff
[W] 01000150 1 02 00000001
[F] 01000154 00208f33
[D] 01000154 33 1e 01 02 0 00 00000000 02
[R] 01 02 ffffffff 00000001
[E] 01000154 00000000 0
[M] 01000154 00000000 0 0 00000001
[W] 01000154 1 1e 00000000
[F] 01000158 00000e93
[D] 01000158 13 1d 00 00 0 00 00000000 00
[R] 00 00 00000000 00000000
[E] 01000158 00000000 0
[M] 01000158 00000000 0 0 00000000
[W] 01000158 1 1d 00000000
[F] 0100015c 00e00193
[D] 0100015c 13 03 00 0e 0 00 0000000e 0e
[R] 00 0e 00000000 00000000
[E] 0100015c 0000000e 0
[M] 0100015c 0000000e 0 0 00000000
[W] 0100015c 1 03 0000000e
[F] 01000160 39df1063
[D] 01000160 63 00 1e 1d 1 1c 00000380 1d
[R] 1e 1d 00000000 00000000
[E] 01000160 010004e0 0
[M] 01000160 010004e0 0 1 00000000
[W] 01000160 0 00 010004e0
[F] 01000164 fff00093
[D] 01000164 13 01 00 1f 0 7f ffffffff 1f
[R] 00 1f 00000000 00000000
[E] 01000164 ffffffff 0
[M] 01000164 ffffffff 0 0 00000000
[W] 01000164 1 01 ffffffff
[F] 01000168 fff00113
[D] 01000168 13 02 00 1f 0 7f ffffffff 1f
[R] 00 1f 00000000 00000000
[E] 01000168 ffffffff 0
[M] 01000168 ffffffff 0 0 00000000
[W] 01000168 1 02 ffffffff
[F] 0100016c 00208f33
[D] 0100016c 33 1e 01 02 0 00 00000000 02
[R] 01 02 ffffffff ffffffff
[E] 0100016c fffffffe 0
[M] 0100016c fffffffe 0 0 ffffffff
[W] 0100016c 1 1e fffffffe
[F] 01000170 ffe00e93
[D] 01000170 13 1d 00 1e 0 7f fffffffe 1e
[R] 00 1e 00000000 fffffffe
[E] 01000170 fffffffe 0
[M] 01000170 fffffffe 0 0 fffffffe
[W] 01000170 1 1d fffffffe
[F] 01000174 00f00193
[D] 01000174 13 03 00 0f 0 00 0000000f 0f
[R] 00 0f 00000000 00000000
[E] 01000174 0000000f 0
[M] 01000174 0000000f 0 0 00000000
[W] 01000174 1 03 0000000f
[F] 01000178 37df1463
[D] 01000178 63 08 1e 1d 1 1b 00000368 1d
[R] 1e 1d fffffffe fffffffe
[E] 01000178 010004e0 0
[M] 01000178 010004e0 0 1 fffffffe
[W] 01000178 0 08 010004e0
[F] 0100017c 00100093
[D] 0100017c 13 01 00 01 0 00 00000001 01
[R] 00 01 00000000 ffffffff
[E] 0100017c 00000001 0
[M] 0100017c 00000001 0 0 ffffffff
[W] 0100017c 1 01 00000001
[F] 01000180 80000137
[D] 01000180 37 02 00 00 0 40 80000000 00
[R] 00 00 00000000 00000000
[E] 01000180 80000000 0
[M] 01000180 80000000 0 0 00000000
[W] 01000180 1 02 80000000
[F] 01000184 fff10113
[D] 01000184 13 02 02 1f 0 7f ffffffff 1f
[R] 02 1f 80000000 00000000
[E] 01000184 7fffffff 0
[M] 01000184 7fffffff 0 0 00000000
[W] 01000184 1 02 7fffffff
[F] 01000188 00208f33
[D] 01000188 33 1e 01 02 0 00 00000000 02
[R] 01 02 00000001 7fffffff
[E] 01000188 80000000 0
[M] 01000188 80000000 0 0 7fffffff
[W] 01000188 1 1e 80000000
[F] 0100018c 80000eb7
[D] 0100018c 37 1d 00 00 0 40 80000000 00
[R] 00 00 00000000 00000000
[E] 0100018c 80000000 0
[M] 0100018c 80000000 0 0 00000000
[W] 0100018c 1 1d 80000000
[F] 01000190 01000193
[D] 01000190 13 03 00 10 0 00 00000010 10
[R] 00 10 00000000 00000000
[E] 01000190 00000010 0
[M] 01000190 00000010 0 0 00000000
[W] 01000190 1 03 00000010
[F] 01000194 35df1663
[D] 01000194 63 0c 1e 1d 1 1a 0000034c 1d
[R] 1e 1d 80000000 80000000
[E] 01000194 010004e0 0
[M] 01000194 010004e0 0 1 80000000
[W] 01000194 0 0c 010004e0
[F] 01000198 00d00093
[D] 01000198 13 01 00 0d 0 00 0000000d 0d
[R] 00 0d 00000000 00000000
[E] 01000198 0000000d 0
[M] 01000198 0000000d 0 0 00000000
[W] 01000198 1 01 0000000d
[F] 0100019c 00b00113
[D] 0100019c 13 02 00 0b 0 00 0000000b 0b
[R] 00 0b 00000000 00000000
[E] 0100019c 0000000b 0
[M] 0100019c 0000000b 0 0 00000000
[W] 0100019c 1 02 0000000b
[F] 010001a0 002080b3
[D] 010001a0 33 01 01 02 0 00 00000000 02
[R] 01 02 0000000d 0000000b
[E] 010001a0 00000018 0
[M] 010001a0 00000018 0 0 0000000b
[W] 010001a0 1 01 00000018
[F] 010001a4 01800e93
[D] 010001a4 13 1d 00 18 0 00 00000018 18
[R] 00 18 00000000 00000000
[E] 010001a4 00000018 0
[M] 010001a4 00000018 0 0 00000000
[W] 010001a4 1 1d 00000018
[F] 010001a8 01100193
[D] 010001a8 13 03 00 11 0 00 00000011 11
[R] 00 11 00000000 00000000
[E] 010001a8 00000011 0
[M] 010001a8 00000011 0 0 00000000
[W] 010001a8 1 03 00000011
[F] 010001ac 33d09a63
[D] 010001ac 63 14 01 1d 1 19 00000334 1d
[R] 01 1d 00000018 00000018
[E] 010001ac 010004e0 0
[M] 010001ac 010004e0 0 1 00000018
[W] 010001ac 0 14 010004e0
[F] 010001b0 00e00093
[D] 010001b0 13 01 00 0e 0 00 0000000e 0e
[R] 00 0e 00000000 00000000
[E] 010001b0 0000000e 0
[M] 010001b0 0000000e 0 0 00000000
[W] 010001b0 1 01 0000000e
[F] 010001b4 00b00113
[D] 010001b4 13 02 00 0b 0 00 0000000b 0b
[R] 00 0b 00000000 00000000
[E] 010001b4 0000000b 0
[M] 010001b4 0000000b 0 0 00000000
[W] 010001b4 1 02 0000000b
[F] 010001b8 00208133
[D] 010001b8 33 02 01 02 0 00 00000000 02
[R] 01 02 0000000e 0000000b
[E] 010001b8 00000019 0
[M] 010001b8 00000019 0 0 0000000b
[W] 010001b8 1 02 00000019
[F] 010001bc 01900e93
[D] 010001bc 13 1d 00 19 0 00 00000019 19
[R] 00 19 00000000 00000000
[E] 010001bc 00000019 0
[M] 010001bc 00000019 0 0 00000000
[W] 010001bc 1 1d 00000019
[F] 010001c0 01200193
[D] 010001c0 13 03 00 12 0 00 00000012 12
[R] 00 12 00000000 00000000
[E] 010001c0 00000012 0
[M] 010001c0 00000012 0 0 00000000
[W] 010001c0 1 03 00000012
[F] 010001c4 31d11e63
[D] 010001c4 63 1c 02 1d 1 18 0000031c 1d
[R] 02 1d 00000019 00000019
[E] 010001c4 010004e0 0
[M] 010001c4 010004e0 0 1 00000019
[W] 010001c4 0 1c 010004e0
[F] 010001c8 00d00093
[D] 010001c8 13 01 00 0d 0 00 0000000d 0d
[R] 00 0d 00000000 00000000
[E] 010001c8 0000000d 0
[M] 010001c8 0000000d 0 0 00000000
[W] 010001c8 1 01 0000000d
[F] 010001cc 001080b3
[D] 010001cc 33 01 01 01 0 00 00000000 01
[R] 01 01 0000000d 0000000d
[E] 010001cc 0000001a 0
[M] 010001cc 0000001a 0 0 0000000d
[W] 010001cc 1 01 0000001a
[F] 010001d0 01a00e93
[D] 010001d0 13 1d 00 1a 0 00 0000001a 1a
[R] 00 1a 00000000 00000000
[E] 010001d0 0000001a 0
[M] 010001d0 0000001a 0 0 00000000
[W] 010001d0 1 1d 0000001a
[F] 010001d4 01300193
[D] 010001d4 13 03 00 13 0 00 00000013 13
[R] 00 13 00000000 00000000
[E] 010001d4 00000013 0
[M] 010001d4 00000013 0 0 00000000
[W] 010001d4 1 03 00000013
[F] 010001d8 31d09463
[D] 010001d8 63 08 01 1d 1 18 00000308 1d
[R] 01 1d 0000001a 0000001a
[E] 010001d8 010004e0 0
[M] 010001d8 010004e0 0 1 0000001a
[W] 010001d8 0 08 010004e0
[F] 010001dc 00000213
[D] 010001dc 13 04 00 00 0 00 00000000 00
[R] 00 00 00000000 00000000
[E] 010001dc 00000000 0
[M] 010001dc 00000000 0 0 00000000
[W] 010001dc 1 04 00000000
[F] 010001e0 00d00093
[D] 010001e0 13 01 00 0d 0 00 0000000d 0d
[R] 00 0d 00000000 00000000
[E] 010001e0 0000000d 0
[M] 010001e0 0000000d 0 0 00000000
[W] 010001e0 1 01 0000000d
[F] 010001e4 00b00113
[D] 010001e4 13 02 00 0b 0 00 0000000b 0b
[R] 00 0b 00000000 00000000
[E] 010001e4 0000000b 0
[M] 010001e4 0000000b 0 0 00000000
[W] 010001e4 1 02 0000000b
[F] 010001e8 00208f33
[D] 010001e8 33 1e 01 02 0 00 00000000 02
[R] 01 02 0000000d 0000000b
[E] 010001e8 00000018 0
[M] 010001e8 00000018 0 0 0000000b
[W] 010001e8 1 1e 00000018
[F] 010001ec 000f0313
[D] 010001ec 13 06 1e 00 0 00 00000000 00
[R] 1e 00 00000018 00000000
[E] 010001ec 00000018 0
[M] 010001ec 00000018 0 0 00000000
[W] 010001ec 1 06 00000018
[F] 010001f0 00120213
[D] 010001f0 13 04 04 01 0 00 00000001 01
[R] 04 01 00000000 0000000d
[E] 010001f0 00000001 0
[M] 010001f0 00000001 0 0 0000000d
[W] 010001f0 1 04 00000001
[F] 010001f4 00200293
[D] 010001f4 13 05 00 02 0 00 00000002 02
[R] 00 02 00000000 0000000b
[E] 010001f4 00000002 0
[M] 010001f4 00000002 0 0 0000000b
[W] 010001f4 1 05 00000002
[F] 010001f8 fe5214e3
[D] 010001f8 63 09 04 05 1 7f ffffffe8 05
[R] 04 05 00000001 00000002
[E] 010001f8 010001e0 0
[M] 010001f8 010001e0 0 1 00000002
[W] 010001f8 0 09 010001e0
[F] 010001e0 00d00093
[D] 010001e0 13 01 00 0d 0 00 0000000d 0d
[R] 00 0d 00000000 00000000
[E] 010001e0 0000000d 0
[M] 010001e0 0000000d 0 0 00000000
[W] 010001e0 1 01 0000000d
[F] 010001e4 00b00113
[D] 010001e4 13 02 00 0b 0 00 0000000b 0b
[R] 00 0b 00000000 00000000
[E] 010001e4 0000000b 0
[M] 010001e4 0000000b 0 0 00000000
[W] 010001e4 1 02 0000000b
[F] 010001e8 00208f33
[D] 010001e8 33 1e 01 02 0 00 00000000 02
[R] 01 02 0000000d 0000000b
[E] 010001e8 00000018 0
[M] 010001e8 00000018 0 0 0000000b
[W] 010001e8 1 1e 00000018
[F] 010001ec 000f0313
[D] 010001ec 13 06 1e 00 0 00 00000000 00
[R] 1e 00 00000018 00000000
[E] 010001ec 00000018 0
[M] 010001ec 00000018 0 0 00000000
[W] 010001ec 1 06 00000018
[F] 010001f0 00120213
[D] 010001f0 13 04 04 01 0 00 00000001 01
[R] 04 01 00000001 0000000d
[E] 010001f0 00000002 0
[M] 010001f0 00000002 0 0 0000000d
[W] 010001f0 1 04 00000002
[F] 010001f4 00200293
[D] 010001f4 13 05 00 02 0 00 00000002 02
[R] 00 02 00000000 0000000b
[E] 010001f4 00000002 0
[M] 010001f4 00000002 0 0 0000000b
[W] 010001f4 1 05 00000002
[F] 010001f8 fe5214e3
[D] 010001f8 63 09 04 05 1 7f ffffffe8 05
[R] 04 05 00000002 00000002
[E] 010001f8 010001e0 0
[M] 010001f8 010001e0 0 1 00000002
[W] 010001f8 0 09 010001e0
[F] 010001fc 01800e93
[D] 010001fc 13 1d 00 18 0 00 00000018 18
[R] 00 18 00000000 00000000
[E] 010001fc 00000018 0
[M] 010001fc 00000018 0 0 00000000
[W] 010001fc 1 1d 00000018
[F] 01000200 01400193
[D] 01000200 13 03 00 14 0 00 00000014 14
[R] 00 14 00000000 00000000
[E] 01000200 00000014 0
[M] 01000200 00000014 0 0 00000000
[W] 01000200 1 03 00000014
[F] 01000204 2dd31e63
[D] 01000204 63 1c 06 1d 1 16 000002dc 1d
[R] 06 1d 00000018 00000018
[E] 01000204 010004e0 0
[M] 01000204 010004e0 0 1 00000018
[W] 01000204 0 1c 010004e0
[F] 01000208 00000213
[D] 01000208 13 04 00 00 0 00 00000000 00
[R] 00 00 00000000 00000000
[E] 01000208 00000000 0
[M] 01000208 00000000 0 0 00000000
[W] 01000208 1 04 00000000
[F] 0100020c 00e00093
[D] 0100020c 13 01 00 0e 0 00 0000000e 0e
[R] 00 0e 00000000 00000000
[E] 0100020c 0000000e 0
[M] 0100020c 0000000e 0 0 00000000
[W] 0100020c 1 01 0000000e
[F] 01000210 00b00113
[D] 01000210 13 02 00 0b 0 00 0000000b 0b
[R] 00 0b 00000000 00000000
[E] 01000210 0000000b 0
[M] 01000210 0000000b 0 0 00000000
[W] 01000210 1 02 0000000b
[F] 01000214 00208f33
[D] 01000214 33 1e 01 02 0 00 00000000 02
[R] 01 02 0000000e 0000000b
[E] 01000214 00000019 0
[M] 01000214 00000019 0 0 0000000b
[W] 01000214 1 1e 00000019
[F] 01000218 00000013
[D] 01000218 13 00 00 00 0 00 00000000 00
[R] 00 00 00000000 00000000
[E] 01000218 00000000 0
[M] 01000218 00000000 0 0 00000000
[W] 01000218 1 00 00000000
[F] 0100021c 000f0313
[D] 0100021c 13 06 1e 00 0 00 00000000 00
[R] 1e 00 00000019 00000000
[E] 0100021c 00000019 0
[M] 0100021c 00000019 0 0 00000000
[W] 0100021c 1 06 00000019
[F] 01000220 00120213
[D] 01000220 13 04 04 01 0 00 00000001 01
[R] 04 01 00000000 0000000e
[E] 01000220 00000001 0
[M] 01000220 00000001 0 0 0000000e
[W] 01000220 1 04 00000001
[F] 01000224 00200293
[D] 01000224 13 05 00 02 0 00 00000002 02
[R] 00 02 00000000 0000000b
[E] 01000224 00000002 0
[M] 01000224 00000002 0 0 0000000b
[W] 01000224 1 05 00000002
[F] 01000228 fe5212e3
[D] 01000228 63 05 04 05 1 7f ffffffe4 05
[R] 04 05 00000001 00000002
[E] 01000228 0100020c 0
[M] 01000228 0100020c 0 1 00000002
[W] 01000228 0 05 0100020c
[F] 0100020c 00e00093
[D] 0100020c 13 01 00 0e 0 00 0000000e 0e
[R] 00 0e 00000000 00000000
[E] 0100020c 0000000e 0
[M] 0100020c 0000000e 0 0 00000000
[W] 0100020c 1 01 0000000e
[F] 01000210 00b00113
[D] 01000210 13 02 00 0b 0 00 0000000b 0b
[R] 00 0b 00000000 00000000
[E] 01000210 0000000b 0
[M] 01000210 0000000b 0 0 00000000
[W] 01000210 1 02 0000000b
[F] 01000214 00208f33
[D] 01000214 33 1e 01 02 0 00 00000000 02
[R] 01 02 0000000e 0000000b
[E] 01000214 00000019 0
[M] 01000214 00000019 0 0 0000000b
[W] 01000214 1 1e 00000019
[F] 01000218 00000013
[D] 01000218 13 00 00 00 0 00 00000000 00
[R] 00 00 00000000 00000000
[E] 01000218 00000000 0
[M] 01000218 00000000 0 0 00000000
[W] 01000218 1 00 00000000
[F] 0100021c 000f0313
[D] 0100021c 13 06 1e 00 0 00 00000000 00
[R] 1e 00 00000019 00000000
[E] 0100021c 00000019 0
[M] 0100021c 00000019 0 0 00000000
[W] 0100021c 1 06 00000019
[F] 01000220 00120213
[D] 01000220 13 04 04 01 0 00 00000001 01
[R] 04 01 00000001 0000000e
[E] 01000220 00000002 0
[M] 01000220 00000002 0 0 0000000e
[W] 01000220 1 04 00000002
[F] 01000224 00200293
[D] 01000224 13 05 00 02 0 00 00000002 02
[R] 00 02 00000000 0000000b
[E] 01000224 00000002 0
[M] 01000224 00000002 0 0 0000000b
[W] 01000224 1 05 00000002
[F] 01000228 fe5212e3
[D] 01000228 63 05 04 05 1 7f ffffffe4 05
[R] 04 05 00000002 00000002
[E] 01000228 0100020c 0
[M] 01000228 0100020c 0 1 00000002
[W] 01000228 0 05 0100020c
[F] 0100022c 01900e93
[D] 0100022c 13 1d 00 19 0 00 00000019 19
[R] 00 19 00000000 00000000
[E] 0100022c 00000019 0
[M] 0100022c 00000019 0 0 00000000
[W] 0100022c 1 1d 00000019
[F] 01000230 01500193
[D] 01000230 13 03 00 15 0 00 00000015 15
[R] 00 15 00000000 00000000
[E] 01000230 00000015 0
[M] 01000230 00000015 0 0 00000000
[W] 01000230 1 03 00000015
[F] 01000234 2bd31663
[D] 01000234 63 0c 06 1d 1 15 000002ac 1d
[R] 06 1d 00000019 00000019
[E] 01000234 010004e0 0
[M] 01000234 010004e0 0 1 00000019
[W] 01000234 0 0c 010004e0
[F] 01000238 00000213
[D] 01000238 13 04 00 00 0 00 00000000 00
[R] 00 00 00000000 00000000
[E] 01000238 00000000 0
[M] 01000238 00000000 0 0 00000000
[W] 01000238 1 04 00000000
[F] 0100023c 00f00093
[D] 0100023c 13 01 00 0f 0 00 0000000f 0f
[R] 00 0f 00000000 00000000
[E] 0100023c 0000000f 0
[M] 0100023c 0000000f 0 0 00000000
[W] 0100023c 1 01 0000000f
[F] 01000240 00b00113
[D] 01000240 13 02 00 0b 0 00 0000000b 0b
[R] 00 0b 00000000 00000000
[E] 01000240 0000000b 0
[M] 01000240 0000000b 0 0 00000000
[W] 01000240 1 02 0000000b
[F] 01000244 00208f33
[D] 01000244 33 1e 01 02 0 00 00000000 02
[R] 01 02 0000000f 0000000b
[E] 01000244 0000001a 0
[M] 01000244 0000001a 0 0 0000000b
[W] 01000244 1 1e 0000001a
[F] 01000248 00000013
[D] 01000248 13 00 00 00 0 00 00000000 00
[R] 00 00 00000000 00000000
[E] 01000248 00000000 0
[M] 01000248 00000000 0 0 00000000
[W] 01000248 1 00 00000000
[F] 0100024c 00000013
[D] 0100024c 13 00 00 00 0 00 00000000 00
[R] 00 00 00000000 00000000
[E] 0100024c 00000000 0
[M] 0100024c 00000000 0 0 00000000
[W] 0100024c 1 00 00000000
[F] 01000250 000f0313
[D] 01000250 13 06 1e 00 0 00 00000000 00
[R] 1e 00 0000001a 00000000
[E] 01000250 0000001a 0
[M] 01000250 0000001a 0 0 00000000
[W] 01000250 1 06 0000001a
[F] 01000254 00120213
[D] 01000254 13 04 04 01 0 00 00000001 01
[R] 04 01 00000000 0000000f
[E] 01000254 00000001 0
[M] 01000254 00000001 0 0 0000000f
[W] 01000254 1 04 00000001
[F] 01000258 00200293
[D] 01000258 13 05 00 02 0 00 00000002 02
[R] 00 02 00000000 0000000b
[E] 01000258 00000002 0
[M] 01000258 00000002 0 0 0000000b
[W] 01000258 1 05 00000002
[F] 0100025c fe5210e3
[D] 0100025c 63 01 04 05 1 7f ffffffe0 05
[R] 04 05 00000001 00000002
[E] 0100025c 0100023c 0
[M] 0100025c 0100023c 0 1 00000002
[W] 0100025c 0 01 0100023c
[F] 0100023c 00f00093
[D] 0100023c 13 01 00 0f 0 00 0000000f 0f
[R] 00 0f 00000000 00000000
[E] 0100023c 0000000f 0
[M] 0100023c 0000000f 0 0 00000000
[W] 0100023c 1 01 0000000f
[F] 01000240 00b00113
[D] 01000240 13 02 00 0b 0 00 0000000b 0b
[R] 00 0b 00000000 00000000
[E] 01000240 0000000b 0
[M] 01000240 0000000b 0 0 00000000
[W] 01000240 1 02 0000000b
[F] 01000244 00208f33
[D] 01000244 33 1e 01 02 0 00 00000000 02
[R] 01 02 0000000f 0000000b
[E] 01000244 0000001a 0
[M] 01000244 0000001a 0 0 0000000b
[W] 01000244 1 1e 0000001a
[F] 01000248 00000013
[D] 01000248 13 00 00 00 0 00 00000000 00
[R] 00 00 00000000 00000000
[E] 01000248 00000000 0
[M] 01000248 00000000 0 0 00000000
[W] 01000248 1 00 00000000
[F] 0100024c 00000013
[D] 0100024c 13 00 00 00 0 00 00000000 00
[R] 00 00 00000000 00000000
[E] 0100024c 00000000 0
[M] 0100024c 00000000 0 0 00000000
[W] 0100024c 1 00 00000000
[F] 01000250 000f0313
[D] 01000250 13 06 1e 00 0 00 00000000 00
[R] 1e 00 0000001a 00000000
[E] 01000250 0000001a 0
[M] 01000250 0000001a 0 0 00000000
[W] 01000250 1 06 0000001a
[F] 01000254 00120213
[D] 01000254 13 04 04 01 0 00 00000001 01
[R] 04 01 00000001 0000000f
[E] 01000254 00000002 0
[M] 01000254 00000002 0 0 0000000f
[W] 01000254 1 04 00000002
[F] 01000258 00200293
[D] 01000258 13 05 00 02 0 00 00000002 02
[R] 00 02 00000000 0000000b
[E] 01000258 00000002 0
[M] 01000258 00000002 0 0 0000000b
[W] 01000258 1 05 00000002
[F] 0100025c fe5210e3
[D] 0100025c 63 01 04 05 1 7f ffffffe0 05
[R] 04 05 00000002 00000002
[E] 0100025c 0100023c 0
[M] 0100025c 0100023c 0 1 00000002
[W] 0100025c 0 01 0100023c
[F] 01000260 01a00e93
[D] 01000260 13 1d 00 1a 0 00 0000001a 1a
[R] 00 1a 00000000 00000000
[E] 01000260 0000001a 0
[M] 01000260 0000001a 0 0 00000000
[W] 01000260 1 1d 0000001a
[F] 01000264 01600193
[D] 01000264 13 03 00 16 0 00 00000016 16
[R] 00 16 00000000 00000000
[E] 01000264 00000016 0
[M] 01000264 00000016 0 0 00000000
[W] 01000264 1 03 00000016
[F] 01000268 27d31c63
[D] 01000268 63 18 06 1d 1 13 00000278 1d
[R] 06 1d 0000001a 0000001a
[E] 01000268 010004e0 0
[M] 01000268 010004e0 0 1 0000001a
[W] 01000268 0 18 010004e0
[F] 0100026c 00000213
[D] 0100026c 13 04 00 00 0 00 00000000 00
[R] 00 00 00000000 00000000
[E] 0100026c 00000000 0
[M] 0100026c 00000000 0 0 00000000
[W] 0100026c 1 04 00000000
[F] 01000270 00d00093
[D] 01000270 13 01 00 0d 0 00 0000000d 0d
[R] 00 0d 00000000 00000000
[E] 01000270 0000000d 0
[M] 01000270 0000000d 0 0 00000000
[W] 01000270 1 01 0000000d
[F] 01000274 00b00113
[D] 01000274 13 02 00 0b 0 00 0000000b 0b
[R] 00 0b 00000000 00000000
[E] 01000274 0000000b 0
[M] 01000274 0000000b 0 0 00000000
[W] 01000274 1 02 0000000b
[F] 01000278 00208f33
[D] 01000278 33 1e 01 02 0 00 00000000 02
[R] 01 02 0000000d 0000000b
[E] 01000278 00000018 0
[M] 01000278 00000018 0 0 0000000b
[W] 01000278 1 1e 00000018
[F] 0100027c 00120213
[D] 0100027c 13 04 04 01 0 00 00000001 01
[R] 04 01 00000000 0000000d
[E] 0100027c 00000001 0
[M] 0100027c 00000001 0 0 0000000d
[W] 0100027c 1 04 00000001
[F] 01000280 00200293
[D] 01000280 13 05 00 02 0 00 00000002 02
[R] 00 02 00000000 0000000b
[E] 01000280 00000002 0
[M] 01000280 00000002 0 0 0000000b
[W] 01000280 1 05 00000002
[F] 01000284 fe5216e3
[D] 01000284 63 0d 04 05 1 7f ffffffec 05
[R] 04 05 00000001 00000002
[E] 01000284 01000270 0
[M] 01000284 01000270 0 1 00000002
[W] 01000284 0 0d 01000270
[F] 01000270 00d00093
[D] 01000270 13 01 00 0d 0 00 0000000d 0d
[R] 00 0d 00000000 00000000
[E] 01000270 0000000d 0
[M] 01000270 0000000d 0 0 00000000
[W] 01000270 1 01 0000000d
[F] 01000274 00b00113
[D] 01000274 13 02 00 0b 0 00 0000000b 0b
[R] 00 0b 00000000 00000000
[E] 01000274 0000000b 0
[M] 01000274 0000000b 0 0 00000000
[W] 01000274 1 02 0000000b
[F] 01000278 00208f33
[D] 01000278 33 1e 01 02 0 00 00000000 02
[R] 01 02 0000000d 0000000b
[E] 01000278 00000018 0
[M] 01000278 00000018 0 0 0000000b
[W] 01000278 1 1e 00000018
[F] 0100027c 00120213
[D] 0100027c 13 04 04 01 0 00 00000001 01
[R] 04 01 00000001 0000000d
[E] 0100027c 00000002 0
[M] 0100027c 00000002 0 0 0000000d
[W] 0100027c 1 04 00000002
[F] 01000280 00200293
[D] 01000280 13 05 00 02 0 00 00000002 02
[R] 00 02 00000000 0000000b
[E] 01000280 00000002 0
[M] 01000280 00000002 0 0 0000000b
[W] 01000280 1 05 00000002
[F] 01000284 fe5216e3
[D] 01000284 63 0d 04 05 1 7f ffffffec 05
[R] 04 05 00000002 00000002
[E] 01000284 01000270 0
[M] 01000284 01000270 0 1 00000002
[W] 01000284 0 0d 01000270
[F] 01000288 01800e93
[D] 01000288 13 1d 00 18 0 00 00000018 18
[R] 00 18 00000000 00000000
[E] 01000288 00000018 0
[M] 01000288 00000018 0 0 00000000
[W] 01000288 1 1d 00000018
[F] 0100028c 01700193
[D] 0100028c 13 03 00 17 0 00 00000017 17
[R] 00 17 00000000 00000000
[E] 0100028c 00000017 0
[M] 0100028c 00000017 0 0 00000000
[W] 0100028c 1 03 00000017
[F] 01000290 25df1863
[D] 01000290 63 10 1e 1d 1 12 00000250 1d
[R] 1e 1d 00000018 00000018
[E] 01000290 010004e0 0
[M] 01000290 010004e0 0 1 00000018
[W] 01000290 0 10 010004e0
[F] 01000294 00000213
[D] 01000294 13 04 00 00 0 00 00000000 00
[R] 00 00 00000000 00000000
[E] 01000294 00000000 0
[M] 01000294 00000000 0 0 00000000
[W] 01000294 1 04 00000000
[F] 01000298 00e00093
[D] 01000298 13 01 00 0e 0 00 0000000e 0e
[R] 00 0e 00000000 00000000
[E] 01000298 0000000e 0
[M] 01000298 0000000e 0 0 00000000
[W] 01000298 1 01 0000000e
[F] 0100029c 00b00113
[D] 0100029c 13 02 00 0b 0 00 0000000b 0b
[R] 00 0b 00000000 00000000
[E] 0100029c 0000000b 0
[M] 0100029c 0000000b 0 0 00000000
[W] 0100029c 1 02 0000000b
[F] 010002a0 00000013
[D] 010002a0 13 00 00 00 0 00 00000000 00
[R] 00 00 00000000 00000000
[E] 010002a0 00000000 0
[M] 010002a0 00000000 0 0 00000000
[W] 010002a0 1 00 00000000
[F] 010002a4 00208f33
[D] 010002a4 33 1e 01 02 0 00 00000000 02
[R] 01 02 0000000e 0000000b
[E] 010002a4 00000019 0
[M] 010002a4 00000019 0 0 0000000b
[W] 010002a4 1 1e 00000019
[F] 010002a8 00120213
[D] 010002a8 13 04 04 01 0 00 00000001 01
[R] 04 01 00000000 0000000e
[E] 010002a8 00000001 0
[M] 010002a8 00000001 0 0 0000000e
[W] 010002a8 1 04 00000001
[F] 010002ac 00200293
[D] 010002ac 13 05 00 02 0 00 00000002 02
[R] 00 02 00000000 0000000b
[E] 010002ac 00000002 0
[M] 010002ac 00000002 0 0 0000000b
[W] 010002ac 1 05 00000002
[F] 010002b0 fe5214e3
[D] 010002b0 63 09 04 05 1 7f ffffffe8 05
[R] 04 05 00000001 00000002
[E] 010002b0 01000298 0
[M] 010002b0 01000298 0 1 00000002
[W] 010002b0 0 09 01000298
[F] 01000298 00e00093
[D] 01000298 13 01 00 0e 0 00 0000000e 0e
[R] 00 0e 00000000 00000000
[E] 01000298 0000000e 0
[M] 01000298 0000000e 0 0 00000000
[W] 01000298 1 01 0000000e
[F] 0100029c 00b00113
[D] 0100029c 13 02 00 0b 0 00 0000000b 0b
[R] 00 0b 00000000 00000000
[E] 0100029c 0000000b 0
[M] 0100029c 0000000b 0 0 00000000
[W] 0100029c 1 02 0000000b
[F] 010002a0 00000013
[D] 010002a0 13 00 00 00 0 00 00000000 00
[R] 00 00 00000000 00000000
[E] 010002a0 00000000 0
[M] 010002a0 00000000 0 0 00000000
[W] 010002a0 1 00 00000000
[F] 010002a4 00208f33
[D] 010002a4 33 1e 01 02 0 00 00000000 02
[R] 01 02 0000000e 0000000b
[E] 010002a4 00000019 0
[M] 010002a4 00000019 0 0 0000000b
[W] 010002a4 1 1e 00000019
[F] 010002a8 00120213
[D] 010002a8 13 04 04 01 0 00 00000001 01
[R] 04 01 00000001 0000000e
[E] 010002a8 00000002 0
[M] 010002a8 00000002 0 0 0000000e
[W] 010002a8 1 04 00000002
[F] 010002ac 00200293
[D] 010002ac 13 05 00 02 0 00 00000002 02
[R] 00 02 00000000 0000000b
[E] 010002ac 00000002 0
[M] 010002ac 00000002 0 0 0000000b
[W] 010002ac 1 05 00000002
[F] 010002b0 fe5214e3
[D] 010002b0 63 09 04 05 1 7f ffffffe8 05
[R] 04 05 00000002 00000002
[E] 010002b0 01000298 0
[M] 010002b0 01000298 0 1 00000002
[W] 010002b0 0 09 01000298
[F] 010002b4 01900e93
[D] 010002b4 13 1d 00 19 0 00 00000019 19
[R] 00 19 00000000 00000000
[E] 010002b4 00000019 0
[M] 010002b4 00000019 0 0 00000000
[W] 010002b4 1 1d 00000019
[F] 010002b8 01800193
[D] 010002b8 13 03 00 18 0 00 00000018 18
[R] 00 18 00000000 00000000
[E] 010002b8 00000018 0
[M] 010002b8 00000018 0 0 00000000
[W] 010002b8 1 03 00000018
[F] 010002bc 23df1263
[D] 010002bc 63 04 1e 1d 1 11 00000224 1d
[R] 1e 1d 00000019 00000019
[E] 010002bc 010004e0 0
[M] 010002bc 010004e0 0 1 00000019
[W] 010002bc 0 04 010004e0
[F] 010002c0 00000213
[D] 010002c0 13 04 00 00 0 00 00000000 00
[R] 00 00 00000000 00000000
[E] 010002c0 00000000 0
[M] 010002c0 00000000 0 0 00000000
[W] 010002c0 1 04 00000000
[F] 010002c4 00f00093
[D] 010002c4 13 01 00 0f 0 00 0000000f 0f
[R] 00 0f 00000000 00000000
[E] 010002c4 0000000f 0
[M] 010002c4 0000000f 0 0 00000000
[W] 010002c4 1 01 0000000f
[F] 010002c8 00b00113
[D] 010002c8 13 02 00 0b 0 00 0000000b 0b
[R] 00 0b 00000000 00000000
[E] 010002c8 0000000b 0
[M] 010002c8 0000000b 0 0 00000000
[W] 010002c8 1 02 0000000b
[F] 010002cc 00000013
[D] 010002cc 13 00 00 00 0 00 00000000 00
[R] 00 00 00000000 00000000
[E] 010002cc 00000000 0
[M] 010002cc 00000000 0 0 00000000
[W] 010002cc 1 00 00000000
[F] 010002d0 00000013
[D] 010002d0 13 00 00 00 0 00 00000000 00
[R] 00 00 00000000 00000000
[E] 010002d0 00000000 0
[M] 010002d0 00000000 0 0 00000000
[W] 010002d0 1 00 00000000
[F] 010002d4 00208f33
[D] 010002d4 33 1e 01 02 0 00 00000000 02
[R] 01 02 0000000f 0000000b
[E] 010002d4 0000001a 0
[M] 010002d4 0000001a 0 0 0000000b
[W] 010002d4 1 1e 0000001a
[F] 010002d8 00120213
[D] 010002d8 13 04 04 01 0 00 00000001 01
[R] 04 01 00000000 0000000f
[E] 010002d8 00000001 0
[M] 010002d8 00000001 0 0 0000000f
[W] 010002d8 1 04 00000001
[F] 010002dc 00200293
[D] 010002dc 13 05 00 02 0 00 00000002 02
[R] 00 02 00000000 0000000b
[E] 010002dc 00000002 0
[M] 010002dc 00000002 0 0 0000000b
[W] 010002dc 1 05 00000002
[F] 010002e0 fe5212e3
[D] 010002e0 63 05 04 05 1 7f ffffffe4 05
[R] 04 05 00000001 00000002
[E] 010002e0 010002c4 0
[M] 010002e0 010002c4 0 1 00000002
[W] 010002e0 0 05 010002c4
[F] 010002c4 00f00093
[D] 010002c4 13 01 00 0f 0 00 0000000f 0f
[R] 00 0f 00000000 00000000
[E] 010002c4 0000000f 0
[M] 010002c4 0000000f 0 0 00000000
[W] 010002c4 1 01 0000000f
[F] 010002c8 00b00113
[D] 010002c8 13 02 00 0b 0 00 0000000b 0b
[R] 00 0b 00000000 00000000
[E] 010002c8 0000000b 0
[M] 010002c8 0000000b 0 0 00000000
[W] 010002c8 1 02 0000000b
[F] 010002cc 00000013
[D] 010002cc 13 00 00 00 0 00 00000000 00
[R] 00 00 00000000 00000000
[E] 010002cc 00000000 0
[M] 010002cc 00000000 0 0 00000000
[W] 010002cc 1 00 00000000
[F] 010002d0 00000013
[D] 010002d0 13 00 00 00 0 00 00000000 00
[R] 00 00 00000000 00000000
[E] 010002d0 00000000 0
[M] 010002d0 00000000 0 0 00000000
[W] 010002d0 1 00 00000000
[F] 010002d4 00208f33
[D] 010002d4 33 1e 01 02 0 00 00000000 02
[R] 01 02 0000000f 0000000b
[E] 010002d4 0000001a 0
[M] 010002d4 0000001a 0 0 0000000b
[W] 010002d4 1 1e 0000001a
[F] 010002d8 00120213
[D] 010002d8 13 04 04 01 0 00 00000001 01
[R] 04 01 00000001 0000000f
[E] 010002d8 00000002 0
[M] 010002d8 00000002 0 0 0000000f
[W] 010002d8 1 04 00000002
[F] 010002dc 00200293
[D] 010002dc 13 05 00 02 0 00 00000002 02
[R] 00 02 00000000 0000000b
[E] 010002dc 00000002 0
[M] 010002dc 00000002 0 0 0000000b
[W] 010002dc 1 05 00000002
[F] 010002e0 fe5212e3
[D] 010002e0 63 05 04 05 1 7f ffffffe4 05
[R] 04 05 00000002 00000002
[E] 010002e0 010002c4 0
[M] 010002e0 010002c4 0 1 00000002
[W] 010002e0 0 05 010002c4
[F] 010002e4 01a00e93
[D] 010002e4 13 1d 00 1a 0 00 0000001a 1a
[R] 00 1a 00000000 00000000
[E] 010002e4 0000001a 0
[M] 010002e4 0000001a 0 0 00000000
[W] 010002e4 1 1d 0000001a
[F] 010002e8 01900193
[D] 010002e8 13 03 00 19 0 00 00000019 19
[R] 00 19 00000000 00000000
[E] 010002e8 00000019 0
[M] 010002e8 00000019 0 0 00000000
[W] 010002e8 1 03 00000019
[F] 010002ec 1fdf1a63
[D] 010002ec 63 14 1e 1d 1 0f 000001f4 1d
[R] 1e 1d 0000001a 0000001a
[E] 010002ec 010004e0 0
[M] 010002ec 010004e0 0 1 0000001a
[W] 010002ec 0 14 010004e0
[F] 010002f0 00000213
[D] 010002f0 13 04 00 00 0 00 00000000 00
[R] 00 00 00000000 00000000
[E] 010002f0 00000000 0
[M] 010002f0 00000000 0 0 00000000
[W] 010002f0 1 04 00000000
[F] 010002f4 00d00093
[D] 010002f4 13 01 00 0d 0 00 0000000d 0d
[R] 00 0d 00000000 00000000
[E] 010002f4 0000000d 0
[M] 010002f4 0000000d 0 0 00000000
[W] 010002f4 1 01 0000000d
[F] 010002f8 00000013
[D] 010002f8 13 00 00 00 0 00 00000000 00
[R] 00 00 00000000 00000000
[E] 010002f8 00000000 0
[M] 010002f8 00000000 0 0 00000000
[W] 010002f8 1 00 00000000
[F] 010002fc 00b00113
[D] 010002fc 13 02 00 0b 0 00 0000000b 0b
[R] 00 0b 00000000 00000000
[E] 010002fc 0000000b 0
[M] 010002fc 0000000b 0 0 00000000
[W] 010002fc 1 02 0000000b
[F] 01000300 00208f33
[D] 01000300 33 1e 01 02 0 00 00000000 02
[R] 01 02 0000000d 0000000b
[E] 01000300 00000018 0
[M] 01000300 00000018 0 0 0000000b
[W] 01000300 1 1e 00000018
[F] 01000304 00120213
[D] 01000304 13 04 04 01 0 00 00000001 01
[R] 04 01 00000000 0000000d
[E] 01000304 00000001 0
[M] 01000304 00000001 0 0 0000000d
[W] 01000304 1 04 00000001
[F] 01000308 00200293
[D] 01000308 13 05 00 02 0 00 00000002 02
[R] 00 02 00000000 0000000b
[E] 01000308 00000002 0
[M] 01000308 00000002 0 0 0000000b
[W] 01000308 1 05 00000002
[F] 0100030c fe5214e3
[D] 0100030c 63 09 04 05 1 7f ffffffe8 05
[R] 04 05 00000001 00000002
[E] 0100030c 010002f4 0
[M] 0100030c 010002f4 0 1 00000002
[W] 0100030c 0 09 010002f4
[F] 010002f4 00d00093
[D] 010002f4 13 01 00 0d 0 00 0000000d 0d
[R] 00 0d 00000000 00000000
[E] 010002f4 0000000d 0
[M] 010002f4 0000000d 0 0 00000000
[W] 010002f4 1 01 0000000d
[F] 010002f8 00000013
[D] 010002f8 13 00 00 00 0 00 00000000 00
[R] 00 00 00000000 00000000
[E] 010002f8 00000000 0
[M] 010002f8 00000000 0 0 00000000
[W] 010002f8 1 00 00000000
[F] 010002fc 00b00113
[D] 010002fc 13 02 00 0b 0 00 0000000b 0b
[R] 00 0b 00000000 00000000
[E] 010002fc 0000000b 0
[M] 010002fc 0000000b 0 0 00000000
[W] 010002fc 1 02 0000000b
[F] 01000300 00208f33
[D] 01000300 33 1e 01 02 0 00 00000000 02
[R] 01 02 0000000d 0000000b
[E] 01000300 00000018 0
[M] 01000300 00000018 0 0 0000000b
[W] 01000300 1 1e 00000018
[F] 01000304 00120213
[D] 01000304 13 04 04 01 0 00 00000001 01
[R] 04 01 00000001 0000000d
[E] 01000304 00000002 0
[M] 01000304 00000002 0 0 0000000d
[W] 01000304 1 04 00000002
[F] 01000308 00200293
[D] 01000308 13 05 00 02 0 00 00000002 02
[R] 00 02 00000000 0000000b
[E] 01000308 00000002 0
[M] 01000308 00000002 0 0 0000000b
[W] 01000308 1 05 00000002
[F] 0100030c fe5214e3
[D] 0100030c 63 09 04 05 1 7f ffffffe8 05
[R] 04 05 00000002 00000002
[E] 0100030c 010002f4 0
[M] 0100030c 010002f4 0 1 00000002
[W] 0100030c 0 09 010002f4
[F] 01000310 01800e93
[D] 01000310 13 1d 00 18 0 00 00000018 18
[R] 00 18 00000000 00000000
[E] 01000310 00000018 0
[M] 01000310 00000018 0 0 00000000
[W] 01000310 1 1d 00000018
[F] 01000314 01a00193
[D] 01000314 13 03 00 1a 0 00 0000001a 1a
[R] 00 1a 00000000 00000000
[E] 01000314 0000001a 0
[M] 01000314 0000001a 0 0 00000000
[W] 01000314 1 03 0000001a
[F] 01000318 1ddf1463
[D] 01000318 63 08 1e 1d 1 0e 000001c8 1d
[R] 1e 1d 00000018 00000018
[E] 01000318 010004e0 0
[M] 01000318 010004e0 0 1 00000018
[W] 01000318 0 08 010004e0
[F] 0100031c 00000213
[D] 0100031c 13 04 00 00 0 00 00000000 00
[R] 00 00 00000000 00000000
[E] 0100031c 00000000 0
[M] 0100031c 00000000 0 0 00000000
[W] 0100031c 1 04 00000000
[F] 01000320 00e00093
[D] 01000320 13 01 00 0e 0 00 0000000e 0e
[R] 00 0e 00000000 00000000
[E] 01000320 0000000e 0
[M] 01000320 0000000e 0 0 00000000
[W] 01000320 1 01 0000000e
[F] 01000324 00000013
[D] 01000324 13 00 00 00 0 00 00000000 00
[R] 00 00 00000000 00000000
[E] 01000324 00000000 0
[M] 01000324 00000000 0 0 00000000
[W] 01000324 1 00 00000000
[F] 01000328 00b00113
[D] 01000328 13 02 00 0b 0 00 0000000b 0b
[R] 00 0b 00000000 00000000
[E] 01000328 0000000b 0
[M] 01000328 0000000b 0 0 00000000
[W] 01000328 1 02 0000000b
[F] 0100032c 00000013
[D] 0100032c 13 00 00 00 0 00 00000000 00
[R] 00 00 00000000 00000000
[E] 0100032c 00000000 0
[M] 0100032c 00000000 0 0 00000000
[W] 0100032c 1 00 00000000
[F] 01000330 00208f33
[D] 01000330 33 1e 01 02 0 00 00000000 02
[R] 01 02 0000000e 0000000b
[E] 01000330 00000019 0
[M] 01000330 00000019 0 0 0000000b
[W] 01000330 1 1e 00000019
[F] 01000334 00120213
[D] 01000334 13 04 04 01 0 00 00000001 01
[R] 04 01 00000000 0000000e
[E] 01000334 00000001 0
[M] 01000334 00000001 0 0 0000000e
[W] 01000334 1 04 00000001
[F] 01000338 00200293
[D] 01000338 13 05 00 02 0 00 00000002 02
[R] 00 02 00000000 0000000b
[E] 01000338 00000002 0
[M] 01000338 00000002 0 0 0000000b
[W] 01000338 1 05 00000002
[F] 0100033c fe5212e3
[D] 0100033c 63 05 04 05 1 7f ffffffe4 05
[R] 04 05 00000001 00000002
[E] 0100033c 01000320 0
[M] 0100033c 01000320 0 1 00000002
[W] 0100033c 0 05 01000320
[F] 01000320 00e00093
[D] 01000320 13 01 00 0e 0 00 0000000e 0e
[R] 00 0e 00000000 00000000
[E] 01000320 0000000e 0
[M] 01000320 0000000e 0 0 00000000
[W] 01000320 1 01 0000000e
[F] 01000324 00000013
[D] 01000324 13 00 00 00 0 00 00000000 00
[R] 00 00 00000000 00000000
[E] 01000324 00000000 0
[M] 01000324 00000000 0 0 00000000
[W] 01000324 1 00 00000000
[F] 01000328 00b00113
[D] 01000328 13 02 00 0b 0 00 0000000b 0b
[R] 00 0b 00000000 00000000
[E] 01000328 0000000b 0
[M] 01000328 0000000b 0 0 00000000
[W] 01000328 1 02 0000000b
[F] 0100032c 00000013
[D] 0100032c 13 00 00 00 0 00 00000000 00
[R] 00 00 00000000 00000000
[E] 0100032c 00000000 0
[M] 0100032c 00000000 0 0 00000000
[W] 0100032c 1 00 00000000
[F] 01000330 00208f33
[D] 01000330 33 1e 01 02 0 00 00000000 02
[R] 01 02 0000000e 0000000b
[E] 01000330 00000019 0
[M] 01000330 00000019 0 0 0000000b
[W] 01000330 1 1e 00000019
[F] 01000334 00120213
[D] 01000334 13 04 04 01 0 00 00000001 01
[R] 04 01 00000001 0000000e
[E] 01000334 00000002 0
[M] 01000334 00000002 0 0 0000000e
[W] 01000334 1 04 00000002
[F] 01000338 00200293
[D] 01000338 13 05 00 02 0 00 00000002 02
[R] 00 02 00000000 0000000b
[E] 01000338 00000002 0
[M] 01000338 00000002 0 0 0000000b
[W] 01000338 1 05 00000002
[F] 0100033c fe5212e3
[D] 0100033c 63 05 04 05 1 7f ffffffe4 05
[R] 04 05 00000002 00000002
[E] 0100033c 01000320 0
[M] 0100033c 01000320 0 1 00000002
[W] 0100033c 0 05 01000320
[F] 01000340 01900e93
[D] 01000340 13 1d 00 19 0 00 00000019 19
[R] 00 19 00000000 00000000
[E] 01000340 00000019 0
[M] 01000340 00000019 0 0 00000000
[W] 01000340 1 1d 00000019
[F] 01000344 01b00193
[D] 01000344 13 03 00 1b 0 00 0000001b 1b
[R] 00 1b 00000000 00000000
[E] 01000344 0000001b 0
[M] 01000344 0000001b 0 0 00000000
[W] 01000344 1 03 0000001b
[F] 01000348 19df1c63
[D] 01000348 63 18 1e 1d 1 0c 00000198 1d
[R] 1e 1d 00000019 00000019
[E] 01000348 010004e0 0
[M] 01000348 010004e0 0 1 00000019
[W] 01000348 0 18 010004e0
[F] 0100034c 00000213
[D] 0100034c 13 04 00 00 0 00 00000000 00
[R] 00 00 00000000 00000000
[E] 0100034c 00000000 0
[M] 0100034c 00000000 0 0 00000000
[W] 0100034c 1 04 00000000
[F] 01000350 00f00093
[D] 01000350 13 01 00 0f 0 00 0000000f 0f
[R] 00 0f 00000000 00000000
[E] 01000350 0000000f 0
[M] 01000350 0000000f 0 0 00000000
[W] 01000350 1 01 0000000f
[F] 01000354 00000013
[D] 01000354 13 00 00 00 0 00 00000000 00
[R] 00 00 00000000 00000000
[E] 01000354 00000000 0
[M] 01000354 00000000 0 0 00000000
[W] 01000354 1 00 00000000
[F] 01000358 00000013
[D] 01000358 13 00 00 00 0 00 00000000 00
[R] 00 00 00000000 00000000
[E] 01000358 00000000 0
[M] 01000358 00000000 0 0 00000000
[W] 01000358 1 00 00000000
[F] 0100035c 00b00113
[D] 0100035c 13 02 00 0b 0 00 0000000b 0b
[R] 00 0b 00000000 00000000
[E] 0100035c 0000000b 0
[M] 0100035c 0000000b 0 0 00000000
[W] 0100035c 1 02 0000000b
[F] 01000360 00208f33
[D] 01000360 33 1e 01 02 0 00 00000000 02
[R] 01 02 0000000f 0000000b
[E] 01000360 0000001a 0
[M] 01000360 0000001a 0 0 0000000b
[W] 01000360 1 1e 0000001a
[F] 01000364 00120213
[D] 01000364 13 04 04 01 0 00 00000001 01
[R] 04 01 00000000 0000000f
[E] 01000364 00000001 0
[M] 01000364 00000001 0 0 0000000f
[W] 01000364 1 04 00000001
[F] 01000368 00200293
[D] 01000368 13 05 00 02 0 00 00000002 02
[R] 00 02 00000000 0000000b
[E] 01000368 00000002 0
[M] 01000368 00000002 0 0 0000000b
[W] 01000368 1 05 00000002
[F] 0100036c fe5212e3
[D] 0100036c 63 05 04 05 1 7f ffffffe4 05
[R] 04 05 00000001 00000002
[E] 0100036c 01000350 0
[M] 0100036c 01000350 0 1 00000002
[W] 0100036c 0 05 01000350
[F] 01000350 00f00093
[D] 01000350 13 01 00 0f 0 00 0000000f 0f
[R] 00 0f 00000000 00000000
[E] 01000350 0000000f 0
[M] 01000350 0000000f 0 0 00000000
[W] 01000350 1 01 0000000f
[F] 01000354 00000013
[D] 01000354 13 00 00 00 0 00 00000000 00
[R] 00 00 00000000 00000000
[E] 01000354 00000000 0
[M] 01000354 00000000 0 0 00000000
[W] 01000354 1 00 00000000
[F] 01000358 00000013
[D] 01000358 13 00 00 00 0 00 00000000 00
[R] 00 00 00000000 00000000
[E] 01000358 00000000 0
[M] 01000358 00000000 0 0 00000000
[W] 01000358 1 00 00000000
[F] 0100035c 00b00113
[D] 0100035c 13 02 00 0b 0 00 0000000b 0b
[R] 00 0b 00000000 00000000
[E] 0100035c 0000000b 0
[M] 0100035c 0000000b 0 0 00000000
[W] 0100035c 1 02 0000000b
[F] 01000360 00208f33
[D] 01000360 33 1e 01 02 0 00 00000000 02
[R] 01 02 0000000f 0000000b
[E] 01000360 0000001a 0
[M] 01000360 0000001a 0 0 0000000b
[W] 01000360 1 1e 0000001a
[F] 01000364 00120213
[D] 01000364 13 04 04 01 0 00 00000001 01
[R] 04 01 00000001 0000000f
[E] 01000364 00000002 0
[M] 01000364 00000002 0 0 0000000f
[W] 01000364 1 04 00000002
[F] 01000368 00200293
[D] 01000368 13 05 00 02 0 00 00000002 02
[R] 00 02 00000000 0000000b
[E] 01000368 00000002 0
[M] 01000368 00000002 0 0 0000000b
[W] 01000368 1 05 00000002
[F] 0100036c fe5212e3
[D] 0100036c 63 05 04 05 1 7f ffffffe4 05
[R] 04 05 00000002 00000002
[E] 0100036c 01000350 0
[M] 0100036c 01000350 0 1 00000002
[W] 0100036c 0 05 01000350
[F] 01000370 01a00e93
[D] 01000370 13 1d 00 1a 0 00 0000001a 1a
[R] 00 1a 00000000 00000000
[E] 01000370 0000001a 0
[M] 01000370 0000001a 0 0 00000000
[W] 01000370 1 1d 0000001a
[F] 01000374 01c00193
[D] 01000374 13 03 00 1c 0 00 0000001c 1c
[R] 00 1c 00000000 00000000
[E] 01000374 0000001c 0
[M] 01000374 0000001c 0 0 00000000
[W] 01000374 1 03 0000001c
[F] 01000378 17df1463
[D] 01000378 63 08 1e 1d 1 0b 00000168 1d
[R] 1e 1d 0000001a 0000001a
[E] 01000378 010004e0 0
[M] 01000378 010004e0 0 1 0000001a
[W] 01000378 0 08 010004e0
[F] 0100037c 00000213
[D] 0100037c 13 04 00 00 0 00 00000000 00
[R] 00 00 00000000 00000000
[E] 0100037c 00000000 0
[M] 0100037c 00000000 0 0 00000000
[W] 0100037c 1 04 00000000
[F] 01000380 00b00113
[D] 01000380 13 02 00 0b 0 00 0000000b 0b
[R] 00 0b 00000000 00000000
[E] 01000380 0000000b 0
[M] 01000380 0000000b 0 0 00000000
[W] 01000380 1 02 0000000b
[F] 01000384 00d00093
[D] 01000384 13 01 00 0d 0 00 0000000d 0d
[R] 00 0d 00000000 00000000
[E] 01000384 0000000d 0
[M] 01000384 0000000d 0 0 00000000
[W] 01000384 1 01 0000000d
[F] 01000388 00208f33
[D] 01000388 33 1e 01 02 0 00 00000000 02
[R] 01 02 0000000d 0000000b
[E] 01000388 00000018 0
[M] 01000388 00000018 0 0 0000000b
[W] 01000388 1 1e 00000018
[F] 0100038c 00120213
[D] 0100038c 13 04 04 01 0 00 00000001 01
[R] 04 01 00000000 0000000d
[E] 0100038c 00000001 0
[M] 0100038c 00000001 0 0 0000000d
[W] 0100038c 1 04 00000001
[F] 01000390 00200293
[D] 01000390 13 05 00 02 0 00 00000002 02
[R] 00 02 00000000 0000000b
[E] 01000390 00000002 0
[M] 01000390 00000002 0 0 0000000b
[W] 01000390 1 05 00000002
[F] 01000394 fe5216e3
[D] 01000394 63 0d 04 05 1 7f ffffffec 05
[R] 04 05 00000001 00000002
[E] 01000394 01000380 0
[M] 01000394 01000380 0 1 00000002
[W] 01000394 0 0d 01000380
[F] 01000380 00b00113
[D] 01000380 13 02 00 0b 0 00 0000000b 0b
[R] 00 0b 00000000 00000000
[E] 01000380 0000000b 0
[M] 01000380 0000000b 0 0 00000000
[W] 01000380 1 02 0000000b
[F] 01000384 00d00093
[D] 01000384 13 01 00 0d 0 00 0000000d 0d
[R] 00 0d 00000000 00000000
[E] 01000384 0000000d 0
[M] 01000384 0000000d 0 0 00000000
[W] 01000384 1 01 0000000d
[F] 01000388 00208f33
[D] 01000388 33 1e 01 02 0 00 00000000 02
[R] 01 02 0000000d 0000000b
[E] 01000388 00000018 0
[M] 01000388 00000018 0 0 0000000b
[W] 01000388 1 1e 00000018
[F] 0100038c 00120213
[D] 0100038c 13 04 04 01 0 00 00000001 01
[R] 04 01 00000001 0000000d
[E] 0100038c 00000002 0
[M] 0100038c 00000002 0 0 0000000d
[W] 0100038c 1 04 00000002
[F] 01000390 00200293
[D] 01000390 13 05 00 02 0 00 00000002 02
[R] 00 02 00000000 0000000b
[E] 01000390 00000002 0
[M] 01000390 00000002 0 0 0000000b
[W] 01000390 1 05 00000002
[F] 01000394 fe5216e3
[D] 01000394 63 0d 04 05 1 7f ffffffec 05
[R] 04 05 00000002 00000002
[E] 01000394 01000380 0
[M] 01000394 01000380 0 1 00000002
[W] 01000394 0 0d 01000380
[F] 01000398 01800e93
[D] 01000398 13 1d 00 18 0 00 00000018 18
[R] 00 18 00000000 00000000
[E] 01000398 00000018 0
[M] 01000398 00000018 0 0 00000000
[W] 01000398 1 1d 00000018
[F] 0100039c 01d00193
[D] 0100039c 13 03 00 1d 0 00 0000001d 1d
[R] 00 1d 00000000 00000018
[E] 0100039c 0000001d 0
[M] 0100039c 0000001d 0 0 00000018
[W] 0100039c 1 03 0000001d
[F] 010003a0 15df1063
[D] 010003a0 63 00 1e 1d 1 0a 00000140 1d
[R] 1e 1d 00000018 00000018
[E] 010003a0 010004e0 0
[M] 010003a0 010004e0 0 1 00000018
[W] 010003a0 0 00 010004e0
[F] 010003a4 00000213
[D] 010003a4 13 04 00 00 0 00 00000000 00
[R] 00 00 00000000 00000000
[E] 010003a4 00000000 0
[M] 010003a4 00000000 0 0 00000000
[W] 010003a4 1 04 00000000
[F] 010003a8 00b00113
[D] 010003a8 13 02 00 0b 0 00 0000000b 0b
[R] 00 0b 00000000 00000000
[E] 010003a8 0000000b 0
[M] 010003a8 0000000b 0 0 00000000
[W] 010003a8 1 02 0000000b
[F] 010003ac 00e00093
[D] 010003ac 13 01 00 0e 0 00 0000000e 0e
[R] 00 0e 00000000 00000000
[E] 010003ac 0000000e 0
[M] 010003ac 0000000e 0 0 00000000
[W] 010003ac 1 01 0000000e
[F] 010003b0 00000013
[D] 010003b0 13 00 00 00 0 00 00000000 00
[R] 00 00 00000000 00000000
[E] 010003b0 00000000 0
[M] 010003b0 00000000 0 0 00000000
[W] 010003b0 1 00 00000000
[F] 010003b4 00208f33
[D] 010003b4 33 1e 01 02 0 00 00000000 02
[R] 01 02 0000000e 0000000b
[E] 010003b4 00000019 0
[M] 010003b4 00000019 0 0 0000000b
[W] 010003b4 1 1e 00000019
[F] 010003b8 00120213
[D] 010003b8 13 04 04 01 0 00 00000001 01
[R] 04 01 00000000 0000000e
[E] 010003b8 00000001 0
[M] 010003b8 00000001 0 0 0000000e
[W] 010003b8 1 04 00000001
[F] 010003bc 00200293
[D] 010003bc 13 05 00 02 0 00 00000002 02
[R] 00 02 00000000 0000000b
[E] 010003bc 00000002 0
[M] 010003bc 00000002 0 0 0000000b
[W] 010003bc 1 05 00000002
[F] 010003c0 fe5214e3
[D] 010003c0 63 09 04 05 1 7f ffffffe8 05
[R] 04 05 00000001 00000002
[E] 010003c0 010003a8 0
[M] 010003c0 010003a8 0 1 00000002
[W] 010003c0 0 09 010003a8
[F] 010003a8 00b00113
[D] 010003a8 13 02 00 0b 0 00 0000000b 0b
[R] 00 0b 00000000 00000000
[E] 010003a8 0000000b 0
[M] 010003a8 0000000b 0 0 00000000
[W] 010003a8 1 02 0000000b
[F] 010003ac 00e00093
[D] 010003ac 13 01 00 0e 0 00 0000000e 0e
[R] 00 0e 00000000 00000000
[E] 010003ac 0000000e 0
[M] 010003ac 0000000e 0 0 00000000
[W] 010003ac 1 01 0000000e
[F] 010003b0 00000013
[D] 010003b0 13 00 00 00 0 00 00000000 00
[R] 00 00 00000000 00000000
[E] 010003b0 00000000 0
[M] 010003b0 00000000 0 0 00000000
[W] 010003b0 1 00 00000000
[F] 010003b4 00208f33
[D] 010003b4 33 1e 01 02 0 00 00000000 02
[R] 01 02 0000000e 0000000b
[E] 010003b4 00000019 0
[M] 010003b4 00000019 0 0 0000000b
[W] 010003b4 1 1e 00000019
[F] 010003b8 00120213
[D] 010003b8 13 04 04 01 0 00 00000001 01
[R] 04 01 00000001 0000000e
[E] 010003b8 00000002 0
[M] 010003b8 00000002 0 0 0000000e
[W] 010003b8 1 04 00000002
[F] 010003bc 00200293
[D] 010003bc 13 05 00 02 0 00 00000002 02
[R] 00 02 00000000 0000000b
[E] 010003bc 00000002 0
[M] 010003bc 00000002 0 0 0000000b
[W] 010003bc 1 05 00000002
[F] 010003c0 fe5214e3
[D] 010003c0 63 09 04 05 1 7f ffffffe8 05
[R] 04 05 00000002 00000002
[E] 010003c0 010003a8 0
[M] 010003c0 010003a8 0 1 00000002
[W] 010003c0 0 09 010003a8
[F] 010003c4 01900e93
[D] 010003c4 13 1d 00 19 0 00 00000019 19
[R] 00 19 00000000 00000000
[E] 010003c4 00000019 0
[M] 010003c4 00000019 0 0 00000000
[W] 010003c4 1 1d 00000019
[F] 010003c8 01e00193
[D] 010003c8 13 03 00 1e 0 00 0000001e 1e
[R] 00 1e 00000000 00000019
[E] 010003c8 0000001e 0
[M] 010003c8 0000001e 0 0 00000019
[W] 010003c8 1 03 0000001e
[F] 010003cc 11df1a63
[D] 010003cc 63 14 1e 1d 1 08 00000114 1d
[R] 1e 1d 00000019 00000019
[E] 010003cc 010004e0 0
[M] 010003cc 010004e0 0 1 00000019
[W] 010003cc 0 14 010004e0
[F] 010003d0 00000213
[D] 010003d0 13 04 00 00 0 00 00000000 00
[R] 00 00 00000000 00000000
[E] 010003d0 00000000 0
[M] 010003d0 00000000 0 0 00000000
[W] 010003d0 1 04 00000000
[F] 010003d4 00b00113
[D] 010003d4 13 02 00 0b 0 00 0000000b 0b
[R] 00 0b 00000000 00000000
[E] 010003d4 0000000b 0
[M] 010003d4 0000000b 0 0 00000000
[W] 010003d4 1 02 0000000b
[F] 010003d8 00f00093
[D] 010003d8 13 01 00 0f 0 00 0000000f 0f
[R] 00 0f 00000000 00000000
[E] 010003d8 0000000f 0
[M] 010003d8 0000000f 0 0 00000000
[W] 010003d8 1 01 0000000f
[F] 010003dc 00000013
[D] 010003dc 13 00 00 00 0 00 00000000 00
[R] 00 00 00000000 00000000
[E] 010003dc 00000000 0
[M] 010003dc 00000000 0 0 00000000
[W] 010003dc 1 00 00000000
[F] 010003e0 00000013
[D] 010003e0 13 00 00 00 0 00 00000000 00
[R] 00 00 00000000 00000000
[E] 010003e0 00000000 0
[M] 010003e0 00000000 0 0 00000000
[W] 010003e0 1 00 00000000
[F] 010003e4 00208f33
[D] 010003e4 33 1e 01 02 0 00 00000000 02
[R] 01 02 0000000f 0000000b
[E] 010003e4 0000001a 0
[M] 010003e4 0000001a 0 0 0000000b
[W] 010003e4 1 1e 0000001a
[F] 010003e8 00120213
[D] 010003e8 13 04 04 01 0 00 00000001 01
[R] 04 01 00000000 0000000f
[E] 010003e8 00000001 0
[M] 010003e8 00000001 0 0 0000000f
[W] 010003e8 1 04 00000001
[F] 010003ec 00200293
[D] 010003ec 13 05 00 02 0 00 00000002 02
[R] 00 02 00000000 0000000b
[E] 010003ec 00000002 0
[M] 010003ec 00000002 0 0 0000000b
[W] 010003ec 1 05 00000002
[F] 010003f0 fe5212e3
[D] 010003f0 63 05 04 05 1 7f ffffffe4 05
[R] 04 05 00000001 00000002
[E] 010003f0 010003d4 0
[M] 010003f0 010003d4 0 1 00000002
[W] 010003f0 0 05 010003d4
[F] 010003d4 00b00113
[D] 010003d4 13 02 00 0b 0 00 0000000b 0b
[R] 00 0b 00000000 00000000
[E] 010003d4 0000000b 0
[M] 010003d4 0000000b 0 0 00000000
[W] 010003d4 1 02 0000000b
[F] 010003d8 00f00093
[D] 010003d8 13 01 00 0f 0 00 0000000f 0f
[R] 00 0f 00000000 00000000
[E] 010003d8 0000000f 0
[M] 010003d8 0000000f 0 0 00000000
[W] 010003d8 1 01 0000000f
[F] 010003dc 00000013
[D] 010003dc 13 00 00 00 0 00 00000000 00
[R] 00 00 00000000 00000000
[E] 010003dc 00000000 0
[M] 010003dc 00000000 0 0 00000000
[W] 010003dc 1 00 00000000
[F] 010003e0 00000013
[D] 010003e0 13 00 00 00 0 00 00000000 00
[R] 00 00 00000000 00000000
[E] 010003e0 00000000 0
[M] 010003e0 00000000 0 0 00000000
[W] 010003e0 1 00 00000000
[F] 010003e4 00208f33
[D] 010003e4 33 1e 01 02 0 00 00000000 02
[R] 01 02 0000000f 0000000b
[E] 010003e4 0000001a 0
[M] 010003e4 0000001a 0 0 0000000b
[W] 010003e4 1 1e 0000001a
[F] 010003e8 00120213
[D] 010003e8 13 04 04 01 0 00 00000001 01
[R] 04 01 00000001 0000000f
[E] 010003e8 00000002 0
[M] 010003e8 00000002 0 0 0000000f
[W] 010003e8 1 04 00000002
[F] 010003ec 00200293
[D] 010003ec 13 05 00 02 0 00 00000002 02
[R] 00 02 00000000 0000000b
[E] 010003ec 00000002 0
[M] 010003ec 00000002 0 0 0000000b
[W] 010003ec 1 05 00000002
[F] 010003f0 fe5212e3
[D] 010003f0 63 05 04 05 1 7f ffffffe4 05
[R] 04 05 00000002 00000002
[E] 010003f0 010003d4 0
[M] 010003f0 010003d4 0 1 00000002
[W] 010003f0 0 05 010003d4
[F] 010003f4 01a00e93
[D] 010003f4 13 1d 00 1a 0 00 0000001a 1a
[R] 00 1a 00000000 00000000
[E] 010003f4 0000001a 0
[M] 010003f4 0000001a 0 0 00000000
[W] 010003f4 1 1d 0000001a
[F] 010003f8 01f00193
[D] 010003f8 13 03 00 1f 0 00 0000001f 1f
[R] 00 1f 00000000 00000000
[E] 010003f8 0000001f 0
[M] 010003f8 0000001f 0 0 00000000
[W] 010003f8 1 03 0000001f
[F] 010003fc 0fdf1263
[D] 010003fc 63 04 1e 1d 1 07 000000e4 1d
[R] 1e 1d 0000001a 0000001a
[E] 010003fc 010004e0 0
[M] 010003fc 010004e0 0 1 0000001a
[W] 010003fc 0 04 010004e0
[F] 01000400 00000213
[D] 01000400 13 04 00 00 0 00 00000000 00
[R] 00 00 00000000 00000000
[E] 01000400 00000000 0
[M] 01000400 00000000 0 0 00000000
[W] 01000400 1 04 00000000
[F] 01000404 00b00113
[D] 01000404 13 02 00 0b 0 00 0000000b 0b
[R] 00 0b 00000000 00000000
[E] 01000404 0000000b 0
[M] 01000404 0000000b 0 0 00000000
[W] 01000404 1 02 0000000b
[F] 01000408 00000013
[D] 01000408 13 00 00 00 0 00 00000000 00
[R] 00 00 00000000 00000000
[E] 01000408 00000000 0
[M] 01000408 00000000 0 0 00000000
[W] 01000408 1 00 00000000
[F] 0100040c 00d00093
[D] 0100040c 13 01 00 0d 0 00 0000000d 0d
[R] 00 0d 00000000 00000000
[E] 0100040c 0000000d 0
[M] 0100040c 0000000d 0 0 00000000
[W] 0100040c 1 01 0000000d
[F] 01000410 00208f33
[D] 01000410 33 1e 01 02 0 00 00000000 02
[R] 01 02 0000000d 0000000b
[E] 01000410 00000018 0
[M] 01000410 00000018 0 0 0000000b
[W] 01000410 1 1e 00000018
[F] 01000414 00120213
[D] 01000414 13 04 04 01 0 00 00000001 01
[R] 04 01 00000000 0000000d
[E] 01000414 00000001 0
[M] 01000414 00000001 0 0 0000000d
[W] 01000414 1 04 00000001
[F] 01000418 00200293
[D] 01000418 13 05 00 02 0 00 00000002 02
[R] 00 02 00000000 0000000b
[E] 01000418 00000002 0
[M] 01000418 00000002 0 0 0000000b
[W] 01000418 1 05 00000002
[F] 0100041c fe5214e3
[D] 0100041c 63 09 04 05 1 7f ffffffe8 05
[R] 04 05 00000001 00000002
[E] 0100041c 01000404 0
[M] 0100041c 01000404 0 1 00000002
[W] 0100041c 0 09 01000404
[F] 01000404 00b00113
[D] 01000404 13 02 00 0b 0 00 0000000b 0b
[R] 00 0b 00000000 00000000
[E] 01000404 0000000b 0
[M] 01000404 0000000b 0 0 00000000
[W] 01000404 1 02 0000000b
[F] 01000408 00000013
[D] 01000408 13 00 00 00 0 00 00000000 00
[R] 00 00 00000000 00000000
[E] 01000408 00000000 0
[M] 01000408 00000000 0 0 00000000
[W] 01000408 1 00 00000000
[F] 0100040c 00d00093
[D] 0100040c 13 01 00 0d 0 00 0000000d 0d
[R] 00 0d 00000000 00000000
[E] 0100040c 0000000d 0
[M] 0100040c 0000000d 0 0 00000000
[W] 0100040c 1 01 0000000d
[F] 01000410 00208f33
[D] 01000410 33 1e 01 02 0 00 00000000 02
[R] 01 02 0000000d 0000000b
[E] 01000410 00000018 0
[M] 01000410 00000018 0 0 0000000b
[W] 01000410 1 1e 00000018
[F] 01000414 00120213
[D] 01000414 13 04 04 01 0 00 00000001 01
[R] 04 01 00000001 0000000d
[E] 01000414 00000002 0
[M] 01000414 00000002 0 0 0000000d
[W] 01000414 1 04 00000002
[F] 01000418 00200293
[D] 01000418 13 05 00 02 0 00 00000002 02
[R] 00 02 00000000 0000000b
[E] 01000418 00000002 0
[M] 01000418 00000002 0 0 0000000b
[W] 01000418 1 05 00000002
[F] 0100041c fe5214e3
[D] 0100041c 63 09 04 05 1 7f ffffffe8 05
[R] 04 05 00000002 00000002
[E] 0100041c 01000404 0
[M] 0100041c 01000404 0 1 00000002
[W] 0100041c 0 09 01000404
[F] 01000420 01800e93
[D] 01000420 13 1d 00 18 0 00 00000018 18
[R] 00 18 00000000 00000000
[E] 01000420 00000018 0
[M] 01000420 00000018 0 0 00000000
[W] 01000420 1 1d 00000018
[F] 01000424 02000193
[D] 01000424 13 03 00 00 0 01 00000020 00
[R] 00 00 00000000 00000000
[E] 01000424 00000020 0
[M] 01000424 00000020 0 0 00000000
[W] 01000424 1 03 00000020
[F] 01000428 0bdf1c63
[D] 01000428 63 18 1e 1d 1 05 000000b8 1d
[R] 1e 1d 00000018 00000018
[E] 01000428 010004e0 0
[M] 01000428 010004e0 0 1 00000018
[W] 01000428 0 18 010004e0
[F] 0100042c 00000213
[D] 0100042c 13 04 00 00 0 00 00000000 00
[R] 00 00 00000000 00000000
[E] 0100042c 00000000 0
[M] 0100042c 00000000 0 0 00000000
[W] 0100042c 1 04 00000000
[F] 01000430 00b00113
[D] 01000430 13 02 00 0b 0 00 0000000b 0b
[R] 00 0b 00000000 00000000
[E] 01000430 0000000b 0
[M] 01000430 0000000b 0 0 00000000
[W] 01000430 1 02 0000000b
[F] 01000434 00000013
[D] 01000434 13 00 00 00 0 00 00000000 00
[R] 00 00 00000000 00000000
[E] 01000434 00000000 0
[M] 01000434 00000000 0 0 00000000
[W] 01000434 1 00 00000000
[F] 01000438 00e00093
[D] 01000438 13 01 00 0e 0 00 0000000e 0e
[R] 00 0e 00000000 00000000
[E] 01000438 0000000e 0
[M] 01000438 0000000e 0 0 00000000
[W] 01000438 1 01 0000000e
[F] 0100043c 00000013
[D] 0100043c 13 00 00 00 0 00 00000000 00
[R] 00 00 00000000 00000000
[E] 0100043c 00000000 0
[M] 0100043c 00000000 0 0 00000000
[W] 0100043c 1 00 00000000
[F] 01000440 00208f33
[D] 01000440 33 1e 01 02 0 00 00000000 02
[R] 01 02 0000000e 0000000b
[E] 01000440 00000019 0
[M] 01000440 00000019 0 0 0000000b
[W] 01000440 1 1e 00000019
[F] 01000444 00120213
[D] 01000444 13 04 04 01 0 00 00000001 01
[R] 04 01 00000000 0000000e
[E] 01000444 00000001 0
[M] 01000444 00000001 0 0 0000000e
[W] 01000444 1 04 00000001
[F] 01000448 00200293
[D] 01000448 13 05 00 02 0 00 00000002 02
[R] 00 02 00000000 0000000b
[E] 01000448 00000002 0
[M] 01000448 00000002 0 0 0000000b
[W] 01000448 1 05 00000002
[F] 0100044c fe5212e3
[D] 0100044c 63 05 04 05 1 7f ffffffe4 05
[R] 04 05 00000001 00000002
[E] 0100044c 01000430 0
[M] 0100044c 01000430 0 1 00000002
[W] 0100044c 0 05 01000430
[F] 01000430 00b00113
[D] 01000430 13 02 00 0b 0 00 0000000b 0b
[R] 00 0b 00000000 00000000
[E] 01000430 0000000b 0
[M] 01000430 0000000b 0 0 00000000
[W] 01000430 1 02 0000000b
[F] 01000434 00000013
[D] 01000434 13 00 00 00 0 00 00000000 00
[R] 00 00 00000000 00000000
[E] 01000434 00000000 0
[M] 01000434 00000000 0 0 00000000
[W] 01000434 1 00 00000000
[F] 01000438 00e00093
[D] 01000438 13 01 00 0e 0 00 0000000e 0e
[R] 00 0e 00000000 00000000
[E] 01000438 0000000e 0
[M] 01000438 0000000e 0 0 00000000
[W] 01000438 1 01 0000000e
[F] 0100043c 00000013
[D] 0100043c 13 00 00 00 0 00 00000000 00
[R] 00 00 00000000 00000000
[E] 0100043c 00000000 0
[M] 0100043c 00000000 0 0 00000000
[W] 0100043c 1 00 00000000
[F] 01000440 00208f33
[D] 01000440 33 1e 01 02 0 00 00000000 02
[R] 01 02 0000000e 0000000b
[E] 01000440 00000019 0
[M] 01000440 00000019 0 0 0000000b
[W] 01000440 1 1e 00000019
[F] 01000444 00120213
[D] 01000444 13 04 04 01 0 00 00000001 01
[R] 04 01 00000001 0000000e
[E] 01000444 00000002 0
[M] 01000444 00000002 0 0 0000000e
[W] 01000444 1 04 00000002
[F] 01000448 00200293
[D] 01000448 13 05 00 02 0 00 00000002 02
[R] 00 02 00000000 0000000b
[E] 01000448 00000002 0
[M] 01000448 00000002 0 0 0000000b
[W] 01000448 1 05 00000002
[F] 0100044c fe5212e3
[D] 0100044c 63 05 04 05 1 7f ffffffe4 05
[R] 04 05 00000002 00000002
[E] 0100044c 01000430 0
[M] 0100044c 01000430 0 1 00000002
[W] 0100044c 0 05 01000430
[F] 01000450 01900e93
[D] 01000450 13 1d 00 19 0 00 00000019 19
[R] 00 19 00000000 00000000
[E] 01000450 00000019 0
[M] 01000450 00000019 0 0 00000000
[W] 01000450 1 1d 00000019
[F] 01000454 02100193
[D] 01000454 13 03 00 01 0 01 00000021 01
[R] 00 01 00000000 0000000e
[E] 01000454 00000021 0
[M] 01000454 00000021 0 0 0000000e
[W] 01000454 1 03 00000021
[F] 01000458 09df1463
[D] 01000458 63 08 1e 1d 1 04 00000088 1d
[R] 1e 1d 00000019 00000019
[E] 01000458 010004e0 0
[M] 01000458 010004e0 0 1 00000019
[W] 01000458 0 08 010004e0
[F] 0100045c 00000213
[D] 0100045c 13 04 00 00 0 00 00000000 00
[R] 00 00 00000000 00000000
[E] 0100045c 00000000 0
[M] 0100045c 00000000 0 0 00000000
[W] 0100045c 1 04 00000000
[F] 01000460 00b00113
[D] 01000460 13 02 00 0b 0 00 0000000b 0b
[R] 00 0b 00000000 00000000
[E] 01000460 0000000b 0
[M] 01000460 0000000b 0 0 00000000
[W] 01000460 1 02 0000000b
[F] 01000464 00000013
[D] 01000464 13 00 00 00 0 00 00000000 00
[R] 00 00 00000000 00000000
[E] 01000464 00000000 0
[M] 01000464 00000000 0 0 00000000
[W] 01000464 1 00 00000000
[F] 01000468 00000013
[D] 01000468 13 00 00 00 0 00 00000000 00
[R] 00 00 00000000 00000000
[E] 01000468 00000000 0
[M] 01000468 00000000 0 0 00000000
[W] 01000468 1 00 00000000
[F] 0100046c 00f00093
[D] 0100046c 13 01 00 0f 0 00 0000000f 0f
[R] 00 0f 00000000 00000000
[E] 0100046c 0000000f 0
[M] 0100046c 0000000f 0 0 00000000
[W] 0100046c 1 01 0000000f
[F] 01000470 00208f33
[D] 01000470 33 1e 01 02 0 00 00000000 02
[R] 01 02 0000000f 0000000b
[E] 01000470 0000001a 0
[M] 01000470 0000001a 0 0 0000000b
[W] 01000470 1 1e 0000001a
[F] 01000474 00120213
[D] 01000474 13 04 04 01 0 00 00000001 01
[R] 04 01 00000000 0000000f
[E] 01000474 00000001 0
[M] 01000474 00000001 0 0 0000000f
[W] 01000474 1 04 00000001
[F] 01000478 00200293
[D] 01000478 13 05 00 02 0 00 00000002 02
[R] 00 02 00000000 0000000b
[E] 01000478 00000002 0
[M] 01000478 00000002 0 0 0000000b
[W] 01000478 1 05 00000002
[F] 0100047c fe5212e3
[D] 0100047c 63 05 04 05 1 7f ffffffe4 05
[R] 04 05 00000001 00000002
[E] 0100047c 01000460 0
[M] 0100047c 01000460 0 1 00000002
[W] 0100047c 0 05 01000460
[F] 01000460 00b00113
[D] 01000460 13 02 00 0b 0 00 0000000b 0b
[R] 00 0b 00000000 00000000
[E] 01000460 0000000b 0
[M] 01000460 0000000b 0 0 00000000
[W] 01000460 1 02 0000000b
[F] 01000464 00000013
[D] 01000464 13 00 00 00 0 00 00000000 00
[R] 00 00 00000000 00000000
[E] 01000464 00000000 0
[M] 01000464 00000000 0 0 00000000
[W] 01000464 1 00 00000000
[F] 01000468 00000013
[D] 01000468 13 00 00 00 0 00 00000000 00
[R] 00 00 00000000 00000000
[E] 01000468 00000000 0
[M] 01000468 00000000 0 0 00000000
[W] 01000468 1 00 00000000
[F] 0100046c 00f00093
[D] 0100046c 13 01 00 0f 0 00 0000000f 0f
[R] 00 0f 00000000 00000000
[E] 0100046c 0000000f 0
[M] 0100046c 0000000f 0 0 00000000
[W] 0100046c 1 01 0000000f
[F] 01000470 00208f33
[D] 01000470 33 1e 01 02 0 00 00000000 02
[R] 01 02 0000000f 0000000b
[E] 01000470 0000001a 0
[M] 01000470 0000001a 0 0 0000000b
[W] 01000470 1 1e 0000001a
[F] 01000474 00120213
[D] 01000474 13 04 04 01 0 00 00000001 01
[R] 04 01 00000001 0000000f
[E] 01000474 00000002 0
[M] 01000474 00000002 0 0 0000000f
[W] 01000474 1 04 00000002
[F] 01000478 00200293
[D] 01000478 13 05 00 02 0 00 00000002 02
[R] 00 02 00000000 0000000b
[E] 01000478 00000002 0
[M] 01000478 00000002 0 0 0000000b
[W] 01000478 1 05 00000002
[F] 0100047c fe5212e3
[D] 0100047c 63 05 04 05 1 7f ffffffe4 05
[R] 04 05 00000002 00000002
[E] 0100047c 01000460 0
[M] 0100047c 01000460 0 1 00000002
[W] 0100047c 0 05 01000460
[F] 01000480 01a00e93
[D] 01000480 13 1d 00 1a 0 00 0000001a 1a
[R] 00 1a 00000000 00000000
[E] 01000480 0000001a 0
[M] 01000480 0000001a 0 0 00000000
[W] 01000480 1 1d 0000001a
[F] 01000484 02200193
[D] 01000484 13 03 00 02 0 01 00000022 02
[R] 00 02 00000000 0000000b
[E] 01000484 00000022 0
[M] 01000484 00000022 0 0 0000000b
[W] 01000484 1 03 00000022
[F] 01000488 05df1c63
[D] 01000488 63 18 1e 1d 1 02 00000058 1d
[R] 1e 1d 0000001a 0000001a
[E] 01000488 010004e0 0
[M] 01000488 010004e0 0 1 0000001a
[W] 01000488 0 18 010004e0
[F] 0100048c 00f00093
[D] 0100048c 13 01 00 0f 0 00 0000000f 0f
[R] 00 0f 00000000 00000000
[E] 0100048c 0000000f 0
[M] 0100048c 0000000f 0 0 00000000
[W] 0100048c 1 01 0000000f
[F] 01000490 00100133
[D] 01000490 33 02 00 01 0 00 00000000 01
[R] 00 01 00000000 0000000f
[E] 01000490 0000000f 0
[M] 01000490 0000000f 0 0 0000000f
[W] 01000490 1 02 0000000f
[F] 01000494 00f00e93
[D] 01000494 13 1d 00 0f 0 00 0000000f 0f
[R] 00 0f 00000000 00000000
[E] 01000494 0000000f 0
[M] 01000494 0000000f 0 0 00000000
[W] 01000494 1 1d 0000000f
[F] 01000498 02300193
[D] 01000498 13 03 00 03 0 01 00000023 03
[R] 00 03 00000000 00000022
[E] 01000498 00000023 0
[M] 01000498 00000023 0 0 00000022
[W] 01000498 1 03 00000023
[F] 0100049c 05d11263
[D] 0100049c 63 04 02 1d 1 02 00000044 1d
[R] 02 1d 0000000f 0000000f
[E] 0100049c 010004e0 0
[M] 0100049c 010004e0 0 1 0000000f
[W] 0100049c 0 04 010004e0
[F] 010004a0 02000093
[D] 010004a0 13 01 00 00 0 01 00000020 00
[R] 00 00 00000000 00000000
[E] 010004a0 00000020 0
[M] 010004a0 00000020 0 0 00000000
[W] 010004a0 1 01 00000020
[F] 010004a4 00008133
[D] 010004a4 33 02 01 00 0 00 00000000 00
[R] 01 00 00000020 00000000
[E] 010004a4 00000020 0
[M] 010004a4 00000020 0 0 00000000
[W] 010004a4 1 02 00000020
[F] 010004a8 02000e93
[D] 010004a8 13 1d 00 00 0 01 00000020 00
[R] 00 00 00000000 00000000
[E] 010004a8 00000020 0
[M] 010004a8 00000020 0 0 00000000
[W] 010004a8 1 1d 00000020
[F] 010004ac 02400193
[D] 010004ac 13 03 00 04 0 01 00000024 04
[R] 00 04 00000000 00000002
[E] 010004ac 00000024 0
[M] 010004ac 00000024 0 0 00000002
[W] 010004ac 1 03 00000024
[F] 010004b0 03d11863
[D] 010004b0 63 10 02 1d 1 01 00000030 1d
[R] 02 1d 00000020 00000020
[E] 010004b0 010004e0 0
[M] 010004b0 010004e0 0 1 00000020
[W] 010004b0 0 10 010004e0
[F] 010004b4 000000b3
[D] 010004b4 33 01 00 00 0 00 00000000 00
[R] 00 00 00000000 00000000
[E] 010004b4 00000000 0
[M] 010004b4 00000000 0 0 00000000
[W] 010004b4 1 01 00000000
[F] 010004b8 00000e93
[D] 010004b8 13 1d 00 00 0 00 00000000 00
[R] 00 00 00000000 00000000
[E] 010004b8 00000000 0
[M] 010004b8 00000000 0 0 00000000
[W] 010004b8 1 1d 00000000
[F] 010004bc 02500193
[D] 010004bc 13 03 00 05 0 01 00000025 05
[R] 00 05 00000000 00000002
[E] 010004bc 00000025 0
[M] 010004bc 00000025 0 0 00000002
[W] 010004bc 1 03 00000025
[F] 010004c0 03d09063
[D] 010004c0 63 00 01 1d 1 01 00000020 1d
[R] 01 1d 00000000 00000000
[E] 010004c0 010004e0 0
[M] 010004c0 010004e0 0 1 00000000
[W] 010004c0 0 00 010004e0
[F] 010004c4 01000093
[D] 010004c4 13 01 00 10 0 00 00000010 10
[R] 00 10 00000000 00000000
[E] 010004c4 00000010 0
[M] 010004c4 00000010 0 0 00000000
[W] 010004c4 1 01 00000010
[F] 010004c8 01e00113
[D] 010004c8 13 02 00 1e 0 00 0000001e 1e
[R] 00 1e 00000000 0000001a
[E] 010004c8 0000001e 0
[M] 010004c8 0000001e 0 0 0000001a
[W] 010004c8 1 02 0000001e
[F] 010004cc 00208033
[D] 010004cc 33 00 01 02 0 00 00000000 02
[R] 01 02 00000010 0000001e
[E] 010004cc 0000002e 0
[M] 010004cc 0000002e 0 0 0000001e
[W] 010004cc 1 00 0000002e
[F] 010004d0 00000e93
[D] 010004d0 13 1d 00 00 0 00 00000000 00
[R] 00 00 00000000 00000000
[E] 010004d0 00000000 0
[M] 010004d0 00000000 0 0 00000000
[W] 010004d0 1 1d 00000000
[F] 010004d4 02600193
[D] 010004d4 13 03 00 06 0 01 00000026 06
[R] 00 06 00000000 0000001a
[E] 010004d4 00000026 0
[M] 010004d4 00000026 0 0 0000001a
[W] 010004d4 1 03 00000026
[F] 010004d8 01d01463
[D] 010004d8 63 08 00 1d 1 00 00000008 1d
[R] 00 1d 00000000 00000000
[E] 010004d8 010004e0 0
[M] 010004d8 010004e0 0 1 00000000
[W] 010004d8 0 08 010004e0
[F] 010004dc 00301c63
[D] 010004dc 63 18 00 03 1 00 00000018 03
[R] 00 03 00000000 00000026
[E] 010004dc 010004f4 0
[M] 010004dc 010004f4 0 1 00000026
[W] 010004dc 0 18 010004f4
[F] 010004f4 0ff0000f
[D] 010004f4 0f 00 00 1f 0 07 00000000 1f
[R] 00 1f 00000000 00000000
[E] 010004f4 00000000 0
[M] 010004f4 00000000 0 0 00000000
[W] 010004f4 1 00 00000000
[F] 010004f8 00100193
[D] 010004f8 13 03 00 01 0 00 00000001 01
[R] 00 01 00000000 00000010
[E] 010004f8 00000001 0
[M] 010004f8 00000001 0 0 00000010
[W] 010004f8 1 03 00000001
[F] 010004fc 00000073
[D] 010004fc 73 00 00 00 0 00 00000000 00
[R] 00 00 00000000 00000000
[E] 010004fc 00000000 0
[M] 010004fc 00000000 0 0 00000000
[W] 010004fc 0 00 00000000
