[F] 01000000 ff0100b7
[D] 01000000 37 01 00 10 0 7f ff010000 10
[R] 00 10 00000000 00000000
[E] 01000000 ff010000 0
[M] 01000000 ff010000 0 0 00000000
[W] 01000000 1 01 ff010000
[F] 01000004 f0008093
[D] 01000004 13 01 01 00 0 78 ffffff00 00
[R] 01 00 ff010000 00000000
[E] 01000004 ff00ff00 0
[M] 01000004 ff00ff00 0 0 00000000
[W] 01000004 1 01 ff00ff00
[F] 01000008 0f0f1137
[D] 01000008 37 02 00 10 1 07 0f0f1000 10
[R] 00 10 00000000 00000000
[E] 01000008 0f0f1000 0
[M] 01000008 0f0f1000 0 1 00000000
[W] 01000008 1 02 0f0f1000
[F] 0100000c f0f10113
[D] 0100000c 13 02 02 0f 0 78 ffffff0f 0f
[R] 02 0f 0f0f1000 00000000
[E] 0100000c 0f0f0f0f 0
[M] 0100000c 0f0f0f0f 0 0 00000000
[W] 0100000c 1 02 0f0f0f0f
[F] 01000010 0020ef33
[D] 01000010 33 1e 01 02 6 00 00000000 02
[R] 01 02 ff00ff00 0f0f0f0f
[E] 01000010 ff0fff0f 0
[M] 01000010 ff0fff0f 0 2 0f0f0f0f
[W] 01000010 1 1e ff0fff0f
[F] 01000014 ff100eb7
[D] 01000014 37 1d 00 11 0 7f ff100000 11
[R] 00 11 00000000 00000000
[E] 01000014 ff100000 0
[M] 01000014 ff100000 0 0 00000000
[W] 01000014 1 1d ff100000
[F] 01000018 f0fe8e93
[D] 01000018 13 1d 1d 0f 0 78 ffffff0f 0f
[R] 1d 0f ff100000 00000000
[E] 01000018 ff0fff0f 0
[M] 01000018 ff0fff0f 0 0 00000000
[W] 01000018 1 1d ff0fff0f
[F] 0100001c 00200193
[D] 0100001c 13 03 00 02 0 00 00000002 02
[R] 00 02 00000000 0f0f0f0f
[E] 0100001c 00000002 0
[M] 0100001c 00000002 0 0 0f0f0f0f
[W] 0100001c 1 03 00000002
[F] 01000020 4bdf1263
[D] 01000020 63 04 1e 1d 1 25 000004a4 1d
[R] 1e 1d ff0fff0f ff0fff0f
[E] 01000020 010004c4 0
[M] 01000020 010004c4 0 1 ff0fff0f
[W] 01000020 0 04 010004c4
[F] 01000024 0ff010b7
[D] 01000024 37 01 00 1f 1 07 0ff01000 1f
[R] 00 1f 00000000 00000000
[E] 01000024 0ff01000 0
[M] 01000024 0ff01000 0 1 00000000
[W] 01000024 1 01 0ff01000
[F] 01000028 ff008093
[D] 01000028 13 01 01 10 0 7f fffffff0 10
[R] 01 10 0ff01000 00000000
[E] 01000028 0ff00ff0 0
[M] 01000028 0ff00ff0 0 0 00000000
[W] 01000028 1 01 0ff00ff0
[F] 0100002c f0f0f137
[D] 0100002c 37 02 00 0f 7 78 f0f0f000 0f
[R] 00 0f 00000000 00000000
[E] 0100002c f0f0f000 0
[M] 0100002c f0f0f000 0 3 00000000
[W] 0100002c 1 02 f0f0f000
[F] 01000030 0f010113
[D] 01000030 13 02 02 10 0 07 000000f0 10
[R] 02 10 f0f0f000 00000000
[E] 01000030 f0f0f0f0 0
[M] 01000030 f0f0f0f0 0 0 00000000
[W] 01000030 1 02 f0f0f0f0
[F] 01000034 0020ef33
[D] 01000034 33 1e 01 02 6 00 00000000 02
[R] 01 02 0ff00ff0 f0f0f0f0
[E] 01000034 fff0fff0 0
[M] 01000034 fff0fff0 0 2 f0f0f0f0
[W] 01000034 1 1e fff0fff0
[F] 01000038 fff10eb7
[D] 01000038 37 1d 00 1f 0 7f fff10000 1f
[R] 00 1f 00000000 00000000
[E] 01000038 fff10000 0
[M] 01000038 fff10000 0 0 00000000
[W] 01000038 1 1d fff10000
[F] 0100003c ff0e8e93
[D] 0100003c 13 1d 1d 10 0 7f fffffff0 10
[R] 1d 10 fff10000 00000000
[E] 0100003c fff0fff0 0
[M] 0100003c fff0fff0 0 0 00000000
[W] 0100003c 1 1d fff0fff0
[F] 01000040 00300193
[D] 01000040 13 03 00 03 0 00 00000003 03
[R] 00 03 00000000 00000002
[E] 01000040 00000003 0
[M] 01000040 00000003 0 0 00000002
[W] 01000040 1 03 00000003
[F] 01000044 49df1063
[D] 01000044 63 00 1e 1d 1 24 00000480 1d
[R] 1e 1d fff0fff0 fff0fff0
[E] 01000044 010004c4 0
[M] 01000044 010004c4 0 1 fff0fff0
[W] 01000044 0 00 010004c4
[F] 01000048 00ff00b7
[D] 01000048 37 01 00 0f 0 00 00ff0000 0f
[R] 00 0f 00000000 00000000
[E] 01000048 00ff0000 0
[M] 01000048 00ff0000 0 0 00000000
[W] 01000048 1 01 00ff0000
[F] 0100004c 0ff08093
[D] 0100004c 13 01 01 1f 0 07 000000ff 1f
[R] 01 1f 00ff0000 00000000
[E] 0100004c 00ff00ff 0
[M] 0100004c 00ff00ff 0 0 00000000
[W] 0100004c 1 01 00ff00ff
[F] 01000050 0f0f1137
[D] 01000050 37 02 00 10 1 07 0f0f1000 10
[R] 00 10 00000000 00000000
[E] 01000050 0f0f1000 0
[M] 01000050 0f0f1000 0 1 00000000
[W] 01000050 1 02 0f0f1000
[F] 01000054 f0f10113
[D] 01000054 13 02 02 0f 0 78 ffffff0f 0f
[R] 02 0f 0f0f1000 00000000
[E] 01000054 0f0f0f0f 0
[M] 01000054 0f0f0f0f 0 0 00000000
[W] 01000054 1 02 0f0f0f0f
[F] 01000058 0020ef33
[D] 01000058 33 1e 01 02 6 00 00000000 02
[R] 01 02 00ff00ff 0f0f0f0f
[E] 01000058 0fff0fff 0
[M] 01000058 0fff0fff 0 2 0f0f0f0f
[W] 01000058 1 1e 0fff0fff
[F] 0100005c 0fff1eb7
[D] 0100005c 37 1d 00 1f 1 07 0fff1000 1f
[R] 00 1f 00000000 00000000
[E] 0100005c 0fff1000 0
[M] 0100005c 0fff1000 0 1 00000000
[W] 0100005c 1 1d 0fff1000
[F] 01000060 fffe8e93
[D] 01000060 13 1d 1d 1f 0 7f ffffffff 1f
[R] 1d 1f 0fff1000 00000000
[E] 01000060 0fff0fff 0
[M] 01000060 0fff0fff 0 0 00000000
[W] 01000060 1 1d 0fff0fff
[F] 01000064 00400193
[D] 01000064 13 03 00 04 0 00 00000004 04
[R] 00 04 00000000 00000000
[E] 01000064 00000004 0
[M] 01000064 00000004 0 0 00000000
[W] 01000064 1 03 00000004
[F] 01000068 45df1e63
[D] 01000068 63 1c 1e 1d 1 22 0000045c 1d
[R] 1e 1d 0fff0fff 0fff0fff
[E] 01000068 010004c4 0
[M] 01000068 010004c4 0 1 0fff0fff
[W] 01000068 0 1c 010004c4
[F] 0100006c f00ff0b7
[D] 0100006c 37 01 00 00 7 78 f00ff000 00
[R] 00 00 00000000 00000000
[E] 0100006c f00ff000 0
[M] 0100006c f00ff000 0 3 00000000
[W] 0100006c 1 01 f00ff000
[F] 01000070 00f08093
[D] 01000070 13 01 01 0f 0 00 0000000f 0f
[R] 01 0f f00ff000 00000000
[E] 01000070 f00ff00f 0
[M] 01000070 f00ff00f 0 0 00000000
[W] 01000070 1 01 f00ff00f
[F] 01000074 f0f0f137
[D] 01000074 37 02 00 0f 7 78 f0f0f000 0f
[R] 00 0f 00000000 00000000
[E] 01000074 f0f0f000 0
[M] 01000074 f0f0f000 0 3 00000000
[W] 01000074 1 02 f0f0f000
[F] 01000078 0f010113
[D] 01000078 13 02 02 10 0 07 000000f0 10
[R] 02 10 f0f0f000 00000000
[E] 01000078 f0f0f0f0 0
[M] 01000078 f0f0f0f0 0 0 00000000
[W] 01000078 1 02 f0f0f0f0
[F] 0100007c 0020ef33
[D] 0100007c 33 1e 01 02 6 00 00000000 02
[R] 01 02 f00ff00f f0f0f0f0
[E] 0100007c f0fff0ff 0
[M] 0100007c f0fff0ff 0 2 f0f0f0f0
[W] 0100007c 1 1e f0fff0ff
[F] 01000080 f0fffeb7
[D] 01000080 37 1d 00 0f 7 78 f0fff000 0f
[R] 00 0f 00000000 00000000
[E] 01000080 f0fff000 0
[M] 01000080 f0fff000 0 3 00000000
[W] 01000080 1 1d f0fff000
[F] 01000084 0ffe8e93
[D] 01000084 13 1d 1d 1f 0 07 000000ff 1f
[R] 1d 1f f0fff000 00000000
[E] 01000084 f0fff0ff 0
[M] 01000084 f0fff0ff 0 0 00000000
[W] 01000084 1 1d f0fff0ff
[F] 01000088 00500193
[D] 01000088 13 03 00 05 0 00 00000005 05
[R] 00 05 00000000 00000000
[E] 01000088 00000005 0
[M] 01000088 00000005 0 0 00000000
[W] 01000088 1 03 00000005
[F] 0100008c 43df1c63
[D] 0100008c 63 18 1e 1d 1 21 00000438 1d
[R] 1e 1d f0fff0ff f0fff0ff
[E] 0100008c 010004c4 0
[M] 0100008c 010004c4 0 1 f0fff0ff
[W] 0100008c 0 18 010004c4
[F] 01000090 ff0100b7
[D] 01000090 37 01 00 10 0 7f ff010000 10
[R] 00 10 00000000 00000000
[E] 01000090 ff010000 0
[M] 01000090 ff010000 0 0 00000000
[W] 01000090 1 01 ff010000
[F] 01000094 f0008093
[D] 01000094 13 01 01 00 0 78 ffffff00 00
[R] 01 00 ff010000 00000000
[E] 01000094 ff00ff00 0
[M] 01000094 ff00ff00 0 0 00000000
[W] 01000094 1 01 ff00ff00
[F] 01000098 0f0f1137
[D] 01000098 37 02 00 10 1 07 0f0f1000 10
[R] 00 10 00000000 00000000
[E] 01000098 0f0f1000 0
[M] 01000098 0f0f1000 0 1 00000000
[W] 01000098 1 02 0f0f1000
[F] 0100009c f0f10113
[D] 0100009c 13 02 02 0f 0 78 ffffff0f 0f
[R] 02 0f 0f0f1000 00000000
[E] 0100009c 0f0f0f0f 0
[M] 0100009c 0f0f0f0f 0 0 00000000
[W] 0100009c 1 02 0f0f0f0f
[F] 010000a0 0020e0b3
[D] 010000a0 33 01 01 02 6 00 00000000 02
[R] 01 02 ff00ff00 0f0f0f0f
[E] 010000a0 ff0fff0f 0
[M] 010000a0 ff0fff0f 0 2 0f0f0f0f
[W] 010000a0 1 01 ff0fff0f
[F] 010000a4 ff100eb7
[D] 010000a4 37 1d 00 11 0 7f ff100000 11
[R] 00 11 00000000 00000000
[E] 010000a4 ff100000 0
[M] 010000a4 ff100000 0 0 00000000
[W] 010000a4 1 1d ff100000
[F] 010000a8 f0fe8e93
[D] 010000a8 13 1d 1d 0f 0 78 ffffff0f 0f
[R] 1d 0f ff100000 00000000
[E] 010000a8 ff0fff0f 0
[M] 010000a8 ff0fff0f 0 0 00000000
[W] 010000a8 1 1d ff0fff0f
[F] 010000ac 00600193
[D] 010000ac 13 03 00 06 0 00 00000006 06
[R] 00 06 00000000 00000000
[E] 010000ac 00000006 0
[M] 010000ac 00000006 0 0 00000000
[W] 010000ac 1 03 00000006
[F] 010000b0 41d09a63
[D] 010000b0 63 14 01 1d 1 20 00000414 1d
[R] 01 1d ff0fff0f ff0fff0f
[E] 010000b0 010004c4 0
[M] 010000b0 010004c4 0 1 ff0fff0f
[W] 010000b0 0 14 010004c4
[F] 010000b4 ff0100b7
[D] 010000b4 37 01 00 10 0 7f ff010000 10
[R] 00 10 00000000 00000000
[E] 010000b4 ff010000 0
[M] 010000b4 ff010000 0 0 00000000
[W] 010000b4 1 01 ff010000
[F] 010000b8 f0008093
[D] 010000b8 13 01 01 00 0 78 ffffff00 00
[R] 01 00 ff010000 00000000
[E] 010000b8 ff00ff00 0
[M] 010000b8 ff00ff00 0 0 00000000
[W] 010000b8 1 01 ff00ff00
[F] 010000bc 0f0f1137
[D] 010000bc 37 02 00 10 1 07 0f0f1000 10
[R] 00 10 00000000 00000000
[E] 010000bc 0f0f1000 0
[M] 010000bc 0f0f1000 0 1 00000000
[W] 010000bc 1 02 0f0f1000
[F] 010000c0 f0f10113
[D] 010000c0 13 02 02 0f 0 78 ffffff0f 0f
[R] 02 0f 0f0f1000 00000000
[E] 010000c0 0f0f0f0f 0
[M] 010000c0 0f0f0f0f 0 0 00000000
[W] 010000c0 1 02 0f0f0f0f
[F] 010000c4 0020e133
[D] 010000c4 33 02 01 02 6 00 00000000 02
[R] 01 02 ff00ff00 0f0f0f0f
[E] 010000c4 ff0fff0f 0
[M] 010000c4 ff0fff0f 0 2 0f0f0f0f
[W] 010000c4 1 02 ff0fff0f
[F] 010000c8 ff100eb7
[D] 010000c8 37 1d 00 11 0 7f ff100000 11
[R] 00 11 00000000 00000000
[E] 010000c8 ff100000 0
[M] 010000c8 ff100000 0 0 00000000
[W] 010000c8 1 1d ff100000
[F] 010000cc f0fe8e93
[D] 010000cc 13 1d 1d 0f 0 78 ffffff0f 0f
[R] 1d 0f ff100000 00000000
[E] 010000cc ff0fff0f 0
[M] 010000cc ff0fff0f 0 0 00000000
[W] 010000cc 1 1d ff0fff0f
[F] 010000d0 00700193
[D] 010000d0 13 03 00 07 0 00 00000007 07
[R] 00 07 00000000 00000000
[E] 010000d0 00000007 0
[M] 010000d0 00000007 0 0 00000000
[W] 010000d0 1 03 00000007
[F] 010000d4 3fd11863
[D] 010000d4 63 10 02 1d 1 1f 000003f0 1d
[R] 02 1d ff0fff0f ff0fff0f
[E] 010000d4 010004c4 0
[M] 010000d4 010004c4 0 1 ff0fff0f
[W] 010000d4 0 10 010004c4
[F] 010000d8 ff0100b7
[D] 010000d8 37 01 00 10 0 7f ff010000 10
[R] 00 10 00000000 00000000
[E] 010000d8 ff010000 0
[M] 010000d8 ff010000 0 0 00000000
[W] 010000d8 1 01 ff010000
[F] 010000dc f0008093
[D] 010000dc 13 01 01 00 0 78 ffffff00 00
[R] 01 00 ff010000 00000000
[E] 010000dc ff00ff00 0
[M] 010000dc ff00ff00 0 0 00000000
[W] 010000dc 1 01 ff00ff00
[F] 010000e0 0010e0b3
[D] 010000e0 33 01 01 01 6 00 00000000 01
[R] 01 01 ff00ff00 ff00ff00
[E] 010000e0 ff00ff00 0
[M] 010000e0 ff00ff00 0 2 ff00ff00
[W] 010000e0 1 01 ff00ff00
[F] 010000e4 ff010eb7
[D] 010000e4 37 1d 00 10 0 7f ff010000 10
[R] 00 10 00000000 00000000
[E] 010000e4 ff010000 0
[M] 010000e4 ff010000 0 0 00000000
[W] 010000e4 1 1d ff010000
[F] 010000e8 f00e8e93
[D] 010000e8 13 1d 1d 00 0 78 ffffff00 00
[R] 1d 00 ff010000 00000000
[E] 010000e8 ff00ff00 0
[M] 010000e8 ff00ff00 0 0 00000000
[W] 010000e8 1 1d ff00ff00
[F] 010000ec 00800193
[D] 010000ec 13 03 00 08 0 00 00000008 08
[R] 00 08 00000000 00000000
[E] 010000ec 00000008 0
[M] 010000ec 00000008 0 0 00000000
[W] 010000ec 1 03 00000008
[F] 010000f0 3dd09a63
[D] 010000f0 63 14 01 1d 1 1e 000003d4 1d
[R] 01 1d ff00ff00 ff00ff00
[E] 010000f0 010004c4 0
[M] 010000f0 010004c4 0 1 ff00ff00
[W] 010000f0 0 14 010004c4
[F] 010000f4 00000213
[D] 010000f4 13 04 00 00 0 00 00000000 00
[R] 00 00 00000000 00000000
[E] 010000f4 00000000 0
[M] 010000f4 00000000 0 0 00000000
[W] 010000f4 1 04 00000000
[F] 010000f8 ff0100b7
[D] 010000f8 37 01 00 10 0 7f ff010000 10
[R] 00 10 00000000 00000000
[E] 010000f8 ff010000 0
[M] 010000f8 ff010000 0 0 00000000
[W] 010000f8 1 01 ff010000
[F] 010000fc f0008093
[D] 010000fc 13 01 01 00 0 78 ffffff00 00
[R] 01 00 ff010000 00000000
[E] 010000fc ff00ff00 0
[M] 010000fc ff00ff00 0 0 00000000
[W] 010000fc 1 01 ff00ff00
[F] 01000100 0f0f1137
[D] 01000100 37 02 00 10 1 07 0f0f1000 10
[R] 00 10 00000000 00000000
[E] 01000100 0f0f1000 0
[M] 01000100 0f0f1000 0 1 00000000
[W] 01000100 1 02 0f0f1000
[F] 01000104 f0f10113
[D] 01000104 13 02 02 0f 0 78 ffffff0f 0f
[R] 02 0f 0f0f1000 00000000
[E] 01000104 0f0f0f0f 0
[M] 01000104 0f0f0f0f 0 0 00000000
[W] 01000104 1 02 0f0f0f0f
[F] 01000108 0020ef33
[D] 01000108 33 1e 01 02 6 00 00000000 02
[R] 01 02 ff00ff00 0f0f0f0f
[E] 01000108 ff0fff0f 0
[M] 01000108 ff0fff0f 0 2 0f0f0f0f
[W] 01000108 1 1e ff0fff0f
[F] 0100010c 000f0313
[D] 0100010c 13 06 1e 00 0 00 00000000 00
[R] 1e 00 ff0fff0f 00000000
[E] 0100010c ff0fff0f 0
[M] 0100010c ff0fff0f 0 0 00000000
[W] 0100010c 1 06 ff0fff0f
[F] 01000110 00120213
[D] 01000110 13 04 04 01 0 00 00000001 01
[R] 04 01 00000000 ff00ff00
[E] 01000110 00000001 0
[M] 01000110 00000001 0 0 ff00ff00
[W] 01000110 1 04 00000001
[F] 01000114 00200293
[D] 01000114 13 05 00 02 0 00 00000002 02
[R] 00 02 00000000 0f0f0f0f
[E] 01000114 00000002 0
[M] 01000114 00000002 0 0 0f0f0f0f
[W] 01000114 1 05 00000002
[F] 01000118 fe5210e3
[D] 01000118 63 01 04 05 1 7f ffffffe0 05
[R] 04 05 00000001 00000002
[E] 01000118 010000f8 0
[M] 01000118 010000f8 0 1 00000002
[W] 01000118 0 01 010000f8
[F] 010000f8 ff0100b7
[D] 010000f8 37 01 00 10 0 7f ff010000 10
[R] 00 10 00000000 00000000
[E] 010000f8 ff010000 0
[M] 010000f8 ff010000 0 0 00000000
[W] 010000f8 1 01 ff010000
[F] 010000fc f0008093
[D] 010000fc 13 01 01 00 0 78 ffffff00 00
[R] 01 00 ff010000 00000000
[E] 010000fc ff00ff00 0
[M] 010000fc ff00ff00 0 0 00000000
[W] 010000fc 1 01 ff00ff00
[F] 01000100 0f0f1137
[D] 01000100 37 02 00 10 1 07 0f0f1000 10
[R] 00 10 00000000 00000000
[E] 01000100 0f0f1000 0
[M] 01000100 0f0f1000 0 1 00000000
[W] 01000100 1 02 0f0f1000
[F] 01000104 f0f10113
[D] 01000104 13 02 02 0f 0 78 ffffff0f 0f
[R] 02 0f 0f0f1000 00000000
[E] 01000104 0f0f0f0f 0
[M] 01000104 0f0f0f0f 0 0 00000000
[W] 01000104 1 02 0f0f0f0f
[F] 01000108 0020ef33
[D] 01000108 33 1e 01 02 6 00 00000000 02
[R] 01 02 ff00ff00 0f0f0f0f
[E] 01000108 ff0fff0f 0
[M] 01000108 ff0fff0f 0 2 0f0f0f0f
[W] 01000108 1 1e ff0fff0f
[F] 0100010c 000f0313
[D] 0100010c 13 06 1e 00 0 00 00000000 00
[R] 1e 00 ff0fff0f 00000000
[E] 0100010c ff0fff0f 0
[M] 0100010c ff0fff0f 0 0 00000000
[W] 0100010c 1 06 ff0fff0f
[F] 01000110 00120213
[D] 01000110 13 04 04 01 0 00 00000001 01
[R] 04 01 00000001 ff00ff00
[E] 01000110 00000002 0
[M] 01000110 00000002 0 0 ff00ff00
[W] 01000110 1 04 00000002
[F] 01000114 00200293
[D] 01000114 13 05 00 02 0 00 00000002 02
[R] 00 02 00000000 0f0f0f0f
[E] 01000114 00000002 0
[M] 01000114 00000002 0 0 0f0f0f0f
[W] 01000114 1 05 00000002
[F] 01000118 fe5210e3
[D] 01000118 63 01 04 05 1 7f ffffffe0 05
[R] 04 05 00000002 00000002
[E] 01000118 010000f8 0
[M] 01000118 010000f8 0 1 00000002
[W] 01000118 0 01 010000f8
[F] 0100011c ff100eb7
[D] 0100011c 37 1d 00 11 0 7f ff100000 11
[R] 00 11 00000000 00000000
[E] 0100011c ff100000 0
[M] 0100011c ff100000 0 0 00000000
[W] 0100011c 1 1d ff100000
[F] 01000120 f0fe8e93
[D] 01000120 13 1d 1d 0f 0 78 ffffff0f 0f
[R] 1d 0f ff100000 00000000
[E] 01000120 ff0fff0f 0
[M] 01000120 ff0fff0f 0 0 00000000
[W] 01000120 1 1d ff0fff0f
[F] 01000124 00900193
[D] 01000124 13 03 00 09 0 00 00000009 09
[R] 00 09 00000000 00000000
[E] 01000124 00000009 0
[M] 01000124 00000009 0 0 00000000
[W] 01000124 1 03 00000009
[F] 01000128 39d31e63
[D] 01000128 63 1c 06 1d 1 1c 0000039c 1d
[R] 06 1d ff0fff0f ff0fff0f
[E] 01000128 010004c4 0
[M] 01000128 010004c4 0 1 ff0fff0f
[W] 01000128 0 1c 010004c4
[F] 0100012c 00000213
[D] 0100012c 13 04 00 00 0 00 00000000 00
[R] 00 00 00000000 00000000
[E] 0100012c 00000000 0
[M] 0100012c 00000000 0 0 00000000
[W] 0100012c 1 04 00000000
[F] 01000130 0ff010b7
[D] 01000130 37 01 00 1f 1 07 0ff01000 1f
[R] 00 1f 00000000 00000000
[E] 01000130 0ff01000 0
[M] 01000130 0ff01000 0 1 00000000
[W] 01000130 1 01 0ff01000
[F] 01000134 ff008093
[D] 01000134 13 01 01 10 0 7f fffffff0 10
[R] 01 10 0ff01000 00000000
[E] 01000134 0ff00ff0 0
[M] 01000134 0ff00ff0 0 0 00000000
[W] 01000134 1 01 0ff00ff0
[F] 01000138 f0f0f137
[D] 01000138 37 02 00 0f 7 78 f0f0f000 0f
[R] 00 0f 00000000 00000000
[E] 01000138 f0f0f000 0
[M] 01000138 f0f0f000 0 3 00000000
[W] 01000138 1 02 f0f0f000
[F] 0100013c 0f010113
[D] 0100013c 13 02 02 10 0 07 000000f0 10
[R] 02 10 f0f0f000 00000000
[E] 0100013c f0f0f0f0 0
[M] 0100013c f0f0f0f0 0 0 00000000
[W] 0100013c 1 02 f0f0f0f0
[F] 01000140 0020ef33
[D] 01000140 33 1e 01 02 6 00 00000000 02
[R] 01 02 0ff00ff0 f0f0f0f0
[E] 01000140 fff0fff0 0
[M] 01000140 fff0fff0 0 2 f0f0f0f0
[W] 01000140 1 1e fff0fff0
[F] 01000144 00000013
[D] 01000144 13 00 00 00 0 00 00000000 00
[R] 00 00 00000000 00000000
[E] 01000144 00000000 0
[M] 01000144 00000000 0 0 00000000
[W] 01000144 1 00 00000000
[F] 01000148 000f0313
[D] 01000148 13 06 1e 00 0 00 00000000 00
[R] 1e 00 fff0fff0 00000000
[E] 01000148 fff0fff0 0
[M] 01000148 fff0fff0 0 0 00000000
[W] 01000148 1 06 fff0fff0
[F] 0100014c 00120213
[D] 0100014c 13 04 04 01 0 00 00000001 01
[R] 04 01 00000000 0ff00ff0
[E] 0100014c 00000001 0
[M] 0100014c 00000001 0 0 0ff00ff0
[W] 0100014c 1 04 00000001
[F] 01000150 00200293
[D] 01000150 13 05 00 02 0 00 00000002 02
[R] 00 02 00000000 f0f0f0f0
[E] 01000150 00000002 0
[M] 01000150 00000002 0 0 f0f0f0f0
[W] 01000150 1 05 00000002
[F] 01000154 fc521ee3
[D] 01000154 63 1d 04 05 1 7e ffffffdc 05
[R] 04 05 00000001 00000002
[E] 01000154 01000130 0
[M] 01000154 01000130 0 1 00000002
[W] 01000154 0 1d 01000130
[F] 01000130 0ff010b7
[D] 01000130 37 01 00 1f 1 07 0ff01000 1f
[R] 00 1f 00000000 00000000
[E] 01000130 0ff01000 0
[M] 01000130 0ff01000 0 1 00000000
[W] 01000130 1 01 0ff01000
[F] 01000134 ff008093
[D] 01000134 13 01 01 10 0 7f fffffff0 10
[R] 01 10 0ff01000 00000000
[E] 01000134 0ff00ff0 0
[M] 01000134 0ff00ff0 0 0 00000000
[W] 01000134 1 01 0ff00ff0
[F] 01000138 f0f0f137
[D] 01000138 37 02 00 0f 7 78 f0f0f000 0f
[R] 00 0f 00000000 00000000
[E] 01000138 f0f0f000 0
[M] 01000138 f0f0f000 0 3 00000000
[W] 01000138 1 02 f0f0f000
[F] 0100013c 0f010113
[D] 0100013c 13 02 02 10 0 07 000000f0 10
[R] 02 10 f0f0f000 00000000
[E] 0100013c f0f0f0f0 0
[M] 0100013c f0f0f0f0 0 0 00000000
[W] 0100013c 1 02 f0f0f0f0
[F] 01000140 0020ef33
[D] 01000140 33 1e 01 02 6 00 00000000 02
[R] 01 02 0ff00ff0 f0f0f0f0
[E] 01000140 fff0fff0 0
[M] 01000140 fff0fff0 0 2 f0f0f0f0
[W] 01000140 1 1e fff0fff0
[F] 01000144 00000013
[D] 01000144 13 00 00 00 0 00 00000000 00
[R] 00 00 00000000 00000000
[E] 01000144 00000000 0
[M] 01000144 00000000 0 0 00000000
[W] 01000144 1 00 00000000
[F] 01000148 000f0313
[D] 01000148 13 06 1e 00 0 00 00000000 00
[R] 1e 00 fff0fff0 00000000
[E] 01000148 fff0fff0 0
[M] 01000148 fff0fff0 0 0 00000000
[W] 01000148 1 06 fff0fff0
[F] 0100014c 00120213
[D] 0100014c 13 04 04 01 0 00 00000001 01
[R] 04 01 00000001 0ff00ff0
[E] 0100014c 00000002 0
[M] 0100014c 00000002 0 0 0ff00ff0
[W] 0100014c 1 04 00000002
[F] 01000150 00200293
[D] 01000150 13 05 00 02 0 00 00000002 02
[R] 00 02 00000000 f0f0f0f0
[E] 01000150 00000002 0
[M] 01000150 00000002 0 0 f0f0f0f0
[W] 01000150 1 05 00000002
[F] 01000154 fc521ee3
[D] 01000154 63 1d 04 05 1 7e ffffffdc 05
[R] 04 05 00000002 00000002
[E] 01000154 01000130 0
[M] 01000154 01000130 0 1 00000002
[W] 01000154 0 1d 01000130
[F] 01000158 fff10eb7
[D] 01000158 37 1d 00 1f 0 7f fff10000 1f
[R] 00 1f 00000000 00000000
[E] 01000158 fff10000 0
[M] 01000158 fff10000 0 0 00000000
[W] 01000158 1 1d fff10000
[F] 0100015c ff0e8e93
[D] 0100015c 13 1d 1d 10 0 7f fffffff0 10
[R] 1d 10 fff10000 00000000
[E] 0100015c fff0fff0 0
[M] 0100015c fff0fff0 0 0 00000000
[W] 0100015c 1 1d fff0fff0
[F] 01000160 00a00193
[D] 01000160 13 03 00 0a 0 00 0000000a 0a
[R] 00 0a 00000000 00000000
[E] 01000160 0000000a 0
[M] 01000160 0000000a 0 0 00000000
[W] 01000160 1 03 0000000a
[F] 01000164 37d31063
[D] 01000164 63 00 06 1d 1 1b 00000360 1d
[R] 06 1d fff0fff0 fff0fff0
[E] 01000164 010004c4 0
[M] 01000164 010004c4 0 1 fff0fff0
[W] 01000164 0 00 010004c4
[F] 01000168 00000213
[D] 01000168 13 04 00 00 0 00 00000000 00
[R] 00 00 00000000 00000000
[E] 01000168 00000000 0
[M] 01000168 00000000 0 0 00000000
[W] 01000168 1 04 00000000
[F] 0100016c 00ff00b7
[D] 0100016c 37 01 00 0f 0 00 00ff0000 0f
[R] 00 0f 00000000 00000000
[E] 0100016c 00ff0000 0
[M] 0100016c 00ff0000 0 0 00000000
[W] 0100016c 1 01 00ff0000
[F] 01000170 0ff08093
[D] 01000170 13 01 01 1f 0 07 000000ff 1f
[R] 01 1f 00ff0000 00000000
[E] 01000170 00ff00ff 0
[M] 01000170 00ff00ff 0 0 00000000
[W] 01000170 1 01 00ff00ff
[F] 01000174 0f0f1137
[D] 01000174 37 02 00 10 1 07 0f0f1000 10
[R] 00 10 00000000 00000000
[E] 01000174 0f0f1000 0
[M] 01000174 0f0f1000 0 1 00000000
[W] 01000174 1 02 0f0f1000
[F] 01000178 f0f10113
[D] 01000178 13 02 02 0f 0 78 ffffff0f 0f
[R] 02 0f 0f0f1000 00000000
[E] 01000178 0f0f0f0f 0
[M] 01000178 0f0f0f0f 0 0 00000000
[W] 01000178 1 02 0f0f0f0f
[F] 0100017c 0020ef33
[D] 0100017c 33 1e 01 02 6 00 00000000 02
[R] 01 02 00ff00ff 0f0f0f0f
[E] 0100017c 0fff0fff 0
[M] 0100017c 0fff0fff 0 2 0f0f0f0f
[W] 0100017c 1 1e 0fff0fff
[F] 01000180 00000013
[D] 01000180 13 00 00 00 0 00 00000000 00
[R] 00 00 00000000 00000000
[E] 01000180 00000000 0
[M] 01000180 00000000 0 0 00000000
[W] 01000180 1 00 00000000
[F] 01000184 00000013
[D] 01000184 13 00 00 00 0 00 00000000 00
[R] 00 00 00000000 00000000
[E] 01000184 00000000 0
[M] 01000184 00000000 0 0 00000000
[W] 01000184 1 00 00000000
[F] 01000188 000f0313
[D] 01000188 13 06 1e 00 0 00 00000000 00
[R] 1e 00 0fff0fff 00000000
[E] 01000188 0fff0fff 0
[M] 01000188 0fff0fff 0 0 00000000
[W] 01000188 1 06 0fff0fff
[F] 0100018c 00120213
[D] 0100018c 13 04 04 01 0 00 00000001 01
[R] 04 01 00000000 00ff00ff
[E] 0100018c 00000001 0
[M] 0100018c 00000001 0 0 00ff00ff
[W] 0100018c 1 04 00000001
[F] 01000190 00200293
[D] 01000190 13 05 00 02 0 00 00000002 02
[R] 00 02 00000000 0f0f0f0f
[E] 01000190 00000002 0
[M] 01000190 00000002 0 0 0f0f0f0f
[W] 01000190 1 05 00000002
[F] 01000194 fc521ce3
[D] 01000194 63 19 04 05 1 7e ffffffd8 05
[R] 04 05 00000001 00000002
[E] 01000194 0100016c 0
[M] 01000194 0100016c 0 1 00000002
[W] 01000194 0 19 0100016c
[F] 0100016c 00ff00b7
[D] 0100016c 37 01 00 0f 0 00 00ff0000 0f
[R] 00 0f 00000000 00000000
[E] 0100016c 00ff0000 0
[M] 0100016c 00ff0000 0 0 00000000
[W] 0100016c 1 01 00ff0000
[F] 01000170 0ff08093
[D] 01000170 13 01 01 1f 0 07 000000ff 1f
[R] 01 1f 00ff0000 00000000
[E] 01000170 00ff00ff 0
[M] 01000170 00ff00ff 0 0 00000000
[W] 01000170 1 01 00ff00ff
[F] 01000174 0f0f1137
[D] 01000174 37 02 00 10 1 07 0f0f1000 10
[R] 00 10 00000000 00000000
[E] 01000174 0f0f1000 0
[M] 01000174 0f0f1000 0 1 00000000
[W] 01000174 1 02 0f0f1000
[F] 01000178 f0f10113
[D] 01000178 13 02 02 0f 0 78 ffffff0f 0f
[R] 02 0f 0f0f1000 00000000
[E] 01000178 0f0f0f0f 0
[M] 01000178 0f0f0f0f 0 0 00000000
[W] 01000178 1 02 0f0f0f0f
[F] 0100017c 0020ef33
[D] 0100017c 33 1e 01 02 6 00 00000000 02
[R] 01 02 00ff00ff 0f0f0f0f
[E] 0100017c 0fff0fff 0
[M] 0100017c 0fff0fff 0 2 0f0f0f0f
[W] 0100017c 1 1e 0fff0fff
[F] 01000180 00000013
[D] 01000180 13 00 00 00 0 00 00000000 00
[R] 00 00 00000000 00000000
[E] 01000180 00000000 0
[M] 01000180 00000000 0 0 00000000
[W] 01000180 1 00 00000000
[F] 01000184 00000013
[D] 01000184 13 00 00 00 0 00 00000000 00
[R] 00 00 00000000 00000000
[E] 01000184 00000000 0
[M] 01000184 00000000 0 0 00000000
[W] 01000184 1 00 00000000
[F] 01000188 000f0313
[D] 01000188 13 06 1e 00 0 00 00000000 00
[R] 1e 00 0fff0fff 00000000
[E] 01000188 0fff0fff 0
[M] 01000188 0fff0fff 0 0 00000000
[W] 01000188 1 06 0fff0fff
[F] 0100018c 00120213
[D] 0100018c 13 04 04 01 0 00 00000001 01
[R] 04 01 00000001 00ff00ff
[E] 0100018c 00000002 0
[M] 0100018c 00000002 0 0 00ff00ff
[W] 0100018c 1 04 00000002
[F] 01000190 00200293
[D] 01000190 13 05 00 02 0 00 00000002 02
[R] 00 02 00000000 0f0f0f0f
[E] 01000190 00000002 0
[M] 01000190 00000002 0 0 0f0f0f0f
[W] 01000190 1 05 00000002
[F] 01000194 fc521ce3
[D] 01000194 63 19 04 05 1 7e ffffffd8 05
[R] 04 05 00000002 00000002
[E] 01000194 0100016c 0
[M] 01000194 0100016c 0 1 00000002
[W] 01000194 0 19 0100016c
[F] 01000198 0fff1eb7
[D] 01000198 37 1d 00 1f 1 07 0fff1000 1f
[R] 00 1f 00000000 00000000
[E] 01000198 0fff1000 0
[M] 01000198 0fff1000 0 1 00000000
[W] 01000198 1 1d 0fff1000
[F] 0100019c fffe8e93
[D] 0100019c 13 1d 1d 1f 0 7f ffffffff 1f
[R] 1d 1f 0fff1000 00000000
[E] 0100019c 0fff0fff 0
[M] 0100019c 0fff0fff 0 0 00000000
[W] 0100019c 1 1d 0fff0fff
[F] 010001a0 00b00193
[D] 010001a0 13 03 00 0b 0 00 0000000b 0b
[R] 00 0b 00000000 00000000
[E] 010001a0 0000000b 0
[M] 010001a0 0000000b 0 0 00000000
[W] 010001a0 1 03 0000000b
[F] 010001a4 33d31063
[D] 010001a4 63 00 06 1d 1 19 00000320 1d
[R] 06 1d 0fff0fff 0fff0fff
[E] 010001a4 010004c4 0
[M] 010001a4 010004c4 0 1 0fff0fff
[W] 010001a4 0 00 010004c4
[F] 010001a8 00000213
[D] 010001a8 13 04 00 00 0 00 00000000 00
[R] 00 00 00000000 00000000
[E] 010001a8 00000000 0
[M] 010001a8 00000000 0 0 00000000
[W] 010001a8 1 04 00000000
[F] 010001ac ff0100b7
[D] 010001ac 37 01 00 10 0 7f ff010000 10
[R] 00 10 00000000 00000000
[E] 010001ac ff010000 0
[M] 010001ac ff010000 0 0 00000000
[W] 010001ac 1 01 ff010000
[F] 010001b0 f0008093
[D] 010001b0 13 01 01 00 0 78 ffffff00 00
[R] 01 00 ff010000 00000000
[E] 010001b0 ff00ff00 0
[M] 010001b0 ff00ff00 0 0 00000000
[W] 010001b0 1 01 ff00ff00
[F] 010001b4 0f0f1137
[D] 010001b4 37 02 00 10 1 07 0f0f1000 10
[R] 00 10 00000000 00000000
[E] 010001b4 0f0f1000 0
[M] 010001b4 0f0f1000 0 1 00000000
[W] 010001b4 1 02 0f0f1000
[F] 010001b8 f0f10113
[D] 010001b8 13 02 02 0f 0 78 ffffff0f 0f
[R] 02 0f 0f0f1000 00000000
[E] 010001b8 0f0f0f0f 0
[M] 010001b8 0f0f0f0f 0 0 00000000
[W] 010001b8 1 02 0f0f0f0f
[F] 010001bc 0020ef33
[D] 010001bc 33 1e 01 02 6 00 00000000 02
[R] 01 02 ff00ff00 0f0f0f0f
[E] 010001bc ff0fff0f 0
[M] 010001bc ff0fff0f 0 2 0f0f0f0f
[W] 010001bc 1 1e ff0fff0f
[F] 010001c0 00120213
[D] 010001c0 13 04 04 01 0 00 00000001 01
[R] 04 01 00000000 ff00ff00
[E] 010001c0 00000001 0
[M] 010001c0 00000001 0 0 ff00ff00
[W] 010001c0 1 04 00000001
[F] 010001c4 00200293
[D] 010001c4 13 05 00 02 0 00 00000002 02
[R] 00 02 00000000 0f0f0f0f
[E] 010001c4 00000002 0
[M] 010001c4 00000002 0 0 0f0f0f0f
[W] 010001c4 1 05 00000002
[F] 010001c8 fe5212e3
[D] 010001c8 63 05 04 05 1 7f ffffffe4 05
[R] 04 05 00000001 00000002
[E] 010001c8 010001ac 0
[M] 010001c8 010001ac 0 1 00000002
[W] 010001c8 0 05 010001ac
[F] 010001ac ff0100b7
[D] 010001ac 37 01 00 10 0 7f ff010000 10
[R] 00 10 00000000 00000000
[E] 010001ac ff010000 0
[M] 010001ac ff010000 0 0 00000000
[W] 010001ac 1 01 ff010000
[F] 010001b0 f0008093
[D] 010001b0 13 01 01 00 0 78 ffffff00 00
[R] 01 00 ff010000 00000000
[E] 010001b0 ff00ff00 0
[M] 010001b0 ff00ff00 0 0 00000000
[W] 010001b0 1 01 ff00ff00
[F] 010001b4 0f0f1137
[D] 010001b4 37 02 00 10 1 07 0f0f1000 10
[R] 00 10 00000000 00000000
[E] 010001b4 0f0f1000 0
[M] 010001b4 0f0f1000 0 1 00000000
[W] 010001b4 1 02 0f0f1000
[F] 010001b8 f0f10113
[D] 010001b8 13 02 02 0f 0 78 ffffff0f 0f
[R] 02 0f 0f0f1000 00000000
[E] 010001b8 0f0f0f0f 0
[M] 010001b8 0f0f0f0f 0 0 00000000
[W] 010001b8 1 02 0f0f0f0f
[F] 010001bc 0020ef33
[D] 010001bc 33 1e 01 02 6 00 00000000 02
[R] 01 02 ff00ff00 0f0f0f0f
[E] 010001bc ff0fff0f 0
[M] 010001bc ff0fff0f 0 2 0f0f0f0f
[W] 010001bc 1 1e ff0fff0f
[F] 010001c0 00120213
[D] 010001c0 13 04 04 01 0 00 00000001 01
[R] 04 01 00000001 ff00ff00
[E] 010001c0 00000002 0
[M] 010001c0 00000002 0 0 ff00ff00
[W] 010001c0 1 04 00000002
[F] 010001c4 00200293
[D] 010001c4 13 05 00 02 0 00 00000002 02
[R] 00 02 00000000 0f0f0f0f
[E] 010001c4 00000002 0
[M] 010001c4 00000002 0 0 0f0f0f0f
[W] 010001c4 1 05 00000002
[F] 010001c8 fe5212e3
[D] 010001c8 63 05 04 05 1 7f ffffffe4 05
[R] 04 05 00000002 00000002
[E] 010001c8 010001ac 0
[M] 010001c8 010001ac 0 1 00000002
[W] 010001c8 0 05 010001ac
[F] 010001cc ff100eb7
[D] 010001cc 37 1d 00 11 0 7f ff100000 11
[R] 00 11 00000000 00000000
[E] 010001cc ff100000 0
[M] 010001cc ff100000 0 0 00000000
[W] 010001cc 1 1d ff100000
[F] 010001d0 f0fe8e93
[D] 010001d0 13 1d 1d 0f 0 78 ffffff0f 0f
[R] 1d 0f ff100000 00000000
[E] 010001d0 ff0fff0f 0
[M] 010001d0 ff0fff0f 0 0 00000000
[W] 010001d0 1 1d ff0fff0f
[F] 010001d4 00c00193
[D] 010001d4 13 03 00 0c 0 00 0000000c 0c
[R] 00 0c 00000000 00000000
[E] 010001d4 0000000c 0
[M] 010001d4 0000000c 0 0 00000000
[W] 010001d4 1 03 0000000c
[F] 010001d8 2fdf1663
[D] 010001d8 63 0c 1e 1d 1 17 000002ec 1d
[R] 1e 1d ff0fff0f ff0fff0f
[E] 010001d8 010004c4 0
[M] 010001d8 010004c4 0 1 ff0fff0f
[W] 010001d8 0 0c 010004c4
[F] 010001dc 00000213
[D] 010001dc 13 04 00 00 0 00 00000000 00
[R] 00 00 00000000 00000000
[E] 010001dc 00000000 0
[M] 010001dc 00000000 0 0 00000000
[W] 010001dc 1 04 00000000
[F] 010001e0 0ff010b7
[D] 010001e0 37 01 00 1f 1 07 0ff01000 1f
[R] 00 1f 00000000 00000000
[E] 010001e0 0ff01000 0
[M] 010001e0 0ff01000 0 1 00000000
[W] 010001e0 1 01 0ff01000
[F] 010001e4 ff008093
[D] 010001e4 13 01 01 10 0 7f fffffff0 10
[R] 01 10 0ff01000 00000000
[E] 010001e4 0ff00ff0 0
[M] 010001e4 0ff00ff0 0 0 00000000
[W] 010001e4 1 01 0ff00ff0
[F] 010001e8 f0f0f137
[D] 010001e8 37 02 00 0f 7 78 f0f0f000 0f
[R] 00 0f 00000000 00000000
[E] 010001e8 f0f0f000 0
[M] 010001e8 f0f0f000 0 3 00000000
[W] 010001e8 1 02 f0f0f000
[F] 010001ec 0f010113
[D] 010001ec 13 02 02 10 0 07 000000f0 10
[R] 02 10 f0f0f000 00000000
[E] 010001ec f0f0f0f0 0
[M] 010001ec f0f0f0f0 0 0 00000000
[W] 010001ec 1 02 f0f0f0f0
[F] 010001f0 00000013
[D] 010001f0 13 00 00 00 0 00 00000000 00
[R] 00 00 00000000 00000000
[E] 010001f0 00000000 0
[M] 010001f0 00000000 0 0 00000000
[W] 010001f0 1 00 00000000
[F] 010001f4 0020ef33
[D] 010001f4 33 1e 01 02 6 00 00000000 02
[R] 01 02 0ff00ff0 f0f0f0f0
[E] 010001f4 fff0fff0 0
[M] 010001f4 fff0fff0 0 2 f0f0f0f0
[W] 010001f4 1 1e fff0fff0
[F] 010001f8 00120213
[D] 010001f8 13 04 04 01 0 00 00000001 01
[R] 04 01 00000000 0ff00ff0
[E] 010001f8 00000001 0
[M] 010001f8 00000001 0 0 0ff00ff0
[W] 010001f8 1 04 00000001
[F] 010001fc 00200293
[D] 010001fc 13 05 00 02 0 00 00000002 02
[R] 00 02 00000000 f0f0f0f0
[E] 010001fc 00000002 0
[M] 010001fc 00000002 0 0 f0f0f0f0
[W] 010001fc 1 05 00000002
[F] 01000200 fe5210e3
[D] 01000200 63 01 04 05 1 7f ffffffe0 05
[R] 04 05 00000001 00000002
[E] 01000200 010001e0 0
[M] 01000200 010001e0 0 1 00000002
[W] 01000200 0 01 010001e0
[F] 010001e0 0ff010b7
[D] 010001e0 37 01 00 1f 1 07 0ff01000 1f
[R] 00 1f 00000000 00000000
[E] 010001e0 0ff01000 0
[M] 010001e0 0ff01000 0 1 00000000
[W] 010001e0 1 01 0ff01000
[F] 010001e4 ff008093
[D] 010001e4 13 01 01 10 0 7f fffffff0 10
[R] 01 10 0ff01000 00000000
[E] 010001e4 0ff00ff0 0
[M] 010001e4 0ff00ff0 0 0 00000000
[W] 010001e4 1 01 0ff00ff0
[F] 010001e8 f0f0f137
[D] 010001e8 37 02 00 0f 7 78 f0f0f000 0f
[R] 00 0f 00000000 00000000
[E] 010001e8 f0f0f000 0
[M] 010001e8 f0f0f000 0 3 00000000
[W] 010001e8 1 02 f0f0f000
[F] 010001ec 0f010113
[D] 010001ec 13 02 02 10 0 07 000000f0 10
[R] 02 10 f0f0f000 00000000
[E] 010001ec f0f0f0f0 0
[M] 010001ec f0f0f0f0 0 0 00000000
[W] 010001ec 1 02 f0f0f0f0
[F] 010001f0 00000013
[D] 010001f0 13 00 00 00 0 00 00000000 00
[R] 00 00 00000000 00000000
[E] 010001f0 00000000 0
[M] 010001f0 00000000 0 0 00000000
[W] 010001f0 1 00 00000000
[F] 010001f4 0020ef33
[D] 010001f4 33 1e 01 02 6 00 00000000 02
[R] 01 02 0ff00ff0 f0f0f0f0
[E] 010001f4 fff0fff0 0
[M] 010001f4 fff0fff0 0 2 f0f0f0f0
[W] 010001f4 1 1e fff0fff0
[F] 010001f8 00120213
[D] 010001f8 13 04 04 01 0 00 00000001 01
[R] 04 01 00000001 0ff00ff0
[E] 010001f8 00000002 0
[M] 010001f8 00000002 0 0 0ff00ff0
[W] 010001f8 1 04 00000002
[F] 010001fc 00200293
[D] 010001fc 13 05 00 02 0 00 00000002 02
[R] 00 02 00000000 f0f0f0f0
[E] 010001fc 00000002 0
[M] 010001fc 00000002 0 0 f0f0f0f0
[W] 010001fc 1 05 00000002
[F] 01000200 fe5210e3
[D] 01000200 63 01 04 05 1 7f ffffffe0 05
[R] 04 05 00000002 00000002
[E] 01000200 010001e0 0
[M] 01000200 010001e0 0 1 00000002
[W] 01000200 0 01 010001e0
[F] 01000204 fff10eb7
[D] 01000204 37 1d 00 1f 0 7f fff10000 1f
[R] 00 1f 00000000 00000000
[E] 01000204 fff10000 0
[M] 01000204 fff10000 0 0 00000000
[W] 01000204 1 1d fff10000
[F] 01000208 ff0e8e93
[D] 01000208 13 1d 1d 10 0 7f fffffff0 10
[R] 1d 10 fff10000 00000000
[E] 01000208 fff0fff0 0
[M] 01000208 fff0fff0 0 0 00000000
[W] 01000208 1 1d fff0fff0
[F] 0100020c 00d00193
[D] 0100020c 13 03 00 0d 0 00 0000000d 0d
[R] 00 0d 00000000 00000000
[E] 0100020c 0000000d 0
[M] 0100020c 0000000d 0 0 00000000
[W] 0100020c 1 03 0000000d
[F] 01000210 2bdf1a63
[D] 01000210 63 14 1e 1d 1 15 000002b4 1d
[R] 1e 1d fff0fff0 fff0fff0
[E] 01000210 010004c4 0
[M] 01000210 010004c4 0 1 fff0fff0
[W] 01000210 0 14 010004c4
[F] 01000214 00000213
[D] 01000214 13 04 00 00 0 00 00000000 00
[R] 00 00 00000000 00000000
[E] 01000214 00000000 0
[M] 01000214 00000000 0 0 00000000
[W] 01000214 1 04 00000000
[F] 01000218 00ff00b7
[D] 01000218 37 01 00 0f 0 00 00ff0000 0f
[R] 00 0f 00000000 00000000
[E] 01000218 00ff0000 0
[M] 01000218 00ff0000 0 0 00000000
[W] 01000218 1 01 00ff0000
[F] 0100021c 0ff08093
[D] 0100021c 13 01 01 1f 0 07 000000ff 1f
[R] 01 1f 00ff0000 00000000
[E] 0100021c 00ff00ff 0
[M] 0100021c 00ff00ff 0 0 00000000
[W] 0100021c 1 01 00ff00ff
[F] 01000220 0f0f1137
[D] 01000220 37 02 00 10 1 07 0f0f1000 10
[R] 00 10 00000000 00000000
[E] 01000220 0f0f1000 0
[M] 01000220 0f0f1000 0 1 00000000
[W] 01000220 1 02 0f0f1000
[F] 01000224 f0f10113
[D] 01000224 13 02 02 0f 0 78 ffffff0f 0f
[R] 02 0f 0f0f1000 00000000
[E] 01000224 0f0f0f0f 0
[M] 01000224 0f0f0f0f 0 0 00000000
[W] 01000224 1 02 0f0f0f0f
[F] 01000228 00000013
[D] 01000228 13 00 00 00 0 00 00000000 00
[R] 00 00 00000000 00000000
[E] 01000228 00000000 0
[M] 01000228 00000000 0 0 00000000
[W] 01000228 1 00 00000000
[F] 0100022c 00000013
[D] 0100022c 13 00 00 00 0 00 00000000 00
[R] 00 00 00000000 00000000
[E] 0100022c 00000000 0
[M] 0100022c 00000000 0 0 00000000
[W] 0100022c 1 00 00000000
[F] 01000230 0020ef33
[D] 01000230 33 1e 01 02 6 00 00000000 02
[R] 01 02 00ff00ff 0f0f0f0f
[E] 01000230 0fff0fff 0
[M] 01000230 0fff0fff 0 2 0f0f0f0f
[W] 01000230 1 1e 0fff0fff
[F] 01000234 00120213
[D] 01000234 13 04 04 01 0 00 00000001 01
[R] 04 01 00000000 00ff00ff
[E] 01000234 00000001 0
[M] 01000234 00000001 0 0 00ff00ff
[W] 01000234 1 04 00000001
[F] 01000238 00200293
[D] 01000238 13 05 00 02 0 00 00000002 02
[R] 00 02 00000000 0f0f0f0f
[E] 01000238 00000002 0
[M] 01000238 00000002 0 0 0f0f0f0f
[W] 01000238 1 05 00000002
[F] 0100023c fc521ee3
[D] 0100023c 63 1d 04 05 1 7e ffffffdc 05
[R] 04 05 00000001 00000002
[E] 0100023c 01000218 0
[M] 0100023c 01000218 0 1 00000002
[W] 0100023c 0 1d 01000218
[F] 01000218 00ff00b7
[D] 01000218 37 01 00 0f 0 00 00ff0000 0f
[R] 00 0f 00000000 00000000
[E] 01000218 00ff0000 0
[M] 01000218 00ff0000 0 0 00000000
[W] 01000218 1 01 00ff0000
[F] 0100021c 0ff08093
[D] 0100021c 13 01 01 1f 0 07 000000ff 1f
[R] 01 1f 00ff0000 00000000
[E] 0100021c 00ff00ff 0
[M] 0100021c 00ff00ff 0 0 00000000
[W] 0100021c 1 01 00ff00ff
[F] 01000220 0f0f1137
[D] 01000220 37 02 00 10 1 07 0f0f1000 10
[R] 00 10 00000000 00000000
[E] 01000220 0f0f1000 0
[M] 01000220 0f0f1000 0 1 00000000
[W] 01000220 1 02 0f0f1000
[F] 01000224 f0f10113
[D] 01000224 13 02 02 0f 0 78 ffffff0f 0f
[R] 02 0f 0f0f1000 00000000
[E] 01000224 0f0f0f0f 0
[M] 01000224 0f0f0f0f 0 0 00000000
[W] 01000224 1 02 0f0f0f0f
[F] 01000228 00000013
[D] 01000228 13 00 00 00 0 00 00000000 00
[R] 00 00 00000000 00000000
[E] 01000228 00000000 0
[M] 01000228 00000000 0 0 00000000
[W] 01000228 1 00 00000000
[F] 0100022c 00000013
[D] 0100022c 13 00 00 00 0 00 00000000 00
[R] 00 00 00000000 00000000
[E] 0100022c 00000000 0
[M] 0100022c 00000000 0 0 00000000
[W] 0100022c 1 00 00000000
[F] 01000230 0020ef33
[D] 01000230 33 1e 01 02 6 00 00000000 02
[R] 01 02 00ff00ff 0f0f0f0f
[E] 01000230 0fff0fff 0
[M] 01000230 0fff0fff 0 2 0f0f0f0f
[W] 01000230 1 1e 0fff0fff
[F] 01000234 00120213
[D] 01000234 13 04 04 01 0 00 00000001 01
[R] 04 01 00000001 00ff00ff
[E] 01000234 00000002 0
[M] 01000234 00000002 0 0 00ff00ff
[W] 01000234 1 04 00000002
[F] 01000238 00200293
[D] 01000238 13 05 00 02 0 00 00000002 02
[R] 00 02 00000000 0f0f0f0f
[E] 01000238 00000002 0
[M] 01000238 00000002 0 0 0f0f0f0f
[W] 01000238 1 05 00000002
[F] 0100023c fc521ee3
[D] 0100023c 63 1d 04 05 1 7e ffffffdc 05
[R] 04 05 00000002 00000002
[E] 0100023c 01000218 0
[M] 0100023c 01000218 0 1 00000002
[W] 0100023c 0 1d 01000218
[F] 01000240 0fff1eb7
[D] 01000240 37 1d 00 1f 1 07 0fff1000 1f
[R] 00 1f 00000000 00000000
[E] 01000240 0fff1000 0
[M] 01000240 0fff1000 0 1 00000000
[W] 01000240 1 1d 0fff1000
[F] 01000244 fffe8e93
[D] 01000244 13 1d 1d 1f 0 7f ffffffff 1f
[R] 1d 1f 0fff1000 00000000
[E] 01000244 0fff0fff 0
[M] 01000244 0fff0fff 0 0 00000000
[W] 01000244 1 1d 0fff0fff
[F] 01000248 00e00193
[D] 01000248 13 03 00 0e 0 00 0000000e 0e
[R] 00 0e 00000000 00000000
[E] 01000248 0000000e 0
[M] 01000248 0000000e 0 0 00000000
[W] 01000248 1 03 0000000e
[F] 0100024c 27df1c63
[D] 0100024c 63 18 1e 1d 1 13 00000278 1d
[R] 1e 1d 0fff0fff 0fff0fff
[E] 0100024c 010004c4 0
[M] 0100024c 010004c4 0 1 0fff0fff
[W] 0100024c 0 18 010004c4
[F] 01000250 00000213
[D] 01000250 13 04 00 00 0 00 00000000 00
[R] 00 00 00000000 00000000
[E] 01000250 00000000 0
[M] 01000250 00000000 0 0 00000000
[W] 01000250 1 04 00000000
[F] 01000254 ff0100b7
[D] 01000254 37 01 00 10 0 7f ff010000 10
[R] 00 10 00000000 00000000
[E] 01000254 ff010000 0
[M] 01000254 ff010000 0 0 00000000
[W] 01000254 1 01 ff010000
[F] 01000258 f0008093
[D] 01000258 13 01 01 00 0 78 ffffff00 00
[R] 01 00 ff010000 00000000
[E] 01000258 ff00ff00 0
[M] 01000258 ff00ff00 0 0 00000000
[W] 01000258 1 01 ff00ff00
[F] 0100025c 00000013
[D] 0100025c 13 00 00 00 0 00 00000000 00
[R] 00 00 00000000 00000000
[E] 0100025c 00000000 0
[M] 0100025c 00000000 0 0 00000000
[W] 0100025c 1 00 00000000
[F] 01000260 0f0f1137
[D] 01000260 37 02 00 10 1 07 0f0f1000 10
[R] 00 10 00000000 00000000
[E] 01000260 0f0f1000 0
[M] 01000260 0f0f1000 0 1 00000000
[W] 01000260 1 02 0f0f1000
[F] 01000264 f0f10113
[D] 01000264 13 02 02 0f 0 78 ffffff0f 0f
[R] 02 0f 0f0f1000 00000000
[E] 01000264 0f0f0f0f 0
[M] 01000264 0f0f0f0f 0 0 00000000
[W] 01000264 1 02 0f0f0f0f
[F] 01000268 0020ef33
[D] 01000268 33 1e 01 02 6 00 00000000 02
[R] 01 02 ff00ff00 0f0f0f0f
[E] 01000268 ff0fff0f 0
[M] 01000268 ff0fff0f 0 2 0f0f0f0f
[W] 01000268 1 1e ff0fff0f
[F] 0100026c 00120213
[D] 0100026c 13 04 04 01 0 00 00000001 01
[R] 04 01 00000000 ff00ff00
[E] 0100026c 00000001 0
[M] 0100026c 00000001 0 0 ff00ff00
[W] 0100026c 1 04 00000001
[F] 01000270 00200293
[D] 01000270 13 05 00 02 0 00 00000002 02
[R] 00 02 00000000 0f0f0f0f
[E] 01000270 00000002 0
[M] 01000270 00000002 0 0 0f0f0f0f
[W] 01000270 1 05 00000002
[F] 01000274 fe5210e3
[D] 01000274 63 01 04 05 1 7f ffffffe0 05
[R] 04 05 00000001 00000002
[E] 01000274 01000254 0
[M] 01000274 01000254 0 1 00000002
[W] 01000274 0 01 01000254
[F] 01000254 ff0100b7
[D] 01000254 37 01 00 10 0 7f ff010000 10
[R] 00 10 00000000 00000000
[E] 01000254 ff010000 0
[M] 01000254 ff010000 0 0 00000000
[W] 01000254 1 01 ff010000
[F] 01000258 f0008093
[D] 01000258 13 01 01 00 0 78 ffffff00 00
[R] 01 00 ff010000 00000000
[E] 01000258 ff00ff00 0
[M] 01000258 ff00ff00 0 0 00000000
[W] 01000258 1 01 ff00ff00
[F] 0100025c 00000013
[D] 0100025c 13 00 00 00 0 00 00000000 00
[R] 00 00 00000000 00000000
[E] 0100025c 00000000 0
[M] 0100025c 00000000 0 0 00000000
[W] 0100025c 1 00 00000000
[F] 01000260 0f0f1137
[D] 01000260 37 02 00 10 1 07 0f0f1000 10
[R] 00 10 00000000 00000000
[E] 01000260 0f0f1000 0
[M] 01000260 0f0f1000 0 1 00000000
[W] 01000260 1 02 0f0f1000
[F] 01000264 f0f10113
[D] 01000264 13 02 02 0f 0 78 ffffff0f 0f
[R] 02 0f 0f0f1000 00000000
[E] 01000264 0f0f0f0f 0
[M] 01000264 0f0f0f0f 0 0 00000000
[W] 01000264 1 02 0f0f0f0f
[F] 01000268 0020ef33
[D] 01000268 33 1e 01 02 6 00 00000000 02
[R] 01 02 ff00ff00 0f0f0f0f
[E] 01000268 ff0fff0f 0
[M] 01000268 ff0fff0f 0 2 0f0f0f0f
[W] 01000268 1 1e ff0fff0f
[F] 0100026c 00120213
[D] 0100026c 13 04 04 01 0 00 00000001 01
[R] 04 01 00000001 ff00ff00
[E] 0100026c 00000002 0
[M] 0100026c 00000002 0 0 ff00ff00
[W] 0100026c 1 04 00000002
[F] 01000270 00200293
[D] 01000270 13 05 00 02 0 00 00000002 02
[R] 00 02 00000000 0f0f0f0f
[E] 01000270 00000002 0
[M] 01000270 00000002 0 0 0f0f0f0f
[W] 01000270 1 05 00000002
[F] 01000274 fe5210e3
[D] 01000274 63 01 04 05 1 7f ffffffe0 05
[R] 04 05 00000002 00000002
[E] 01000274 01000254 0
[M] 01000274 01000254 0 1 00000002
[W] 01000274 0 01 01000254
[F] 01000278 ff100eb7
[D] 01000278 37 1d 00 11 0 7f ff100000 11
[R] 00 11 00000000 00000000
[E] 01000278 ff100000 0
[M] 01000278 ff100000 0 0 00000000
[W] 01000278 1 1d ff100000
[F] 0100027c f0fe8e93
[D] 0100027c 13 1d 1d 0f 0 78 ffffff0f 0f
[R] 1d 0f ff100000 00000000
[E] 0100027c ff0fff0f 0
[M] 0100027c ff0fff0f 0 0 00000000
[W] 0100027c 1 1d ff0fff0f
[F] 01000280 00f00193
[D] 01000280 13 03 00 0f 0 00 0000000f 0f
[R] 00 0f 00000000 00000000
[E] 01000280 0000000f 0
[M] 01000280 0000000f 0 0 00000000
[W] 01000280 1 03 0000000f
[F] 01000284 25df1063
[D] 01000284 63 00 1e 1d 1 12 00000240 1d
[R] 1e 1d ff0fff0f ff0fff0f
[E] 01000284 010004c4 0
[M] 01000284 010004c4 0 1 ff0fff0f
[W] 01000284 0 00 010004c4
[F] 01000288 00000213
[D] 01000288 13 04 00 00 0 00 00000000 00
[R] 00 00 00000000 00000000
[E] 01000288 00000000 0
[M] 01000288 00000000 0 0 00000000
[W] 01000288 1 04 00000000
[F] 0100028c 0ff010b7
[D] 0100028c 37 01 00 1f 1 07 0ff01000 1f
[R] 00 1f 00000000 00000000
[E] 0100028c 0ff01000 0
[M] 0100028c 0ff01000 0 1 00000000
[W] 0100028c 1 01 0ff01000
[F] 01000290 ff008093
[D] 01000290 13 01 01 10 0 7f fffffff0 10
[R] 01 10 0ff01000 00000000
[E] 01000290 0ff00ff0 0
[M] 01000290 0ff00ff0 0 0 00000000
[W] 01000290 1 01 0ff00ff0
[F] 01000294 00000013
[D] 01000294 13 00 00 00 0 00 00000000 00
[R] 00 00 00000000 00000000
[E] 01000294 00000000 0
[M] 01000294 00000000 0 0 00000000
[W] 01000294 1 00 00000000
[F] 01000298 f0f0f137
[D] 01000298 37 02 00 0f 7 78 f0f0f000 0f
[R] 00 0f 00000000 00000000
[E] 01000298 f0f0f000 0
[M] 01000298 f0f0f000 0 3 00000000
[W] 01000298 1 02 f0f0f000
[F] 0100029c 0f010113
[D] 0100029c 13 02 02 10 0 07 000000f0 10
[R] 02 10 f0f0f000 00000000
[E] 0100029c f0f0f0f0 0
[M] 0100029c f0f0f0f0 0 0 00000000
[W] 0100029c 1 02 f0f0f0f0
[F] 010002a0 00000013
[D] 010002a0 13 00 00 00 0 00 00000000 00
[R] 00 00 00000000 00000000
[E] 010002a0 00000000 0
[M] 010002a0 00000000 0 0 00000000
[W] 010002a0 1 00 00000000
[F] 010002a4 0020ef33
[D] 010002a4 33 1e 01 02 6 00 00000000 02
[R] 01 02 0ff00ff0 f0f0f0f0
[E] 010002a4 fff0fff0 0
[M] 010002a4 fff0fff0 0 2 f0f0f0f0
[W] 010002a4 1 1e fff0fff0
[F] 010002a8 00120213
[D] 010002a8 13 04 04 01 0 00 00000001 01
[R] 04 01 00000000 0ff00ff0
[E] 010002a8 00000001 0
[M] 010002a8 00000001 0 0 0ff00ff0
[W] 010002a8 1 04 00000001
[F] 010002ac 00200293
[D] 010002ac 13 05 00 02 0 00 00000002 02
[R] 00 02 00000000 f0f0f0f0
[E] 010002ac 00000002 0
[M] 010002ac 00000002 0 0 f0f0f0f0
[W] 010002ac 1 05 00000002
[F] 010002b0 fc521ee3
[D] 010002b0 63 1d 04 05 1 7e ffffffdc 05
[R] 04 05 00000001 00000002
[E] 010002b0 0100028c 0
[M] 010002b0 0100028c 0 1 00000002
[W] 010002b0 0 1d 0100028c
[F] 0100028c 0ff010b7
[D] 0100028c 37 01 00 1f 1 07 0ff01000 1f
[R] 00 1f 00000000 00000000
[E] 0100028c 0ff01000 0
[M] 0100028c 0ff01000 0 1 00000000
[W] 0100028c 1 01 0ff01000
[F] 01000290 ff008093
[D] 01000290 13 01 01 10 0 7f fffffff0 10
[R] 01 10 0ff01000 00000000
[E] 01000290 0ff00ff0 0
[M] 01000290 0ff00ff0 0 0 00000000
[W] 01000290 1 01 0ff00ff0
[F] 01000294 00000013
[D] 01000294 13 00 00 00 0 00 00000000 00
[R] 00 00 00000000 00000000
[E] 01000294 00000000 0
[M] 01000294 00000000 0 0 00000000
[W] 01000294 1 00 00000000
[F] 01000298 f0f0f137
[D] 01000298 37 02 00 0f 7 78 f0f0f000 0f
[R] 00 0f 00000000 00000000
[E] 01000298 f0f0f000 0
[M] 01000298 f0f0f000 0 3 00000000
[W] 01000298 1 02 f0f0f000
[F] 0100029c 0f010113
[D] 0100029c 13 02 02 10 0 07 000000f0 10
[R] 02 10 f0f0f000 00000000
[E] 0100029c f0f0f0f0 0
[M] 0100029c f0f0f0f0 0 0 00000000
[W] 0100029c 1 02 f0f0f0f0
[F] 010002a0 00000013
[D] 010002a0 13 00 00 00 0 00 00000000 00
[R] 00 00 00000000 00000000
[E] 010002a0 00000000 0
[M] 010002a0 00000000 0 0 00000000
[W] 010002a0 1 00 00000000
[F] 010002a4 0020ef33
[D] 010002a4 33 1e 01 02 6 00 00000000 02
[R] 01 02 0ff00ff0 f0f0f0f0
[E] 010002a4 fff0fff0 0
[M] 010002a4 fff0fff0 0 2 f0f0f0f0
[W] 010002a4 1 1e fff0fff0
[F] 010002a8 00120213
[D] 010002a8 13 04 04 01 0 00 00000001 01
[R] 04 01 00000001 0ff00ff0
[E] 010002a8 00000002 0
[M] 010002a8 00000002 0 0 0ff00ff0
[W] 010002a8 1 04 00000002
[F] 010002ac 00200293
[D] 010002ac 13 05 00 02 0 00 00000002 02
[R] 00 02 00000000 f0f0f0f0
[E] 010002ac 00000002 0
[M] 010002ac 00000002 0 0 f0f0f0f0
[W] 010002ac 1 05 00000002
[F] 010002b0 fc521ee3
[D] 010002b0 63 1d 04 05 1 7e ffffffdc 05
[R] 04 05 00000002 00000002
[E] 010002b0 0100028c 0
[M] 010002b0 0100028c 0 1 00000002
[W] 010002b0 0 1d 0100028c
[F] 010002b4 fff10eb7
[D] 010002b4 37 1d 00 1f 0 7f fff10000 1f
[R] 00 1f 00000000 00000000
[E] 010002b4 fff10000 0
[M] 010002b4 fff10000 0 0 00000000
[W] 010002b4 1 1d fff10000
[F] 010002b8 ff0e8e93
[D] 010002b8 13 1d 1d 10 0 7f fffffff0 10
[R] 1d 10 fff10000 00000000
[E] 010002b8 fff0fff0 0
[M] 010002b8 fff0fff0 0 0 00000000
[W] 010002b8 1 1d fff0fff0
[F] 010002bc 01000193
[D] 010002bc 13 03 00 10 0 00 00000010 10
[R] 00 10 00000000 00000000
[E] 010002bc 00000010 0
[M] 010002bc 00000010 0 0 00000000
[W] 010002bc 1 03 00000010
[F] 010002c0 21df1263
[D] 010002c0 63 04 1e 1d 1 10 00000204 1d
[R] 1e 1d fff0fff0 fff0fff0
[E] 010002c0 010004c4 0
[M] 010002c0 010004c4 0 1 fff0fff0
[W] 010002c0 0 04 010004c4
[F] 010002c4 00000213
[D] 010002c4 13 04 00 00 0 00 00000000 00
[R] 00 00 00000000 00000000
[E] 010002c4 00000000 0
[M] 010002c4 00000000 0 0 00000000
[W] 010002c4 1 04 00000000
[F] 010002c8 00ff00b7
[D] 010002c8 37 01 00 0f 0 00 00ff0000 0f
[R] 00 0f 00000000 00000000
[E] 010002c8 00ff0000 0
[M] 010002c8 00ff0000 0 0 00000000
[W] 010002c8 1 01 00ff0000
[F] 010002cc 0ff08093
[D] 010002cc 13 01 01 1f 0 07 000000ff 1f
[R] 01 1f 00ff0000 00000000
[E] 010002cc 00ff00ff 0
[M] 010002cc 00ff00ff 0 0 00000000
[W] 010002cc 1 01 00ff00ff
[F] 010002d0 00000013
[D] 010002d0 13 00 00 00 0 00 00000000 00
[R] 00 00 00000000 00000000
[E] 010002d0 00000000 0
[M] 010002d0 00000000 0 0 00000000
[W] 010002d0 1 00 00000000
[F] 010002d4 00000013
[D] 010002d4 13 00 00 00 0 00 00000000 00
[R] 00 00 00000000 00000000
[E] 010002d4 00000000 0
[M] 010002d4 00000000 0 0 00000000
[W] 010002d4 1 00 00000000
[F] 010002d8 0f0f1137
[D] 010002d8 37 02 00 10 1 07 0f0f1000 10
[R] 00 10 00000000 00000000
[E] 010002d8 0f0f1000 0
[M] 010002d8 0f0f1000 0 1 00000000
[W] 010002d8 1 02 0f0f1000
[F] 010002dc f0f10113
[D] 010002dc 13 02 02 0f 0 78 ffffff0f 0f
[R] 02 0f 0f0f1000 00000000
[E] 010002dc 0f0f0f0f 0
[M] 010002dc 0f0f0f0f 0 0 00000000
[W] 010002dc 1 02 0f0f0f0f
[F] 010002e0 0020ef33
[D] 010002e0 33 1e 01 02 6 00 00000000 02
[R] 01 02 00ff00ff 0f0f0f0f
[E] 010002e0 0fff0fff 0
[M] 010002e0 0fff0fff 0 2 0f0f0f0f
[W] 010002e0 1 1e 0fff0fff
[F] 010002e4 00120213
[D] 010002e4 13 04 04 01 0 00 00000001 01
[R] 04 01 00000000 00ff00ff
[E] 010002e4 00000001 0
[M] 010002e4 00000001 0 0 00ff00ff
[W] 010002e4 1 04 00000001
[F] 010002e8 00200293
[D] 010002e8 13 05 00 02 0 00 00000002 02
[R] 00 02 00000000 0f0f0f0f
[E] 010002e8 00000002 0
[M] 010002e8 00000002 0 0 0f0f0f0f
[W] 010002e8 1 05 00000002
[F] 010002ec fc521ee3
[D] 010002ec 63 1d 04 05 1 7e ffffffdc 05
[R] 04 05 00000001 00000002
[E] 010002ec 010002c8 0
[M] 010002ec 010002c8 0 1 00000002
[W] 010002ec 0 1d 010002c8
[F] 010002c8 00ff00b7
[D] 010002c8 37 01 00 0f 0 00 00ff0000 0f
[R] 00 0f 00000000 00000000
[E] 010002c8 00ff0000 0
[M] 010002c8 00ff0000 0 0 00000000
[W] 010002c8 1 01 00ff0000
[F] 010002cc 0ff08093
[D] 010002cc 13 01 01 1f 0 07 000000ff 1f
[R] 01 1f 00ff0000 00000000
[E] 010002cc 00ff00ff 0
[M] 010002cc 00ff00ff 0 0 00000000
[W] 010002cc 1 01 00ff00ff
[F] 010002d0 00000013
[D] 010002d0 13 00 00 00 0 00 00000000 00
[R] 00 00 00000000 00000000
[E] 010002d0 00000000 0
[M] 010002d0 00000000 0 0 00000000
[W] 010002d0 1 00 00000000
[F] 010002d4 00000013
[D] 010002d4 13 00 00 00 0 00 00000000 00
[R] 00 00 00000000 00000000
[E] 010002d4 00000000 0
[M] 010002d4 00000000 0 0 00000000
[W] 010002d4 1 00 00000000
[F] 010002d8 0f0f1137
[D] 010002d8 37 02 00 10 1 07 0f0f1000 10
[R] 00 10 00000000 00000000
[E] 010002d8 0f0f1000 0
[M] 010002d8 0f0f1000 0 1 00000000
[W] 010002d8 1 02 0f0f1000
[F] 010002dc f0f10113
[D] 010002dc 13 02 02 0f 0 78 ffffff0f 0f
[R] 02 0f 0f0f1000 00000000
[E] 010002dc 0f0f0f0f 0
[M] 010002dc 0f0f0f0f 0 0 00000000
[W] 010002dc 1 02 0f0f0f0f
[F] 010002e0 0020ef33
[D] 010002e0 33 1e 01 02 6 00 00000000 02
[R] 01 02 00ff00ff 0f0f0f0f
[E] 010002e0 0fff0fff 0
[M] 010002e0 0fff0fff 0 2 0f0f0f0f
[W] 010002e0 1 1e 0fff0fff
[F] 010002e4 00120213
[D] 010002e4 13 04 04 01 0 00 00000001 01
[R] 04 01 00000001 00ff00ff
[E] 010002e4 00000002 0
[M] 010002e4 00000002 0 0 00ff00ff
[W] 010002e4 1 04 00000002
[F] 010002e8 00200293
[D] 010002e8 13 05 00 02 0 00 00000002 02
[R] 00 02 00000000 0f0f0f0f
[E] 010002e8 00000002 0
[M] 010002e8 00000002 0 0 0f0f0f0f
[W] 010002e8 1 05 00000002
[F] 010002ec fc521ee3
[D] 010002ec 63 1d 04 05 1 7e ffffffdc 05
[R] 04 05 00000002 00000002
[E] 010002ec 010002c8 0
[M] 010002ec 010002c8 0 1 00000002
[W] 010002ec 0 1d 010002c8
[F] 010002f0 0fff1eb7
[D] 010002f0 37 1d 00 1f 1 07 0fff1000 1f
[R] 00 1f 00000000 00000000
[E] 010002f0 0fff1000 0
[M] 010002f0 0fff1000 0 1 00000000
[W] 010002f0 1 1d 0fff1000
[F] 010002f4 fffe8e93
[D] 010002f4 13 1d 1d 1f 0 7f ffffffff 1f
[R] 1d 1f 0fff1000 00000000
[E] 010002f4 0fff0fff 0
[M] 010002f4 0fff0fff 0 0 00000000
[W] 010002f4 1 1d 0fff0fff
[F] 010002f8 01100193
[D] 010002f8 13 03 00 11 0 00 00000011 11
[R] 00 11 00000000 00000000
[E] 010002f8 00000011 0
[M] 010002f8 00000011 0 0 00000000
[W] 010002f8 1 03 00000011
[F] 010002fc 1ddf1463
[D] 010002fc 63 08 1e 1d 1 0e 000001c8 1d
[R] 1e 1d 0fff0fff 0fff0fff
[E] 010002fc 010004c4 0
[M] 010002fc 010004c4 0 1 0fff0fff
[W] 010002fc 0 08 010004c4
[F] 01000300 00000213
[D] 01000300 13 04 00 00 0 00 00000000 00
[R] 00 00 00000000 00000000
[E] 01000300 00000000 0
[M] 01000300 00000000 0 0 00000000
[W] 01000300 1 04 00000000
[F] 01000304 0f0f1137
[D] 01000304 37 02 00 10 1 07 0f0f1000 10
[R] 00 10 00000000 00000000
[E] 01000304 0f0f1000 0
[M] 01000304 0f0f1000 0 1 00000000
[W] 01000304 1 02 0f0f1000
[F] 01000308 f0f10113
[D] 01000308 13 02 02 0f 0 78 ffffff0f 0f
[R] 02 0f 0f0f1000 00000000
[E] 01000308 0f0f0f0f 0
[M] 01000308 0f0f0f0f 0 0 00000000
[W] 01000308 1 02 0f0f0f0f
[F] 0100030c ff0100b7
[D] 0100030c 37 01 00 10 0 7f ff010000 10
[R] 00 10 00000000 00000000
[E] 0100030c ff010000 0
[M] 0100030c ff010000 0 0 00000000
[W] 0100030c 1 01 ff010000
[F] 01000310 f0008093
[D] 01000310 13 01 01 00 0 78 ffffff00 00
[R] 01 00 ff010000 00000000
[E] 01000310 ff00ff00 0
[M] 01000310 ff00ff00 0 0 00000000
[W] 01000310 1 01 ff00ff00
[F] 01000314 0020ef33
[D] 01000314 33 1e 01 02 6 00 00000000 02
[R] 01 02 ff00ff00 0f0f0f0f
[E] 01000314 ff0fff0f 0
[M] 01000314 ff0fff0f 0 2 0f0f0f0f
[W] 01000314 1 1e ff0fff0f
[F] 01000318 00120213
[D] 01000318 13 04 04 01 0 00 00000001 01
[R] 04 01 00000000 ff00ff00
[E] 01000318 00000001 0
[M] 01000318 00000001 0 0 ff00ff00
[W] 01000318 1 04 00000001
[F] 0100031c 00200293
[D] 0100031c 13 05 00 02 0 00 00000002 02
[R] 00 02 00000000 0f0f0f0f
[E] 0100031c 00000002 0
[M] 0100031c 00000002 0 0 0f0f0f0f
[W] 0100031c 1 05 00000002
[F] 01000320 fe5212e3
[D] 01000320 63 05 04 05 1 7f ffffffe4 05
[R] 04 05 00000001 00000002
[E] 01000320 01000304 0
[M] 01000320 01000304 0 1 00000002
[W] 01000320 0 05 01000304
[F] 01000304 0f0f1137
[D] 01000304 37 02 00 10 1 07 0f0f1000 10
[R] 00 10 00000000 00000000
[E] 01000304 0f0f1000 0
[M] 01000304 0f0f1000 0 1 00000000
[W] 01000304 1 02 0f0f1000
[F] 01000308 f0f10113
[D] 01000308 13 02 02 0f 0 78 ffffff0f 0f
[R] 02 0f 0f0f1000 00000000
[E] 01000308 0f0f0f0f 0
[M] 01000308 0f0f0f0f 0 0 00000000
[W] 01000308 1 02 0f0f0f0f
[F] 0100030c ff0100b7
[D] 0100030c 37 01 00 10 0 7f ff010000 10
[R] 00 10 00000000 00000000
[E] 0100030c ff010000 0
[M] 0100030c ff010000 0 0 00000000
[W] 0100030c 1 01 ff010000
[F] 01000310 f0008093
[D] 01000310 13 01 01 00 0 78 ffffff00 00
[R] 01 00 ff010000 00000000
[E] 01000310 ff00ff00 0
[M] 01000310 ff00ff00 0 0 00000000
[W] 01000310 1 01 ff00ff00
[F] 01000314 0020ef33
[D] 01000314 33 1e 01 02 6 00 00000000 02
[R] 01 02 ff00ff00 0f0f0f0f
[E] 01000314 ff0fff0f 0
[M] 01000314 ff0fff0f 0 2 0f0f0f0f
[W] 01000314 1 1e ff0fff0f
[F] 01000318 00120213
[D] 01000318 13 04 04 01 0 00 00000001 01
[R] 04 01 00000001 ff00ff00
[E] 01000318 00000002 0
[M] 01000318 00000002 0 0 ff00ff00
[W] 01000318 1 04 00000002
[F] 0100031c 00200293
[D] 0100031c 13 05 00 02 0 00 00000002 02
[R] 00 02 00000000 0f0f0f0f
[E] 0100031c 00000002 0
[M] 0100031c 00000002 0 0 0f0f0f0f
[W] 0100031c 1 05 00000002
[F] 01000320 fe5212e3
[D] 01000320 63 05 04 05 1 7f ffffffe4 05
[R] 04 05 00000002 00000002
[E] 01000320 01000304 0
[M] 01000320 01000304 0 1 00000002
[W] 01000320 0 05 01000304
[F] 01000324 ff100eb7
[D] 01000324 37 1d 00 11 0 7f ff100000 11
[R] 00 11 00000000 00000000
[E] 01000324 ff100000 0
[M] 01000324 ff100000 0 0 00000000
[W] 01000324 1 1d ff100000
[F] 01000328 f0fe8e93
[D] 01000328 13 1d 1d 0f 0 78 ffffff0f 0f
[R] 1d 0f ff100000 00000000
[E] 01000328 ff0fff0f 0
[M] 01000328 ff0fff0f 0 0 00000000
[W] 01000328 1 1d ff0fff0f
[F] 0100032c 01200193
[D] 0100032c 13 03 00 12 0 00 00000012 12
[R] 00 12 00000000 00000000
[E] 0100032c 00000012 0
[M] 0100032c 00000012 0 0 00000000
[W] 0100032c 1 03 00000012
[F] 01000330 19df1a63
[D] 01000330 63 14 1e 1d 1 0c 00000194 1d
[R] 1e 1d ff0fff0f ff0fff0f
[E] 01000330 010004c4 0
[M] 01000330 010004c4 0 1 ff0fff0f
[W] 01000330 0 14 010004c4
[F] 01000334 00000213
[D] 01000334 13 04 00 00 0 00 00000000 00
[R] 00 00 00000000 00000000
[E] 01000334 00000000 0
[M] 01000334 00000000 0 0 00000000
[W] 01000334 1 04 00000000
[F] 01000338 f0f0f137
[D] 01000338 37 02 00 0f 7 78 f0f0f000 0f
[R] 00 0f 00000000 00000000
[E] 01000338 f0f0f000 0
[M] 01000338 f0f0f000 0 3 00000000
[W] 01000338 1 02 f0f0f000
[F] 0100033c 0f010113
[D] 0100033c 13 02 02 10 0 07 000000f0 10
[R] 02 10 f0f0f000 00000000
[E] 0100033c f0f0f0f0 0
[M] 0100033c f0f0f0f0 0 0 00000000
[W] 0100033c 1 02 f0f0f0f0
[F] 01000340 0ff010b7
[D] 01000340 37 01 00 1f 1 07 0ff01000 1f
[R] 00 1f 00000000 00000000
[E] 01000340 0ff01000 0
[M] 01000340 0ff01000 0 1 00000000
[W] 01000340 1 01 0ff01000
[F] 01000344 ff008093
[D] 01000344 13 01 01 10 0 7f fffffff0 10
[R] 01 10 0ff01000 00000000
[E] 01000344 0ff00ff0 0
[M] 01000344 0ff00ff0 0 0 00000000
[W] 01000344 1 01 0ff00ff0
[F] 01000348 00000013
[D] 01000348 13 00 00 00 0 00 00000000 00
[R] 00 00 00000000 00000000
[E] 01000348 00000000 0
[M] 01000348 00000000 0 0 00000000
[W] 01000348 1 00 00000000
[F] 0100034c 0020ef33
[D] 0100034c 33 1e 01 02 6 00 00000000 02
[R] 01 02 0ff00ff0 f0f0f0f0
[E] 0100034c fff0fff0 0
[M] 0100034c fff0fff0 0 2 f0f0f0f0
[W] 0100034c 1 1e fff0fff0
[F] 01000350 00120213
[D] 01000350 13 04 04 01 0 00 00000001 01
[R] 04 01 00000000 0ff00ff0
[E] 01000350 00000001 0
[M] 01000350 00000001 0 0 0ff00ff0
[W] 01000350 1 04 00000001
[F] 01000354 00200293
[D] 01000354 13 05 00 02 0 00 00000002 02
[R] 00 02 00000000 f0f0f0f0
[E] 01000354 00000002 0
[M] 01000354 00000002 0 0 f0f0f0f0
[W] 01000354 1 05 00000002
[F] 01000358 fe5210e3
[D] 01000358 63 01 04 05 1 7f ffffffe0 05
[R] 04 05 00000001 00000002
[E] 01000358 01000338 0
[M] 01000358 01000338 0 1 00000002
[W] 01000358 0 01 01000338
[F] 01000338 f0f0f137
[D] 01000338 37 02 00 0f 7 78 f0f0f000 0f
[R] 00 0f 00000000 00000000
[E] 01000338 f0f0f000 0
[M] 01000338 f0f0f000 0 3 00000000
[W] 01000338 1 02 f0f0f000
[F] 0100033c 0f010113
[D] 0100033c 13 02 02 10 0 07 000000f0 10
[R] 02 10 f0f0f000 00000000
[E] 0100033c f0f0f0f0 0
[M] 0100033c f0f0f0f0 0 0 00000000
[W] 0100033c 1 02 f0f0f0f0
[F] 01000340 0ff010b7
[D] 01000340 37 01 00 1f 1 07 0ff01000 1f
[R] 00 1f 00000000 00000000
[E] 01000340 0ff01000 0
[M] 01000340 0ff01000 0 1 00000000
[W] 01000340 1 01 0ff01000
[F] 01000344 ff008093
[D] 01000344 13 01 01 10 0 7f fffffff0 10
[R] 01 10 0ff01000 00000000
[E] 01000344 0ff00ff0 0
[M] 01000344 0ff00ff0 0 0 00000000
[W] 01000344 1 01 0ff00ff0
[F] 01000348 00000013
[D] 01000348 13 00 00 00 0 00 00000000 00
[R] 00 00 00000000 00000000
[E] 01000348 00000000 0
[M] 01000348 00000000 0 0 00000000
[W] 01000348 1 00 00000000
[F] 0100034c 0020ef33
[D] 0100034c 33 1e 01 02 6 00 00000000 02
[R] 01 02 0ff00ff0 f0f0f0f0
[E] 0100034c fff0fff0 0
[M] 0100034c fff0fff0 0 2 f0f0f0f0
[W] 0100034c 1 1e fff0fff0
[F] 01000350 00120213
[D] 01000350 13 04 04 01 0 00 00000001 01
[R] 04 01 00000001 0ff00ff0
[E] 01000350 00000002 0
[M] 01000350 00000002 0 0 0ff00ff0
[W] 01000350 1 04 00000002
[F] 01000354 00200293
[D] 01000354 13 05 00 02 0 00 00000002 02
[R] 00 02 00000000 f0f0f0f0
[E] 01000354 00000002 0
[M] 01000354 00000002 0 0 f0f0f0f0
[W] 01000354 1 05 00000002
[F] 01000358 fe5210e3
[D] 01000358 63 01 04 05 1 7f ffffffe0 05
[R] 04 05 00000002 00000002
[E] 01000358 01000338 0
[M] 01000358 01000338 0 1 00000002
[W] 01000358 0 01 01000338
[F] 0100035c fff10eb7
[D] 0100035c 37 1d 00 1f 0 7f fff10000 1f
[R] 00 1f 00000000 00000000
[E] 0100035c fff10000 0
[M] 0100035c fff10000 0 0 00000000
[W] 0100035c 1 1d fff10000
[F] 01000360 ff0e8e93
[D] 01000360 13 1d 1d 10 0 7f fffffff0 10
[R] 1d 10 fff10000 00000000
[E] 01000360 fff0fff0 0
[M] 01000360 fff0fff0 0 0 00000000
[W] 01000360 1 1d fff0fff0
[F] 01000364 01300193
[D] 01000364 13 03 00 13 0 00 00000013 13
[R] 00 13 00000000 00000000
[E] 01000364 00000013 0
[M] 01000364 00000013 0 0 00000000
[W] 01000364 1 03 00000013
[F] 01000368 15df1e63
[D] 01000368 63 1c 1e 1d 1 0a 0000015c 1d
[R] 1e 1d fff0fff0 fff0fff0
[E] 01000368 010004c4 0
[M] 01000368 010004c4 0 1 fff0fff0
[W] 01000368 0 1c 010004c4
[F] 0100036c 00000213
[D] 0100036c 13 04 00 00 0 00 00000000 00
[R] 00 00 00000000 00000000
[E] 0100036c 00000000 0
[M] 0100036c 00000000 0 0 00000000
[W] 0100036c 1 04 00000000
[F] 01000370 0f0f1137
[D] 01000370 37 02 00 10 1 07 0f0f1000 10
[R] 00 10 00000000 00000000
[E] 01000370 0f0f1000 0
[M] 01000370 0f0f1000 0 1 00000000
[W] 01000370 1 02 0f0f1000
[F] 01000374 f0f10113
[D] 01000374 13 02 02 0f 0 78 ffffff0f 0f
[R] 02 0f 0f0f1000 00000000
[E] 01000374 0f0f0f0f 0
[M] 01000374 0f0f0f0f 0 0 00000000
[W] 01000374 1 02 0f0f0f0f
[F] 01000378 00ff00b7
[D] 01000378 37 01 00 0f 0 00 00ff0000 0f
[R] 00 0f 00000000 00000000
[E] 01000378 00ff0000 0
[M] 01000378 00ff0000 0 0 00000000
[W] 01000378 1 01 00ff0000
[F] 0100037c 0ff08093
[D] 0100037c 13 01 01 1f 0 07 000000ff 1f
[R] 01 1f 00ff0000 00000000
[E] 0100037c 00ff00ff 0
[M] 0100037c 00ff00ff 0 0 00000000
[W] 0100037c 1 01 00ff00ff
[F] 01000380 00000013
[D] 01000380 13 00 00 00 0 00 00000000 00
[R] 00 00 00000000 00000000
[E] 01000380 00000000 0
[M] 01000380 00000000 0 0 00000000
[W] 01000380 1 00 00000000
[F] 01000384 00000013
[D] 01000384 13 00 00 00 0 00 00000000 00
[R] 00 00 00000000 00000000
[E] 01000384 00000000 0
[M] 01000384 00000000 0 0 00000000
[W] 01000384 1 00 00000000
[F] 01000388 0020ef33
[D] 01000388 33 1e 01 02 6 00 00000000 02
[R] 01 02 00ff00ff 0f0f0f0f
[E] 01000388 0fff0fff 0
[M] 01000388 0fff0fff 0 2 0f0f0f0f
[W] 01000388 1 1e 0fff0fff
[F] 0100038c 00120213
[D] 0100038c 13 04 04 01 0 00 00000001 01
[R] 04 01 00000000 00ff00ff
[E] 0100038c 00000001 0
[M] 0100038c 00000001 0 0 00ff00ff
[W] 0100038c 1 04 00000001
[F] 01000390 00200293
[D] 01000390 13 05 00 02 0 00 00000002 02
[R] 00 02 00000000 0f0f0f0f
[E] 01000390 00000002 0
[M] 01000390 00000002 0 0 0f0f0f0f
[W] 01000390 1 05 00000002
[F] 01000394 fc521ee3
[D] 01000394 63 1d 04 05 1 7e ffffffdc 05
[R] 04 05 00000001 00000002
[E] 01000394 01000370 0
[M] 01000394 01000370 0 1 00000002
[W] 01000394 0 1d 01000370
[F] 01000370 0f0f1137
[D] 01000370 37 02 00 10 1 07 0f0f1000 10
[R] 00 10 00000000 00000000
[E] 01000370 0f0f1000 0
[M] 01000370 0f0f1000 0 1 00000000
[W] 01000370 1 02 0f0f1000
[F] 01000374 f0f10113
[D] 01000374 13 02 02 0f 0 78 ffffff0f 0f
[R] 02 0f 0f0f1000 00000000
[E] 01000374 0f0f0f0f 0
[M] 01000374 0f0f0f0f 0 0 00000000
[W] 01000374 1 02 0f0f0f0f
[F] 01000378 00ff00b7
[D] 01000378 37 01 00 0f 0 00 00ff0000 0f
[R] 00 0f 00000000 00000000
[E] 01000378 00ff0000 0
[M] 01000378 00ff0000 0 0 00000000
[W] 01000378 1 01 00ff0000
[F] 0100037c 0ff08093
[D] 0100037c 13 01 01 1f 0 07 000000ff 1f
[R] 01 1f 00ff0000 00000000
[E] 0100037c 00ff00ff 0
[M] 0100037c 00ff00ff 0 0 00000000
[W] 0100037c 1 01 00ff00ff
[F] 01000380 00000013
[D] 01000380 13 00 00 00 0 00 00000000 00
[R] 00 00 00000000 00000000
[E] 01000380 00000000 0
[M] 01000380 00000000 0 0 00000000
[W] 01000380 1 00 00000000
[F] 01000384 00000013
[D] 01000384 13 00 00 00 0 00 00000000 00
[R] 00 00 00000000 00000000
[E] 01000384 00000000 0
[M] 01000384 00000000 0 0 00000000
[W] 01000384 1 00 00000000
[F] 01000388 0020ef33
[D] 01000388 33 1e 01 02 6 00 00000000 02
[R] 01 02 00ff00ff 0f0f0f0f
[E] 01000388 0fff0fff 0
[M] 01000388 0fff0fff 0 2 0f0f0f0f
[W] 01000388 1 1e 0fff0fff
[F] 0100038c 00120213
[D] 0100038c 13 04 04 01 0 00 00000001 01
[R] 04 01 00000001 00ff00ff
[E] 0100038c 00000002 0
[M] 0100038c 00000002 0 0 00ff00ff
[W] 0100038c 1 04 00000002
[F] 01000390 00200293
[D] 01000390 13 05 00 02 0 00 00000002 02
[R] 00 02 00000000 0f0f0f0f
[E] 01000390 00000002 0
[M] 01000390 00000002 0 0 0f0f0f0f
[W] 01000390 1 05 00000002
[F] 01000394 fc521ee3
[D] 01000394 63 1d 04 05 1 7e ffffffdc 05
[R] 04 05 00000002 00000002
[E] 01000394 01000370 0
[M] 01000394 01000370 0 1 00000002
[W] 01000394 0 1d 01000370
[F] 01000398 0fff1eb7
[D] 01000398 37 1d 00 1f 1 07 0fff1000 1f
[R] 00 1f 00000000 00000000
[E] 01000398 0fff1000 0
[M] 01000398 0fff1000 0 1 00000000
[W] 01000398 1 1d 0fff1000
[F] 0100039c fffe8e93
[D] 0100039c 13 1d 1d 1f 0 7f ffffffff 1f
[R] 1d 1f 0fff1000 00000000
[E] 0100039c 0fff0fff 0
[M] 0100039c 0fff0fff 0 0 00000000
[W] 0100039c 1 1d 0fff0fff
[F] 010003a0 01400193
[D] 010003a0 13 03 00 14 0 00 00000014 14
[R] 00 14 00000000 00000000
[E] 010003a0 00000014 0
[M] 010003a0 00000014 0 0 00000000
[W] 010003a0 1 03 00000014
[F] 010003a4 13df1063
[D] 010003a4 63 00 1e 1d 1 09 00000120 1d
[R] 1e 1d 0fff0fff 0fff0fff
[E] 010003a4 010004c4 0
[M] 010003a4 010004c4 0 1 0fff0fff
[W] 010003a4 0 00 010004c4
[F] 010003a8 00000213
[D] 010003a8 13 04 00 00 0 00 00000000 00
[R] 00 00 00000000 00000000
[E] 010003a8 00000000 0
[M] 010003a8 00000000 0 0 00000000
[W] 010003a8 1 04 00000000
[F] 010003ac 0f0f1137
[D] 010003ac 37 02 00 10 1 07 0f0f1000 10
[R] 00 10 00000000 00000000
[E] 010003ac 0f0f1000 0
[M] 010003ac 0f0f1000 0 1 00000000
[W] 010003ac 1 02 0f0f1000
[F] 010003b0 f0f10113
[D] 010003b0 13 02 02 0f 0 78 ffffff0f 0f
[R] 02 0f 0f0f1000 00000000
[E] 010003b0 0f0f0f0f 0
[M] 010003b0 0f0f0f0f 0 0 00000000
[W] 010003b0 1 02 0f0f0f0f
[F] 010003b4 00000013
[D] 010003b4 13 00 00 00 0 00 00000000 00
[R] 00 00 00000000 00000000
[E] 010003b4 00000000 0
[M] 010003b4 00000000 0 0 00000000
[W] 010003b4 1 00 00000000
[F] 010003b8 ff0100b7
[D] 010003b8 37 01 00 10 0 7f ff010000 10
[R] 00 10 00000000 00000000
[E] 010003b8 ff010000 0
[M] 010003b8 ff010000 0 0 00000000
[W] 010003b8 1 01 ff010000
[F] 010003bc f0008093
[D] 010003bc 13 01 01 00 0 78 ffffff00 00
[R] 01 00 ff010000 00000000
[E] 010003bc ff00ff00 0
[M] 010003bc ff00ff00 0 0 00000000
[W] 010003bc 1 01 ff00ff00
[F] 010003c0 0020ef33
[D] 010003c0 33 1e 01 02 6 00 00000000 02
[R] 01 02 ff00ff00 0f0f0f0f
[E] 010003c0 ff0fff0f 0
[M] 010003c0 ff0fff0f 0 2 0f0f0f0f
[W] 010003c0 1 1e ff0fff0f
[F] 010003c4 00120213
[D] 010003c4 13 04 04 01 0 00 00000001 01
[R] 04 01 00000000 ff00ff00
[E] 010003c4 00000001 0
[M] 010003c4 00000001 0 0 ff00ff00
[W] 010003c4 1 04 00000001
[F] 010003c8 00200293
[D] 010003c8 13 05 00 02 0 00 00000002 02
[R] 00 02 00000000 0f0f0f0f
[E] 010003c8 00000002 0
[M] 010003c8 00000002 0 0 0f0f0f0f
[W] 010003c8 1 05 00000002
[F] 010003cc fe5210e3
[D] 010003cc 63 01 04 05 1 7f ffffffe0 05
[R] 04 05 00000001 00000002
[E] 010003cc 010003ac 0
[M] 010003cc 010003ac 0 1 00000002
[W] 010003cc 0 01 010003ac
[F] 010003ac 0f0f1137
[D] 010003ac 37 02 00 10 1 07 0f0f1000 10
[R] 00 10 00000000 00000000
[E] 010003ac 0f0f1000 0
[M] 010003ac 0f0f1000 0 1 00000000
[W] 010003ac 1 02 0f0f1000
[F] 010003b0 f0f10113
[D] 010003b0 13 02 02 0f 0 78 ffffff0f 0f
[R] 02 0f 0f0f1000 00000000
[E] 010003b0 0f0f0f0f 0
[M] 010003b0 0f0f0f0f 0 0 00000000
[W] 010003b0 1 02 0f0f0f0f
[F] 010003b4 00000013
[D] 010003b4 13 00 00 00 0 00 00000000 00
[R] 00 00 00000000 00000000
[E] 010003b4 00000000 0
[M] 010003b4 00000000 0 0 00000000
[W] 010003b4 1 00 00000000
[F] 010003b8 ff0100b7
[D] 010003b8 37 01 00 10 0 7f ff010000 10
[R] 00 10 00000000 00000000
[E] 010003b8 ff010000 0
[M] 010003b8 ff010000 0 0 00000000
[W] 010003b8 1 01 ff010000
[F] 010003bc f0008093
[D] 010003bc 13 01 01 00 0 78 ffffff00 00
[R] 01 00 ff010000 00000000
[E] 010003bc ff00ff00 0
[M] 010003bc ff00ff00 0 0 00000000
[W] 010003bc 1 01 ff00ff00
[F] 010003c0 0020ef33
[D] 010003c0 33 1e 01 02 6 00 00000000 02
[R] 01 02 ff00ff00 0f0f0f0f
[E] 010003c0 ff0fff0f 0
[M] 010003c0 ff0fff0f 0 2 0f0f0f0f
[W] 010003c0 1 1e ff0fff0f
[F] 010003c4 00120213
[D] 010003c4 13 04 04 01 0 00 00000001 01
[R] 04 01 00000001 ff00ff00
[E] 010003c4 00000002 0
[M] 010003c4 00000002 0 0 ff00ff00
[W] 010003c4 1 04 00000002
[F] 010003c8 00200293
[D] 010003c8 13 05 00 02 0 00 00000002 02
[R] 00 02 00000000 0f0f0f0f
[E] 010003c8 00000002 0
[M] 010003c8 00000002 0 0 0f0f0f0f
[W] 010003c8 1 05 00000002
[F] 010003cc fe5210e3
[D] 010003cc 63 01 04 05 1 7f ffffffe0 05
[R] 04 05 00000002 00000002
[E] 010003cc 010003ac 0
[M] 010003cc 010003ac 0 1 00000002
[W] 010003cc 0 01 010003ac
[F] 010003d0 ff100eb7
[D] 010003d0 37 1d 00 11 0 7f ff100000 11
[R] 00 11 00000000 00000000
[E] 010003d0 ff100000 0
[M] 010003d0 ff100000 0 0 00000000
[W] 010003d0 1 1d ff100000
[F] 010003d4 f0fe8e93
[D] 010003d4 13 1d 1d 0f 0 78 ffffff0f 0f
[R] 1d 0f ff100000 00000000
[E] 010003d4 ff0fff0f 0
[M] 010003d4 ff0fff0f 0 0 00000000
[W] 010003d4 1 1d ff0fff0f
[F] 010003d8 01500193
[D] 010003d8 13 03 00 15 0 00 00000015 15
[R] 00 15 00000000 00000000
[E] 010003d8 00000015 0
[M] 010003d8 00000015 0 0 00000000
[W] 010003d8 1 03 00000015
[F] 010003dc 0fdf1463
[D] 010003dc 63 08 1e 1d 1 07 000000e8 1d
[R] 1e 1d ff0fff0f ff0fff0f
[E] 010003dc 010004c4 0
[M] 010003dc 010004c4 0 1 ff0fff0f
[W] 010003dc 0 08 010004c4
[F] 010003e0 00000213
[D] 010003e0 13 04 00 00 0 00 00000000 00
[R] 00 00 00000000 00000000
[E] 010003e0 00000000 0
[M] 010003e0 00000000 0 0 00000000
[W] 010003e0 1 04 00000000
[F] 010003e4 f0f0f137
[D] 010003e4 37 02 00 0f 7 78 f0f0f000 0f
[R] 00 0f 00000000 00000000
[E] 010003e4 f0f0f000 0
[M] 010003e4 f0f0f000 0 3 00000000
[W] 010003e4 1 02 f0f0f000
[F] 010003e8 0f010113
[D] 010003e8 13 02 02 10 0 07 000000f0 10
[R] 02 10 f0f0f000 00000000
[E] 010003e8 f0f0f0f0 0
[M] 010003e8 f0f0f0f0 0 0 00000000
[W] 010003e8 1 02 f0f0f0f0
[F] 010003ec 00000013
[D] 010003ec 13 00 00 00 0 00 00000000 00
[R] 00 00 00000000 00000000
[E] 010003ec 00000000 0
[M] 010003ec 00000000 0 0 00000000
[W] 010003ec 1 00 00000000
[F] 010003f0 0ff010b7
[D] 010003f0 37 01 00 1f 1 07 0ff01000 1f
[R] 00 1f 00000000 00000000
[E] 010003f0 0ff01000 0
[M] 010003f0 0ff01000 0 1 00000000
[W] 010003f0 1 01 0ff01000
[F] 010003f4 ff008093
[D] 010003f4 13 01 01 10 0 7f fffffff0 10
[R] 01 10 0ff01000 00000000
[E] 010003f4 0ff00ff0 0
[M] 010003f4 0ff00ff0 0 0 00000000
[W] 010003f4 1 01 0ff00ff0
[F] 010003f8 00000013
[D] 010003f8 13 00 00 00 0 00 00000000 00
[R] 00 00 00000000 00000000
[E] 010003f8 00000000 0
[M] 010003f8 00000000 0 0 00000000
[W] 010003f8 1 00 00000000
[F] 010003fc 0020ef33
[D] 010003fc 33 1e 01 02 6 00 00000000 02
[R] 01 02 0ff00ff0 f0f0f0f0
[E] 010003fc fff0fff0 0
[M] 010003fc fff0fff0 0 2 f0f0f0f0
[W] 010003fc 1 1e fff0fff0
[F] 01000400 00120213
[D] 01000400 13 04 04 01 0 00 00000001 01
[R] 04 01 00000000 0ff00ff0
[E] 01000400 00000001 0
[M] 01000400 00000001 0 0 0ff00ff0
[W] 01000400 1 04 00000001
[F] 01000404 00200293
[D] 01000404 13 05 00 02 0 00 00000002 02
[R] 00 02 00000000 f0f0f0f0
[E] 01000404 00000002 0
[M] 01000404 00000002 0 0 f0f0f0f0
[W] 01000404 1 05 00000002
[F] 01000408 fc521ee3
[D] 01000408 63 1d 04 05 1 7e ffffffdc 05
[R] 04 05 00000001 00000002
[E] 01000408 010003e4 0
[M] 01000408 010003e4 0 1 00000002
[W] 01000408 0 1d 010003e4
[F] 010003e4 f0f0f137
[D] 010003e4 37 02 00 0f 7 78 f0f0f000 0f
[R] 00 0f 00000000 00000000
[E] 010003e4 f0f0f000 0
[M] 010003e4 f0f0f000 0 3 00000000
[W] 010003e4 1 02 f0f0f000
[F] 010003e8 0f010113
[D] 010003e8 13 02 02 10 0 07 000000f0 10
[R] 02 10 f0f0f000 00000000
[E] 010003e8 f0f0f0f0 0
[M] 010003e8 f0f0f0f0 0 0 00000000
[W] 010003e8 1 02 f0f0f0f0
[F] 010003ec 00000013
[D] 010003ec 13 00 00 00 0 00 00000000 00
[R] 00 00 00000000 00000000
[E] 010003ec 00000000 0
[M] 010003ec 00000000 0 0 00000000
[W] 010003ec 1 00 00000000
[F] 010003f0 0ff010b7
[D] 010003f0 37 01 00 1f 1 07 0ff01000 1f
[R] 00 1f 00000000 00000000
[E] 010003f0 0ff01000 0
[M] 010003f0 0ff01000 0 1 00000000
[W] 010003f0 1 01 0ff01000
[F] 010003f4 ff008093
[D] 010003f4 13 01 01 10 0 7f fffffff0 10
[R] 01 10 0ff01000 00000000
[E] 010003f4 0ff00ff0 0
[M] 010003f4 0ff00ff0 0 0 00000000
[W] 010003f4 1 01 0ff00ff0
[F] 010003f8 00000013
[D] 010003f8 13 00 00 00 0 00 00000000 00
[R] 00 00 00000000 00000000
[E] 010003f8 00000000 0
[M] 010003f8 00000000 0 0 00000000
[W] 010003f8 1 00 00000000
[F] 010003fc 0020ef33
[D] 010003fc 33 1e 01 02 6 00 00000000 02
[R] 01 02 0ff00ff0 f0f0f0f0
[E] 010003fc fff0fff0 0
[M] 010003fc fff0fff0 0 2 f0f0f0f0
[W] 010003fc 1 1e fff0fff0
[F] 01000400 00120213
[D] 01000400 13 04 04 01 0 00 00000001 01
[R] 04 01 00000001 0ff00ff0
[E] 01000400 00000002 0
[M] 01000400 00000002 0 0 0ff00ff0
[W] 01000400 1 04 00000002
[F] 01000404 00200293
[D] 01000404 13 05 00 02 0 00 00000002 02
[R] 00 02 00000000 f0f0f0f0
[E] 01000404 00000002 0
[M] 01000404 00000002 0 0 f0f0f0f0
[W] 01000404 1 05 00000002
[F] 01000408 fc521ee3
[D] 01000408 63 1d 04 05 1 7e ffffffdc 05
[R] 04 05 00000002 00000002
[E] 01000408 010003e4 0
[M] 01000408 010003e4 0 1 00000002
[W] 01000408 0 1d 010003e4
[F] 0100040c fff10eb7
[D] 0100040c 37 1d 00 1f 0 7f fff10000 1f
[R] 00 1f 00000000 00000000
[E] 0100040c fff10000 0
[M] 0100040c fff10000 0 0 00000000
[W] 0100040c 1 1d fff10000
[F] 01000410 ff0e8e93
[D] 01000410 13 1d 1d 10 0 7f fffffff0 10
[R] 1d 10 fff10000 00000000
[E] 01000410 fff0fff0 0
[M] 01000410 fff0fff0 0 0 00000000
[W] 01000410 1 1d fff0fff0
[F] 01000414 01600193
[D] 01000414 13 03 00 16 0 00 00000016 16
[R] 00 16 00000000 00000000
[E] 01000414 00000016 0
[M] 01000414 00000016 0 0 00000000
[W] 01000414 1 03 00000016
[F] 01000418 0bdf1663
[D] 01000418 63 0c 1e 1d 1 05 000000ac 1d
[R] 1e 1d fff0fff0 fff0fff0
[E] 01000418 010004c4 0
[M] 01000418 010004c4 0 1 fff0fff0
[W] 01000418 0 0c 010004c4
[F] 0100041c 00000213
[D] 0100041c 13 04 00 00 0 00 00000000 00
[R] 00 00 00000000 00000000
[E] 0100041c 00000000 0
[M] 0100041c 00000000 0 0 00000000
[W] 0100041c 1 04 00000000
[F] 01000420 0f0f1137
[D] 01000420 37 02 00 10 1 07 0f0f1000 10
[R] 00 10 00000000 00000000
[E] 01000420 0f0f1000 0
[M] 01000420 0f0f1000 0 1 00000000
[W] 01000420 1 02 0f0f1000
[F] 01000424 f0f10113
[D] 01000424 13 02 02 0f 0 78 ffffff0f 0f
[R] 02 0f 0f0f1000 00000000
[E] 01000424 0f0f0f0f 0
[M] 01000424 0f0f0f0f 0 0 00000000
[W] 01000424 1 02 0f0f0f0f
[F] 01000428 00000013
[D] 01000428 13 00 00 00 0 00 00000000 00
[R] 00 00 00000000 00000000
[E] 01000428 00000000 0
[M] 01000428 00000000 0 0 00000000
[W] 01000428 1 00 00000000
[F] 0100042c 00000013
[D] 0100042c 13 00 00 00 0 00 00000000 00
[R] 00 00 00000000 00000000
[E] 0100042c 00000000 0
[M] 0100042c 00000000 0 0 00000000
[W] 0100042c 1 00 00000000
[F] 01000430 00ff00b7
[D] 01000430 37 01 00 0f 0 00 00ff0000 0f
[R] 00 0f 00000000 00000000
[E] 01000430 00ff0000 0
[M] 01000430 00ff0000 0 0 00000000
[W] 01000430 1 01 00ff0000
[F] 01000434 0ff08093
[D] 01000434 13 01 01 1f 0 07 000000ff 1f
[R] 01 1f 00ff0000 00000000
[E] 01000434 00ff00ff 0
[M] 01000434 00ff00ff 0 0 00000000
[W] 01000434 1 01 00ff00ff
[F] 01000438 0020ef33
[D] 01000438 33 1e 01 02 6 00 00000000 02
[R] 01 02 00ff00ff 0f0f0f0f
[E] 01000438 0fff0fff 0
[M] 01000438 0fff0fff 0 2 0f0f0f0f
[W] 01000438 1 1e 0fff0fff
[F] 0100043c 00120213
[D] 0100043c 13 04 04 01 0 00 00000001 01
[R] 04 01 00000000 00ff00ff
[E] 0100043c 00000001 0
[M] 0100043c 00000001 0 0 00ff00ff
[W] 0100043c 1 04 00000001
[F] 01000440 00200293
[D] 01000440 13 05 00 02 0 00 00000002 02
[R] 00 02 00000000 0f0f0f0f
[E] 01000440 00000002 0
[M] 01000440 00000002 0 0 0f0f0f0f
[W] 01000440 1 05 00000002
[F] 01000444 fc521ee3
[D] 01000444 63 1d 04 05 1 7e ffffffdc 05
[R] 04 05 00000001 00000002
[E] 01000444 01000420 0
[M] 01000444 01000420 0 1 00000002
[W] 01000444 0 1d 01000420
[F] 01000420 0f0f1137
[D] 01000420 37 02 00 10 1 07 0f0f1000 10
[R] 00 10 00000000 00000000
[E] 01000420 0f0f1000 0
[M] 01000420 0f0f1000 0 1 00000000
[W] 01000420 1 02 0f0f1000
[F] 01000424 f0f10113
[D] 01000424 13 02 02 0f 0 78 ffffff0f 0f
[R] 02 0f 0f0f1000 00000000
[E] 01000424 0f0f0f0f 0
[M] 01000424 0f0f0f0f 0 0 00000000
[W] 01000424 1 02 0f0f0f0f
[F] 01000428 00000013
[D] 01000428 13 00 00 00 0 00 00000000 00
[R] 00 00 00000000 00000000
[E] 01000428 00000000 0
[M] 01000428 00000000 0 0 00000000
[W] 01000428 1 00 00000000
[F] 0100042c 00000013
[D] 0100042c 13 00 00 00 0 00 00000000 00
[R] 00 00 00000000 00000000
[E] 0100042c 00000000 0
[M] 0100042c 00000000 0 0 00000000
[W] 0100042c 1 00 00000000
[F] 01000430 00ff00b7
[D] 01000430 37 01 00 0f 0 00 00ff0000 0f
[R] 00 0f 00000000 00000000
[E] 01000430 00ff0000 0
[M] 01000430 00ff0000 0 0 00000000
[W] 01000430 1 01 00ff0000
[F] 01000434 0ff08093
[D] 01000434 13 01 01 1f 0 07 000000ff 1f
[R] 01 1f 00ff0000 00000000
[E] 01000434 00ff00ff 0
[M] 01000434 00ff00ff 0 0 00000000
[W] 01000434 1 01 00ff00ff
[F] 01000438 0020ef33
[D] 01000438 33 1e 01 02 6 00 00000000 02
[R] 01 02 00ff00ff 0f0f0f0f
[E] 01000438 0fff0fff 0
[M] 01000438 0fff0fff 0 2 0f0f0f0f
[W] 01000438 1 1e 0fff0fff
[F] 0100043c 00120213
[D] 0100043c 13 04 04 01 0 00 00000001 01
[R] 04 01 00000001 00ff00ff
[E] 0100043c 00000002 0
[M] 0100043c 00000002 0 0 00ff00ff
[W] 0100043c 1 04 00000002
[F] 01000440 00200293
[D] 01000440 13 05 00 02 0 00 00000002 02
[R] 00 02 00000000 0f0f0f0f
[E] 01000440 00000002 0
[M] 01000440 00000002 0 0 0f0f0f0f
[W] 01000440 1 05 00000002
[F] 01000444 fc521ee3
[D] 01000444 63 1d 04 05 1 7e ffffffdc 05
[R] 04 05 00000002 00000002
[E] 01000444 01000420 0
[M] 01000444 01000420 0 1 00000002
[W] 01000444 0 1d 01000420
[F] 01000448 0fff1eb7
[D] 01000448 37 1d 00 1f 1 07 0fff1000 1f
[R] 00 1f 00000000 00000000
[E] 01000448 0fff1000 0
[M] 01000448 0fff1000 0 1 00000000
[W] 01000448 1 1d 0fff1000
[F] 0100044c fffe8e93
[D] 0100044c 13 1d 1d 1f 0 7f ffffffff 1f
[R] 1d 1f 0fff1000 00000000
[E] 0100044c 0fff0fff 0
[M] 0100044c 0fff0fff 0 0 00000000
[W] 0100044c 1 1d 0fff0fff
[F] 01000450 01700193
[D] 01000450 13 03 00 17 0 00 00000017 17
[R] 00 17 00000000 00000000
[E] 01000450 00000017 0
[M] 01000450 00000017 0 0 00000000
[W] 01000450 1 03 00000017
[F] 01000454 07df1863
[D] 01000454 63 10 1e 1d 1 03 00000070 1d
[R] 1e 1d 0fff0fff 0fff0fff
[E] 01000454 010004c4 0
[M] 01000454 010004c4 0 1 0fff0fff
[W] 01000454 0 10 010004c4
[F] 01000458 ff0100b7
[D] 01000458 37 01 00 10 0 7f ff010000 10
[R] 00 10 00000000 00000000
[E] 01000458 ff010000 0
[M] 01000458 ff010000 0 0 00000000
[W] 01000458 1 01 ff010000
[F] 0100045c f0008093
[D] 0100045c 13 01 01 00 0 78 ffffff00 00
[R] 01 00 ff010000 00000000
[E] 0100045c ff00ff00 0
[M] 0100045c ff00ff00 0 0 00000000
[W] 0100045c 1 01 ff00ff00
[F] 01000460 00106133
[D] 01000460 33 02 00 01 6 00 00000000 01
[R] 00 01 00000000 ff00ff00
[E] 01000460 ff00ff00 0
[M] 01000460 ff00ff00 0 2 ff00ff00
[W] 01000460 1 02 ff00ff00
[F] 01000464 ff010eb7
[D] 01000464 37 1d 00 10 0 7f ff010000 10
[R] 00 10 00000000 00000000
[E] 01000464 ff010000 0
[M] 01000464 ff010000 0 0 00000000
[W] 01000464 1 1d ff010000
[F] 01000468 f00e8e93
[D] 01000468 13 1d 1d 00 0 78 ffffff00 00
[R] 1d 00 ff010000 00000000
[E] 01000468 ff00ff00 0
[M] 01000468 ff00ff00 0 0 00000000
[W] 01000468 1 1d ff00ff00
[F] 0100046c 01800193
[D] 0100046c 13 03 00 18 0 00 00000018 18
[R] 00 18 00000000 00000000
[E] 0100046c 00000018 0
[M] 0100046c 00000018 0 0 00000000
[W] 0100046c 1 03 00000018
[F] 01000470 05d11a63
[D] 01000470 63 14 02 1d 1 02 00000054 1d
[R] 02 1d ff00ff00 ff00ff00
[E] 01000470 010004c4 0
[M] 01000470 010004c4 0 1 ff00ff00
[W] 01000470 0 14 010004c4
[F] 01000474 00ff00b7
[D] 01000474 37 01 00 0f 0 00 00ff0000 0f
[R] 00 0f 00000000 00000000
[E] 01000474 00ff0000 0
[M] 01000474 00ff0000 0 0 00000000
[W] 01000474 1 01 00ff0000
[F] 01000478 0ff08093
[D] 01000478 13 01 01 1f 0 07 000000ff 1f
[R] 01 1f 00ff0000 00000000
[E] 01000478 00ff00ff 0
[M] 01000478 00ff00ff 0 0 00000000
[W] 01000478 1 01 00ff00ff
[F] 0100047c 0000e133
[D] 0100047c 33 02 01 00 6 00 00000000 00
[R] 01 00 00ff00ff 00000000
[E] 0100047c 00ff00ff 0
[M] 0100047c 00ff00ff 0 2 00000000
[W] 0100047c 1 02 00ff00ff
[F] 01000480 00ff0eb7
[D] 01000480 37 1d 00 0f 0 00 00ff0000 0f
[R] 00 0f 00000000 00000000
[E] 01000480 00ff0000 0
[M] 01000480 00ff0000 0 0 00000000
[W] 01000480 1 1d 00ff0000
[F] 01000484 0ffe8e93
[D] 01000484 13 1d 1d 1f 0 07 000000ff 1f
[R] 1d 1f 00ff0000 00000000
[E] 01000484 00ff00ff 0
[M] 01000484 00ff00ff 0 0 00000000
[W] 01000484 1 1d 00ff00ff
[F] 01000488 01900193
[D] 01000488 13 03 00 19 0 00 00000019 19
[R] 00 19 00000000 00000000
[E] 01000488 00000019 0
[M] 01000488 00000019 0 0 00000000
[W] 01000488 1 03 00000019
[F] 0100048c 03d11c63
[D] 0100048c 63 18 02 1d 1 01 00000038 1d
[R] 02 1d 00ff00ff 00ff00ff
[E] 0100048c 010004c4 0
[M] 0100048c 010004c4 0 1 00ff00ff
[W] 0100048c 0 18 010004c4
[F] 01000490 000060b3
[D] 01000490 33 01 00 00 6 00 00000000 00
[R] 00 00 00000000 00000000
[E] 01000490 00000000 0
[M] 01000490 00000000 0 2 00000000
[W] 01000490 1 01 00000000
[F] 01000494 00000e93
[D] 01000494 13 1d 00 00 0 00 00000000 00
[R] 00 00 00000000 00000000
[E] 01000494 00000000 0
[M] 01000494 00000000 0 0 00000000
[W] 01000494 1 1d 00000000
[F] 01000498 01a00193
[D] 01000498 13 03 00 1a 0 00 0000001a 1a
[R] 00 1a 00000000 00000000
[E] 01000498 0000001a 0
[M] 01000498 0000001a 0 0 00000000
[W] 01000498 1 03 0000001a
[F] 0100049c 03d09463
[D] 0100049c 63 08 01 1d 1 01 00000028 1d
[R] 01 1d 00000000 00000000
[E] 0100049c 010004c4 0
[M] 0100049c 010004c4 0 1 00000000
[W] 0100049c 0 08 010004c4
[F] 010004a0 111110b7
[D] 010004a0 37 01 00 11 1 08 11111000 11
[R] 00 11 00000000 00000000
[E] 010004a0 11111000 0
[M] 010004a0 11111000 0 1 00000000
[W] 010004a0 1 01 11111000
[F] 010004a4 11108093
[D] 010004a4 13 01 01 11 0 08 00000111 11
[R] 01 11 11111000 00000000
[E] 010004a4 11111111 0
[M] 010004a4 11111111 0 0 00000000
[W] 010004a4 1 01 11111111
[F] 010004a8 22222137
[D] 010004a8 37 02 00 02 2 11 22222000 02
[R] 00 02 00000000 00ff00ff
[E] 010004a8 22222000 0
[M] 010004a8 22222000 0 2 00ff00ff
[W] 010004a8 1 02 22222000
[F] 010004ac 22210113
[D] 010004ac 13 02 02 02 0 11 00000222 02
[R] 02 02 22222000 22222000
[E] 010004ac 22222222 0
[M] 010004ac 22222222 0 0 22222000
[W] 010004ac 1 02 22222222
[F] 010004b0 0020e033
[D] 010004b0 33 00 01 02 6 00 00000000 02
[R] 01 02 11111111 22222222
[E] 010004b0 33333333 0
[M] 010004b0 33333333 0 2 22222222
[W] 010004b0 1 00 33333333
[F] 010004b4 00000e93
[D] 010004b4 13 1d 00 00 0 00 00000000 00
[R] 00 00 00000000 00000000
[E] 010004b4 00000000 0
[M] 010004b4 00000000 0 0 00000000
[W] 010004b4 1 1d 00000000
[F] 010004b8 01b00193
[D] 010004b8 13 03 00 1b 0 00 0000001b 1b
[R] 00 1b 00000000 00000000
[E] 010004b8 0000001b 0
[M] 010004b8 0000001b 0 0 00000000
[W] 010004b8 1 03 0000001b
[F] 010004bc 01d01463
[D] 010004bc 63 08 00 1d 1 00 00000008 1d
[R] 00 1d 00000000 00000000
[E] 010004bc 010004c4 0
[M] 010004bc 010004c4 0 1 00000000
[W] 010004bc 0 08 010004c4
[F] 010004c0 00301c63
[D] 010004c0 63 18 00 03 1 00 00000018 03
[R] 00 03 00000000 0000001b
[E] 010004c0 010004d8 0
[M] 010004c0 010004d8 0 1 0000001b
[W] 010004c0 0 18 010004d8
[F] 010004d8 0ff0000f
[D] 010004d8 0f 00 00 1f 0 07 00000000 1f
[R] 00 1f 00000000 00000000
[E] 010004d8 00000000 0
[M] 010004d8 00000000 0 0 00000000
[W] 010004d8 1 00 00000000
[F] 010004dc 00100193
[D] 010004dc 13 03 00 01 0 00 00000001 01
[R] 00 01 00000000 11111111
[E] 010004dc 00000001 0
[M] 010004dc 00000001 0 0 11111111
[W] 010004dc 1 03 00000001
[F] 010004e0 00000073
[D] 010004e0 73 00 00 00 0 00 00000000 00
[R] 00 00 00000000 00000000
[E] 010004e0 00000000 0
[M] 010004e0 00000000 0 0 00000000
[W] 010004e0 0 00 00000000
