[F] 01000000 00000093
[D] 01000000 13 01 00 00 0 00 00000000 00
[R] 00 00 00000000 00000000
[E] 01000000 00000000 0
[M] 01000000 00000000 0 0 00000000
[W] 01000000 1 01 00000000
[F] 01000004 4000df13
[D] 01000004 13 1e 01 00 5 20 00000000 00
[R] 01 00 00000000 00000000
[E] 01000004 00000000 0
[M] 01000004 00000000 0 1 00000000
[W] 01000004 1 1e 00000000
[F] 01000008 00000e93
[D] 01000008 13 1d 00 00 0 00 00000000 00
[R] 00 00 00000000 00000000
[E] 01000008 00000000 0
[M] 01000008 00000000 0 0 00000000
[W] 01000008 1 1d 00000000
[F] 0100000c 00200193
[D] 0100000c 13 03 00 02 0 00 00000002 02
[R] 00 02 00000000 01100000
[E] 0100000c 00000002 0
[M] 0100000c 00000002 0 0 01100000
[W] 0100000c 1 03 00000002
[F] 01000010 2bdf1463
[D] 01000010 63 08 1e 1d 1 15 000002a8 1d
[R] 1e 1d 00000000 00000000
[E] 01000010 010002b8 0
[M] 01000010 010002b8 0 1 00000000
[W] 01000010 0 08 010002b8
[F] 01000014 800000b7
[D] 01000014 37 01 00 00 0 40 80000000 00
[R] 00 00 00000000 00000000
[E] 01000014 80000000 0
[M] 01000014 80000000 0 0 00000000
[W] 01000014 1 01 80000000
[F] 01000018 4010df13
[D] 01000018 13 1e 01 01 5 20 00000001 01
[R] 01 01 80000000 80000000
[E] 01000018 c0000000 0
[M] 01000018 c0000000 0 1 80000000
[W] 01000018 1 1e c0000000
[F] 0100001c c0000eb7
[D] 0100001c 37 1d 00 00 0 60 c0000000 00
[R] 00 00 00000000 00000000
[E] 0100001c c0000000 0
[M] 0100001c c0000000 0 0 00000000
[W] 0100001c 1 1d c0000000
[F] 01000020 00300193
[D] 01000020 13 03 00 03 0 00 00000003 03
[R] 00 03 00000000 00000002
[E] 01000020 00000003 0
[M] 01000020 00000003 0 0 00000002
[W] 01000020 1 03 00000003
[F] 01000024 29df1a63
[D] 01000024 63 14 1e 1d 1 14 00000294 1d
[R] 1e 1d c0000000 c0000000
[E] 01000024 010002b8 0
[M] 01000024 010002b8 0 1 c0000000
[W] 01000024 0 14 010002b8
[F] 01000028 800000b7
[D] 01000028 37 01 00 00 0 40 80000000 00
[R] 00 00 00000000 00000000
[E] 01000028 80000000 0
[M] 01000028 80000000 0 0 00000000
[W] 01000028 1 01 80000000
[F] 0100002c 4070df13
[D] 0100002c 13 1e 01 07 5 20 00000007 07
[R] 01 07 80000000 00000000
[E] 0100002c ff000000 0
[M] 0100002c ff000000 0 1 00000000
[W] 0100002c 1 1e ff000000
[F] 01000030 ff000eb7
[D] 01000030 37 1d 00 10 0 7f ff000000 10
[R] 00 10 00000000 00000000
[E] 01000030 ff000000 0
[M] 01000030 ff000000 0 0 00000000
[W] 01000030 1 1d ff000000
[F] 01000034 00400193
[D] 01000034 13 03 00 04 0 00 00000004 04
[R] 00 04 00000000 00000000
[E] 01000034 00000004 0
[M] 01000034 00000004 0 0 00000000
[W] 01000034 1 03 00000004
[F] 01000038 29df1063
[D] 01000038 63 00 1e 1d 1 14 00000280 1d
[R] 1e 1d ff000000 ff000000
[E] 01000038 010002b8 0
[M] 01000038 010002b8 0 1 ff000000
[W] 01000038 0 00 010002b8
[F] 0100003c 800000b7
[D] 0100003c 37 01 00 00 0 40 80000000 00
[R] 00 00 00000000 00000000
[E] 0100003c 80000000 0
[M] 0100003c 80000000 0 0 00000000
[W] 0100003c 1 01 80000000
[F] 01000040 40e0df13
[D] 01000040 13 1e 01 0e 5 20 0000000e 0e
[R] 01 0e 80000000 00000000
[E] 01000040 fffe0000 0
[M] 01000040 fffe0000 0 1 00000000
[W] 01000040 1 1e fffe0000
[F] 01000044 fffe0eb7
[D] 01000044 37 1d 00 1f 0 7f fffe0000 1f
[R] 00 1f 00000000 00000000
[E] 01000044 fffe0000 0
[M] 01000044 fffe0000 0 0 00000000
[W] 01000044 1 1d fffe0000
[F] 01000048 00500193
[D] 01000048 13 03 00 05 0 00 00000005 05
[R] 00 05 00000000 00000000
[E] 01000048 00000005 0
[M] 01000048 00000005 0 0 00000000
[W] 01000048 1 03 00000005
[F] 0100004c 27df1663
[D] 0100004c 63 0c 1e 1d 1 13 0000026c 1d
[R] 1e 1d fffe0000 fffe0000
[E] 0100004c 010002b8 0
[M] 0100004c 010002b8 0 1 fffe0000
[W] 0100004c 0 0c 010002b8
[F] 01000050 800000b7
[D] 01000050 37 01 00 00 0 40 80000000 00
[R] 00 00 00000000 00000000
[E] 01000050 80000000 0
[M] 01000050 80000000 0 0 00000000
[W] 01000050 1 01 80000000
[F] 01000054 00108093
[D] 01000054 13 01 01 01 0 00 00000001 01
[R] 01 01 80000000 80000000
[E] 01000054 80000001 0
[M] 01000054 80000001 0 0 80000000
[W] 01000054 1 01 80000001
[F] 01000058 41f0df13
[D] 01000058 13 1e 01 1f 5 20 0000001f 1f
[R] 01 1f 80000001 00000000
[E] 01000058 ffffffff 0
[M] 01000058 ffffffff 0 1 00000000
[W] 01000058 1 1e ffffffff
[F] 0100005c fff00e93
[D] 0100005c 13 1d 00 1f 0 7f ffffffff 1f
[R] 00 1f 00000000 00000000
[E] 0100005c ffffffff 0
[M] 0100005c ffffffff 0 0 00000000
[W] 0100005c 1 1d ffffffff
[F] 01000060 00600193
[D] 01000060 13 03 00 06 0 00 00000006 06
[R] 00 06 00000000 00000000
[E] 01000060 00000006 0
[M] 01000060 00000006 0 0 00000000
[W] 01000060 1 03 00000006
[F] 01000064 25df1a63
[D] 01000064 63 14 1e 1d 1 12 00000254 1d
[R] 1e 1d ffffffff ffffffff
[E] 01000064 010002b8 0
[M] 01000064 010002b8 0 1 ffffffff
[W] 01000064 0 14 010002b8
[F] 01000068 800000b7
[D] 01000068 37 01 00 00 0 40 80000000 00
[R] 00 00 00000000 00000000
[E] 01000068 80000000 0
[M] 01000068 80000000 0 0 00000000
[W] 01000068 1 01 80000000
[F] 0100006c fff08093
[D] 0100006c 13 01 01 1f 0 7f ffffffff 1f
[R] 01 1f 80000000 00000000
[E] 0100006c 7fffffff 0
[M] 0100006c 7fffffff 0 0 00000000
[W] 0100006c 1 01 7fffffff
[F] 01000070 4000df13
[D] 01000070 13 1e 01 00 5 20 00000000 00
[R] 01 00 7fffffff 00000000
[E] 01000070 7fffffff 0
[M] 01000070 7fffffff 0 1 00000000
[W] 01000070 1 1e 7fffffff
[F] 01000074 80000eb7
[D] 01000074 37 1d 00 00 0 40 80000000 00
[R] 00 00 00000000 00000000
[E] 01000074 80000000 0
[M] 01000074 80000000 0 0 00000000
[W] 01000074 1 1d 80000000
[F] 01000078 fffe8e93
[D] 01000078 13 1d 1d 1f 0 7f ffffffff 1f
[R] 1d 1f 80000000 00000000
[E] 01000078 7fffffff 0
[M] 01000078 7fffffff 0 0 00000000
[W] 01000078 1 1d 7fffffff
[F] 0100007c 00700193
[D] 0100007c 13 03 00 07 0 00 00000007 07
[R] 00 07 00000000 00000000
[E] 0100007c 00000007 0
[M] 0100007c 00000007 0 0 00000000
[W] 0100007c 1 03 00000007
[F] 01000080 23df1c63
[D] 01000080 63 18 1e 1d 1 11 00000238 1d
[R] 1e 1d 7fffffff 7fffffff
[E] 01000080 010002b8 0
[M] 01000080 010002b8 0 1 7fffffff
[W] 01000080 0 18 010002b8
[F] 01000084 800000b7
[D] 01000084 37 01 00 00 0 40 80000000 00
[R] 00 00 00000000 00000000
[E] 01000084 80000000 0
[M] 01000084 80000000 0 0 00000000
[W] 01000084 1 01 80000000
[F] 01000088 fff08093
[D] 01000088 13 01 01 1f 0 7f ffffffff 1f
[R] 01 1f 80000000 00000000
[E] 01000088 7fffffff 0
[M] 01000088 7fffffff 0 0 00000000
[W] 01000088 1 01 7fffffff
[F] 0100008c 4010df13
[D] 0100008c 13 1e 01 01 5 20 00000001 01
[R] 01 01 7fffffff 7fffffff
[E] 0100008c 3fffffff 0
[M] 0100008c 3fffffff 0 1 7fffffff
[W] 0100008c 1 1e 3fffffff
[F] 01000090 40000eb7
[D] 01000090 37 1d 00 00 0 20 40000000 00
[R] 00 00 00000000 00000000
[E] 01000090 40000000 0
[M] 01000090 40000000 0 0 00000000
[W] 01000090 1 1d 40000000
[F] 01000094 fffe8e93
[D] 01000094 13 1d 1d 1f 0 7f ffffffff 1f
[R] 1d 1f 40000000 00000000
[E] 01000094 3fffffff 0
[M] 01000094 3fffffff 0 0 00000000
[W] 01000094 1 1d 3fffffff
[F] 01000098 00800193
[D] 01000098 13 03 00 08 0 00 00000008 08
[R] 00 08 00000000 00000000
[E] 01000098 00000008 0
[M] 01000098 00000008 0 0 00000000
[W] 01000098 1 03 00000008
[F] 0100009c 21df1e63
[D] 0100009c 63 1c 1e 1d 1 10 0000021c 1d
[R] 1e 1d 3fffffff 3fffffff
[E] 0100009c 010002b8 0
[M] 0100009c 010002b8 0 1 3fffffff
[W] 0100009c 0 1c 010002b8
[F] 010000a0 800000b7
[D] 010000a0 37 01 00 00 0 40 80000000 00
[R] 00 00 00000000 00000000
[E] 010000a0 80000000 0
[M] 010000a0 80000000 0 0 00000000
[W] 010000a0 1 01 80000000
[F] 010000a4 fff08093
[D] 010000a4 13 01 01 1f 0 7f ffffffff 1f
[R] 01 1f 80000000 00000000
[E] 010000a4 7fffffff 0
[M] 010000a4 7fffffff 0 0 00000000
[W] 010000a4 1 01 7fffffff
[F] 010000a8 4070df13
[D] 010000a8 13 1e 01 07 5 20 00000007 07
[R] 01 07 7fffffff 00000000
[E] 010000a8 00ffffff 0
[M] 010000a8 00ffffff 0 1 00000000
[W] 010000a8 1 1e 00ffffff
[F] 010000ac 01000eb7
[D] 010000ac 37 1d 00 10 0 00 01000000 10
[R] 00 10 00000000 00000000
[E] 010000ac 01000000 0
[M] 010000ac 01000000 0 0 00000000
[W] 010000ac 1 1d 01000000
[F] 010000b0 fffe8e93
[D] 010000b0 13 1d 1d 1f 0 7f ffffffff 1f
[R] 1d 1f 01000000 00000000
[E] 010000b0 00ffffff 0
[M] 010000b0 00ffffff 0 0 00000000
[W] 010000b0 1 1d 00ffffff
[F] 010000b4 00900193
[D] 010000b4 13 03 00 09 0 00 00000009 09
[R] 00 09 00000000 00000000
[E] 010000b4 00000009 0
[M] 010000b4 00000009 0 0 00000000
[W] 010000b4 1 03 00000009
[F] 010000b8 21df1063
[D] 010000b8 63 00 1e 1d 1 10 00000200 1d
[R] 1e 1d 00ffffff 00ffffff
[E] 010000b8 010002b8 0
[M] 010000b8 010002b8 0 1 00ffffff
[W] 010000b8 0 00 010002b8
[F] 010000bc 800000b7
[D] 010000bc 37 01 00 00 0 40 80000000 00
[R] 00 00 00000000 00000000
[E] 010000bc 80000000 0
[M] 010000bc 80000000 0 0 00000000
[W] 010000bc 1 01 80000000
[F] 010000c0 fff08093
[D] 010000c0 13 01 01 1f 0 7f ffffffff 1f
[R] 01 1f 80000000 00000000
[E] 010000c0 7fffffff 0
[M] 010000c0 7fffffff 0 0 00000000
[W] 010000c0 1 01 7fffffff
[F] 010000c4 40e0df13
[D] 010000c4 13 1e 01 0e 5 20 0000000e 0e
[R] 01 0e 7fffffff 00000000
[E] 010000c4 0001ffff 0
[M] 010000c4 0001ffff 0 1 00000000
[W] 010000c4 1 1e 0001ffff
[F] 010000c8 00020eb7
[D] 010000c8 37 1d 00 00 0 00 00020000 00
[R] 00 00 00000000 00000000
[E] 010000c8 00020000 0
[M] 010000c8 00020000 0 0 00000000
[W] 010000c8 1 1d 00020000
[F] 010000cc fffe8e93
[D] 010000cc 13 1d 1d 1f 0 7f ffffffff 1f
[R] 1d 1f 00020000 00000000
[E] 010000cc 0001ffff 0
[M] 010000cc 0001ffff 0 0 00000000
[W] 010000cc 1 1d 0001ffff
[F] 010000d0 00a00193
[D] 010000d0 13 03 00 0a 0 00 0000000a 0a
[R] 00 0a 00000000 00000000
[E] 010000d0 0000000a 0
[M] 010000d0 0000000a 0 0 00000000
[W] 010000d0 1 03 0000000a
[F] 010000d4 1fdf1263
[D] 010000d4 63 04 1e 1d 1 0f 000001e4 1d
[R] 1e 1d 0001ffff 0001ffff
[E] 010000d4 010002b8 0
[M] 010000d4 010002b8 0 1 0001ffff
[W] 010000d4 0 04 010002b8
[F] 010000d8 800000b7
[D] 010000d8 37 01 00 00 0 40 80000000 00
[R] 00 00 00000000 00000000
[E] 010000d8 80000000 0
[M] 010000d8 80000000 0 0 00000000
[W] 010000d8 1 01 80000000
[F] 010000dc fff08093
[D] 010000dc 13 01 01 1f 0 7f ffffffff 1f
[R] 01 1f 80000000 00000000
[E] 010000dc 7fffffff 0
[M] 010000dc 7fffffff 0 0 00000000
[W] 010000dc 1 01 7fffffff
[F] 010000e0 41f0df13
[D] 010000e0 13 1e 01 1f 5 20 0000001f 1f
[R] 01 1f 7fffffff 00000000
[E] 010000e0 00000000 0
[M] 010000e0 00000000 0 1 00000000
[W] 010000e0 1 1e 00000000
[F] 010000e4 00000e93
[D] 010000e4 13 1d 00 00 0 00 00000000 00
[R] 00 00 00000000 00000000
[E] 010000e4 00000000 0
[M] 010000e4 00000000 0 0 00000000
[W] 010000e4 1 1d 00000000
[F] 010000e8 00b00193
[D] 010000e8 13 03 00 0b 0 00 0000000b 0b
[R] 00 0b 00000000 00000000
[E] 010000e8 0000000b 0
[M] 010000e8 0000000b 0 0 00000000
[W] 010000e8 1 03 0000000b
[F] 010000ec 1ddf1663
[D] 010000ec 63 0c 1e 1d 1 0e 000001cc 1d
[R] 1e 1d 00000000 00000000
[E] 010000ec 010002b8 0
[M] 010000ec 010002b8 0 1 00000000
[W] 010000ec 0 0c 010002b8
[F] 010000f0 818180b7
[D] 010000f0 37 01 00 18 0 40 81818000 18
[R] 00 18 00000000 00000000
[E] 010000f0 81818000 0
[M] 010000f0 81818000 0 0 00000000
[W] 010000f0 1 01 81818000
[F] 010000f4 18108093
[D] 010000f4 13 01 01 01 0 0c 00000181 01
[R] 01 01 81818000 81818000
[E] 010000f4 81818181 0
[M] 010000f4 81818181 0 0 81818000
[W] 010000f4 1 01 81818181
[F] 010000f8 4000df13
[D] 010000f8 13 1e 01 00 5 20 00000000 00
[R] 01 00 81818181 00000000
[E] 010000f8 81818181 0
[M] 010000f8 81818181 0 1 00000000
[W] 010000f8 1 1e 81818181
[F] 010000fc 81818eb7
[D] 010000fc 37 1d 00 18 0 40 81818000 18
[R] 00 18 00000000 00000000
[E] 010000fc 81818000 0
[M] 010000fc 81818000 0 0 00000000
[W] 010000fc 1 1d 81818000
[F] 01000100 181e8e93
[D] 01000100 13 1d 1d 01 0 0c 00000181 01
[R] 1d 01 81818000 81818181
[E] 01000100 81818181 0
[M] 01000100 81818181 0 0 81818181
[W] 01000100 1 1d 81818181
[F] 01000104 00c00193
[D] 01000104 13 03 00 0c 0 00 0000000c 0c
[R] 00 0c 00000000 00000000
[E] 01000104 0000000c 0
[M] 01000104 0000000c 0 0 00000000
[W] 01000104 1 03 0000000c
[F] 01000108 1bdf1863
[D] 01000108 63 10 1e 1d 1 0d 000001b0 1d
[R] 1e 1d 81818181 81818181
[E] 01000108 010002b8 0
[M] 01000108 010002b8 0 1 81818181
[W] 01000108 0 10 010002b8
[F] 0100010c 818180b7
[D] 0100010c 37 01 00 18 0 40 81818000 18
[R] 00 18 00000000 00000000
[E] 0100010c 81818000 0
[M] 0100010c 81818000 0 0 00000000
[W] 0100010c 1 01 81818000
[F] 01000110 18108093
[D] 01000110 13 01 01 01 0 0c 00000181 01
[R] 01 01 81818000 81818000
[E] 01000110 81818181 0
[M] 01000110 81818181 0 0 81818000
[W] 01000110 1 01 81818181
[F] 01000114 4010df13
[D] 01000114 13 1e 01 01 5 20 00000001 01
[R] 01 01 81818181 81818181
[E] 01000114 c0c0c0c0 0
[M] 01000114 c0c0c0c0 0 1 81818181
[W] 01000114 1 1e c0c0c0c0
[F] 01000118 c0c0ceb7
[D] 01000118 37 1d 00 0c 4 60 c0c0c000 0c
[R] 00 0c 00000000 00000000
[E] 01000118 c0c0c000 0
[M] 01000118 c0c0c000 0 0 00000000
[W] 01000118 1 1d c0c0c000
[F] 0100011c 0c0e8e93
[D] 0100011c 13 1d 1d 00 0 06 000000c0 00
[R] 1d 00 c0c0c000 00000000
[E] 0100011c c0c0c0c0 0
[M] 0100011c c0c0c0c0 0 0 00000000
[W] 0100011c 1 1d c0c0c0c0
[F] 01000120 00d00193
[D] 01000120 13 03 00 0d 0 00 0000000d 0d
[R] 00 0d 00000000 00000000
[E] 01000120 0000000d 0
[M] 01000120 0000000d 0 0 00000000
[W] 01000120 1 03 0000000d
[F] 01000124 19df1a63
[D] 01000124 63 14 1e 1d 1 0c 00000194 1d
[R] 1e 1d c0c0c0c0 c0c0c0c0
[E] 01000124 010002b8 0
[M] 01000124 010002b8 0 1 c0c0c0c0
[W] 01000124 0 14 010002b8
[F] 01000128 818180b7
[D] 01000128 37 01 00 18 0 40 81818000 18
[R] 00 18 00000000 00000000
[E] 01000128 81818000 0
[M] 01000128 81818000 0 0 00000000
[W] 01000128 1 01 81818000
[F] 0100012c 18108093
[D] 0100012c 13 01 01 01 0 0c 00000181 01
[R] 01 01 81818000 81818000
[E] 0100012c 81818181 0
[M] 0100012c 81818181 0 0 81818000
[W] 0100012c 1 01 81818181
[F] 01000130 4070df13
[D] 01000130 13 1e 01 07 5 20 00000007 07
[R] 01 07 81818181 00000000
[E] 01000130 ff030303 0
[M] 01000130 ff030303 0 1 00000000
[W] 01000130 1 1e ff030303
[F] 01000134 ff030eb7
[D] 01000134 37 1d 00 10 0 7f ff030000 10
[R] 00 10 00000000 00000000
[E] 01000134 ff030000 0
[M] 01000134 ff030000 0 0 00000000
[W] 01000134 1 1d ff030000
[F] 01000138 303e8e93
[D] 01000138 13 1d 1d 03 0 18 00000303 03
[R] 1d 03 ff030000 0000000d
[E] 01000138 ff030303 0
[M] 01000138 ff030303 0 0 0000000d
[W] 01000138 1 1d ff030303
[F] 0100013c 00e00193
[D] 0100013c 13 03 00 0e 0 00 0000000e 0e
[R] 00 0e 00000000 00000000
[E] 0100013c 0000000e 0
[M] 0100013c 0000000e 0 0 00000000
[W] 0100013c 1 03 0000000e
[F] 01000140 17df1c63
[D] 01000140 63 18 1e 1d 1 0b 00000178 1d
[R] 1e 1d ff030303 ff030303
[E] 01000140 010002b8 0
[M] 01000140 010002b8 0 1 ff030303
[W] 01000140 0 18 010002b8
[F] 01000144 818180b7
[D] 01000144 37 01 00 18 0 40 81818000 18
[R] 00 18 00000000 00000000
[E] 01000144 81818000 0
[M] 01000144 81818000 0 0 00000000
[W] 01000144 1 01 81818000
[F] 01000148 18108093
[D] 01000148 13 01 01 01 0 0c 00000181 01
[R] 01 01 81818000 81818000
[E] 01000148 81818181 0
[M] 01000148 81818181 0 0 81818000
[W] 01000148 1 01 81818181
[F] 0100014c 40e0df13
[D] 0100014c 13 1e 01 0e 5 20 0000000e 0e
[R] 01 0e 81818181 00000000
[E] 0100014c fffe0606 0
[M] 0100014c fffe0606 0 1 00000000
[W] 0100014c 1 1e fffe0606
[F] 01000150 fffe0eb7
[D] 01000150 37 1d 00 1f 0 7f fffe0000 1f
[R] 00 1f 00000000 00000000
[E] 01000150 fffe0000 0
[M] 01000150 fffe0000 0 0 00000000
[W] 01000150 1 1d fffe0000
[F] 01000154 606e8e93
[D] 01000154 13 1d 1d 06 0 30 00000606 06
[R] 1d 06 fffe0000 00000000
[E] 01000154 fffe0606 0
[M] 01000154 fffe0606 0 0 00000000
[W] 01000154 1 1d fffe0606
[F] 01000158 00f00193
[D] 01000158 13 03 00 0f 0 00 0000000f 0f
[R] 00 0f 00000000 00000000
[E] 01000158 0000000f 0
[M] 01000158 0000000f 0 0 00000000
[W] 01000158 1 03 0000000f
[F] 0100015c 15df1e63
[D] 0100015c 63 1c 1e 1d 1 0a 0000015c 1d
[R] 1e 1d fffe0606 fffe0606
[E] 0100015c 010002b8 0
[M] 0100015c 010002b8 0 1 fffe0606
[W] 0100015c 0 1c 010002b8
[F] 01000160 818180b7
[D] 01000160 37 01 00 18 0 40 81818000 18
[R] 00 18 00000000 00000000
[E] 01000160 81818000 0
[M] 01000160 81818000 0 0 00000000
[W] 01000160 1 01 81818000
[F] 01000164 18108093
[D] 01000164 13 01 01 01 0 0c 00000181 01
[R] 01 01 81818000 81818000
[E] 01000164 81818181 0
[M] 01000164 81818181 0 0 81818000
[W] 01000164 1 01 81818181
[F] 01000168 41f0df13
[D] 01000168 13 1e 01 1f 5 20 0000001f 1f
[R] 01 1f 81818181 00000000
[E] 01000168 ffffffff 0
[M] 01000168 ffffffff 0 1 00000000
[W] 01000168 1 1e ffffffff
[F] 0100016c fff00e93
[D] 0100016c 13 1d 00 1f 0 7f ffffffff 1f
[R] 00 1f 00000000 00000000
[E] 0100016c ffffffff 0
[M] 0100016c ffffffff 0 0 00000000
[W] 0100016c 1 1d ffffffff
[F] 01000170 01000193
[D] 01000170 13 03 00 10 0 00 00000010 10
[R] 00 10 00000000 00000000
[E] 01000170 00000010 0
[M] 01000170 00000010 0 0 00000000
[W] 01000170 1 03 00000010
[F] 01000174 15df1263
[D] 01000174 63 04 1e 1d 1 0a 00000144 1d
[R] 1e 1d ffffffff ffffffff
[E] 01000174 010002b8 0
[M] 01000174 010002b8 0 1 ffffffff
[W] 01000174 0 04 010002b8
[F] 01000178 800000b7
[D] 01000178 37 01 00 00 0 40 80000000 00
[R] 00 00 00000000 00000000
[E] 01000178 80000000 0
[M] 01000178 80000000 0 0 00000000
[W] 01000178 1 01 80000000
[F] 0100017c 4070d093
[D] 0100017c 13 01 01 07 5 20 00000007 07
[R] 01 07 80000000 00000000
[E] 0100017c ff000000 0
[M] 0100017c ff000000 0 1 00000000
[W] 0100017c 1 01 ff000000
[F] 01000180 ff000eb7
[D] 01000180 37 1d 00 10 0 7f ff000000 10
[R] 00 10 00000000 00000000
[E] 01000180 ff000000 0
[M] 01000180 ff000000 0 0 00000000
[W] 01000180 1 1d ff000000
[F] 01000184 01100193
[D] 01000184 13 03 00 11 0 00 00000011 11
[R] 00 11 00000000 00000000
[E] 01000184 00000011 0
[M] 01000184 00000011 0 0 00000000
[W] 01000184 1 03 00000011
[F] 01000188 13d09863
[D] 01000188 63 10 01 1d 1 09 00000130 1d
[R] 01 1d ff000000 ff000000
[E] 01000188 010002b8 0
[M] 01000188 010002b8 0 1 ff000000
[W] 01000188 0 10 010002b8
[F] 0100018c 00000213
[D] 0100018c 13 04 00 00 0 00 00000000 00
[R] 00 00 00000000 00000000
[E] 0100018c 00000000 0
[M] 0100018c 00000000 0 0 00000000
[W] 0100018c 1 04 00000000
[F] 01000190 800000b7
[D] 01000190 37 01 00 00 0 40 80000000 00
[R] 00 00 00000000 00000000
[E] 01000190 80000000 0
[M] 01000190 80000000 0 0 00000000
[W] 01000190 1 01 80000000
[F] 01000194 4070df13
[D] 01000194 13 1e 01 07 5 20 00000007 07
[R] 01 07 80000000 00000000
[E] 01000194 ff000000 0
[M] 01000194 ff000000 0 1 00000000
[W] 01000194 1 1e ff000000
[F] 01000198 000f0313
[D] 01000198 13 06 1e 00 0 00 00000000 00
[R] 1e 00 ff000000 00000000
[E] 01000198 ff000000 0
[M] 01000198 ff000000 0 0 00000000
[W] 01000198 1 06 ff000000
[F] 0100019c 00120213
[D] 0100019c 13 04 04 01 0 00 00000001 01
[R] 04 01 00000000 80000000
[E] 0100019c 00000001 0
[M] 0100019c 00000001 0 0 80000000
[W] 0100019c 1 04 00000001
[F] 010001a0 00200293
[D] 010001a0 13 05 00 02 0 00 00000002 02
[R] 00 02 00000000 01100000
[E] 010001a0 00000002 0
[M] 010001a0 00000002 0 0 01100000
[W] 010001a0 1 05 00000002
[F] 010001a4 fe5216e3
[D] 010001a4 63 0d 04 05 1 7f ffffffec 05
[R] 04 05 00000001 00000002
[E] 010001a4 01000190 0
[M] 010001a4 01000190 0 1 00000002
[W] 010001a4 0 0d 01000190
[F] 01000190 800000b7
[D] 01000190 37 01 00 00 0 40 80000000 00
[R] 00 00 00000000 00000000
[E] 01000190 80000000 0
[M] 01000190 80000000 0 0 00000000
[W] 01000190 1 01 80000000
[F] 01000194 4070df13
[D] 01000194 13 1e 01 07 5 20 00000007 07
[R] 01 07 80000000 00000000
[E] 01000194 ff000000 0
[M] 01000194 ff000000 0 1 00000000
[W] 01000194 1 1e ff000000
[F] 01000198 000f0313
[D] 01000198 13 06 1e 00 0 00 00000000 00
[R] 1e 00 ff000000 00000000
[E] 01000198 ff000000 0
[M] 01000198 ff000000 0 0 00000000
[W] 01000198 1 06 ff000000
[F] 0100019c 00120213
[D] 0100019c 13 04 04 01 0 00 00000001 01
[R] 04 01 00000001 80000000
[E] 0100019c 00000002 0
[M] 0100019c 00000002 0 0 80000000
[W] 0100019c 1 04 00000002
[F] 010001a0 00200293
[D] 010001a0 13 05 00 02 0 00 00000002 02
[R] 00 02 00000000 01100000
[E] 010001a0 00000002 0
[M] 010001a0 00000002 0 0 01100000
[W] 010001a0 1 05 00000002
[F] 010001a4 fe5216e3
[D] 010001a4 63 0d 04 05 1 7f ffffffec 05
[R] 04 05 00000002 00000002
[E] 010001a4 01000190 0
[M] 010001a4 01000190 0 1 00000002
[W] 010001a4 0 0d 01000190
[F] 010001a8 ff000eb7
[D] 010001a8 37 1d 00 10 0 7f ff000000 10
[R] 00 10 00000000 00000000
[E] 010001a8 ff000000 0
[M] 010001a8 ff000000 0 0 00000000
[W] 010001a8 1 1d ff000000
[F] 010001ac 01200193
[D] 010001ac 13 03 00 12 0 00 00000012 12
[R] 00 12 00000000 00000000
[E] 010001ac 00000012 0
[M] 010001ac 00000012 0 0 00000000
[W] 010001ac 1 03 00000012
[F] 010001b0 11d31463
[D] 010001b0 63 08 06 1d 1 08 00000108 1d
[R] 06 1d ff000000 ff000000
[E] 010001b0 010002b8 0
[M] 010001b0 010002b8 0 1 ff000000
[W] 010001b0 0 08 010002b8
[F] 010001b4 00000213
[D] 010001b4 13 04 00 00 0 00 00000000 00
[R] 00 00 00000000 00000000
[E] 010001b4 00000000 0
[M] 010001b4 00000000 0 0 00000000
[W] 010001b4 1 04 00000000
[F] 010001b8 800000b7
[D] 010001b8 37 01 00 00 0 40 80000000 00
[R] 00 00 00000000 00000000
[E] 010001b8 80000000 0
[M] 010001b8 80000000 0 0 00000000
[W] 010001b8 1 01 80000000
[F] 010001bc 40e0df13
[D] 010001bc 13 1e 01 0e 5 20 0000000e 0e
[R] 01 0e 80000000 00000000
[E] 010001bc fffe0000 0
[M] 010001bc fffe0000 0 1 00000000
[W] 010001bc 1 1e fffe0000
[F] 010001c0 00000013
[D] 010001c0 13 00 00 00 0 00 00000000 00
[R] 00 00 00000000 00000000
[E] 010001c0 00000000 0
[M] 010001c0 00000000 0 0 00000000
[W] 010001c0 1 00 00000000
[F] 010001c4 000f0313
[D] 010001c4 13 06 1e 00 0 00 00000000 00
[R] 1e 00 fffe0000 00000000
[E] 010001c4 fffe0000 0
[M] 010001c4 fffe0000 0 0 00000000
[W] 010001c4 1 06 fffe0000
[F] 010001c8 00120213
[D] 010001c8 13 04 04 01 0 00 00000001 01
[R] 04 01 00000000 80000000
[E] 010001c8 00000001 0
[M] 010001c8 00000001 0 0 80000000
[W] 010001c8 1 04 00000001
[F] 010001cc 00200293
[D] 010001cc 13 05 00 02 0 00 00000002 02
[R] 00 02 00000000 01100000
[E] 010001cc 00000002 0
[M] 010001cc 00000002 0 0 01100000
[W] 010001cc 1 05 00000002
[F] 010001d0 fe5214e3
[D] 010001d0 63 09 04 05 1 7f ffffffe8 05
[R] 04 05 00000001 00000002
[E] 010001d0 010001b8 0
[M] 010001d0 010001b8 0 1 00000002
[W] 010001d0 0 09 010001b8
[F] 010001b8 800000b7
[D] 010001b8 37 01 00 00 0 40 80000000 00
[R] 00 00 00000000 00000000
[E] 010001b8 80000000 0
[M] 010001b8 80000000 0 0 00000000
[W] 010001b8 1 01 80000000
[F] 010001bc 40e0df13
[D] 010001bc 13 1e 01 0e 5 20 0000000e 0e
[R] 01 0e 80000000 00000000
[E] 010001bc fffe0000 0
[M] 010001bc fffe0000 0 1 00000000
[W] 010001bc 1 1e fffe0000
[F] 010001c0 00000013
[D] 010001c0 13 00 00 00 0 00 00000000 00
[R] 00 00 00000000 00000000
[E] 010001c0 00000000 0
[M] 010001c0 00000000 0 0 00000000
[W] 010001c0 1 00 00000000
[F] 010001c4 000f0313
[D] 010001c4 13 06 1e 00 0 00 00000000 00
[R] 1e 00 fffe0000 00000000
[E] 010001c4 fffe0000 0
[M] 010001c4 fffe0000 0 0 00000000
[W] 010001c4 1 06 fffe0000
[F] 010001c8 00120213
[D] 010001c8 13 04 04 01 0 00 00000001 01
[R] 04 01 00000001 80000000
[E] 010001c8 00000002 0
[M] 010001c8 00000002 0 0 80000000
[W] 010001c8 1 04 00000002
[F] 010001cc 00200293
[D] 010001cc 13 05 00 02 0 00 00000002 02
[R] 00 02 00000000 01100000
[E] 010001cc 00000002 0
[M] 010001cc 00000002 0 0 01100000
[W] 010001cc 1 05 00000002
[F] 010001d0 fe5214e3
[D] 010001d0 63 09 04 05 1 7f ffffffe8 05
[R] 04 05 00000002 00000002
[E] 010001d0 010001b8 0
[M] 010001d0 010001b8 0 1 00000002
[W] 010001d0 0 09 010001b8
[F] 010001d4 fffe0eb7
[D] 010001d4 37 1d 00 1f 0 7f fffe0000 1f
[R] 00 1f 00000000 00000000
[E] 010001d4 fffe0000 0
[M] 010001d4 fffe0000 0 0 00000000
[W] 010001d4 1 1d fffe0000
[F] 010001d8 01300193
[D] 010001d8 13 03 00 13 0 00 00000013 13
[R] 00 13 00000000 00000000
[E] 010001d8 00000013 0
[M] 010001d8 00000013 0 0 00000000
[W] 010001d8 1 03 00000013
[F] 010001dc 0dd31e63
[D] 010001dc 63 1c 06 1d 1 06 000000dc 1d
[R] 06 1d fffe0000 fffe0000
[E] 010001dc 010002b8 0
[M] 010001dc 010002b8 0 1 fffe0000
[W] 010001dc 0 1c 010002b8
[F] 010001e0 00000213
[D] 010001e0 13 04 00 00 0 00 00000000 00
[R] 00 00 00000000 00000000
[E] 010001e0 00000000 0
[M] 010001e0 00000000 0 0 00000000
[W] 010001e0 1 04 00000000
[F] 010001e4 800000b7
[D] 010001e4 37 01 00 00 0 40 80000000 00
[R] 00 00 00000000 00000000
[E] 010001e4 80000000 0
[M] 010001e4 80000000 0 0 00000000
[W] 010001e4 1 01 80000000
[F] 010001e8 00108093
[D] 010001e8 13 01 01 01 0 00 00000001 01
[R] 01 01 80000000 80000000
[E] 010001e8 80000001 0
[M] 010001e8 80000001 0 0 80000000
[W] 010001e8 1 01 80000001
[F] 010001ec 41f0df13
[D] 010001ec 13 1e 01 1f 5 20 0000001f 1f
[R] 01 1f 80000001 00000000
[E] 010001ec ffffffff 0
[M] 010001ec ffffffff 0 1 00000000
[W] 010001ec 1 1e ffffffff
[F] 010001f0 00000013
[D] 010001f0 13 00 00 00 0 00 00000000 00
[R] 00 00 00000000 00000000
[E] 010001f0 00000000 0
[M] 010001f0 00000000 0 0 00000000
[W] 010001f0 1 00 00000000
[F] 010001f4 00000013
[D] 010001f4 13 00 00 00 0 00 00000000 00
[R] 00 00 00000000 00000000
[E] 010001f4 00000000 0
[M] 010001f4 00000000 0 0 00000000
[W] 010001f4 1 00 00000000
[F] 010001f8 000f0313
[D] 010001f8 13 06 1e 00 0 00 00000000 00
[R] 1e 00 ffffffff 00000000
[E] 010001f8 ffffffff 0
[M] 010001f8 ffffffff 0 0 00000000
[W] 010001f8 1 06 ffffffff
[F] 010001fc 00120213
[D] 010001fc 13 04 04 01 0 00 00000001 01
[R] 04 01 00000000 80000001
[E] 010001fc 00000001 0
[M] 010001fc 00000001 0 0 80000001
[W] 010001fc 1 04 00000001
[F] 01000200 00200293
[D] 01000200 13 05 00 02 0 00 00000002 02
[R] 00 02 00000000 01100000
[E] 01000200 00000002 0
[M] 01000200 00000002 0 0 01100000
[W] 01000200 1 05 00000002
[F] 01000204 fe5210e3
[D] 01000204 63 01 04 05 1 7f ffffffe0 05
[R] 04 05 00000001 00000002
[E] 01000204 010001e4 0
[M] 01000204 010001e4 0 1 00000002
[W] 01000204 0 01 010001e4
[F] 010001e4 800000b7
[D] 010001e4 37 01 00 00 0 40 80000000 00
[R] 00 00 00000000 00000000
[E] 010001e4 80000000 0
[M] 010001e4 80000000 0 0 00000000
[W] 010001e4 1 01 80000000
[F] 010001e8 00108093
[D] 010001e8 13 01 01 01 0 00 00000001 01
[R] 01 01 80000000 80000000
[E] 010001e8 80000001 0
[M] 010001e8 80000001 0 0 80000000
[W] 010001e8 1 01 80000001
[F] 010001ec 41f0df13
[D] 010001ec 13 1e 01 1f 5 20 0000001f 1f
[R] 01 1f 80000001 00000000
[E] 010001ec ffffffff 0
[M] 010001ec ffffffff 0 1 00000000
[W] 010001ec 1 1e ffffffff
[F] 010001f0 00000013
[D] 010001f0 13 00 00 00 0 00 00000000 00
[R] 00 00 00000000 00000000
[E] 010001f0 00000000 0
[M] 010001f0 00000000 0 0 00000000
[W] 010001f0 1 00 00000000
[F] 010001f4 00000013
[D] 010001f4 13 00 00 00 0 00 00000000 00
[R] 00 00 00000000 00000000
[E] 010001f4 00000000 0
[M] 010001f4 00000000 0 0 00000000
[W] 010001f4 1 00 00000000
[F] 010001f8 000f0313
[D] 010001f8 13 06 1e 00 0 00 00000000 00
[R] 1e 00 ffffffff 00000000
[E] 010001f8 ffffffff 0
[M] 010001f8 ffffffff 0 0 00000000
[W] 010001f8 1 06 ffffffff
[F] 010001fc 00120213
[D] 010001fc 13 04 04 01 0 00 00000001 01
[R] 04 01 00000001 80000001
[E] 010001fc 00000002 0
[M] 010001fc 00000002 0 0 80000001
[W] 010001fc 1 04 00000002
[F] 01000200 00200293
[D] 01000200 13 05 00 02 0 00 00000002 02
[R] 00 02 00000000 01100000
[E] 01000200 00000002 0
[M] 01000200 00000002 0 0 01100000
[W] 01000200 1 05 00000002
[F] 01000204 fe5210e3
[D] 01000204 63 01 04 05 1 7f ffffffe0 05
[R] 04 05 00000002 00000002
[E] 01000204 010001e4 0
[M] 01000204 010001e4 0 1 00000002
[W] 01000204 0 01 010001e4
[F] 01000208 fff00e93
[D] 01000208 13 1d 00 1f 0 7f ffffffff 1f
[R] 00 1f 00000000 00000000
[E] 01000208 ffffffff 0
[M] 01000208 ffffffff 0 0 00000000
[W] 01000208 1 1d ffffffff
[F] 0100020c 01400193
[D] 0100020c 13 03 00 14 0 00 00000014 14
[R] 00 14 00000000 00000000
[E] 0100020c 00000014 0
[M] 0100020c 00000014 0 0 00000000
[W] 0100020c 1 03 00000014
[F] 01000210 0bd31463
[D] 01000210 63 08 06 1d 1 05 000000a8 1d
[R] 06 1d ffffffff ffffffff
[E] 01000210 010002b8 0
[M] 01000210 010002b8 0 1 ffffffff
[W] 01000210 0 08 010002b8
[F] 01000214 00000213
[D] 01000214 13 04 00 00 0 00 00000000 00
[R] 00 00 00000000 00000000
[E] 01000214 00000000 0
[M] 01000214 00000000 0 0 00000000
[W] 01000214 1 04 00000000
[F] 01000218 800000b7
[D] 01000218 37 01 00 00 0 40 80000000 00
[R] 00 00 00000000 00000000
[E] 01000218 80000000 0
[M] 01000218 80000000 0 0 00000000
[W] 01000218 1 01 80000000
[F] 0100021c 4070df13
[D] 0100021c 13 1e 01 07 5 20 00000007 07
[R] 01 07 80000000 00000000
[E] 0100021c ff000000 0
[M] 0100021c ff000000 0 1 00000000
[W] 0100021c 1 1e ff000000
[F] 01000220 00120213
[D] 01000220 13 04 04 01 0 00 00000001 01
[R] 04 01 00000000 80000000
[E] 01000220 00000001 0
[M] 01000220 00000001 0 0 80000000
[W] 01000220 1 04 00000001
[F] 01000224 00200293
[D] 01000224 13 05 00 02 0 00 00000002 02
[R] 00 02 00000000 01100000
[E] 01000224 00000002 0
[M] 01000224 00000002 0 0 01100000
[W] 01000224 1 05 00000002
[F] 01000228 fe5218e3
[D] 01000228 63 11 04 05 1 7f fffffff0 05
[R] 04 05 00000001 00000002
[E] 01000228 01000218 0
[M] 01000228 01000218 0 1 00000002
[W] 01000228 0 11 01000218
[F] 01000218 800000b7
[D] 01000218 37 01 00 00 0 40 80000000 00
[R] 00 00 00000000 00000000
[E] 01000218 80000000 0
[M] 01000218 80000000 0 0 00000000
[W] 01000218 1 01 80000000
[F] 0100021c 4070df13
[D] 0100021c 13 1e 01 07 5 20 00000007 07
[R] 01 07 80000000 00000000
[E] 0100021c ff000000 0
[M] 0100021c ff000000 0 1 00000000
[W] 0100021c 1 1e ff000000
[F] 01000220 00120213
[D] 01000220 13 04 04 01 0 00 00000001 01
[R] 04 01 00000001 80000000
[E] 01000220 00000002 0
[M] 01000220 00000002 0 0 80000000
[W] 01000220 1 04 00000002
[F] 01000224 00200293
[D] 01000224 13 05 00 02 0 00 00000002 02
[R] 00 02 00000000 01100000
[E] 01000224 00000002 0
[M] 01000224 00000002 0 0 01100000
[W] 01000224 1 05 00000002
[F] 01000228 fe5218e3
[D] 01000228 63 11 04 05 1 7f fffffff0 05
[R] 04 05 00000002 00000002
[E] 01000228 01000218 0
[M] 01000228 01000218 0 1 00000002
[W] 01000228 0 11 01000218
[F] 0100022c ff000eb7
[D] 0100022c 37 1d 00 10 0 7f ff000000 10
[R] 00 10 00000000 00000000
[E] 0100022c ff000000 0
[M] 0100022c ff000000 0 0 00000000
[W] 0100022c 1 1d ff000000
[F] 01000230 01500193
[D] 01000230 13 03 00 15 0 00 00000015 15
[R] 00 15 00000000 00000000
[E] 01000230 00000015 0
[M] 01000230 00000015 0 0 00000000
[W] 01000230 1 03 00000015
[F] 01000234 09df1263
[D] 01000234 63 04 1e 1d 1 04 00000084 1d
[R] 1e 1d ff000000 ff000000
[E] 01000234 010002b8 0
[M] 01000234 010002b8 0 1 ff000000
[W] 01000234 0 04 010002b8
[F] 01000238 00000213
[D] 01000238 13 04 00 00 0 00 00000000 00
[R] 00 00 00000000 00000000
[E] 01000238 00000000 0
[M] 01000238 00000000 0 0 00000000
[W] 01000238 1 04 00000000
[F] 0100023c 800000b7
[D] 0100023c 37 01 00 00 0 40 80000000 00
[R] 00 00 00000000 00000000
[E] 0100023c 80000000 0
[M] 0100023c 80000000 0 0 00000000
[W] 0100023c 1 01 80000000
[F] 01000240 00000013
[D] 01000240 13 00 00 00 0 00 00000000 00
[R] 00 00 00000000 00000000
[E] 01000240 00000000 0
[M] 01000240 00000000 0 0 00000000
[W] 01000240 1 00 00000000
[F] 01000244 40e0df13
[D] 01000244 13 1e 01 0e 5 20 0000000e 0e
[R] 01 0e 80000000 00000000
[E] 01000244 fffe0000 0
[M] 01000244 fffe0000 0 1 00000000
[W] 01000244 1 1e fffe0000
[F] 01000248 00120213
[D] 01000248 13 04 04 01 0 00 00000001 01
[R] 04 01 00000000 80000000
[E] 01000248 00000001 0
[M] 01000248 00000001 0 0 80000000
[W] 01000248 1 04 00000001
[F] 0100024c 00200293
[D] 0100024c 13 05 00 02 0 00 00000002 02
[R] 00 02 00000000 01100000
[E] 0100024c 00000002 0
[M] 0100024c 00000002 0 0 01100000
[W] 0100024c 1 05 00000002
[F] 01000250 fe5216e3
[D] 01000250 63 0d 04 05 1 7f ffffffec 05
[R] 04 05 00000001 00000002
[E] 01000250 0100023c 0
[M] 01000250 0100023c 0 1 00000002
[W] 01000250 0 0d 0100023c
[F] 0100023c 800000b7
[D] 0100023c 37 01 00 00 0 40 80000000 00
[R] 00 00 00000000 00000000
[E] 0100023c 80000000 0
[M] 0100023c 80000000 0 0 00000000
[W] 0100023c 1 01 80000000
[F] 01000240 00000013
[D] 01000240 13 00 00 00 0 00 00000000 00
[R] 00 00 00000000 00000000
[E] 01000240 00000000 0
[M] 01000240 00000000 0 0 00000000
[W] 01000240 1 00 00000000
[F] 01000244 40e0df13
[D] 01000244 13 1e 01 0e 5 20 0000000e 0e
[R] 01 0e 80000000 00000000
[E] 01000244 fffe0000 0
[M] 01000244 fffe0000 0 1 00000000
[W] 01000244 1 1e fffe0000
[F] 01000248 00120213
[D] 01000248 13 04 04 01 0 00 00000001 01
[R] 04 01 00000001 80000000
[E] 01000248 00000002 0
[M] 01000248 00000002 0 0 80000000
[W] 01000248 1 04 00000002
[F] 0100024c 00200293
[D] 0100024c 13 05 00 02 0 00 00000002 02
[R] 00 02 00000000 01100000
[E] 0100024c 00000002 0
[M] 0100024c 00000002 0 0 01100000
[W] 0100024c 1 05 00000002
[F] 01000250 fe5216e3
[D] 01000250 63 0d 04 05 1 7f ffffffec 05
[R] 04 05 00000002 00000002
[E] 01000250 0100023c 0
[M] 01000250 0100023c 0 1 00000002
[W] 01000250 0 0d 0100023c
[F] 01000254 fffe0eb7
[D] 01000254 37 1d 00 1f 0 7f fffe0000 1f
[R] 00 1f 00000000 00000000
[E] 01000254 fffe0000 0
[M] 01000254 fffe0000 0 0 00000000
[W] 01000254 1 1d fffe0000
[F] 01000258 01600193
[D] 01000258 13 03 00 16 0 00 00000016 16
[R] 00 16 00000000 00000000
[E] 01000258 00000016 0
[M] 01000258 00000016 0 0 00000000
[W] 01000258 1 03 00000016
[F] 0100025c 05df1e63
[D] 0100025c 63 1c 1e 1d 1 02 0000005c 1d
[R] 1e 1d fffe0000 fffe0000
[E] 0100025c 010002b8 0
[M] 0100025c 010002b8 0 1 fffe0000
[W] 0100025c 0 1c 010002b8
[F] 01000260 00000213
[D] 01000260 13 04 00 00 0 00 00000000 00
[R] 00 00 00000000 00000000
[E] 01000260 00000000 0
[M] 01000260 00000000 0 0 00000000
[W] 01000260 1 04 00000000
[F] 01000264 800000b7
[D] 01000264 37 01 00 00 0 40 80000000 00
[R] 00 00 00000000 00000000
[E] 01000264 80000000 0
[M] 01000264 80000000 0 0 00000000
[W] 01000264 1 01 80000000
[F] 01000268 00108093
[D] 01000268 13 01 01 01 0 00 00000001 01
[R] 01 01 80000000 80000000
[E] 01000268 80000001 0
[M] 01000268 80000001 0 0 80000000
[W] 01000268 1 01 80000001
[F] 0100026c 00000013
[D] 0100026c 13 00 00 00 0 00 00000000 00
[R] 00 00 00000000 00000000
[E] 0100026c 00000000 0
[M] 0100026c 00000000 0 0 00000000
[W] 0100026c 1 00 00000000
[F] 01000270 00000013
[D] 01000270 13 00 00 00 0 00 00000000 00
[R] 00 00 00000000 00000000
[E] 01000270 00000000 0
[M] 01000270 00000000 0 0 00000000
[W] 01000270 1 00 00000000
[F] 01000274 41f0df13
[D] 01000274 13 1e 01 1f 5 20 0000001f 1f
[R] 01 1f 80000001 00000000
[E] 01000274 ffffffff 0
[M] 01000274 ffffffff 0 1 00000000
[W] 01000274 1 1e ffffffff
[F] 01000278 00120213
[D] 01000278 13 04 04 01 0 00 00000001 01
[R] 04 01 00000000 80000001
[E] 01000278 00000001 0
[M] 01000278 00000001 0 0 80000001
[W] 01000278 1 04 00000001
[F] 0100027c 00200293
[D] 0100027c 13 05 00 02 0 00 00000002 02
[R] 00 02 00000000 01100000
[E] 0100027c 00000002 0
[M] 0100027c 00000002 0 0 01100000
[W] 0100027c 1 05 00000002
[F] 01000280 fe5212e3
[D] 01000280 63 05 04 05 1 7f ffffffe4 05
[R] 04 05 00000001 00000002
[E] 01000280 01000264 0
[M] 01000280 01000264 0 1 00000002
[W] 01000280 0 05 01000264
[F] 01000264 800000b7
[D] 01000264 37 01 00 00 0 40 80000000 00
[R] 00 00 00000000 00000000
[E] 01000264 80000000 0
[M] 01000264 80000000 0 0 00000000
[W] 01000264 1 01 80000000
[F] 01000268 00108093
[D] 01000268 13 01 01 01 0 00 00000001 01
[R] 01 01 80000000 80000000
[E] 01000268 80000001 0
[M] 01000268 80000001 0 0 80000000
[W] 01000268 1 01 80000001
[F] 0100026c 00000013
[D] 0100026c 13 00 00 00 0 00 00000000 00
[R] 00 00 00000000 00000000
[E] 0100026c 00000000 0
[M] 0100026c 00000000 0 0 00000000
[W] 0100026c 1 00 00000000
[F] 01000270 00000013
[D] 01000270 13 00 00 00 0 00 00000000 00
[R] 00 00 00000000 00000000
[E] 01000270 00000000 0
[M] 01000270 00000000 0 0 00000000
[W] 01000270 1 00 00000000
[F] 01000274 41f0df13
[D] 01000274 13 1e 01 1f 5 20 0000001f 1f
[R] 01 1f 80000001 00000000
[E] 01000274 ffffffff 0
[M] 01000274 ffffffff 0 1 00000000
[W] 01000274 1 1e ffffffff
[F] 01000278 00120213
[D] 01000278 13 04 04 01 0 00 00000001 01
[R] 04 01 00000001 80000001
[E] 01000278 00000002 0
[M] 01000278 00000002 0 0 80000001
[W] 01000278 1 04 00000002
[F] 0100027c 00200293
[D] 0100027c 13 05 00 02 0 00 00000002 02
[R] 00 02 00000000 01100000
[E] 0100027c 00000002 0
[M] 0100027c 00000002 0 0 01100000
[W] 0100027c 1 05 00000002
[F] 01000280 fe5212e3
[D] 01000280 63 05 04 05 1 7f ffffffe4 05
[R] 04 05 00000002 00000002
[E] 01000280 01000264 0
[M] 01000280 01000264 0 1 00000002
[W] 01000280 0 05 01000264
[F] 01000284 fff00e93
[D] 01000284 13 1d 00 1f 0 7f ffffffff 1f
[R] 00 1f 00000000 00000000
[E] 01000284 ffffffff 0
[M] 01000284 ffffffff 0 0 00000000
[W] 01000284 1 1d ffffffff
[F] 01000288 01700193
[D] 01000288 13 03 00 17 0 00 00000017 17
[R] 00 17 00000000 00000000
[E] 01000288 00000017 0
[M] 01000288 00000017 0 0 00000000
[W] 01000288 1 03 00000017
[F] 0100028c 03df1663
[D] 0100028c 63 0c 1e 1d 1 01 0000002c 1d
[R] 1e 1d ffffffff ffffffff
[E] 0100028c 010002b8 0
[M] 0100028c 010002b8 0 1 ffffffff
[W] 0100028c 0 0c 010002b8
[F] 01000290 40405093
[D] 01000290 13 01 00 04 5 20 00000004 04
[R] 00 04 00000000 00000002
[E] 01000290 00000000 0
[M] 01000290 00000000 0 1 00000002
[W] 01000290 1 01 00000000
[F] 01000294 00000e93
[D] 01000294 13 1d 00 00 0 00 00000000 00
[R] 00 00 00000000 00000000
[E] 01000294 00000000 0
[M] 01000294 00000000 0 0 00000000
[W] 01000294 1 1d 00000000
[F] 01000298 01800193
[D] 01000298 13 03 00 18 0 00 00000018 18
[R] 00 18 00000000 00000000
[E] 01000298 00000018 0
[M] 01000298 00000018 0 0 00000000
[W] 01000298 1 03 00000018
[F] 0100029c 01d09e63
[D] 0100029c 63 1c 01 1d 1 00 0000001c 1d
[R] 01 1d 00000000 00000000
[E] 0100029c 010002b8 0
[M] 0100029c 010002b8 0 1 00000000
[W] 0100029c 0 1c 010002b8
[F] 010002a0 02100093
[D] 010002a0 13 01 00 01 0 01 00000021 01
[R] 00 01 00000000 00000000
[E] 010002a0 00000021 0
[M] 010002a0 00000021 0 0 00000000
[W] 010002a0 1 01 00000021
[F] 010002a4 40a0d013
[D] 010002a4 13 00 01 0a 5 20 0000000a 0a
[R] 01 0a 00000021 00000000
[E] 010002a4 00000000 0
[M] 010002a4 00000000 0 1 00000000
[W] 010002a4 1 00 00000000
[F] 010002a8 00000e93
[D] 010002a8 13 1d 00 00 0 00 00000000 00
[R] 00 00 00000000 00000000
[E] 010002a8 00000000 0
[M] 010002a8 00000000 0 0 00000000
[W] 010002a8 1 1d 00000000
[F] 010002ac 01900193
[D] 010002ac 13 03 00 19 0 00 00000019 19
[R] 00 19 00000000 00000000
[E] 010002ac 00000019 0
[M] 010002ac 00000019 0 0 00000000
[W] 010002ac 1 03 00000019
[F] 010002b0 01d01463
[D] 010002b0 63 08 00 1d 1 00 00000008 1d
[R] 00 1d 00000000 00000000
[E] 010002b0 010002b8 0
[M] 010002b0 010002b8 0 1 00000000
[W] 010002b0 0 08 010002b8
[F] 010002b4 00301c63
[D] 010002b4 63 18 00 03 1 00 00000018 03
[R] 00 03 00000000 00000019
[E] 010002b4 010002cc 0
[M] 010002b4 010002cc 0 1 00000019
[W] 010002b4 0 18 010002cc
[F] 010002cc 0ff0000f
[D] 010002cc 0f 00 00 1f 0 07 00000000 1f
[R] 00 1f 00000000 00000000
[E] 010002cc 00000000 0
[M] 010002cc 00000000 0 0 00000000
[W] 010002cc 1 00 00000000
[F] 010002d0 00100193
[D] 010002d0 13 03 00 01 0 00 00000001 01
[R] 00 01 00000000 00000021
[E] 010002d0 00000001 0
[M] 010002d0 00000001 0 0 00000021
[W] 010002d0 1 03 00000001
[F] 010002d4 00000073
[D] 010002d4 73 00 00 00 0 00 00000000 00
[R] 00 00 00000000 00000000
[E] 010002d4 00000000 0
[M] 010002d4 00000000 0 0 00000000
[W] 010002d4 0 00 00000000
