[F] 01000000 00000097
[D] 01000000 17 01 00 00 0 00 00000000 00
[R] 00 00 00000000 00000000
[E] 01000000 01000000 0
[M] 01000000 01000000 0 0 00000000
[W] 01000000 1 01 01000000
[F] 01000004 4c408093
[D] 01000004 13 01 01 04 0 26 000004c4 04
[R] 01 04 01000000 00000000
[E] 01000004 010004c4 0
[M] 01000004 010004c4 0 0 00000000
[W] 01000004 1 01 010004c4
[F] 01000008 0aa00113
[D] 01000008 13 02 00 0a 0 05 000000aa 0a
[R] 00 0a 00000000 00000000
[E] 01000008 000000aa 0
[M] 01000008 000000aa 0 0 00000000
[W] 01000008 1 02 000000aa
[F] 0100000c 00209023
[D] 0100000c 23 00 01 02 1 00 00000000 02
[R] 01 02 010004c4 000000aa
[E] 0100000c 010004c4 0
[M] 0100000c 010004c4 1 1 000000aa
[W] 0100000c 0 00 010004c4
[F] 01000010 00009f03
[D] 01000010 03 1e 01 00 1 00 00000000 00
[R] 01 00 010004c4 00000000
[E] 01000010 010004c4 0
[M] 01000010 010004c4 0 1 00000000
[W] 01000010 1 1e 000000aa
[F] 01000014 0aa00e93
[D] 01000014 13 1d 00 0a 0 05 000000aa 0a
[R] 00 0a 00000000 00000000
[E] 01000014 000000aa 0
[M] 01000014 000000aa 0 0 00000000
[W] 01000014 1 1d 000000aa
[F] 01000018 00200193
[D] 01000018 13 03 00 02 0 00 00000002 02
[R] 00 02 00000000 000000aa
[E] 01000018 00000002 0
[M] 01000018 00000002 0 0 000000aa
[W] 01000018 1 03 00000002
[F] 0100001c 45df1e63
[D] 0100001c 63 1c 1e 1d 1 22 0000045c 1d
[R] 1e 1d 000000aa 000000aa
[E] 0100001c 01000478 0
[M] 0100001c 01000478 0 1 000000aa
[W] 0100001c 0 1c 01000478
[F] 01000020 00000097
[D] 01000020 17 01 00 00 0 00 00000000 00
[R] 00 00 00000000 00000000
[E] 01000020 01000020 0
[M] 01000020 01000020 0 0 00000000
[W] 01000020 1 01 01000020
[F] 01000024 4a408093
[D] 01000024 13 01 01 04 0 25 000004a4 04
[R] 01 04 01000020 00000000
[E] 01000024 010004c4 0
[M] 01000024 010004c4 0 0 00000000
[W] 01000024 1 01 010004c4
[F] 01000028 ffffb137
[D] 01000028 37 02 00 1f 3 7f ffffb000 1f
[R] 00 1f 00000000 00000000
[E] 01000028 ffffb000 0
[M] 01000028 ffffb000 0 3 00000000
[W] 01000028 1 02 ffffb000
[F] 0100002c a0010113
[D] 0100002c 13 02 02 00 0 50 fffffa00 00
[R] 02 00 ffffb000 00000000
[E] 0100002c ffffaa00 0
[M] 0100002c ffffaa00 0 0 00000000
[W] 0100002c 1 02 ffffaa00
[F] 01000030 00209123
[D] 01000030 23 02 01 02 1 00 00000002 02
[R] 01 02 010004c4 ffffaa00
[E] 01000030 010004c6 0
[M] 01000030 010004c6 1 1 ffffaa00
[W] 01000030 0 02 010004c6
[F] 01000034 00209f03
[D] 01000034 03 1e 01 02 1 00 00000002 02
[R] 01 02 010004c4 ffffaa00
[E] 01000034 010004c6 0
[M] 01000034 010004c6 0 1 ffffaa00
[W] 01000034 1 1e ffffaa00
[F] 01000038 ffffbeb7
[D] 01000038 37 1d 00 1f 3 7f ffffb000 1f
[R] 00 1f 00000000 00000000
[E] 01000038 ffffb000 0
[M] 01000038 ffffb000 0 3 00000000
[W] 01000038 1 1d ffffb000
[F] 0100003c a00e8e93
[D] 0100003c 13 1d 1d 00 0 50 fffffa00 00
[R] 1d 00 ffffb000 00000000
[E] 0100003c ffffaa00 0
[M] 0100003c ffffaa00 0 0 00000000
[W] 0100003c 1 1d ffffaa00
[F] 01000040 00300193
[D] 01000040 13 03 00 03 0 00 00000003 03
[R] 00 03 00000000 00000002
[E] 01000040 00000003 0
[M] 01000040 00000003 0 0 00000002
[W] 01000040 1 03 00000003
[F] 01000044 43df1a63
[D] 01000044 63 14 1e 1d 1 21 00000434 1d
[R] 1e 1d ffffaa00 ffffaa00
[E] 01000044 01000478 0
[M] 01000044 01000478 0 1 ffffaa00
[W] 01000044 0 14 01000478
[F] 01000048 00000097
[D] 01000048 17 01 00 00 0 00 00000000 00
[R] 00 00 00000000 00000000
[E] 01000048 01000048 0
[M] 01000048 01000048 0 0 00000000
[W] 01000048 1 01 01000048
[F] 0100004c 47c08093
[D] 0100004c 13 01 01 1c 0 23 0000047c 1c
[R] 01 1c 01000048 00000000
[E] 0100004c 010004c4 0
[M] 0100004c 010004c4 0 0 00000000
[W] 0100004c 1 01 010004c4
[F] 01000050 beef1137
[D] 01000050 37 02 00 0e 1 5f beef1000 0e
[R] 00 0e 00000000 00000000
[E] 01000050 beef1000 0
[M] 01000050 beef1000 0 1 00000000
[W] 01000050 1 02 beef1000
[F] 01000054 aa010113
[D] 01000054 13 02 02 00 0 55 fffffaa0 00
[R] 02 00 beef1000 00000000
[E] 01000054 beef0aa0 0
[M] 01000054 beef0aa0 0 0 00000000
[W] 01000054 1 02 beef0aa0
[F] 01000058 00209223
[D] 01000058 23 04 01 02 1 00 00000004 02
[R] 01 02 010004c4 beef0aa0
[E] 01000058 010004c8 0
[M] 01000058 010004c8 1 1 beef0aa0
[W] 01000058 0 04 010004c8
[F] 0100005c 0040af03
[D] 0100005c 03 1e 01 04 2 00 00000004 04
[R] 01 04 010004c4 00000000
[E] 0100005c 010004c8 0
[M] 0100005c 010004c8 0 2 00000000
[W] 0100005c 1 1e beef0aa0
[F] 01000060 beef1eb7
[D] 01000060 37 1d 00 0e 1 5f beef1000 0e
[R] 00 0e 00000000 00000000
[E] 01000060 beef1000 0
[M] 01000060 beef1000 0 1 00000000
[W] 01000060 1 1d beef1000
[F] 01000064 aa0e8e93
[D] 01000064 13 1d 1d 00 0 55 fffffaa0 00
[R] 1d 00 beef1000 00000000
[E] 01000064 beef0aa0 0
[M] 01000064 beef0aa0 0 0 00000000
[W] 01000064 1 1d beef0aa0
[F] 01000068 00400193
[D] 01000068 13 03 00 04 0 00 00000004 04
[R] 00 04 00000000 00000000
[E] 01000068 00000004 0
[M] 01000068 00000004 0 0 00000000
[W] 01000068 1 03 00000004
[F] 0100006c 41df1663
[D] 0100006c 63 0c 1e 1d 1 20 0000040c 1d
[R] 1e 1d beef0aa0 beef0aa0
[E] 0100006c 01000478 0
[M] 0100006c 01000478 0 1 beef0aa0
[W] 0100006c 0 0c 01000478
[F] 01000070 00000097
[D] 01000070 17 01 00 00 0 00 00000000 00
[R] 00 00 00000000 00000000
[E] 01000070 01000070 0
[M] 01000070 01000070 0 0 00000000
[W] 01000070 1 01 01000070
[F] 01000074 45408093
[D] 01000074 13 01 01 14 0 22 00000454 14
[R] 01 14 01000070 00000000
[E] 01000074 010004c4 0
[M] 01000074 010004c4 0 0 00000000
[W] 01000074 1 01 010004c4
[F] 01000078 ffffa137
[D] 01000078 37 02 00 1f 2 7f ffffa000 1f
[R] 00 1f 00000000 00000000
[E] 01000078 ffffa000 0
[M] 01000078 ffffa000 0 2 00000000
[W] 01000078 1 02 ffffa000
[F] 0100007c 00a10113
[D] 0100007c 13 02 02 0a 0 00 0000000a 0a
[R] 02 0a ffffa000 00000000
[E] 0100007c ffffa00a 0
[M] 0100007c ffffa00a 0 0 00000000
[W] 0100007c 1 02 ffffa00a
[F] 01000080 00209323
[D] 01000080 23 06 01 02 1 00 00000006 02
[R] 01 02 010004c4 ffffa00a
[E] 01000080 010004ca 0
[M] 01000080 010004ca 1 1 ffffa00a
[W] 01000080 0 06 010004ca
[F] 01000084 00609f03
[D] 01000084 03 1e 01 06 1 00 00000006 06
[R] 01 06 010004c4 00000000
[E] 01000084 010004ca 0
[M] 01000084 010004ca 0 1 00000000
[W] 01000084 1 1e ffffa00a
[F] 01000088 ffffaeb7
[D] 01000088 37 1d 00 1f 2 7f ffffa000 1f
[R] 00 1f 00000000 00000000
[E] 01000088 ffffa000 0
[M] 01000088 ffffa000 0 2 00000000
[W] 01000088 1 1d ffffa000
[F] 0100008c 00ae8e93
[D] 0100008c 13 1d 1d 0a 0 00 0000000a 0a
[R] 1d 0a ffffa000 00000000
[E] 0100008c ffffa00a 0
[M] 0100008c ffffa00a 0 0 00000000
[W] 0100008c 1 1d ffffa00a
[F] 01000090 00500193
[D] 01000090 13 03 00 05 0 00 00000005 05
[R] 00 05 00000000 00000000
[E] 01000090 00000005 0
[M] 01000090 00000005 0 0 00000000
[W] 01000090 1 03 00000005
[F] 01000094 3fdf1263
[D] 01000094 63 04 1e 1d 1 1f 000003e4 1d
[R] 1e 1d ffffa00a ffffa00a
[E] 01000094 01000478 0
[M] 01000094 01000478 0 1 ffffa00a
[W] 01000094 0 04 01000478
[F] 01000098 00000097
[D] 01000098 17 01 00 00 0 00 00000000 00
[R] 00 00 00000000 00000000
[E] 01000098 01000098 0
[M] 01000098 01000098 0 0 00000000
[W] 01000098 1 01 01000098
[F] 0100009c 43a08093
[D] 0100009c 13 01 01 1a 0 21 0000043a 1a
[R] 01 1a 01000098 00000000
[E] 0100009c 010004d2 0
[M] 0100009c 010004d2 0 0 00000000
[W] 0100009c 1 01 010004d2
[F] 010000a0 0aa00113
[D] 010000a0 13 02 00 0a 0 05 000000aa 0a
[R] 00 0a 00000000 00000000
[E] 010000a0 000000aa 0
[M] 010000a0 000000aa 0 0 00000000
[W] 010000a0 1 02 000000aa
[F] 010000a4 fe209d23
[D] 010000a4 23 1a 01 02 1 7f fffffffa 02
[R] 01 02 010004d2 000000aa
[E] 010000a4 010004cc 0
[M] 010000a4 010004cc 1 1 000000aa
[W] 010000a4 0 1a 010004cc
[F] 010000a8 ffa09f03
[D] 010000a8 03 1e 01 1a 1 7f fffffffa 1a
[R] 01 1a 010004d2 00000000
[E] 010000a8 010004cc 0
[M] 010000a8 010004cc 0 1 00000000
[W] 010000a8 1 1e 000000aa
[F] 010000ac 0aa00e93
[D] 010000ac 13 1d 00 0a 0 05 000000aa 0a
[R] 00 0a 00000000 00000000
[E] 010000ac 000000aa 0
[M] 010000ac 000000aa 0 0 00000000
[W] 010000ac 1 1d 000000aa
[F] 010000b0 00600193
[D] 010000b0 13 03 00 06 0 00 00000006 06
[R] 00 06 00000000 00000000
[E] 010000b0 00000006 0
[M] 010000b0 00000006 0 0 00000000
[W] 010000b0 1 03 00000006
[F] 010000b4 3ddf1263
[D] 010000b4 63 04 1e 1d 1 1e 000003c4 1d
[R] 1e 1d 000000aa 000000aa
[E] 010000b4 01000478 0
[M] 010000b4 01000478 0 1 000000aa
[W] 010000b4 0 04 01000478
[F] 010000b8 00000097
[D] 010000b8 17 01 00 00 0 00 00000000 00
[R] 00 00 00000000 00000000
[E] 010000b8 010000b8 0
[M] 010000b8 010000b8 0 0 00000000
[W] 010000b8 1 01 010000b8
[F] 010000bc 41a08093
[D] 010000bc 13 01 01 1a 0 20 0000041a 1a
[R] 01 1a 010000b8 00000000
[E] 010000bc 010004d2 0
[M] 010000bc 010004d2 0 0 00000000
[W] 010000bc 1 01 010004d2
[F] 010000c0 ffffb137
[D] 010000c0 37 02 00 1f 3 7f ffffb000 1f
[R] 00 1f 00000000 00000000
[E] 010000c0 ffffb000 0
[M] 010000c0 ffffb000 0 3 00000000
[W] 010000c0 1 02 ffffb000
[F] 010000c4 a0010113
[D] 010000c4 13 02 02 00 0 50 fffffa00 00
[R] 02 00 ffffb000 00000000
[E] 010000c4 ffffaa00 0
[M] 010000c4 ffffaa00 0 0 00000000
[W] 010000c4 1 02 ffffaa00
[F] 010000c8 fe209e23
[D] 010000c8 23 1c 01 02 1 7f fffffffc 02
[R] 01 02 010004d2 ffffaa00
[E] 010000c8 010004ce 0
[M] 010000c8 010004ce 1 1 ffffaa00
[W] 010000c8 0 1c 010004ce
[F] 010000cc ffc09f03
[D] 010000cc 03 1e 01 1c 1 7f fffffffc 1c
[R] 01 1c 010004d2 00000000
[E] 010000cc 010004ce 0
[M] 010000cc 010004ce 0 1 00000000
[W] 010000cc 1 1e ffffaa00
[F] 010000d0 ffffbeb7
[D] 010000d0 37 1d 00 1f 3 7f ffffb000 1f
[R] 00 1f 00000000 00000000
[E] 010000d0 ffffb000 0
[M] 010000d0 ffffb000 0 3 00000000
[W] 010000d0 1 1d ffffb000
[F] 010000d4 a00e8e93
[D] 010000d4 13 1d 1d 00 0 50 fffffa00 00
[R] 1d 00 ffffb000 00000000
[E] 010000d4 ffffaa00 0
[M] 010000d4 ffffaa00 0 0 00000000
[W] 010000d4 1 1d ffffaa00
[F] 010000d8 00700193
[D] 010000d8 13 03 00 07 0 00 00000007 07
[R] 00 07 00000000 00000000
[E] 010000d8 00000007 0
[M] 010000d8 00000007 0 0 00000000
[W] 010000d8 1 03 00000007
[F] 010000dc 39df1e63
[D] 010000dc 63 1c 1e 1d 1 1c 0000039c 1d
[R] 1e 1d ffffaa00 ffffaa00
[E] 010000dc 01000478 0
[M] 010000dc 01000478 0 1 ffffaa00
[W] 010000dc 0 1c 01000478
[F] 010000e0 00000097
[D] 010000e0 17 01 00 00 0 00 00000000 00
[R] 00 00 00000000 00000000
[E] 010000e0 010000e0 0
[M] 010000e0 010000e0 0 0 00000000
[W] 010000e0 1 01 010000e0
[F] 010000e4 3f208093
[D] 010000e4 13 01 01 12 0 1f 000003f2 12
[R] 01 12 010000e0 00000000
[E] 010000e4 010004d2 0
[M] 010000e4 010004d2 0 0 00000000
[W] 010000e4 1 01 010004d2
[F] 010000e8 00001137
[D] 010000e8 37 02 00 00 1 00 00001000 00
[R] 00 00 00000000 00000000
[E] 010000e8 00001000 0
[M] 010000e8 00001000 0 1 00000000
[W] 010000e8 1 02 00001000
[F] 010000ec aa010113
[D] 010000ec 13 02 02 00 0 55 fffffaa0 00
[R] 02 00 00001000 00000000
[E] 010000ec 00000aa0 0
[M] 010000ec 00000aa0 0 0 00000000
[W] 010000ec 1 02 00000aa0
[F] 010000f0 fe209f23
[D] 010000f0 23 1e 01 02 1 7f fffffffe 02
[R] 01 02 010004d2 00000aa0
[E] 010000f0 010004d0 0
[M] 010000f0 010004d0 1 1 00000aa0
[W] 010000f0 0 1e 010004d0
[F] 010000f4 ffe09f03
[D] 010000f4 03 1e 01 1e 1 7f fffffffe 1e
[R] 01 1e 010004d2 ffffaa00
[E] 010000f4 010004d0 0
[M] 010000f4 010004d0 0 1 ffffaa00
[W] 010000f4 1 1e 00000aa0
[F] 010000f8 00001eb7
[D] 010000f8 37 1d 00 00 1 00 00001000 00
[R] 00 00 00000000 00000000
[E] 010000f8 00001000 0
[M] 010000f8 00001000 0 1 00000000
[W] 010000f8 1 1d 00001000
[F] 010000fc aa0e8e93
[D] 010000fc 13 1d 1d 00 0 55 fffffaa0 00
[R] 1d 00 00001000 00000000
[E] 010000fc 00000aa0 0
[M] 010000fc 00000aa0 0 0 00000000
[W] 010000fc 1 1d 00000aa0
[F] 01000100 00800193
[D] 01000100 13 03 00 08 0 00 00000008 08
[R] 00 08 00000000 00000000
[E] 01000100 00000008 0
[M] 01000100 00000008 0 0 00000000
[W] 01000100 1 03 00000008
[F] 01000104 37df1a63
[D] 01000104 63 14 1e 1d 1 1b 00000374 1d
[R] 1e 1d 00000aa0 00000aa0
[E] 01000104 01000478 0
[M] 01000104 01000478 0 1 00000aa0
[W] 01000104 0 14 01000478
[F] 01000108 00000097
[D] 01000108 17 01 00 00 0 00 00000000 00
[R] 00 00 00000000 00000000
[E] 01000108 01000108 0
[M] 01000108 01000108 0 0 00000000
[W] 01000108 1 01 01000108
[F] 0100010c 3ca08093
[D] 0100010c 13 01 01 0a 0 1e 000003ca 0a
[R] 01 0a 01000108 00000000
[E] 0100010c 010004d2 0
[M] 0100010c 010004d2 0 0 00000000
[W] 0100010c 1 01 010004d2
[F] 01000110 ffffa137
[D] 01000110 37 02 00 1f 2 7f ffffa000 1f
[R] 00 1f 00000000 00000000
[E] 01000110 ffffa000 0
[M] 01000110 ffffa000 0 2 00000000
[W] 01000110 1 02 ffffa000
[F] 01000114 00a10113
[D] 01000114 13 02 02 0a 0 00 0000000a 0a
[R] 02 0a ffffa000 00000000
[E] 01000114 ffffa00a 0
[M] 01000114 ffffa00a 0 0 00000000
[W] 01000114 1 02 ffffa00a
[F] 01000118 00209023
[D] 01000118 23 00 01 02 1 00 00000000 02
[R] 01 02 010004d2 ffffa00a
[E] 01000118 010004d2 0
[M] 01000118 010004d2 1 1 ffffa00a
[W] 01000118 0 00 010004d2
[F] 0100011c 00009f03
[D] 0100011c 03 1e 01 00 1 00 00000000 00
[R] 01 00 010004d2 00000000
[E] 0100011c 010004d2 0
[M] 0100011c 010004d2 0 1 00000000
[W] 0100011c 1 1e ffffa00a
[F] 01000120 ffffaeb7
[D] 01000120 37 1d 00 1f 2 7f ffffa000 1f
[R] 00 1f 00000000 00000000
[E] 01000120 ffffa000 0
[M] 01000120 ffffa000 0 2 00000000
[W] 01000120 1 1d ffffa000
[F] 01000124 00ae8e93
[D] 01000124 13 1d 1d 0a 0 00 0000000a 0a
[R] 1d 0a ffffa000 00000000
[E] 01000124 ffffa00a 0
[M] 01000124 ffffa00a 0 0 00000000
[W] 01000124 1 1d ffffa00a
[F] 01000128 00900193
[D] 01000128 13 03 00 09 0 00 00000009 09
[R] 00 09 00000000 00000000
[E] 01000128 00000009 0
[M] 01000128 00000009 0 0 00000000
[W] 01000128 1 03 00000009
[F] 0100012c 35df1663
[D] 0100012c 63 0c 1e 1d 1 1a 0000034c 1d
[R] 1e 1d ffffa00a ffffa00a
[E] 0100012c 01000478 0
[M] 0100012c 01000478 0 1 ffffa00a
[W] 0100012c 0 0c 01000478
[F] 01000130 00000097
[D] 01000130 17 01 00 00 0 00 00000000 00
[R] 00 00 00000000 00000000
[E] 01000130 01000130 0
[M] 01000130 01000130 0 0 00000000
[W] 01000130 1 01 01000130
[F] 01000134 3a408093
[D] 01000134 13 01 01 04 0 1d 000003a4 04
[R] 01 04 01000130 00000000
[E] 01000134 010004d4 0
[M] 01000134 010004d4 0 0 00000000
[W] 01000134 1 01 010004d4
[F] 01000138 12345137
[D] 01000138 37 02 00 03 5 09 12345000 03
[R] 00 03 00000000 00000009
[E] 01000138 12345000 0
[M] 01000138 12345000 0 1 00000009
[W] 01000138 1 02 12345000
[F] 0100013c 67810113
[D] 0100013c 13 02 02 18 0 33 00000678 18
[R] 02 18 12345000 00000000
[E] 0100013c 12345678 0
[M] 0100013c 12345678 0 0 00000000
[W] 0100013c 1 02 12345678
[F] 01000140 fe008213
[D] 01000140 13 04 01 00 0 7f ffffffe0 00
[R] 01 00 010004d4 00000000
[E] 01000140 010004b4 0
[M] 01000140 010004b4 0 0 00000000
[W] 01000140 1 04 010004b4
[F] 01000144 02221023
[D] 01000144 23 00 04 02 1 01 00000020 02
[R] 04 02 010004b4 12345678
[E] 01000144 010004d4 0
[M] 01000144 010004d4 1 1 12345678
[W] 01000144 0 00 010004d4
[F] 01000148 00009283
[D] 01000148 03 05 01 00 1 00 00000000 00
[R] 01 00 010004d4 00000000
[E] 01000148 010004d4 0
[M] 01000148 010004d4 0 1 00000000
[W] 01000148 1 05 00005678
[F] 0100014c 00005eb7
[D] 0100014c 37 1d 00 00 5 00 00005000 00
[R] 00 00 00000000 00000000
[E] 0100014c 00005000 0
[M] 0100014c 00005000 0 1 00000000
[W] 0100014c 1 1d 00005000
[F] 01000150 678e8e93
[D] 01000150 13 1d 1d 18 0 33 00000678 18
[R] 1d 18 00005000 00000000
[E] 01000150 00005678 0
[M] 01000150 00005678 0 0 00000000
[W] 01000150 1 1d 00005678
[F] 01000154 00a00193
[D] 01000154 13 03 00 0a 0 00 0000000a 0a
[R] 00 0a 00000000 00000000
[E] 01000154 0000000a 0
[M] 01000154 0000000a 0 0 00000000
[W] 01000154 1 03 0000000a
[F] 01000158 33d29063
[D] 01000158 63 00 05 1d 1 19 00000320 1d
[R] 05 1d 00005678 00005678
[E] 01000158 01000478 0
[M] 01000158 01000478 0 1 00005678
[W] 01000158 0 00 01000478
[F] 0100015c 00000097
[D] 0100015c 17 01 00 00 0 00 00000000 00
[R] 00 00 00000000 00000000
[E] 0100015c 0100015c 0
[M] 0100015c 0100015c 0 0 00000000
[W] 0100015c 1 01 0100015c
[F] 01000160 37808093
[D] 01000160 13 01 01 18 0 1b 00000378 18
[R] 01 18 0100015c 00000000
[E] 01000160 010004d4 0
[M] 01000160 010004d4 0 0 00000000
[W] 01000160 1 01 010004d4
[F] 01000164 00003137
[D] 01000164 37 02 00 00 3 00 00003000 00
[R] 00 00 00000000 00000000
[E] 01000164 00003000 0
[M] 01000164 00003000 0 3 00000000
[W] 01000164 1 02 00003000
[F] 01000168 09810113
[D] 01000168 13 02 02 18 0 04 00000098 18
[R] 02 18 00003000 00000000
[E] 01000168 00003098 0
[M] 01000168 00003098 0 0 00000000
[W] 01000168 1 02 00003098
[F] 0100016c ffb08093
[D] 0100016c 13 01 01 1b 0 7f fffffffb 1b
[R] 01 1b 010004d4 00000000
[E] 0100016c 010004cf 0
[M] 0100016c 010004cf 0 0 00000000
[W] 0100016c 1 01 010004cf
[F] 01000170 002093a3
[D] 01000170 23 07 01 02 1 00 00000007 02
[R] 01 02 010004cf 00003098
[E] 01000170 010004d6 0
[M] 01000170 010004d6 1 1 00003098
[W] 01000170 0 07 010004d6
[F] 01000174 00000217
[D] 01000174 17 04 00 00 0 00 00000000 00
[R] 00 00 00000000 00000000
[E] 01000174 01000174 0
[M] 01000174 01000174 0 0 00000000
[W] 01000174 1 04 01000174
[F] 01000178 36220213
[D] 01000178 13 04 04 02 0 1b 00000362 02
[R] 04 02 01000174 00003098
[E] 01000178 010004d6 0
[M] 01000178 010004d6 0 0 00003098
[W] 01000178 1 04 010004d6
[F] 0100017c 00021283
[D] 0100017c 03 05 04 00 1 00 00000000 00
[R] 04 00 010004d6 00000000
[E] 0100017c 010004d6 0
[M] 0100017c 010004d6 0 1 00000000
[W] 0100017c 1 05 00003098
[F] 01000180 00003eb7
[D] 01000180 37 1d 00 00 3 00 00003000 00
[R] 00 00 00000000 00000000
[E] 01000180 00003000 0
[M] 01000180 00003000 0 3 00000000
[W] 01000180 1 1d 00003000
[F] 01000184 098e8e93
[D] 01000184 13 1d 1d 18 0 04 00000098 18
[R] 1d 18 00003000 00000000
[E] 01000184 00003098 0
[M] 01000184 00003098 0 0 00000000
[W] 01000184 1 1d 00003098
[F] 01000188 00b00193
[D] 01000188 13 03 00 0b 0 00 0000000b 0b
[R] 00 0b 00000000 00000000
[E] 01000188 0000000b 0
[M] 01000188 0000000b 0 0 00000000
[W] 01000188 1 03 0000000b
[F] 0100018c 2fd29663
[D] 0100018c 63 0c 05 1d 1 17 000002ec 1d
[R] 05 1d 00003098 00003098
[E] 0100018c 01000478 0
[M] 0100018c 01000478 0 1 00003098
[W] 0100018c 0 0c 01000478
[F] 01000190 00c00193
[D] 01000190 13 03 00 0c 0 00 0000000c 0c
[R] 00 0c 00000000 00000000
[E] 01000190 0000000c 0
[M] 01000190 0000000c 0 0 00000000
[W] 01000190 1 03 0000000c
[F] 01000194 00000213
[D] 01000194 13 04 00 00 0 00 00000000 00
[R] 00 00 00000000 00000000
[E] 01000194 00000000 0
[M] 01000194 00000000 0 0 00000000
[W] 01000194 1 04 00000000
[F] 01000198 ffffd0b7
[D] 01000198 37 01 00 1f 5 7f ffffd000 1f
[R] 00 1f 00000000 00000000
[E] 01000198 ffffd000 0
[M] 01000198 ffffd000 0 1 00000000
[W] 01000198 1 01 ffffd000
[F] 0100019c cdd08093
[D] 0100019c 13 01 01 1d 0 66 fffffcdd 1d
[R] 01 1d ffffd000 00003098
[E] 0100019c ffffccdd 0
[M] 0100019c ffffccdd 0 0 00003098
[W] 0100019c 1 01 ffffccdd
[F] 010001a0 00000117
[D] 010001a0 17 02 00 00 0 00 00000000 00
[R] 00 00 00000000 00000000
[E] 010001a0 010001a0 0
[M] 010001a0 010001a0 0 0 00000000
[W] 010001a0 1 02 010001a0
[F] 010001a4 32410113
[D] 010001a4 13 02 02 04 0 19 00000324 04
[R] 02 04 010001a0 00000000
[E] 010001a4 010004c4 0
[M] 010001a4 010004c4 0 0 00000000
[W] 010001a4 1 02 010004c4
[F] 010001a8 00111023
[D] 010001a8 23 00 02 01 1 00 00000000 01
[R] 02 01 010004c4 ffffccdd
[E] 010001a8 010004c4 0
[M] 010001a8 010004c4 1 1 ffffccdd
[W] 010001a8 0 00 010004c4
[F] 010001ac 00011f03
[D] 010001ac 03 1e 02 00 1 00 00000000 00
[R] 02 00 010004c4 00000000
[E] 010001ac 010004c4 0
[M] 010001ac 010004c4 0 1 00000000
[W] 010001ac 1 1e ffffccdd
[F] 010001b0 ffffdeb7
[D] 010001b0 37 1d 00 1f 5 7f ffffd000 1f
[R] 00 1f 00000000 00000000
[E] 010001b0 ffffd000 0
[M] 010001b0 ffffd000 0 1 00000000
[W] 010001b0 1 1d ffffd000
[F] 010001b4 cdde8e93
[D] 010001b4 13 1d 1d 1d 0 66 fffffcdd 1d
[R] 1d 1d ffffd000 ffffd000
[E] 010001b4 ffffccdd 0
[M] 010001b4 ffffccdd 0 0 ffffd000
[W] 010001b4 1 1d ffffccdd
[F] 010001b8 2ddf1063
[D] 010001b8 63 00 1e 1d 1 16 000002c0 1d
[R] 1e 1d ffffccdd ffffccdd
[E] 010001b8 01000478 0
[M] 010001b8 01000478 0 1 ffffccdd
[W] 010001b8 0 00 01000478
[F] 010001bc 00120213
[D] 010001bc 13 04 04 01 0 00 00000001 01
[R] 04 01 00000000 ffffccdd
[E] 010001bc 00000001 0
[M] 010001bc 00000001 0 0 ffffccdd
[W] 010001bc 1 04 00000001
[F] 010001c0 00200293
[D] 010001c0 13 05 00 02 0 00 00000002 02
[R] 00 02 00000000 010004c4
[E] 010001c0 00000002 0
[M] 010001c0 00000002 0 0 010004c4
[W] 010001c0 1 05 00000002
[F] 010001c4 fc521ae3
[D] 010001c4 63 15 04 05 1 7e ffffffd4 05
[R] 04 05 00000001 00000002
[E] 010001c4 01000198 0
[M] 010001c4 01000198 0 1 00000002
[W] 010001c4 0 15 01000198
[F] 01000198 ffffd0b7
[D] 01000198 37 01 00 1f 5 7f ffffd000 1f
[R] 00 1f 00000000 00000000
[E] 01000198 ffffd000 0
[M] 01000198 ffffd000 0 1 00000000
[W] 01000198 1 01 ffffd000
[F] 0100019c cdd08093
[D] 0100019c 13 01 01 1d 0 66 fffffcdd 1d
[R] 01 1d ffffd000 ffffccdd
[E] 0100019c ffffccdd 0
[M] 0100019c ffffccdd 0 0 ffffccdd
[W] 0100019c 1 01 ffffccdd
[F] 010001a0 00000117
[D] 010001a0 17 02 00 00 0 00 00000000 00
[R] 00 00 00000000 00000000
[E] 010001a0 010001a0 0
[M] 010001a0 010001a0 0 0 00000000
[W] 010001a0 1 02 010001a0
[F] 010001a4 32410113
[D] 010001a4 13 02 02 04 0 19 00000324 04
[R] 02 04 010001a0 00000001
[E] 010001a4 010004c4 0
[M] 010001a4 010004c4 0 0 00000001
[W] 010001a4 1 02 010004c4
[F] 010001a8 00111023
[D] 010001a8 23 00 02 01 1 00 00000000 01
[R] 02 01 010004c4 ffffccdd
[E] 010001a8 010004c4 0
[M] 010001a8 010004c4 1 1 ffffccdd
[W] 010001a8 0 00 010004c4
[F] 010001ac 00011f03
[D] 010001ac 03 1e 02 00 1 00 00000000 00
[R] 02 00 010004c4 00000000
[E] 010001ac 010004c4 0
[M] 010001ac 010004c4 0 1 00000000
[W] 010001ac 1 1e ffffccdd
[F] 010001b0 ffffdeb7
[D] 010001b0 37 1d 00 1f 5 7f ffffd000 1f
[R] 00 1f 00000000 00000000
[E] 010001b0 ffffd000 0
[M] 010001b0 ffffd000 0 1 00000000
[W] 010001b0 1 1d ffffd000
[F] 010001b4 cdde8e93
[D] 010001b4 13 1d 1d 1d 0 66 fffffcdd 1d
[R] 1d 1d ffffd000 ffffd000
[E] 010001b4 ffffccdd 0
[M] 010001b4 ffffccdd 0 0 ffffd000
[W] 010001b4 1 1d ffffccdd
[F] 010001b8 2ddf1063
[D] 010001b8 63 00 1e 1d 1 16 000002c0 1d
[R] 1e 1d ffffccdd ffffccdd
[E] 010001b8 01000478 0
[M] 010001b8 01000478 0 1 ffffccdd
[W] 010001b8 0 00 01000478
[F] 010001bc 00120213
[D] 010001bc 13 04 04 01 0 00 00000001 01
[R] 04 01 00000001 ffffccdd
[E] 010001bc 00000002 0
[M] 010001bc 00000002 0 0 ffffccdd
[W] 010001bc 1 04 00000002
[F] 010001c0 00200293
[D] 010001c0 13 05 00 02 0 00 00000002 02
[R] 00 02 00000000 010004c4
[E] 010001c0 00000002 0
[M] 010001c0 00000002 0 0 010004c4
[W] 010001c0 1 05 00000002
[F] 010001c4 fc521ae3
[D] 010001c4 63 15 04 05 1 7e ffffffd4 05
[R] 04 05 00000002 00000002
[E] 010001c4 01000198 0
[M] 010001c4 01000198 0 1 00000002
[W] 010001c4 0 15 01000198
[F] 010001c8 00d00193
[D] 010001c8 13 03 00 0d 0 00 0000000d 0d
[R] 00 0d 00000000 00000000
[E] 010001c8 0000000d 0
[M] 010001c8 0000000d 0 0 00000000
[W] 010001c8 1 03 0000000d
[F] 010001cc 00000213
[D] 010001cc 13 04 00 00 0 00 00000000 00
[R] 00 00 00000000 00000000
[E] 010001cc 00000000 0
[M] 010001cc 00000000 0 0 00000000
[W] 010001cc 1 04 00000000
[F] 010001d0 ffffc0b7
[D] 010001d0 37 01 00 1f 4 7f ffffc000 1f
[R] 00 1f 00000000 00000000
[E] 010001d0 ffffc000 0
[M] 010001d0 ffffc000 0 0 00000000
[W] 010001d0 1 01 ffffc000
[F] 010001d4 ccd08093
[D] 010001d4 13 01 01 0d 0 66 fffffccd 0d
[R] 01 0d ffffc000 00000000
[E] 010001d4 ffffbccd 0
[M] 010001d4 ffffbccd 0 0 00000000
[W] 010001d4 1 01 ffffbccd
[F] 010001d8 00000117
[D] 010001d8 17 02 00 00 0 00 00000000 00
[R] 00 00 00000000 00000000
[E] 010001d8 010001d8 0
[M] 010001d8 010001d8 0 0 00000000
[W] 010001d8 1 02 010001d8
[F] 010001dc 2ec10113
[D] 010001dc 13 02 02 0c 0 17 000002ec 0c
[R] 02 0c 010001d8 00000000
[E] 010001dc 010004c4 0
[M] 010001dc 010004c4 0 0 00000000
[W] 010001dc 1 02 010004c4
[F] 010001e0 00000013
[D] 010001e0 13 00 00 00 0 00 00000000 00
[R] 00 00 00000000 00000000
[E] 010001e0 00000000 0
[M] 010001e0 00000000 0 0 00000000
[W] 010001e0 1 00 00000000
[F] 010001e4 00111123
[D] 010001e4 23 02 02 01 1 00 00000002 01
[R] 02 01 010004c4 ffffbccd
[E] 010001e4 010004c6 0
[M] 010001e4 010004c6 1 1 ffffbccd
[W] 010001e4 0 02 010004c6
[F] 010001e8 00211f03
[D] 010001e8 03 1e 02 02 1 00 00000002 02
[R] 02 02 010004c4 010004c4
[E] 010001e8 010004c6 0
[M] 010001e8 010004c6 0 1 010004c4
[W] 010001e8 1 1e ffffbccd
[F] 010001ec ffffceb7
[D] 010001ec 37 1d 00 1f 4 7f ffffc000 1f
[R] 00 1f 00000000 00000000
[E] 010001ec ffffc000 0
[M] 010001ec ffffc000 0 0 00000000
[W] 010001ec 1 1d ffffc000
[F] 010001f0 ccde8e93
[D] 010001f0 13 1d 1d 0d 0 66 fffffccd 0d
[R] 1d 0d ffffc000 00000000
[E] 010001f0 ffffbccd 0
[M] 010001f0 ffffbccd 0 0 00000000
[W] 010001f0 1 1d ffffbccd
[F] 010001f4 29df1263
[D] 010001f4 63 04 1e 1d 1 14 00000284 1d
[R] 1e 1d ffffbccd ffffbccd
[E] 010001f4 01000478 0
[M] 010001f4 01000478 0 1 ffffbccd
[W] 010001f4 0 04 01000478
[F] 010001f8 00120213
[D] 010001f8 13 04 04 01 0 00 00000001 01
[R] 04 01 00000000 ffffbccd
[E] 010001f8 00000001 0
[M] 010001f8 00000001 0 0 ffffbccd
[W] 010001f8 1 04 00000001
[F] 010001fc 00200293
[D] 010001fc 13 05 00 02 0 00 00000002 02
[R] 00 02 00000000 010004c4
[E] 010001fc 00000002 0
[M] 010001fc 00000002 0 0 010004c4
[W] 010001fc 1 05 00000002
[F] 01000200 fc5218e3
[D] 01000200 63 11 04 05 1 7e ffffffd0 05
[R] 04 05 00000001 00000002
[E] 01000200 010001d0 0
[M] 01000200 010001d0 0 1 00000002
[W] 01000200 0 11 010001d0
[F] 010001d0 ffffc0b7
[D] 010001d0 37 01 00 1f 4 7f ffffc000 1f
[R] 00 1f 00000000 00000000
[E] 010001d0 ffffc000 0
[M] 010001d0 ffffc000 0 0 00000000
[W] 010001d0 1 01 ffffc000
[F] 010001d4 ccd08093
[D] 010001d4 13 01 01 0d 0 66 fffffccd 0d
[R] 01 0d ffffc000 00000000
[E] 010001d4 ffffbccd 0
[M] 010001d4 ffffbccd 0 0 00000000
[W] 010001d4 1 01 ffffbccd
[F] 010001d8 00000117
[D] 010001d8 17 02 00 00 0 00 00000000 00
[R] 00 00 00000000 00000000
[E] 010001d8 010001d8 0
[M] 010001d8 010001d8 0 0 00000000
[W] 010001d8 1 02 010001d8
[F] 010001dc 2ec10113
[D] 010001dc 13 02 02 0c 0 17 000002ec 0c
[R] 02 0c 010001d8 00000000
[E] 010001dc 010004c4 0
[M] 010001dc 010004c4 0 0 00000000
[W] 010001dc 1 02 010004c4
[F] 010001e0 00000013
[D] 010001e0 13 00 00 00 0 00 00000000 00
[R] 00 00 00000000 00000000
[E] 010001e0 00000000 0
[M] 010001e0 00000000 0 0 00000000
[W] 010001e0 1 00 00000000
[F] 010001e4 00111123
[D] 010001e4 23 02 02 01 1 00 00000002 01
[R] 02 01 010004c4 ffffbccd
[E] 010001e4 010004c6 0
[M] 010001e4 010004c6 1 1 ffffbccd
[W] 010001e4 0 02 010004c6
[F] 010001e8 00211f03
[D] 010001e8 03 1e 02 02 1 00 00000002 02
[R] 02 02 010004c4 010004c4
[E] 010001e8 010004c6 0
[M] 010001e8 010004c6 0 1 010004c4
[W] 010001e8 1 1e ffffbccd
[F] 010001ec ffffceb7
[D] 010001ec 37 1d 00 1f 4 7f ffffc000 1f
[R] 00 1f 00000000 00000000
[E] 010001ec ffffc000 0
[M] 010001ec ffffc000 0 0 00000000
[W] 010001ec 1 1d ffffc000
[F] 010001f0 ccde8e93
[D] 010001f0 13 1d 1d 0d 0 66 fffffccd 0d
[R] 1d 0d ffffc000 00000000
[E] 010001f0 ffffbccd 0
[M] 010001f0 ffffbccd 0 0 00000000
[W] 010001f0 1 1d ffffbccd
[F] 010001f4 29df1263
[D] 010001f4 63 04 1e 1d 1 14 00000284 1d
[R] 1e 1d ffffbccd ffffbccd
[E] 010001f4 01000478 0
[M] 010001f4 01000478 0 1 ffffbccd
[W] 010001f4 0 04 01000478
[F] 010001f8 00120213
[D] 010001f8 13 04 04 01 0 00 00000001 01
[R] 04 01 00000001 ffffbccd
[E] 010001f8 00000002 0
[M] 010001f8 00000002 0 0 ffffbccd
[W] 010001f8 1 04 00000002
[F] 010001fc 00200293
[D] 010001fc 13 05 00 02 0 00 00000002 02
[R] 00 02 00000000 010004c4
[E] 010001fc 00000002 0
[M] 010001fc 00000002 0 0 010004c4
[W] 010001fc 1 05 00000002
[F] 01000200 fc5218e3
[D] 01000200 63 11 04 05 1 7e ffffffd0 05
[R] 04 05 00000002 00000002
[E] 01000200 010001d0 0
[M] 01000200 010001d0 0 1 00000002
[W] 01000200 0 11 010001d0
[F] 01000204 00e00193
[D] 01000204 13 03 00 0e 0 00 0000000e 0e
[R] 00 0e 00000000 00000000
[E] 01000204 0000000e 0
[M] 01000204 0000000e 0 0 00000000
[W] 01000204 1 03 0000000e
[F] 01000208 00000213
[D] 01000208 13 04 00 00 0 00 00000000 00
[R] 00 00 00000000 00000000
[E] 01000208 00000000 0
[M] 01000208 00000000 0 0 00000000
[W] 01000208 1 04 00000000
[F] 0100020c ffffc0b7
[D] 0100020c 37 01 00 1f 4 7f ffffc000 1f
[R] 00 1f 00000000 00000000
[E] 0100020c ffffc000 0
[M] 0100020c ffffc000 0 0 00000000
[W] 0100020c 1 01 ffffc000
[F] 01000210 bcc08093
[D] 01000210 13 01 01 0c 0 5e fffffbcc 0c
[R] 01 0c ffffc000 00000000
[E] 01000210 ffffbbcc 0
[M] 01000210 ffffbbcc 0 0 00000000
[W] 01000210 1 01 ffffbbcc
[F] 01000214 00000117
[D] 01000214 17 02 00 00 0 00 00000000 00
[R] 00 00 00000000 00000000
[E] 01000214 01000214 0
[M] 01000214 01000214 0 0 00000000
[W] 01000214 1 02 01000214
[F] 01000218 2b010113
[D] 01000218 13 02 02 10 0 15 000002b0 10
[R] 02 10 01000214 00000000
[E] 01000218 010004c4 0
[M] 01000218 010004c4 0 0 00000000
[W] 01000218 1 02 010004c4
[F] 0100021c 00000013
[D] 0100021c 13 00 00 00 0 00 00000000 00
[R] 00 00 00000000 00000000
[E] 0100021c 00000000 0
[M] 0100021c 00000000 0 0 00000000
[W] 0100021c 1 00 00000000
[F] 01000220 00000013
[D] 01000220 13 00 00 00 0 00 00000000 00
[R] 00 00 00000000 00000000
[E] 01000220 00000000 0
[M] 01000220 00000000 0 0 00000000
[W] 01000220 1 00 00000000
[F] 01000224 00111223
[D] 01000224 23 04 02 01 1 00 00000004 01
[R] 02 01 010004c4 ffffbbcc
[E] 01000224 010004c8 0
[M] 01000224 010004c8 1 1 ffffbbcc
[W] 01000224 0 04 010004c8
[F] 01000228 00411f03
[D] 01000228 03 1e 02 04 1 00 00000004 04
[R] 02 04 010004c4 00000000
[E] 01000228 010004c8 0
[M] 01000228 010004c8 0 1 00000000
[W] 01000228 1 1e ffffbbcc
[F] 0100022c ffffceb7
[D] 0100022c 37 1d 00 1f 4 7f ffffc000 1f
[R] 00 1f 00000000 00000000
[E] 0100022c ffffc000 0
[M] 0100022c ffffc000 0 0 00000000
[W] 0100022c 1 1d ffffc000
[F] 01000230 bcce8e93
[D] 01000230 13 1d 1d 0c 0 5e fffffbcc 0c
[R] 1d 0c ffffc000 00000000
[E] 01000230 ffffbbcc 0
[M] 01000230 ffffbbcc 0 0 00000000
[W] 01000230 1 1d ffffbbcc
[F] 01000234 25df1263
[D] 01000234 63 04 1e 1d 1 12 00000244 1d
[R] 1e 1d ffffbbcc ffffbbcc
[E] 01000234 01000478 0
[M] 01000234 01000478 0 1 ffffbbcc
[W] 01000234 0 04 01000478
[F] 01000238 00120213
[D] 01000238 13 04 04 01 0 00 00000001 01
[R] 04 01 00000000 ffffbbcc
[E] 01000238 00000001 0
[M] 01000238 00000001 0 0 ffffbbcc
[W] 01000238 1 04 00000001
[F] 0100023c 00200293
[D] 0100023c 13 05 00 02 0 00 00000002 02
[R] 00 02 00000000 010004c4
[E] 0100023c 00000002 0
[M] 0100023c 00000002 0 0 010004c4
[W] 0100023c 1 05 00000002
[F] 01000240 fc5216e3
[D] 01000240 63 0d 04 05 1 7e ffffffcc 05
[R] 04 05 00000001 00000002
[E] 01000240 0100020c 0
[M] 01000240 0100020c 0 1 00000002
[W] 01000240 0 0d 0100020c
[F] 0100020c ffffc0b7
[D] 0100020c 37 01 00 1f 4 7f ffffc000 1f
[R] 00 1f 00000000 00000000
[E] 0100020c ffffc000 0
[M] 0100020c ffffc000 0 0 00000000
[W] 0100020c 1 01 ffffc000
[F] 01000210 bcc08093
[D] 01000210 13 01 01 0c 0 5e fffffbcc 0c
[R] 01 0c ffffc000 00000000
[E] 01000210 ffffbbcc 0
[M] 01000210 ffffbbcc 0 0 00000000
[W] 01000210 1 01 ffffbbcc
[F] 01000214 00000117
[D] 01000214 17 02 00 00 0 00 00000000 00
[R] 00 00 00000000 00000000
[E] 01000214 01000214 0
[M] 01000214 01000214 0 0 00000000
[W] 01000214 1 02 01000214
[F] 01000218 2b010113
[D] 01000218 13 02 02 10 0 15 000002b0 10
[R] 02 10 01000214 00000000
[E] 01000218 010004c4 0
[M] 01000218 010004c4 0 0 00000000
[W] 01000218 1 02 010004c4
[F] 0100021c 00000013
[D] 0100021c 13 00 00 00 0 00 00000000 00
[R] 00 00 00000000 00000000
[E] 0100021c 00000000 0
[M] 0100021c 00000000 0 0 00000000
[W] 0100021c 1 00 00000000
[F] 01000220 00000013
[D] 01000220 13 00 00 00 0 00 00000000 00
[R] 00 00 00000000 00000000
[E] 01000220 00000000 0
[M] 01000220 00000000 0 0 00000000
[W] 01000220 1 00 00000000
[F] 01000224 00111223
[D] 01000224 23 04 02 01 1 00 00000004 01
[R] 02 01 010004c4 ffffbbcc
[E] 01000224 010004c8 0
[M] 01000224 010004c8 1 1 ffffbbcc
[W] 01000224 0 04 010004c8
[F] 01000228 00411f03
[D] 01000228 03 1e 02 04 1 00 00000004 04
[R] 02 04 010004c4 00000001
[E] 01000228 010004c8 0
[M] 01000228 010004c8 0 1 00000001
[W] 01000228 1 1e ffffbbcc
[F] 0100022c ffffceb7
[D] 0100022c 37 1d 00 1f 4 7f ffffc000 1f
[R] 00 1f 00000000 00000000
[E] 0100022c ffffc000 0
[M] 0100022c ffffc000 0 0 00000000
[W] 0100022c 1 1d ffffc000
[F] 01000230 bcce8e93
[D] 01000230 13 1d 1d 0c 0 5e fffffbcc 0c
[R] 1d 0c ffffc000 00000000
[E] 01000230 ffffbbcc 0
[M] 01000230 ffffbbcc 0 0 00000000
[W] 01000230 1 1d ffffbbcc
[F] 01000234 25df1263
[D] 01000234 63 04 1e 1d 1 12 00000244 1d
[R] 1e 1d ffffbbcc ffffbbcc
[E] 01000234 01000478 0
[M] 01000234 01000478 0 1 ffffbbcc
[W] 01000234 0 04 01000478
[F] 01000238 00120213
[D] 01000238 13 04 04 01 0 00 00000001 01
[R] 04 01 00000001 ffffbbcc
[E] 01000238 00000002 0
[M] 01000238 00000002 0 0 ffffbbcc
[W] 01000238 1 04 00000002
[F] 0100023c 00200293
[D] 0100023c 13 05 00 02 0 00 00000002 02
[R] 00 02 00000000 010004c4
[E] 0100023c 00000002 0
[M] 0100023c 00000002 0 0 010004c4
[W] 0100023c 1 05 00000002
[F] 01000240 fc5216e3
[D] 01000240 63 0d 04 05 1 7e ffffffcc 05
[R] 04 05 00000002 00000002
[E] 01000240 0100020c 0
[M] 01000240 0100020c 0 1 00000002
[W] 01000240 0 0d 0100020c
[F] 01000244 00f00193
[D] 01000244 13 03 00 0f 0 00 0000000f 0f
[R] 00 0f 00000000 00000000
[E] 01000244 0000000f 0
[M] 01000244 0000000f 0 0 00000000
[W] 01000244 1 03 0000000f
[F] 01000248 00000213
[D] 01000248 13 04 00 00 0 00 00000000 00
[R] 00 00 00000000 00000000
[E] 01000248 00000000 0
[M] 01000248 00000000 0 0 00000000
[W] 01000248 1 04 00000000
[F] 0100024c ffffb0b7
[D] 0100024c 37 01 00 1f 3 7f ffffb000 1f
[R] 00 1f 00000000 00000000
[E] 0100024c ffffb000 0
[M] 0100024c ffffb000 0 3 00000000
[W] 0100024c 1 01 ffffb000
[F] 01000250 bbc08093
[D] 01000250 13 01 01 1c 0 5d fffffbbc 1c
[R] 01 1c ffffb000 00000000
[E] 01000250 ffffabbc 0
[M] 01000250 ffffabbc 0 0 00000000
[W] 01000250 1 01 ffffabbc
[F] 01000254 00000013
[D] 01000254 13 00 00 00 0 00 00000000 00
[R] 00 00 00000000 00000000
[E] 01000254 00000000 0
[M] 01000254 00000000 0 0 00000000
[W] 01000254 1 00 00000000
[F] 01000258 00000117
[D] 01000258 17 02 00 00 0 00 00000000 00
[R] 00 00 00000000 00000000
[E] 01000258 01000258 0
[M] 01000258 01000258 0 0 00000000
[W] 01000258 1 02 01000258
[F] 0100025c 26c10113
[D] 0100025c 13 02 02 0c 0 13 0000026c 0c
[R] 02 0c 01000258 00000000
[E] 0100025c 010004c4 0
[M] 0100025c 010004c4 0 0 00000000
[W] 0100025c 1 02 010004c4
[F] 01000260 00111323
[D] 01000260 23 06 02 01 1 00 00000006 01
[R] 02 01 010004c4 ffffabbc
[E] 01000260 010004ca 0
[M] 01000260 010004ca 1 1 ffffabbc
[W] 01000260 0 06 010004ca
[F] 01000264 00611f03
[D] 01000264 03 1e 02 06 1 00 00000006 06
[R] 02 06 010004c4 00000000
[E] 01000264 010004ca 0
[M] 01000264 010004ca 0 1 00000000
[W] 01000264 1 1e ffffabbc
[F] 01000268 ffffbeb7
[D] 01000268 37 1d 00 1f 3 7f ffffb000 1f
[R] 00 1f 00000000 00000000
[E] 01000268 ffffb000 0
[M] 01000268 ffffb000 0 3 00000000
[W] 01000268 1 1d ffffb000
[F] 0100026c bbce8e93
[D] 0100026c 13 1d 1d 1c 0 5d fffffbbc 1c
[R] 1d 1c ffffb000 00000000
[E] 0100026c ffffabbc 0
[M] 0100026c ffffabbc 0 0 00000000
[W] 0100026c 1 1d ffffabbc
[F] 01000270 21df1463
[D] 01000270 63 08 1e 1d 1 10 00000208 1d
[R] 1e 1d ffffabbc ffffabbc
[E] 01000270 01000478 0
[M] 01000270 01000478 0 1 ffffabbc
[W] 01000270 0 08 01000478
[F] 01000274 00120213
[D] 01000274 13 04 04 01 0 00 00000001 01
[R] 04 01 00000000 ffffabbc
[E] 01000274 00000001 0
[M] 01000274 00000001 0 0 ffffabbc
[W] 01000274 1 04 00000001
[F] 01000278 00200293
[D] 01000278 13 05 00 02 0 00 00000002 02
[R] 00 02 00000000 010004c4
[E] 01000278 00000002 0
[M] 01000278 00000002 0 0 010004c4
[W] 01000278 1 05 00000002
[F] 0100027c fc5218e3
[D] 0100027c 63 11 04 05 1 7e ffffffd0 05
[R] 04 05 00000001 00000002
[E] 0100027c 0100024c 0
[M] 0100027c 0100024c 0 1 00000002
[W] 0100027c 0 11 0100024c
[F] 0100024c ffffb0b7
[D] 0100024c 37 01 00 1f 3 7f ffffb000 1f
[R] 00 1f 00000000 00000000
[E] 0100024c ffffb000 0
[M] 0100024c ffffb000 0 3 00000000
[W] 0100024c 1 01 ffffb000
[F] 01000250 bbc08093
[D] 01000250 13 01 01 1c 0 5d fffffbbc 1c
[R] 01 1c ffffb000 00000000
[E] 01000250 ffffabbc 0
[M] 01000250 ffffabbc 0 0 00000000
[W] 01000250 1 01 ffffabbc
[F] 01000254 00000013
[D] 01000254 13 00 00 00 0 00 00000000 00
[R] 00 00 00000000 00000000
[E] 01000254 00000000 0
[M] 01000254 00000000 0 0 00000000
[W] 01000254 1 00 00000000
[F] 01000258 00000117
[D] 01000258 17 02 00 00 0 00 00000000 00
[R] 00 00 00000000 00000000
[E] 01000258 01000258 0
[M] 01000258 01000258 0 0 00000000
[W] 01000258 1 02 01000258
[F] 0100025c 26c10113
[D] 0100025c 13 02 02 0c 0 13 0000026c 0c
[R] 02 0c 01000258 00000000
[E] 0100025c 010004c4 0
[M] 0100025c 010004c4 0 0 00000000
[W] 0100025c 1 02 010004c4
[F] 01000260 00111323
[D] 01000260 23 06 02 01 1 00 00000006 01
[R] 02 01 010004c4 ffffabbc
[E] 01000260 010004ca 0
[M] 01000260 010004ca 1 1 ffffabbc
[W] 01000260 0 06 010004ca
[F] 01000264 00611f03
[D] 01000264 03 1e 02 06 1 00 00000006 06
[R] 02 06 010004c4 00000000
[E] 01000264 010004ca 0
[M] 01000264 010004ca 0 1 00000000
[W] 01000264 1 1e ffffabbc
[F] 01000268 ffffbeb7
[D] 01000268 37 1d 00 1f 3 7f ffffb000 1f
[R] 00 1f 00000000 00000000
[E] 01000268 ffffb000 0
[M] 01000268 ffffb000 0 3 00000000
[W] 01000268 1 1d ffffb000
[F] 0100026c bbce8e93
[D] 0100026c 13 1d 1d 1c 0 5d fffffbbc 1c
[R] 1d 1c ffffb000 00000000
[E] 0100026c ffffabbc 0
[M] 0100026c ffffabbc 0 0 00000000
[W] 0100026c 1 1d ffffabbc
[F] 01000270 21df1463
[D] 01000270 63 08 1e 1d 1 10 00000208 1d
[R] 1e 1d ffffabbc ffffabbc
[E] 01000270 01000478 0
[M] 01000270 01000478 0 1 ffffabbc
[W] 01000270 0 08 01000478
[F] 01000274 00120213
[D] 01000274 13 04 04 01 0 00 00000001 01
[R] 04 01 00000001 ffffabbc
[E] 01000274 00000002 0
[M] 01000274 00000002 0 0 ffffabbc
[W] 01000274 1 04 00000002
[F] 01000278 00200293
[D] 01000278 13 05 00 02 0 00 00000002 02
[R] 00 02 00000000 010004c4
[E] 01000278 00000002 0
[M] 01000278 00000002 0 0 010004c4
[W] 01000278 1 05 00000002
[F] 0100027c fc5218e3
[D] 0100027c 63 11 04 05 1 7e ffffffd0 05
[R] 04 05 00000002 00000002
[E] 0100027c 0100024c 0
[M] 0100027c 0100024c 0 1 00000002
[W] 0100027c 0 11 0100024c
[F] 01000280 01000193
[D] 01000280 13 03 00 10 0 00 00000010 10
[R] 00 10 00000000 00000000
[E] 01000280 00000010 0
[M] 01000280 00000010 0 0 00000000
[W] 01000280 1 03 00000010
[F] 01000284 00000213
[D] 01000284 13 04 00 00 0 00 00000000 00
[R] 00 00 00000000 00000000
[E] 01000284 00000000 0
[M] 01000284 00000000 0 0 00000000
[W] 01000284 1 04 00000000
[F] 01000288 ffffb0b7
[D] 01000288 37 01 00 1f 3 7f ffffb000 1f
[R] 00 1f 00000000 00000000
[E] 01000288 ffffb000 0
[M] 01000288 ffffb000 0 3 00000000
[W] 01000288 1 01 ffffb000
[F] 0100028c abb08093
[D] 0100028c 13 01 01 1b 0 55 fffffabb 1b
[R] 01 1b ffffb000 00000000
[E] 0100028c ffffaabb 0
[M] 0100028c ffffaabb 0 0 00000000
[W] 0100028c 1 01 ffffaabb
[F] 01000290 00000013
[D] 01000290 13 00 00 00 0 00 00000000 00
[R] 00 00 00000000 00000000
[E] 01000290 00000000 0
[M] 01000290 00000000 0 0 00000000
[W] 01000290 1 00 00000000
[F] 01000294 00000117
[D] 01000294 17 02 00 00 0 00 00000000 00
[R] 00 00 00000000 00000000
[E] 01000294 01000294 0
[M] 01000294 01000294 0 0 00000000
[W] 01000294 1 02 01000294
[F] 01000298 23010113
[D] 01000298 13 02 02 10 0 11 00000230 10
[R] 02 10 01000294 00000000
[E] 01000298 010004c4 0
[M] 01000298 010004c4 0 0 00000000
[W] 01000298 1 02 010004c4
[F] 0100029c 00000013
[D] 0100029c 13 00 00 00 0 00 00000000 00
[R] 00 00 00000000 00000000
[E] 0100029c 00000000 0
[M] 0100029c 00000000 0 0 00000000
[W] 0100029c 1 00 00000000
[F] 010002a0 00111423
[D] 010002a0 23 08 02 01 1 00 00000008 01
[R] 02 01 010004c4 ffffaabb
[E] 010002a0 010004cc 0
[M] 010002a0 010004cc 1 1 ffffaabb
[W] 010002a0 0 08 010004cc
[F] 010002a4 00811f03
[D] 010002a4 03 1e 02 08 1 00 00000008 08
[R] 02 08 010004c4 00000000
[E] 010002a4 010004cc 0
[M] 010002a4 010004cc 0 1 00000000
[W] 010002a4 1 1e ffffaabb
[F] 010002a8 ffffbeb7
[D] 010002a8 37 1d 00 1f 3 7f ffffb000 1f
[R] 00 1f 00000000 00000000
[E] 010002a8 ffffb000 0
[M] 010002a8 ffffb000 0 3 00000000
[W] 010002a8 1 1d ffffb000
[F] 010002ac abbe8e93
[D] 010002ac 13 1d 1d 1b 0 55 fffffabb 1b
[R] 1d 1b ffffb000 00000000
[E] 010002ac ffffaabb 0
[M] 010002ac ffffaabb 0 0 00000000
[W] 010002ac 1 1d ffffaabb
[F] 010002b0 1ddf1463
[D] 010002b0 63 08 1e 1d 1 0e 000001c8 1d
[R] 1e 1d ffffaabb ffffaabb
[E] 010002b0 01000478 0
[M] 010002b0 01000478 0 1 ffffaabb
[W] 010002b0 0 08 01000478
[F] 010002b4 00120213
[D] 010002b4 13 04 04 01 0 00 00000001 01
[R] 04 01 00000000 ffffaabb
[E] 010002b4 00000001 0
[M] 010002b4 00000001 0 0 ffffaabb
[W] 010002b4 1 04 00000001
[F] 010002b8 00200293
[D] 010002b8 13 05 00 02 0 00 00000002 02
[R] 00 02 00000000 010004c4
[E] 010002b8 00000002 0
[M] 010002b8 00000002 0 0 010004c4
[W] 010002b8 1 05 00000002
[F] 010002bc fc5216e3
[D] 010002bc 63 0d 04 05 1 7e ffffffcc 05
[R] 04 05 00000001 00000002
[E] 010002bc 01000288 0
[M] 010002bc 01000288 0 1 00000002
[W] 010002bc 0 0d 01000288
[F] 01000288 ffffb0b7
[D] 01000288 37 01 00 1f 3 7f ffffb000 1f
[R] 00 1f 00000000 00000000
[E] 01000288 ffffb000 0
[M] 01000288 ffffb000 0 3 00000000
[W] 01000288 1 01 ffffb000
[F] 0100028c abb08093
[D] 0100028c 13 01 01 1b 0 55 fffffabb 1b
[R] 01 1b ffffb000 00000000
[E] 0100028c ffffaabb 0
[M] 0100028c ffffaabb 0 0 00000000
[W] 0100028c 1 01 ffffaabb
[F] 01000290 00000013
[D] 01000290 13 00 00 00 0 00 00000000 00
[R] 00 00 00000000 00000000
[E] 01000290 00000000 0
[M] 01000290 00000000 0 0 00000000
[W] 01000290 1 00 00000000
[F] 01000294 00000117
[D] 01000294 17 02 00 00 0 00 00000000 00
[R] 00 00 00000000 00000000
[E] 01000294 01000294 0
[M] 01000294 01000294 0 0 00000000
[W] 01000294 1 02 01000294
[F] 01000298 23010113
[D] 01000298 13 02 02 10 0 11 00000230 10
[R] 02 10 01000294 00000000
[E] 01000298 010004c4 0
[M] 01000298 010004c4 0 0 00000000
[W] 01000298 1 02 010004c4
[F] 0100029c 00000013
[D] 0100029c 13 00 00 00 0 00 00000000 00
[R] 00 00 00000000 00000000
[E] 0100029c 00000000 0
[M] 0100029c 00000000 0 0 00000000
[W] 0100029c 1 00 00000000
[F] 010002a0 00111423
[D] 010002a0 23 08 02 01 1 00 00000008 01
[R] 02 01 010004c4 ffffaabb
[E] 010002a0 010004cc 0
[M] 010002a0 010004cc 1 1 ffffaabb
[W] 010002a0 0 08 010004cc
[F] 010002a4 00811f03
[D] 010002a4 03 1e 02 08 1 00 00000008 08
[R] 02 08 010004c4 00000000
[E] 010002a4 010004cc 0
[M] 010002a4 010004cc 0 1 00000000
[W] 010002a4 1 1e ffffaabb
[F] 010002a8 ffffbeb7
[D] 010002a8 37 1d 00 1f 3 7f ffffb000 1f
[R] 00 1f 00000000 00000000
[E] 010002a8 ffffb000 0
[M] 010002a8 ffffb000 0 3 00000000
[W] 010002a8 1 1d ffffb000
[F] 010002ac abbe8e93
[D] 010002ac 13 1d 1d 1b 0 55 fffffabb 1b
[R] 1d 1b ffffb000 00000000
[E] 010002ac ffffaabb 0
[M] 010002ac ffffaabb 0 0 00000000
[W] 010002ac 1 1d ffffaabb
[F] 010002b0 1ddf1463
[D] 010002b0 63 08 1e 1d 1 0e 000001c8 1d
[R] 1e 1d ffffaabb ffffaabb
[E] 010002b0 01000478 0
[M] 010002b0 01000478 0 1 ffffaabb
[W] 010002b0 0 08 01000478
[F] 010002b4 00120213
[D] 010002b4 13 04 04 01 0 00 00000001 01
[R] 04 01 00000001 ffffaabb
[E] 010002b4 00000002 0
[M] 010002b4 00000002 0 0 ffffaabb
[W] 010002b4 1 04 00000002
[F] 010002b8 00200293
[D] 010002b8 13 05 00 02 0 00 00000002 02
[R] 00 02 00000000 010004c4
[E] 010002b8 00000002 0
[M] 010002b8 00000002 0 0 010004c4
[W] 010002b8 1 05 00000002
[F] 010002bc fc5216e3
[D] 010002bc 63 0d 04 05 1 7e ffffffcc 05
[R] 04 05 00000002 00000002
[E] 010002bc 01000288 0
[M] 010002bc 01000288 0 1 00000002
[W] 010002bc 0 0d 01000288
[F] 010002c0 01100193
[D] 010002c0 13 03 00 11 0 00 00000011 11
[R] 00 11 00000000 00000000
[E] 010002c0 00000011 0
[M] 010002c0 00000011 0 0 00000000
[W] 010002c0 1 03 00000011
[F] 010002c4 00000213
[D] 010002c4 13 04 00 00 0 00 00000000 00
[R] 00 00 00000000 00000000
[E] 010002c4 00000000 0
[M] 010002c4 00000000 0 0 00000000
[W] 010002c4 1 04 00000000
[F] 010002c8 ffffe0b7
[D] 010002c8 37 01 00 1f 6 7f ffffe000 1f
[R] 00 1f 00000000 00000000
[E] 010002c8 ffffe000 0
[M] 010002c8 ffffe000 0 2 00000000
[W] 010002c8 1 01 ffffe000
[F] 010002cc aab08093
[D] 010002cc 13 01 01 0b 0 55 fffffaab 0b
[R] 01 0b ffffe000 00000000
[E] 010002cc ffffdaab 0
[M] 010002cc ffffdaab 0 0 00000000
[W] 010002cc 1 01 ffffdaab
[F] 010002d0 00000013
[D] 010002d0 13 00 00 00 0 00 00000000 00
[R] 00 00 00000000 00000000
[E] 010002d0 00000000 0
[M] 010002d0 00000000 0 0 00000000
[W] 010002d0 1 00 00000000
[F] 010002d4 00000013
[D] 010002d4 13 00 00 00 0 00 00000000 00
[R] 00 00 00000000 00000000
[E] 010002d4 00000000 0
[M] 010002d4 00000000 0 0 00000000
[W] 010002d4 1 00 00000000
[F] 010002d8 00000117
[D] 010002d8 17 02 00 00 0 00 00000000 00
[R] 00 00 00000000 00000000
[E] 010002d8 010002d8 0
[M] 010002d8 010002d8 0 0 00000000
[W] 010002d8 1 02 010002d8
[F] 010002dc 1ec10113
[D] 010002dc 13 02 02 0c 0 0f 000001ec 0c
[R] 02 0c 010002d8 00000000
[E] 010002dc 010004c4 0
[M] 010002dc 010004c4 0 0 00000000
[W] 010002dc 1 02 010004c4
[F] 010002e0 00111523
[D] 010002e0 23 0a 02 01 1 00 0000000a 01
[R] 02 01 010004c4 ffffdaab
[E] 010002e0 010004ce 0
[M] 010002e0 010004ce 1 1 ffffdaab
[W] 010002e0 0 0a 010004ce
[F] 010002e4 00a11f03
[D] 010002e4 03 1e 02 0a 1 00 0000000a 0a
[R] 02 0a 010004c4 00000000
[E] 010002e4 010004ce 0
[M] 010002e4 010004ce 0 1 00000000
[W] 010002e4 1 1e ffffdaab
[F] 010002e8 ffffeeb7
[D] 010002e8 37 1d 00 1f 6 7f ffffe000 1f
[R] 00 1f 00000000 00000000
[E] 010002e8 ffffe000 0
[M] 010002e8 ffffe000 0 2 00000000
[W] 010002e8 1 1d ffffe000
[F] 010002ec aabe8e93
[D] 010002ec 13 1d 1d 0b 0 55 fffffaab 0b
[R] 1d 0b ffffe000 00000000
[E] 010002ec ffffdaab 0
[M] 010002ec ffffdaab 0 0 00000000
[W] 010002ec 1 1d ffffdaab
[F] 010002f0 19df1463
[D] 010002f0 63 08 1e 1d 1 0c 00000188 1d
[R] 1e 1d ffffdaab ffffdaab
[E] 010002f0 01000478 0
[M] 010002f0 01000478 0 1 ffffdaab
[W] 010002f0 0 08 01000478
[F] 010002f4 00120213
[D] 010002f4 13 04 04 01 0 00 00000001 01
[R] 04 01 00000000 ffffdaab
[E] 010002f4 00000001 0
[M] 010002f4 00000001 0 0 ffffdaab
[W] 010002f4 1 04 00000001
[F] 010002f8 00200293
[D] 010002f8 13 05 00 02 0 00 00000002 02
[R] 00 02 00000000 010004c4
[E] 010002f8 00000002 0
[M] 010002f8 00000002 0 0 010004c4
[W] 010002f8 1 05 00000002
[F] 010002fc fc5216e3
[D] 010002fc 63 0d 04 05 1 7e ffffffcc 05
[R] 04 05 00000001 00000002
[E] 010002fc 010002c8 0
[M] 010002fc 010002c8 0 1 00000002
[W] 010002fc 0 0d 010002c8
[F] 010002c8 ffffe0b7
[D] 010002c8 37 01 00 1f 6 7f ffffe000 1f
[R] 00 1f 00000000 00000000
[E] 010002c8 ffffe000 0
[M] 010002c8 ffffe000 0 2 00000000
[W] 010002c8 1 01 ffffe000
[F] 010002cc aab08093
[D] 010002cc 13 01 01 0b 0 55 fffffaab 0b
[R] 01 0b ffffe000 00000000
[E] 010002cc ffffdaab 0
[M] 010002cc ffffdaab 0 0 00000000
[W] 010002cc 1 01 ffffdaab
[F] 010002d0 00000013
[D] 010002d0 13 00 00 00 0 00 00000000 00
[R] 00 00 00000000 00000000
[E] 010002d0 00000000 0
[M] 010002d0 00000000 0 0 00000000
[W] 010002d0 1 00 00000000
[F] 010002d4 00000013
[D] 010002d4 13 00 00 00 0 00 00000000 00
[R] 00 00 00000000 00000000
[E] 010002d4 00000000 0
[M] 010002d4 00000000 0 0 00000000
[W] 010002d4 1 00 00000000
[F] 010002d8 00000117
[D] 010002d8 17 02 00 00 0 00 00000000 00
[R] 00 00 00000000 00000000
[E] 010002d8 010002d8 0
[M] 010002d8 010002d8 0 0 00000000
[W] 010002d8 1 02 010002d8
[F] 010002dc 1ec10113
[D] 010002dc 13 02 02 0c 0 0f 000001ec 0c
[R] 02 0c 010002d8 00000000
[E] 010002dc 010004c4 0
[M] 010002dc 010004c4 0 0 00000000
[W] 010002dc 1 02 010004c4
[F] 010002e0 00111523
[D] 010002e0 23 0a 02 01 1 00 0000000a 01
[R] 02 01 010004c4 ffffdaab
[E] 010002e0 010004ce 0
[M] 010002e0 010004ce 1 1 ffffdaab
[W] 010002e0 0 0a 010004ce
[F] 010002e4 00a11f03
[D] 010002e4 03 1e 02 0a 1 00 0000000a 0a
[R] 02 0a 010004c4 00000000
[E] 010002e4 010004ce 0
[M] 010002e4 010004ce 0 1 00000000
[W] 010002e4 1 1e ffffdaab
[F] 010002e8 ffffeeb7
[D] 010002e8 37 1d 00 1f 6 7f ffffe000 1f
[R] 00 1f 00000000 00000000
[E] 010002e8 ffffe000 0
[M] 010002e8 ffffe000 0 2 00000000
[W] 010002e8 1 1d ffffe000
[F] 010002ec aabe8e93
[D] 010002ec 13 1d 1d 0b 0 55 fffffaab 0b
[R] 1d 0b ffffe000 00000000
[E] 010002ec ffffdaab 0
[M] 010002ec ffffdaab 0 0 00000000
[W] 010002ec 1 1d ffffdaab
[F] 010002f0 19df1463
[D] 010002f0 63 08 1e 1d 1 0c 00000188 1d
[R] 1e 1d ffffdaab ffffdaab
[E] 010002f0 01000478 0
[M] 010002f0 01000478 0 1 ffffdaab
[W] 010002f0 0 08 01000478
[F] 010002f4 00120213
[D] 010002f4 13 04 04 01 0 00 00000001 01
[R] 04 01 00000001 ffffdaab
[E] 010002f4 00000002 0
[M] 010002f4 00000002 0 0 ffffdaab
[W] 010002f4 1 04 00000002
[F] 010002f8 00200293
[D] 010002f8 13 05 00 02 0 00 00000002 02
[R] 00 02 00000000 010004c4
[E] 010002f8 00000002 0
[M] 010002f8 00000002 0 0 010004c4
[W] 010002f8 1 05 00000002
[F] 010002fc fc5216e3
[D] 010002fc 63 0d 04 05 1 7e ffffffcc 05
[R] 04 05 00000002 00000002
[E] 010002fc 010002c8 0
[M] 010002fc 010002c8 0 1 00000002
[W] 010002fc 0 0d 010002c8
[F] 01000300 01200193
[D] 01000300 13 03 00 12 0 00 00000012 12
[R] 00 12 00000000 00000000
[E] 01000300 00000012 0
[M] 01000300 00000012 0 0 00000000
[W] 01000300 1 03 00000012
[F] 01000304 00000213
[D] 01000304 13 04 00 00 0 00 00000000 00
[R] 00 00 00000000 00000000
[E] 01000304 00000000 0
[M] 01000304 00000000 0 0 00000000
[W] 01000304 1 04 00000000
[F] 01000308 00000117
[D] 01000308 17 02 00 00 0 00 00000000 00
[R] 00 00 00000000 00000000
[E] 01000308 01000308 0
[M] 01000308 01000308 0 0 00000000
[W] 01000308 1 02 01000308
[F] 0100030c 1bc10113
[D] 0100030c 13 02 02 1c 0 0d 000001bc 1c
[R] 02 1c 01000308 00000000
[E] 0100030c 010004c4 0
[M] 0100030c 010004c4 0 0 00000000
[W] 0100030c 1 02 010004c4
[F] 01000310 000020b7
[D] 01000310 37 01 00 00 2 00 00002000 00
[R] 00 00 00000000 00000000
[E] 01000310 00002000 0
[M] 01000310 00002000 0 2 00000000
[W] 01000310 1 01 00002000
[F] 01000314 23308093
[D] 01000314 13 01 01 13 0 11 00000233 13
[R] 01 13 00002000 00000000
[E] 01000314 00002233 0
[M] 01000314 00002233 0 0 00000000
[W] 01000314 1 01 00002233
[F] 01000318 00111023
[D] 01000318 23 00 02 01 1 00 00000000 01
[R] 02 01 010004c4 00002233
[E] 01000318 010004c4 0
[M] 01000318 010004c4 1 1 00002233
[W] 01000318 0 00 010004c4
[F] 0100031c 00011f03
[D] 0100031c 03 1e 02 00 1 00 00000000 00
[R] 02 00 010004c4 00000000
[E] 0100031c 010004c4 0
[M] 0100031c 010004c4 0 1 00000000
[W] 0100031c 1 1e 00002233
[F] 01000320 00002eb7
[D] 01000320 37 1d 00 00 2 00 00002000 00
[R] 00 00 00000000 00000000
[E] 01000320 00002000 0
[M] 01000320 00002000 0 2 00000000
[W] 01000320 1 1d 00002000
[F] 01000324 233e8e93
[D] 01000324 13 1d 1d 13 0 11 00000233 13
[R] 1d 13 00002000 00000000
[E] 01000324 00002233 0
[M] 01000324 00002233 0 0 00000000
[W] 01000324 1 1d 00002233
[F] 01000328 15df1863
[D] 01000328 63 10 1e 1d 1 0a 00000150 1d
[R] 1e 1d 00002233 00002233
[E] 01000328 01000478 0
[M] 01000328 01000478 0 1 00002233
[W] 01000328 0 10 01000478
[F] 0100032c 00120213
[D] 0100032c 13 04 04 01 0 00 00000001 01
[R] 04 01 00000000 00002233
[E] 0100032c 00000001 0
[M] 0100032c 00000001 0 0 00002233
[W] 0100032c 1 04 00000001
[F] 01000330 00200293
[D] 01000330 13 05 00 02 0 00 00000002 02
[R] 00 02 00000000 010004c4
[E] 01000330 00000002 0
[M] 01000330 00000002 0 0 010004c4
[W] 01000330 1 05 00000002
[F] 01000334 fc521ae3
[D] 01000334 63 15 04 05 1 7e ffffffd4 05
[R] 04 05 00000001 00000002
[E] 01000334 01000308 0
[M] 01000334 01000308 0 1 00000002
[W] 01000334 0 15 01000308
[F] 01000308 00000117
[D] 01000308 17 02 00 00 0 00 00000000 00
[R] 00 00 00000000 00000000
[E] 01000308 01000308 0
[M] 01000308 01000308 0 0 00000000
[W] 01000308 1 02 01000308
[F] 0100030c 1bc10113
[D] 0100030c 13 02 02 1c 0 0d 000001bc 1c
[R] 02 1c 01000308 00000000
[E] 0100030c 010004c4 0
[M] 0100030c 010004c4 0 0 00000000
[W] 0100030c 1 02 010004c4
[F] 01000310 000020b7
[D] 01000310 37 01 00 00 2 00 00002000 00
[R] 00 00 00000000 00000000
[E] 01000310 00002000 0
[M] 01000310 00002000 0 2 00000000
[W] 01000310 1 01 00002000
[F] 01000314 23308093
[D] 01000314 13 01 01 13 0 11 00000233 13
[R] 01 13 00002000 00000000
[E] 01000314 00002233 0
[M] 01000314 00002233 0 0 00000000
[W] 01000314 1 01 00002233
[F] 01000318 00111023
[D] 01000318 23 00 02 01 1 00 00000000 01
[R] 02 01 010004c4 00002233
[E] 01000318 010004c4 0
[M] 01000318 010004c4 1 1 00002233
[W] 01000318 0 00 010004c4
[F] 0100031c 00011f03
[D] 0100031c 03 1e 02 00 1 00 00000000 00
[R] 02 00 010004c4 00000000
[E] 0100031c 010004c4 0
[M] 0100031c 010004c4 0 1 00000000
[W] 0100031c 1 1e 00002233
[F] 01000320 00002eb7
[D] 01000320 37 1d 00 00 2 00 00002000 00
[R] 00 00 00000000 00000000
[E] 01000320 00002000 0
[M] 01000320 00002000 0 2 00000000
[W] 01000320 1 1d 00002000
[F] 01000324 233e8e93
[D] 01000324 13 1d 1d 13 0 11 00000233 13
[R] 1d 13 00002000 00000000
[E] 01000324 00002233 0
[M] 01000324 00002233 0 0 00000000
[W] 01000324 1 1d 00002233
[F] 01000328 15df1863
[D] 01000328 63 10 1e 1d 1 0a 00000150 1d
[R] 1e 1d 00002233 00002233
[E] 01000328 01000478 0
[M] 01000328 01000478 0 1 00002233
[W] 01000328 0 10 01000478
[F] 0100032c 00120213
[D] 0100032c 13 04 04 01 0 00 00000001 01
[R] 04 01 00000001 00002233
[E] 0100032c 00000002 0
[M] 0100032c 00000002 0 0 00002233
[W] 0100032c 1 04 00000002
[F] 01000330 00200293
[D] 01000330 13 05 00 02 0 00 00000002 02
[R] 00 02 00000000 010004c4
[E] 01000330 00000002 0
[M] 01000330 00000002 0 0 010004c4
[W] 01000330 1 05 00000002
[F] 01000334 fc521ae3
[D] 01000334 63 15 04 05 1 7e ffffffd4 05
[R] 04 05 00000002 00000002
[E] 01000334 01000308 0
[M] 01000334 01000308 0 1 00000002
[W] 01000334 0 15 01000308
[F] 01000338 01300193
[D] 01000338 13 03 00 13 0 00 00000013 13
[R] 00 13 00000000 00000000
[E] 01000338 00000013 0
[M] 01000338 00000013 0 0 00000000
[W] 01000338 1 03 00000013
[F] 0100033c 00000213
[D] 0100033c 13 04 00 00 0 00 00000000 00
[R] 00 00 00000000 00000000
[E] 0100033c 00000000 0
[M] 0100033c 00000000 0 0 00000000
[W] 0100033c 1 04 00000000
[F] 01000340 00000117
[D] 01000340 17 02 00 00 0 00 00000000 00
[R] 00 00 00000000 00000000
[E] 01000340 01000340 0
[M] 01000340 01000340 0 0 00000000
[W] 01000340 1 02 01000340
[F] 01000344 18410113
[D] 01000344 13 02 02 04 0 0c 00000184 04
[R] 02 04 01000340 00000000
[E] 01000344 010004c4 0
[M] 01000344 010004c4 0 0 00000000
[W] 01000344 1 02 010004c4
[F] 01000348 000010b7
[D] 01000348 37 01 00 00 1 00 00001000 00
[R] 00 00 00000000 00000000
[E] 01000348 00001000 0
[M] 01000348 00001000 0 1 00000000
[W] 01000348 1 01 00001000
[F] 0100034c 22308093
[D] 0100034c 13 01 01 03 0 11 00000223 03
[R] 01 03 00001000 00000013
[E] 0100034c 00001223 0
[M] 0100034c 00001223 0 0 00000013
[W] 0100034c 1 01 00001223
[F] 01000350 00000013
[D] 01000350 13 00 00 00 0 00 00000000 00
[R] 00 00 00000000 00000000
[E] 01000350 00000000 0
[M] 01000350 00000000 0 0 00000000
[W] 01000350 1 00 00000000
[F] 01000354 00111123
[D] 01000354 23 02 02 01 1 00 00000002 01
[R] 02 01 010004c4 00001223
[E] 01000354 010004c6 0
[M] 01000354 010004c6 1 1 00001223
[W] 01000354 0 02 010004c6
[F] 01000358 00211f03
[D] 01000358 03 1e 02 02 1 00 00000002 02
[R] 02 02 010004c4 010004c4
[E] 01000358 010004c6 0
[M] 01000358 010004c6 0 1 010004c4
[W] 01000358 1 1e 00001223
[F] 0100035c 00001eb7
[D] 0100035c 37 1d 00 00 1 00 00001000 00
[R] 00 00 00000000 00000000
[E] 0100035c 00001000 0
[M] 0100035c 00001000 0 1 00000000
[W] 0100035c 1 1d 00001000
[F] 01000360 223e8e93
[D] 01000360 13 1d 1d 03 0 11 00000223 03
[R] 1d 03 00001000 00000013
[E] 01000360 00001223 0
[M] 01000360 00001223 0 0 00000013
[W] 01000360 1 1d 00001223
[F] 01000364 11df1a63
[D] 01000364 63 14 1e 1d 1 08 00000114 1d
[R] 1e 1d 00001223 00001223
[E] 01000364 01000478 0
[M] 01000364 01000478 0 1 00001223
[W] 01000364 0 14 01000478
[F] 01000368 00120213
[D] 01000368 13 04 04 01 0 00 00000001 01
[R] 04 01 00000000 00001223
[E] 01000368 00000001 0
[M] 01000368 00000001 0 0 00001223
[W] 01000368 1 04 00000001
[F] 0100036c 00200293
[D] 0100036c 13 05 00 02 0 00 00000002 02
[R] 00 02 00000000 010004c4
[E] 0100036c 00000002 0
[M] 0100036c 00000002 0 0 010004c4
[W] 0100036c 1 05 00000002
[F] 01000370 fc5218e3
[D] 01000370 63 11 04 05 1 7e ffffffd0 05
[R] 04 05 00000001 00000002
[E] 01000370 01000340 0
[M] 01000370 01000340 0 1 00000002
[W] 01000370 0 11 01000340
[F] 01000340 00000117
[D] 01000340 17 02 00 00 0 00 00000000 00
[R] 00 00 00000000 00000000
[E] 01000340 01000340 0
[M] 01000340 01000340 0 0 00000000
[W] 01000340 1 02 01000340
[F] 01000344 18410113
[D] 01000344 13 02 02 04 0 0c 00000184 04
[R] 02 04 01000340 00000001
[E] 01000344 010004c4 0
[M] 01000344 010004c4 0 0 00000001
[W] 01000344 1 02 010004c4
[F] 01000348 000010b7
[D] 01000348 37 01 00 00 1 00 00001000 00
[R] 00 00 00000000 00000000
[E] 01000348 00001000 0
[M] 01000348 00001000 0 1 00000000
[W] 01000348 1 01 00001000
[F] 0100034c 22308093
[D] 0100034c 13 01 01 03 0 11 00000223 03
[R] 01 03 00001000 00000013
[E] 0100034c 00001223 0
[M] 0100034c 00001223 0 0 00000013
[W] 0100034c 1 01 00001223
[F] 01000350 00000013
[D] 01000350 13 00 00 00 0 00 00000000 00
[R] 00 00 00000000 00000000
[E] 01000350 00000000 0
[M] 01000350 00000000 0 0 00000000
[W] 01000350 1 00 00000000
[F] 01000354 00111123
[D] 01000354 23 02 02 01 1 00 00000002 01
[R] 02 01 010004c4 00001223
[E] 01000354 010004c6 0
[M] 01000354 010004c6 1 1 00001223
[W] 01000354 0 02 010004c6
[F] 01000358 00211f03
[D] 01000358 03 1e 02 02 1 00 00000002 02
[R] 02 02 010004c4 010004c4
[E] 01000358 010004c6 0
[M] 01000358 010004c6 0 1 010004c4
[W] 01000358 1 1e 00001223
[F] 0100035c 00001eb7
[D] 0100035c 37 1d 00 00 1 00 00001000 00
[R] 00 00 00000000 00000000
[E] 0100035c 00001000 0
[M] 0100035c 00001000 0 1 00000000
[W] 0100035c 1 1d 00001000
[F] 01000360 223e8e93
[D] 01000360 13 1d 1d 03 0 11 00000223 03
[R] 1d 03 00001000 00000013
[E] 01000360 00001223 0
[M] 01000360 00001223 0 0 00000013
[W] 01000360 1 1d 00001223
[F] 01000364 11df1a63
[D] 01000364 63 14 1e 1d 1 08 00000114 1d
[R] 1e 1d 00001223 00001223
[E] 01000364 01000478 0
[M] 01000364 01000478 0 1 00001223
[W] 01000364 0 14 01000478
[F] 01000368 00120213
[D] 01000368 13 04 04 01 0 00 00000001 01
[R] 04 01 00000001 00001223
[E] 01000368 00000002 0
[M] 01000368 00000002 0 0 00001223
[W] 01000368 1 04 00000002
[F] 0100036c 00200293
[D] 0100036c 13 05 00 02 0 00 00000002 02
[R] 00 02 00000000 010004c4
[E] 0100036c 00000002 0
[M] 0100036c 00000002 0 0 010004c4
[W] 0100036c 1 05 00000002
[F] 01000370 fc5218e3
[D] 01000370 63 11 04 05 1 7e ffffffd0 05
[R] 04 05 00000002 00000002
[E] 01000370 01000340 0
[M] 01000370 01000340 0 1 00000002
[W] 01000370 0 11 01000340
[F] 01000374 01400193
[D] 01000374 13 03 00 14 0 00 00000014 14
[R] 00 14 00000000 00000000
[E] 01000374 00000014 0
[M] 01000374 00000014 0 0 00000000
[W] 01000374 1 03 00000014
[F] 01000378 00000213
[D] 01000378 13 04 00 00 0 00 00000000 00
[R] 00 00 00000000 00000000
[E] 01000378 00000000 0
[M] 01000378 00000000 0 0 00000000
[W] 01000378 1 04 00000000
[F] 0100037c 00000117
[D] 0100037c 17 02 00 00 0 00 00000000 00
[R] 00 00 00000000 00000000
[E] 0100037c 0100037c 0
[M] 0100037c 0100037c 0 0 00000000
[W] 0100037c 1 02 0100037c
[F] 01000380 14810113
[D] 01000380 13 02 02 08 0 0a 00000148 08
[R] 02 08 0100037c 00000000
[E] 01000380 010004c4 0
[M] 01000380 010004c4 0 0 00000000
[W] 01000380 1 02 010004c4
[F] 01000384 000010b7
[D] 01000384 37 01 00 00 1 00 00001000 00
[R] 00 00 00000000 00000000
[E] 01000384 00001000 0
[M] 01000384 00001000 0 1 00000000
[W] 01000384 1 01 00001000
[F] 01000388 12208093
[D] 01000388 13 01 01 02 0 09 00000122 02
[R] 01 02 00001000 010004c4
[E] 01000388 00001122 0
[M] 01000388 00001122 0 0 010004c4
[W] 01000388 1 01 00001122
[F] 0100038c 00000013
[D] 0100038c 13 00 00 00 0 00 00000000 00
[R] 00 00 00000000 00000000
[E] 0100038c 00000000 0
[M] 0100038c 00000000 0 0 00000000
[W] 0100038c 1 00 00000000
[F] 01000390 00000013
[D] 01000390 13 00 00 00 0 00 00000000 00
[R] 00 00 00000000 00000000
[E] 01000390 00000000 0
[M] 01000390 00000000 0 0 00000000
[W] 01000390 1 00 00000000
[F] 01000394 00111223
[D] 01000394 23 04 02 01 1 00 00000004 01
[R] 02 01 010004c4 00001122
[E] 01000394 010004c8 0
[M] 01000394 010004c8 1 1 00001122
[W] 01000394 0 04 010004c8
[F] 01000398 00411f03
[D] 01000398 03 1e 02 04 1 00 00000004 04
[R] 02 04 010004c4 00000000
[E] 01000398 010004c8 0
[M] 01000398 010004c8 0 1 00000000
[W] 01000398 1 1e 00001122
[F] 0100039c 00001eb7
[D] 0100039c 37 1d 00 00 1 00 00001000 00
[R] 00 00 00000000 00000000
[E] 0100039c 00001000 0
[M] 0100039c 00001000 0 1 00000000
[W] 0100039c 1 1d 00001000
[F] 010003a0 122e8e93
[D] 010003a0 13 1d 1d 02 0 09 00000122 02
[R] 1d 02 00001000 010004c4
[E] 010003a0 00001122 0
[M] 010003a0 00001122 0 0 010004c4
[W] 010003a0 1 1d 00001122
[F] 010003a4 0ddf1a63
[D] 010003a4 63 14 1e 1d 1 06 000000d4 1d
[R] 1e 1d 00001122 00001122
[E] 010003a4 01000478 0
[M] 010003a4 01000478 0 1 00001122
[W] 010003a4 0 14 01000478
[F] 010003a8 00120213
[D] 010003a8 13 04 04 01 0 00 00000001 01
[R] 04 01 00000000 00001122
[E] 010003a8 00000001 0
[M] 010003a8 00000001 0 0 00001122
[W] 010003a8 1 04 00000001
[F] 010003ac 00200293
[D] 010003ac 13 05 00 02 0 00 00000002 02
[R] 00 02 00000000 010004c4
[E] 010003ac 00000002 0
[M] 010003ac 00000002 0 0 010004c4
[W] 010003ac 1 05 00000002
[F] 010003b0 fc5216e3
[D] 010003b0 63 0d 04 05 1 7e ffffffcc 05
[R] 04 05 00000001 00000002
[E] 010003b0 0100037c 0
[M] 010003b0 0100037c 0 1 00000002
[W] 010003b0 0 0d 0100037c
[F] 0100037c 00000117
[D] 0100037c 17 02 00 00 0 00 00000000 00
[R] 00 00 00000000 00000000
[E] 0100037c 0100037c 0
[M] 0100037c 0100037c 0 0 00000000
[W] 0100037c 1 02 0100037c
[F] 01000380 14810113
[D] 01000380 13 02 02 08 0 0a 00000148 08
[R] 02 08 0100037c 00000000
[E] 01000380 010004c4 0
[M] 01000380 010004c4 0 0 00000000
[W] 01000380 1 02 010004c4
[F] 01000384 000010b7
[D] 01000384 37 01 00 00 1 00 00001000 00
[R] 00 00 00000000 00000000
[E] 01000384 00001000 0
[M] 01000384 00001000 0 1 00000000
[W] 01000384 1 01 00001000
[F] 01000388 12208093
[D] 01000388 13 01 01 02 0 09 00000122 02
[R] 01 02 00001000 010004c4
[E] 01000388 00001122 0
[M] 01000388 00001122 0 0 010004c4
[W] 01000388 1 01 00001122
[F] 0100038c 00000013
[D] 0100038c 13 00 00 00 0 00 00000000 00
[R] 00 00 00000000 00000000
[E] 0100038c 00000000 0
[M] 0100038c 00000000 0 0 00000000
[W] 0100038c 1 00 00000000
[F] 01000390 00000013
[D] 01000390 13 00 00 00 0 00 00000000 00
[R] 00 00 00000000 00000000
[E] 01000390 00000000 0
[M] 01000390 00000000 0 0 00000000
[W] 01000390 1 00 00000000
[F] 01000394 00111223
[D] 01000394 23 04 02 01 1 00 00000004 01
[R] 02 01 010004c4 00001122
[E] 01000394 010004c8 0
[M] 01000394 010004c8 1 1 00001122
[W] 01000394 0 04 010004c8
[F] 01000398 00411f03
[D] 01000398 03 1e 02 04 1 00 00000004 04
[R] 02 04 010004c4 00000001
[E] 01000398 010004c8 0
[M] 01000398 010004c8 0 1 00000001
[W] 01000398 1 1e 00001122
[F] 0100039c 00001eb7
[D] 0100039c 37 1d 00 00 1 00 00001000 00
[R] 00 00 00000000 00000000
[E] 0100039c 00001000 0
[M] 0100039c 00001000 0 1 00000000
[W] 0100039c 1 1d 00001000
[F] 010003a0 122e8e93
[D] 010003a0 13 1d 1d 02 0 09 00000122 02
[R] 1d 02 00001000 010004c4
[E] 010003a0 00001122 0
[M] 010003a0 00001122 0 0 010004c4
[W] 010003a0 1 1d 00001122
[F] 010003a4 0ddf1a63
[D] 010003a4 63 14 1e 1d 1 06 000000d4 1d
[R] 1e 1d 00001122 00001122
[E] 010003a4 01000478 0
[M] 010003a4 01000478 0 1 00001122
[W] 010003a4 0 14 01000478
[F] 010003a8 00120213
[D] 010003a8 13 04 04 01 0 00 00000001 01
[R] 04 01 00000001 00001122
[E] 010003a8 00000002 0
[M] 010003a8 00000002 0 0 00001122
[W] 010003a8 1 04 00000002
[F] 010003ac 00200293
[D] 010003ac 13 05 00 02 0 00 00000002 02
[R] 00 02 00000000 010004c4
[E] 010003ac 00000002 0
[M] 010003ac 00000002 0 0 010004c4
[W] 010003ac 1 05 00000002
[F] 010003b0 fc5216e3
[D] 010003b0 63 0d 04 05 1 7e ffffffcc 05
[R] 04 05 00000002 00000002
[E] 010003b0 0100037c 0
[M] 010003b0 0100037c 0 1 00000002
[W] 010003b0 0 0d 0100037c
[F] 010003b4 01500193
[D] 010003b4 13 03 00 15 0 00 00000015 15
[R] 00 15 00000000 00000000
[E] 010003b4 00000015 0
[M] 010003b4 00000015 0 0 00000000
[W] 010003b4 1 03 00000015
[F] 010003b8 00000213
[D] 010003b8 13 04 00 00 0 00 00000000 00
[R] 00 00 00000000 00000000
[E] 010003b8 00000000 0
[M] 010003b8 00000000 0 0 00000000
[W] 010003b8 1 04 00000000
[F] 010003bc 00000117
[D] 010003bc 17 02 00 00 0 00 00000000 00
[R] 00 00 00000000 00000000
[E] 010003bc 010003bc 0
[M] 010003bc 010003bc 0 0 00000000
[W] 010003bc 1 02 010003bc
[F] 010003c0 10810113
[D] 010003c0 13 02 02 08 0 08 00000108 08
[R] 02 08 010003bc 00000000
[E] 010003c0 010004c4 0
[M] 010003c0 010004c4 0 0 00000000
[W] 010003c0 1 02 010004c4
[F] 010003c4 00000013
[D] 010003c4 13 00 00 00 0 00 00000000 00
[R] 00 00 00000000 00000000
[E] 010003c4 00000000 0
[M] 010003c4 00000000 0 0 00000000
[W] 010003c4 1 00 00000000
[F] 010003c8 11200093
[D] 010003c8 13 01 00 12 0 08 00000112 12
[R] 00 12 00000000 00000000
[E] 010003c8 00000112 0
[M] 010003c8 00000112 0 0 00000000
[W] 010003c8 1 01 00000112
[F] 010003cc 00111323
[D] 010003cc 23 06 02 01 1 00 00000006 01
[R] 02 01 010004c4 00000112
[E] 010003cc 010004ca 0
[M] 010003cc 010004ca 1 1 00000112
[W] 010003cc 0 06 010004ca
[F] 010003d0 00611f03
[D] 010003d0 03 1e 02 06 1 00 00000006 06
[R] 02 06 010004c4 00000000
[E] 010003d0 010004ca 0
[M] 010003d0 010004ca 0 1 00000000
[W] 010003d0 1 1e 00000112
[F] 010003d4 11200e93
[D] 010003d4 13 1d 00 12 0 08 00000112 12
[R] 00 12 00000000 00000000
[E] 010003d4 00000112 0
[M] 010003d4 00000112 0 0 00000000
[W] 010003d4 1 1d 00000112
[F] 010003d8 0bdf1063
[D] 010003d8 63 00 1e 1d 1 05 000000a0 1d
[R] 1e 1d 00000112 00000112
[E] 010003d8 01000478 0
[M] 010003d8 01000478 0 1 00000112
[W] 010003d8 0 00 01000478
[F] 010003dc 00120213
[D] 010003dc 13 04 04 01 0 00 00000001 01
[R] 04 01 00000000 00000112
[E] 010003dc 00000001 0
[M] 010003dc 00000001 0 0 00000112
[W] 010003dc 1 04 00000001
[F] 010003e0 00200293
[D] 010003e0 13 05 00 02 0 00 00000002 02
[R] 00 02 00000000 010004c4
[E] 010003e0 00000002 0
[M] 010003e0 00000002 0 0 010004c4
[W] 010003e0 1 05 00000002
[F] 010003e4 fc521ce3
[D] 010003e4 63 19 04 05 1 7e ffffffd8 05
[R] 04 05 00000001 00000002
[E] 010003e4 010003bc 0
[M] 010003e4 010003bc 0 1 00000002
[W] 010003e4 0 19 010003bc
[F] 010003bc 00000117
[D] 010003bc 17 02 00 00 0 00 00000000 00
[R] 00 00 00000000 00000000
[E] 010003bc 010003bc 0
[M] 010003bc 010003bc 0 0 00000000
[W] 010003bc 1 02 010003bc
[F] 010003c0 10810113
[D] 010003c0 13 02 02 08 0 08 00000108 08
[R] 02 08 010003bc 00000000
[E] 010003c0 010004c4 0
[M] 010003c0 010004c4 0 0 00000000
[W] 010003c0 1 02 010004c4
[F] 010003c4 00000013
[D] 010003c4 13 00 00 00 0 00 00000000 00
[R] 00 00 00000000 00000000
[E] 010003c4 00000000 0
[M] 010003c4 00000000 0 0 00000000
[W] 010003c4 1 00 00000000
[F] 010003c8 11200093
[D] 010003c8 13 01 00 12 0 08 00000112 12
[R] 00 12 00000000 00000000
[E] 010003c8 00000112 0
[M] 010003c8 00000112 0 0 00000000
[W] 010003c8 1 01 00000112
[F] 010003cc 00111323
[D] 010003cc 23 06 02 01 1 00 00000006 01
[R] 02 01 010004c4 00000112
[E] 010003cc 010004ca 0
[M] 010003cc 010004ca 1 1 00000112
[W] 010003cc 0 06 010004ca
[F] 010003d0 00611f03
[D] 010003d0 03 1e 02 06 1 00 00000006 06
[R] 02 06 010004c4 00000000
[E] 010003d0 010004ca 0
[M] 010003d0 010004ca 0 1 00000000
[W] 010003d0 1 1e 00000112
[F] 010003d4 11200e93
[D] 010003d4 13 1d 00 12 0 08 00000112 12
[R] 00 12 00000000 00000000
[E] 010003d4 00000112 0
[M] 010003d4 00000112 0 0 00000000
[W] 010003d4 1 1d 00000112
[F] 010003d8 0bdf1063
[D] 010003d8 63 00 1e 1d 1 05 000000a0 1d
[R] 1e 1d 00000112 00000112
[E] 010003d8 01000478 0
[M] 010003d8 01000478 0 1 00000112
[W] 010003d8 0 00 01000478
[F] 010003dc 00120213
[D] 010003dc 13 04 04 01 0 00 00000001 01
[R] 04 01 00000001 00000112
[E] 010003dc 00000002 0
[M] 010003dc 00000002 0 0 00000112
[W] 010003dc 1 04 00000002
[F] 010003e0 00200293
[D] 010003e0 13 05 00 02 0 00 00000002 02
[R] 00 02 00000000 010004c4
[E] 010003e0 00000002 0
[M] 010003e0 00000002 0 0 010004c4
[W] 010003e0 1 05 00000002
[F] 010003e4 fc521ce3
[D] 010003e4 63 19 04 05 1 7e ffffffd8 05
[R] 04 05 00000002 00000002
[E] 010003e4 010003bc 0
[M] 010003e4 010003bc 0 1 00000002
[W] 010003e4 0 19 010003bc
[F] 010003e8 01600193
[D] 010003e8 13 03 00 16 0 00 00000016 16
[R] 00 16 00000000 00000000
[E] 010003e8 00000016 0
[M] 010003e8 00000016 0 0 00000000
[W] 010003e8 1 03 00000016
[F] 010003ec 00000213
[D] 010003ec 13 04 00 00 0 00 00000000 00
[R] 00 00 00000000 00000000
[E] 010003ec 00000000 0
[M] 010003ec 00000000 0 0 00000000
[W] 010003ec 1 04 00000000
[F] 010003f0 00000117
[D] 010003f0 17 02 00 00 0 00 00000000 00
[R] 00 00 00000000 00000000
[E] 010003f0 010003f0 0
[M] 010003f0 010003f0 0 0 00000000
[W] 010003f0 1 02 010003f0
[F] 010003f4 0d410113
[D] 010003f4 13 02 02 14 0 06 000000d4 14
[R] 02 14 010003f0 00000000
[E] 010003f4 010004c4 0
[M] 010003f4 010004c4 0 0 00000000
[W] 010003f4 1 02 010004c4
[F] 010003f8 00000013
[D] 010003f8 13 00 00 00 0 00 00000000 00
[R] 00 00 00000000 00000000
[E] 010003f8 00000000 0
[M] 010003f8 00000000 0 0 00000000
[W] 010003f8 1 00 00000000
[F] 010003fc 01100093
[D] 010003fc 13 01 00 11 0 00 00000011 11
[R] 00 11 00000000 00000000
[E] 010003fc 00000011 0
[M] 010003fc 00000011 0 0 00000000
[W] 010003fc 1 01 00000011
[F] 01000400 00000013
[D] 01000400 13 00 00 00 0 00 00000000 00
[R] 00 00 00000000 00000000
[E] 01000400 00000000 0
[M] 01000400 00000000 0 0 00000000
[W] 01000400 1 00 00000000
[F] 01000404 00111423
[D] 01000404 23 08 02 01 1 00 00000008 01
[R] 02 01 010004c4 00000011
[E] 01000404 010004cc 0
[M] 01000404 010004cc 1 1 00000011
[W] 01000404 0 08 010004cc
[F] 01000408 00811f03
[D] 01000408 03 1e 02 08 1 00 00000008 08
[R] 02 08 010004c4 00000000
[E] 01000408 010004cc 0
[M] 01000408 010004cc 0 1 00000000
[W] 01000408 1 1e 00000011
[F] 0100040c 01100e93
[D] 0100040c 13 1d 00 11 0 00 00000011 11
[R] 00 11 00000000 00000000
[E] 0100040c 00000011 0
[M] 0100040c 00000011 0 0 00000000
[W] 0100040c 1 1d 00000011
[F] 01000410 07df1463
[D] 01000410 63 08 1e 1d 1 03 00000068 1d
[R] 1e 1d 00000011 00000011
[E] 01000410 01000478 0
[M] 01000410 01000478 0 1 00000011
[W] 01000410 0 08 01000478
[F] 01000414 00120213
[D] 01000414 13 04 04 01 0 00 00000001 01
[R] 04 01 00000000 00000011
[E] 01000414 00000001 0
[M] 01000414 00000001 0 0 00000011
[W] 01000414 1 04 00000001
[F] 01000418 00200293
[D] 01000418 13 05 00 02 0 00 00000002 02
[R] 00 02 00000000 010004c4
[E] 01000418 00000002 0
[M] 01000418 00000002 0 0 010004c4
[W] 01000418 1 05 00000002
[F] 0100041c fc521ae3
[D] 0100041c 63 15 04 05 1 7e ffffffd4 05
[R] 04 05 00000001 00000002
[E] 0100041c 010003f0 0
[M] 0100041c 010003f0 0 1 00000002
[W] 0100041c 0 15 010003f0
[F] 010003f0 00000117
[D] 010003f0 17 02 00 00 0 00 00000000 00
[R] 00 00 00000000 00000000
[E] 010003f0 010003f0 0
[M] 010003f0 010003f0 0 0 00000000
[W] 010003f0 1 02 010003f0
[F] 010003f4 0d410113
[D] 010003f4 13 02 02 14 0 06 000000d4 14
[R] 02 14 010003f0 00000000
[E] 010003f4 010004c4 0
[M] 010003f4 010004c4 0 0 00000000
[W] 010003f4 1 02 010004c4
[F] 010003f8 00000013
[D] 010003f8 13 00 00 00 0 00 00000000 00
[R] 00 00 00000000 00000000
[E] 010003f8 00000000 0
[M] 010003f8 00000000 0 0 00000000
[W] 010003f8 1 00 00000000
[F] 010003fc 01100093
[D] 010003fc 13 01 00 11 0 00 00000011 11
[R] 00 11 00000000 00000000
[E] 010003fc 00000011 0
[M] 010003fc 00000011 0 0 00000000
[W] 010003fc 1 01 00000011
[F] 01000400 00000013
[D] 01000400 13 00 00 00 0 00 00000000 00
[R] 00 00 00000000 00000000
[E] 01000400 00000000 0
[M] 01000400 00000000 0 0 00000000
[W] 01000400 1 00 00000000
[F] 01000404 00111423
[D] 01000404 23 08 02 01 1 00 00000008 01
[R] 02 01 010004c4 00000011
[E] 01000404 010004cc 0
[M] 01000404 010004cc 1 1 00000011
[W] 01000404 0 08 010004cc
[F] 01000408 00811f03
[D] 01000408 03 1e 02 08 1 00 00000008 08
[R] 02 08 010004c4 00000000
[E] 01000408 010004cc 0
[M] 01000408 010004cc 0 1 00000000
[W] 01000408 1 1e 00000011
[F] 0100040c 01100e93
[D] 0100040c 13 1d 00 11 0 00 00000011 11
[R] 00 11 00000000 00000000
[E] 0100040c 00000011 0
[M] 0100040c 00000011 0 0 00000000
[W] 0100040c 1 1d 00000011
[F] 01000410 07df1463
[D] 01000410 63 08 1e 1d 1 03 00000068 1d
[R] 1e 1d 00000011 00000011
[E] 01000410 01000478 0
[M] 01000410 01000478 0 1 00000011
[W] 01000410 0 08 01000478
[F] 01000414 00120213
[D] 01000414 13 04 04 01 0 00 00000001 01
[R] 04 01 00000001 00000011
[E] 01000414 00000002 0
[M] 01000414 00000002 0 0 00000011
[W] 01000414 1 04 00000002
[F] 01000418 00200293
[D] 01000418 13 05 00 02 0 00 00000002 02
[R] 00 02 00000000 010004c4
[E] 01000418 00000002 0
[M] 01000418 00000002 0 0 010004c4
[W] 01000418 1 05 00000002
[F] 0100041c fc521ae3
[D] 0100041c 63 15 04 05 1 7e ffffffd4 05
[R] 04 05 00000002 00000002
[E] 0100041c 010003f0 0
[M] 0100041c 010003f0 0 1 00000002
[W] 0100041c 0 15 010003f0
[F] 01000420 01700193
[D] 01000420 13 03 00 17 0 00 00000017 17
[R] 00 17 00000000 00000000
[E] 01000420 00000017 0
[M] 01000420 00000017 0 0 00000000
[W] 01000420 1 03 00000017
[F] 01000424 00000213
[D] 01000424 13 04 00 00 0 00 00000000 00
[R] 00 00 00000000 00000000
[E] 01000424 00000000 0
[M] 01000424 00000000 0 0 00000000
[W] 01000424 1 04 00000000
[F] 01000428 00000117
[D] 01000428 17 02 00 00 0 00 00000000 00
[R] 00 00 00000000 00000000
[E] 01000428 01000428 0
[M] 01000428 01000428 0 0 00000000
[W] 01000428 1 02 01000428
[F] 0100042c 09c10113
[D] 0100042c 13 02 02 1c 0 04 0000009c 1c
[R] 02 1c 01000428 00000000
[E] 0100042c 010004c4 0
[M] 0100042c 010004c4 0 0 00000000
[W] 0100042c 1 02 010004c4
[F] 01000430 00000013
[D] 01000430 13 00 00 00 0 00 00000000 00
[R] 00 00 00000000 00000000
[E] 01000430 00000000 0
[M] 01000430 00000000 0 0 00000000
[W] 01000430 1 00 00000000
[F] 01000434 00000013
[D] 01000434 13 00 00 00 0 00 00000000 00
[R] 00 00 00000000 00000000
[E] 01000434 00000000 0
[M] 01000434 00000000 0 0 00000000
[W] 01000434 1 00 00000000
[F] 01000438 000030b7
[D] 01000438 37 01 00 00 3 00 00003000 00
[R] 00 00 00000000 00000000
[E] 01000438 00003000 0
[M] 01000438 00003000 0 3 00000000
[W] 01000438 1 01 00003000
[F] 0100043c 00108093
[D] 0100043c 13 01 01 01 0 00 00000001 01
[R] 01 01 00003000 00003000
[E] 0100043c 00003001 0
[M] 0100043c 00003001 0 0 00003000
[W] 0100043c 1 01 00003001
[F] 01000440 00111523
[D] 01000440 23 0a 02 01 1 00 0000000a 01
[R] 02 01 010004c4 00003001
[E] 01000440 010004ce 0
[M] 01000440 010004ce 1 1 00003001
[W] 01000440 0 0a 010004ce
[F] 01000444 00a11f03
[D] 01000444 03 1e 02 0a 1 00 0000000a 0a
[R] 02 0a 010004c4 00000000
[E] 01000444 010004ce 0
[M] 01000444 010004ce 0 1 00000000
[W] 01000444 1 1e 00003001
[F] 01000448 00003eb7
[D] 01000448 37 1d 00 00 3 00 00003000 00
[R] 00 00 00000000 00000000
[E] 01000448 00003000 0
[M] 01000448 00003000 0 3 00000000
[W] 01000448 1 1d 00003000
[F] 0100044c 001e8e93
[D] 0100044c 13 1d 1d 01 0 00 00000001 01
[R] 1d 01 00003000 00003001
[E] 0100044c 00003001 0
[M] 0100044c 00003001 0 0 00003001
[W] 0100044c 1 1d 00003001
[F] 01000450 03df1463
[D] 01000450 63 08 1e 1d 1 01 00000028 1d
[R] 1e 1d 00003001 00003001
[E] 01000450 01000478 0
[M] 01000450 01000478 0 1 00003001
[W] 01000450 0 08 01000478
[F] 01000454 00120213
[D] 01000454 13 04 04 01 0 00 00000001 01
[R] 04 01 00000000 00003001
[E] 01000454 00000001 0
[M] 01000454 00000001 0 0 00003001
[W] 01000454 1 04 00000001
[F] 01000458 00200293
[D] 01000458 13 05 00 02 0 00 00000002 02
[R] 00 02 00000000 010004c4
[E] 01000458 00000002 0
[M] 01000458 00000002 0 0 010004c4
[W] 01000458 1 05 00000002
[F] 0100045c fc5216e3
[D] 0100045c 63 0d 04 05 1 7e ffffffcc 05
[R] 04 05 00000001 00000002
[E] 0100045c 01000428 0
[M] 0100045c 01000428 0 1 00000002
[W] 0100045c 0 0d 01000428
[F] 01000428 00000117
[D] 01000428 17 02 00 00 0 00 00000000 00
[R] 00 00 00000000 00000000
[E] 01000428 01000428 0
[M] 01000428 01000428 0 0 00000000
[W] 01000428 1 02 01000428
[F] 0100042c 09c10113
[D] 0100042c 13 02 02 1c 0 04 0000009c 1c
[R] 02 1c 01000428 00000000
[E] 0100042c 010004c4 0
[M] 0100042c 010004c4 0 0 00000000
[W] 0100042c 1 02 010004c4
[F] 01000430 00000013
[D] 01000430 13 00 00 00 0 00 00000000 00
[R] 00 00 00000000 00000000
[E] 01000430 00000000 0
[M] 01000430 00000000 0 0 00000000
[W] 01000430 1 00 00000000
[F] 01000434 00000013
[D] 01000434 13 00 00 00 0 00 00000000 00
[R] 00 00 00000000 00000000
[E] 01000434 00000000 0
[M] 01000434 00000000 0 0 00000000
[W] 01000434 1 00 00000000
[F] 01000438 000030b7
[D] 01000438 37 01 00 00 3 00 00003000 00
[R] 00 00 00000000 00000000
[E] 01000438 00003000 0
[M] 01000438 00003000 0 3 00000000
[W] 01000438 1 01 00003000
[F] 0100043c 00108093
[D] 0100043c 13 01 01 01 0 00 00000001 01
[R] 01 01 00003000 00003000
[E] 0100043c 00003001 0
[M] 0100043c 00003001 0 0 00003000
[W] 0100043c 1 01 00003001
[F] 01000440 00111523
[D] 01000440 23 0a 02 01 1 00 0000000a 01
[R] 02 01 010004c4 00003001
[E] 01000440 010004ce 0
[M] 01000440 010004ce 1 1 00003001
[W] 01000440 0 0a 010004ce
[F] 01000444 00a11f03
[D] 01000444 03 1e 02 0a 1 00 0000000a 0a
[R] 02 0a 010004c4 00000000
[E] 01000444 010004ce 0
[M] 01000444 010004ce 0 1 00000000
[W] 01000444 1 1e 00003001
[F] 01000448 00003eb7
[D] 01000448 37 1d 00 00 3 00 00003000 00
[R] 00 00 00000000 00000000
[E] 01000448 00003000 0
[M] 01000448 00003000 0 3 00000000
[W] 01000448 1 1d 00003000
[F] 0100044c 001e8e93
[D] 0100044c 13 1d 1d 01 0 00 00000001 01
[R] 1d 01 00003000 00003001
[E] 0100044c 00003001 0
[M] 0100044c 00003001 0 0 00003001
[W] 0100044c 1 1d 00003001
[F] 01000450 03df1463
[D] 01000450 63 08 1e 1d 1 01 00000028 1d
[R] 1e 1d 00003001 00003001
[E] 01000450 01000478 0
[M] 01000450 01000478 0 1 00003001
[W] 01000450 0 08 01000478
[F] 01000454 00120213
[D] 01000454 13 04 04 01 0 00 00000001 01
[R] 04 01 00000001 00003001
[E] 01000454 00000002 0
[M] 01000454 00000002 0 0 00003001
[W] 01000454 1 04 00000002
[F] 01000458 00200293
[D] 01000458 13 05 00 02 0 00 00000002 02
[R] 00 02 00000000 010004c4
[E] 01000458 00000002 0
[M] 01000458 00000002 0 0 010004c4
[W] 01000458 1 05 00000002
[F] 0100045c fc5216e3
[D] 0100045c 63 0d 04 05 1 7e ffffffcc 05
[R] 04 05 00000002 00000002
[E] 0100045c 01000428 0
[M] 0100045c 01000428 0 1 00000002
[W] 0100045c 0 0d 01000428
[F] 01000460 0000c537
[D] 01000460 37 0a 00 00 4 00 0000c000 00
[R] 00 00 00000000 00000000
[E] 01000460 0000c000 0
[M] 01000460 0000c000 0 0 00000000
[W] 01000460 1 0a 0000c000
[F] 01000464 eef50513
[D] 01000464 13 0a 0a 0f 0 77 fffffeef 0f
[R] 0a 0f 0000c000 00000000
[E] 01000464 0000beef 0
[M] 01000464 0000beef 0 0 00000000
[W] 01000464 1 0a 0000beef
[F] 01000468 00000597
[D] 01000468 17 0b 00 00 0 00 00000000 00
[R] 00 00 00000000 00000000
[E] 01000468 01000468 0
[M] 01000468 01000468 0 0 00000000
[W] 01000468 1 0b 01000468
[F] 0100046c 05c58593
[D] 0100046c 13 0b 0b 1c 0 02 0000005c 1c
[R] 0b 1c 01000468 00000000
[E] 0100046c 010004c4 0
[M] 0100046c 010004c4 0 0 00000000
[W] 0100046c 1 0b 010004c4
[F] 01000470 00a59323
[D] 01000470 23 06 0b 0a 1 00 00000006 0a
[R] 0b 0a 010004c4 0000beef
[E] 01000470 010004ca 0
[M] 01000470 010004ca 1 1 0000beef
[W] 01000470 0 06 010004ca
[F] 01000474 00301c63
[D] 01000474 63 18 00 03 1 00 00000018 03
[R] 00 03 00000000 00000017
[E] 01000474 0100048c 0
[M] 01000474 0100048c 0 1 00000017
[W] 01000474 0 18 0100048c
[F] 0100048c 0ff0000f
[D] 0100048c 0f 00 00 1f 0 07 00000000 1f
[R] 00 1f 00000000 00000000
[E] 0100048c 00000000 0
[M] 0100048c 00000000 0 0 00000000
[W] 0100048c 1 00 00000000
[F] 01000490 00100193
[D] 01000490 13 03 00 01 0 00 00000001 01
[R] 00 01 00000000 00003001
[E] 01000490 00000001 0
[M] 01000490 00000001 0 0 00003001
[W] 01000490 1 03 00000001
[F] 01000494 00000073
[D] 01000494 73 00 00 00 0 00 00000000 00
[R] 00 00 00000000 00000000
[E] 01000494 00000000 0
[M] 01000494 00000000 0 0 00000000
[W] 01000494 0 00 00000000
