[F] 01000000 00200193
[D] 01000000 13 03 00 02 0 00 00000002 02
[R] 00 02 00000000 01100000
[E] 01000000 00000002 0
[M] 01000000 00000002 0 0 01100000
[W] 01000000 1 03 00000002
[F] 01000004 00000093
[D] 01000004 13 01 00 00 0 00 00000000 00
[R] 00 00 00000000 00000000
[E] 01000004 00000000 0
[M] 01000004 00000000 0 0 00000000
[W] 01000004 1 01 00000000
[F] 01000008 00000113
[D] 01000008 13 02 00 00 0 00 00000000 00
[R] 00 00 00000000 00000000
[E] 01000008 00000000 0
[M] 01000008 00000000 0 0 00000000
[W] 01000008 1 02 00000000
[F] 0100000c 0020d663
[D] 0100000c 63 0c 01 02 5 00 0000000c 02
[R] 01 02 00000000 00000000
[E] 0100000c 01000018 0
[M] 0100000c 01000018 0 1 00000000
[W] 0100000c 0 0c 01000018
[F] 01000018 fe20dee3
[D] 01000018 63 1d 01 02 5 7f fffffffc 02
[R] 01 02 00000000 00000000
[E] 01000018 01000014 0
[M] 01000018 01000014 0 1 00000000
[W] 01000018 0 1d 01000014
[F] 01000014 00301663
[D] 01000014 63 0c 00 03 1 00 0000000c 03
[R] 00 03 00000000 00000002
[E] 01000014 01000020 0
[M] 01000014 01000020 0 1 00000002
[W] 01000014 0 0c 01000020
[F] 01000020 00300193
[D] 01000020 13 03 00 03 0 00 00000003 03
[R] 00 03 00000000 00000002
[E] 01000020 00000003 0
[M] 01000020 00000003 0 0 00000002
[W] 01000020 1 03 00000003
[F] 01000024 00100093
[D] 01000024 13 01 00 01 0 00 00000001 01
[R] 00 01 00000000 00000000
[E] 01000024 00000001 0
[M] 01000024 00000001 0 0 00000000
[W] 01000024 1 01 00000001
[F] 01000028 00100113
[D] 01000028 13 02 00 01 0 00 00000001 01
[R] 00 01 00000000 00000001
[E] 01000028 00000001 0
[M] 01000028 00000001 0 0 00000001
[W] 01000028 1 02 00000001
[F] 0100002c 0020d663
[D] 0100002c 63 0c 01 02 5 00 0000000c 02
[R] 01 02 00000001 00000001
[E] 0100002c 01000038 0
[M] 0100002c 01000038 0 1 00000001
[W] 0100002c 0 0c 01000038
[F] 01000038 fe20dee3
[D] 01000038 63 1d 01 02 5 7f fffffffc 02
[R] 01 02 00000001 00000001
[E] 01000038 01000034 0
[M] 01000038 01000034 0 1 00000001
[W] 01000038 0 1d 01000034
[F] 01000034 00301663
[D] 01000034 63 0c 00 03 1 00 0000000c 03
[R] 00 03 00000000 00000003
[E] 01000034 01000040 0
[M] 01000034 01000040 0 1 00000003
[W] 01000034 0 0c 01000040
[F] 01000040 00400193
[D] 01000040 13 03 00 04 0 00 00000004 04
[R] 00 04 00000000 00000000
[E] 01000040 00000004 0
[M] 01000040 00000004 0 0 00000000
[W] 01000040 1 03 00000004
[F] 01000044 fff00093
[D] 01000044 13 01 00 1f 0 7f ffffffff 1f
[R] 00 1f 00000000 00000000
[E] 01000044 ffffffff 0
[M] 01000044 ffffffff 0 0 00000000
[W] 01000044 1 01 ffffffff
[F] 01000048 fff00113
[D] 01000048 13 02 00 1f 0 7f ffffffff 1f
[R] 00 1f 00000000 00000000
[E] 01000048 ffffffff 0
[M] 01000048 ffffffff 0 0 00000000
[W] 01000048 1 02 ffffffff
[F] 0100004c 0020d663
[D] 0100004c 63 0c 01 02 5 00 0000000c 02
[R] 01 02 ffffffff ffffffff
[E] 0100004c 01000058 0
[M] 0100004c 01000058 0 1 ffffffff
[W] 0100004c 0 0c 01000058
[F] 01000058 fe20dee3
[D] 01000058 63 1d 01 02 5 7f fffffffc 02
[R] 01 02 ffffffff ffffffff
[E] 01000058 01000054 0
[M] 01000058 01000054 0 1 ffffffff
[W] 01000058 0 1d 01000054
[F] 01000054 00301663
[D] 01000054 63 0c 00 03 1 00 0000000c 03
[R] 00 03 00000000 00000004
[E] 01000054 01000060 0
[M] 01000054 01000060 0 1 00000004
[W] 01000054 0 0c 01000060
[F] 01000060 00500193
[D] 01000060 13 03 00 05 0 00 00000005 05
[R] 00 05 00000000 00000000
[E] 01000060 00000005 0
[M] 01000060 00000005 0 0 00000000
[W] 01000060 1 03 00000005
[F] 01000064 00100093
[D] 01000064 13 01 00 01 0 00 00000001 01
[R] 00 01 00000000 ffffffff
[E] 01000064 00000001 0
[M] 01000064 00000001 0 0 ffffffff
[W] 01000064 1 01 00000001
[F] 01000068 00000113
[D] 01000068 13 02 00 00 0 00 00000000 00
[R] 00 00 00000000 00000000
[E] 01000068 00000000 0
[M] 01000068 00000000 0 0 00000000
[W] 01000068 1 02 00000000
[F] 0100006c 0020d663
[D] 0100006c 63 0c 01 02 5 00 0000000c 02
[R] 01 02 00000001 00000000
[E] 0100006c 01000078 0
[M] 0100006c 01000078 0 1 00000000
[W] 0100006c 0 0c 01000078
[F] 01000078 fe20dee3
[D] 01000078 63 1d 01 02 5 7f fffffffc 02
[R] 01 02 00000001 00000000
[E] 01000078 01000074 0
[M] 01000078 01000074 0 1 00000000
[W] 01000078 0 1d 01000074
[F] 01000074 00301663
[D] 01000074 63 0c 00 03 1 00 0000000c 03
[R] 00 03 00000000 00000005
[E] 01000074 01000080 0
[M] 01000074 01000080 0 1 00000005
[W] 01000074 0 0c 01000080
[F] 01000080 00600193
[D] 01000080 13 03 00 06 0 00 00000006 06
[R] 00 06 00000000 00000000
[E] 01000080 00000006 0
[M] 01000080 00000006 0 0 00000000
[W] 01000080 1 03 00000006
[F] 01000084 00100093
[D] 01000084 13 01 00 01 0 00 00000001 01
[R] 00 01 00000000 00000001
[E] 01000084 00000001 0
[M] 01000084 00000001 0 0 00000001
[W] 01000084 1 01 00000001
[F] 01000088 fff00113
[D] 01000088 13 02 00 1f 0 7f ffffffff 1f
[R] 00 1f 00000000 00000000
[E] 01000088 ffffffff 0
[M] 01000088 ffffffff 0 0 00000000
[W] 01000088 1 02 ffffffff
[F] 0100008c 0020d663
[D] 0100008c 63 0c 01 02 5 00 0000000c 02
[R] 01 02 00000001 ffffffff
[E] 0100008c 01000098 0
[M] 0100008c 01000098 0 1 ffffffff
[W] 0100008c 0 0c 01000098
[F] 01000098 fe20dee3
[D] 01000098 63 1d 01 02 5 7f fffffffc 02
[R] 01 02 00000001 ffffffff
[E] 01000098 01000094 0
[M] 01000098 01000094 0 1 ffffffff
[W] 01000098 0 1d 01000094
[F] 01000094 00301663
[D] 01000094 63 0c 00 03 1 00 0000000c 03
[R] 00 03 00000000 00000006
[E] 01000094 010000a0 0
[M] 01000094 010000a0 0 1 00000006
[W] 01000094 0 0c 010000a0
[F] 010000a0 00700193
[D] 010000a0 13 03 00 07 0 00 00000007 07
[R] 00 07 00000000 00000000
[E] 010000a0 00000007 0
[M] 010000a0 00000007 0 0 00000000
[W] 010000a0 1 03 00000007
[F] 010000a4 fff00093
[D] 010000a4 13 01 00 1f 0 7f ffffffff 1f
[R] 00 1f 00000000 00000000
[E] 010000a4 ffffffff 0
[M] 010000a4 ffffffff 0 0 00000000
[W] 010000a4 1 01 ffffffff
[F] 010000a8 ffe00113
[D] 010000a8 13 02 00 1e 0 7f fffffffe 1e
[R] 00 1e 00000000 00000000
[E] 010000a8 fffffffe 0
[M] 010000a8 fffffffe 0 0 00000000
[W] 010000a8 1 02 fffffffe
[F] 010000ac 0020d663
[D] 010000ac 63 0c 01 02 5 00 0000000c 02
[R] 01 02 ffffffff fffffffe
[E] 010000ac 010000b8 0
[M] 010000ac 010000b8 0 1 fffffffe
[W] 010000ac 0 0c 010000b8
[F] 010000b8 fe20dee3
[D] 010000b8 63 1d 01 02 5 7f fffffffc 02
[R] 01 02 ffffffff fffffffe
[E] 010000b8 010000b4 0
[M] 010000b8 010000b4 0 1 fffffffe
[W] 010000b8 0 1d 010000b4
[F] 010000b4 00301663
[D] 010000b4 63 0c 00 03 1 00 0000000c 03
[R] 00 03 00000000 00000007
[E] 010000b4 010000c0 0
[M] 010000b4 010000c0 0 1 00000007
[W] 010000b4 0 0c 010000c0
[F] 010000c0 00800193
[D] 010000c0 13 03 00 08 0 00 00000008 08
[R] 00 08 00000000 00000000
[E] 010000c0 00000008 0
[M] 010000c0 00000008 0 0 00000000
[W] 010000c0 1 03 00000008
[F] 010000c4 00000093
[D] 010000c4 13 01 00 00 0 00 00000000 00
[R] 00 00 00000000 00000000
[E] 010000c4 00000000 0
[M] 010000c4 00000000 0 0 00000000
[W] 010000c4 1 01 00000000
[F] 010000c8 00100113
[D] 010000c8 13 02 00 01 0 00 00000001 01
[R] 00 01 00000000 00000000
[E] 010000c8 00000001 0
[M] 010000c8 00000001 0 0 00000000
[W] 010000c8 1 02 00000001
[F] 010000cc 0020d463
[D] 010000cc 63 08 01 02 5 00 00000008 02
[R] 01 02 00000000 00000001
[E] 010000cc 010000d4 0
[M] 010000cc 010000d4 0 1 00000001
[W] 010000cc 0 08 010000d4
[F] 010000d0 00301463
[D] 010000d0 63 08 00 03 1 00 00000008 03
[R] 00 03 00000000 00000008
[E] 010000d0 010000d8 0
[M] 010000d0 010000d8 0 1 00000008
[W] 010000d0 0 08 010000d8
[F] 010000d8 fe20dee3
[D] 010000d8 63 1d 01 02 5 7f fffffffc 02
[R] 01 02 00000000 00000001
[E] 010000d8 010000d4 0
[M] 010000d8 010000d4 0 1 00000001
[W] 010000d8 0 1d 010000d4
[F] 010000dc 00900193
[D] 010000dc 13 03 00 09 0 00 00000009 09
[R] 00 09 00000000 00000000
[E] 010000dc 00000009 0
[M] 010000dc 00000009 0 0 00000000
[W] 010000dc 1 03 00000009
[F] 010000e0 fff00093
[D] 010000e0 13 01 00 1f 0 7f ffffffff 1f
[R] 00 1f 00000000 00000000
[E] 010000e0 ffffffff 0
[M] 010000e0 ffffffff 0 0 00000000
[W] 010000e0 1 01 ffffffff
[F] 010000e4 00100113
[D] 010000e4 13 02 00 01 0 00 00000001 01
[R] 00 01 00000000 ffffffff
[E] 010000e4 00000001 0
[M] 010000e4 00000001 0 0 ffffffff
[W] 010000e4 1 02 00000001
[F] 010000e8 0020d463
[D] 010000e8 63 08 01 02 5 00 00000008 02
[R] 01 02 ffffffff 00000001
[E] 010000e8 010000f0 0
[M] 010000e8 010000f0 0 1 00000001
[W] 010000e8 0 08 010000f0
[F] 010000ec 00301463
[D] 010000ec 63 08 00 03 1 00 00000008 03
[R] 00 03 00000000 00000009
[E] 010000ec 010000f4 0
[M] 010000ec 010000f4 0 1 00000009
[W] 010000ec 0 08 010000f4
[F] 010000f4 fe20dee3
[D] 010000f4 63 1d 01 02 5 7f fffffffc 02
[R] 01 02 ffffffff 00000001
[E] 010000f4 010000f0 0
[M] 010000f4 010000f0 0 1 00000001
[W] 010000f4 0 1d 010000f0
[F] 010000f8 00a00193
[D] 010000f8 13 03 00 0a 0 00 0000000a 0a
[R] 00 0a 00000000 00000000
[E] 010000f8 0000000a 0
[M] 010000f8 0000000a 0 0 00000000
[W] 010000f8 1 03 0000000a
[F] 010000fc ffe00093
[D] 010000fc 13 01 00 1e 0 7f fffffffe 1e
[R] 00 1e 00000000 00000000
[E] 010000fc fffffffe 0
[M] 010000fc fffffffe 0 0 00000000
[W] 010000fc 1 01 fffffffe
[F] 01000100 fff00113
[D] 01000100 13 02 00 1f 0 7f ffffffff 1f
[R] 00 1f 00000000 00000000
[E] 01000100 ffffffff 0
[M] 01000100 ffffffff 0 0 00000000
[W] 01000100 1 02 ffffffff
[F] 01000104 0020d463
[D] 01000104 63 08 01 02 5 00 00000008 02
[R] 01 02 fffffffe ffffffff
[E] 01000104 0100010c 0
[M] 01000104 0100010c 0 1 ffffffff
[W] 01000104 0 08 0100010c
[F] 01000108 00301463
[D] 01000108 63 08 00 03 1 00 00000008 03
[R] 00 03 00000000 0000000a
[E] 01000108 01000110 0
[M] 01000108 01000110 0 1 0000000a
[W] 01000108 0 08 01000110
[F] 01000110 fe20dee3
[D] 01000110 63 1d 01 02 5 7f fffffffc 02
[R] 01 02 fffffffe ffffffff
[E] 01000110 0100010c 0
[M] 01000110 0100010c 0 1 ffffffff
[W] 01000110 0 1d 0100010c
[F] 01000114 00b00193
[D] 01000114 13 03 00 0b 0 00 0000000b 0b
[R] 00 0b 00000000 00000000
[E] 01000114 0000000b 0
[M] 01000114 0000000b 0 0 00000000
[W] 01000114 1 03 0000000b
[F] 01000118 ffe00093
[D] 01000118 13 01 00 1e 0 7f fffffffe 1e
[R] 00 1e 00000000 00000000
[E] 01000118 fffffffe 0
[M] 01000118 fffffffe 0 0 00000000
[W] 01000118 1 01 fffffffe
[F] 0100011c 00100113
[D] 0100011c 13 02 00 01 0 00 00000001 01
[R] 00 01 00000000 fffffffe
[E] 0100011c 00000001 0
[M] 0100011c 00000001 0 0 fffffffe
[W] 0100011c 1 02 00000001
[F] 01000120 0020d463
[D] 01000120 63 08 01 02 5 00 00000008 02
[R] 01 02 fffffffe 00000001
[E] 01000120 01000128 0
[M] 01000120 01000128 0 1 00000001
[W] 01000120 0 08 01000128
[F] 01000124 00301463
[D] 01000124 63 08 00 03 1 00 00000008 03
[R] 00 03 00000000 0000000b
[E] 01000124 0100012c 0
[M] 01000124 0100012c 0 1 0000000b
[W] 01000124 0 08 0100012c
[F] 0100012c fe20dee3
[D] 0100012c 63 1d 01 02 5 7f fffffffc 02
[R] 01 02 fffffffe 00000001
[E] 0100012c 01000128 0
[M] 0100012c 01000128 0 1 00000001
[W] 0100012c 0 1d 01000128
[F] 01000130 00c00193
[D] 01000130 13 03 00 0c 0 00 0000000c 0c
[R] 00 0c 00000000 00000000
[E] 01000130 0000000c 0
[M] 01000130 0000000c 0 0 00000000
[W] 01000130 1 03 0000000c
[F] 01000134 00000213
[D] 01000134 13 04 00 00 0 00 00000000 00
[R] 00 00 00000000 00000000
[E] 01000134 00000000 0
[M] 01000134 00000000 0 0 00000000
[W] 01000134 1 04 00000000
[F] 01000138 fff00093
[D] 01000138 13 01 00 1f 0 7f ffffffff 1f
[R] 00 1f 00000000 00000000
[E] 01000138 ffffffff 0
[M] 01000138 ffffffff 0 0 00000000
[W] 01000138 1 01 ffffffff
[F] 0100013c 00000113
[D] 0100013c 13 02 00 00 0 00 00000000 00
[R] 00 00 00000000 00000000
[E] 0100013c 00000000 0
[M] 0100013c 00000000 0 0 00000000
[W] 0100013c 1 02 00000000
[F] 01000140 1e20d063
[D] 01000140 63 00 01 02 5 0f 000001e0 02
[R] 01 02 ffffffff 00000000
[E] 01000140 01000320 0
[M] 01000140 01000320 0 1 00000000
[W] 01000140 0 00 01000320
[F] 01000144 00120213
[D] 01000144 13 04 04 01 0 00 00000001 01
[R] 04 01 00000000 ffffffff
[E] 01000144 00000001 0
[M] 01000144 00000001 0 0 ffffffff
[W] 01000144 1 04 00000001
[F] 01000148 00200293
[D] 01000148 13 05 00 02 0 00 00000002 02
[R] 00 02 00000000 00000000
[E] 01000148 00000002 0
[M] 01000148 00000002 0 0 00000000
[W] 01000148 1 05 00000002
[F] 0100014c fe5216e3
[D] 0100014c 63 0d 04 05 1 7f ffffffec 05
[R] 04 05 00000001 00000002
[E] 0100014c 01000138 0
[M] 0100014c 01000138 0 1 00000002
[W] 0100014c 0 0d 01000138
[F] 01000138 fff00093
[D] 01000138 13 01 00 1f 0 7f ffffffff 1f
[R] 00 1f 00000000 00000000
[E] 01000138 ffffffff 0
[M] 01000138 ffffffff 0 0 00000000
[W] 01000138 1 01 ffffffff
[F] 0100013c 00000113
[D] 0100013c 13 02 00 00 0 00 00000000 00
[R] 00 00 00000000 00000000
[E] 0100013c 00000000 0
[M] 0100013c 00000000 0 0 00000000
[W] 0100013c 1 02 00000000
[F] 01000140 1e20d063
[D] 01000140 63 00 01 02 5 0f 000001e0 02
[R] 01 02 ffffffff 00000000
[E] 01000140 01000320 0
[M] 01000140 01000320 0 1 00000000
[W] 01000140 0 00 01000320
[F] 01000144 00120213
[D] 01000144 13 04 04 01 0 00 00000001 01
[R] 04 01 00000001 ffffffff
[E] 01000144 00000002 0
[M] 01000144 00000002 0 0 ffffffff
[W] 01000144 1 04 00000002
[F] 01000148 00200293
[D] 01000148 13 05 00 02 0 00 00000002 02
[R] 00 02 00000000 00000000
[E] 01000148 00000002 0
[M] 01000148 00000002 0 0 00000000
[W] 01000148 1 05 00000002
[F] 0100014c fe5216e3
[D] 0100014c 63 0d 04 05 1 7f ffffffec 05
[R] 04 05 00000002 00000002
[E] 0100014c 01000138 0
[M] 0100014c 01000138 0 1 00000002
[W] 0100014c 0 0d 01000138
[F] 01000150 00d00193
[D] 01000150 13 03 00 0d 0 00 0000000d 0d
[R] 00 0d 00000000 00000000
[E] 01000150 0000000d 0
[M] 01000150 0000000d 0 0 00000000
[W] 01000150 1 03 0000000d
[F] 01000154 00000213
[D] 01000154 13 04 00 00 0 00 00000000 00
[R] 00 00 00000000 00000000
[E] 01000154 00000000 0
[M] 01000154 00000000 0 0 00000000
[W] 01000154 1 04 00000000
[F] 01000158 fff00093
[D] 01000158 13 01 00 1f 0 7f ffffffff 1f
[R] 00 1f 00000000 00000000
[E] 01000158 ffffffff 0
[M] 01000158 ffffffff 0 0 00000000
[W] 01000158 1 01 ffffffff
[F] 0100015c 00000113
[D] 0100015c 13 02 00 00 0 00 00000000 00
[R] 00 00 00000000 00000000
[E] 0100015c 00000000 0
[M] 0100015c 00000000 0 0 00000000
[W] 0100015c 1 02 00000000
[F] 01000160 00000013
[D] 01000160 13 00 00 00 0 00 00000000 00
[R] 00 00 00000000 00000000
[E] 01000160 00000000 0
[M] 01000160 00000000 0 0 00000000
[W] 01000160 1 00 00000000
[F] 01000164 1a20de63
[D] 01000164 63 1c 01 02 5 0d 000001bc 02
[R] 01 02 ffffffff 00000000
[E] 01000164 01000320 0
[M] 01000164 01000320 0 1 00000000
[W] 01000164 0 1c 01000320
[F] 01000168 00120213
[D] 01000168 13 04 04 01 0 00 00000001 01
[R] 04 01 00000000 ffffffff
[E] 01000168 00000001 0
[M] 01000168 00000001 0 0 ffffffff
[W] 01000168 1 04 00000001
[F] 0100016c 00200293
[D] 0100016c 13 05 00 02 0 00 00000002 02
[R] 00 02 00000000 00000000
[E] 0100016c 00000002 0
[M] 0100016c 00000002 0 0 00000000
[W] 0100016c 1 05 00000002
[F] 01000170 fe5214e3
[D] 01000170 63 09 04 05 1 7f ffffffe8 05
[R] 04 05 00000001 00000002
[E] 01000170 01000158 0
[M] 01000170 01000158 0 1 00000002
[W] 01000170 0 09 01000158
[F] 01000158 fff00093
[D] 01000158 13 01 00 1f 0 7f ffffffff 1f
[R] 00 1f 00000000 00000000
[E] 01000158 ffffffff 0
[M] 01000158 ffffffff 0 0 00000000
[W] 01000158 1 01 ffffffff
[F] 0100015c 00000113
[D] 0100015c 13 02 00 00 0 00 00000000 00
[R] 00 00 00000000 00000000
[E] 0100015c 00000000 0
[M] 0100015c 00000000 0 0 00000000
[W] 0100015c 1 02 00000000
[F] 01000160 00000013
[D] 01000160 13 00 00 00 0 00 00000000 00
[R] 00 00 00000000 00000000
[E] 01000160 00000000 0
[M] 01000160 00000000 0 0 00000000
[W] 01000160 1 00 00000000
[F] 01000164 1a20de63
[D] 01000164 63 1c 01 02 5 0d 000001bc 02
[R] 01 02 ffffffff 00000000
[E] 01000164 01000320 0
[M] 01000164 01000320 0 1 00000000
[W] 01000164 0 1c 01000320
[F] 01000168 00120213
[D] 01000168 13 04 04 01 0 00 00000001 01
[R] 04 01 00000001 ffffffff
[E] 01000168 00000002 0
[M] 01000168 00000002 0 0 ffffffff
[W] 01000168 1 04 00000002
[F] 0100016c 00200293
[D] 0100016c 13 05 00 02 0 00 00000002 02
[R] 00 02 00000000 00000000
[E] 0100016c 00000002 0
[M] 0100016c 00000002 0 0 00000000
[W] 0100016c 1 05 00000002
[F] 01000170 fe5214e3
[D] 01000170 63 09 04 05 1 7f ffffffe8 05
[R] 04 05 00000002 00000002
[E] 01000170 01000158 0
[M] 01000170 01000158 0 1 00000002
[W] 01000170 0 09 01000158
[F] 01000174 00e00193
[D] 01000174 13 03 00 0e 0 00 0000000e 0e
[R] 00 0e 00000000 00000000
[E] 01000174 0000000e 0
[M] 01000174 0000000e 0 0 00000000
[W] 01000174 1 03 0000000e
[F] 01000178 00000213
[D] 01000178 13 04 00 00 0 00 00000000 00
[R] 00 00 00000000 00000000
[E] 01000178 00000000 0
[M] 01000178 00000000 0 0 00000000
[W] 01000178 1 04 00000000
[F] 0100017c fff00093
[D] 0100017c 13 01 00 1f 0 7f ffffffff 1f
[R] 00 1f 00000000 00000000
[E] 0100017c ffffffff 0
[M] 0100017c ffffffff 0 0 00000000
[W] 0100017c 1 01 ffffffff
[F] 01000180 00000113
[D] 01000180 13 02 00 00 0 00 00000000 00
[R] 00 00 00000000 00000000
[E] 01000180 00000000 0
[M] 01000180 00000000 0 0 00000000
[W] 01000180 1 02 00000000
[F] 01000184 00000013
[D] 01000184 13 00 00 00 0 00 00000000 00
[R] 00 00 00000000 00000000
[E] 01000184 00000000 0
[M] 01000184 00000000 0 0 00000000
[W] 01000184 1 00 00000000
[F] 01000188 00000013
[D] 01000188 13 00 00 00 0 00 00000000 00
[R] 00 00 00000000 00000000
[E] 01000188 00000000 0
[M] 01000188 00000000 0 0 00000000
[W] 01000188 1 00 00000000
[F] 0100018c 1820da63
[D] 0100018c 63 14 01 02 5 0c 00000194 02
[R] 01 02 ffffffff 00000000
[E] 0100018c 01000320 0
[M] 0100018c 01000320 0 1 00000000
[W] 0100018c 0 14 01000320
[F] 01000190 00120213
[D] 01000190 13 04 04 01 0 00 00000001 01
[R] 04 01 00000000 ffffffff
[E] 01000190 00000001 0
[M] 01000190 00000001 0 0 ffffffff
[W] 01000190 1 04 00000001
[F] 01000194 00200293
[D] 01000194 13 05 00 02 0 00 00000002 02
[R] 00 02 00000000 00000000
[E] 01000194 00000002 0
[M] 01000194 00000002 0 0 00000000
[W] 01000194 1 05 00000002
[F] 01000198 fe5212e3
[D] 01000198 63 05 04 05 1 7f ffffffe4 05
[R] 04 05 00000001 00000002
[E] 01000198 0100017c 0
[M] 01000198 0100017c 0 1 00000002
[W] 01000198 0 05 0100017c
[F] 0100017c fff00093
[D] 0100017c 13 01 00 1f 0 7f ffffffff 1f
[R] 00 1f 00000000 00000000
[E] 0100017c ffffffff 0
[M] 0100017c ffffffff 0 0 00000000
[W] 0100017c 1 01 ffffffff
[F] 01000180 00000113
[D] 01000180 13 02 00 00 0 00 00000000 00
[R] 00 00 00000000 00000000
[E] 01000180 00000000 0
[M] 01000180 00000000 0 0 00000000
[W] 01000180 1 02 00000000
[F] 01000184 00000013
[D] 01000184 13 00 00 00 0 00 00000000 00
[R] 00 00 00000000 00000000
[E] 01000184 00000000 0
[M] 01000184 00000000 0 0 00000000
[W] 01000184 1 00 00000000
[F] 01000188 00000013
[D] 01000188 13 00 00 00 0 00 00000000 00
[R] 00 00 00000000 00000000
[E] 01000188 00000000 0
[M] 01000188 00000000 0 0 00000000
[W] 01000188 1 00 00000000
[F] 0100018c 1820da63
[D] 0100018c 63 14 01 02 5 0c 00000194 02
[R] 01 02 ffffffff 00000000
[E] 0100018c 01000320 0
[M] 0100018c 01000320 0 1 00000000
[W] 0100018c 0 14 01000320
[F] 01000190 00120213
[D] 01000190 13 04 04 01 0 00 00000001 01
[R] 04 01 00000001 ffffffff
[E] 01000190 00000002 0
[M] 01000190 00000002 0 0 ffffffff
[W] 01000190 1 04 00000002
[F] 01000194 00200293
[D] 01000194 13 05 00 02 0 00 00000002 02
[R] 00 02 00000000 00000000
[E] 01000194 00000002 0
[M] 01000194 00000002 0 0 00000000
[W] 01000194 1 05 00000002
[F] 01000198 fe5212e3
[D] 01000198 63 05 04 05 1 7f ffffffe4 05
[R] 04 05 00000002 00000002
[E] 01000198 0100017c 0
[M] 01000198 0100017c 0 1 00000002
[W] 01000198 0 05 0100017c
[F] 0100019c 00f00193
[D] 0100019c 13 03 00 0f 0 00 0000000f 0f
[R] 00 0f 00000000 00000000
[E] 0100019c 0000000f 0
[M] 0100019c 0000000f 0 0 00000000
[W] 0100019c 1 03 0000000f
[F] 010001a0 00000213
[D] 010001a0 13 04 00 00 0 00 00000000 00
[R] 00 00 00000000 00000000
[E] 010001a0 00000000 0
[M] 010001a0 00000000 0 0 00000000
[W] 010001a0 1 04 00000000
[F] 010001a4 fff00093
[D] 010001a4 13 01 00 1f 0 7f ffffffff 1f
[R] 00 1f 00000000 00000000
[E] 010001a4 ffffffff 0
[M] 010001a4 ffffffff 0 0 00000000
[W] 010001a4 1 01 ffffffff
[F] 010001a8 00000013
[D] 010001a8 13 00 00 00 0 00 00000000 00
[R] 00 00 00000000 00000000
[E] 010001a8 00000000 0
[M] 010001a8 00000000 0 0 00000000
[W] 010001a8 1 00 00000000
[F] 010001ac 00000113
[D] 010001ac 13 02 00 00 0 00 00000000 00
[R] 00 00 00000000 00000000
[E] 010001ac 00000000 0
[M] 010001ac 00000000 0 0 00000000
[W] 010001ac 1 02 00000000
[F] 010001b0 1620d863
[D] 010001b0 63 10 01 02 5 0b 00000170 02
[R] 01 02 ffffffff 00000000
[E] 010001b0 01000320 0
[M] 010001b0 01000320 0 1 00000000
[W] 010001b0 0 10 01000320
[F] 010001b4 00120213
[D] 010001b4 13 04 04 01 0 00 00000001 01
[R] 04 01 00000000 ffffffff
[E] 010001b4 00000001 0
[M] 010001b4 00000001 0 0 ffffffff
[W] 010001b4 1 04 00000001
[F] 010001b8 00200293
[D] 010001b8 13 05 00 02 0 00 00000002 02
[R] 00 02 00000000 00000000
[E] 010001b8 00000002 0
[M] 010001b8 00000002 0 0 00000000
[W] 010001b8 1 05 00000002
[F] 010001bc fe5214e3
[D] 010001bc 63 09 04 05 1 7f ffffffe8 05
[R] 04 05 00000001 00000002
[E] 010001bc 010001a4 0
[M] 010001bc 010001a4 0 1 00000002
[W] 010001bc 0 09 010001a4
[F] 010001a4 fff00093
[D] 010001a4 13 01 00 1f 0 7f ffffffff 1f
[R] 00 1f 00000000 00000000
[E] 010001a4 ffffffff 0
[M] 010001a4 ffffffff 0 0 00000000
[W] 010001a4 1 01 ffffffff
[F] 010001a8 00000013
[D] 010001a8 13 00 00 00 0 00 00000000 00
[R] 00 00 00000000 00000000
[E] 010001a8 00000000 0
[M] 010001a8 00000000 0 0 00000000
[W] 010001a8 1 00 00000000
[F] 010001ac 00000113
[D] 010001ac 13 02 00 00 0 00 00000000 00
[R] 00 00 00000000 00000000
[E] 010001ac 00000000 0
[M] 010001ac 00000000 0 0 00000000
[W] 010001ac 1 02 00000000
[F] 010001b0 1620d863
[D] 010001b0 63 10 01 02 5 0b 00000170 02
[R] 01 02 ffffffff 00000000
[E] 010001b0 01000320 0
[M] 010001b0 01000320 0 1 00000000
[W] 010001b0 0 10 01000320
[F] 010001b4 00120213
[D] 010001b4 13 04 04 01 0 00 00000001 01
[R] 04 01 00000001 ffffffff
[E] 010001b4 00000002 0
[M] 010001b4 00000002 0 0 ffffffff
[W] 010001b4 1 04 00000002
[F] 010001b8 00200293
[D] 010001b8 13 05 00 02 0 00 00000002 02
[R] 00 02 00000000 00000000
[E] 010001b8 00000002 0
[M] 010001b8 00000002 0 0 00000000
[W] 010001b8 1 05 00000002
[F] 010001bc fe5214e3
[D] 010001bc 63 09 04 05 1 7f ffffffe8 05
[R] 04 05 00000002 00000002
[E] 010001bc 010001a4 0
[M] 010001bc 010001a4 0 1 00000002
[W] 010001bc 0 09 010001a4
[F] 010001c0 01000193
[D] 010001c0 13 03 00 10 0 00 00000010 10
[R] 00 10 00000000 00000000
[E] 010001c0 00000010 0
[M] 010001c0 00000010 0 0 00000000
[W] 010001c0 1 03 00000010
[F] 010001c4 00000213
[D] 010001c4 13 04 00 00 0 00 00000000 00
[R] 00 00 00000000 00000000
[E] 010001c4 00000000 0
[M] 010001c4 00000000 0 0 00000000
[W] 010001c4 1 04 00000000
[F] 010001c8 fff00093
[D] 010001c8 13 01 00 1f 0 7f ffffffff 1f
[R] 00 1f 00000000 00000000
[E] 010001c8 ffffffff 0
[M] 010001c8 ffffffff 0 0 00000000
[W] 010001c8 1 01 ffffffff
[F] 010001cc 00000013
[D] 010001cc 13 00 00 00 0 00 00000000 00
[R] 00 00 00000000 00000000
[E] 010001cc 00000000 0
[M] 010001cc 00000000 0 0 00000000
[W] 010001cc 1 00 00000000
[F] 010001d0 00000113
[D] 010001d0 13 02 00 00 0 00 00000000 00
[R] 00 00 00000000 00000000
[E] 010001d0 00000000 0
[M] 010001d0 00000000 0 0 00000000
[W] 010001d0 1 02 00000000
[F] 010001d4 00000013
[D] 010001d4 13 00 00 00 0 00 00000000 00
[R] 00 00 00000000 00000000
[E] 010001d4 00000000 0
[M] 010001d4 00000000 0 0 00000000
[W] 010001d4 1 00 00000000
[F] 010001d8 1420d463
[D] 010001d8 63 08 01 02 5 0a 00000148 02
[R] 01 02 ffffffff 00000000
[E] 010001d8 01000320 0
[M] 010001d8 01000320 0 1 00000000
[W] 010001d8 0 08 01000320
[F] 010001dc 00120213
[D] 010001dc 13 04 04 01 0 00 00000001 01
[R] 04 01 00000000 ffffffff
[E] 010001dc 00000001 0
[M] 010001dc 00000001 0 0 ffffffff
[W] 010001dc 1 04 00000001
[F] 010001e0 00200293
[D] 010001e0 13 05 00 02 0 00 00000002 02
[R] 00 02 00000000 00000000
[E] 010001e0 00000002 0
[M] 010001e0 00000002 0 0 00000000
[W] 010001e0 1 05 00000002
[F] 010001e4 fe5212e3
[D] 010001e4 63 05 04 05 1 7f ffffffe4 05
[R] 04 05 00000001 00000002
[E] 010001e4 010001c8 0
[M] 010001e4 010001c8 0 1 00000002
[W] 010001e4 0 05 010001c8
[F] 010001c8 fff00093
[D] 010001c8 13 01 00 1f 0 7f ffffffff 1f
[R] 00 1f 00000000 00000000
[E] 010001c8 ffffffff 0
[M] 010001c8 ffffffff 0 0 00000000
[W] 010001c8 1 01 ffffffff
[F] 010001cc 00000013
[D] 010001cc 13 00 00 00 0 00 00000000 00
[R] 00 00 00000000 00000000
[E] 010001cc 00000000 0
[M] 010001cc 00000000 0 0 00000000
[W] 010001cc 1 00 00000000
[F] 010001d0 00000113
[D] 010001d0 13 02 00 00 0 00 00000000 00
[R] 00 00 00000000 00000000
[E] 010001d0 00000000 0
[M] 010001d0 00000000 0 0 00000000
[W] 010001d0 1 02 00000000
[F] 010001d4 00000013
[D] 010001d4 13 00 00 00 0 00 00000000 00
[R] 00 00 00000000 00000000
[E] 010001d4 00000000 0
[M] 010001d4 00000000 0 0 00000000
[W] 010001d4 1 00 00000000
[F] 010001d8 1420d463
[D] 010001d8 63 08 01 02 5 0a 00000148 02
[R] 01 02 ffffffff 00000000
[E] 010001d8 01000320 0
[M] 010001d8 01000320 0 1 00000000
[W] 010001d8 0 08 01000320
[F] 010001dc 00120213
[D] 010001dc 13 04 04 01 0 00 00000001 01
[R] 04 01 00000001 ffffffff
[E] 010001dc 00000002 0
[M] 010001dc 00000002 0 0 ffffffff
[W] 010001dc 1 04 00000002
[F] 010001e0 00200293
[D] 010001e0 13 05 00 02 0 00 00000002 02
[R] 00 02 00000000 00000000
[E] 010001e0 00000002 0
[M] 010001e0 00000002 0 0 00000000
[W] 010001e0 1 05 00000002
[F] 010001e4 fe5212e3
[D] 010001e4 63 05 04 05 1 7f ffffffe4 05
[R] 04 05 00000002 00000002
[E] 010001e4 010001c8 0
[M] 010001e4 010001c8 0 1 00000002
[W] 010001e4 0 05 010001c8
[F] 010001e8 01100193
[D] 010001e8 13 03 00 11 0 00 00000011 11
[R] 00 11 00000000 00000000
[E] 010001e8 00000011 0
[M] 010001e8 00000011 0 0 00000000
[W] 010001e8 1 03 00000011
[F] 010001ec 00000213
[D] 010001ec 13 04 00 00 0 00 00000000 00
[R] 00 00 00000000 00000000
[E] 010001ec 00000000 0
[M] 010001ec 00000000 0 0 00000000
[W] 010001ec 1 04 00000000
[F] 010001f0 fff00093
[D] 010001f0 13 01 00 1f 0 7f ffffffff 1f
[R] 00 1f 00000000 00000000
[E] 010001f0 ffffffff 0
[M] 010001f0 ffffffff 0 0 00000000
[W] 010001f0 1 01 ffffffff
[F] 010001f4 00000013
[D] 010001f4 13 00 00 00 0 00 00000000 00
[R] 00 00 00000000 00000000
[E] 010001f4 00000000 0
[M] 010001f4 00000000 0 0 00000000
[W] 010001f4 1 00 00000000
[F] 010001f8 00000013
[D] 010001f8 13 00 00 00 0 00 00000000 00
[R] 00 00 00000000 00000000
[E] 010001f8 00000000 0
[M] 010001f8 00000000 0 0 00000000
[W] 010001f8 1 00 00000000
[F] 010001fc 00000113
[D] 010001fc 13 02 00 00 0 00 00000000 00
[R] 00 00 00000000 00000000
[E] 010001fc 00000000 0
[M] 010001fc 00000000 0 0 00000000
[W] 010001fc 1 02 00000000
[F] 01000200 1220d063
[D] 01000200 63 00 01 02 5 09 00000120 02
[R] 01 02 ffffffff 00000000
[E] 01000200 01000320 0
[M] 01000200 01000320 0 1 00000000
[W] 01000200 0 00 01000320
[F] 01000204 00120213
[D] 01000204 13 04 04 01 0 00 00000001 01
[R] 04 01 00000000 ffffffff
[E] 01000204 00000001 0
[M] 01000204 00000001 0 0 ffffffff
[W] 01000204 1 04 00000001
[F] 01000208 00200293
[D] 01000208 13 05 00 02 0 00 00000002 02
[R] 00 02 00000000 00000000
[E] 01000208 00000002 0
[M] 01000208 00000002 0 0 00000000
[W] 01000208 1 05 00000002
[F] 0100020c fe5212e3
[D] 0100020c 63 05 04 05 1 7f ffffffe4 05
[R] 04 05 00000001 00000002
[E] 0100020c 010001f0 0
[M] 0100020c 010001f0 0 1 00000002
[W] 0100020c 0 05 010001f0
[F] 010001f0 fff00093
[D] 010001f0 13 01 00 1f 0 7f ffffffff 1f
[R] 00 1f 00000000 00000000
[E] 010001f0 ffffffff 0
[M] 010001f0 ffffffff 0 0 00000000
[W] 010001f0 1 01 ffffffff
[F] 010001f4 00000013
[D] 010001f4 13 00 00 00 0 00 00000000 00
[R] 00 00 00000000 00000000
[E] 010001f4 00000000 0
[M] 010001f4 00000000 0 0 00000000
[W] 010001f4 1 00 00000000
[F] 010001f8 00000013
[D] 010001f8 13 00 00 00 0 00 00000000 00
[R] 00 00 00000000 00000000
[E] 010001f8 00000000 0
[M] 010001f8 00000000 0 0 00000000
[W] 010001f8 1 00 00000000
[F] 010001fc 00000113
[D] 010001fc 13 02 00 00 0 00 00000000 00
[R] 00 00 00000000 00000000
[E] 010001fc 00000000 0
[M] 010001fc 00000000 0 0 00000000
[W] 010001fc 1 02 00000000
[F] 01000200 1220d063
[D] 01000200 63 00 01 02 5 09 00000120 02
[R] 01 02 ffffffff 00000000
[E] 01000200 01000320 0
[M] 01000200 01000320 0 1 00000000
[W] 01000200 0 00 01000320
[F] 01000204 00120213
[D] 01000204 13 04 04 01 0 00 00000001 01
[R] 04 01 00000001 ffffffff
[E] 01000204 00000002 0
[M] 01000204 00000002 0 0 ffffffff
[W] 01000204 1 04 00000002
[F] 01000208 00200293
[D] 01000208 13 05 00 02 0 00 00000002 02
[R] 00 02 00000000 00000000
[E] 01000208 00000002 0
[M] 01000208 00000002 0 0 00000000
[W] 01000208 1 05 00000002
[F] 0100020c fe5212e3
[D] 0100020c 63 05 04 05 1 7f ffffffe4 05
[R] 04 05 00000002 00000002
[E] 0100020c 010001f0 0
[M] 0100020c 010001f0 0 1 00000002
[W] 0100020c 0 05 010001f0
[F] 01000210 01200193
[D] 01000210 13 03 00 12 0 00 00000012 12
[R] 00 12 00000000 00000000
[E] 01000210 00000012 0
[M] 01000210 00000012 0 0 00000000
[W] 01000210 1 03 00000012
[F] 01000214 00000213
[D] 01000214 13 04 00 00 0 00 00000000 00
[R] 00 00 00000000 00000000
[E] 01000214 00000000 0
[M] 01000214 00000000 0 0 00000000
[W] 01000214 1 04 00000000
[F] 01000218 fff00093
[D] 01000218 13 01 00 1f 0 7f ffffffff 1f
[R] 00 1f 00000000 00000000
[E] 01000218 ffffffff 0
[M] 01000218 ffffffff 0 0 00000000
[W] 01000218 1 01 ffffffff
[F] 0100021c 00000113
[D] 0100021c 13 02 00 00 0 00 00000000 00
[R] 00 00 00000000 00000000
[E] 0100021c 00000000 0
[M] 0100021c 00000000 0 0 00000000
[W] 0100021c 1 02 00000000
[F] 01000220 1020d063
[D] 01000220 63 00 01 02 5 08 00000100 02
[R] 01 02 ffffffff 00000000
[E] 01000220 01000320 0
[M] 01000220 01000320 0 1 00000000
[W] 01000220 0 00 01000320
[F] 01000224 00120213
[D] 01000224 13 04 04 01 0 00 00000001 01
[R] 04 01 00000000 ffffffff
[E] 01000224 00000001 0
[M] 01000224 00000001 0 0 ffffffff
[W] 01000224 1 04 00000001
[F] 01000228 00200293
[D] 01000228 13 05 00 02 0 00 00000002 02
[R] 00 02 00000000 00000000
[E] 01000228 00000002 0
[M] 01000228 00000002 0 0 00000000
[W] 01000228 1 05 00000002
[F] 0100022c fe5216e3
[D] 0100022c 63 0d 04 05 1 7f ffffffec 05
[R] 04 05 00000001 00000002
[E] 0100022c 01000218 0
[M] 0100022c 01000218 0 1 00000002
[W] 0100022c 0 0d 01000218
[F] 01000218 fff00093
[D] 01000218 13 01 00 1f 0 7f ffffffff 1f
[R] 00 1f 00000000 00000000
[E] 01000218 ffffffff 0
[M] 01000218 ffffffff 0 0 00000000
[W] 01000218 1 01 ffffffff
[F] 0100021c 00000113
[D] 0100021c 13 02 00 00 0 00 00000000 00
[R] 00 00 00000000 00000000
[E] 0100021c 00000000 0
[M] 0100021c 00000000 0 0 00000000
[W] 0100021c 1 02 00000000
[F] 01000220 1020d063
[D] 01000220 63 00 01 02 5 08 00000100 02
[R] 01 02 ffffffff 00000000
[E] 01000220 01000320 0
[M] 01000220 01000320 0 1 00000000
[W] 01000220 0 00 01000320
[F] 01000224 00120213
[D] 01000224 13 04 04 01 0 00 00000001 01
[R] 04 01 00000001 ffffffff
[E] 01000224 00000002 0
[M] 01000224 00000002 0 0 ffffffff
[W] 01000224 1 04 00000002
[F] 01000228 00200293
[D] 01000228 13 05 00 02 0 00 00000002 02
[R] 00 02 00000000 00000000
[E] 01000228 00000002 0
[M] 01000228 00000002 0 0 00000000
[W] 01000228 1 05 00000002
[F] 0100022c fe5216e3
[D] 0100022c 63 0d 04 05 1 7f ffffffec 05
[R] 04 05 00000002 00000002
[E] 0100022c 01000218 0
[M] 0100022c 01000218 0 1 00000002
[W] 0100022c 0 0d 01000218
[F] 01000230 01300193
[D] 01000230 13 03 00 13 0 00 00000013 13
[R] 00 13 00000000 00000000
[E] 01000230 00000013 0
[M] 01000230 00000013 0 0 00000000
[W] 01000230 1 03 00000013
[F] 01000234 00000213
[D] 01000234 13 04 00 00 0 00 00000000 00
[R] 00 00 00000000 00000000
[E] 01000234 00000000 0
[M] 01000234 00000000 0 0 00000000
[W] 01000234 1 04 00000000
[F] 01000238 fff00093
[D] 01000238 13 01 00 1f 0 7f ffffffff 1f
[R] 00 1f 00000000 00000000
[E] 01000238 ffffffff 0
[M] 01000238 ffffffff 0 0 00000000
[W] 01000238 1 01 ffffffff
[F] 0100023c 00000113
[D] 0100023c 13 02 00 00 0 00 00000000 00
[R] 00 00 00000000 00000000
[E] 0100023c 00000000 0
[M] 0100023c 00000000 0 0 00000000
[W] 0100023c 1 02 00000000
[F] 01000240 00000013
[D] 01000240 13 00 00 00 0 00 00000000 00
[R] 00 00 00000000 00000000
[E] 01000240 00000000 0
[M] 01000240 00000000 0 0 00000000
[W] 01000240 1 00 00000000
[F] 01000244 0c20de63
[D] 01000244 63 1c 01 02 5 06 000000dc 02
[R] 01 02 ffffffff 00000000
[E] 01000244 01000320 0
[M] 01000244 01000320 0 1 00000000
[W] 01000244 0 1c 01000320
[F] 01000248 00120213
[D] 01000248 13 04 04 01 0 00 00000001 01
[R] 04 01 00000000 ffffffff
[E] 01000248 00000001 0
[M] 01000248 00000001 0 0 ffffffff
[W] 01000248 1 04 00000001
[F] 0100024c 00200293
[D] 0100024c 13 05 00 02 0 00 00000002 02
[R] 00 02 00000000 00000000
[E] 0100024c 00000002 0
[M] 0100024c 00000002 0 0 00000000
[W] 0100024c 1 05 00000002
[F] 01000250 fe5214e3
[D] 01000250 63 09 04 05 1 7f ffffffe8 05
[R] 04 05 00000001 00000002
[E] 01000250 01000238 0
[M] 01000250 01000238 0 1 00000002
[W] 01000250 0 09 01000238
[F] 01000238 fff00093
[D] 01000238 13 01 00 1f 0 7f ffffffff 1f
[R] 00 1f 00000000 00000000
[E] 01000238 ffffffff 0
[M] 01000238 ffffffff 0 0 00000000
[W] 01000238 1 01 ffffffff
[F] 0100023c 00000113
[D] 0100023c 13 02 00 00 0 00 00000000 00
[R] 00 00 00000000 00000000
[E] 0100023c 00000000 0
[M] 0100023c 00000000 0 0 00000000
[W] 0100023c 1 02 00000000
[F] 01000240 00000013
[D] 01000240 13 00 00 00 0 00 00000000 00
[R] 00 00 00000000 00000000
[E] 01000240 00000000 0
[M] 01000240 00000000 0 0 00000000
[W] 01000240 1 00 00000000
[F] 01000244 0c20de63
[D] 01000244 63 1c 01 02 5 06 000000dc 02
[R] 01 02 ffffffff 00000000
[E] 01000244 01000320 0
[M] 01000244 01000320 0 1 00000000
[W] 01000244 0 1c 01000320
[F] 01000248 00120213
[D] 01000248 13 04 04 01 0 00 00000001 01
[R] 04 01 00000001 ffffffff
[E] 01000248 00000002 0
[M] 01000248 00000002 0 0 ffffffff
[W] 01000248 1 04 00000002
[F] 0100024c 00200293
[D] 0100024c 13 05 00 02 0 00 00000002 02
[R] 00 02 00000000 00000000
[E] 0100024c 00000002 0
[M] 0100024c 00000002 0 0 00000000
[W] 0100024c 1 05 00000002
[F] 01000250 fe5214e3
[D] 01000250 63 09 04 05 1 7f ffffffe8 05
[R] 04 05 00000002 00000002
[E] 01000250 01000238 0
[M] 01000250 01000238 0 1 00000002
[W] 01000250 0 09 01000238
[F] 01000254 01400193
[D] 01000254 13 03 00 14 0 00 00000014 14
[R] 00 14 00000000 00000000
[E] 01000254 00000014 0
[M] 01000254 00000014 0 0 00000000
[W] 01000254 1 03 00000014
[F] 01000258 00000213
[D] 01000258 13 04 00 00 0 00 00000000 00
[R] 00 00 00000000 00000000
[E] 01000258 00000000 0
[M] 01000258 00000000 0 0 00000000
[W] 01000258 1 04 00000000
[F] 0100025c fff00093
[D] 0100025c 13 01 00 1f 0 7f ffffffff 1f
[R] 00 1f 00000000 00000000
[E] 0100025c ffffffff 0
[M] 0100025c ffffffff 0 0 00000000
[W] 0100025c 1 01 ffffffff
[F] 01000260 00000113
[D] 01000260 13 02 00 00 0 00 00000000 00
[R] 00 00 00000000 00000000
[E] 01000260 00000000 0
[M] 01000260 00000000 0 0 00000000
[W] 01000260 1 02 00000000
[F] 01000264 00000013
[D] 01000264 13 00 00 00 0 00 00000000 00
[R] 00 00 00000000 00000000
[E] 01000264 00000000 0
[M] 01000264 00000000 0 0 00000000
[W] 01000264 1 00 00000000
[F] 01000268 00000013
[D] 01000268 13 00 00 00 0 00 00000000 00
[R] 00 00 00000000 00000000
[E] 01000268 00000000 0
[M] 01000268 00000000 0 0 00000000
[W] 01000268 1 00 00000000
[F] 0100026c 0a20da63
[D] 0100026c 63 14 01 02 5 05 000000b4 02
[R] 01 02 ffffffff 00000000
[E] 0100026c 01000320 0
[M] 0100026c 01000320 0 1 00000000
[W] 0100026c 0 14 01000320
[F] 01000270 00120213
[D] 01000270 13 04 04 01 0 00 00000001 01
[R] 04 01 00000000 ffffffff
[E] 01000270 00000001 0
[M] 01000270 00000001 0 0 ffffffff
[W] 01000270 1 04 00000001
[F] 01000274 00200293
[D] 01000274 13 05 00 02 0 00 00000002 02
[R] 00 02 00000000 00000000
[E] 01000274 00000002 0
[M] 01000274 00000002 0 0 00000000
[W] 01000274 1 05 00000002
[F] 01000278 fe5212e3
[D] 01000278 63 05 04 05 1 7f ffffffe4 05
[R] 04 05 00000001 00000002
[E] 01000278 0100025c 0
[M] 01000278 0100025c 0 1 00000002
[W] 01000278 0 05 0100025c
[F] 0100025c fff00093
[D] 0100025c 13 01 00 1f 0 7f ffffffff 1f
[R] 00 1f 00000000 00000000
[E] 0100025c ffffffff 0
[M] 0100025c ffffffff 0 0 00000000
[W] 0100025c 1 01 ffffffff
[F] 01000260 00000113
[D] 01000260 13 02 00 00 0 00 00000000 00
[R] 00 00 00000000 00000000
[E] 01000260 00000000 0
[M] 01000260 00000000 0 0 00000000
[W] 01000260 1 02 00000000
[F] 01000264 00000013
[D] 01000264 13 00 00 00 0 00 00000000 00
[R] 00 00 00000000 00000000
[E] 01000264 00000000 0
[M] 01000264 00000000 0 0 00000000
[W] 01000264 1 00 00000000
[F] 01000268 00000013
[D] 01000268 13 00 00 00 0 00 00000000 00
[R] 00 00 00000000 00000000
[E] 01000268 00000000 0
[M] 01000268 00000000 0 0 00000000
[W] 01000268 1 00 00000000
[F] 0100026c 0a20da63
[D] 0100026c 63 14 01 02 5 05 000000b4 02
[R] 01 02 ffffffff 00000000
[E] 0100026c 01000320 0
[M] 0100026c 01000320 0 1 00000000
[W] 0100026c 0 14 01000320
[F] 01000270 00120213
[D] 01000270 13 04 04 01 0 00 00000001 01
[R] 04 01 00000001 ffffffff
[E] 01000270 00000002 0
[M] 01000270 00000002 0 0 ffffffff
[W] 01000270 1 04 00000002
[F] 01000274 00200293
[D] 01000274 13 05 00 02 0 00 00000002 02
[R] 00 02 00000000 00000000
[E] 01000274 00000002 0
[M] 01000274 00000002 0 0 00000000
[W] 01000274 1 05 00000002
[F] 01000278 fe5212e3
[D] 01000278 63 05 04 05 1 7f ffffffe4 05
[R] 04 05 00000002 00000002
[E] 01000278 0100025c 0
[M] 01000278 0100025c 0 1 00000002
[W] 01000278 0 05 0100025c
[F] 0100027c 01500193
[D] 0100027c 13 03 00 15 0 00 00000015 15
[R] 00 15 00000000 00000000
[E] 0100027c 00000015 0
[M] 0100027c 00000015 0 0 00000000
[W] 0100027c 1 03 00000015
[F] 01000280 00000213
[D] 01000280 13 04 00 00 0 00 00000000 00
[R] 00 00 00000000 00000000
[E] 01000280 00000000 0
[M] 01000280 00000000 0 0 00000000
[W] 01000280 1 04 00000000
[F] 01000284 fff00093
[D] 01000284 13 01 00 1f 0 7f ffffffff 1f
[R] 00 1f 00000000 00000000
[E] 01000284 ffffffff 0
[M] 01000284 ffffffff 0 0 00000000
[W] 01000284 1 01 ffffffff
[F] 01000288 00000013
[D] 01000288 13 00 00 00 0 00 00000000 00
[R] 00 00 00000000 00000000
[E] 01000288 00000000 0
[M] 01000288 00000000 0 0 00000000
[W] 01000288 1 00 00000000
[F] 0100028c 00000113
[D] 0100028c 13 02 00 00 0 00 00000000 00
[R] 00 00 00000000 00000000
[E] 0100028c 00000000 0
[M] 0100028c 00000000 0 0 00000000
[W] 0100028c 1 02 00000000
[F] 01000290 0820d863
[D] 01000290 63 10 01 02 5 04 00000090 02
[R] 01 02 ffffffff 00000000
[E] 01000290 01000320 0
[M] 01000290 01000320 0 1 00000000
[W] 01000290 0 10 01000320
[F] 01000294 00120213
[D] 01000294 13 04 04 01 0 00 00000001 01
[R] 04 01 00000000 ffffffff
[E] 01000294 00000001 0
[M] 01000294 00000001 0 0 ffffffff
[W] 01000294 1 04 00000001
[F] 01000298 00200293
[D] 01000298 13 05 00 02 0 00 00000002 02
[R] 00 02 00000000 00000000
[E] 01000298 00000002 0
[M] 01000298 00000002 0 0 00000000
[W] 01000298 1 05 00000002
[F] 0100029c fe5214e3
[D] 0100029c 63 09 04 05 1 7f ffffffe8 05
[R] 04 05 00000001 00000002
[E] 0100029c 01000284 0
[M] 0100029c 01000284 0 1 00000002
[W] 0100029c 0 09 01000284
[F] 01000284 fff00093
[D] 01000284 13 01 00 1f 0 7f ffffffff 1f
[R] 00 1f 00000000 00000000
[E] 01000284 ffffffff 0
[M] 01000284 ffffffff 0 0 00000000
[W] 01000284 1 01 ffffffff
[F] 01000288 00000013
[D] 01000288 13 00 00 00 0 00 00000000 00
[R] 00 00 00000000 00000000
[E] 01000288 00000000 0
[M] 01000288 00000000 0 0 00000000
[W] 01000288 1 00 00000000
[F] 0100028c 00000113
[D] 0100028c 13 02 00 00 0 00 00000000 00
[R] 00 00 00000000 00000000
[E] 0100028c 00000000 0
[M] 0100028c 00000000 0 0 00000000
[W] 0100028c 1 02 00000000
[F] 01000290 0820d863
[D] 01000290 63 10 01 02 5 04 00000090 02
[R] 01 02 ffffffff 00000000
[E] 01000290 01000320 0
[M] 01000290 01000320 0 1 00000000
[W] 01000290 0 10 01000320
[F] 01000294 00120213
[D] 01000294 13 04 04 01 0 00 00000001 01
[R] 04 01 00000001 ffffffff
[E] 01000294 00000002 0
[M] 01000294 00000002 0 0 ffffffff
[W] 01000294 1 04 00000002
[F] 01000298 00200293
[D] 01000298 13 05 00 02 0 00 00000002 02
[R] 00 02 00000000 00000000
[E] 01000298 00000002 0
[M] 01000298 00000002 0 0 00000000
[W] 01000298 1 05 00000002
[F] 0100029c fe5214e3
[D] 0100029c 63 09 04 05 1 7f ffffffe8 05
[R] 04 05 00000002 00000002
[E] 0100029c 01000284 0
[M] 0100029c 01000284 0 1 00000002
[W] 0100029c 0 09 01000284
[F] 010002a0 01600193
[D] 010002a0 13 03 00 16 0 00 00000016 16
[R] 00 16 00000000 00000000
[E] 010002a0 00000016 0
[M] 010002a0 00000016 0 0 00000000
[W] 010002a0 1 03 00000016
[F] 010002a4 00000213
[D] 010002a4 13 04 00 00 0 00 00000000 00
[R] 00 00 00000000 00000000
[E] 010002a4 00000000 0
[M] 010002a4 00000000 0 0 00000000
[W] 010002a4 1 04 00000000
[F] 010002a8 fff00093
[D] 010002a8 13 01 00 1f 0 7f ffffffff 1f
[R] 00 1f 00000000 00000000
[E] 010002a8 ffffffff 0
[M] 010002a8 ffffffff 0 0 00000000
[W] 010002a8 1 01 ffffffff
[F] 010002ac 00000013
[D] 010002ac 13 00 00 00 0 00 00000000 00
[R] 00 00 00000000 00000000
[E] 010002ac 00000000 0
[M] 010002ac 00000000 0 0 00000000
[W] 010002ac 1 00 00000000
[F] 010002b0 00000113
[D] 010002b0 13 02 00 00 0 00 00000000 00
[R] 00 00 00000000 00000000
[E] 010002b0 00000000 0
[M] 010002b0 00000000 0 0 00000000
[W] 010002b0 1 02 00000000
[F] 010002b4 00000013
[D] 010002b4 13 00 00 00 0 00 00000000 00
[R] 00 00 00000000 00000000
[E] 010002b4 00000000 0
[M] 010002b4 00000000 0 0 00000000
[W] 010002b4 1 00 00000000
[F] 010002b8 0620d463
[D] 010002b8 63 08 01 02 5 03 00000068 02
[R] 01 02 ffffffff 00000000
[E] 010002b8 01000320 0
[M] 010002b8 01000320 0 1 00000000
[W] 010002b8 0 08 01000320
[F] 010002bc 00120213
[D] 010002bc 13 04 04 01 0 00 00000001 01
[R] 04 01 00000000 ffffffff
[E] 010002bc 00000001 0
[M] 010002bc 00000001 0 0 ffffffff
[W] 010002bc 1 04 00000001
[F] 010002c0 00200293
[D] 010002c0 13 05 00 02 0 00 00000002 02
[R] 00 02 00000000 00000000
[E] 010002c0 00000002 0
[M] 010002c0 00000002 0 0 00000000
[W] 010002c0 1 05 00000002
[F] 010002c4 fe5212e3
[D] 010002c4 63 05 04 05 1 7f ffffffe4 05
[R] 04 05 00000001 00000002
[E] 010002c4 010002a8 0
[M] 010002c4 010002a8 0 1 00000002
[W] 010002c4 0 05 010002a8
[F] 010002a8 fff00093
[D] 010002a8 13 01 00 1f 0 7f ffffffff 1f
[R] 00 1f 00000000 00000000
[E] 010002a8 ffffffff 0
[M] 010002a8 ffffffff 0 0 00000000
[W] 010002a8 1 01 ffffffff
[F] 010002ac 00000013
[D] 010002ac 13 00 00 00 0 00 00000000 00
[R] 00 00 00000000 00000000
[E] 010002ac 00000000 0
[M] 010002ac 00000000 0 0 00000000
[W] 010002ac 1 00 00000000
[F] 010002b0 00000113
[D] 010002b0 13 02 00 00 0 00 00000000 00
[R] 00 00 00000000 00000000
[E] 010002b0 00000000 0
[M] 010002b0 00000000 0 0 00000000
[W] 010002b0 1 02 00000000
[F] 010002b4 00000013
[D] 010002b4 13 00 00 00 0 00 00000000 00
[R] 00 00 00000000 00000000
[E] 010002b4 00000000 0
[M] 010002b4 00000000 0 0 00000000
[W] 010002b4 1 00 00000000
[F] 010002b8 0620d463
[D] 010002b8 63 08 01 02 5 03 00000068 02
[R] 01 02 ffffffff 00000000
[E] 010002b8 01000320 0
[M] 010002b8 01000320 0 1 00000000
[W] 010002b8 0 08 01000320
[F] 010002bc 00120213
[D] 010002bc 13 04 04 01 0 00 00000001 01
[R] 04 01 00000001 ffffffff
[E] 010002bc 00000002 0
[M] 010002bc 00000002 0 0 ffffffff
[W] 010002bc 1 04 00000002
[F] 010002c0 00200293
[D] 010002c0 13 05 00 02 0 00 00000002 02
[R] 00 02 00000000 00000000
[E] 010002c0 00000002 0
[M] 010002c0 00000002 0 0 00000000
[W] 010002c0 1 05 00000002
[F] 010002c4 fe5212e3
[D] 010002c4 63 05 04 05 1 7f ffffffe4 05
[R] 04 05 00000002 00000002
[E] 010002c4 010002a8 0
[M] 010002c4 010002a8 0 1 00000002
[W] 010002c4 0 05 010002a8
[F] 010002c8 01700193
[D] 010002c8 13 03 00 17 0 00 00000017 17
[R] 00 17 00000000 00000000
[E] 010002c8 00000017 0
[M] 010002c8 00000017 0 0 00000000
[W] 010002c8 1 03 00000017
[F] 010002cc 00000213
[D] 010002cc 13 04 00 00 0 00 00000000 00
[R] 00 00 00000000 00000000
[E] 010002cc 00000000 0
[M] 010002cc 00000000 0 0 00000000
[W] 010002cc 1 04 00000000
[F] 010002d0 fff00093
[D] 010002d0 13 01 00 1f 0 7f ffffffff 1f
[R] 00 1f 00000000 00000000
[E] 010002d0 ffffffff 0
[M] 010002d0 ffffffff 0 0 00000000
[W] 010002d0 1 01 ffffffff
[F] 010002d4 00000013
[D] 010002d4 13 00 00 00 0 00 00000000 00
[R] 00 00 00000000 00000000
[E] 010002d4 00000000 0
[M] 010002d4 00000000 0 0 00000000
[W] 010002d4 1 00 00000000
[F] 010002d8 00000013
[D] 010002d8 13 00 00 00 0 00 00000000 00
[R] 00 00 00000000 00000000
[E] 010002d8 00000000 0
[M] 010002d8 00000000 0 0 00000000
[W] 010002d8 1 00 00000000
[F] 010002dc 00000113
[D] 010002dc 13 02 00 00 0 00 00000000 00
[R] 00 00 00000000 00000000
[E] 010002dc 00000000 0
[M] 010002dc 00000000 0 0 00000000
[W] 010002dc 1 02 00000000
[F] 010002e0 0420d063
[D] 010002e0 63 00 01 02 5 02 00000040 02
[R] 01 02 ffffffff 00000000
[E] 010002e0 01000320 0
[M] 010002e0 01000320 0 1 00000000
[W] 010002e0 0 00 01000320
[F] 010002e4 00120213
[D] 010002e4 13 04 04 01 0 00 00000001 01
[R] 04 01 00000000 ffffffff
[E] 010002e4 00000001 0
[M] 010002e4 00000001 0 0 ffffffff
[W] 010002e4 1 04 00000001
[F] 010002e8 00200293
[D] 010002e8 13 05 00 02 0 00 00000002 02
[R] 00 02 00000000 00000000
[E] 010002e8 00000002 0
[M] 010002e8 00000002 0 0 00000000
[W] 010002e8 1 05 00000002
[F] 010002ec fe5212e3
[D] 010002ec 63 05 04 05 1 7f ffffffe4 05
[R] 04 05 00000001 00000002
[E] 010002ec 010002d0 0
[M] 010002ec 010002d0 0 1 00000002
[W] 010002ec 0 05 010002d0
[F] 010002d0 fff00093
[D] 010002d0 13 01 00 1f 0 7f ffffffff 1f
[R] 00 1f 00000000 00000000
[E] 010002d0 ffffffff 0
[M] 010002d0 ffffffff 0 0 00000000
[W] 010002d0 1 01 ffffffff
[F] 010002d4 00000013
[D] 010002d4 13 00 00 00 0 00 00000000 00
[R] 00 00 00000000 00000000
[E] 010002d4 00000000 0
[M] 010002d4 00000000 0 0 00000000
[W] 010002d4 1 00 00000000
[F] 010002d8 00000013
[D] 010002d8 13 00 00 00 0 00 00000000 00
[R] 00 00 00000000 00000000
[E] 010002d8 00000000 0
[M] 010002d8 00000000 0 0 00000000
[W] 010002d8 1 00 00000000
[F] 010002dc 00000113
[D] 010002dc 13 02 00 00 0 00 00000000 00
[R] 00 00 00000000 00000000
[E] 010002dc 00000000 0
[M] 010002dc 00000000 0 0 00000000
[W] 010002dc 1 02 00000000
[F] 010002e0 0420d063
[D] 010002e0 63 00 01 02 5 02 00000040 02
[R] 01 02 ffffffff 00000000
[E] 010002e0 01000320 0
[M] 010002e0 01000320 0 1 00000000
[W] 010002e0 0 00 01000320
[F] 010002e4 00120213
[D] 010002e4 13 04 04 01 0 00 00000001 01
[R] 04 01 00000001 ffffffff
[E] 010002e4 00000002 0
[M] 010002e4 00000002 0 0 ffffffff
[W] 010002e4 1 04 00000002
[F] 010002e8 00200293
[D] 010002e8 13 05 00 02 0 00 00000002 02
[R] 00 02 00000000 00000000
[E] 010002e8 00000002 0
[M] 010002e8 00000002 0 0 00000000
[W] 010002e8 1 05 00000002
[F] 010002ec fe5212e3
[D] 010002ec 63 05 04 05 1 7f ffffffe4 05
[R] 04 05 00000002 00000002
[E] 010002ec 010002d0 0
[M] 010002ec 010002d0 0 1 00000002
[W] 010002ec 0 05 010002d0
[F] 010002f0 00100093
[D] 010002f0 13 01 00 01 0 00 00000001 01
[R] 00 01 00000000 ffffffff
[E] 010002f0 00000001 0
[M] 010002f0 00000001 0 0 ffffffff
[W] 010002f0 1 01 00000001
[F] 010002f4 0000da63
[D] 010002f4 63 14 01 00 5 00 00000014 00
[R] 01 00 00000001 00000000
[E] 010002f4 01000308 0
[M] 010002f4 01000308 0 1 00000000
[W] 010002f4 0 14 01000308
[F] 01000308 00108093
[D] 01000308 13 01 01 01 0 00 00000001 01
[R] 01 01 00000001 00000001
[E] 01000308 00000002 0
[M] 01000308 00000002 0 0 00000001
[W] 01000308 1 01 00000002
[F] 0100030c 00108093
[D] 0100030c 13 01 01 01 0 00 00000001 01
[R] 01 01 00000002 00000002
[E] 0100030c 00000003 0
[M] 0100030c 00000003 0 0 00000002
[W] 0100030c 1 01 00000003
[F] 01000310 00300e93
[D] 01000310 13 1d 00 03 0 00 00000003 03
[R] 00 03 00000000 00000017
[E] 01000310 00000003 0
[M] 01000310 00000003 0 0 00000017
[W] 01000310 1 1d 00000003
[F] 01000314 01800193
[D] 01000314 13 03 00 18 0 00 00000018 18
[R] 00 18 00000000 00000000
[E] 01000314 00000018 0
[M] 01000314 00000018 0 0 00000000
[W] 01000314 1 03 00000018
[F] 01000318 01d09463
[D] 01000318 63 08 01 1d 1 00 00000008 1d
[R] 01 1d 00000003 00000003
[E] 01000318 01000320 0
[M] 01000318 01000320 0 1 00000003
[W] 01000318 0 08 01000320
[F] 0100031c 00301c63
[D] 0100031c 63 18 00 03 1 00 00000018 03
[R] 00 03 00000000 00000018
[E] 0100031c 01000334 0
[M] 0100031c 01000334 0 1 00000018
[W] 0100031c 0 18 01000334
[F] 01000334 0ff0000f
[D] 01000334 0f 00 00 1f 0 07 00000000 1f
[R] 00 1f 00000000 00000000
[E] 01000334 00000000 0
[M] 01000334 00000000 0 0 00000000
[W] 01000334 1 00 00000000
[F] 01000338 00100193
[D] 01000338 13 03 00 01 0 00 00000001 01
[R] 00 01 00000000 00000003
[E] 01000338 00000001 0
[M] 01000338 00000001 0 0 00000003
[W] 01000338 1 03 00000001
[F] 0100033c 00000073
[D] 0100033c 73 00 00 00 0 00 00000000 00
[R] 00 00 00000000 00000000
[E] 0100033c 00000000 0
[M] 0100033c 00000000 0 0 00000000
[W] 0100033c 0 00 00000000
