[F] 01000000 00200193
[D] 01000000 13 03 00 02 0 00 00000002 02
[R] 00 02 00000000 01100000
[E] 01000000 00000002 0
[M] 01000000 00000002 0 0 01100000
[W] 01000000 1 03 00000002
[F] 01000004 00000093
[D] 01000004 13 01 00 00 0 00 00000000 00
[R] 00 00 00000000 00000000
[E] 01000004 00000000 0
[M] 01000004 00000000 0 0 00000000
[W] 01000004 1 01 00000000
[F] 01000008 00000113
[D] 01000008 13 02 00 00 0 00 00000000 00
[R] 00 00 00000000 00000000
[E] 01000008 00000000 0
[M] 01000008 00000000 0 0 00000000
[W] 01000008 1 02 00000000
[F] 0100000c 0020f663
[D] 0100000c 63 0c 01 02 7 00 0000000c 02
[R] 01 02 00000000 00000000
[E] 0100000c 01000018 0
[M] 0100000c 01000018 0 3 00000000
[W] 0100000c 0 0c 01000018
[F] 01000018 fe20fee3
[D] 01000018 63 1d 01 02 7 7f fffffffc 02
[R] 01 02 00000000 00000000
[E] 01000018 01000014 0
[M] 01000018 01000014 0 3 00000000
[W] 01000018 0 1d 01000014
[F] 01000014 00301663
[D] 01000014 63 0c 00 03 1 00 0000000c 03
[R] 00 03 00000000 00000002
[E] 01000014 01000020 0
[M] 01000014 01000020 0 1 00000002
[W] 01000014 0 0c 01000020
[F] 01000020 00300193
[D] 01000020 13 03 00 03 0 00 00000003 03
[R] 00 03 00000000 00000002
[E] 01000020 00000003 0
[M] 01000020 00000003 0 0 00000002
[W] 01000020 1 03 00000003
[F] 01000024 00100093
[D] 01000024 13 01 00 01 0 00 00000001 01
[R] 00 01 00000000 00000000
[E] 01000024 00000001 0
[M] 01000024 00000001 0 0 00000000
[W] 01000024 1 01 00000001
[F] 01000028 00100113
[D] 01000028 13 02 00 01 0 00 00000001 01
[R] 00 01 00000000 00000001
[E] 01000028 00000001 0
[M] 01000028 00000001 0 0 00000001
[W] 01000028 1 02 00000001
[F] 0100002c 0020f663
[D] 0100002c 63 0c 01 02 7 00 0000000c 02
[R] 01 02 00000001 00000001
[E] 0100002c 01000038 0
[M] 0100002c 01000038 0 3 00000001
[W] 0100002c 0 0c 01000038
[F] 01000038 fe20fee3
[D] 01000038 63 1d 01 02 7 7f fffffffc 02
[R] 01 02 00000001 00000001
[E] 01000038 01000034 0
[M] 01000038 01000034 0 3 00000001
[W] 01000038 0 1d 01000034
[F] 01000034 00301663
[D] 01000034 63 0c 00 03 1 00 0000000c 03
[R] 00 03 00000000 00000003
[E] 01000034 01000040 0
[M] 01000034 01000040 0 1 00000003
[W] 01000034 0 0c 01000040
[F] 01000040 00400193
[D] 01000040 13 03 00 04 0 00 00000004 04
[R] 00 04 00000000 00000000
[E] 01000040 00000004 0
[M] 01000040 00000004 0 0 00000000
[W] 01000040 1 03 00000004
[F] 01000044 fff00093
[D] 01000044 13 01 00 1f 0 7f ffffffff 1f
[R] 00 1f 00000000 00000000
[E] 01000044 ffffffff 0
[M] 01000044 ffffffff 0 0 00000000
[W] 01000044 1 01 ffffffff
[F] 01000048 fff00113
[D] 01000048 13 02 00 1f 0 7f ffffffff 1f
[R] 00 1f 00000000 00000000
[E] 01000048 ffffffff 0
[M] 01000048 ffffffff 0 0 00000000
[W] 01000048 1 02 ffffffff
[F] 0100004c 0020f663
[D] 0100004c 63 0c 01 02 7 00 0000000c 02
[R] 01 02 ffffffff ffffffff
[E] 0100004c 01000058 0
[M] 0100004c 01000058 0 3 ffffffff
[W] 0100004c 0 0c 01000058
[F] 01000058 fe20fee3
[D] 01000058 63 1d 01 02 7 7f fffffffc 02
[R] 01 02 ffffffff ffffffff
[E] 01000058 01000054 0
[M] 01000058 01000054 0 3 ffffffff
[W] 01000058 0 1d 01000054
[F] 01000054 00301663
[D] 01000054 63 0c 00 03 1 00 0000000c 03
[R] 00 03 00000000 00000004
[E] 01000054 01000060 0
[M] 01000054 01000060 0 1 00000004
[W] 01000054 0 0c 01000060
[F] 01000060 00500193
[D] 01000060 13 03 00 05 0 00 00000005 05
[R] 00 05 00000000 00000000
[E] 01000060 00000005 0
[M] 01000060 00000005 0 0 00000000
[W] 01000060 1 03 00000005
[F] 01000064 00100093
[D] 01000064 13 01 00 01 0 00 00000001 01
[R] 00 01 00000000 ffffffff
[E] 01000064 00000001 0
[M] 01000064 00000001 0 0 ffffffff
[W] 01000064 1 01 00000001
[F] 01000068 00000113
[D] 01000068 13 02 00 00 0 00 00000000 00
[R] 00 00 00000000 00000000
[E] 01000068 00000000 0
[M] 01000068 00000000 0 0 00000000
[W] 01000068 1 02 00000000
[F] 0100006c 0020f663
[D] 0100006c 63 0c 01 02 7 00 0000000c 02
[R] 01 02 00000001 00000000
[E] 0100006c 01000078 0
[M] 0100006c 01000078 0 3 00000000
[W] 0100006c 0 0c 01000078
[F] 01000078 fe20fee3
[D] 01000078 63 1d 01 02 7 7f fffffffc 02
[R] 01 02 00000001 00000000
[E] 01000078 01000074 0
[M] 01000078 01000074 0 3 00000000
[W] 01000078 0 1d 01000074
[F] 01000074 00301663
[D] 01000074 63 0c 00 03 1 00 0000000c 03
[R] 00 03 00000000 00000005
[E] 01000074 01000080 0
[M] 01000074 01000080 0 1 00000005
[W] 01000074 0 0c 01000080
[F] 01000080 00600193
[D] 01000080 13 03 00 06 0 00 00000006 06
[R] 00 06 00000000 00000000
[E] 01000080 00000006 0
[M] 01000080 00000006 0 0 00000000
[W] 01000080 1 03 00000006
[F] 01000084 fff00093
[D] 01000084 13 01 00 1f 0 7f ffffffff 1f
[R] 00 1f 00000000 00000000
[E] 01000084 ffffffff 0
[M] 01000084 ffffffff 0 0 00000000
[W] 01000084 1 01 ffffffff
[F] 01000088 ffe00113
[D] 01000088 13 02 00 1e 0 7f fffffffe 1e
[R] 00 1e 00000000 00000000
[E] 01000088 fffffffe 0
[M] 01000088 fffffffe 0 0 00000000
[W] 01000088 1 02 fffffffe
[F] 0100008c 0020f663
[D] 0100008c 63 0c 01 02 7 00 0000000c 02
[R] 01 02 ffffffff fffffffe
[E] 0100008c 01000098 0
[M] 0100008c 01000098 0 3 fffffffe
[W] 0100008c 0 0c 01000098
[F] 01000098 fe20fee3
[D] 01000098 63 1d 01 02 7 7f fffffffc 02
[R] 01 02 ffffffff fffffffe
[E] 01000098 01000094 0
[M] 01000098 01000094 0 3 fffffffe
[W] 01000098 0 1d 01000094
[F] 01000094 00301663
[D] 01000094 63 0c 00 03 1 00 0000000c 03
[R] 00 03 00000000 00000006
[E] 01000094 010000a0 0
[M] 01000094 010000a0 0 1 00000006
[W] 01000094 0 0c 010000a0
[F] 010000a0 00700193
[D] 010000a0 13 03 00 07 0 00 00000007 07
[R] 00 07 00000000 00000000
[E] 010000a0 00000007 0
[M] 010000a0 00000007 0 0 00000000
[W] 010000a0 1 03 00000007
[F] 010000a4 fff00093
[D] 010000a4 13 01 00 1f 0 7f ffffffff 1f
[R] 00 1f 00000000 00000000
[E] 010000a4 ffffffff 0
[M] 010000a4 ffffffff 0 0 00000000
[W] 010000a4 1 01 ffffffff
[F] 010000a8 00000113
[D] 010000a8 13 02 00 00 0 00 00000000 00
[R] 00 00 00000000 00000000
[E] 010000a8 00000000 0
[M] 010000a8 00000000 0 0 00000000
[W] 010000a8 1 02 00000000
[F] 010000ac 0020f663
[D] 010000ac 63 0c 01 02 7 00 0000000c 02
[R] 01 02 ffffffff 00000000
[E] 010000ac 010000b8 0
[M] 010000ac 010000b8 0 3 00000000
[W] 010000ac 0 0c 010000b8
[F] 010000b8 fe20fee3
[D] 010000b8 63 1d 01 02 7 7f fffffffc 02
[R] 01 02 ffffffff 00000000
[E] 010000b8 010000b4 0
[M] 010000b8 010000b4 0 3 00000000
[W] 010000b8 0 1d 010000b4
[F] 010000b4 00301663
[D] 010000b4 63 0c 00 03 1 00 0000000c 03
[R] 00 03 00000000 00000007
[E] 010000b4 010000c0 0
[M] 010000b4 010000c0 0 1 00000007
[W] 010000b4 0 0c 010000c0
[F] 010000c0 00800193
[D] 010000c0 13 03 00 08 0 00 00000008 08
[R] 00 08 00000000 00000000
[E] 010000c0 00000008 0
[M] 010000c0 00000008 0 0 00000000
[W] 010000c0 1 03 00000008
[F] 010000c4 00000093
[D] 010000c4 13 01 00 00 0 00 00000000 00
[R] 00 00 00000000 00000000
[E] 010000c4 00000000 0
[M] 010000c4 00000000 0 0 00000000
[W] 010000c4 1 01 00000000
[F] 010000c8 00100113
[D] 010000c8 13 02 00 01 0 00 00000001 01
[R] 00 01 00000000 00000000
[E] 010000c8 00000001 0
[M] 010000c8 00000001 0 0 00000000
[W] 010000c8 1 02 00000001
[F] 010000cc 0020f463
[D] 010000cc 63 08 01 02 7 00 00000008 02
[R] 01 02 00000000 00000001
[E] 010000cc 010000d4 0
[M] 010000cc 010000d4 0 3 00000001
[W] 010000cc 0 08 010000d4
[F] 010000d0 00301463
[D] 010000d0 63 08 00 03 1 00 00000008 03
[R] 00 03 00000000 00000008
[E] 010000d0 010000d8 0
[M] 010000d0 010000d8 0 1 00000008
[W] 010000d0 0 08 010000d8
[F] 010000d8 fe20fee3
[D] 010000d8 63 1d 01 02 7 7f fffffffc 02
[R] 01 02 00000000 00000001
[E] 010000d8 010000d4 0
[M] 010000d8 010000d4 0 3 00000001
[W] 010000d8 0 1d 010000d4
[F] 010000dc 00900193
[D] 010000dc 13 03 00 09 0 00 00000009 09
[R] 00 09 00000000 00000000
[E] 010000dc 00000009 0
[M] 010000dc 00000009 0 0 00000000
[W] 010000dc 1 03 00000009
[F] 010000e0 ffe00093
[D] 010000e0 13 01 00 1e 0 7f fffffffe 1e
[R] 00 1e 00000000 00000000
[E] 010000e0 fffffffe 0
[M] 010000e0 fffffffe 0 0 00000000
[W] 010000e0 1 01 fffffffe
[F] 010000e4 fff00113
[D] 010000e4 13 02 00 1f 0 7f ffffffff 1f
[R] 00 1f 00000000 00000000
[E] 010000e4 ffffffff 0
[M] 010000e4 ffffffff 0 0 00000000
[W] 010000e4 1 02 ffffffff
[F] 010000e8 0020f463
[D] 010000e8 63 08 01 02 7 00 00000008 02
[R] 01 02 fffffffe ffffffff
[E] 010000e8 010000f0 0
[M] 010000e8 010000f0 0 3 ffffffff
[W] 010000e8 0 08 010000f0
[F] 010000ec 00301463
[D] 010000ec 63 08 00 03 1 00 00000008 03
[R] 00 03 00000000 00000009
[E] 010000ec 010000f4 0
[M] 010000ec 010000f4 0 1 00000009
[W] 010000ec 0 08 010000f4
[F] 010000f4 fe20fee3
[D] 010000f4 63 1d 01 02 7 7f fffffffc 02
[R] 01 02 fffffffe ffffffff
[E] 010000f4 010000f0 0
[M] 010000f4 010000f0 0 3 ffffffff
[W] 010000f4 0 1d 010000f0
[F] 010000f8 00a00193
[D] 010000f8 13 03 00 0a 0 00 0000000a 0a
[R] 00 0a 00000000 00000000
[E] 010000f8 0000000a 0
[M] 010000f8 0000000a 0 0 00000000
[W] 010000f8 1 03 0000000a
[F] 010000fc 00000093
[D] 010000fc 13 01 00 00 0 00 00000000 00
[R] 00 00 00000000 00000000
[E] 010000fc 00000000 0
[M] 010000fc 00000000 0 0 00000000
[W] 010000fc 1 01 00000000
[F] 01000100 fff00113
[D] 01000100 13 02 00 1f 0 7f ffffffff 1f
[R] 00 1f 00000000 00000000
[E] 01000100 ffffffff 0
[M] 01000100 ffffffff 0 0 00000000
[W] 01000100 1 02 ffffffff
[F] 01000104 0020f463
[D] 01000104 63 08 01 02 7 00 00000008 02
[R] 01 02 00000000 ffffffff
[E] 01000104 0100010c 0
[M] 01000104 0100010c 0 3 ffffffff
[W] 01000104 0 08 0100010c
[F] 01000108 00301463
[D] 01000108 63 08 00 03 1 00 00000008 03
[R] 00 03 00000000 0000000a
[E] 01000108 01000110 0
[M] 01000108 01000110 0 1 0000000a
[W] 01000108 0 08 01000110
[F] 01000110 fe20fee3
[D] 01000110 63 1d 01 02 7 7f fffffffc 02
[R] 01 02 00000000 ffffffff
[E] 01000110 0100010c 0
[M] 01000110 0100010c 0 3 ffffffff
[W] 01000110 0 1d 0100010c
[F] 01000114 00b00193
[D] 01000114 13 03 00 0b 0 00 0000000b 0b
[R] 00 0b 00000000 00000000
[E] 01000114 0000000b 0
[M] 01000114 0000000b 0 0 00000000
[W] 01000114 1 03 0000000b
[F] 01000118 800000b7
[D] 01000118 37 01 00 00 0 40 80000000 00
[R] 00 00 00000000 00000000
[E] 01000118 80000000 0
[M] 01000118 80000000 0 0 00000000
[W] 01000118 1 01 80000000
[F] 0100011c fff08093
[D] 0100011c 13 01 01 1f 0 7f ffffffff 1f
[R] 01 1f 80000000 00000000
[E] 0100011c 7fffffff 0
[M] 0100011c 7fffffff 0 0 00000000
[W] 0100011c 1 01 7fffffff
[F] 01000120 80000137
[D] 01000120 37 02 00 00 0 40 80000000 00
[R] 00 00 00000000 00000000
[E] 01000120 80000000 0
[M] 01000120 80000000 0 0 00000000
[W] 01000120 1 02 80000000
[F] 01000124 0020f463
[D] 01000124 63 08 01 02 7 00 00000008 02
[R] 01 02 7fffffff 80000000
[E] 01000124 0100012c 0
[M] 01000124 0100012c 0 3 80000000
[W] 01000124 0 08 0100012c
[F] 01000128 00301463
[D] 01000128 63 08 00 03 1 00 00000008 03
[R] 00 03 00000000 0000000b
[E] 01000128 01000130 0
[M] 01000128 01000130 0 1 0000000b
[W] 01000128 0 08 01000130
[F] 01000130 fe20fee3
[D] 01000130 63 1d 01 02 7 7f fffffffc 02
[R] 01 02 7fffffff 80000000
[E] 01000130 0100012c 0
[M] 01000130 0100012c 0 3 80000000
[W] 01000130 0 1d 0100012c
[F] 01000134 00c00193
[D] 01000134 13 03 00 0c 0 00 0000000c 0c
[R] 00 0c 00000000 00000000
[E] 01000134 0000000c 0
[M] 01000134 0000000c 0 0 00000000
[W] 01000134 1 03 0000000c
[F] 01000138 00000213
[D] 01000138 13 04 00 00 0 00 00000000 00
[R] 00 00 00000000 00000000
[E] 01000138 00000000 0
[M] 01000138 00000000 0 0 00000000
[W] 01000138 1 04 00000000
[F] 0100013c f00000b7
[D] 0100013c 37 01 00 00 0 78 f0000000 00
[R] 00 00 00000000 00000000
[E] 0100013c f0000000 0
[M] 0100013c f0000000 0 0 00000000
[W] 0100013c 1 01 f0000000
[F] 01000140 fff08093
[D] 01000140 13 01 01 1f 0 7f ffffffff 1f
[R] 01 1f f0000000 00000000
[E] 01000140 efffffff 0
[M] 01000140 efffffff 0 0 00000000
[W] 01000140 1 01 efffffff
[F] 01000144 f0000137
[D] 01000144 37 02 00 00 0 78 f0000000 00
[R] 00 00 00000000 00000000
[E] 01000144 f0000000 0
[M] 01000144 f0000000 0 0 00000000
[W] 01000144 1 02 f0000000
[F] 01000148 2020f663
[D] 01000148 63 0c 01 02 7 10 0000020c 02
[R] 01 02 efffffff f0000000
[E] 01000148 01000354 0
[M] 01000148 01000354 0 3 f0000000
[W] 01000148 0 0c 01000354
[F] 0100014c 00120213
[D] 0100014c 13 04 04 01 0 00 00000001 01
[R] 04 01 00000000 efffffff
[E] 0100014c 00000001 0
[M] 0100014c 00000001 0 0 efffffff
[W] 0100014c 1 04 00000001
[F] 01000150 00200293
[D] 01000150 13 05 00 02 0 00 00000002 02
[R] 00 02 00000000 f0000000
[E] 01000150 00000002 0
[M] 01000150 00000002 0 0 f0000000
[W] 01000150 1 05 00000002
[F] 01000154 fe5214e3
[D] 01000154 63 09 04 05 1 7f ffffffe8 05
[R] 04 05 00000001 00000002
[E] 01000154 0100013c 0
[M] 01000154 0100013c 0 1 00000002
[W] 01000154 0 09 0100013c
[F] 0100013c f00000b7
[D] 0100013c 37 01 00 00 0 78 f0000000 00
[R] 00 00 00000000 00000000
[E] 0100013c f0000000 0
[M] 0100013c f0000000 0 0 00000000
[W] 0100013c 1 01 f0000000
[F] 01000140 fff08093
[D] 01000140 13 01 01 1f 0 7f ffffffff 1f
[R] 01 1f f0000000 00000000
[E] 01000140 efffffff 0
[M] 01000140 efffffff 0 0 00000000
[W] 01000140 1 01 efffffff
[F] 01000144 f0000137
[D] 01000144 37 02 00 00 0 78 f0000000 00
[R] 00 00 00000000 00000000
[E] 01000144 f0000000 0
[M] 01000144 f0000000 0 0 00000000
[W] 01000144 1 02 f0000000
[F] 01000148 2020f663
[D] 01000148 63 0c 01 02 7 10 0000020c 02
[R] 01 02 efffffff f0000000
[E] 01000148 01000354 0
[M] 01000148 01000354 0 3 f0000000
[W] 01000148 0 0c 01000354
[F] 0100014c 00120213
[D] 0100014c 13 04 04 01 0 00 00000001 01
[R] 04 01 00000001 efffffff
[E] 0100014c 00000002 0
[M] 0100014c 00000002 0 0 efffffff
[W] 0100014c 1 04 00000002
[F] 01000150 00200293
[D] 01000150 13 05 00 02 0 00 00000002 02
[R] 00 02 00000000 f0000000
[E] 01000150 00000002 0
[M] 01000150 00000002 0 0 f0000000
[W] 01000150 1 05 00000002
[F] 01000154 fe5214e3
[D] 01000154 63 09 04 05 1 7f ffffffe8 05
[R] 04 05 00000002 00000002
[E] 01000154 0100013c 0
[M] 01000154 0100013c 0 1 00000002
[W] 01000154 0 09 0100013c
[F] 01000158 00d00193
[D] 01000158 13 03 00 0d 0 00 0000000d 0d
[R] 00 0d 00000000 00000000
[E] 01000158 0000000d 0
[M] 01000158 0000000d 0 0 00000000
[W] 01000158 1 03 0000000d
[F] 0100015c 00000213
[D] 0100015c 13 04 00 00 0 00 00000000 00
[R] 00 00 00000000 00000000
[E] 0100015c 00000000 0
[M] 0100015c 00000000 0 0 00000000
[W] 0100015c 1 04 00000000
[F] 01000160 f00000b7
[D] 01000160 37 01 00 00 0 78 f0000000 00
[R] 00 00 00000000 00000000
[E] 01000160 f0000000 0
[M] 01000160 f0000000 0 0 00000000
[W] 01000160 1 01 f0000000
[F] 01000164 fff08093
[D] 01000164 13 01 01 1f 0 7f ffffffff 1f
[R] 01 1f f0000000 00000000
[E] 01000164 efffffff 0
[M] 01000164 efffffff 0 0 00000000
[W] 01000164 1 01 efffffff
[F] 01000168 f0000137
[D] 01000168 37 02 00 00 0 78 f0000000 00
[R] 00 00 00000000 00000000
[E] 01000168 f0000000 0
[M] 01000168 f0000000 0 0 00000000
[W] 01000168 1 02 f0000000
[F] 0100016c 00000013
[D] 0100016c 13 00 00 00 0 00 00000000 00
[R] 00 00 00000000 00000000
[E] 0100016c 00000000 0
[M] 0100016c 00000000 0 0 00000000
[W] 0100016c 1 00 00000000
[F] 01000170 1e20f263
[D] 01000170 63 04 01 02 7 0f 000001e4 02
[R] 01 02 efffffff f0000000
[E] 01000170 01000354 0
[M] 01000170 01000354 0 3 f0000000
[W] 01000170 0 04 01000354
[F] 01000174 00120213
[D] 01000174 13 04 04 01 0 00 00000001 01
[R] 04 01 00000000 efffffff
[E] 01000174 00000001 0
[M] 01000174 00000001 0 0 efffffff
[W] 01000174 1 04 00000001
[F] 01000178 00200293
[D] 01000178 13 05 00 02 0 00 00000002 02
[R] 00 02 00000000 f0000000
[E] 01000178 00000002 0
[M] 01000178 00000002 0 0 f0000000
[W] 01000178 1 05 00000002
[F] 0100017c fe5212e3
[D] 0100017c 63 05 04 05 1 7f ffffffe4 05
[R] 04 05 00000001 00000002
[E] 0100017c 01000160 0
[M] 0100017c 01000160 0 1 00000002
[W] 0100017c 0 05 01000160
[F] 01000160 f00000b7
[D] 01000160 37 01 00 00 0 78 f0000000 00
[R] 00 00 00000000 00000000
[E] 01000160 f0000000 0
[M] 01000160 f0000000 0 0 00000000
[W] 01000160 1 01 f0000000
[F] 01000164 fff08093
[D] 01000164 13 01 01 1f 0 7f ffffffff 1f
[R] 01 1f f0000000 00000000
[E] 01000164 efffffff 0
[M] 01000164 efffffff 0 0 00000000
[W] 01000164 1 01 efffffff
[F] 01000168 f0000137
[D] 01000168 37 02 00 00 0 78 f0000000 00
[R] 00 00 00000000 00000000
[E] 01000168 f0000000 0
[M] 01000168 f0000000 0 0 00000000
[W] 01000168 1 02 f0000000
[F] 0100016c 00000013
[D] 0100016c 13 00 00 00 0 00 00000000 00
[R] 00 00 00000000 00000000
[E] 0100016c 00000000 0
[M] 0100016c 00000000 0 0 00000000
[W] 0100016c 1 00 00000000
[F] 01000170 1e20f263
[D] 01000170 63 04 01 02 7 0f 000001e4 02
[R] 01 02 efffffff f0000000
[E] 01000170 01000354 0
[M] 01000170 01000354 0 3 f0000000
[W] 01000170 0 04 01000354
[F] 01000174 00120213
[D] 01000174 13 04 04 01 0 00 00000001 01
[R] 04 01 00000001 efffffff
[E] 01000174 00000002 0
[M] 01000174 00000002 0 0 efffffff
[W] 01000174 1 04 00000002
[F] 01000178 00200293
[D] 01000178 13 05 00 02 0 00 00000002 02
[R] 00 02 00000000 f0000000
[E] 01000178 00000002 0
[M] 01000178 00000002 0 0 f0000000
[W] 01000178 1 05 00000002
[F] 0100017c fe5212e3
[D] 0100017c 63 05 04 05 1 7f ffffffe4 05
[R] 04 05 00000002 00000002
[E] 0100017c 01000160 0
[M] 0100017c 01000160 0 1 00000002
[W] 0100017c 0 05 01000160
[F] 01000180 00e00193
[D] 01000180 13 03 00 0e 0 00 0000000e 0e
[R] 00 0e 00000000 00000000
[E] 01000180 0000000e 0
[M] 01000180 0000000e 0 0 00000000
[W] 01000180 1 03 0000000e
[F] 01000184 00000213
[D] 01000184 13 04 00 00 0 00 00000000 00
[R] 00 00 00000000 00000000
[E] 01000184 00000000 0
[M] 01000184 00000000 0 0 00000000
[W] 01000184 1 04 00000000
[F] 01000188 f00000b7
[D] 01000188 37 01 00 00 0 78 f0000000 00
[R] 00 00 00000000 00000000
[E] 01000188 f0000000 0
[M] 01000188 f0000000 0 0 00000000
[W] 01000188 1 01 f0000000
[F] 0100018c fff08093
[D] 0100018c 13 01 01 1f 0 7f ffffffff 1f
[R] 01 1f f0000000 00000000
[E] 0100018c efffffff 0
[M] 0100018c efffffff 0 0 00000000
[W] 0100018c 1 01 efffffff
[F] 01000190 f0000137
[D] 01000190 37 02 00 00 0 78 f0000000 00
[R] 00 00 00000000 00000000
[E] 01000190 f0000000 0
[M] 01000190 f0000000 0 0 00000000
[W] 01000190 1 02 f0000000
[F] 01000194 00000013
[D] 01000194 13 00 00 00 0 00 00000000 00
[R] 00 00 00000000 00000000
[E] 01000194 00000000 0
[M] 01000194 00000000 0 0 00000000
[W] 01000194 1 00 00000000
[F] 01000198 00000013
[D] 01000198 13 00 00 00 0 00 00000000 00
[R] 00 00 00000000 00000000
[E] 01000198 00000000 0
[M] 01000198 00000000 0 0 00000000
[W] 01000198 1 00 00000000
[F] 0100019c 1a20fc63
[D] 0100019c 63 18 01 02 7 0d 000001b8 02
[R] 01 02 efffffff f0000000
[E] 0100019c 01000354 0
[M] 0100019c 01000354 0 3 f0000000
[W] 0100019c 0 18 01000354
[F] 010001a0 00120213
[D] 010001a0 13 04 04 01 0 00 00000001 01
[R] 04 01 00000000 efffffff
[E] 010001a0 00000001 0
[M] 010001a0 00000001 0 0 efffffff
[W] 010001a0 1 04 00000001
[F] 010001a4 00200293
[D] 010001a4 13 05 00 02 0 00 00000002 02
[R] 00 02 00000000 f0000000
[E] 010001a4 00000002 0
[M] 010001a4 00000002 0 0 f0000000
[W] 010001a4 1 05 00000002
[F] 010001a8 fe5210e3
[D] 010001a8 63 01 04 05 1 7f ffffffe0 05
[R] 04 05 00000001 00000002
[E] 010001a8 01000188 0
[M] 010001a8 01000188 0 1 00000002
[W] 010001a8 0 01 01000188
[F] 01000188 f00000b7
[D] 01000188 37 01 00 00 0 78 f0000000 00
[R] 00 00 00000000 00000000
[E] 01000188 f0000000 0
[M] 01000188 f0000000 0 0 00000000
[W] 01000188 1 01 f0000000
[F] 0100018c fff08093
[D] 0100018c 13 01 01 1f 0 7f ffffffff 1f
[R] 01 1f f0000000 00000000
[E] 0100018c efffffff 0
[M] 0100018c efffffff 0 0 00000000
[W] 0100018c 1 01 efffffff
[F] 01000190 f0000137
[D] 01000190 37 02 00 00 0 78 f0000000 00
[R] 00 00 00000000 00000000
[E] 01000190 f0000000 0
[M] 01000190 f0000000 0 0 00000000
[W] 01000190 1 02 f0000000
[F] 01000194 00000013
[D] 01000194 13 00 00 00 0 00 00000000 00
[R] 00 00 00000000 00000000
[E] 01000194 00000000 0
[M] 01000194 00000000 0 0 00000000
[W] 01000194 1 00 00000000
[F] 01000198 00000013
[D] 01000198 13 00 00 00 0 00 00000000 00
[R] 00 00 00000000 00000000
[E] 01000198 00000000 0
[M] 01000198 00000000 0 0 00000000
[W] 01000198 1 00 00000000
[F] 0100019c 1a20fc63
[D] 0100019c 63 18 01 02 7 0d 000001b8 02
[R] 01 02 efffffff f0000000
[E] 0100019c 01000354 0
[M] 0100019c 01000354 0 3 f0000000
[W] 0100019c 0 18 01000354
[F] 010001a0 00120213
[D] 010001a0 13 04 04 01 0 00 00000001 01
[R] 04 01 00000001 efffffff
[E] 010001a0 00000002 0
[M] 010001a0 00000002 0 0 efffffff
[W] 010001a0 1 04 00000002
[F] 010001a4 00200293
[D] 010001a4 13 05 00 02 0 00 00000002 02
[R] 00 02 00000000 f0000000
[E] 010001a4 00000002 0
[M] 010001a4 00000002 0 0 f0000000
[W] 010001a4 1 05 00000002
[F] 010001a8 fe5210e3
[D] 010001a8 63 01 04 05 1 7f ffffffe0 05
[R] 04 05 00000002 00000002
[E] 010001a8 01000188 0
[M] 010001a8 01000188 0 1 00000002
[W] 010001a8 0 01 01000188
[F] 010001ac 00f00193
[D] 010001ac 13 03 00 0f 0 00 0000000f 0f
[R] 00 0f 00000000 00000000
[E] 010001ac 0000000f 0
[M] 010001ac 0000000f 0 0 00000000
[W] 010001ac 1 03 0000000f
[F] 010001b0 00000213
[D] 010001b0 13 04 00 00 0 00 00000000 00
[R] 00 00 00000000 00000000
[E] 010001b0 00000000 0
[M] 010001b0 00000000 0 0 00000000
[W] 010001b0 1 04 00000000
[F] 010001b4 f00000b7
[D] 010001b4 37 01 00 00 0 78 f0000000 00
[R] 00 00 00000000 00000000
[E] 010001b4 f0000000 0
[M] 010001b4 f0000000 0 0 00000000
[W] 010001b4 1 01 f0000000
[F] 010001b8 fff08093
[D] 010001b8 13 01 01 1f 0 7f ffffffff 1f
[R] 01 1f f0000000 00000000
[E] 010001b8 efffffff 0
[M] 010001b8 efffffff 0 0 00000000
[W] 010001b8 1 01 efffffff
[F] 010001bc 00000013
[D] 010001bc 13 00 00 00 0 00 00000000 00
[R] 00 00 00000000 00000000
[E] 010001bc 00000000 0
[M] 010001bc 00000000 0 0 00000000
[W] 010001bc 1 00 00000000
[F] 010001c0 f0000137
[D] 010001c0 37 02 00 00 0 78 f0000000 00
[R] 00 00 00000000 00000000
[E] 010001c0 f0000000 0
[M] 010001c0 f0000000 0 0 00000000
[W] 010001c0 1 02 f0000000
[F] 010001c4 1820f863
[D] 010001c4 63 10 01 02 7 0c 00000190 02
[R] 01 02 efffffff f0000000
[E] 010001c4 01000354 0
[M] 010001c4 01000354 0 3 f0000000
[W] 010001c4 0 10 01000354
[F] 010001c8 00120213
[D] 010001c8 13 04 04 01 0 00 00000001 01
[R] 04 01 00000000 efffffff
[E] 010001c8 00000001 0
[M] 010001c8 00000001 0 0 efffffff
[W] 010001c8 1 04 00000001
[F] 010001cc 00200293
[D] 010001cc 13 05 00 02 0 00 00000002 02
[R] 00 02 00000000 f0000000
[E] 010001cc 00000002 0
[M] 010001cc 00000002 0 0 f0000000
[W] 010001cc 1 05 00000002
[F] 010001d0 fe5212e3
[D] 010001d0 63 05 04 05 1 7f ffffffe4 05
[R] 04 05 00000001 00000002
[E] 010001d0 010001b4 0
[M] 010001d0 010001b4 0 1 00000002
[W] 010001d0 0 05 010001b4
[F] 010001b4 f00000b7
[D] 010001b4 37 01 00 00 0 78 f0000000 00
[R] 00 00 00000000 00000000
[E] 010001b4 f0000000 0
[M] 010001b4 f0000000 0 0 00000000
[W] 010001b4 1 01 f0000000
[F] 010001b8 fff08093
[D] 010001b8 13 01 01 1f 0 7f ffffffff 1f
[R] 01 1f f0000000 00000000
[E] 010001b8 efffffff 0
[M] 010001b8 efffffff 0 0 00000000
[W] 010001b8 1 01 efffffff
[F] 010001bc 00000013
[D] 010001bc 13 00 00 00 0 00 00000000 00
[R] 00 00 00000000 00000000
[E] 010001bc 00000000 0
[M] 010001bc 00000000 0 0 00000000
[W] 010001bc 1 00 00000000
[F] 010001c0 f0000137
[D] 010001c0 37 02 00 00 0 78 f0000000 00
[R] 00 00 00000000 00000000
[E] 010001c0 f0000000 0
[M] 010001c0 f0000000 0 0 00000000
[W] 010001c0 1 02 f0000000
[F] 010001c4 1820f863
[D] 010001c4 63 10 01 02 7 0c 00000190 02
[R] 01 02 efffffff f0000000
[E] 010001c4 01000354 0
[M] 010001c4 01000354 0 3 f0000000
[W] 010001c4 0 10 01000354
[F] 010001c8 00120213
[D] 010001c8 13 04 04 01 0 00 00000001 01
[R] 04 01 00000001 efffffff
[E] 010001c8 00000002 0
[M] 010001c8 00000002 0 0 efffffff
[W] 010001c8 1 04 00000002
[F] 010001cc 00200293
[D] 010001cc 13 05 00 02 0 00 00000002 02
[R] 00 02 00000000 f0000000
[E] 010001cc 00000002 0
[M] 010001cc 00000002 0 0 f0000000
[W] 010001cc 1 05 00000002
[F] 010001d0 fe5212e3
[D] 010001d0 63 05 04 05 1 7f ffffffe4 05
[R] 04 05 00000002 00000002
[E] 010001d0 010001b4 0
[M] 010001d0 010001b4 0 1 00000002
[W] 010001d0 0 05 010001b4
[F] 010001d4 01000193
[D] 010001d4 13 03 00 10 0 00 00000010 10
[R] 00 10 00000000 00000000
[E] 010001d4 00000010 0
[M] 010001d4 00000010 0 0 00000000
[W] 010001d4 1 03 00000010
[F] 010001d8 00000213
[D] 010001d8 13 04 00 00 0 00 00000000 00
[R] 00 00 00000000 00000000
[E] 010001d8 00000000 0
[M] 010001d8 00000000 0 0 00000000
[W] 010001d8 1 04 00000000
[F] 010001dc f00000b7
[D] 010001dc 37 01 00 00 0 78 f0000000 00
[R] 00 00 00000000 00000000
[E] 010001dc f0000000 0
[M] 010001dc f0000000 0 0 00000000
[W] 010001dc 1 01 f0000000
[F] 010001e0 fff08093
[D] 010001e0 13 01 01 1f 0 7f ffffffff 1f
[R] 01 1f f0000000 00000000
[E] 010001e0 efffffff 0
[M] 010001e0 efffffff 0 0 00000000
[W] 010001e0 1 01 efffffff
[F] 010001e4 00000013
[D] 010001e4 13 00 00 00 0 00 00000000 00
[R] 00 00 00000000 00000000
[E] 010001e4 00000000 0
[M] 010001e4 00000000 0 0 00000000
[W] 010001e4 1 00 00000000
[F] 010001e8 f0000137
[D] 010001e8 37 02 00 00 0 78 f0000000 00
[R] 00 00 00000000 00000000
[E] 010001e8 f0000000 0
[M] 010001e8 f0000000 0 0 00000000
[W] 010001e8 1 02 f0000000
[F] 010001ec 00000013
[D] 010001ec 13 00 00 00 0 00 00000000 00
[R] 00 00 00000000 00000000
[E] 010001ec 00000000 0
[M] 010001ec 00000000 0 0 00000000
[W] 010001ec 1 00 00000000
[F] 010001f0 1620f263
[D] 010001f0 63 04 01 02 7 0b 00000164 02
[R] 01 02 efffffff f0000000
[E] 010001f0 01000354 0
[M] 010001f0 01000354 0 3 f0000000
[W] 010001f0 0 04 01000354
[F] 010001f4 00120213
[D] 010001f4 13 04 04 01 0 00 00000001 01
[R] 04 01 00000000 efffffff
[E] 010001f4 00000001 0
[M] 010001f4 00000001 0 0 efffffff
[W] 010001f4 1 04 00000001
[F] 010001f8 00200293
[D] 010001f8 13 05 00 02 0 00 00000002 02
[R] 00 02 00000000 f0000000
[E] 010001f8 00000002 0
[M] 010001f8 00000002 0 0 f0000000
[W] 010001f8 1 05 00000002
[F] 010001fc fe5210e3
[D] 010001fc 63 01 04 05 1 7f ffffffe0 05
[R] 04 05 00000001 00000002
[E] 010001fc 010001dc 0
[M] 010001fc 010001dc 0 1 00000002
[W] 010001fc 0 01 010001dc
[F] 010001dc f00000b7
[D] 010001dc 37 01 00 00 0 78 f0000000 00
[R] 00 00 00000000 00000000
[E] 010001dc f0000000 0
[M] 010001dc f0000000 0 0 00000000
[W] 010001dc 1 01 f0000000
[F] 010001e0 fff08093
[D] 010001e0 13 01 01 1f 0 7f ffffffff 1f
[R] 01 1f f0000000 00000000
[E] 010001e0 efffffff 0
[M] 010001e0 efffffff 0 0 00000000
[W] 010001e0 1 01 efffffff
[F] 010001e4 00000013
[D] 010001e4 13 00 00 00 0 00 00000000 00
[R] 00 00 00000000 00000000
[E] 010001e4 00000000 0
[M] 010001e4 00000000 0 0 00000000
[W] 010001e4 1 00 00000000
[F] 010001e8 f0000137
[D] 010001e8 37 02 00 00 0 78 f0000000 00
[R] 00 00 00000000 00000000
[E] 010001e8 f0000000 0
[M] 010001e8 f0000000 0 0 00000000
[W] 010001e8 1 02 f0000000
[F] 010001ec 00000013
[D] 010001ec 13 00 00 00 0 00 00000000 00
[R] 00 00 00000000 00000000
[E] 010001ec 00000000 0
[M] 010001ec 00000000 0 0 00000000
[W] 010001ec 1 00 00000000
[F] 010001f0 1620f263
[D] 010001f0 63 04 01 02 7 0b 00000164 02
[R] 01 02 efffffff f0000000
[E] 010001f0 01000354 0
[M] 010001f0 01000354 0 3 f0000000
[W] 010001f0 0 04 01000354
[F] 010001f4 00120213
[D] 010001f4 13 04 04 01 0 00 00000001 01
[R] 04 01 00000001 efffffff
[E] 010001f4 00000002 0
[M] 010001f4 00000002 0 0 efffffff
[W] 010001f4 1 04 00000002
[F] 010001f8 00200293
[D] 010001f8 13 05 00 02 0 00 00000002 02
[R] 00 02 00000000 f0000000
[E] 010001f8 00000002 0
[M] 010001f8 00000002 0 0 f0000000
[W] 010001f8 1 05 00000002
[F] 010001fc fe5210e3
[D] 010001fc 63 01 04 05 1 7f ffffffe0 05
[R] 04 05 00000002 00000002
[E] 010001fc 010001dc 0
[M] 010001fc 010001dc 0 1 00000002
[W] 010001fc 0 01 010001dc
[F] 01000200 01100193
[D] 01000200 13 03 00 11 0 00 00000011 11
[R] 00 11 00000000 00000000
[E] 01000200 00000011 0
[M] 01000200 00000011 0 0 00000000
[W] 01000200 1 03 00000011
[F] 01000204 00000213
[D] 01000204 13 04 00 00 0 00 00000000 00
[R] 00 00 00000000 00000000
[E] 01000204 00000000 0
[M] 01000204 00000000 0 0 00000000
[W] 01000204 1 04 00000000
[F] 01000208 f00000b7
[D] 01000208 37 01 00 00 0 78 f0000000 00
[R] 00 00 00000000 00000000
[E] 01000208 f0000000 0
[M] 01000208 f0000000 0 0 00000000
[W] 01000208 1 01 f0000000
[F] 0100020c fff08093
[D] 0100020c 13 01 01 1f 0 7f ffffffff 1f
[R] 01 1f f0000000 00000000
[E] 0100020c efffffff 0
[M] 0100020c efffffff 0 0 00000000
[W] 0100020c 1 01 efffffff
[F] 01000210 00000013
[D] 01000210 13 00 00 00 0 00 00000000 00
[R] 00 00 00000000 00000000
[E] 01000210 00000000 0
[M] 01000210 00000000 0 0 00000000
[W] 01000210 1 00 00000000
[F] 01000214 00000013
[D] 01000214 13 00 00 00 0 00 00000000 00
[R] 00 00 00000000 00000000
[E] 01000214 00000000 0
[M] 01000214 00000000 0 0 00000000
[W] 01000214 1 00 00000000
[F] 01000218 f0000137
[D] 01000218 37 02 00 00 0 78 f0000000 00
[R] 00 00 00000000 00000000
[E] 01000218 f0000000 0
[M] 01000218 f0000000 0 0 00000000
[W] 01000218 1 02 f0000000
[F] 0100021c 1220fc63
[D] 0100021c 63 18 01 02 7 09 00000138 02
[R] 01 02 efffffff f0000000
[E] 0100021c 01000354 0
[M] 0100021c 01000354 0 3 f0000000
[W] 0100021c 0 18 01000354
[F] 01000220 00120213
[D] 01000220 13 04 04 01 0 00 00000001 01
[R] 04 01 00000000 efffffff
[E] 01000220 00000001 0
[M] 01000220 00000001 0 0 efffffff
[W] 01000220 1 04 00000001
[F] 01000224 00200293
[D] 01000224 13 05 00 02 0 00 00000002 02
[R] 00 02 00000000 f0000000
[E] 01000224 00000002 0
[M] 01000224 00000002 0 0 f0000000
[W] 01000224 1 05 00000002
[F] 01000228 fe5210e3
[D] 01000228 63 01 04 05 1 7f ffffffe0 05
[R] 04 05 00000001 00000002
[E] 01000228 01000208 0
[M] 01000228 01000208 0 1 00000002
[W] 01000228 0 01 01000208
[F] 01000208 f00000b7
[D] 01000208 37 01 00 00 0 78 f0000000 00
[R] 00 00 00000000 00000000
[E] 01000208 f0000000 0
[M] 01000208 f0000000 0 0 00000000
[W] 01000208 1 01 f0000000
[F] 0100020c fff08093
[D] 0100020c 13 01 01 1f 0 7f ffffffff 1f
[R] 01 1f f0000000 00000000
[E] 0100020c efffffff 0
[M] 0100020c efffffff 0 0 00000000
[W] 0100020c 1 01 efffffff
[F] 01000210 00000013
[D] 01000210 13 00 00 00 0 00 00000000 00
[R] 00 00 00000000 00000000
[E] 01000210 00000000 0
[M] 01000210 00000000 0 0 00000000
[W] 01000210 1 00 00000000
[F] 01000214 00000013
[D] 01000214 13 00 00 00 0 00 00000000 00
[R] 00 00 00000000 00000000
[E] 01000214 00000000 0
[M] 01000214 00000000 0 0 00000000
[W] 01000214 1 00 00000000
[F] 01000218 f0000137
[D] 01000218 37 02 00 00 0 78 f0000000 00
[R] 00 00 00000000 00000000
[E] 01000218 f0000000 0
[M] 01000218 f0000000 0 0 00000000
[W] 01000218 1 02 f0000000
[F] 0100021c 1220fc63
[D] 0100021c 63 18 01 02 7 09 00000138 02
[R] 01 02 efffffff f0000000
[E] 0100021c 01000354 0
[M] 0100021c 01000354 0 3 f0000000
[W] 0100021c 0 18 01000354
[F] 01000220 00120213
[D] 01000220 13 04 04 01 0 00 00000001 01
[R] 04 01 00000001 efffffff
[E] 01000220 00000002 0
[M] 01000220 00000002 0 0 efffffff
[W] 01000220 1 04 00000002
[F] 01000224 00200293
[D] 01000224 13 05 00 02 0 00 00000002 02
[R] 00 02 00000000 f0000000
[E] 01000224 00000002 0
[M] 01000224 00000002 0 0 f0000000
[W] 01000224 1 05 00000002
[F] 01000228 fe5210e3
[D] 01000228 63 01 04 05 1 7f ffffffe0 05
[R] 04 05 00000002 00000002
[E] 01000228 01000208 0
[M] 01000228 01000208 0 1 00000002
[W] 01000228 0 01 01000208
[F] 0100022c 01200193
[D] 0100022c 13 03 00 12 0 00 00000012 12
[R] 00 12 00000000 00000000
[E] 0100022c 00000012 0
[M] 0100022c 00000012 0 0 00000000
[W] 0100022c 1 03 00000012
[F] 01000230 00000213
[D] 01000230 13 04 00 00 0 00 00000000 00
[R] 00 00 00000000 00000000
[E] 01000230 00000000 0
[M] 01000230 00000000 0 0 00000000
[W] 01000230 1 04 00000000
[F] 01000234 f00000b7
[D] 01000234 37 01 00 00 0 78 f0000000 00
[R] 00 00 00000000 00000000
[E] 01000234 f0000000 0
[M] 01000234 f0000000 0 0 00000000
[W] 01000234 1 01 f0000000
[F] 01000238 fff08093
[D] 01000238 13 01 01 1f 0 7f ffffffff 1f
[R] 01 1f f0000000 00000000
[E] 01000238 efffffff 0
[M] 01000238 efffffff 0 0 00000000
[W] 01000238 1 01 efffffff
[F] 0100023c f0000137
[D] 0100023c 37 02 00 00 0 78 f0000000 00
[R] 00 00 00000000 00000000
[E] 0100023c f0000000 0
[M] 0100023c f0000000 0 0 00000000
[W] 0100023c 1 02 f0000000
[F] 01000240 1020fa63
[D] 01000240 63 14 01 02 7 08 00000114 02
[R] 01 02 efffffff f0000000
[E] 01000240 01000354 0
[M] 01000240 01000354 0 3 f0000000
[W] 01000240 0 14 01000354
[F] 01000244 00120213
[D] 01000244 13 04 04 01 0 00 00000001 01
[R] 04 01 00000000 efffffff
[E] 01000244 00000001 0
[M] 01000244 00000001 0 0 efffffff
[W] 01000244 1 04 00000001
[F] 01000248 00200293
[D] 01000248 13 05 00 02 0 00 00000002 02
[R] 00 02 00000000 f0000000
[E] 01000248 00000002 0
[M] 01000248 00000002 0 0 f0000000
[W] 01000248 1 05 00000002
[F] 0100024c fe5214e3
[D] 0100024c 63 09 04 05 1 7f ffffffe8 05
[R] 04 05 00000001 00000002
[E] 0100024c 01000234 0
[M] 0100024c 01000234 0 1 00000002
[W] 0100024c 0 09 01000234
[F] 01000234 f00000b7
[D] 01000234 37 01 00 00 0 78 f0000000 00
[R] 00 00 00000000 00000000
[E] 01000234 f0000000 0
[M] 01000234 f0000000 0 0 00000000
[W] 01000234 1 01 f0000000
[F] 01000238 fff08093
[D] 01000238 13 01 01 1f 0 7f ffffffff 1f
[R] 01 1f f0000000 00000000
[E] 01000238 efffffff 0
[M] 01000238 efffffff 0 0 00000000
[W] 01000238 1 01 efffffff
[F] 0100023c f0000137
[D] 0100023c 37 02 00 00 0 78 f0000000 00
[R] 00 00 00000000 00000000
[E] 0100023c f0000000 0
[M] 0100023c f0000000 0 0 00000000
[W] 0100023c 1 02 f0000000
[F] 01000240 1020fa63
[D] 01000240 63 14 01 02 7 08 00000114 02
[R] 01 02 efffffff f0000000
[E] 01000240 01000354 0
[M] 01000240 01000354 0 3 f0000000
[W] 01000240 0 14 01000354
[F] 01000244 00120213
[D] 01000244 13 04 04 01 0 00 00000001 01
[R] 04 01 00000001 efffffff
[E] 01000244 00000002 0
[M] 01000244 00000002 0 0 efffffff
[W] 01000244 1 04 00000002
[F] 01000248 00200293
[D] 01000248 13 05 00 02 0 00 00000002 02
[R] 00 02 00000000 f0000000
[E] 01000248 00000002 0
[M] 01000248 00000002 0 0 f0000000
[W] 01000248 1 05 00000002
[F] 0100024c fe5214e3
[D] 0100024c 63 09 04 05 1 7f ffffffe8 05
[R] 04 05 00000002 00000002
[E] 0100024c 01000234 0
[M] 0100024c 01000234 0 1 00000002
[W] 0100024c 0 09 01000234
[F] 01000250 01300193
[D] 01000250 13 03 00 13 0 00 00000013 13
[R] 00 13 00000000 00000000
[E] 01000250 00000013 0
[M] 01000250 00000013 0 0 00000000
[W] 01000250 1 03 00000013
[F] 01000254 00000213
[D] 01000254 13 04 00 00 0 00 00000000 00
[R] 00 00 00000000 00000000
[E] 01000254 00000000 0
[M] 01000254 00000000 0 0 00000000
[W] 01000254 1 04 00000000
[F] 01000258 f00000b7
[D] 01000258 37 01 00 00 0 78 f0000000 00
[R] 00 00 00000000 00000000
[E] 01000258 f0000000 0
[M] 01000258 f0000000 0 0 00000000
[W] 01000258 1 01 f0000000
[F] 0100025c fff08093
[D] 0100025c 13 01 01 1f 0 7f ffffffff 1f
[R] 01 1f f0000000 00000000
[E] 0100025c efffffff 0
[M] 0100025c efffffff 0 0 00000000
[W] 0100025c 1 01 efffffff
[F] 01000260 f0000137
[D] 01000260 37 02 00 00 0 78 f0000000 00
[R] 00 00 00000000 00000000
[E] 01000260 f0000000 0
[M] 01000260 f0000000 0 0 00000000
[W] 01000260 1 02 f0000000
[F] 01000264 00000013
[D] 01000264 13 00 00 00 0 00 00000000 00
[R] 00 00 00000000 00000000
[E] 01000264 00000000 0
[M] 01000264 00000000 0 0 00000000
[W] 01000264 1 00 00000000
[F] 01000268 0e20f663
[D] 01000268 63 0c 01 02 7 07 000000ec 02
[R] 01 02 efffffff f0000000
[E] 01000268 01000354 0
[M] 01000268 01000354 0 3 f0000000
[W] 01000268 0 0c 01000354
[F] 0100026c 00120213
[D] 0100026c 13 04 04 01 0 00 00000001 01
[R] 04 01 00000000 efffffff
[E] 0100026c 00000001 0
[M] 0100026c 00000001 0 0 efffffff
[W] 0100026c 1 04 00000001
[F] 01000270 00200293
[D] 01000270 13 05 00 02 0 00 00000002 02
[R] 00 02 00000000 f0000000
[E] 01000270 00000002 0
[M] 01000270 00000002 0 0 f0000000
[W] 01000270 1 05 00000002
[F] 01000274 fe5212e3
[D] 01000274 63 05 04 05 1 7f ffffffe4 05
[R] 04 05 00000001 00000002
[E] 01000274 01000258 0
[M] 01000274 01000258 0 1 00000002
[W] 01000274 0 05 01000258
[F] 01000258 f00000b7
[D] 01000258 37 01 00 00 0 78 f0000000 00
[R] 00 00 00000000 00000000
[E] 01000258 f0000000 0
[M] 01000258 f0000000 0 0 00000000
[W] 01000258 1 01 f0000000
[F] 0100025c fff08093
[D] 0100025c 13 01 01 1f 0 7f ffffffff 1f
[R] 01 1f f0000000 00000000
[E] 0100025c efffffff 0
[M] 0100025c efffffff 0 0 00000000
[W] 0100025c 1 01 efffffff
[F] 01000260 f0000137
[D] 01000260 37 02 00 00 0 78 f0000000 00
[R] 00 00 00000000 00000000
[E] 01000260 f0000000 0
[M] 01000260 f0000000 0 0 00000000
[W] 01000260 1 02 f0000000
[F] 01000264 00000013
[D] 01000264 13 00 00 00 0 00 00000000 00
[R] 00 00 00000000 00000000
[E] 01000264 00000000 0
[M] 01000264 00000000 0 0 00000000
[W] 01000264 1 00 00000000
[F] 01000268 0e20f663
[D] 01000268 63 0c 01 02 7 07 000000ec 02
[R] 01 02 efffffff f0000000
[E] 01000268 01000354 0
[M] 01000268 01000354 0 3 f0000000
[W] 01000268 0 0c 01000354
[F] 0100026c 00120213
[D] 0100026c 13 04 04 01 0 00 00000001 01
[R] 04 01 00000001 efffffff
[E] 0100026c 00000002 0
[M] 0100026c 00000002 0 0 efffffff
[W] 0100026c 1 04 00000002
[F] 01000270 00200293
[D] 01000270 13 05 00 02 0 00 00000002 02
[R] 00 02 00000000 f0000000
[E] 01000270 00000002 0
[M] 01000270 00000002 0 0 f0000000
[W] 01000270 1 05 00000002
[F] 01000274 fe5212e3
[D] 01000274 63 05 04 05 1 7f ffffffe4 05
[R] 04 05 00000002 00000002
[E] 01000274 01000258 0
[M] 01000274 01000258 0 1 00000002
[W] 01000274 0 05 01000258
[F] 01000278 01400193
[D] 01000278 13 03 00 14 0 00 00000014 14
[R] 00 14 00000000 00000000
[E] 01000278 00000014 0
[M] 01000278 00000014 0 0 00000000
[W] 01000278 1 03 00000014
[F] 0100027c 00000213
[D] 0100027c 13 04 00 00 0 00 00000000 00
[R] 00 00 00000000 00000000
[E] 0100027c 00000000 0
[M] 0100027c 00000000 0 0 00000000
[W] 0100027c 1 04 00000000
[F] 01000280 f00000b7
[D] 01000280 37 01 00 00 0 78 f0000000 00
[R] 00 00 00000000 00000000
[E] 01000280 f0000000 0
[M] 01000280 f0000000 0 0 00000000
[W] 01000280 1 01 f0000000
[F] 01000284 fff08093
[D] 01000284 13 01 01 1f 0 7f ffffffff 1f
[R] 01 1f f0000000 00000000
[E] 01000284 efffffff 0
[M] 01000284 efffffff 0 0 00000000
[W] 01000284 1 01 efffffff
[F] 01000288 f0000137
[D] 01000288 37 02 00 00 0 78 f0000000 00
[R] 00 00 00000000 00000000
[E] 01000288 f0000000 0
[M] 01000288 f0000000 0 0 00000000
[W] 01000288 1 02 f0000000
[F] 0100028c 00000013
[D] 0100028c 13 00 00 00 0 00 00000000 00
[R] 00 00 00000000 00000000
[E] 0100028c 00000000 0
[M] 0100028c 00000000 0 0 00000000
[W] 0100028c 1 00 00000000
[F] 01000290 00000013
[D] 01000290 13 00 00 00 0 00 00000000 00
[R] 00 00 00000000 00000000
[E] 01000290 00000000 0
[M] 01000290 00000000 0 0 00000000
[W] 01000290 1 00 00000000
[F] 01000294 0c20f063
[D] 01000294 63 00 01 02 7 06 000000c0 02
[R] 01 02 efffffff f0000000
[E] 01000294 01000354 0
[M] 01000294 01000354 0 3 f0000000
[W] 01000294 0 00 01000354
[F] 01000298 00120213
[D] 01000298 13 04 04 01 0 00 00000001 01
[R] 04 01 00000000 efffffff
[E] 01000298 00000001 0
[M] 01000298 00000001 0 0 efffffff
[W] 01000298 1 04 00000001
[F] 0100029c 00200293
[D] 0100029c 13 05 00 02 0 00 00000002 02
[R] 00 02 00000000 f0000000
[E] 0100029c 00000002 0
[M] 0100029c 00000002 0 0 f0000000
[W] 0100029c 1 05 00000002
[F] 010002a0 fe5210e3
[D] 010002a0 63 01 04 05 1 7f ffffffe0 05
[R] 04 05 00000001 00000002
[E] 010002a0 01000280 0
[M] 010002a0 01000280 0 1 00000002
[W] 010002a0 0 01 01000280
[F] 01000280 f00000b7
[D] 01000280 37 01 00 00 0 78 f0000000 00
[R] 00 00 00000000 00000000
[E] 01000280 f0000000 0
[M] 01000280 f0000000 0 0 00000000
[W] 01000280 1 01 f0000000
[F] 01000284 fff08093
[D] 01000284 13 01 01 1f 0 7f ffffffff 1f
[R] 01 1f f0000000 00000000
[E] 01000284 efffffff 0
[M] 01000284 efffffff 0 0 00000000
[W] 01000284 1 01 efffffff
[F] 01000288 f0000137
[D] 01000288 37 02 00 00 0 78 f0000000 00
[R] 00 00 00000000 00000000
[E] 01000288 f0000000 0
[M] 01000288 f0000000 0 0 00000000
[W] 01000288 1 02 f0000000
[F] 0100028c 00000013
[D] 0100028c 13 00 00 00 0 00 00000000 00
[R] 00 00 00000000 00000000
[E] 0100028c 00000000 0
[M] 0100028c 00000000 0 0 00000000
[W] 0100028c 1 00 00000000
[F] 01000290 00000013
[D] 01000290 13 00 00 00 0 00 00000000 00
[R] 00 00 00000000 00000000
[E] 01000290 00000000 0
[M] 01000290 00000000 0 0 00000000
[W] 01000290 1 00 00000000
[F] 01000294 0c20f063
[D] 01000294 63 00 01 02 7 06 000000c0 02
[R] 01 02 efffffff f0000000
[E] 01000294 01000354 0
[M] 01000294 01000354 0 3 f0000000
[W] 01000294 0 00 01000354
[F] 01000298 00120213
[D] 01000298 13 04 04 01 0 00 00000001 01
[R] 04 01 00000001 efffffff
[E] 01000298 00000002 0
[M] 01000298 00000002 0 0 efffffff
[W] 01000298 1 04 00000002
[F] 0100029c 00200293
[D] 0100029c 13 05 00 02 0 00 00000002 02
[R] 00 02 00000000 f0000000
[E] 0100029c 00000002 0
[M] 0100029c 00000002 0 0 f0000000
[W] 0100029c 1 05 00000002
[F] 010002a0 fe5210e3
[D] 010002a0 63 01 04 05 1 7f ffffffe0 05
[R] 04 05 00000002 00000002
[E] 010002a0 01000280 0
[M] 010002a0 01000280 0 1 00000002
[W] 010002a0 0 01 01000280
[F] 010002a4 01500193
[D] 010002a4 13 03 00 15 0 00 00000015 15
[R] 00 15 00000000 00000000
[E] 010002a4 00000015 0
[M] 010002a4 00000015 0 0 00000000
[W] 010002a4 1 03 00000015
[F] 010002a8 00000213
[D] 010002a8 13 04 00 00 0 00 00000000 00
[R] 00 00 00000000 00000000
[E] 010002a8 00000000 0
[M] 010002a8 00000000 0 0 00000000
[W] 010002a8 1 04 00000000
[F] 010002ac f00000b7
[D] 010002ac 37 01 00 00 0 78 f0000000 00
[R] 00 00 00000000 00000000
[E] 010002ac f0000000 0
[M] 010002ac f0000000 0 0 00000000
[W] 010002ac 1 01 f0000000
[F] 010002b0 fff08093
[D] 010002b0 13 01 01 1f 0 7f ffffffff 1f
[R] 01 1f f0000000 00000000
[E] 010002b0 efffffff 0
[M] 010002b0 efffffff 0 0 00000000
[W] 010002b0 1 01 efffffff
[F] 010002b4 00000013
[D] 010002b4 13 00 00 00 0 00 00000000 00
[R] 00 00 00000000 00000000
[E] 010002b4 00000000 0
[M] 010002b4 00000000 0 0 00000000
[W] 010002b4 1 00 00000000
[F] 010002b8 f0000137
[D] 010002b8 37 02 00 00 0 78 f0000000 00
[R] 00 00 00000000 00000000
[E] 010002b8 f0000000 0
[M] 010002b8 f0000000 0 0 00000000
[W] 010002b8 1 02 f0000000
[F] 010002bc 0820fc63
[D] 010002bc 63 18 01 02 7 04 00000098 02
[R] 01 02 efffffff f0000000
[E] 010002bc 01000354 0
[M] 010002bc 01000354 0 3 f0000000
[W] 010002bc 0 18 01000354
[F] 010002c0 00120213
[D] 010002c0 13 04 04 01 0 00 00000001 01
[R] 04 01 00000000 efffffff
[E] 010002c0 00000001 0
[M] 010002c0 00000001 0 0 efffffff
[W] 010002c0 1 04 00000001
[F] 010002c4 00200293
[D] 010002c4 13 05 00 02 0 00 00000002 02
[R] 00 02 00000000 f0000000
[E] 010002c4 00000002 0
[M] 010002c4 00000002 0 0 f0000000
[W] 010002c4 1 05 00000002
[F] 010002c8 fe5212e3
[D] 010002c8 63 05 04 05 1 7f ffffffe4 05
[R] 04 05 00000001 00000002
[E] 010002c8 010002ac 0
[M] 010002c8 010002ac 0 1 00000002
[W] 010002c8 0 05 010002ac
[F] 010002ac f00000b7
[D] 010002ac 37 01 00 00 0 78 f0000000 00
[R] 00 00 00000000 00000000
[E] 010002ac f0000000 0
[M] 010002ac f0000000 0 0 00000000
[W] 010002ac 1 01 f0000000
[F] 010002b0 fff08093
[D] 010002b0 13 01 01 1f 0 7f ffffffff 1f
[R] 01 1f f0000000 00000000
[E] 010002b0 efffffff 0
[M] 010002b0 efffffff 0 0 00000000
[W] 010002b0 1 01 efffffff
[F] 010002b4 00000013
[D] 010002b4 13 00 00 00 0 00 00000000 00
[R] 00 00 00000000 00000000
[E] 010002b4 00000000 0
[M] 010002b4 00000000 0 0 00000000
[W] 010002b4 1 00 00000000
[F] 010002b8 f0000137
[D] 010002b8 37 02 00 00 0 78 f0000000 00
[R] 00 00 00000000 00000000
[E] 010002b8 f0000000 0
[M] 010002b8 f0000000 0 0 00000000
[W] 010002b8 1 02 f0000000
[F] 010002bc 0820fc63
[D] 010002bc 63 18 01 02 7 04 00000098 02
[R] 01 02 efffffff f0000000
[E] 010002bc 01000354 0
[M] 010002bc 01000354 0 3 f0000000
[W] 010002bc 0 18 01000354
[F] 010002c0 00120213
[D] 010002c0 13 04 04 01 0 00 00000001 01
[R] 04 01 00000001 efffffff
[E] 010002c0 00000002 0
[M] 010002c0 00000002 0 0 efffffff
[W] 010002c0 1 04 00000002
[F] 010002c4 00200293
[D] 010002c4 13 05 00 02 0 00 00000002 02
[R] 00 02 00000000 f0000000
[E] 010002c4 00000002 0
[M] 010002c4 00000002 0 0 f0000000
[W] 010002c4 1 05 00000002
[F] 010002c8 fe5212e3
[D] 010002c8 63 05 04 05 1 7f ffffffe4 05
[R] 04 05 00000002 00000002
[E] 010002c8 010002ac 0
[M] 010002c8 010002ac 0 1 00000002
[W] 010002c8 0 05 010002ac
[F] 010002cc 01600193
[D] 010002cc 13 03 00 16 0 00 00000016 16
[R] 00 16 00000000 00000000
[E] 010002cc 00000016 0
[M] 010002cc 00000016 0 0 00000000
[W] 010002cc 1 03 00000016
[F] 010002d0 00000213
[D] 010002d0 13 04 00 00 0 00 00000000 00
[R] 00 00 00000000 00000000
[E] 010002d0 00000000 0
[M] 010002d0 00000000 0 0 00000000
[W] 010002d0 1 04 00000000
[F] 010002d4 f00000b7
[D] 010002d4 37 01 00 00 0 78 f0000000 00
[R] 00 00 00000000 00000000
[E] 010002d4 f0000000 0
[M] 010002d4 f0000000 0 0 00000000
[W] 010002d4 1 01 f0000000
[F] 010002d8 fff08093
[D] 010002d8 13 01 01 1f 0 7f ffffffff 1f
[R] 01 1f f0000000 00000000
[E] 010002d8 efffffff 0
[M] 010002d8 efffffff 0 0 00000000
[W] 010002d8 1 01 efffffff
[F] 010002dc 00000013
[D] 010002dc 13 00 00 00 0 00 00000000 00
[R] 00 00 00000000 00000000
[E] 010002dc 00000000 0
[M] 010002dc 00000000 0 0 00000000
[W] 010002dc 1 00 00000000
[F] 010002e0 f0000137
[D] 010002e0 37 02 00 00 0 78 f0000000 00
[R] 00 00 00000000 00000000
[E] 010002e0 f0000000 0
[M] 010002e0 f0000000 0 0 00000000
[W] 010002e0 1 02 f0000000
[F] 010002e4 00000013
[D] 010002e4 13 00 00 00 0 00 00000000 00
[R] 00 00 00000000 00000000
[E] 010002e4 00000000 0
[M] 010002e4 00000000 0 0 00000000
[W] 010002e4 1 00 00000000
[F] 010002e8 0620f663
[D] 010002e8 63 0c 01 02 7 03 0000006c 02
[R] 01 02 efffffff f0000000
[E] 010002e8 01000354 0
[M] 010002e8 01000354 0 3 f0000000
[W] 010002e8 0 0c 01000354
[F] 010002ec 00120213
[D] 010002ec 13 04 04 01 0 00 00000001 01
[R] 04 01 00000000 efffffff
[E] 010002ec 00000001 0
[M] 010002ec 00000001 0 0 efffffff
[W] 010002ec 1 04 00000001
[F] 010002f0 00200293
[D] 010002f0 13 05 00 02 0 00 00000002 02
[R] 00 02 00000000 f0000000
[E] 010002f0 00000002 0
[M] 010002f0 00000002 0 0 f0000000
[W] 010002f0 1 05 00000002
[F] 010002f4 fe5210e3
[D] 010002f4 63 01 04 05 1 7f ffffffe0 05
[R] 04 05 00000001 00000002
[E] 010002f4 010002d4 0
[M] 010002f4 010002d4 0 1 00000002
[W] 010002f4 0 01 010002d4
[F] 010002d4 f00000b7
[D] 010002d4 37 01 00 00 0 78 f0000000 00
[R] 00 00 00000000 00000000
[E] 010002d4 f0000000 0
[M] 010002d4 f0000000 0 0 00000000
[W] 010002d4 1 01 f0000000
[F] 010002d8 fff08093
[D] 010002d8 13 01 01 1f 0 7f ffffffff 1f
[R] 01 1f f0000000 00000000
[E] 010002d8 efffffff 0
[M] 010002d8 efffffff 0 0 00000000
[W] 010002d8 1 01 efffffff
[F] 010002dc 00000013
[D] 010002dc 13 00 00 00 0 00 00000000 00
[R] 00 00 00000000 00000000
[E] 010002dc 00000000 0
[M] 010002dc 00000000 0 0 00000000
[W] 010002dc 1 00 00000000
[F] 010002e0 f0000137
[D] 010002e0 37 02 00 00 0 78 f0000000 00
[R] 00 00 00000000 00000000
[E] 010002e0 f0000000 0
[M] 010002e0 f0000000 0 0 00000000
[W] 010002e0 1 02 f0000000
[F] 010002e4 00000013
[D] 010002e4 13 00 00 00 0 00 00000000 00
[R] 00 00 00000000 00000000
[E] 010002e4 00000000 0
[M] 010002e4 00000000 0 0 00000000
[W] 010002e4 1 00 00000000
[F] 010002e8 0620f663
[D] 010002e8 63 0c 01 02 7 03 0000006c 02
[R] 01 02 efffffff f0000000
[E] 010002e8 01000354 0
[M] 010002e8 01000354 0 3 f0000000
[W] 010002e8 0 0c 01000354
[F] 010002ec 00120213
[D] 010002ec 13 04 04 01 0 00 00000001 01
[R] 04 01 00000001 efffffff
[E] 010002ec 00000002 0
[M] 010002ec 00000002 0 0 efffffff
[W] 010002ec 1 04 00000002
[F] 010002f0 00200293
[D] 010002f0 13 05 00 02 0 00 00000002 02
[R] 00 02 00000000 f0000000
[E] 010002f0 00000002 0
[M] 010002f0 00000002 0 0 f0000000
[W] 010002f0 1 05 00000002
[F] 010002f4 fe5210e3
[D] 010002f4 63 01 04 05 1 7f ffffffe0 05
[R] 04 05 00000002 00000002
[E] 010002f4 010002d4 0
[M] 010002f4 010002d4 0 1 00000002
[W] 010002f4 0 01 010002d4
[F] 010002f8 01700193
[D] 010002f8 13 03 00 17 0 00 00000017 17
[R] 00 17 00000000 00000000
[E] 010002f8 00000017 0
[M] 010002f8 00000017 0 0 00000000
[W] 010002f8 1 03 00000017
[F] 010002fc 00000213
[D] 010002fc 13 04 00 00 0 00 00000000 00
[R] 00 00 00000000 00000000
[E] 010002fc 00000000 0
[M] 010002fc 00000000 0 0 00000000
[W] 010002fc 1 04 00000000
[F] 01000300 f00000b7
[D] 01000300 37 01 00 00 0 78 f0000000 00
[R] 00 00 00000000 00000000
[E] 01000300 f0000000 0
[M] 01000300 f0000000 0 0 00000000
[W] 01000300 1 01 f0000000
[F] 01000304 fff08093
[D] 01000304 13 01 01 1f 0 7f ffffffff 1f
[R] 01 1f f0000000 00000000
[E] 01000304 efffffff 0
[M] 01000304 efffffff 0 0 00000000
[W] 01000304 1 01 efffffff
[F] 01000308 00000013
[D] 01000308 13 00 00 00 0 00 00000000 00
[R] 00 00 00000000 00000000
[E] 01000308 00000000 0
[M] 01000308 00000000 0 0 00000000
[W] 01000308 1 00 00000000
[F] 0100030c 00000013
[D] 0100030c 13 00 00 00 0 00 00000000 00
[R] 00 00 00000000 00000000
[E] 0100030c 00000000 0
[M] 0100030c 00000000 0 0 00000000
[W] 0100030c 1 00 00000000
[F] 01000310 f0000137
[D] 01000310 37 02 00 00 0 78 f0000000 00
[R] 00 00 00000000 00000000
[E] 01000310 f0000000 0
[M] 01000310 f0000000 0 0 00000000
[W] 01000310 1 02 f0000000
[F] 01000314 0420f063
[D] 01000314 63 00 01 02 7 02 00000040 02
[R] 01 02 efffffff f0000000
[E] 01000314 01000354 0
[M] 01000314 01000354 0 3 f0000000
[W] 01000314 0 00 01000354
[F] 01000318 00120213
[D] 01000318 13 04 04 01 0 00 00000001 01
[R] 04 01 00000000 efffffff
[E] 01000318 00000001 0
[M] 01000318 00000001 0 0 efffffff
[W] 01000318 1 04 00000001
[F] 0100031c 00200293
[D] 0100031c 13 05 00 02 0 00 00000002 02
[R] 00 02 00000000 f0000000
[E] 0100031c 00000002 0
[M] 0100031c 00000002 0 0 f0000000
[W] 0100031c 1 05 00000002
[F] 01000320 fe5210e3
[D] 01000320 63 01 04 05 1 7f ffffffe0 05
[R] 04 05 00000001 00000002
[E] 01000320 01000300 0
[M] 01000320 01000300 0 1 00000002
[W] 01000320 0 01 01000300
[F] 01000300 f00000b7
[D] 01000300 37 01 00 00 0 78 f0000000 00
[R] 00 00 00000000 00000000
[E] 01000300 f0000000 0
[M] 01000300 f0000000 0 0 00000000
[W] 01000300 1 01 f0000000
[F] 01000304 fff08093
[D] 01000304 13 01 01 1f 0 7f ffffffff 1f
[R] 01 1f f0000000 00000000
[E] 01000304 efffffff 0
[M] 01000304 efffffff 0 0 00000000
[W] 01000304 1 01 efffffff
[F] 01000308 00000013
[D] 01000308 13 00 00 00 0 00 00000000 00
[R] 00 00 00000000 00000000
[E] 01000308 00000000 0
[M] 01000308 00000000 0 0 00000000
[W] 01000308 1 00 00000000
[F] 0100030c 00000013
[D] 0100030c 13 00 00 00 0 00 00000000 00
[R] 00 00 00000000 00000000
[E] 0100030c 00000000 0
[M] 0100030c 00000000 0 0 00000000
[W] 0100030c 1 00 00000000
[F] 01000310 f0000137
[D] 01000310 37 02 00 00 0 78 f0000000 00
[R] 00 00 00000000 00000000
[E] 01000310 f0000000 0
[M] 01000310 f0000000 0 0 00000000
[W] 01000310 1 02 f0000000
[F] 01000314 0420f063
[D] 01000314 63 00 01 02 7 02 00000040 02
[R] 01 02 efffffff f0000000
[E] 01000314 01000354 0
[M] 01000314 01000354 0 3 f0000000
[W] 01000314 0 00 01000354
[F] 01000318 00120213
[D] 01000318 13 04 04 01 0 00 00000001 01
[R] 04 01 00000001 efffffff
[E] 01000318 00000002 0
[M] 01000318 00000002 0 0 efffffff
[W] 01000318 1 04 00000002
[F] 0100031c 00200293
[D] 0100031c 13 05 00 02 0 00 00000002 02
[R] 00 02 00000000 f0000000
[E] 0100031c 00000002 0
[M] 0100031c 00000002 0 0 f0000000
[W] 0100031c 1 05 00000002
[F] 01000320 fe5210e3
[D] 01000320 63 01 04 05 1 7f ffffffe0 05
[R] 04 05 00000002 00000002
[E] 01000320 01000300 0
[M] 01000320 01000300 0 1 00000002
[W] 01000320 0 01 01000300
[F] 01000324 00100093
[D] 01000324 13 01 00 01 0 00 00000001 01
[R] 00 01 00000000 efffffff
[E] 01000324 00000001 0
[M] 01000324 00000001 0 0 efffffff
[W] 01000324 1 01 00000001
[F] 01000328 0000fa63
[D] 01000328 63 14 01 00 7 00 00000014 00
[R] 01 00 00000001 00000000
[E] 01000328 0100033c 0
[M] 01000328 0100033c 0 3 00000000
[W] 01000328 0 14 0100033c
[F] 0100033c 00108093
[D] 0100033c 13 01 01 01 0 00 00000001 01
[R] 01 01 00000001 00000001
[E] 0100033c 00000002 0
[M] 0100033c 00000002 0 0 00000001
[W] 0100033c 1 01 00000002
[F] 01000340 00108093
[D] 01000340 13 01 01 01 0 00 00000001 01
[R] 01 01 00000002 00000002
[E] 01000340 00000003 0
[M] 01000340 00000003 0 0 00000002
[W] 01000340 1 01 00000003
[F] 01000344 00300e93
[D] 01000344 13 1d 00 03 0 00 00000003 03
[R] 00 03 00000000 00000017
[E] 01000344 00000003 0
[M] 01000344 00000003 0 0 00000017
[W] 01000344 1 1d 00000003
[F] 01000348 01800193
[D] 01000348 13 03 00 18 0 00 00000018 18
[R] 00 18 00000000 00000000
[E] 01000348 00000018 0
[M] 01000348 00000018 0 0 00000000
[W] 01000348 1 03 00000018
[F] 0100034c 01d09463
[D] 0100034c 63 08 01 1d 1 00 00000008 1d
[R] 01 1d 00000003 00000003
[E] 0100034c 01000354 0
[M] 0100034c 01000354 0 1 00000003
[W] 0100034c 0 08 01000354
[F] 01000350 00301c63
[D] 01000350 63 18 00 03 1 00 00000018 03
[R] 00 03 00000000 00000018
[E] 01000350 01000368 0
[M] 01000350 01000368 0 1 00000018
[W] 01000350 0 18 01000368
[F] 01000368 0ff0000f
[D] 01000368 0f 00 00 1f 0 07 00000000 1f
[R] 00 1f 00000000 00000000
[E] 01000368 00000000 0
[M] 01000368 00000000 0 0 00000000
[W] 01000368 1 00 00000000
[F] 0100036c 00100193
[D] 0100036c 13 03 00 01 0 00 00000001 01
[R] 00 01 00000000 00000003
[E] 0100036c 00000001 0
[M] 0100036c 00000001 0 0 00000003
[W] 0100036c 1 03 00000001
[F] 01000370 00000073
[D] 01000370 73 00 00 00 0 00 00000000 00
[R] 00 00 00000000 00000000
[E] 01000370 00000000 0
[M] 01000370 00000000 0 0 00000000
[W] 01000370 0 00 00000000
