[F] 01000000 ff0100b7
[D] 01000000 37 01 00 10 0 7f ff010000 10
[R] 00 10 00000000 00000000
[E] 01000000 ff010000 0
[M] 01000000 ff010000 0 0 00000000
[W] 01000000 1 01 ff010000
[F] 01000004 f0008093
[D] 01000004 13 01 01 00 0 78 ffffff00 00
[R] 01 00 ff010000 00000000
[E] 01000004 ff00ff00 0
[M] 01000004 ff00ff00 0 0 00000000
[W] 01000004 1 01 ff00ff00
[F] 01000008 0f0f1137
[D] 01000008 37 02 00 10 1 07 0f0f1000 10
[R] 00 10 00000000 00000000
[E] 01000008 0f0f1000 0
[M] 01000008 0f0f1000 0 1 00000000
[W] 01000008 1 02 0f0f1000
[F] 0100000c f0f10113
[D] 0100000c 13 02 02 0f 0 78 ffffff0f 0f
[R] 02 0f 0f0f1000 00000000
[E] 0100000c 0f0f0f0f 0
[M] 0100000c 0f0f0f0f 0 0 00000000
[W] 0100000c 1 02 0f0f0f0f
[F] 01000010 0020cf33
[D] 01000010 33 1e 01 02 4 00 00000000 02
[R] 01 02 ff00ff00 0f0f0f0f
[E] 01000010 f00ff00f 0
[M] 01000010 f00ff00f 0 0 0f0f0f0f
[W] 01000010 1 1e f00ff00f
[F] 01000014 f00ffeb7
[D] 01000014 37 1d 00 00 7 78 f00ff000 00
[R] 00 00 00000000 00000000
[E] 01000014 f00ff000 0
[M] 01000014 f00ff000 0 3 00000000
[W] 01000014 1 1d f00ff000
[F] 01000018 00fe8e93
[D] 01000018 13 1d 1d 0f 0 00 0000000f 0f
[R] 1d 0f f00ff000 00000000
[E] 01000018 f00ff00f 0
[M] 01000018 f00ff00f 0 0 00000000
[W] 01000018 1 1d f00ff00f
[F] 0100001c 00200193
[D] 0100001c 13 03 00 02 0 00 00000002 02
[R] 00 02 00000000 0f0f0f0f
[E] 0100001c 00000002 0
[M] 0100001c 00000002 0 0 0f0f0f0f
[W] 0100001c 1 03 00000002
[F] 01000020 4bdf1063
[D] 01000020 63 00 1e 1d 1 25 000004a0 1d
[R] 1e 1d f00ff00f f00ff00f
[E] 01000020 010004c0 0
[M] 01000020 010004c0 0 1 f00ff00f
[W] 01000020 0 00 010004c0
[F] 01000024 0ff010b7
[D] 01000024 37 01 00 1f 1 07 0ff01000 1f
[R] 00 1f 00000000 00000000
[E] 01000024 0ff01000 0
[M] 01000024 0ff01000 0 1 00000000
[W] 01000024 1 01 0ff01000
[F] 01000028 ff008093
[D] 01000028 13 01 01 10 0 7f fffffff0 10
[R] 01 10 0ff01000 00000000
[E] 01000028 0ff00ff0 0
[M] 01000028 0ff00ff0 0 0 00000000
[W] 01000028 1 01 0ff00ff0
[F] 0100002c f0f0f137
[D] 0100002c 37 02 00 0f 7 78 f0f0f000 0f
[R] 00 0f 00000000 00000000
[E] 0100002c f0f0f000 0
[M] 0100002c f0f0f000 0 3 00000000
[W] 0100002c 1 02 f0f0f000
[F] 01000030 0f010113
[D] 01000030 13 02 02 10 0 07 000000f0 10
[R] 02 10 f0f0f000 00000000
[E] 01000030 f0f0f0f0 0
[M] 01000030 f0f0f0f0 0 0 00000000
[W] 01000030 1 02 f0f0f0f0
[F] 01000034 0020cf33
[D] 01000034 33 1e 01 02 4 00 00000000 02
[R] 01 02 0ff00ff0 f0f0f0f0
[E] 01000034 ff00ff00 0
[M] 01000034 ff00ff00 0 0 f0f0f0f0
[W] 01000034 1 1e ff00ff00
[F] 01000038 ff010eb7
[D] 01000038 37 1d 00 10 0 7f ff010000 10
[R] 00 10 00000000 00000000
[E] 01000038 ff010000 0
[M] 01000038 ff010000 0 0 00000000
[W] 01000038 1 1d ff010000
[F] 0100003c f00e8e93
[D] 0100003c 13 1d 1d 00 0 78 ffffff00 00
[R] 1d 00 ff010000 00000000
[E] 0100003c ff00ff00 0
[M] 0100003c ff00ff00 0 0 00000000
[W] 0100003c 1 1d ff00ff00
[F] 01000040 00300193
[D] 01000040 13 03 00 03 0 00 00000003 03
[R] 00 03 00000000 00000002
[E] 01000040 00000003 0
[M] 01000040 00000003 0 0 00000002
[W] 01000040 1 03 00000003
[F] 01000044 47df1e63
[D] 01000044 63 1c 1e 1d 1 23 0000047c 1d
[R] 1e 1d ff00ff00 ff00ff00
[E] 01000044 010004c0 0
[M] 01000044 010004c0 0 1 ff00ff00
[W] 01000044 0 1c 010004c0
[F] 01000048 00ff00b7
[D] 01000048 37 01 00 0f 0 00 00ff0000 0f
[R] 00 0f 00000000 00000000
[E] 01000048 00ff0000 0
[M] 01000048 00ff0000 0 0 00000000
[W] 01000048 1 01 00ff0000
[F] 0100004c 0ff08093
[D] 0100004c 13 01 01 1f 0 07 000000ff 1f
[R] 01 1f 00ff0000 00000000
[E] 0100004c 00ff00ff 0
[M] 0100004c 00ff00ff 0 0 00000000
[W] 0100004c 1 01 00ff00ff
[F] 01000050 0f0f1137
[D] 01000050 37 02 00 10 1 07 0f0f1000 10
[R] 00 10 00000000 00000000
[E] 01000050 0f0f1000 0
[M] 01000050 0f0f1000 0 1 00000000
[W] 01000050 1 02 0f0f1000
[F] 01000054 f0f10113
[D] 01000054 13 02 02 0f 0 78 ffffff0f 0f
[R] 02 0f 0f0f1000 00000000
[E] 01000054 0f0f0f0f 0
[M] 01000054 0f0f0f0f 0 0 00000000
[W] 01000054 1 02 0f0f0f0f
[F] 01000058 0020cf33
[D] 01000058 33 1e 01 02 4 00 00000000 02
[R] 01 02 00ff00ff 0f0f0f0f
[E] 01000058 0ff00ff0 0
[M] 01000058 0ff00ff0 0 0 0f0f0f0f
[W] 01000058 1 1e 0ff00ff0
[F] 0100005c 0ff01eb7
[D] 0100005c 37 1d 00 1f 1 07 0ff01000 1f
[R] 00 1f 00000000 00000000
[E] 0100005c 0ff01000 0
[M] 0100005c 0ff01000 0 1 00000000
[W] 0100005c 1 1d 0ff01000
[F] 01000060 ff0e8e93
[D] 01000060 13 1d 1d 10 0 7f fffffff0 10
[R] 1d 10 0ff01000 00000000
[E] 01000060 0ff00ff0 0
[M] 01000060 0ff00ff0 0 0 00000000
[W] 01000060 1 1d 0ff00ff0
[F] 01000064 00400193
[D] 01000064 13 03 00 04 0 00 00000004 04
[R] 00 04 00000000 00000000
[E] 01000064 00000004 0
[M] 01000064 00000004 0 0 00000000
[W] 01000064 1 03 00000004
[F] 01000068 45df1c63
[D] 01000068 63 18 1e 1d 1 22 00000458 1d
[R] 1e 1d 0ff00ff0 0ff00ff0
[E] 01000068 010004c0 0
[M] 01000068 010004c0 0 1 0ff00ff0
[W] 01000068 0 18 010004c0
[F] 0100006c f00ff0b7
[D] 0100006c 37 01 00 00 7 78 f00ff000 00
[R] 00 00 00000000 00000000
[E] 0100006c f00ff000 0
[M] 0100006c f00ff000 0 3 00000000
[W] 0100006c 1 01 f00ff000
[F] 01000070 00f08093
[D] 01000070 13 01 01 0f 0 00 0000000f 0f
[R] 01 0f f00ff000 00000000
[E] 01000070 f00ff00f 0
[M] 01000070 f00ff00f 0 0 00000000
[W] 01000070 1 01 f00ff00f
[F] 01000074 f0f0f137
[D] 01000074 37 02 00 0f 7 78 f0f0f000 0f
[R] 00 0f 00000000 00000000
[E] 01000074 f0f0f000 0
[M] 01000074 f0f0f000 0 3 00000000
[W] 01000074 1 02 f0f0f000
[F] 01000078 0f010113
[D] 01000078 13 02 02 10 0 07 000000f0 10
[R] 02 10 f0f0f000 00000000
[E] 01000078 f0f0f0f0 0
[M] 01000078 f0f0f0f0 0 0 00000000
[W] 01000078 1 02 f0f0f0f0
[F] 0100007c 0020cf33
[D] 0100007c 33 1e 01 02 4 00 00000000 02
[R] 01 02 f00ff00f f0f0f0f0
[E] 0100007c 00ff00ff 0
[M] 0100007c 00ff00ff 0 0 f0f0f0f0
[W] 0100007c 1 1e 00ff00ff
[F] 01000080 00ff0eb7
[D] 01000080 37 1d 00 0f 0 00 00ff0000 0f
[R] 00 0f 00000000 00000000
[E] 01000080 00ff0000 0
[M] 01000080 00ff0000 0 0 00000000
[W] 01000080 1 1d 00ff0000
[F] 01000084 0ffe8e93
[D] 01000084 13 1d 1d 1f 0 07 000000ff 1f
[R] 1d 1f 00ff0000 00000000
[E] 01000084 00ff00ff 0
[M] 01000084 00ff00ff 0 0 00000000
[W] 01000084 1 1d 00ff00ff
[F] 01000088 00500193
[D] 01000088 13 03 00 05 0 00 00000005 05
[R] 00 05 00000000 00000000
[E] 01000088 00000005 0
[M] 01000088 00000005 0 0 00000000
[W] 01000088 1 03 00000005
[F] 0100008c 43df1a63
[D] 0100008c 63 14 1e 1d 1 21 00000434 1d
[R] 1e 1d 00ff00ff 00ff00ff
[E] 0100008c 010004c0 0
[M] 0100008c 010004c0 0 1 00ff00ff
[W] 0100008c 0 14 010004c0
[F] 01000090 ff0100b7
[D] 01000090 37 01 00 10 0 7f ff010000 10
[R] 00 10 00000000 00000000
[E] 01000090 ff010000 0
[M] 01000090 ff010000 0 0 00000000
[W] 01000090 1 01 ff010000
[F] 01000094 f0008093
[D] 01000094 13 01 01 00 0 78 ffffff00 00
[R] 01 00 ff010000 00000000
[E] 01000094 ff00ff00 0
[M] 01000094 ff00ff00 0 0 00000000
[W] 01000094 1 01 ff00ff00
[F] 01000098 0f0f1137
[D] 01000098 37 02 00 10 1 07 0f0f1000 10
[R] 00 10 00000000 00000000
[E] 01000098 0f0f1000 0
[M] 01000098 0f0f1000 0 1 00000000
[W] 01000098 1 02 0f0f1000
[F] 0100009c f0f10113
[D] 0100009c 13 02 02 0f 0 78 ffffff0f 0f
[R] 02 0f 0f0f1000 00000000
[E] 0100009c 0f0f0f0f 0
[M] 0100009c 0f0f0f0f 0 0 00000000
[W] 0100009c 1 02 0f0f0f0f
[F] 010000a0 0020c0b3
[D] 010000a0 33 01 01 02 4 00 00000000 02
[R] 01 02 ff00ff00 0f0f0f0f
[E] 010000a0 f00ff00f 0
[M] 010000a0 f00ff00f 0 0 0f0f0f0f
[W] 010000a0 1 01 f00ff00f
[F] 010000a4 f00ffeb7
[D] 010000a4 37 1d 00 00 7 78 f00ff000 00
[R] 00 00 00000000 00000000
[E] 010000a4 f00ff000 0
[M] 010000a4 f00ff000 0 3 00000000
[W] 010000a4 1 1d f00ff000
[F] 010000a8 00fe8e93
[D] 010000a8 13 1d 1d 0f 0 00 0000000f 0f
[R] 1d 0f f00ff000 00000000
[E] 010000a8 f00ff00f 0
[M] 010000a8 f00ff00f 0 0 00000000
[W] 010000a8 1 1d f00ff00f
[F] 010000ac 00600193
[D] 010000ac 13 03 00 06 0 00 00000006 06
[R] 00 06 00000000 00000000
[E] 010000ac 00000006 0
[M] 010000ac 00000006 0 0 00000000
[W] 010000ac 1 03 00000006
[F] 010000b0 41d09863
[D] 010000b0 63 10 01 1d 1 20 00000410 1d
[R] 01 1d f00ff00f f00ff00f
[E] 010000b0 010004c0 0
[M] 010000b0 010004c0 0 1 f00ff00f
[W] 010000b0 0 10 010004c0
[F] 010000b4 ff0100b7
[D] 010000b4 37 01 00 10 0 7f ff010000 10
[R] 00 10 00000000 00000000
[E] 010000b4 ff010000 0
[M] 010000b4 ff010000 0 0 00000000
[W] 010000b4 1 01 ff010000
[F] 010000b8 f0008093
[D] 010000b8 13 01 01 00 0 78 ffffff00 00
[R] 01 00 ff010000 00000000
[E] 010000b8 ff00ff00 0
[M] 010000b8 ff00ff00 0 0 00000000
[W] 010000b8 1 01 ff00ff00
[F] 010000bc 0f0f1137
[D] 010000bc 37 02 00 10 1 07 0f0f1000 10
[R] 00 10 00000000 00000000
[E] 010000bc 0f0f1000 0
[M] 010000bc 0f0f1000 0 1 00000000
[W] 010000bc 1 02 0f0f1000
[F] 010000c0 f0f10113
[D] 010000c0 13 02 02 0f 0 78 ffffff0f 0f
[R] 02 0f 0f0f1000 00000000
[E] 010000c0 0f0f0f0f 0
[M] 010000c0 0f0f0f0f 0 0 00000000
[W] 010000c0 1 02 0f0f0f0f
[F] 010000c4 0020c133
[D] 010000c4 33 02 01 02 4 00 00000000 02
[R] 01 02 ff00ff00 0f0f0f0f
[E] 010000c4 f00ff00f 0
[M] 010000c4 f00ff00f 0 0 0f0f0f0f
[W] 010000c4 1 02 f00ff00f
[F] 010000c8 f00ffeb7
[D] 010000c8 37 1d 00 00 7 78 f00ff000 00
[R] 00 00 00000000 00000000
[E] 010000c8 f00ff000 0
[M] 010000c8 f00ff000 0 3 00000000
[W] 010000c8 1 1d f00ff000
[F] 010000cc 00fe8e93
[D] 010000cc 13 1d 1d 0f 0 00 0000000f 0f
[R] 1d 0f f00ff000 00000000
[E] 010000cc f00ff00f 0
[M] 010000cc f00ff00f 0 0 00000000
[W] 010000cc 1 1d f00ff00f
[F] 010000d0 00700193
[D] 010000d0 13 03 00 07 0 00 00000007 07
[R] 00 07 00000000 00000000
[E] 010000d0 00000007 0
[M] 010000d0 00000007 0 0 00000000
[W] 010000d0 1 03 00000007
[F] 010000d4 3fd11663
[D] 010000d4 63 0c 02 1d 1 1f 000003ec 1d
[R] 02 1d f00ff00f f00ff00f
[E] 010000d4 010004c0 0
[M] 010000d4 010004c0 0 1 f00ff00f
[W] 010000d4 0 0c 010004c0
[F] 010000d8 ff0100b7
[D] 010000d8 37 01 00 10 0 7f ff010000 10
[R] 00 10 00000000 00000000
[E] 010000d8 ff010000 0
[M] 010000d8 ff010000 0 0 00000000
[W] 010000d8 1 01 ff010000
[F] 010000dc f0008093
[D] 010000dc 13 01 01 00 0 78 ffffff00 00
[R] 01 00 ff010000 00000000
[E] 010000dc ff00ff00 0
[M] 010000dc ff00ff00 0 0 00000000
[W] 010000dc 1 01 ff00ff00
[F] 010000e0 0010c0b3
[D] 010000e0 33 01 01 01 4 00 00000000 01
[R] 01 01 ff00ff00 ff00ff00
[E] 010000e0 00000000 0
[M] 010000e0 00000000 0 0 ff00ff00
[W] 010000e0 1 01 00000000
[F] 010000e4 00000e93
[D] 010000e4 13 1d 00 00 0 00 00000000 00
[R] 00 00 00000000 00000000
[E] 010000e4 00000000 0
[M] 010000e4 00000000 0 0 00000000
[W] 010000e4 1 1d 00000000
[F] 010000e8 00800193
[D] 010000e8 13 03 00 08 0 00 00000008 08
[R] 00 08 00000000 00000000
[E] 010000e8 00000008 0
[M] 010000e8 00000008 0 0 00000000
[W] 010000e8 1 03 00000008
[F] 010000ec 3dd09a63
[D] 010000ec 63 14 01 1d 1 1e 000003d4 1d
[R] 01 1d 00000000 00000000
[E] 010000ec 010004c0 0
[M] 010000ec 010004c0 0 1 00000000
[W] 010000ec 0 14 010004c0
[F] 010000f0 00000213
[D] 010000f0 13 04 00 00 0 00 00000000 00
[R] 00 00 00000000 00000000
[E] 010000f0 00000000 0
[M] 010000f0 00000000 0 0 00000000
[W] 010000f0 1 04 00000000
[F] 010000f4 ff0100b7
[D] 010000f4 37 01 00 10 0 7f ff010000 10
[R] 00 10 00000000 00000000
[E] 010000f4 ff010000 0
[M] 010000f4 ff010000 0 0 00000000
[W] 010000f4 1 01 ff010000
[F] 010000f8 f0008093
[D] 010000f8 13 01 01 00 0 78 ffffff00 00
[R] 01 00 ff010000 00000000
[E] 010000f8 ff00ff00 0
[M] 010000f8 ff00ff00 0 0 00000000
[W] 010000f8 1 01 ff00ff00
[F] 010000fc 0f0f1137
[D] 010000fc 37 02 00 10 1 07 0f0f1000 10
[R] 00 10 00000000 00000000
[E] 010000fc 0f0f1000 0
[M] 010000fc 0f0f1000 0 1 00000000
[W] 010000fc 1 02 0f0f1000
[F] 01000100 f0f10113
[D] 01000100 13 02 02 0f 0 78 ffffff0f 0f
[R] 02 0f 0f0f1000 00000000
[E] 01000100 0f0f0f0f 0
[M] 01000100 0f0f0f0f 0 0 00000000
[W] 01000100 1 02 0f0f0f0f
[F] 01000104 0020cf33
[D] 01000104 33 1e 01 02 4 00 00000000 02
[R] 01 02 ff00ff00 0f0f0f0f
[E] 01000104 f00ff00f 0
[M] 01000104 f00ff00f 0 0 0f0f0f0f
[W] 01000104 1 1e f00ff00f
[F] 01000108 000f0313
[D] 01000108 13 06 1e 00 0 00 00000000 00
[R] 1e 00 f00ff00f 00000000
[E] 01000108 f00ff00f 0
[M] 01000108 f00ff00f 0 0 00000000
[W] 01000108 1 06 f00ff00f
[F] 0100010c 00120213
[D] 0100010c 13 04 04 01 0 00 00000001 01
[R] 04 01 00000000 ff00ff00
[E] 0100010c 00000001 0
[M] 0100010c 00000001 0 0 ff00ff00
[W] 0100010c 1 04 00000001
[F] 01000110 00200293
[D] 01000110 13 05 00 02 0 00 00000002 02
[R] 00 02 00000000 0f0f0f0f
[E] 01000110 00000002 0
[M] 01000110 00000002 0 0 0f0f0f0f
[W] 01000110 1 05 00000002
[F] 01000114 fe5210e3
[D] 01000114 63 01 04 05 1 7f ffffffe0 05
[R] 04 05 00000001 00000002
[E] 01000114 010000f4 0
[M] 01000114 010000f4 0 1 00000002
[W] 01000114 0 01 010000f4
[F] 010000f4 ff0100b7
[D] 010000f4 37 01 00 10 0 7f ff010000 10
[R] 00 10 00000000 00000000
[E] 010000f4 ff010000 0
[M] 010000f4 ff010000 0 0 00000000
[W] 010000f4 1 01 ff010000
[F] 010000f8 f0008093
[D] 010000f8 13 01 01 00 0 78 ffffff00 00
[R] 01 00 ff010000 00000000
[E] 010000f8 ff00ff00 0
[M] 010000f8 ff00ff00 0 0 00000000
[W] 010000f8 1 01 ff00ff00
[F] 010000fc 0f0f1137
[D] 010000fc 37 02 00 10 1 07 0f0f1000 10
[R] 00 10 00000000 00000000
[E] 010000fc 0f0f1000 0
[M] 010000fc 0f0f1000 0 1 00000000
[W] 010000fc 1 02 0f0f1000
[F] 01000100 f0f10113
[D] 01000100 13 02 02 0f 0 78 ffffff0f 0f
[R] 02 0f 0f0f1000 00000000
[E] 01000100 0f0f0f0f 0
[M] 01000100 0f0f0f0f 0 0 00000000
[W] 01000100 1 02 0f0f0f0f
[F] 01000104 0020cf33
[D] 01000104 33 1e 01 02 4 00 00000000 02
[R] 01 02 ff00ff00 0f0f0f0f
[E] 01000104 f00ff00f 0
[M] 01000104 f00ff00f 0 0 0f0f0f0f
[W] 01000104 1 1e f00ff00f
[F] 01000108 000f0313
[D] 01000108 13 06 1e 00 0 00 00000000 00
[R] 1e 00 f00ff00f 00000000
[E] 01000108 f00ff00f 0
[M] 01000108 f00ff00f 0 0 00000000
[W] 01000108 1 06 f00ff00f
[F] 0100010c 00120213
[D] 0100010c 13 04 04 01 0 00 00000001 01
[R] 04 01 00000001 ff00ff00
[E] 0100010c 00000002 0
[M] 0100010c 00000002 0 0 ff00ff00
[W] 0100010c 1 04 00000002
[F] 01000110 00200293
[D] 01000110 13 05 00 02 0 00 00000002 02
[R] 00 02 00000000 0f0f0f0f
[E] 01000110 00000002 0
[M] 01000110 00000002 0 0 0f0f0f0f
[W] 01000110 1 05 00000002
[F] 01000114 fe5210e3
[D] 01000114 63 01 04 05 1 7f ffffffe0 05
[R] 04 05 00000002 00000002
[E] 01000114 010000f4 0
[M] 01000114 010000f4 0 1 00000002
[W] 01000114 0 01 010000f4
[F] 01000118 f00ffeb7
[D] 01000118 37 1d 00 00 7 78 f00ff000 00
[R] 00 00 00000000 00000000
[E] 01000118 f00ff000 0
[M] 01000118 f00ff000 0 3 00000000
[W] 01000118 1 1d f00ff000
[F] 0100011c 00fe8e93
[D] 0100011c 13 1d 1d 0f 0 00 0000000f 0f
[R] 1d 0f f00ff000 00000000
[E] 0100011c f00ff00f 0
[M] 0100011c f00ff00f 0 0 00000000
[W] 0100011c 1 1d f00ff00f
[F] 01000120 00900193
[D] 01000120 13 03 00 09 0 00 00000009 09
[R] 00 09 00000000 00000000
[E] 01000120 00000009 0
[M] 01000120 00000009 0 0 00000000
[W] 01000120 1 03 00000009
[F] 01000124 39d31e63
[D] 01000124 63 1c 06 1d 1 1c 0000039c 1d
[R] 06 1d f00ff00f f00ff00f
[E] 01000124 010004c0 0
[M] 01000124 010004c0 0 1 f00ff00f
[W] 01000124 0 1c 010004c0
[F] 01000128 00000213
[D] 01000128 13 04 00 00 0 00 00000000 00
[R] 00 00 00000000 00000000
[E] 01000128 00000000 0
[M] 01000128 00000000 0 0 00000000
[W] 01000128 1 04 00000000
[F] 0100012c 0ff010b7
[D] 0100012c 37 01 00 1f 1 07 0ff01000 1f
[R] 00 1f 00000000 00000000
[E] 0100012c 0ff01000 0
[M] 0100012c 0ff01000 0 1 00000000
[W] 0100012c 1 01 0ff01000
[F] 01000130 ff008093
[D] 01000130 13 01 01 10 0 7f fffffff0 10
[R] 01 10 0ff01000 00000000
[E] 01000130 0ff00ff0 0
[M] 01000130 0ff00ff0 0 0 00000000
[W] 01000130 1 01 0ff00ff0
[F] 01000134 f0f0f137
[D] 01000134 37 02 00 0f 7 78 f0f0f000 0f
[R] 00 0f 00000000 00000000
[E] 01000134 f0f0f000 0
[M] 01000134 f0f0f000 0 3 00000000
[W] 01000134 1 02 f0f0f000
[F] 01000138 0f010113
[D] 01000138 13 02 02 10 0 07 000000f0 10
[R] 02 10 f0f0f000 00000000
[E] 01000138 f0f0f0f0 0
[M] 01000138 f0f0f0f0 0 0 00000000
[W] 01000138 1 02 f0f0f0f0
[F] 0100013c 0020cf33
[D] 0100013c 33 1e 01 02 4 00 00000000 02
[R] 01 02 0ff00ff0 f0f0f0f0
[E] 0100013c ff00ff00 0
[M] 0100013c ff00ff00 0 0 f0f0f0f0
[W] 0100013c 1 1e ff00ff00
[F] 01000140 00000013
[D] 01000140 13 00 00 00 0 00 00000000 00
[R] 00 00 00000000 00000000
[E] 01000140 00000000 0
[M] 01000140 00000000 0 0 00000000
[W] 01000140 1 00 00000000
[F] 01000144 000f0313
[D] 01000144 13 06 1e 00 0 00 00000000 00
[R] 1e 00 ff00ff00 00000000
[E] 01000144 ff00ff00 0
[M] 01000144 ff00ff00 0 0 00000000
[W] 01000144 1 06 ff00ff00
[F] 01000148 00120213
[D] 01000148 13 04 04 01 0 00 00000001 01
[R] 04 01 00000000 0ff00ff0
[E] 01000148 00000001 0
[M] 01000148 00000001 0 0 0ff00ff0
[W] 01000148 1 04 00000001
[F] 0100014c 00200293
[D] 0100014c 13 05 00 02 0 00 00000002 02
[R] 00 02 00000000 f0f0f0f0
[E] 0100014c 00000002 0
[M] 0100014c 00000002 0 0 f0f0f0f0
[W] 0100014c 1 05 00000002
[F] 01000150 fc521ee3
[D] 01000150 63 1d 04 05 1 7e ffffffdc 05
[R] 04 05 00000001 00000002
[E] 01000150 0100012c 0
[M] 01000150 0100012c 0 1 00000002
[W] 01000150 0 1d 0100012c
[F] 0100012c 0ff010b7
[D] 0100012c 37 01 00 1f 1 07 0ff01000 1f
[R] 00 1f 00000000 00000000
[E] 0100012c 0ff01000 0
[M] 0100012c 0ff01000 0 1 00000000
[W] 0100012c 1 01 0ff01000
[F] 01000130 ff008093
[D] 01000130 13 01 01 10 0 7f fffffff0 10
[R] 01 10 0ff01000 00000000
[E] 01000130 0ff00ff0 0
[M] 01000130 0ff00ff0 0 0 00000000
[W] 01000130 1 01 0ff00ff0
[F] 01000134 f0f0f137
[D] 01000134 37 02 00 0f 7 78 f0f0f000 0f
[R] 00 0f 00000000 00000000
[E] 01000134 f0f0f000 0
[M] 01000134 f0f0f000 0 3 00000000
[W] 01000134 1 02 f0f0f000
[F] 01000138 0f010113
[D] 01000138 13 02 02 10 0 07 000000f0 10
[R] 02 10 f0f0f000 00000000
[E] 01000138 f0f0f0f0 0
[M] 01000138 f0f0f0f0 0 0 00000000
[W] 01000138 1 02 f0f0f0f0
[F] 0100013c 0020cf33
[D] 0100013c 33 1e 01 02 4 00 00000000 02
[R] 01 02 0ff00ff0 f0f0f0f0
[E] 0100013c ff00ff00 0
[M] 0100013c ff00ff00 0 0 f0f0f0f0
[W] 0100013c 1 1e ff00ff00
[F] 01000140 00000013
[D] 01000140 13 00 00 00 0 00 00000000 00
[R] 00 00 00000000 00000000
[E] 01000140 00000000 0
[M] 01000140 00000000 0 0 00000000
[W] 01000140 1 00 00000000
[F] 01000144 000f0313
[D] 01000144 13 06 1e 00 0 00 00000000 00
[R] 1e 00 ff00ff00 00000000
[E] 01000144 ff00ff00 0
[M] 01000144 ff00ff00 0 0 00000000
[W] 01000144 1 06 ff00ff00
[F] 01000148 00120213
[D] 01000148 13 04 04 01 0 00 00000001 01
[R] 04 01 00000001 0ff00ff0
[E] 01000148 00000002 0
[M] 01000148 00000002 0 0 0ff00ff0
[W] 01000148 1 04 00000002
[F] 0100014c 00200293
[D] 0100014c 13 05 00 02 0 00 00000002 02
[R] 00 02 00000000 f0f0f0f0
[E] 0100014c 00000002 0
[M] 0100014c 00000002 0 0 f0f0f0f0
[W] 0100014c 1 05 00000002
[F] 01000150 fc521ee3
[D] 01000150 63 1d 04 05 1 7e ffffffdc 05
[R] 04 05 00000002 00000002
[E] 01000150 0100012c 0
[M] 01000150 0100012c 0 1 00000002
[W] 01000150 0 1d 0100012c
[F] 01000154 ff010eb7
[D] 01000154 37 1d 00 10 0 7f ff010000 10
[R] 00 10 00000000 00000000
[E] 01000154 ff010000 0
[M] 01000154 ff010000 0 0 00000000
[W] 01000154 1 1d ff010000
[F] 01000158 f00e8e93
[D] 01000158 13 1d 1d 00 0 78 ffffff00 00
[R] 1d 00 ff010000 00000000
[E] 01000158 ff00ff00 0
[M] 01000158 ff00ff00 0 0 00000000
[W] 01000158 1 1d ff00ff00
[F] 0100015c 00a00193
[D] 0100015c 13 03 00 0a 0 00 0000000a 0a
[R] 00 0a 00000000 00000000
[E] 0100015c 0000000a 0
[M] 0100015c 0000000a 0 0 00000000
[W] 0100015c 1 03 0000000a
[F] 01000160 37d31063
[D] 01000160 63 00 06 1d 1 1b 00000360 1d
[R] 06 1d ff00ff00 ff00ff00
[E] 01000160 010004c0 0
[M] 01000160 010004c0 0 1 ff00ff00
[W] 01000160 0 00 010004c0
[F] 01000164 00000213
[D] 01000164 13 04 00 00 0 00 00000000 00
[R] 00 00 00000000 00000000
[E] 01000164 00000000 0
[M] 01000164 00000000 0 0 00000000
[W] 01000164 1 04 00000000
[F] 01000168 00ff00b7
[D] 01000168 37 01 00 0f 0 00 00ff0000 0f
[R] 00 0f 00000000 00000000
[E] 01000168 00ff0000 0
[M] 01000168 00ff0000 0 0 00000000
[W] 01000168 1 01 00ff0000
[F] 0100016c 0ff08093
[D] 0100016c 13 01 01 1f 0 07 000000ff 1f
[R] 01 1f 00ff0000 00000000
[E] 0100016c 00ff00ff 0
[M] 0100016c 00ff00ff 0 0 00000000
[W] 0100016c 1 01 00ff00ff
[F] 01000170 0f0f1137
[D] 01000170 37 02 00 10 1 07 0f0f1000 10
[R] 00 10 00000000 00000000
[E] 01000170 0f0f1000 0
[M] 01000170 0f0f1000 0 1 00000000
[W] 01000170 1 02 0f0f1000
[F] 01000174 f0f10113
[D] 01000174 13 02 02 0f 0 78 ffffff0f 0f
[R] 02 0f 0f0f1000 00000000
[E] 01000174 0f0f0f0f 0
[M] 01000174 0f0f0f0f 0 0 00000000
[W] 01000174 1 02 0f0f0f0f
[F] 01000178 0020cf33
[D] 01000178 33 1e 01 02 4 00 00000000 02
[R] 01 02 00ff00ff 0f0f0f0f
[E] 01000178 0ff00ff0 0
[M] 01000178 0ff00ff0 0 0 0f0f0f0f
[W] 01000178 1 1e 0ff00ff0
[F] 0100017c 00000013
[D] 0100017c 13 00 00 00 0 00 00000000 00
[R] 00 00 00000000 00000000
[E] 0100017c 00000000 0
[M] 0100017c 00000000 0 0 00000000
[W] 0100017c 1 00 00000000
[F] 01000180 00000013
[D] 01000180 13 00 00 00 0 00 00000000 00
[R] 00 00 00000000 00000000
[E] 01000180 00000000 0
[M] 01000180 00000000 0 0 00000000
[W] 01000180 1 00 00000000
[F] 01000184 000f0313
[D] 01000184 13 06 1e 00 0 00 00000000 00
[R] 1e 00 0ff00ff0 00000000
[E] 01000184 0ff00ff0 0
[M] 01000184 0ff00ff0 0 0 00000000
[W] 01000184 1 06 0ff00ff0
[F] 01000188 00120213
[D] 01000188 13 04 04 01 0 00 00000001 01
[R] 04 01 00000000 00ff00ff
[E] 01000188 00000001 0
[M] 01000188 00000001 0 0 00ff00ff
[W] 01000188 1 04 00000001
[F] 0100018c 00200293
[D] 0100018c 13 05 00 02 0 00 00000002 02
[R] 00 02 00000000 0f0f0f0f
[E] 0100018c 00000002 0
[M] 0100018c 00000002 0 0 0f0f0f0f
[W] 0100018c 1 05 00000002
[F] 01000190 fc521ce3
[D] 01000190 63 19 04 05 1 7e ffffffd8 05
[R] 04 05 00000001 00000002
[E] 01000190 01000168 0
[M] 01000190 01000168 0 1 00000002
[W] 01000190 0 19 01000168
[F] 01000168 00ff00b7
[D] 01000168 37 01 00 0f 0 00 00ff0000 0f
[R] 00 0f 00000000 00000000
[E] 01000168 00ff0000 0
[M] 01000168 00ff0000 0 0 00000000
[W] 01000168 1 01 00ff0000
[F] 0100016c 0ff08093
[D] 0100016c 13 01 01 1f 0 07 000000ff 1f
[R] 01 1f 00ff0000 00000000
[E] 0100016c 00ff00ff 0
[M] 0100016c 00ff00ff 0 0 00000000
[W] 0100016c 1 01 00ff00ff
[F] 01000170 0f0f1137
[D] 01000170 37 02 00 10 1 07 0f0f1000 10
[R] 00 10 00000000 00000000
[E] 01000170 0f0f1000 0
[M] 01000170 0f0f1000 0 1 00000000
[W] 01000170 1 02 0f0f1000
[F] 01000174 f0f10113
[D] 01000174 13 02 02 0f 0 78 ffffff0f 0f
[R] 02 0f 0f0f1000 00000000
[E] 01000174 0f0f0f0f 0
[M] 01000174 0f0f0f0f 0 0 00000000
[W] 01000174 1 02 0f0f0f0f
[F] 01000178 0020cf33
[D] 01000178 33 1e 01 02 4 00 00000000 02
[R] 01 02 00ff00ff 0f0f0f0f
[E] 01000178 0ff00ff0 0
[M] 01000178 0ff00ff0 0 0 0f0f0f0f
[W] 01000178 1 1e 0ff00ff0
[F] 0100017c 00000013
[D] 0100017c 13 00 00 00 0 00 00000000 00
[R] 00 00 00000000 00000000
[E] 0100017c 00000000 0
[M] 0100017c 00000000 0 0 00000000
[W] 0100017c 1 00 00000000
[F] 01000180 00000013
[D] 01000180 13 00 00 00 0 00 00000000 00
[R] 00 00 00000000 00000000
[E] 01000180 00000000 0
[M] 01000180 00000000 0 0 00000000
[W] 01000180 1 00 00000000
[F] 01000184 000f0313
[D] 01000184 13 06 1e 00 0 00 00000000 00
[R] 1e 00 0ff00ff0 00000000
[E] 01000184 0ff00ff0 0
[M] 01000184 0ff00ff0 0 0 00000000
[W] 01000184 1 06 0ff00ff0
[F] 01000188 00120213
[D] 01000188 13 04 04 01 0 00 00000001 01
[R] 04 01 00000001 00ff00ff
[E] 01000188 00000002 0
[M] 01000188 00000002 0 0 00ff00ff
[W] 01000188 1 04 00000002
[F] 0100018c 00200293
[D] 0100018c 13 05 00 02 0 00 00000002 02
[R] 00 02 00000000 0f0f0f0f
[E] 0100018c 00000002 0
[M] 0100018c 00000002 0 0 0f0f0f0f
[W] 0100018c 1 05 00000002
[F] 01000190 fc521ce3
[D] 01000190 63 19 04 05 1 7e ffffffd8 05
[R] 04 05 00000002 00000002
[E] 01000190 01000168 0
[M] 01000190 01000168 0 1 00000002
[W] 01000190 0 19 01000168
[F] 01000194 0ff01eb7
[D] 01000194 37 1d 00 1f 1 07 0ff01000 1f
[R] 00 1f 00000000 00000000
[E] 01000194 0ff01000 0
[M] 01000194 0ff01000 0 1 00000000
[W] 01000194 1 1d 0ff01000
[F] 01000198 ff0e8e93
[D] 01000198 13 1d 1d 10 0 7f fffffff0 10
[R] 1d 10 0ff01000 00000000
[E] 01000198 0ff00ff0 0
[M] 01000198 0ff00ff0 0 0 00000000
[W] 01000198 1 1d 0ff00ff0
[F] 0100019c 00b00193
[D] 0100019c 13 03 00 0b 0 00 0000000b 0b
[R] 00 0b 00000000 00000000
[E] 0100019c 0000000b 0
[M] 0100019c 0000000b 0 0 00000000
[W] 0100019c 1 03 0000000b
[F] 010001a0 33d31063
[D] 010001a0 63 00 06 1d 1 19 00000320 1d
[R] 06 1d 0ff00ff0 0ff00ff0
[E] 010001a0 010004c0 0
[M] 010001a0 010004c0 0 1 0ff00ff0
[W] 010001a0 0 00 010004c0
[F] 010001a4 00000213
[D] 010001a4 13 04 00 00 0 00 00000000 00
[R] 00 00 00000000 00000000
[E] 010001a4 00000000 0
[M] 010001a4 00000000 0 0 00000000
[W] 010001a4 1 04 00000000
[F] 010001a8 ff0100b7
[D] 010001a8 37 01 00 10 0 7f ff010000 10
[R] 00 10 00000000 00000000
[E] 010001a8 ff010000 0
[M] 010001a8 ff010000 0 0 00000000
[W] 010001a8 1 01 ff010000
[F] 010001ac f0008093
[D] 010001ac 13 01 01 00 0 78 ffffff00 00
[R] 01 00 ff010000 00000000
[E] 010001ac ff00ff00 0
[M] 010001ac ff00ff00 0 0 00000000
[W] 010001ac 1 01 ff00ff00
[F] 010001b0 0f0f1137
[D] 010001b0 37 02 00 10 1 07 0f0f1000 10
[R] 00 10 00000000 00000000
[E] 010001b0 0f0f1000 0
[M] 010001b0 0f0f1000 0 1 00000000
[W] 010001b0 1 02 0f0f1000
[F] 010001b4 f0f10113
[D] 010001b4 13 02 02 0f 0 78 ffffff0f 0f
[R] 02 0f 0f0f1000 00000000
[E] 010001b4 0f0f0f0f 0
[M] 010001b4 0f0f0f0f 0 0 00000000
[W] 010001b4 1 02 0f0f0f0f
[F] 010001b8 0020cf33
[D] 010001b8 33 1e 01 02 4 00 00000000 02
[R] 01 02 ff00ff00 0f0f0f0f
[E] 010001b8 f00ff00f 0
[M] 010001b8 f00ff00f 0 0 0f0f0f0f
[W] 010001b8 1 1e f00ff00f
[F] 010001bc 00120213
[D] 010001bc 13 04 04 01 0 00 00000001 01
[R] 04 01 00000000 ff00ff00
[E] 010001bc 00000001 0
[M] 010001bc 00000001 0 0 ff00ff00
[W] 010001bc 1 04 00000001
[F] 010001c0 00200293
[D] 010001c0 13 05 00 02 0 00 00000002 02
[R] 00 02 00000000 0f0f0f0f
[E] 010001c0 00000002 0
[M] 010001c0 00000002 0 0 0f0f0f0f
[W] 010001c0 1 05 00000002
[F] 010001c4 fe5212e3
[D] 010001c4 63 05 04 05 1 7f ffffffe4 05
[R] 04 05 00000001 00000002
[E] 010001c4 010001a8 0
[M] 010001c4 010001a8 0 1 00000002
[W] 010001c4 0 05 010001a8
[F] 010001a8 ff0100b7
[D] 010001a8 37 01 00 10 0 7f ff010000 10
[R] 00 10 00000000 00000000
[E] 010001a8 ff010000 0
[M] 010001a8 ff010000 0 0 00000000
[W] 010001a8 1 01 ff010000
[F] 010001ac f0008093
[D] 010001ac 13 01 01 00 0 78 ffffff00 00
[R] 01 00 ff010000 00000000
[E] 010001ac ff00ff00 0
[M] 010001ac ff00ff00 0 0 00000000
[W] 010001ac 1 01 ff00ff00
[F] 010001b0 0f0f1137
[D] 010001b0 37 02 00 10 1 07 0f0f1000 10
[R] 00 10 00000000 00000000
[E] 010001b0 0f0f1000 0
[M] 010001b0 0f0f1000 0 1 00000000
[W] 010001b0 1 02 0f0f1000
[F] 010001b4 f0f10113
[D] 010001b4 13 02 02 0f 0 78 ffffff0f 0f
[R] 02 0f 0f0f1000 00000000
[E] 010001b4 0f0f0f0f 0
[M] 010001b4 0f0f0f0f 0 0 00000000
[W] 010001b4 1 02 0f0f0f0f
[F] 010001b8 0020cf33
[D] 010001b8 33 1e 01 02 4 00 00000000 02
[R] 01 02 ff00ff00 0f0f0f0f
[E] 010001b8 f00ff00f 0
[M] 010001b8 f00ff00f 0 0 0f0f0f0f
[W] 010001b8 1 1e f00ff00f
[F] 010001bc 00120213
[D] 010001bc 13 04 04 01 0 00 00000001 01
[R] 04 01 00000001 ff00ff00
[E] 010001bc 00000002 0
[M] 010001bc 00000002 0 0 ff00ff00
[W] 010001bc 1 04 00000002
[F] 010001c0 00200293
[D] 010001c0 13 05 00 02 0 00 00000002 02
[R] 00 02 00000000 0f0f0f0f
[E] 010001c0 00000002 0
[M] 010001c0 00000002 0 0 0f0f0f0f
[W] 010001c0 1 05 00000002
[F] 010001c4 fe5212e3
[D] 010001c4 63 05 04 05 1 7f ffffffe4 05
[R] 04 05 00000002 00000002
[E] 010001c4 010001a8 0
[M] 010001c4 010001a8 0 1 00000002
[W] 010001c4 0 05 010001a8
[F] 010001c8 f00ffeb7
[D] 010001c8 37 1d 00 00 7 78 f00ff000 00
[R] 00 00 00000000 00000000
[E] 010001c8 f00ff000 0
[M] 010001c8 f00ff000 0 3 00000000
[W] 010001c8 1 1d f00ff000
[F] 010001cc 00fe8e93
[D] 010001cc 13 1d 1d 0f 0 00 0000000f 0f
[R] 1d 0f f00ff000 00000000
[E] 010001cc f00ff00f 0
[M] 010001cc f00ff00f 0 0 00000000
[W] 010001cc 1 1d f00ff00f
[F] 010001d0 00c00193
[D] 010001d0 13 03 00 0c 0 00 0000000c 0c
[R] 00 0c 00000000 00000000
[E] 010001d0 0000000c 0
[M] 010001d0 0000000c 0 0 00000000
[W] 010001d0 1 03 0000000c
[F] 010001d4 2fdf1663
[D] 010001d4 63 0c 1e 1d 1 17 000002ec 1d
[R] 1e 1d f00ff00f f00ff00f
[E] 010001d4 010004c0 0
[M] 010001d4 010004c0 0 1 f00ff00f
[W] 010001d4 0 0c 010004c0
[F] 010001d8 00000213
[D] 010001d8 13 04 00 00 0 00 00000000 00
[R] 00 00 00000000 00000000
[E] 010001d8 00000000 0
[M] 010001d8 00000000 0 0 00000000
[W] 010001d8 1 04 00000000
[F] 010001dc 0ff010b7
[D] 010001dc 37 01 00 1f 1 07 0ff01000 1f
[R] 00 1f 00000000 00000000
[E] 010001dc 0ff01000 0
[M] 010001dc 0ff01000 0 1 00000000
[W] 010001dc 1 01 0ff01000
[F] 010001e0 ff008093
[D] 010001e0 13 01 01 10 0 7f fffffff0 10
[R] 01 10 0ff01000 00000000
[E] 010001e0 0ff00ff0 0
[M] 010001e0 0ff00ff0 0 0 00000000
[W] 010001e0 1 01 0ff00ff0
[F] 010001e4 f0f0f137
[D] 010001e4 37 02 00 0f 7 78 f0f0f000 0f
[R] 00 0f 00000000 00000000
[E] 010001e4 f0f0f000 0
[M] 010001e4 f0f0f000 0 3 00000000
[W] 010001e4 1 02 f0f0f000
[F] 010001e8 0f010113
[D] 010001e8 13 02 02 10 0 07 000000f0 10
[R] 02 10 f0f0f000 00000000
[E] 010001e8 f0f0f0f0 0
[M] 010001e8 f0f0f0f0 0 0 00000000
[W] 010001e8 1 02 f0f0f0f0
[F] 010001ec 00000013
[D] 010001ec 13 00 00 00 0 00 00000000 00
[R] 00 00 00000000 00000000
[E] 010001ec 00000000 0
[M] 010001ec 00000000 0 0 00000000
[W] 010001ec 1 00 00000000
[F] 010001f0 0020cf33
[D] 010001f0 33 1e 01 02 4 00 00000000 02
[R] 01 02 0ff00ff0 f0f0f0f0
[E] 010001f0 ff00ff00 0
[M] 010001f0 ff00ff00 0 0 f0f0f0f0
[W] 010001f0 1 1e ff00ff00
[F] 010001f4 00120213
[D] 010001f4 13 04 04 01 0 00 00000001 01
[R] 04 01 00000000 0ff00ff0
[E] 010001f4 00000001 0
[M] 010001f4 00000001 0 0 0ff00ff0
[W] 010001f4 1 04 00000001
[F] 010001f8 00200293
[D] 010001f8 13 05 00 02 0 00 00000002 02
[R] 00 02 00000000 f0f0f0f0
[E] 010001f8 00000002 0
[M] 010001f8 00000002 0 0 f0f0f0f0
[W] 010001f8 1 05 00000002
[F] 010001fc fe5210e3
[D] 010001fc 63 01 04 05 1 7f ffffffe0 05
[R] 04 05 00000001 00000002
[E] 010001fc 010001dc 0
[M] 010001fc 010001dc 0 1 00000002
[W] 010001fc 0 01 010001dc
[F] 010001dc 0ff010b7
[D] 010001dc 37 01 00 1f 1 07 0ff01000 1f
[R] 00 1f 00000000 00000000
[E] 010001dc 0ff01000 0
[M] 010001dc 0ff01000 0 1 00000000
[W] 010001dc 1 01 0ff01000
[F] 010001e0 ff008093
[D] 010001e0 13 01 01 10 0 7f fffffff0 10
[R] 01 10 0ff01000 00000000
[E] 010001e0 0ff00ff0 0
[M] 010001e0 0ff00ff0 0 0 00000000
[W] 010001e0 1 01 0ff00ff0
[F] 010001e4 f0f0f137
[D] 010001e4 37 02 00 0f 7 78 f0f0f000 0f
[R] 00 0f 00000000 00000000
[E] 010001e4 f0f0f000 0
[M] 010001e4 f0f0f000 0 3 00000000
[W] 010001e4 1 02 f0f0f000
[F] 010001e8 0f010113
[D] 010001e8 13 02 02 10 0 07 000000f0 10
[R] 02 10 f0f0f000 00000000
[E] 010001e8 f0f0f0f0 0
[M] 010001e8 f0f0f0f0 0 0 00000000
[W] 010001e8 1 02 f0f0f0f0
[F] 010001ec 00000013
[D] 010001ec 13 00 00 00 0 00 00000000 00
[R] 00 00 00000000 00000000
[E] 010001ec 00000000 0
[M] 010001ec 00000000 0 0 00000000
[W] 010001ec 1 00 00000000
[F] 010001f0 0020cf33
[D] 010001f0 33 1e 01 02 4 00 00000000 02
[R] 01 02 0ff00ff0 f0f0f0f0
[E] 010001f0 ff00ff00 0
[M] 010001f0 ff00ff00 0 0 f0f0f0f0
[W] 010001f0 1 1e ff00ff00
[F] 010001f4 00120213
[D] 010001f4 13 04 04 01 0 00 00000001 01
[R] 04 01 00000001 0ff00ff0
[E] 010001f4 00000002 0
[M] 010001f4 00000002 0 0 0ff00ff0
[W] 010001f4 1 04 00000002
[F] 010001f8 00200293
[D] 010001f8 13 05 00 02 0 00 00000002 02
[R] 00 02 00000000 f0f0f0f0
[E] 010001f8 00000002 0
[M] 010001f8 00000002 0 0 f0f0f0f0
[W] 010001f8 1 05 00000002
[F] 010001fc fe5210e3
[D] 010001fc 63 01 04 05 1 7f ffffffe0 05
[R] 04 05 00000002 00000002
[E] 010001fc 010001dc 0
[M] 010001fc 010001dc 0 1 00000002
[W] 010001fc 0 01 010001dc
[F] 01000200 ff010eb7
[D] 01000200 37 1d 00 10 0 7f ff010000 10
[R] 00 10 00000000 00000000
[E] 01000200 ff010000 0
[M] 01000200 ff010000 0 0 00000000
[W] 01000200 1 1d ff010000
[F] 01000204 f00e8e93
[D] 01000204 13 1d 1d 00 0 78 ffffff00 00
[R] 1d 00 ff010000 00000000
[E] 01000204 ff00ff00 0
[M] 01000204 ff00ff00 0 0 00000000
[W] 01000204 1 1d ff00ff00
[F] 01000208 00d00193
[D] 01000208 13 03 00 0d 0 00 0000000d 0d
[R] 00 0d 00000000 00000000
[E] 01000208 0000000d 0
[M] 01000208 0000000d 0 0 00000000
[W] 01000208 1 03 0000000d
[F] 0100020c 2bdf1a63
[D] 0100020c 63 14 1e 1d 1 15 000002b4 1d
[R] 1e 1d ff00ff00 ff00ff00
[E] 0100020c 010004c0 0
[M] 0100020c 010004c0 0 1 ff00ff00
[W] 0100020c 0 14 010004c0
[F] 01000210 00000213
[D] 01000210 13 04 00 00 0 00 00000000 00
[R] 00 00 00000000 00000000
[E] 01000210 00000000 0
[M] 01000210 00000000 0 0 00000000
[W] 01000210 1 04 00000000
[F] 01000214 00ff00b7
[D] 01000214 37 01 00 0f 0 00 00ff0000 0f
[R] 00 0f 00000000 00000000
[E] 01000214 00ff0000 0
[M] 01000214 00ff0000 0 0 00000000
[W] 01000214 1 01 00ff0000
[F] 01000218 0ff08093
[D] 01000218 13 01 01 1f 0 07 000000ff 1f
[R] 01 1f 00ff0000 00000000
[E] 01000218 00ff00ff 0
[M] 01000218 00ff00ff 0 0 00000000
[W] 01000218 1 01 00ff00ff
[F] 0100021c 0f0f1137
[D] 0100021c 37 02 00 10 1 07 0f0f1000 10
[R] 00 10 00000000 00000000
[E] 0100021c 0f0f1000 0
[M] 0100021c 0f0f1000 0 1 00000000
[W] 0100021c 1 02 0f0f1000
[F] 01000220 f0f10113
[D] 01000220 13 02 02 0f 0 78 ffffff0f 0f
[R] 02 0f 0f0f1000 00000000
[E] 01000220 0f0f0f0f 0
[M] 01000220 0f0f0f0f 0 0 00000000
[W] 01000220 1 02 0f0f0f0f
[F] 01000224 00000013
[D] 01000224 13 00 00 00 0 00 00000000 00
[R] 00 00 00000000 00000000
[E] 01000224 00000000 0
[M] 01000224 00000000 0 0 00000000
[W] 01000224 1 00 00000000
[F] 01000228 00000013
[D] 01000228 13 00 00 00 0 00 00000000 00
[R] 00 00 00000000 00000000
[E] 01000228 00000000 0
[M] 01000228 00000000 0 0 00000000
[W] 01000228 1 00 00000000
[F] 0100022c 0020cf33
[D] 0100022c 33 1e 01 02 4 00 00000000 02
[R] 01 02 00ff00ff 0f0f0f0f
[E] 0100022c 0ff00ff0 0
[M] 0100022c 0ff00ff0 0 0 0f0f0f0f
[W] 0100022c 1 1e 0ff00ff0
[F] 01000230 00120213
[D] 01000230 13 04 04 01 0 00 00000001 01
[R] 04 01 00000000 00ff00ff
[E] 01000230 00000001 0
[M] 01000230 00000001 0 0 00ff00ff
[W] 01000230 1 04 00000001
[F] 01000234 00200293
[D] 01000234 13 05 00 02 0 00 00000002 02
[R] 00 02 00000000 0f0f0f0f
[E] 01000234 00000002 0
[M] 01000234 00000002 0 0 0f0f0f0f
[W] 01000234 1 05 00000002
[F] 01000238 fc521ee3
[D] 01000238 63 1d 04 05 1 7e ffffffdc 05
[R] 04 05 00000001 00000002
[E] 01000238 01000214 0
[M] 01000238 01000214 0 1 00000002
[W] 01000238 0 1d 01000214
[F] 01000214 00ff00b7
[D] 01000214 37 01 00 0f 0 00 00ff0000 0f
[R] 00 0f 00000000 00000000
[E] 01000214 00ff0000 0
[M] 01000214 00ff0000 0 0 00000000
[W] 01000214 1 01 00ff0000
[F] 01000218 0ff08093
[D] 01000218 13 01 01 1f 0 07 000000ff 1f
[R] 01 1f 00ff0000 00000000
[E] 01000218 00ff00ff 0
[M] 01000218 00ff00ff 0 0 00000000
[W] 01000218 1 01 00ff00ff
[F] 0100021c 0f0f1137
[D] 0100021c 37 02 00 10 1 07 0f0f1000 10
[R] 00 10 00000000 00000000
[E] 0100021c 0f0f1000 0
[M] 0100021c 0f0f1000 0 1 00000000
[W] 0100021c 1 02 0f0f1000
[F] 01000220 f0f10113
[D] 01000220 13 02 02 0f 0 78 ffffff0f 0f
[R] 02 0f 0f0f1000 00000000
[E] 01000220 0f0f0f0f 0
[M] 01000220 0f0f0f0f 0 0 00000000
[W] 01000220 1 02 0f0f0f0f
[F] 01000224 00000013
[D] 01000224 13 00 00 00 0 00 00000000 00
[R] 00 00 00000000 00000000
[E] 01000224 00000000 0
[M] 01000224 00000000 0 0 00000000
[W] 01000224 1 00 00000000
[F] 01000228 00000013
[D] 01000228 13 00 00 00 0 00 00000000 00
[R] 00 00 00000000 00000000
[E] 01000228 00000000 0
[M] 01000228 00000000 0 0 00000000
[W] 01000228 1 00 00000000
[F] 0100022c 0020cf33
[D] 0100022c 33 1e 01 02 4 00 00000000 02
[R] 01 02 00ff00ff 0f0f0f0f
[E] 0100022c 0ff00ff0 0
[M] 0100022c 0ff00ff0 0 0 0f0f0f0f
[W] 0100022c 1 1e 0ff00ff0
[F] 01000230 00120213
[D] 01000230 13 04 04 01 0 00 00000001 01
[R] 04 01 00000001 00ff00ff
[E] 01000230 00000002 0
[M] 01000230 00000002 0 0 00ff00ff
[W] 01000230 1 04 00000002
[F] 01000234 00200293
[D] 01000234 13 05 00 02 0 00 00000002 02
[R] 00 02 00000000 0f0f0f0f
[E] 01000234 00000002 0
[M] 01000234 00000002 0 0 0f0f0f0f
[W] 01000234 1 05 00000002
[F] 01000238 fc521ee3
[D] 01000238 63 1d 04 05 1 7e ffffffdc 05
[R] 04 05 00000002 00000002
[E] 01000238 01000214 0
[M] 01000238 01000214 0 1 00000002
[W] 01000238 0 1d 01000214
[F] 0100023c 0ff01eb7
[D] 0100023c 37 1d 00 1f 1 07 0ff01000 1f
[R] 00 1f 00000000 00000000
[E] 0100023c 0ff01000 0
[M] 0100023c 0ff01000 0 1 00000000
[W] 0100023c 1 1d 0ff01000
[F] 01000240 ff0e8e93
[D] 01000240 13 1d 1d 10 0 7f fffffff0 10
[R] 1d 10 0ff01000 00000000
[E] 01000240 0ff00ff0 0
[M] 01000240 0ff00ff0 0 0 00000000
[W] 01000240 1 1d 0ff00ff0
[F] 01000244 00e00193
[D] 01000244 13 03 00 0e 0 00 0000000e 0e
[R] 00 0e 00000000 00000000
[E] 01000244 0000000e 0
[M] 01000244 0000000e 0 0 00000000
[W] 01000244 1 03 0000000e
[F] 01000248 27df1c63
[D] 01000248 63 18 1e 1d 1 13 00000278 1d
[R] 1e 1d 0ff00ff0 0ff00ff0
[E] 01000248 010004c0 0
[M] 01000248 010004c0 0 1 0ff00ff0
[W] 01000248 0 18 010004c0
[F] 0100024c 00000213
[D] 0100024c 13 04 00 00 0 00 00000000 00
[R] 00 00 00000000 00000000
[E] 0100024c 00000000 0
[M] 0100024c 00000000 0 0 00000000
[W] 0100024c 1 04 00000000
[F] 01000250 ff0100b7
[D] 01000250 37 01 00 10 0 7f ff010000 10
[R] 00 10 00000000 00000000
[E] 01000250 ff010000 0
[M] 01000250 ff010000 0 0 00000000
[W] 01000250 1 01 ff010000
[F] 01000254 f0008093
[D] 01000254 13 01 01 00 0 78 ffffff00 00
[R] 01 00 ff010000 00000000
[E] 01000254 ff00ff00 0
[M] 01000254 ff00ff00 0 0 00000000
[W] 01000254 1 01 ff00ff00
[F] 01000258 00000013
[D] 01000258 13 00 00 00 0 00 00000000 00
[R] 00 00 00000000 00000000
[E] 01000258 00000000 0
[M] 01000258 00000000 0 0 00000000
[W] 01000258 1 00 00000000
[F] 0100025c 0f0f1137
[D] 0100025c 37 02 00 10 1 07 0f0f1000 10
[R] 00 10 00000000 00000000
[E] 0100025c 0f0f1000 0
[M] 0100025c 0f0f1000 0 1 00000000
[W] 0100025c 1 02 0f0f1000
[F] 01000260 f0f10113
[D] 01000260 13 02 02 0f 0 78 ffffff0f 0f
[R] 02 0f 0f0f1000 00000000
[E] 01000260 0f0f0f0f 0
[M] 01000260 0f0f0f0f 0 0 00000000
[W] 01000260 1 02 0f0f0f0f
[F] 01000264 0020cf33
[D] 01000264 33 1e 01 02 4 00 00000000 02
[R] 01 02 ff00ff00 0f0f0f0f
[E] 01000264 f00ff00f 0
[M] 01000264 f00ff00f 0 0 0f0f0f0f
[W] 01000264 1 1e f00ff00f
[F] 01000268 00120213
[D] 01000268 13 04 04 01 0 00 00000001 01
[R] 04 01 00000000 ff00ff00
[E] 01000268 00000001 0
[M] 01000268 00000001 0 0 ff00ff00
[W] 01000268 1 04 00000001
[F] 0100026c 00200293
[D] 0100026c 13 05 00 02 0 00 00000002 02
[R] 00 02 00000000 0f0f0f0f
[E] 0100026c 00000002 0
[M] 0100026c 00000002 0 0 0f0f0f0f
[W] 0100026c 1 05 00000002
[F] 01000270 fe5210e3
[D] 01000270 63 01 04 05 1 7f ffffffe0 05
[R] 04 05 00000001 00000002
[E] 01000270 01000250 0
[M] 01000270 01000250 0 1 00000002
[W] 01000270 0 01 01000250
[F] 01000250 ff0100b7
[D] 01000250 37 01 00 10 0 7f ff010000 10
[R] 00 10 00000000 00000000
[E] 01000250 ff010000 0
[M] 01000250 ff010000 0 0 00000000
[W] 01000250 1 01 ff010000
[F] 01000254 f0008093
[D] 01000254 13 01 01 00 0 78 ffffff00 00
[R] 01 00 ff010000 00000000
[E] 01000254 ff00ff00 0
[M] 01000254 ff00ff00 0 0 00000000
[W] 01000254 1 01 ff00ff00
[F] 01000258 00000013
[D] 01000258 13 00 00 00 0 00 00000000 00
[R] 00 00 00000000 00000000
[E] 01000258 00000000 0
[M] 01000258 00000000 0 0 00000000
[W] 01000258 1 00 00000000
[F] 0100025c 0f0f1137
[D] 0100025c 37 02 00 10 1 07 0f0f1000 10
[R] 00 10 00000000 00000000
[E] 0100025c 0f0f1000 0
[M] 0100025c 0f0f1000 0 1 00000000
[W] 0100025c 1 02 0f0f1000
[F] 01000260 f0f10113
[D] 01000260 13 02 02 0f 0 78 ffffff0f 0f
[R] 02 0f 0f0f1000 00000000
[E] 01000260 0f0f0f0f 0
[M] 01000260 0f0f0f0f 0 0 00000000
[W] 01000260 1 02 0f0f0f0f
[F] 01000264 0020cf33
[D] 01000264 33 1e 01 02 4 00 00000000 02
[R] 01 02 ff00ff00 0f0f0f0f
[E] 01000264 f00ff00f 0
[M] 01000264 f00ff00f 0 0 0f0f0f0f
[W] 01000264 1 1e f00ff00f
[F] 01000268 00120213
[D] 01000268 13 04 04 01 0 00 00000001 01
[R] 04 01 00000001 ff00ff00
[E] 01000268 00000002 0
[M] 01000268 00000002 0 0 ff00ff00
[W] 01000268 1 04 00000002
[F] 0100026c 00200293
[D] 0100026c 13 05 00 02 0 00 00000002 02
[R] 00 02 00000000 0f0f0f0f
[E] 0100026c 00000002 0
[M] 0100026c 00000002 0 0 0f0f0f0f
[W] 0100026c 1 05 00000002
[F] 01000270 fe5210e3
[D] 01000270 63 01 04 05 1 7f ffffffe0 05
[R] 04 05 00000002 00000002
[E] 01000270 01000250 0
[M] 01000270 01000250 0 1 00000002
[W] 01000270 0 01 01000250
[F] 01000274 f00ffeb7
[D] 01000274 37 1d 00 00 7 78 f00ff000 00
[R] 00 00 00000000 00000000
[E] 01000274 f00ff000 0
[M] 01000274 f00ff000 0 3 00000000
[W] 01000274 1 1d f00ff000
[F] 01000278 00fe8e93
[D] 01000278 13 1d 1d 0f 0 00 0000000f 0f
[R] 1d 0f f00ff000 00000000
[E] 01000278 f00ff00f 0
[M] 01000278 f00ff00f 0 0 00000000
[W] 01000278 1 1d f00ff00f
[F] 0100027c 00f00193
[D] 0100027c 13 03 00 0f 0 00 0000000f 0f
[R] 00 0f 00000000 00000000
[E] 0100027c 0000000f 0
[M] 0100027c 0000000f 0 0 00000000
[W] 0100027c 1 03 0000000f
[F] 01000280 25df1063
[D] 01000280 63 00 1e 1d 1 12 00000240 1d
[R] 1e 1d f00ff00f f00ff00f
[E] 01000280 010004c0 0
[M] 01000280 010004c0 0 1 f00ff00f
[W] 01000280 0 00 010004c0
[F] 01000284 00000213
[D] 01000284 13 04 00 00 0 00 00000000 00
[R] 00 00 00000000 00000000
[E] 01000284 00000000 0
[M] 01000284 00000000 0 0 00000000
[W] 01000284 1 04 00000000
[F] 01000288 0ff010b7
[D] 01000288 37 01 00 1f 1 07 0ff01000 1f
[R] 00 1f 00000000 00000000
[E] 01000288 0ff01000 0
[M] 01000288 0ff01000 0 1 00000000
[W] 01000288 1 01 0ff01000
[F] 0100028c ff008093
[D] 0100028c 13 01 01 10 0 7f fffffff0 10
[R] 01 10 0ff01000 00000000
[E] 0100028c 0ff00ff0 0
[M] 0100028c 0ff00ff0 0 0 00000000
[W] 0100028c 1 01 0ff00ff0
[F] 01000290 00000013
[D] 01000290 13 00 00 00 0 00 00000000 00
[R] 00 00 00000000 00000000
[E] 01000290 00000000 0
[M] 01000290 00000000 0 0 00000000
[W] 01000290 1 00 00000000
[F] 01000294 f0f0f137
[D] 01000294 37 02 00 0f 7 78 f0f0f000 0f
[R] 00 0f 00000000 00000000
[E] 01000294 f0f0f000 0
[M] 01000294 f0f0f000 0 3 00000000
[W] 01000294 1 02 f0f0f000
[F] 01000298 0f010113
[D] 01000298 13 02 02 10 0 07 000000f0 10
[R] 02 10 f0f0f000 00000000
[E] 01000298 f0f0f0f0 0
[M] 01000298 f0f0f0f0 0 0 00000000
[W] 01000298 1 02 f0f0f0f0
[F] 0100029c 00000013
[D] 0100029c 13 00 00 00 0 00 00000000 00
[R] 00 00 00000000 00000000
[E] 0100029c 00000000 0
[M] 0100029c 00000000 0 0 00000000
[W] 0100029c 1 00 00000000
[F] 010002a0 0020cf33
[D] 010002a0 33 1e 01 02 4 00 00000000 02
[R] 01 02 0ff00ff0 f0f0f0f0
[E] 010002a0 ff00ff00 0
[M] 010002a0 ff00ff00 0 0 f0f0f0f0
[W] 010002a0 1 1e ff00ff00
[F] 010002a4 00120213
[D] 010002a4 13 04 04 01 0 00 00000001 01
[R] 04 01 00000000 0ff00ff0
[E] 010002a4 00000001 0
[M] 010002a4 00000001 0 0 0ff00ff0
[W] 010002a4 1 04 00000001
[F] 010002a8 00200293
[D] 010002a8 13 05 00 02 0 00 00000002 02
[R] 00 02 00000000 f0f0f0f0
[E] 010002a8 00000002 0
[M] 010002a8 00000002 0 0 f0f0f0f0
[W] 010002a8 1 05 00000002
[F] 010002ac fc521ee3
[D] 010002ac 63 1d 04 05 1 7e ffffffdc 05
[R] 04 05 00000001 00000002
[E] 010002ac 01000288 0
[M] 010002ac 01000288 0 1 00000002
[W] 010002ac 0 1d 01000288
[F] 01000288 0ff010b7
[D] 01000288 37 01 00 1f 1 07 0ff01000 1f
[R] 00 1f 00000000 00000000
[E] 01000288 0ff01000 0
[M] 01000288 0ff01000 0 1 00000000
[W] 01000288 1 01 0ff01000
[F] 0100028c ff008093
[D] 0100028c 13 01 01 10 0 7f fffffff0 10
[R] 01 10 0ff01000 00000000
[E] 0100028c 0ff00ff0 0
[M] 0100028c 0ff00ff0 0 0 00000000
[W] 0100028c 1 01 0ff00ff0
[F] 01000290 00000013
[D] 01000290 13 00 00 00 0 00 00000000 00
[R] 00 00 00000000 00000000
[E] 01000290 00000000 0
[M] 01000290 00000000 0 0 00000000
[W] 01000290 1 00 00000000
[F] 01000294 f0f0f137
[D] 01000294 37 02 00 0f 7 78 f0f0f000 0f
[R] 00 0f 00000000 00000000
[E] 01000294 f0f0f000 0
[M] 01000294 f0f0f000 0 3 00000000
[W] 01000294 1 02 f0f0f000
[F] 01000298 0f010113
[D] 01000298 13 02 02 10 0 07 000000f0 10
[R] 02 10 f0f0f000 00000000
[E] 01000298 f0f0f0f0 0
[M] 01000298 f0f0f0f0 0 0 00000000
[W] 01000298 1 02 f0f0f0f0
[F] 0100029c 00000013
[D] 0100029c 13 00 00 00 0 00 00000000 00
[R] 00 00 00000000 00000000
[E] 0100029c 00000000 0
[M] 0100029c 00000000 0 0 00000000
[W] 0100029c 1 00 00000000
[F] 010002a0 0020cf33
[D] 010002a0 33 1e 01 02 4 00 00000000 02
[R] 01 02 0ff00ff0 f0f0f0f0
[E] 010002a0 ff00ff00 0
[M] 010002a0 ff00ff00 0 0 f0f0f0f0
[W] 010002a0 1 1e ff00ff00
[F] 010002a4 00120213
[D] 010002a4 13 04 04 01 0 00 00000001 01
[R] 04 01 00000001 0ff00ff0
[E] 010002a4 00000002 0
[M] 010002a4 00000002 0 0 0ff00ff0
[W] 010002a4 1 04 00000002
[F] 010002a8 00200293
[D] 010002a8 13 05 00 02 0 00 00000002 02
[R] 00 02 00000000 f0f0f0f0
[E] 010002a8 00000002 0
[M] 010002a8 00000002 0 0 f0f0f0f0
[W] 010002a8 1 05 00000002
[F] 010002ac fc521ee3
[D] 010002ac 63 1d 04 05 1 7e ffffffdc 05
[R] 04 05 00000002 00000002
[E] 010002ac 01000288 0
[M] 010002ac 01000288 0 1 00000002
[W] 010002ac 0 1d 01000288
[F] 010002b0 ff010eb7
[D] 010002b0 37 1d 00 10 0 7f ff010000 10
[R] 00 10 00000000 00000000
[E] 010002b0 ff010000 0
[M] 010002b0 ff010000 0 0 00000000
[W] 010002b0 1 1d ff010000
[F] 010002b4 f00e8e93
[D] 010002b4 13 1d 1d 00 0 78 ffffff00 00
[R] 1d 00 ff010000 00000000
[E] 010002b4 ff00ff00 0
[M] 010002b4 ff00ff00 0 0 00000000
[W] 010002b4 1 1d ff00ff00
[F] 010002b8 01000193
[D] 010002b8 13 03 00 10 0 00 00000010 10
[R] 00 10 00000000 00000000
[E] 010002b8 00000010 0
[M] 010002b8 00000010 0 0 00000000
[W] 010002b8 1 03 00000010
[F] 010002bc 21df1263
[D] 010002bc 63 04 1e 1d 1 10 00000204 1d
[R] 1e 1d ff00ff00 ff00ff00
[E] 010002bc 010004c0 0
[M] 010002bc 010004c0 0 1 ff00ff00
[W] 010002bc 0 04 010004c0
[F] 010002c0 00000213
[D] 010002c0 13 04 00 00 0 00 00000000 00
[R] 00 00 00000000 00000000
[E] 010002c0 00000000 0
[M] 010002c0 00000000 0 0 00000000
[W] 010002c0 1 04 00000000
[F] 010002c4 00ff00b7
[D] 010002c4 37 01 00 0f 0 00 00ff0000 0f
[R] 00 0f 00000000 00000000
[E] 010002c4 00ff0000 0
[M] 010002c4 00ff0000 0 0 00000000
[W] 010002c4 1 01 00ff0000
[F] 010002c8 0ff08093
[D] 010002c8 13 01 01 1f 0 07 000000ff 1f
[R] 01 1f 00ff0000 00000000
[E] 010002c8 00ff00ff 0
[M] 010002c8 00ff00ff 0 0 00000000
[W] 010002c8 1 01 00ff00ff
[F] 010002cc 00000013
[D] 010002cc 13 00 00 00 0 00 00000000 00
[R] 00 00 00000000 00000000
[E] 010002cc 00000000 0
[M] 010002cc 00000000 0 0 00000000
[W] 010002cc 1 00 00000000
[F] 010002d0 00000013
[D] 010002d0 13 00 00 00 0 00 00000000 00
[R] 00 00 00000000 00000000
[E] 010002d0 00000000 0
[M] 010002d0 00000000 0 0 00000000
[W] 010002d0 1 00 00000000
[F] 010002d4 0f0f1137
[D] 010002d4 37 02 00 10 1 07 0f0f1000 10
[R] 00 10 00000000 00000000
[E] 010002d4 0f0f1000 0
[M] 010002d4 0f0f1000 0 1 00000000
[W] 010002d4 1 02 0f0f1000
[F] 010002d8 f0f10113
[D] 010002d8 13 02 02 0f 0 78 ffffff0f 0f
[R] 02 0f 0f0f1000 00000000
[E] 010002d8 0f0f0f0f 0
[M] 010002d8 0f0f0f0f 0 0 00000000
[W] 010002d8 1 02 0f0f0f0f
[F] 010002dc 0020cf33
[D] 010002dc 33 1e 01 02 4 00 00000000 02
[R] 01 02 00ff00ff 0f0f0f0f
[E] 010002dc 0ff00ff0 0
[M] 010002dc 0ff00ff0 0 0 0f0f0f0f
[W] 010002dc 1 1e 0ff00ff0
[F] 010002e0 00120213
[D] 010002e0 13 04 04 01 0 00 00000001 01
[R] 04 01 00000000 00ff00ff
[E] 010002e0 00000001 0
[M] 010002e0 00000001 0 0 00ff00ff
[W] 010002e0 1 04 00000001
[F] 010002e4 00200293
[D] 010002e4 13 05 00 02 0 00 00000002 02
[R] 00 02 00000000 0f0f0f0f
[E] 010002e4 00000002 0
[M] 010002e4 00000002 0 0 0f0f0f0f
[W] 010002e4 1 05 00000002
[F] 010002e8 fc521ee3
[D] 010002e8 63 1d 04 05 1 7e ffffffdc 05
[R] 04 05 00000001 00000002
[E] 010002e8 010002c4 0
[M] 010002e8 010002c4 0 1 00000002
[W] 010002e8 0 1d 010002c4
[F] 010002c4 00ff00b7
[D] 010002c4 37 01 00 0f 0 00 00ff0000 0f
[R] 00 0f 00000000 00000000
[E] 010002c4 00ff0000 0
[M] 010002c4 00ff0000 0 0 00000000
[W] 010002c4 1 01 00ff0000
[F] 010002c8 0ff08093
[D] 010002c8 13 01 01 1f 0 07 000000ff 1f
[R] 01 1f 00ff0000 00000000
[E] 010002c8 00ff00ff 0
[M] 010002c8 00ff00ff 0 0 00000000
[W] 010002c8 1 01 00ff00ff
[F] 010002cc 00000013
[D] 010002cc 13 00 00 00 0 00 00000000 00
[R] 00 00 00000000 00000000
[E] 010002cc 00000000 0
[M] 010002cc 00000000 0 0 00000000
[W] 010002cc 1 00 00000000
[F] 010002d0 00000013
[D] 010002d0 13 00 00 00 0 00 00000000 00
[R] 00 00 00000000 00000000
[E] 010002d0 00000000 0
[M] 010002d0 00000000 0 0 00000000
[W] 010002d0 1 00 00000000
[F] 010002d4 0f0f1137
[D] 010002d4 37 02 00 10 1 07 0f0f1000 10
[R] 00 10 00000000 00000000
[E] 010002d4 0f0f1000 0
[M] 010002d4 0f0f1000 0 1 00000000
[W] 010002d4 1 02 0f0f1000
[F] 010002d8 f0f10113
[D] 010002d8 13 02 02 0f 0 78 ffffff0f 0f
[R] 02 0f 0f0f1000 00000000
[E] 010002d8 0f0f0f0f 0
[M] 010002d8 0f0f0f0f 0 0 00000000
[W] 010002d8 1 02 0f0f0f0f
[F] 010002dc 0020cf33
[D] 010002dc 33 1e 01 02 4 00 00000000 02
[R] 01 02 00ff00ff 0f0f0f0f
[E] 010002dc 0ff00ff0 0
[M] 010002dc 0ff00ff0 0 0 0f0f0f0f
[W] 010002dc 1 1e 0ff00ff0
[F] 010002e0 00120213
[D] 010002e0 13 04 04 01 0 00 00000001 01
[R] 04 01 00000001 00ff00ff
[E] 010002e0 00000002 0
[M] 010002e0 00000002 0 0 00ff00ff
[W] 010002e0 1 04 00000002
[F] 010002e4 00200293
[D] 010002e4 13 05 00 02 0 00 00000002 02
[R] 00 02 00000000 0f0f0f0f
[E] 010002e4 00000002 0
[M] 010002e4 00000002 0 0 0f0f0f0f
[W] 010002e4 1 05 00000002
[F] 010002e8 fc521ee3
[D] 010002e8 63 1d 04 05 1 7e ffffffdc 05
[R] 04 05 00000002 00000002
[E] 010002e8 010002c4 0
[M] 010002e8 010002c4 0 1 00000002
[W] 010002e8 0 1d 010002c4
[F] 010002ec 0ff01eb7
[D] 010002ec 37 1d 00 1f 1 07 0ff01000 1f
[R] 00 1f 00000000 00000000
[E] 010002ec 0ff01000 0
[M] 010002ec 0ff01000 0 1 00000000
[W] 010002ec 1 1d 0ff01000
[F] 010002f0 ff0e8e93
[D] 010002f0 13 1d 1d 10 0 7f fffffff0 10
[R] 1d 10 0ff01000 00000000
[E] 010002f0 0ff00ff0 0
[M] 010002f0 0ff00ff0 0 0 00000000
[W] 010002f0 1 1d 0ff00ff0
[F] 010002f4 01100193
[D] 010002f4 13 03 00 11 0 00 00000011 11
[R] 00 11 00000000 00000000
[E] 010002f4 00000011 0
[M] 010002f4 00000011 0 0 00000000
[W] 010002f4 1 03 00000011
[F] 010002f8 1ddf1463
[D] 010002f8 63 08 1e 1d 1 0e 000001c8 1d
[R] 1e 1d 0ff00ff0 0ff00ff0
[E] 010002f8 010004c0 0
[M] 010002f8 010004c0 0 1 0ff00ff0
[W] 010002f8 0 08 010004c0
[F] 010002fc 00000213
[D] 010002fc 13 04 00 00 0 00 00000000 00
[R] 00 00 00000000 00000000
[E] 010002fc 00000000 0
[M] 010002fc 00000000 0 0 00000000
[W] 010002fc 1 04 00000000
[F] 01000300 0f0f1137
[D] 01000300 37 02 00 10 1 07 0f0f1000 10
[R] 00 10 00000000 00000000
[E] 01000300 0f0f1000 0
[M] 01000300 0f0f1000 0 1 00000000
[W] 01000300 1 02 0f0f1000
[F] 01000304 f0f10113
[D] 01000304 13 02 02 0f 0 78 ffffff0f 0f
[R] 02 0f 0f0f1000 00000000
[E] 01000304 0f0f0f0f 0
[M] 01000304 0f0f0f0f 0 0 00000000
[W] 01000304 1 02 0f0f0f0f
[F] 01000308 ff0100b7
[D] 01000308 37 01 00 10 0 7f ff010000 10
[R] 00 10 00000000 00000000
[E] 01000308 ff010000 0
[M] 01000308 ff010000 0 0 00000000
[W] 01000308 1 01 ff010000
[F] 0100030c f0008093
[D] 0100030c 13 01 01 00 0 78 ffffff00 00
[R] 01 00 ff010000 00000000
[E] 0100030c ff00ff00 0
[M] 0100030c ff00ff00 0 0 00000000
[W] 0100030c 1 01 ff00ff00
[F] 01000310 0020cf33
[D] 01000310 33 1e 01 02 4 00 00000000 02
[R] 01 02 ff00ff00 0f0f0f0f
[E] 01000310 f00ff00f 0
[M] 01000310 f00ff00f 0 0 0f0f0f0f
[W] 01000310 1 1e f00ff00f
[F] 01000314 00120213
[D] 01000314 13 04 04 01 0 00 00000001 01
[R] 04 01 00000000 ff00ff00
[E] 01000314 00000001 0
[M] 01000314 00000001 0 0 ff00ff00
[W] 01000314 1 04 00000001
[F] 01000318 00200293
[D] 01000318 13 05 00 02 0 00 00000002 02
[R] 00 02 00000000 0f0f0f0f
[E] 01000318 00000002 0
[M] 01000318 00000002 0 0 0f0f0f0f
[W] 01000318 1 05 00000002
[F] 0100031c fe5212e3
[D] 0100031c 63 05 04 05 1 7f ffffffe4 05
[R] 04 05 00000001 00000002
[E] 0100031c 01000300 0
[M] 0100031c 01000300 0 1 00000002
[W] 0100031c 0 05 01000300
[F] 01000300 0f0f1137
[D] 01000300 37 02 00 10 1 07 0f0f1000 10
[R] 00 10 00000000 00000000
[E] 01000300 0f0f1000 0
[M] 01000300 0f0f1000 0 1 00000000
[W] 01000300 1 02 0f0f1000
[F] 01000304 f0f10113
[D] 01000304 13 02 02 0f 0 78 ffffff0f 0f
[R] 02 0f 0f0f1000 00000000
[E] 01000304 0f0f0f0f 0
[M] 01000304 0f0f0f0f 0 0 00000000
[W] 01000304 1 02 0f0f0f0f
[F] 01000308 ff0100b7
[D] 01000308 37 01 00 10 0 7f ff010000 10
[R] 00 10 00000000 00000000
[E] 01000308 ff010000 0
[M] 01000308 ff010000 0 0 00000000
[W] 01000308 1 01 ff010000
[F] 0100030c f0008093
[D] 0100030c 13 01 01 00 0 78 ffffff00 00
[R] 01 00 ff010000 00000000
[E] 0100030c ff00ff00 0
[M] 0100030c ff00ff00 0 0 00000000
[W] 0100030c 1 01 ff00ff00
[F] 01000310 0020cf33
[D] 01000310 33 1e 01 02 4 00 00000000 02
[R] 01 02 ff00ff00 0f0f0f0f
[E] 01000310 f00ff00f 0
[M] 01000310 f00ff00f 0 0 0f0f0f0f
[W] 01000310 1 1e f00ff00f
[F] 01000314 00120213
[D] 01000314 13 04 04 01 0 00 00000001 01
[R] 04 01 00000001 ff00ff00
[E] 01000314 00000002 0
[M] 01000314 00000002 0 0 ff00ff00
[W] 01000314 1 04 00000002
[F] 01000318 00200293
[D] 01000318 13 05 00 02 0 00 00000002 02
[R] 00 02 00000000 0f0f0f0f
[E] 01000318 00000002 0
[M] 01000318 00000002 0 0 0f0f0f0f
[W] 01000318 1 05 00000002
[F] 0100031c fe5212e3
[D] 0100031c 63 05 04 05 1 7f ffffffe4 05
[R] 04 05 00000002 00000002
[E] 0100031c 01000300 0
[M] 0100031c 01000300 0 1 00000002
[W] 0100031c 0 05 01000300
[F] 01000320 f00ffeb7
[D] 01000320 37 1d 00 00 7 78 f00ff000 00
[R] 00 00 00000000 00000000
[E] 01000320 f00ff000 0
[M] 01000320 f00ff000 0 3 00000000
[W] 01000320 1 1d f00ff000
[F] 01000324 00fe8e93
[D] 01000324 13 1d 1d 0f 0 00 0000000f 0f
[R] 1d 0f f00ff000 00000000
[E] 01000324 f00ff00f 0
[M] 01000324 f00ff00f 0 0 00000000
[W] 01000324 1 1d f00ff00f
[F] 01000328 01200193
[D] 01000328 13 03 00 12 0 00 00000012 12
[R] 00 12 00000000 00000000
[E] 01000328 00000012 0
[M] 01000328 00000012 0 0 00000000
[W] 01000328 1 03 00000012
[F] 0100032c 19df1a63
[D] 0100032c 63 14 1e 1d 1 0c 00000194 1d
[R] 1e 1d f00ff00f f00ff00f
[E] 0100032c 010004c0 0
[M] 0100032c 010004c0 0 1 f00ff00f
[W] 0100032c 0 14 010004c0
[F] 01000330 00000213
[D] 01000330 13 04 00 00 0 00 00000000 00
[R] 00 00 00000000 00000000
[E] 01000330 00000000 0
[M] 01000330 00000000 0 0 00000000
[W] 01000330 1 04 00000000
[F] 01000334 f0f0f137
[D] 01000334 37 02 00 0f 7 78 f0f0f000 0f
[R] 00 0f 00000000 00000000
[E] 01000334 f0f0f000 0
[M] 01000334 f0f0f000 0 3 00000000
[W] 01000334 1 02 f0f0f000
[F] 01000338 0f010113
[D] 01000338 13 02 02 10 0 07 000000f0 10
[R] 02 10 f0f0f000 00000000
[E] 01000338 f0f0f0f0 0
[M] 01000338 f0f0f0f0 0 0 00000000
[W] 01000338 1 02 f0f0f0f0
[F] 0100033c 0ff010b7
[D] 0100033c 37 01 00 1f 1 07 0ff01000 1f
[R] 00 1f 00000000 00000000
[E] 0100033c 0ff01000 0
[M] 0100033c 0ff01000 0 1 00000000
[W] 0100033c 1 01 0ff01000
[F] 01000340 ff008093
[D] 01000340 13 01 01 10 0 7f fffffff0 10
[R] 01 10 0ff01000 00000000
[E] 01000340 0ff00ff0 0
[M] 01000340 0ff00ff0 0 0 00000000
[W] 01000340 1 01 0ff00ff0
[F] 01000344 00000013
[D] 01000344 13 00 00 00 0 00 00000000 00
[R] 00 00 00000000 00000000
[E] 01000344 00000000 0
[M] 01000344 00000000 0 0 00000000
[W] 01000344 1 00 00000000
[F] 01000348 0020cf33
[D] 01000348 33 1e 01 02 4 00 00000000 02
[R] 01 02 0ff00ff0 f0f0f0f0
[E] 01000348 ff00ff00 0
[M] 01000348 ff00ff00 0 0 f0f0f0f0
[W] 01000348 1 1e ff00ff00
[F] 0100034c 00120213
[D] 0100034c 13 04 04 01 0 00 00000001 01
[R] 04 01 00000000 0ff00ff0
[E] 0100034c 00000001 0
[M] 0100034c 00000001 0 0 0ff00ff0
[W] 0100034c 1 04 00000001
[F] 01000350 00200293
[D] 01000350 13 05 00 02 0 00 00000002 02
[R] 00 02 00000000 f0f0f0f0
[E] 01000350 00000002 0
[M] 01000350 00000002 0 0 f0f0f0f0
[W] 01000350 1 05 00000002
[F] 01000354 fe5210e3
[D] 01000354 63 01 04 05 1 7f ffffffe0 05
[R] 04 05 00000001 00000002
[E] 01000354 01000334 0
[M] 01000354 01000334 0 1 00000002
[W] 01000354 0 01 01000334
[F] 01000334 f0f0f137
[D] 01000334 37 02 00 0f 7 78 f0f0f000 0f
[R] 00 0f 00000000 00000000
[E] 01000334 f0f0f000 0
[M] 01000334 f0f0f000 0 3 00000000
[W] 01000334 1 02 f0f0f000
[F] 01000338 0f010113
[D] 01000338 13 02 02 10 0 07 000000f0 10
[R] 02 10 f0f0f000 00000000
[E] 01000338 f0f0f0f0 0
[M] 01000338 f0f0f0f0 0 0 00000000
[W] 01000338 1 02 f0f0f0f0
[F] 0100033c 0ff010b7
[D] 0100033c 37 01 00 1f 1 07 0ff01000 1f
[R] 00 1f 00000000 00000000
[E] 0100033c 0ff01000 0
[M] 0100033c 0ff01000 0 1 00000000
[W] 0100033c 1 01 0ff01000
[F] 01000340 ff008093
[D] 01000340 13 01 01 10 0 7f fffffff0 10
[R] 01 10 0ff01000 00000000
[E] 01000340 0ff00ff0 0
[M] 01000340 0ff00ff0 0 0 00000000
[W] 01000340 1 01 0ff00ff0
[F] 01000344 00000013
[D] 01000344 13 00 00 00 0 00 00000000 00
[R] 00 00 00000000 00000000
[E] 01000344 00000000 0
[M] 01000344 00000000 0 0 00000000
[W] 01000344 1 00 00000000
[F] 01000348 0020cf33
[D] 01000348 33 1e 01 02 4 00 00000000 02
[R] 01 02 0ff00ff0 f0f0f0f0
[E] 01000348 ff00ff00 0
[M] 01000348 ff00ff00 0 0 f0f0f0f0
[W] 01000348 1 1e ff00ff00
[F] 0100034c 00120213
[D] 0100034c 13 04 04 01 0 00 00000001 01
[R] 04 01 00000001 0ff00ff0
[E] 0100034c 00000002 0
[M] 0100034c 00000002 0 0 0ff00ff0
[W] 0100034c 1 04 00000002
[F] 01000350 00200293
[D] 01000350 13 05 00 02 0 00 00000002 02
[R] 00 02 00000000 f0f0f0f0
[E] 01000350 00000002 0
[M] 01000350 00000002 0 0 f0f0f0f0
[W] 01000350 1 05 00000002
[F] 01000354 fe5210e3
[D] 01000354 63 01 04 05 1 7f ffffffe0 05
[R] 04 05 00000002 00000002
[E] 01000354 01000334 0
[M] 01000354 01000334 0 1 00000002
[W] 01000354 0 01 01000334
[F] 01000358 ff010eb7
[D] 01000358 37 1d 00 10 0 7f ff010000 10
[R] 00 10 00000000 00000000
[E] 01000358 ff010000 0
[M] 01000358 ff010000 0 0 00000000
[W] 01000358 1 1d ff010000
[F] 0100035c f00e8e93
[D] 0100035c 13 1d 1d 00 0 78 ffffff00 00
[R] 1d 00 ff010000 00000000
[E] 0100035c ff00ff00 0
[M] 0100035c ff00ff00 0 0 00000000
[W] 0100035c 1 1d ff00ff00
[F] 01000360 01300193
[D] 01000360 13 03 00 13 0 00 00000013 13
[R] 00 13 00000000 00000000
[E] 01000360 00000013 0
[M] 01000360 00000013 0 0 00000000
[W] 01000360 1 03 00000013
[F] 01000364 15df1e63
[D] 01000364 63 1c 1e 1d 1 0a 0000015c 1d
[R] 1e 1d ff00ff00 ff00ff00
[E] 01000364 010004c0 0
[M] 01000364 010004c0 0 1 ff00ff00
[W] 01000364 0 1c 010004c0
[F] 01000368 00000213
[D] 01000368 13 04 00 00 0 00 00000000 00
[R] 00 00 00000000 00000000
[E] 01000368 00000000 0
[M] 01000368 00000000 0 0 00000000
[W] 01000368 1 04 00000000
[F] 0100036c 0f0f1137
[D] 0100036c 37 02 00 10 1 07 0f0f1000 10
[R] 00 10 00000000 00000000
[E] 0100036c 0f0f1000 0
[M] 0100036c 0f0f1000 0 1 00000000
[W] 0100036c 1 02 0f0f1000
[F] 01000370 f0f10113
[D] 01000370 13 02 02 0f 0 78 ffffff0f 0f
[R] 02 0f 0f0f1000 00000000
[E] 01000370 0f0f0f0f 0
[M] 01000370 0f0f0f0f 0 0 00000000
[W] 01000370 1 02 0f0f0f0f
[F] 01000374 00ff00b7
[D] 01000374 37 01 00 0f 0 00 00ff0000 0f
[R] 00 0f 00000000 00000000
[E] 01000374 00ff0000 0
[M] 01000374 00ff0000 0 0 00000000
[W] 01000374 1 01 00ff0000
[F] 01000378 0ff08093
[D] 01000378 13 01 01 1f 0 07 000000ff 1f
[R] 01 1f 00ff0000 00000000
[E] 01000378 00ff00ff 0
[M] 01000378 00ff00ff 0 0 00000000
[W] 01000378 1 01 00ff00ff
[F] 0100037c 00000013
[D] 0100037c 13 00 00 00 0 00 00000000 00
[R] 00 00 00000000 00000000
[E] 0100037c 00000000 0
[M] 0100037c 00000000 0 0 00000000
[W] 0100037c 1 00 00000000
[F] 01000380 00000013
[D] 01000380 13 00 00 00 0 00 00000000 00
[R] 00 00 00000000 00000000
[E] 01000380 00000000 0
[M] 01000380 00000000 0 0 00000000
[W] 01000380 1 00 00000000
[F] 01000384 0020cf33
[D] 01000384 33 1e 01 02 4 00 00000000 02
[R] 01 02 00ff00ff 0f0f0f0f
[E] 01000384 0ff00ff0 0
[M] 01000384 0ff00ff0 0 0 0f0f0f0f
[W] 01000384 1 1e 0ff00ff0
[F] 01000388 00120213
[D] 01000388 13 04 04 01 0 00 00000001 01
[R] 04 01 00000000 00ff00ff
[E] 01000388 00000001 0
[M] 01000388 00000001 0 0 00ff00ff
[W] 01000388 1 04 00000001
[F] 0100038c 00200293
[D] 0100038c 13 05 00 02 0 00 00000002 02
[R] 00 02 00000000 0f0f0f0f
[E] 0100038c 00000002 0
[M] 0100038c 00000002 0 0 0f0f0f0f
[W] 0100038c 1 05 00000002
[F] 01000390 fc521ee3
[D] 01000390 63 1d 04 05 1 7e ffffffdc 05
[R] 04 05 00000001 00000002
[E] 01000390 0100036c 0
[M] 01000390 0100036c 0 1 00000002
[W] 01000390 0 1d 0100036c
[F] 0100036c 0f0f1137
[D] 0100036c 37 02 00 10 1 07 0f0f1000 10
[R] 00 10 00000000 00000000
[E] 0100036c 0f0f1000 0
[M] 0100036c 0f0f1000 0 1 00000000
[W] 0100036c 1 02 0f0f1000
[F] 01000370 f0f10113
[D] 01000370 13 02 02 0f 0 78 ffffff0f 0f
[R] 02 0f 0f0f1000 00000000
[E] 01000370 0f0f0f0f 0
[M] 01000370 0f0f0f0f 0 0 00000000
[W] 01000370 1 02 0f0f0f0f
[F] 01000374 00ff00b7
[D] 01000374 37 01 00 0f 0 00 00ff0000 0f
[R] 00 0f 00000000 00000000
[E] 01000374 00ff0000 0
[M] 01000374 00ff0000 0 0 00000000
[W] 01000374 1 01 00ff0000
[F] 01000378 0ff08093
[D] 01000378 13 01 01 1f 0 07 000000ff 1f
[R] 01 1f 00ff0000 00000000
[E] 01000378 00ff00ff 0
[M] 01000378 00ff00ff 0 0 00000000
[W] 01000378 1 01 00ff00ff
[F] 0100037c 00000013
[D] 0100037c 13 00 00 00 0 00 00000000 00
[R] 00 00 00000000 00000000
[E] 0100037c 00000000 0
[M] 0100037c 00000000 0 0 00000000
[W] 0100037c 1 00 00000000
[F] 01000380 00000013
[D] 01000380 13 00 00 00 0 00 00000000 00
[R] 00 00 00000000 00000000
[E] 01000380 00000000 0
[M] 01000380 00000000 0 0 00000000
[W] 01000380 1 00 00000000
[F] 01000384 0020cf33
[D] 01000384 33 1e 01 02 4 00 00000000 02
[R] 01 02 00ff00ff 0f0f0f0f
[E] 01000384 0ff00ff0 0
[M] 01000384 0ff00ff0 0 0 0f0f0f0f
[W] 01000384 1 1e 0ff00ff0
[F] 01000388 00120213
[D] 01000388 13 04 04 01 0 00 00000001 01
[R] 04 01 00000001 00ff00ff
[E] 01000388 00000002 0
[M] 01000388 00000002 0 0 00ff00ff
[W] 01000388 1 04 00000002
[F] 0100038c 00200293
[D] 0100038c 13 05 00 02 0 00 00000002 02
[R] 00 02 00000000 0f0f0f0f
[E] 0100038c 00000002 0
[M] 0100038c 00000002 0 0 0f0f0f0f
[W] 0100038c 1 05 00000002
[F] 01000390 fc521ee3
[D] 01000390 63 1d 04 05 1 7e ffffffdc 05
[R] 04 05 00000002 00000002
[E] 01000390 0100036c 0
[M] 01000390 0100036c 0 1 00000002
[W] 01000390 0 1d 0100036c
[F] 01000394 0ff01eb7
[D] 01000394 37 1d 00 1f 1 07 0ff01000 1f
[R] 00 1f 00000000 00000000
[E] 01000394 0ff01000 0
[M] 01000394 0ff01000 0 1 00000000
[W] 01000394 1 1d 0ff01000
[F] 01000398 ff0e8e93
[D] 01000398 13 1d 1d 10 0 7f fffffff0 10
[R] 1d 10 0ff01000 00000000
[E] 01000398 0ff00ff0 0
[M] 01000398 0ff00ff0 0 0 00000000
[W] 01000398 1 1d 0ff00ff0
[F] 0100039c 01400193
[D] 0100039c 13 03 00 14 0 00 00000014 14
[R] 00 14 00000000 00000000
[E] 0100039c 00000014 0
[M] 0100039c 00000014 0 0 00000000
[W] 0100039c 1 03 00000014
[F] 010003a0 13df1063
[D] 010003a0 63 00 1e 1d 1 09 00000120 1d
[R] 1e 1d 0ff00ff0 0ff00ff0
[E] 010003a0 010004c0 0
[M] 010003a0 010004c0 0 1 0ff00ff0
[W] 010003a0 0 00 010004c0
[F] 010003a4 00000213
[D] 010003a4 13 04 00 00 0 00 00000000 00
[R] 00 00 00000000 00000000
[E] 010003a4 00000000 0
[M] 010003a4 00000000 0 0 00000000
[W] 010003a4 1 04 00000000
[F] 010003a8 0f0f1137
[D] 010003a8 37 02 00 10 1 07 0f0f1000 10
[R] 00 10 00000000 00000000
[E] 010003a8 0f0f1000 0
[M] 010003a8 0f0f1000 0 1 00000000
[W] 010003a8 1 02 0f0f1000
[F] 010003ac f0f10113
[D] 010003ac 13 02 02 0f 0 78 ffffff0f 0f
[R] 02 0f 0f0f1000 00000000
[E] 010003ac 0f0f0f0f 0
[M] 010003ac 0f0f0f0f 0 0 00000000
[W] 010003ac 1 02 0f0f0f0f
[F] 010003b0 00000013
[D] 010003b0 13 00 00 00 0 00 00000000 00
[R] 00 00 00000000 00000000
[E] 010003b0 00000000 0
[M] 010003b0 00000000 0 0 00000000
[W] 010003b0 1 00 00000000
[F] 010003b4 ff0100b7
[D] 010003b4 37 01 00 10 0 7f ff010000 10
[R] 00 10 00000000 00000000
[E] 010003b4 ff010000 0
[M] 010003b4 ff010000 0 0 00000000
[W] 010003b4 1 01 ff010000
[F] 010003b8 f0008093
[D] 010003b8 13 01 01 00 0 78 ffffff00 00
[R] 01 00 ff010000 00000000
[E] 010003b8 ff00ff00 0
[M] 010003b8 ff00ff00 0 0 00000000
[W] 010003b8 1 01 ff00ff00
[F] 010003bc 0020cf33
[D] 010003bc 33 1e 01 02 4 00 00000000 02
[R] 01 02 ff00ff00 0f0f0f0f
[E] 010003bc f00ff00f 0
[M] 010003bc f00ff00f 0 0 0f0f0f0f
[W] 010003bc 1 1e f00ff00f
[F] 010003c0 00120213
[D] 010003c0 13 04 04 01 0 00 00000001 01
[R] 04 01 00000000 ff00ff00
[E] 010003c0 00000001 0
[M] 010003c0 00000001 0 0 ff00ff00
[W] 010003c0 1 04 00000001
[F] 010003c4 00200293
[D] 010003c4 13 05 00 02 0 00 00000002 02
[R] 00 02 00000000 0f0f0f0f
[E] 010003c4 00000002 0
[M] 010003c4 00000002 0 0 0f0f0f0f
[W] 010003c4 1 05 00000002
[F] 010003c8 fe5210e3
[D] 010003c8 63 01 04 05 1 7f ffffffe0 05
[R] 04 05 00000001 00000002
[E] 010003c8 010003a8 0
[M] 010003c8 010003a8 0 1 00000002
[W] 010003c8 0 01 010003a8
[F] 010003a8 0f0f1137
[D] 010003a8 37 02 00 10 1 07 0f0f1000 10
[R] 00 10 00000000 00000000
[E] 010003a8 0f0f1000 0
[M] 010003a8 0f0f1000 0 1 00000000
[W] 010003a8 1 02 0f0f1000
[F] 010003ac f0f10113
[D] 010003ac 13 02 02 0f 0 78 ffffff0f 0f
[R] 02 0f 0f0f1000 00000000
[E] 010003ac 0f0f0f0f 0
[M] 010003ac 0f0f0f0f 0 0 00000000
[W] 010003ac 1 02 0f0f0f0f
[F] 010003b0 00000013
[D] 010003b0 13 00 00 00 0 00 00000000 00
[R] 00 00 00000000 00000000
[E] 010003b0 00000000 0
[M] 010003b0 00000000 0 0 00000000
[W] 010003b0 1 00 00000000
[F] 010003b4 ff0100b7
[D] 010003b4 37 01 00 10 0 7f ff010000 10
[R] 00 10 00000000 00000000
[E] 010003b4 ff010000 0
[M] 010003b4 ff010000 0 0 00000000
[W] 010003b4 1 01 ff010000
[F] 010003b8 f0008093
[D] 010003b8 13 01 01 00 0 78 ffffff00 00
[R] 01 00 ff010000 00000000
[E] 010003b8 ff00ff00 0
[M] 010003b8 ff00ff00 0 0 00000000
[W] 010003b8 1 01 ff00ff00
[F] 010003bc 0020cf33
[D] 010003bc 33 1e 01 02 4 00 00000000 02
[R] 01 02 ff00ff00 0f0f0f0f
[E] 010003bc f00ff00f 0
[M] 010003bc f00ff00f 0 0 0f0f0f0f
[W] 010003bc 1 1e f00ff00f
[F] 010003c0 00120213
[D] 010003c0 13 04 04 01 0 00 00000001 01
[R] 04 01 00000001 ff00ff00
[E] 010003c0 00000002 0
[M] 010003c0 00000002 0 0 ff00ff00
[W] 010003c0 1 04 00000002
[F] 010003c4 00200293
[D] 010003c4 13 05 00 02 0 00 00000002 02
[R] 00 02 00000000 0f0f0f0f
[E] 010003c4 00000002 0
[M] 010003c4 00000002 0 0 0f0f0f0f
[W] 010003c4 1 05 00000002
[F] 010003c8 fe5210e3
[D] 010003c8 63 01 04 05 1 7f ffffffe0 05
[R] 04 05 00000002 00000002
[E] 010003c8 010003a8 0
[M] 010003c8 010003a8 0 1 00000002
[W] 010003c8 0 01 010003a8
[F] 010003cc f00ffeb7
[D] 010003cc 37 1d 00 00 7 78 f00ff000 00
[R] 00 00 00000000 00000000
[E] 010003cc f00ff000 0
[M] 010003cc f00ff000 0 3 00000000
[W] 010003cc 1 1d f00ff000
[F] 010003d0 00fe8e93
[D] 010003d0 13 1d 1d 0f 0 00 0000000f 0f
[R] 1d 0f f00ff000 00000000
[E] 010003d0 f00ff00f 0
[M] 010003d0 f00ff00f 0 0 00000000
[W] 010003d0 1 1d f00ff00f
[F] 010003d4 01500193
[D] 010003d4 13 03 00 15 0 00 00000015 15
[R] 00 15 00000000 00000000
[E] 010003d4 00000015 0
[M] 010003d4 00000015 0 0 00000000
[W] 010003d4 1 03 00000015
[F] 010003d8 0fdf1463
[D] 010003d8 63 08 1e 1d 1 07 000000e8 1d
[R] 1e 1d f00ff00f f00ff00f
[E] 010003d8 010004c0 0
[M] 010003d8 010004c0 0 1 f00ff00f
[W] 010003d8 0 08 010004c0
[F] 010003dc 00000213
[D] 010003dc 13 04 00 00 0 00 00000000 00
[R] 00 00 00000000 00000000
[E] 010003dc 00000000 0
[M] 010003dc 00000000 0 0 00000000
[W] 010003dc 1 04 00000000
[F] 010003e0 f0f0f137
[D] 010003e0 37 02 00 0f 7 78 f0f0f000 0f
[R] 00 0f 00000000 00000000
[E] 010003e0 f0f0f000 0
[M] 010003e0 f0f0f000 0 3 00000000
[W] 010003e0 1 02 f0f0f000
[F] 010003e4 0f010113
[D] 010003e4 13 02 02 10 0 07 000000f0 10
[R] 02 10 f0f0f000 00000000
[E] 010003e4 f0f0f0f0 0
[M] 010003e4 f0f0f0f0 0 0 00000000
[W] 010003e4 1 02 f0f0f0f0
[F] 010003e8 00000013
[D] 010003e8 13 00 00 00 0 00 00000000 00
[R] 00 00 00000000 00000000
[E] 010003e8 00000000 0
[M] 010003e8 00000000 0 0 00000000
[W] 010003e8 1 00 00000000
[F] 010003ec 0ff010b7
[D] 010003ec 37 01 00 1f 1 07 0ff01000 1f
[R] 00 1f 00000000 00000000
[E] 010003ec 0ff01000 0
[M] 010003ec 0ff01000 0 1 00000000
[W] 010003ec 1 01 0ff01000
[F] 010003f0 ff008093
[D] 010003f0 13 01 01 10 0 7f fffffff0 10
[R] 01 10 0ff01000 00000000
[E] 010003f0 0ff00ff0 0
[M] 010003f0 0ff00ff0 0 0 00000000
[W] 010003f0 1 01 0ff00ff0
[F] 010003f4 00000013
[D] 010003f4 13 00 00 00 0 00 00000000 00
[R] 00 00 00000000 00000000
[E] 010003f4 00000000 0
[M] 010003f4 00000000 0 0 00000000
[W] 010003f4 1 00 00000000
[F] 010003f8 0020cf33
[D] 010003f8 33 1e 01 02 4 00 00000000 02
[R] 01 02 0ff00ff0 f0f0f0f0
[E] 010003f8 ff00ff00 0
[M] 010003f8 ff00ff00 0 0 f0f0f0f0
[W] 010003f8 1 1e ff00ff00
[F] 010003fc 00120213
[D] 010003fc 13 04 04 01 0 00 00000001 01
[R] 04 01 00000000 0ff00ff0
[E] 010003fc 00000001 0
[M] 010003fc 00000001 0 0 0ff00ff0
[W] 010003fc 1 04 00000001
[F] 01000400 00200293
[D] 01000400 13 05 00 02 0 00 00000002 02
[R] 00 02 00000000 f0f0f0f0
[E] 01000400 00000002 0
[M] 01000400 00000002 0 0 f0f0f0f0
[W] 01000400 1 05 00000002
[F] 01000404 fc521ee3
[D] 01000404 63 1d 04 05 1 7e ffffffdc 05
[R] 04 05 00000001 00000002
[E] 01000404 010003e0 0
[M] 01000404 010003e0 0 1 00000002
[W] 01000404 0 1d 010003e0
[F] 010003e0 f0f0f137
[D] 010003e0 37 02 00 0f 7 78 f0f0f000 0f
[R] 00 0f 00000000 00000000
[E] 010003e0 f0f0f000 0
[M] 010003e0 f0f0f000 0 3 00000000
[W] 010003e0 1 02 f0f0f000
[F] 010003e4 0f010113
[D] 010003e4 13 02 02 10 0 07 000000f0 10
[R] 02 10 f0f0f000 00000000
[E] 010003e4 f0f0f0f0 0
[M] 010003e4 f0f0f0f0 0 0 00000000
[W] 010003e4 1 02 f0f0f0f0
[F] 010003e8 00000013
[D] 010003e8 13 00 00 00 0 00 00000000 00
[R] 00 00 00000000 00000000
[E] 010003e8 00000000 0
[M] 010003e8 00000000 0 0 00000000
[W] 010003e8 1 00 00000000
[F] 010003ec 0ff010b7
[D] 010003ec 37 01 00 1f 1 07 0ff01000 1f
[R] 00 1f 00000000 00000000
[E] 010003ec 0ff01000 0
[M] 010003ec 0ff01000 0 1 00000000
[W] 010003ec 1 01 0ff01000
[F] 010003f0 ff008093
[D] 010003f0 13 01 01 10 0 7f fffffff0 10
[R] 01 10 0ff01000 00000000
[E] 010003f0 0ff00ff0 0
[M] 010003f0 0ff00ff0 0 0 00000000
[W] 010003f0 1 01 0ff00ff0
[F] 010003f4 00000013
[D] 010003f4 13 00 00 00 0 00 00000000 00
[R] 00 00 00000000 00000000
[E] 010003f4 00000000 0
[M] 010003f4 00000000 0 0 00000000
[W] 010003f4 1 00 00000000
[F] 010003f8 0020cf33
[D] 010003f8 33 1e 01 02 4 00 00000000 02
[R] 01 02 0ff00ff0 f0f0f0f0
[E] 010003f8 ff00ff00 0
[M] 010003f8 ff00ff00 0 0 f0f0f0f0
[W] 010003f8 1 1e ff00ff00
[F] 010003fc 00120213
[D] 010003fc 13 04 04 01 0 00 00000001 01
[R] 04 01 00000001 0ff00ff0
[E] 010003fc 00000002 0
[M] 010003fc 00000002 0 0 0ff00ff0
[W] 010003fc 1 04 00000002
[F] 01000400 00200293
[D] 01000400 13 05 00 02 0 00 00000002 02
[R] 00 02 00000000 f0f0f0f0
[E] 01000400 00000002 0
[M] 01000400 00000002 0 0 f0f0f0f0
[W] 01000400 1 05 00000002
[F] 01000404 fc521ee3
[D] 01000404 63 1d 04 05 1 7e ffffffdc 05
[R] 04 05 00000002 00000002
[E] 01000404 010003e0 0
[M] 01000404 010003e0 0 1 00000002
[W] 01000404 0 1d 010003e0
[F] 01000408 ff010eb7
[D] 01000408 37 1d 00 10 0 7f ff010000 10
[R] 00 10 00000000 00000000
[E] 01000408 ff010000 0
[M] 01000408 ff010000 0 0 00000000
[W] 01000408 1 1d ff010000
[F] 0100040c f00e8e93
[D] 0100040c 13 1d 1d 00 0 78 ffffff00 00
[R] 1d 00 ff010000 00000000
[E] 0100040c ff00ff00 0
[M] 0100040c ff00ff00 0 0 00000000
[W] 0100040c 1 1d ff00ff00
[F] 01000410 01600193
[D] 01000410 13 03 00 16 0 00 00000016 16
[R] 00 16 00000000 00000000
[E] 01000410 00000016 0
[M] 01000410 00000016 0 0 00000000
[W] 01000410 1 03 00000016
[F] 01000414 0bdf1663
[D] 01000414 63 0c 1e 1d 1 05 000000ac 1d
[R] 1e 1d ff00ff00 ff00ff00
[E] 01000414 010004c0 0
[M] 01000414 010004c0 0 1 ff00ff00
[W] 01000414 0 0c 010004c0
[F] 01000418 00000213
[D] 01000418 13 04 00 00 0 00 00000000 00
[R] 00 00 00000000 00000000
[E] 01000418 00000000 0
[M] 01000418 00000000 0 0 00000000
[W] 01000418 1 04 00000000
[F] 0100041c 0f0f1137
[D] 0100041c 37 02 00 10 1 07 0f0f1000 10
[R] 00 10 00000000 00000000
[E] 0100041c 0f0f1000 0
[M] 0100041c 0f0f1000 0 1 00000000
[W] 0100041c 1 02 0f0f1000
[F] 01000420 f0f10113
[D] 01000420 13 02 02 0f 0 78 ffffff0f 0f
[R] 02 0f 0f0f1000 00000000
[E] 01000420 0f0f0f0f 0
[M] 01000420 0f0f0f0f 0 0 00000000
[W] 01000420 1 02 0f0f0f0f
[F] 01000424 00000013
[D] 01000424 13 00 00 00 0 00 00000000 00
[R] 00 00 00000000 00000000
[E] 01000424 00000000 0
[M] 01000424 00000000 0 0 00000000
[W] 01000424 1 00 00000000
[F] 01000428 00000013
[D] 01000428 13 00 00 00 0 00 00000000 00
[R] 00 00 00000000 00000000
[E] 01000428 00000000 0
[M] 01000428 00000000 0 0 00000000
[W] 01000428 1 00 00000000
[F] 0100042c 00ff00b7
[D] 0100042c 37 01 00 0f 0 00 00ff0000 0f
[R] 00 0f 00000000 00000000
[E] 0100042c 00ff0000 0
[M] 0100042c 00ff0000 0 0 00000000
[W] 0100042c 1 01 00ff0000
[F] 01000430 0ff08093
[D] 01000430 13 01 01 1f 0 07 000000ff 1f
[R] 01 1f 00ff0000 00000000
[E] 01000430 00ff00ff 0
[M] 01000430 00ff00ff 0 0 00000000
[W] 01000430 1 01 00ff00ff
[F] 01000434 0020cf33
[D] 01000434 33 1e 01 02 4 00 00000000 02
[R] 01 02 00ff00ff 0f0f0f0f
[E] 01000434 0ff00ff0 0
[M] 01000434 0ff00ff0 0 0 0f0f0f0f
[W] 01000434 1 1e 0ff00ff0
[F] 01000438 00120213
[D] 01000438 13 04 04 01 0 00 00000001 01
[R] 04 01 00000000 00ff00ff
[E] 01000438 00000001 0
[M] 01000438 00000001 0 0 00ff00ff
[W] 01000438 1 04 00000001
[F] 0100043c 00200293
[D] 0100043c 13 05 00 02 0 00 00000002 02
[R] 00 02 00000000 0f0f0f0f
[E] 0100043c 00000002 0
[M] 0100043c 00000002 0 0 0f0f0f0f
[W] 0100043c 1 05 00000002
[F] 01000440 fc521ee3
[D] 01000440 63 1d 04 05 1 7e ffffffdc 05
[R] 04 05 00000001 00000002
[E] 01000440 0100041c 0
[M] 01000440 0100041c 0 1 00000002
[W] 01000440 0 1d 0100041c
[F] 0100041c 0f0f1137
[D] 0100041c 37 02 00 10 1 07 0f0f1000 10
[R] 00 10 00000000 00000000
[E] 0100041c 0f0f1000 0
[M] 0100041c 0f0f1000 0 1 00000000
[W] 0100041c 1 02 0f0f1000
[F] 01000420 f0f10113
[D] 01000420 13 02 02 0f 0 78 ffffff0f 0f
[R] 02 0f 0f0f1000 00000000
[E] 01000420 0f0f0f0f 0
[M] 01000420 0f0f0f0f 0 0 00000000
[W] 01000420 1 02 0f0f0f0f
[F] 01000424 00000013
[D] 01000424 13 00 00 00 0 00 00000000 00
[R] 00 00 00000000 00000000
[E] 01000424 00000000 0
[M] 01000424 00000000 0 0 00000000
[W] 01000424 1 00 00000000
[F] 01000428 00000013
[D] 01000428 13 00 00 00 0 00 00000000 00
[R] 00 00 00000000 00000000
[E] 01000428 00000000 0
[M] 01000428 00000000 0 0 00000000
[W] 01000428 1 00 00000000
[F] 0100042c 00ff00b7
[D] 0100042c 37 01 00 0f 0 00 00ff0000 0f
[R] 00 0f 00000000 00000000
[E] 0100042c 00ff0000 0
[M] 0100042c 00ff0000 0 0 00000000
[W] 0100042c 1 01 00ff0000
[F] 01000430 0ff08093
[D] 01000430 13 01 01 1f 0 07 000000ff 1f
[R] 01 1f 00ff0000 00000000
[E] 01000430 00ff00ff 0
[M] 01000430 00ff00ff 0 0 00000000
[W] 01000430 1 01 00ff00ff
[F] 01000434 0020cf33
[D] 01000434 33 1e 01 02 4 00 00000000 02
[R] 01 02 00ff00ff 0f0f0f0f
[E] 01000434 0ff00ff0 0
[M] 01000434 0ff00ff0 0 0 0f0f0f0f
[W] 01000434 1 1e 0ff00ff0
[F] 01000438 00120213
[D] 01000438 13 04 04 01 0 00 00000001 01
[R] 04 01 00000001 00ff00ff
[E] 01000438 00000002 0
[M] 01000438 00000002 0 0 00ff00ff
[W] 01000438 1 04 00000002
[F] 0100043c 00200293
[D] 0100043c 13 05 00 02 0 00 00000002 02
[R] 00 02 00000000 0f0f0f0f
[E] 0100043c 00000002 0
[M] 0100043c 00000002 0 0 0f0f0f0f
[W] 0100043c 1 05 00000002
[F] 01000440 fc521ee3
[D] 01000440 63 1d 04 05 1 7e ffffffdc 05
[R] 04 05 00000002 00000002
[E] 01000440 0100041c 0
[M] 01000440 0100041c 0 1 00000002
[W] 01000440 0 1d 0100041c
[F] 01000444 0ff01eb7
[D] 01000444 37 1d 00 1f 1 07 0ff01000 1f
[R] 00 1f 00000000 00000000
[E] 01000444 0ff01000 0
[M] 01000444 0ff01000 0 1 00000000
[W] 01000444 1 1d 0ff01000
[F] 01000448 ff0e8e93
[D] 01000448 13 1d 1d 10 0 7f fffffff0 10
[R] 1d 10 0ff01000 00000000
[E] 01000448 0ff00ff0 0
[M] 01000448 0ff00ff0 0 0 00000000
[W] 01000448 1 1d 0ff00ff0
[F] 0100044c 01700193
[D] 0100044c 13 03 00 17 0 00 00000017 17
[R] 00 17 00000000 00000000
[E] 0100044c 00000017 0
[M] 0100044c 00000017 0 0 00000000
[W] 0100044c 1 03 00000017
[F] 01000450 07df1863
[D] 01000450 63 10 1e 1d 1 03 00000070 1d
[R] 1e 1d 0ff00ff0 0ff00ff0
[E] 01000450 010004c0 0
[M] 01000450 010004c0 0 1 0ff00ff0
[W] 01000450 0 10 010004c0
[F] 01000454 ff0100b7
[D] 01000454 37 01 00 10 0 7f ff010000 10
[R] 00 10 00000000 00000000
[E] 01000454 ff010000 0
[M] 01000454 ff010000 0 0 00000000
[W] 01000454 1 01 ff010000
[F] 01000458 f0008093
[D] 01000458 13 01 01 00 0 78 ffffff00 00
[R] 01 00 ff010000 00000000
[E] 01000458 ff00ff00 0
[M] 01000458 ff00ff00 0 0 00000000
[W] 01000458 1 01 ff00ff00
[F] 0100045c 00104133
[D] 0100045c 33 02 00 01 4 00 00000000 01
[R] 00 01 00000000 ff00ff00
[E] 0100045c ff00ff00 0
[M] 0100045c ff00ff00 0 0 ff00ff00
[W] 0100045c 1 02 ff00ff00
[F] 01000460 ff010eb7
[D] 01000460 37 1d 00 10 0 7f ff010000 10
[R] 00 10 00000000 00000000
[E] 01000460 ff010000 0
[M] 01000460 ff010000 0 0 00000000
[W] 01000460 1 1d ff010000
[F] 01000464 f00e8e93
[D] 01000464 13 1d 1d 00 0 78 ffffff00 00
[R] 1d 00 ff010000 00000000
[E] 01000464 ff00ff00 0
[M] 01000464 ff00ff00 0 0 00000000
[W] 01000464 1 1d ff00ff00
[F] 01000468 01800193
[D] 01000468 13 03 00 18 0 00 00000018 18
[R] 00 18 00000000 00000000
[E] 01000468 00000018 0
[M] 01000468 00000018 0 0 00000000
[W] 01000468 1 03 00000018
[F] 0100046c 05d11a63
[D] 0100046c 63 14 02 1d 1 02 00000054 1d
[R] 02 1d ff00ff00 ff00ff00
[E] 0100046c 010004c0 0
[M] 0100046c 010004c0 0 1 ff00ff00
[W] 0100046c 0 14 010004c0
[F] 01000470 00ff00b7
[D] 01000470 37 01 00 0f 0 00 00ff0000 0f
[R] 00 0f 00000000 00000000
[E] 01000470 00ff0000 0
[M] 01000470 00ff0000 0 0 00000000
[W] 01000470 1 01 00ff0000
[F] 01000474 0ff08093
[D] 01000474 13 01 01 1f 0 07 000000ff 1f
[R] 01 1f 00ff0000 00000000
[E] 01000474 00ff00ff 0
[M] 01000474 00ff00ff 0 0 00000000
[W] 01000474 1 01 00ff00ff
[F] 01000478 0000c133
[D] 01000478 33 02 01 00 4 00 00000000 00
[R] 01 00 00ff00ff 00000000
[E] 01000478 00ff00ff 0
[M] 01000478 00ff00ff 0 0 00000000
[W] 01000478 1 02 00ff00ff
[F] 0100047c 00ff0eb7
[D] 0100047c 37 1d 00 0f 0 00 00ff0000 0f
[R] 00 0f 00000000 00000000
[E] 0100047c 00ff0000 0
[M] 0100047c 00ff0000 0 0 00000000
[W] 0100047c 1 1d 00ff0000
[F] 01000480 0ffe8e93
[D] 01000480 13 1d 1d 1f 0 07 000000ff 1f
[R] 1d 1f 00ff0000 00000000
[E] 01000480 00ff00ff 0
[M] 01000480 00ff00ff 0 0 00000000
[W] 01000480 1 1d 00ff00ff
[F] 01000484 01900193
[D] 01000484 13 03 00 19 0 00 00000019 19
[R] 00 19 00000000 00000000
[E] 01000484 00000019 0
[M] 01000484 00000019 0 0 00000000
[W] 01000484 1 03 00000019
[F] 01000488 03d11c63
[D] 01000488 63 18 02 1d 1 01 00000038 1d
[R] 02 1d 00ff00ff 00ff00ff
[E] 01000488 010004c0 0
[M] 01000488 010004c0 0 1 00ff00ff
[W] 01000488 0 18 010004c0
[F] 0100048c 000040b3
[D] 0100048c 33 01 00 00 4 00 00000000 00
[R] 00 00 00000000 00000000
[E] 0100048c 00000000 0
[M] 0100048c 00000000 0 0 00000000
[W] 0100048c 1 01 00000000
[F] 01000490 00000e93
[D] 01000490 13 1d 00 00 0 00 00000000 00
[R] 00 00 00000000 00000000
[E] 01000490 00000000 0
[M] 01000490 00000000 0 0 00000000
[W] 01000490 1 1d 00000000
[F] 01000494 01a00193
[D] 01000494 13 03 00 1a 0 00 0000001a 1a
[R] 00 1a 00000000 00000000
[E] 01000494 0000001a 0
[M] 01000494 0000001a 0 0 00000000
[W] 01000494 1 03 0000001a
[F] 01000498 03d09463
[D] 01000498 63 08 01 1d 1 01 00000028 1d
[R] 01 1d 00000000 00000000
[E] 01000498 010004c0 0
[M] 01000498 010004c0 0 1 00000000
[W] 01000498 0 08 010004c0
[F] 0100049c 111110b7
[D] 0100049c 37 01 00 11 1 08 11111000 11
[R] 00 11 00000000 00000000
[E] 0100049c 11111000 0
[M] 0100049c 11111000 0 1 00000000
[W] 0100049c 1 01 11111000
[F] 010004a0 11108093
[D] 010004a0 13 01 01 11 0 08 00000111 11
[R] 01 11 11111000 00000000
[E] 010004a0 11111111 0
[M] 010004a0 11111111 0 0 00000000
[W] 010004a0 1 01 11111111
[F] 010004a4 22222137
[D] 010004a4 37 02 00 02 2 11 22222000 02
[R] 00 02 00000000 00ff00ff
[E] 010004a4 22222000 0
[M] 010004a4 22222000 0 2 00ff00ff
[W] 010004a4 1 02 22222000
[F] 010004a8 22210113
[D] 010004a8 13 02 02 02 0 11 00000222 02
[R] 02 02 22222000 22222000
[E] 010004a8 22222222 0
[M] 010004a8 22222222 0 0 22222000
[W] 010004a8 1 02 22222222
[F] 010004ac 0020c033
[D] 010004ac 33 00 01 02 4 00 00000000 02
[R] 01 02 11111111 22222222
[E] 010004ac 33333333 0
[M] 010004ac 33333333 0 0 22222222
[W] 010004ac 1 00 33333333
[F] 010004b0 00000e93
[D] 010004b0 13 1d 00 00 0 00 00000000 00
[R] 00 00 00000000 00000000
[E] 010004b0 00000000 0
[M] 010004b0 00000000 0 0 00000000
[W] 010004b0 1 1d 00000000
[F] 010004b4 01b00193
[D] 010004b4 13 03 00 1b 0 00 0000001b 1b
[R] 00 1b 00000000 00000000
[E] 010004b4 0000001b 0
[M] 010004b4 0000001b 0 0 00000000
[W] 010004b4 1 03 0000001b
[F] 010004b8 01d01463
[D] 010004b8 63 08 00 1d 1 00 00000008 1d
[R] 00 1d 00000000 00000000
[E] 010004b8 010004c0 0
[M] 010004b8 010004c0 0 1 00000000
[W] 010004b8 0 08 010004c0
[F] 010004bc 00301c63
[D] 010004bc 63 18 00 03 1 00 00000018 03
[R] 00 03 00000000 0000001b
[E] 010004bc 010004d4 0
[M] 010004bc 010004d4 0 1 0000001b
[W] 010004bc 0 18 010004d4
[F] 010004d4 0ff0000f
[D] 010004d4 0f 00 00 1f 0 07 00000000 1f
[R] 00 1f 00000000 00000000
[E] 010004d4 00000000 0
[M] 010004d4 00000000 0 0 00000000
[W] 010004d4 1 00 00000000
[F] 010004d8 00100193
[D] 010004d8 13 03 00 01 0 00 00000001 01
[R] 00 01 00000000 11111111
[E] 010004d8 00000001 0
[M] 010004d8 00000001 0 0 11111111
[W] 010004d8 1 03 00000001
[F] 010004dc 00000073
[D] 010004dc 73 00 00 00 0 00 00000000 00
[R] 00 00 00000000 00000000
[E] 010004dc 00000000 0
[M] 010004dc 00000000 0 0 00000000
[W] 010004dc 0 00 00000000
