[F] 01000000 00000097
[D] 01000000 17 01 00 00 0 00 00000000 00
[R] 00 00 00000000 00000000
[E] 01000000 01000000 0
[M] 01000000 01000000 0 0 00000000
[W] 01000000 1 01 01000000
[F] 01000004 4c408093
[D] 01000004 13 01 01 04 0 26 000004c4 04
[R] 01 04 01000000 00000000
[E] 01000004 010004c4 0
[M] 01000004 010004c4 0 0 00000000
[W] 01000004 1 01 010004c4
[F] 01000008 00aa0137
[D] 01000008 37 02 00 0a 0 00 00aa0000 0a
[R] 00 0a 00000000 00000000
[E] 01000008 00aa0000 0
[M] 01000008 00aa0000 0 0 00000000
[W] 01000008 1 02 00aa0000
[F] 0100000c 0aa10113
[D] 0100000c 13 02 02 0a 0 05 000000aa 0a
[R] 02 0a 00aa0000 00000000
[E] 0100000c 00aa00aa 0
[M] 0100000c 00aa00aa 0 0 00000000
[W] 0100000c 1 02 00aa00aa
[F] 01000010 0020a023
[D] 01000010 23 00 01 02 2 00 00000000 02
[R] 01 02 010004c4 00aa00aa
[E] 01000010 010004c4 0
[M] 01000010 010004c4 1 2 00aa00aa
[W] 01000010 0 00 010004c4
[F] 01000014 0000af03
[D] 01000014 03 1e 01 00 2 00 00000000 00
[R] 01 00 010004c4 00000000
[E] 01000014 010004c4 0
[M] 01000014 010004c4 0 2 00000000
[W] 01000014 1 1e 00aa00aa
[F] 01000018 00aa0eb7
[D] 01000018 37 1d 00 0a 0 00 00aa0000 0a
[R] 00 0a 00000000 00000000
[E] 01000018 00aa0000 0
[M] 01000018 00aa0000 0 0 00000000
[W] 01000018 1 1d 00aa0000
[F] 0100001c 0aae8e93
[D] 0100001c 13 1d 1d 0a 0 05 000000aa 0a
[R] 1d 0a 00aa0000 00000000
[E] 0100001c 00aa00aa 0
[M] 0100001c 00aa00aa 0 0 00000000
[W] 0100001c 1 1d 00aa00aa
[F] 01000020 00200193
[D] 01000020 13 03 00 02 0 00 00000002 02
[R] 00 02 00000000 00aa00aa
[E] 01000020 00000002 0
[M] 01000020 00000002 0 0 00aa00aa
[W] 01000020 1 03 00000002
[F] 01000024 47df1063
[D] 01000024 63 00 1e 1d 1 23 00000460 1d
[R] 1e 1d 00aa00aa 00aa00aa
[E] 01000024 01000484 0
[M] 01000024 01000484 0 1 00aa00aa
[W] 01000024 0 00 01000484
[F] 01000028 00000097
[D] 01000028 17 01 00 00 0 00 00000000 00
[R] 00 00 00000000 00000000
[E] 01000028 01000028 0
[M] 01000028 01000028 0 0 00000000
[W] 01000028 1 01 01000028
[F] 0100002c 49c08093
[D] 0100002c 13 01 01 1c 0 24 0000049c 1c
[R] 01 1c 01000028 00000000
[E] 0100002c 010004c4 0
[M] 0100002c 010004c4 0 0 00000000
[W] 0100002c 1 01 010004c4
[F] 01000030 aa00b137
[D] 01000030 37 02 00 00 3 55 aa00b000 00
[R] 00 00 00000000 00000000
[E] 01000030 aa00b000 0
[M] 01000030 aa00b000 0 3 00000000
[W] 01000030 1 02 aa00b000
[F] 01000034 a0010113
[D] 01000034 13 02 02 00 0 50 fffffa00 00
[R] 02 00 aa00b000 00000000
[E] 01000034 aa00aa00 0
[M] 01000034 aa00aa00 0 0 00000000
[W] 01000034 1 02 aa00aa00
[F] 01000038 0020a223
[D] 01000038 23 04 01 02 2 00 00000004 02
[R] 01 02 010004c4 aa00aa00
[E] 01000038 010004c8 0
[M] 01000038 010004c8 1 2 aa00aa00
[W] 01000038 0 04 010004c8
[F] 0100003c 0040af03
[D] 0100003c 03 1e 01 04 2 00 00000004 04
[R] 01 04 010004c4 00000000
[E] 0100003c 010004c8 0
[M] 0100003c 010004c8 0 2 00000000
[W] 0100003c 1 1e aa00aa00
[F] 01000040 aa00beb7
[D] 01000040 37 1d 00 00 3 55 aa00b000 00
[R] 00 00 00000000 00000000
[E] 01000040 aa00b000 0
[M] 01000040 aa00b000 0 3 00000000
[W] 01000040 1 1d aa00b000
[F] 01000044 a00e8e93
[D] 01000044 13 1d 1d 00 0 50 fffffa00 00
[R] 1d 00 aa00b000 00000000
[E] 01000044 aa00aa00 0
[M] 01000044 aa00aa00 0 0 00000000
[W] 01000044 1 1d aa00aa00
[F] 01000048 00300193
[D] 01000048 13 03 00 03 0 00 00000003 03
[R] 00 03 00000000 00000002
[E] 01000048 00000003 0
[M] 01000048 00000003 0 0 00000002
[W] 01000048 1 03 00000003
[F] 0100004c 43df1c63
[D] 0100004c 63 18 1e 1d 1 21 00000438 1d
[R] 1e 1d aa00aa00 aa00aa00
[E] 0100004c 01000484 0
[M] 0100004c 01000484 0 1 aa00aa00
[W] 0100004c 0 18 01000484
[F] 01000050 00000097
[D] 01000050 17 01 00 00 0 00 00000000 00
[R] 00 00 00000000 00000000
[E] 01000050 01000050 0
[M] 01000050 01000050 0 0 00000000
[W] 01000050 1 01 01000050
[F] 01000054 47408093
[D] 01000054 13 01 01 14 0 23 00000474 14
[R] 01 14 01000050 00000000
[E] 01000054 010004c4 0
[M] 01000054 010004c4 0 0 00000000
[W] 01000054 1 01 010004c4
[F] 01000058 0aa01137
[D] 01000058 37 02 00 0a 1 05 0aa01000 0a
[R] 00 0a 00000000 00000000
[E] 01000058 0aa01000 0
[M] 01000058 0aa01000 0 1 00000000
[W] 01000058 1 02 0aa01000
[F] 0100005c aa010113
[D] 0100005c 13 02 02 00 0 55 fffffaa0 00
[R] 02 00 0aa01000 00000000
[E] 0100005c 0aa00aa0 0
[M] 0100005c 0aa00aa0 0 0 00000000
[W] 0100005c 1 02 0aa00aa0
[F] 01000060 0020a423
[D] 01000060 23 08 01 02 2 00 00000008 02
[R] 01 02 010004c4 0aa00aa0
[E] 01000060 010004cc 0
[M] 01000060 010004cc 1 2 0aa00aa0
[W] 01000060 0 08 010004cc
[F] 01000064 0080af03
[D] 01000064 03 1e 01 08 2 00 00000008 08
[R] 01 08 010004c4 00000000
[E] 01000064 010004cc 0
[M] 01000064 010004cc 0 2 00000000
[W] 01000064 1 1e 0aa00aa0
[F] 01000068 0aa01eb7
[D] 01000068 37 1d 00 0a 1 05 0aa01000 0a
[R] 00 0a 00000000 00000000
[E] 01000068 0aa01000 0
[M] 01000068 0aa01000 0 1 00000000
[W] 01000068 1 1d 0aa01000
[F] 0100006c aa0e8e93
[D] 0100006c 13 1d 1d 00 0 55 fffffaa0 00
[R] 1d 00 0aa01000 00000000
[E] 0100006c 0aa00aa0 0
[M] 0100006c 0aa00aa0 0 0 00000000
[W] 0100006c 1 1d 0aa00aa0
[F] 01000070 00400193
[D] 01000070 13 03 00 04 0 00 00000004 04
[R] 00 04 00000000 00000000
[E] 01000070 00000004 0
[M] 01000070 00000004 0 0 00000000
[W] 01000070 1 03 00000004
[F] 01000074 41df1863
[D] 01000074 63 10 1e 1d 1 20 00000410 1d
[R] 1e 1d 0aa00aa0 0aa00aa0
[E] 01000074 01000484 0
[M] 01000074 01000484 0 1 0aa00aa0
[W] 01000074 0 10 01000484
[F] 01000078 00000097
[D] 01000078 17 01 00 00 0 00 00000000 00
[R] 00 00 00000000 00000000
[E] 01000078 01000078 0
[M] 01000078 01000078 0 0 00000000
[W] 01000078 1 01 01000078
[F] 0100007c 44c08093
[D] 0100007c 13 01 01 0c 0 22 0000044c 0c
[R] 01 0c 01000078 00000000
[E] 0100007c 010004c4 0
[M] 0100007c 010004c4 0 0 00000000
[W] 0100007c 1 01 010004c4
[F] 01000080 a00aa137
[D] 01000080 37 02 00 00 2 50 a00aa000 00
[R] 00 00 00000000 00000000
[E] 01000080 a00aa000 0
[M] 01000080 a00aa000 0 2 00000000
[W] 01000080 1 02 a00aa000
[F] 01000084 00a10113
[D] 01000084 13 02 02 0a 0 00 0000000a 0a
[R] 02 0a a00aa000 00000000
[E] 01000084 a00aa00a 0
[M] 01000084 a00aa00a 0 0 00000000
[W] 01000084 1 02 a00aa00a
[F] 01000088 0020a623
[D] 01000088 23 0c 01 02 2 00 0000000c 02
[R] 01 02 010004c4 a00aa00a
[E] 01000088 010004d0 0
[M] 01000088 010004d0 1 2 a00aa00a
[W] 01000088 0 0c 010004d0
[F] 0100008c 00c0af03
[D] 0100008c 03 1e 01 0c 2 00 0000000c 0c
[R] 01 0c 010004c4 00000000
[E] 0100008c 010004d0 0
[M] 0100008c 010004d0 0 2 00000000
[W] 0100008c 1 1e a00aa00a
[F] 01000090 a00aaeb7
[D] 01000090 37 1d 00 00 2 50 a00aa000 00
[R] 00 00 00000000 00000000
[E] 01000090 a00aa000 0
[M] 01000090 a00aa000 0 2 00000000
[W] 01000090 1 1d a00aa000
[F] 01000094 00ae8e93
[D] 01000094 13 1d 1d 0a 0 00 0000000a 0a
[R] 1d 0a a00aa000 00000000
[E] 01000094 a00aa00a 0
[M] 01000094 a00aa00a 0 0 00000000
[W] 01000094 1 1d a00aa00a
[F] 01000098 00500193
[D] 01000098 13 03 00 05 0 00 00000005 05
[R] 00 05 00000000 00000000
[E] 01000098 00000005 0
[M] 01000098 00000005 0 0 00000000
[W] 01000098 1 03 00000005
[F] 0100009c 3fdf1463
[D] 0100009c 63 08 1e 1d 1 1f 000003e8 1d
[R] 1e 1d a00aa00a a00aa00a
[E] 0100009c 01000484 0
[M] 0100009c 01000484 0 1 a00aa00a
[W] 0100009c 0 08 01000484
[F] 010000a0 00000097
[D] 010000a0 17 01 00 00 0 00 00000000 00
[R] 00 00 00000000 00000000
[E] 010000a0 010000a0 0
[M] 010000a0 010000a0 0 0 00000000
[W] 010000a0 1 01 010000a0
[F] 010000a4 44008093
[D] 010000a4 13 01 01 00 0 22 00000440 00
[R] 01 00 010000a0 00000000
[E] 010000a4 010004e0 0
[M] 010000a4 010004e0 0 0 00000000
[W] 010000a4 1 01 010004e0
[F] 010000a8 00aa0137
[D] 010000a8 37 02 00 0a 0 00 00aa0000 0a
[R] 00 0a 00000000 00000000
[E] 010000a8 00aa0000 0
[M] 010000a8 00aa0000 0 0 00000000
[W] 010000a8 1 02 00aa0000
[F] 010000ac 0aa10113
[D] 010000ac 13 02 02 0a 0 05 000000aa 0a
[R] 02 0a 00aa0000 00000000
[E] 010000ac 00aa00aa 0
[M] 010000ac 00aa00aa 0 0 00000000
[W] 010000ac 1 02 00aa00aa
[F] 010000b0 fe20aa23
[D] 010000b0 23 14 01 02 2 7f fffffff4 02
[R] 01 02 010004e0 00aa00aa
[E] 010000b0 010004d4 0
[M] 010000b0 010004d4 1 2 00aa00aa
[W] 010000b0 0 14 010004d4
[F] 010000b4 ff40af03
[D] 010000b4 03 1e 01 14 2 7f fffffff4 14
[R] 01 14 010004e0 00000000
[E] 010000b4 010004d4 0
[M] 010000b4 010004d4 0 2 00000000
[W] 010000b4 1 1e 00aa00aa
[F] 010000b8 00aa0eb7
[D] 010000b8 37 1d 00 0a 0 00 00aa0000 0a
[R] 00 0a 00000000 00000000
[E] 010000b8 00aa0000 0
[M] 010000b8 00aa0000 0 0 00000000
[W] 010000b8 1 1d 00aa0000
[F] 010000bc 0aae8e93
[D] 010000bc 13 1d 1d 0a 0 05 000000aa 0a
[R] 1d 0a 00aa0000 00000000
[E] 010000bc 00aa00aa 0
[M] 010000bc 00aa00aa 0 0 00000000
[W] 010000bc 1 1d 00aa00aa
[F] 010000c0 00600193
[D] 010000c0 13 03 00 06 0 00 00000006 06
[R] 00 06 00000000 00000000
[E] 010000c0 00000006 0
[M] 010000c0 00000006 0 0 00000000
[W] 010000c0 1 03 00000006
[F] 010000c4 3ddf1063
[D] 010000c4 63 00 1e 1d 1 1e 000003c0 1d
[R] 1e 1d 00aa00aa 00aa00aa
[E] 010000c4 01000484 0
[M] 010000c4 01000484 0 1 00aa00aa
[W] 010000c4 0 00 01000484
[F] 010000c8 00000097
[D] 010000c8 17 01 00 00 0 00 00000000 00
[R] 00 00 00000000 00000000
[E] 010000c8 010000c8 0
[M] 010000c8 010000c8 0 0 00000000
[W] 010000c8 1 01 010000c8
[F] 010000cc 41808093
[D] 010000cc 13 01 01 18 0 20 00000418 18
[R] 01 18 010000c8 00000000
[E] 010000cc 010004e0 0
[M] 010000cc 010004e0 0 0 00000000
[W] 010000cc 1 01 010004e0
[F] 010000d0 aa00b137
[D] 010000d0 37 02 00 00 3 55 aa00b000 00
[R] 00 00 00000000 00000000
[E] 010000d0 aa00b000 0
[M] 010000d0 aa00b000 0 3 00000000
[W] 010000d0 1 02 aa00b000
[F] 010000d4 a0010113
[D] 010000d4 13 02 02 00 0 50 fffffa00 00
[R] 02 00 aa00b000 00000000
[E] 010000d4 aa00aa00 0
[M] 010000d4 aa00aa00 0 0 00000000
[W] 010000d4 1 02 aa00aa00
[F] 010000d8 fe20ac23
[D] 010000d8 23 18 01 02 2 7f fffffff8 02
[R] 01 02 010004e0 aa00aa00
[E] 010000d8 010004d8 0
[M] 010000d8 010004d8 1 2 aa00aa00
[W] 010000d8 0 18 010004d8
[F] 010000dc ff80af03
[D] 010000dc 03 1e 01 18 2 7f fffffff8 18
[R] 01 18 010004e0 00000000
[E] 010000dc 010004d8 0
[M] 010000dc 010004d8 0 2 00000000
[W] 010000dc 1 1e aa00aa00
[F] 010000e0 aa00beb7
[D] 010000e0 37 1d 00 00 3 55 aa00b000 00
[R] 00 00 00000000 00000000
[E] 010000e0 aa00b000 0
[M] 010000e0 aa00b000 0 3 00000000
[W] 010000e0 1 1d aa00b000
[F] 010000e4 a00e8e93
[D] 010000e4 13 1d 1d 00 0 50 fffffa00 00
[R] 1d 00 aa00b000 00000000
[E] 010000e4 aa00aa00 0
[M] 010000e4 aa00aa00 0 0 00000000
[W] 010000e4 1 1d aa00aa00
[F] 010000e8 00700193
[D] 010000e8 13 03 00 07 0 00 00000007 07
[R] 00 07 00000000 00000000
[E] 010000e8 00000007 0
[M] 010000e8 00000007 0 0 00000000
[W] 010000e8 1 03 00000007
[F] 010000ec 39df1c63
[D] 010000ec 63 18 1e 1d 1 1c 00000398 1d
[R] 1e 1d aa00aa00 aa00aa00
[E] 010000ec 01000484 0
[M] 010000ec 01000484 0 1 aa00aa00
[W] 010000ec 0 18 01000484
[F] 010000f0 00000097
[D] 010000f0 17 01 00 00 0 00 00000000 00
[R] 00 00 00000000 00000000
[E] 010000f0 010000f0 0
[M] 010000f0 010000f0 0 0 00000000
[W] 010000f0 1 01 010000f0
[F] 010000f4 3f008093
[D] 010000f4 13 01 01 10 0 1f 000003f0 10
[R] 01 10 010000f0 00000000
[E] 010000f4 010004e0 0
[M] 010000f4 010004e0 0 0 00000000
[W] 010000f4 1 01 010004e0
[F] 010000f8 0aa01137
[D] 010000f8 37 02 00 0a 1 05 0aa01000 0a
[R] 00 0a 00000000 00000000
[E] 010000f8 0aa01000 0
[M] 010000f8 0aa01000 0 1 00000000
[W] 010000f8 1 02 0aa01000
[F] 010000fc aa010113
[D] 010000fc 13 02 02 00 0 55 fffffaa0 00
[R] 02 00 0aa01000 00000000
[E] 010000fc 0aa00aa0 0
[M] 010000fc 0aa00aa0 0 0 00000000
[W] 010000fc 1 02 0aa00aa0
[F] 01000100 fe20ae23
[D] 01000100 23 1c 01 02 2 7f fffffffc 02
[R] 01 02 010004e0 0aa00aa0
[E] 01000100 010004dc 0
[M] 01000100 010004dc 1 2 0aa00aa0
[W] 01000100 0 1c 010004dc
[F] 01000104 ffc0af03
[D] 01000104 03 1e 01 1c 2 7f fffffffc 1c
[R] 01 1c 010004e0 00000000
[E] 01000104 010004dc 0
[M] 01000104 010004dc 0 2 00000000
[W] 01000104 1 1e 0aa00aa0
[F] 01000108 0aa01eb7
[D] 01000108 37 1d 00 0a 1 05 0aa01000 0a
[R] 00 0a 00000000 00000000
[E] 01000108 0aa01000 0
[M] 01000108 0aa01000 0 1 00000000
[W] 01000108 1 1d 0aa01000
[F] 0100010c aa0e8e93
[D] 0100010c 13 1d 1d 00 0 55 fffffaa0 00
[R] 1d 00 0aa01000 00000000
[E] 0100010c 0aa00aa0 0
[M] 0100010c 0aa00aa0 0 0 00000000
[W] 0100010c 1 1d 0aa00aa0
[F] 01000110 00800193
[D] 01000110 13 03 00 08 0 00 00000008 08
[R] 00 08 00000000 00000000
[E] 01000110 00000008 0
[M] 01000110 00000008 0 0 00000000
[W] 01000110 1 03 00000008
[F] 01000114 37df1863
[D] 01000114 63 10 1e 1d 1 1b 00000370 1d
[R] 1e 1d 0aa00aa0 0aa00aa0
[E] 01000114 01000484 0
[M] 01000114 01000484 0 1 0aa00aa0
[W] 01000114 0 10 01000484
[F] 01000118 00000097
[D] 01000118 17 01 00 00 0 00 00000000 00
[R] 00 00 00000000 00000000
[E] 01000118 01000118 0
[M] 01000118 01000118 0 0 00000000
[W] 01000118 1 01 01000118
[F] 0100011c 3c808093
[D] 0100011c 13 01 01 08 0 1e 000003c8 08
[R] 01 08 01000118 00000000
[E] 0100011c 010004e0 0
[M] 0100011c 010004e0 0 0 00000000
[W] 0100011c 1 01 010004e0
[F] 01000120 a00aa137
[D] 01000120 37 02 00 00 2 50 a00aa000 00
[R] 00 00 00000000 00000000
[E] 01000120 a00aa000 0
[M] 01000120 a00aa000 0 2 00000000
[W] 01000120 1 02 a00aa000
[F] 01000124 00a10113
[D] 01000124 13 02 02 0a 0 00 0000000a 0a
[R] 02 0a a00aa000 00000000
[E] 01000124 a00aa00a 0
[M] 01000124 a00aa00a 0 0 00000000
[W] 01000124 1 02 a00aa00a
[F] 01000128 0020a023
[D] 01000128 23 00 01 02 2 00 00000000 02
[R] 01 02 010004e0 a00aa00a
[E] 01000128 010004e0 0
[M] 01000128 010004e0 1 2 a00aa00a
[W] 01000128 0 00 010004e0
[F] 0100012c 0000af03
[D] 0100012c 03 1e 01 00 2 00 00000000 00
[R] 01 00 010004e0 00000000
[E] 0100012c 010004e0 0
[M] 0100012c 010004e0 0 2 00000000
[W] 0100012c 1 1e a00aa00a
[F] 01000130 a00aaeb7
[D] 01000130 37 1d 00 00 2 50 a00aa000 00
[R] 00 00 00000000 00000000
[E] 01000130 a00aa000 0
[M] 01000130 a00aa000 0 2 00000000
[W] 01000130 1 1d a00aa000
[F] 01000134 00ae8e93
[D] 01000134 13 1d 1d 0a 0 00 0000000a 0a
[R] 1d 0a a00aa000 00000000
[E] 01000134 a00aa00a 0
[M] 01000134 a00aa00a 0 0 00000000
[W] 01000134 1 1d a00aa00a
[F] 01000138 00900193
[D] 01000138 13 03 00 09 0 00 00000009 09
[R] 00 09 00000000 00000000
[E] 01000138 00000009 0
[M] 01000138 00000009 0 0 00000000
[W] 01000138 1 03 00000009
[F] 0100013c 35df1463
[D] 0100013c 63 08 1e 1d 1 1a 00000348 1d
[R] 1e 1d a00aa00a a00aa00a
[E] 0100013c 01000484 0
[M] 0100013c 01000484 0 1 a00aa00a
[W] 0100013c 0 08 01000484
[F] 01000140 00000097
[D] 01000140 17 01 00 00 0 00 00000000 00
[R] 00 00 00000000 00000000
[E] 01000140 01000140 0
[M] 01000140 01000140 0 0 00000000
[W] 01000140 1 01 01000140
[F] 01000144 3a408093
[D] 01000144 13 01 01 04 0 1d 000003a4 04
[R] 01 04 01000140 00000000
[E] 01000144 010004e4 0
[M] 01000144 010004e4 0 0 00000000
[W] 01000144 1 01 010004e4
[F] 01000148 12345137
[D] 01000148 37 02 00 03 5 09 12345000 03
[R] 00 03 00000000 00000009
[E] 01000148 12345000 0
[M] 01000148 12345000 0 1 00000009
[W] 01000148 1 02 12345000
[F] 0100014c 67810113
[D] 0100014c 13 02 02 18 0 33 00000678 18
[R] 02 18 12345000 00000000
[E] 0100014c 12345678 0
[M] 0100014c 12345678 0 0 00000000
[W] 0100014c 1 02 12345678
[F] 01000150 fe008213
[D] 01000150 13 04 01 00 0 7f ffffffe0 00
[R] 01 00 010004e4 00000000
[E] 01000150 010004c4 0
[M] 01000150 010004c4 0 0 00000000
[W] 01000150 1 04 010004c4
[F] 01000154 02222023
[D] 01000154 23 00 04 02 2 01 00000020 02
[R] 04 02 010004c4 12345678
[E] 01000154 010004e4 0
[M] 01000154 010004e4 1 2 12345678
[W] 01000154 0 00 010004e4
[F] 01000158 0000a283
[D] 01000158 03 05 01 00 2 00 00000000 00
[R] 01 00 010004e4 00000000
[E] 01000158 010004e4 0
[M] 01000158 010004e4 0 2 00000000
[W] 01000158 1 05 12345678
[F] 0100015c 12345eb7
[D] 0100015c 37 1d 00 03 5 09 12345000 03
[R] 00 03 00000000 00000009
[E] 0100015c 12345000 0
[M] 0100015c 12345000 0 1 00000009
[W] 0100015c 1 1d 12345000
[F] 01000160 678e8e93
[D] 01000160 13 1d 1d 18 0 33 00000678 18
[R] 1d 18 12345000 00000000
[E] 01000160 12345678 0
[M] 01000160 12345678 0 0 00000000
[W] 01000160 1 1d 12345678
[F] 01000164 00a00193
[D] 01000164 13 03 00 0a 0 00 0000000a 0a
[R] 00 0a 00000000 00000000
[E] 01000164 0000000a 0
[M] 01000164 0000000a 0 0 00000000
[W] 01000164 1 03 0000000a
[F] 01000168 31d29e63
[D] 01000168 63 1c 05 1d 1 18 0000031c 1d
[R] 05 1d 12345678 12345678
[E] 01000168 01000484 0
[M] 01000168 01000484 0 1 12345678
[W] 01000168 0 1c 01000484
[F] 0100016c 00000097
[D] 0100016c 17 01 00 00 0 00 00000000 00
[R] 00 00 00000000 00000000
[E] 0100016c 0100016c 0
[M] 0100016c 0100016c 0 0 00000000
[W] 0100016c 1 01 0100016c
[F] 01000170 37808093
[D] 01000170 13 01 01 18 0 1b 00000378 18
[R] 01 18 0100016c 00000000
[E] 01000170 010004e4 0
[M] 01000170 010004e4 0 0 00000000
[W] 01000170 1 01 010004e4
[F] 01000174 58213137
[D] 01000174 37 02 00 02 3 2c 58213000 02
[R] 00 02 00000000 12345678
[E] 01000174 58213000 0
[M] 01000174 58213000 0 3 12345678
[W] 01000174 1 02 58213000
[F] 01000178 09810113
[D] 01000178 13 02 02 18 0 04 00000098 18
[R] 02 18 58213000 00000000
[E] 01000178 58213098 0
[M] 01000178 58213098 0 0 00000000
[W] 01000178 1 02 58213098
[F] 0100017c ffd08093
[D] 0100017c 13 01 01 1d 0 7f fffffffd 1d
[R] 01 1d 010004e4 12345678
[E] 0100017c 010004e1 0
[M] 0100017c 010004e1 0 0 12345678
[W] 0100017c 1 01 010004e1
[F] 01000180 0020a3a3
[D] 01000180 23 07 01 02 2 00 00000007 02
[R] 01 02 010004e1 58213098
[E] 01000180 010004e8 0
[M] 01000180 010004e8 1 2 58213098
[W] 01000180 0 07 010004e8
[F] 01000184 00000217
[D] 01000184 17 04 00 00 0 00 00000000 00
[R] 00 00 00000000 00000000
[E] 01000184 01000184 0
[M] 01000184 01000184 0 0 00000000
[W] 01000184 1 04 01000184
[F] 01000188 36420213
[D] 01000188 13 04 04 04 0 1b 00000364 04
[R] 04 04 01000184 01000184
[E] 01000188 010004e8 0
[M] 01000188 010004e8 0 0 01000184
[W] 01000188 1 04 010004e8
[F] 0100018c 00022283
[D] 0100018c 03 05 04 00 2 00 00000000 00
[R] 04 00 010004e8 00000000
[E] 0100018c 010004e8 0
[M] 0100018c 010004e8 0 2 00000000
[W] 0100018c 1 05 58213098
[F] 01000190 58213eb7
[D] 01000190 37 1d 00 02 3 2c 58213000 02
[R] 00 02 00000000 58213098
[E] 01000190 58213000 0
[M] 01000190 58213000 0 3 58213098
[W] 01000190 1 1d 58213000
[F] 01000194 098e8e93
[D] 01000194 13 1d 1d 18 0 04 00000098 18
[R] 1d 18 58213000 00000000
[E] 01000194 58213098 0
[M] 01000194 58213098 0 0 00000000
[W] 01000194 1 1d 58213098
[F] 01000198 00b00193
[D] 01000198 13 03 00 0b 0 00 0000000b 0b
[R] 00 0b 00000000 00000000
[E] 01000198 0000000b 0
[M] 01000198 0000000b 0 0 00000000
[W] 01000198 1 03 0000000b
[F] 0100019c 2fd29463
[D] 0100019c 63 08 05 1d 1 17 000002e8 1d
[R] 05 1d 58213098 58213098
[E] 0100019c 01000484 0
[M] 0100019c 01000484 0 1 58213098
[W] 0100019c 0 08 01000484
[F] 010001a0 00c00193
[D] 010001a0 13 03 00 0c 0 00 0000000c 0c
[R] 00 0c 00000000 00000000
[E] 010001a0 0000000c 0
[M] 010001a0 0000000c 0 0 00000000
[W] 010001a0 1 03 0000000c
[F] 010001a4 00000213
[D] 010001a4 13 04 00 00 0 00 00000000 00
[R] 00 00 00000000 00000000
[E] 010001a4 00000000 0
[M] 010001a4 00000000 0 0 00000000
[W] 010001a4 1 04 00000000
[F] 010001a8 aabbd0b7
[D] 010001a8 37 01 00 0b 5 55 aabbd000 0b
[R] 00 0b 00000000 00000000
[E] 010001a8 aabbd000 0
[M] 010001a8 aabbd000 0 1 00000000
[W] 010001a8 1 01 aabbd000
[F] 010001ac cdd08093
[D] 010001ac 13 01 01 1d 0 66 fffffcdd 1d
[R] 01 1d aabbd000 58213098
[E] 010001ac aabbccdd 0
[M] 010001ac aabbccdd 0 0 58213098
[W] 010001ac 1 01 aabbccdd
[F] 010001b0 00000117
[D] 010001b0 17 02 00 00 0 00 00000000 00
[R] 00 00 00000000 00000000
[E] 010001b0 010001b0 0
[M] 010001b0 010001b0 0 0 00000000
[W] 010001b0 1 02 010001b0
[F] 010001b4 31410113
[D] 010001b4 13 02 02 14 0 18 00000314 14
[R] 02 14 010001b0 00000000
[E] 010001b4 010004c4 0
[M] 010001b4 010004c4 0 0 00000000
[W] 010001b4 1 02 010004c4
[F] 010001b8 00112023
[D] 010001b8 23 00 02 01 2 00 00000000 01
[R] 02 01 010004c4 aabbccdd
[E] 010001b8 010004c4 0
[M] 010001b8 010004c4 1 2 aabbccdd
[W] 010001b8 0 00 010004c4
[F] 010001bc 00012f03
[D] 010001bc 03 1e 02 00 2 00 00000000 00
[R] 02 00 010004c4 00000000
[E] 010001bc 010004c4 0
[M] 010001bc 010004c4 0 2 00000000
[W] 010001bc 1 1e aabbccdd
[F] 010001c0 aabbdeb7
[D] 010001c0 37 1d 00 0b 5 55 aabbd000 0b
[R] 00 0b 00000000 00000000
[E] 010001c0 aabbd000 0
[M] 010001c0 aabbd000 0 1 00000000
[W] 010001c0 1 1d aabbd000
[F] 010001c4 cdde8e93
[D] 010001c4 13 1d 1d 1d 0 66 fffffcdd 1d
[R] 1d 1d aabbd000 aabbd000
[E] 010001c4 aabbccdd 0
[M] 010001c4 aabbccdd 0 0 aabbd000
[W] 010001c4 1 1d aabbccdd
[F] 010001c8 2bdf1e63
[D] 010001c8 63 1c 1e 1d 1 15 000002bc 1d
[R] 1e 1d aabbccdd aabbccdd
[E] 010001c8 01000484 0
[M] 010001c8 01000484 0 1 aabbccdd
[W] 010001c8 0 1c 01000484
[F] 010001cc 00120213
[D] 010001cc 13 04 04 01 0 00 00000001 01
[R] 04 01 00000000 aabbccdd
[E] 010001cc 00000001 0
[M] 010001cc 00000001 0 0 aabbccdd
[W] 010001cc 1 04 00000001
[F] 010001d0 00200293
[D] 010001d0 13 05 00 02 0 00 00000002 02
[R] 00 02 00000000 010004c4
[E] 010001d0 00000002 0
[M] 010001d0 00000002 0 0 010004c4
[W] 010001d0 1 05 00000002
[F] 010001d4 fc521ae3
[D] 010001d4 63 15 04 05 1 7e ffffffd4 05
[R] 04 05 00000001 00000002
[E] 010001d4 010001a8 0
[M] 010001d4 010001a8 0 1 00000002
[W] 010001d4 0 15 010001a8
[F] 010001a8 aabbd0b7
[D] 010001a8 37 01 00 0b 5 55 aabbd000 0b
[R] 00 0b 00000000 00000000
[E] 010001a8 aabbd000 0
[M] 010001a8 aabbd000 0 1 00000000
[W] 010001a8 1 01 aabbd000
[F] 010001ac cdd08093
[D] 010001ac 13 01 01 1d 0 66 fffffcdd 1d
[R] 01 1d aabbd000 aabbccdd
[E] 010001ac aabbccdd 0
[M] 010001ac aabbccdd 0 0 aabbccdd
[W] 010001ac 1 01 aabbccdd
[F] 010001b0 00000117
[D] 010001b0 17 02 00 00 0 00 00000000 00
[R] 00 00 00000000 00000000
[E] 010001b0 010001b0 0
[M] 010001b0 010001b0 0 0 00000000
[W] 010001b0 1 02 010001b0
[F] 010001b4 31410113
[D] 010001b4 13 02 02 14 0 18 00000314 14
[R] 02 14 010001b0 00000000
[E] 010001b4 010004c4 0
[M] 010001b4 010004c4 0 0 00000000
[W] 010001b4 1 02 010004c4
[F] 010001b8 00112023
[D] 010001b8 23 00 02 01 2 00 00000000 01
[R] 02 01 010004c4 aabbccdd
[E] 010001b8 010004c4 0
[M] 010001b8 010004c4 1 2 aabbccdd
[W] 010001b8 0 00 010004c4
[F] 010001bc 00012f03
[D] 010001bc 03 1e 02 00 2 00 00000000 00
[R] 02 00 010004c4 00000000
[E] 010001bc 010004c4 0
[M] 010001bc 010004c4 0 2 00000000
[W] 010001bc 1 1e aabbccdd
[F] 010001c0 aabbdeb7
[D] 010001c0 37 1d 00 0b 5 55 aabbd000 0b
[R] 00 0b 00000000 00000000
[E] 010001c0 aabbd000 0
[M] 010001c0 aabbd000 0 1 00000000
[W] 010001c0 1 1d aabbd000
[F] 010001c4 cdde8e93
[D] 010001c4 13 1d 1d 1d 0 66 fffffcdd 1d
[R] 1d 1d aabbd000 aabbd000
[E] 010001c4 aabbccdd 0
[M] 010001c4 aabbccdd 0 0 aabbd000
[W] 010001c4 1 1d aabbccdd
[F] 010001c8 2bdf1e63
[D] 010001c8 63 1c 1e 1d 1 15 000002bc 1d
[R] 1e 1d aabbccdd aabbccdd
[E] 010001c8 01000484 0
[M] 010001c8 01000484 0 1 aabbccdd
[W] 010001c8 0 1c 01000484
[F] 010001cc 00120213
[D] 010001cc 13 04 04 01 0 00 00000001 01
[R] 04 01 00000001 aabbccdd
[E] 010001cc 00000002 0
[M] 010001cc 00000002 0 0 aabbccdd
[W] 010001cc 1 04 00000002
[F] 010001d0 00200293
[D] 010001d0 13 05 00 02 0 00 00000002 02
[R] 00 02 00000000 010004c4
[E] 010001d0 00000002 0
[M] 010001d0 00000002 0 0 010004c4
[W] 010001d0 1 05 00000002
[F] 010001d4 fc521ae3
[D] 010001d4 63 15 04 05 1 7e ffffffd4 05
[R] 04 05 00000002 00000002
[E] 010001d4 010001a8 0
[M] 010001d4 010001a8 0 1 00000002
[W] 010001d4 0 15 010001a8
[F] 010001d8 00d00193
[D] 010001d8 13 03 00 0d 0 00 0000000d 0d
[R] 00 0d 00000000 00000000
[E] 010001d8 0000000d 0
[M] 010001d8 0000000d 0 0 00000000
[W] 010001d8 1 03 0000000d
[F] 010001dc 00000213
[D] 010001dc 13 04 00 00 0 00 00000000 00
[R] 00 00 00000000 00000000
[E] 010001dc 00000000 0
[M] 010001dc 00000000 0 0 00000000
[W] 010001dc 1 04 00000000
[F] 010001e0 daabc0b7
[D] 010001e0 37 01 00 0a 4 6d daabc000 0a
[R] 00 0a 00000000 00000000
[E] 010001e0 daabc000 0
[M] 010001e0 daabc000 0 0 00000000
[W] 010001e0 1 01 daabc000
[F] 010001e4 ccd08093
[D] 010001e4 13 01 01 0d 0 66 fffffccd 0d
[R] 01 0d daabc000 00000000
[E] 010001e4 daabbccd 0
[M] 010001e4 daabbccd 0 0 00000000
[W] 010001e4 1 01 daabbccd
[F] 010001e8 00000117
[D] 010001e8 17 02 00 00 0 00 00000000 00
[R] 00 00 00000000 00000000
[E] 010001e8 010001e8 0
[M] 010001e8 010001e8 0 0 00000000
[W] 010001e8 1 02 010001e8
[F] 010001ec 2dc10113
[D] 010001ec 13 02 02 1c 0 16 000002dc 1c
[R] 02 1c 010001e8 00000000
[E] 010001ec 010004c4 0
[M] 010001ec 010004c4 0 0 00000000
[W] 010001ec 1 02 010004c4
[F] 010001f0 00000013
[D] 010001f0 13 00 00 00 0 00 00000000 00
[R] 00 00 00000000 00000000
[E] 010001f0 00000000 0
[M] 010001f0 00000000 0 0 00000000
[W] 010001f0 1 00 00000000
[F] 010001f4 00112223
[D] 010001f4 23 04 02 01 2 00 00000004 01
[R] 02 01 010004c4 daabbccd
[E] 010001f4 010004c8 0
[M] 010001f4 010004c8 1 2 daabbccd
[W] 010001f4 0 04 010004c8
[F] 010001f8 00412f03
[D] 010001f8 03 1e 02 04 2 00 00000004 04
[R] 02 04 010004c4 00000000
[E] 010001f8 010004c8 0
[M] 010001f8 010004c8 0 2 00000000
[W] 010001f8 1 1e daabbccd
[F] 010001fc daabceb7
[D] 010001fc 37 1d 00 0a 4 6d daabc000 0a
[R] 00 0a 00000000 00000000
[E] 010001fc daabc000 0
[M] 010001fc daabc000 0 0 00000000
[W] 010001fc 1 1d daabc000
[F] 01000200 ccde8e93
[D] 01000200 13 1d 1d 0d 0 66 fffffccd 0d
[R] 1d 0d daabc000 00000000
[E] 01000200 daabbccd 0
[M] 01000200 daabbccd 0 0 00000000
[W] 01000200 1 1d daabbccd
[F] 01000204 29df1063
[D] 01000204 63 00 1e 1d 1 14 00000280 1d
[R] 1e 1d daabbccd daabbccd
[E] 01000204 01000484 0
[M] 01000204 01000484 0 1 daabbccd
[W] 01000204 0 00 01000484
[F] 01000208 00120213
[D] 01000208 13 04 04 01 0 00 00000001 01
[R] 04 01 00000000 daabbccd
[E] 01000208 00000001 0
[M] 01000208 00000001 0 0 daabbccd
[W] 01000208 1 04 00000001
[F] 0100020c 00200293
[D] 0100020c 13 05 00 02 0 00 00000002 02
[R] 00 02 00000000 010004c4
[E] 0100020c 00000002 0
[M] 0100020c 00000002 0 0 010004c4
[W] 0100020c 1 05 00000002
[F] 01000210 fc5218e3
[D] 01000210 63 11 04 05 1 7e ffffffd0 05
[R] 04 05 00000001 00000002
[E] 01000210 010001e0 0
[M] 01000210 010001e0 0 1 00000002
[W] 01000210 0 11 010001e0
[F] 010001e0 daabc0b7
[D] 010001e0 37 01 00 0a 4 6d daabc000 0a
[R] 00 0a 00000000 00000000
[E] 010001e0 daabc000 0
[M] 010001e0 daabc000 0 0 00000000
[W] 010001e0 1 01 daabc000
[F] 010001e4 ccd08093
[D] 010001e4 13 01 01 0d 0 66 fffffccd 0d
[R] 01 0d daabc000 00000000
[E] 010001e4 daabbccd 0
[M] 010001e4 daabbccd 0 0 00000000
[W] 010001e4 1 01 daabbccd
[F] 010001e8 00000117
[D] 010001e8 17 02 00 00 0 00 00000000 00
[R] 00 00 00000000 00000000
[E] 010001e8 010001e8 0
[M] 010001e8 010001e8 0 0 00000000
[W] 010001e8 1 02 010001e8
[F] 010001ec 2dc10113
[D] 010001ec 13 02 02 1c 0 16 000002dc 1c
[R] 02 1c 010001e8 00000000
[E] 010001ec 010004c4 0
[M] 010001ec 010004c4 0 0 00000000
[W] 010001ec 1 02 010004c4
[F] 010001f0 00000013
[D] 010001f0 13 00 00 00 0 00 00000000 00
[R] 00 00 00000000 00000000
[E] 010001f0 00000000 0
[M] 010001f0 00000000 0 0 00000000
[W] 010001f0 1 00 00000000
[F] 010001f4 00112223
[D] 010001f4 23 04 02 01 2 00 00000004 01
[R] 02 01 010004c4 daabbccd
[E] 010001f4 010004c8 0
[M] 010001f4 010004c8 1 2 daabbccd
[W] 010001f4 0 04 010004c8
[F] 010001f8 00412f03
[D] 010001f8 03 1e 02 04 2 00 00000004 04
[R] 02 04 010004c4 00000001
[E] 010001f8 010004c8 0
[M] 010001f8 010004c8 0 2 00000001
[W] 010001f8 1 1e daabbccd
[F] 010001fc daabceb7
[D] 010001fc 37 1d 00 0a 4 6d daabc000 0a
[R] 00 0a 00000000 00000000
[E] 010001fc daabc000 0
[M] 010001fc daabc000 0 0 00000000
[W] 010001fc 1 1d daabc000
[F] 01000200 ccde8e93
[D] 01000200 13 1d 1d 0d 0 66 fffffccd 0d
[R] 1d 0d daabc000 00000000
[E] 01000200 daabbccd 0
[M] 01000200 daabbccd 0 0 00000000
[W] 01000200 1 1d daabbccd
[F] 01000204 29df1063
[D] 01000204 63 00 1e 1d 1 14 00000280 1d
[R] 1e 1d daabbccd daabbccd
[E] 01000204 01000484 0
[M] 01000204 01000484 0 1 daabbccd
[W] 01000204 0 00 01000484
[F] 01000208 00120213
[D] 01000208 13 04 04 01 0 00 00000001 01
[R] 04 01 00000001 daabbccd
[E] 01000208 00000002 0
[M] 01000208 00000002 0 0 daabbccd
[W] 01000208 1 04 00000002
[F] 0100020c 00200293
[D] 0100020c 13 05 00 02 0 00 00000002 02
[R] 00 02 00000000 010004c4
[E] 0100020c 00000002 0
[M] 0100020c 00000002 0 0 010004c4
[W] 0100020c 1 05 00000002
[F] 01000210 fc5218e3
[D] 01000210 63 11 04 05 1 7e ffffffd0 05
[R] 04 05 00000002 00000002
[E] 01000210 010001e0 0
[M] 01000210 010001e0 0 1 00000002
[W] 01000210 0 11 010001e0
[F] 01000214 00e00193
[D] 01000214 13 03 00 0e 0 00 0000000e 0e
[R] 00 0e 00000000 00000000
[E] 01000214 0000000e 0
[M] 01000214 0000000e 0 0 00000000
[W] 01000214 1 03 0000000e
[F] 01000218 00000213
[D] 01000218 13 04 00 00 0 00 00000000 00
[R] 00 00 00000000 00000000
[E] 01000218 00000000 0
[M] 01000218 00000000 0 0 00000000
[W] 01000218 1 04 00000000
[F] 0100021c ddaac0b7
[D] 0100021c 37 01 00 1a 4 6e ddaac000 1a
[R] 00 1a 00000000 00000000
[E] 0100021c ddaac000 0
[M] 0100021c ddaac000 0 0 00000000
[W] 0100021c 1 01 ddaac000
[F] 01000220 bcc08093
[D] 01000220 13 01 01 0c 0 5e fffffbcc 0c
[R] 01 0c ddaac000 00000000
[E] 01000220 ddaabbcc 0
[M] 01000220 ddaabbcc 0 0 00000000
[W] 01000220 1 01 ddaabbcc
[F] 01000224 00000117
[D] 01000224 17 02 00 00 0 00 00000000 00
[R] 00 00 00000000 00000000
[E] 01000224 01000224 0
[M] 01000224 01000224 0 0 00000000
[W] 01000224 1 02 01000224
[F] 01000228 2a010113
[D] 01000228 13 02 02 00 0 15 000002a0 00
[R] 02 00 01000224 00000000
[E] 01000228 010004c4 0
[M] 01000228 010004c4 0 0 00000000
[W] 01000228 1 02 010004c4
[F] 0100022c 00000013
[D] 0100022c 13 00 00 00 0 00 00000000 00
[R] 00 00 00000000 00000000
[E] 0100022c 00000000 0
[M] 0100022c 00000000 0 0 00000000
[W] 0100022c 1 00 00000000
[F] 01000230 00000013
[D] 01000230 13 00 00 00 0 00 00000000 00
[R] 00 00 00000000 00000000
[E] 01000230 00000000 0
[M] 01000230 00000000 0 0 00000000
[W] 01000230 1 00 00000000
[F] 01000234 00112423
[D] 01000234 23 08 02 01 2 00 00000008 01
[R] 02 01 010004c4 ddaabbcc
[E] 01000234 010004cc 0
[M] 01000234 010004cc 1 2 ddaabbcc
[W] 01000234 0 08 010004cc
[F] 01000238 00812f03
[D] 01000238 03 1e 02 08 2 00 00000008 08
[R] 02 08 010004c4 00000000
[E] 01000238 010004cc 0
[M] 01000238 010004cc 0 2 00000000
[W] 01000238 1 1e ddaabbcc
[F] 0100023c ddaaceb7
[D] 0100023c 37 1d 00 1a 4 6e ddaac000 1a
[R] 00 1a 00000000 00000000
[E] 0100023c ddaac000 0
[M] 0100023c ddaac000 0 0 00000000
[W] 0100023c 1 1d ddaac000
[F] 01000240 bcce8e93
[D] 01000240 13 1d 1d 0c 0 5e fffffbcc 0c
[R] 1d 0c ddaac000 00000000
[E] 01000240 ddaabbcc 0
[M] 01000240 ddaabbcc 0 0 00000000
[W] 01000240 1 1d ddaabbcc
[F] 01000244 25df1063
[D] 01000244 63 00 1e 1d 1 12 00000240 1d
[R] 1e 1d ddaabbcc ddaabbcc
[E] 01000244 01000484 0
[M] 01000244 01000484 0 1 ddaabbcc
[W] 01000244 0 00 01000484
[F] 01000248 00120213
[D] 01000248 13 04 04 01 0 00 00000001 01
[R] 04 01 00000000 ddaabbcc
[E] 01000248 00000001 0
[M] 01000248 00000001 0 0 ddaabbcc
[W] 01000248 1 04 00000001
[F] 0100024c 00200293
[D] 0100024c 13 05 00 02 0 00 00000002 02
[R] 00 02 00000000 010004c4
[E] 0100024c 00000002 0
[M] 0100024c 00000002 0 0 010004c4
[W] 0100024c 1 05 00000002
[F] 01000250 fc5216e3
[D] 01000250 63 0d 04 05 1 7e ffffffcc 05
[R] 04 05 00000001 00000002
[E] 01000250 0100021c 0
[M] 01000250 0100021c 0 1 00000002
[W] 01000250 0 0d 0100021c
[F] 0100021c ddaac0b7
[D] 0100021c 37 01 00 1a 4 6e ddaac000 1a
[R] 00 1a 00000000 00000000
[E] 0100021c ddaac000 0
[M] 0100021c ddaac000 0 0 00000000
[W] 0100021c 1 01 ddaac000
[F] 01000220 bcc08093
[D] 01000220 13 01 01 0c 0 5e fffffbcc 0c
[R] 01 0c ddaac000 00000000
[E] 01000220 ddaabbcc 0
[M] 01000220 ddaabbcc 0 0 00000000
[W] 01000220 1 01 ddaabbcc
[F] 01000224 00000117
[D] 01000224 17 02 00 00 0 00 00000000 00
[R] 00 00 00000000 00000000
[E] 01000224 01000224 0
[M] 01000224 01000224 0 0 00000000
[W] 01000224 1 02 01000224
[F] 01000228 2a010113
[D] 01000228 13 02 02 00 0 15 000002a0 00
[R] 02 00 01000224 00000000
[E] 01000228 010004c4 0
[M] 01000228 010004c4 0 0 00000000
[W] 01000228 1 02 010004c4
[F] 0100022c 00000013
[D] 0100022c 13 00 00 00 0 00 00000000 00
[R] 00 00 00000000 00000000
[E] 0100022c 00000000 0
[M] 0100022c 00000000 0 0 00000000
[W] 0100022c 1 00 00000000
[F] 01000230 00000013
[D] 01000230 13 00 00 00 0 00 00000000 00
[R] 00 00 00000000 00000000
[E] 01000230 00000000 0
[M] 01000230 00000000 0 0 00000000
[W] 01000230 1 00 00000000
[F] 01000234 00112423
[D] 01000234 23 08 02 01 2 00 00000008 01
[R] 02 01 010004c4 ddaabbcc
[E] 01000234 010004cc 0
[M] 01000234 010004cc 1 2 ddaabbcc
[W] 01000234 0 08 010004cc
[F] 01000238 00812f03
[D] 01000238 03 1e 02 08 2 00 00000008 08
[R] 02 08 010004c4 00000000
[E] 01000238 010004cc 0
[M] 01000238 010004cc 0 2 00000000
[W] 01000238 1 1e ddaabbcc
[F] 0100023c ddaaceb7
[D] 0100023c 37 1d 00 1a 4 6e ddaac000 1a
[R] 00 1a 00000000 00000000
[E] 0100023c ddaac000 0
[M] 0100023c ddaac000 0 0 00000000
[W] 0100023c 1 1d ddaac000
[F] 01000240 bcce8e93
[D] 01000240 13 1d 1d 0c 0 5e fffffbcc 0c
[R] 1d 0c ddaac000 00000000
[E] 01000240 ddaabbcc 0
[M] 01000240 ddaabbcc 0 0 00000000
[W] 01000240 1 1d ddaabbcc
[F] 01000244 25df1063
[D] 01000244 63 00 1e 1d 1 12 00000240 1d
[R] 1e 1d ddaabbcc ddaabbcc
[E] 01000244 01000484 0
[M] 01000244 01000484 0 1 ddaabbcc
[W] 01000244 0 00 01000484
[F] 01000248 00120213
[D] 01000248 13 04 04 01 0 00 00000001 01
[R] 04 01 00000001 ddaabbcc
[E] 01000248 00000002 0
[M] 01000248 00000002 0 0 ddaabbcc
[W] 01000248 1 04 00000002
[F] 0100024c 00200293
[D] 0100024c 13 05 00 02 0 00 00000002 02
[R] 00 02 00000000 010004c4
[E] 0100024c 00000002 0
[M] 0100024c 00000002 0 0 010004c4
[W] 0100024c 1 05 00000002
[F] 01000250 fc5216e3
[D] 01000250 63 0d 04 05 1 7e ffffffcc 05
[R] 04 05 00000002 00000002
[E] 01000250 0100021c 0
[M] 01000250 0100021c 0 1 00000002
[W] 01000250 0 0d 0100021c
[F] 01000254 00f00193
[D] 01000254 13 03 00 0f 0 00 0000000f 0f
[R] 00 0f 00000000 00000000
[E] 01000254 0000000f 0
[M] 01000254 0000000f 0 0 00000000
[W] 01000254 1 03 0000000f
[F] 01000258 00000213
[D] 01000258 13 04 00 00 0 00 00000000 00
[R] 00 00 00000000 00000000
[E] 01000258 00000000 0
[M] 01000258 00000000 0 0 00000000
[W] 01000258 1 04 00000000
[F] 0100025c cddab0b7
[D] 0100025c 37 01 00 1d 3 66 cddab000 1d
[R] 00 1d 00000000 ddaabbcc
[E] 0100025c cddab000 0
[M] 0100025c cddab000 0 3 ddaabbcc
[W] 0100025c 1 01 cddab000
[F] 01000260 bbc08093
[D] 01000260 13 01 01 1c 0 5d fffffbbc 1c
[R] 01 1c cddab000 00000000
[E] 01000260 cddaabbc 0
[M] 01000260 cddaabbc 0 0 00000000
[W] 01000260 1 01 cddaabbc
[F] 01000264 00000013
[D] 01000264 13 00 00 00 0 00 00000000 00
[R] 00 00 00000000 00000000
[E] 01000264 00000000 0
[M] 01000264 00000000 0 0 00000000
[W] 01000264 1 00 00000000
[F] 01000268 00000117
[D] 01000268 17 02 00 00 0 00 00000000 00
[R] 00 00 00000000 00000000
[E] 01000268 01000268 0
[M] 01000268 01000268 0 0 00000000
[W] 01000268 1 02 01000268
[F] 0100026c 25c10113
[D] 0100026c 13 02 02 1c 0 12 0000025c 1c
[R] 02 1c 01000268 00000000
[E] 0100026c 010004c4 0
[M] 0100026c 010004c4 0 0 00000000
[W] 0100026c 1 02 010004c4
[F] 01000270 00112623
[D] 01000270 23 0c 02 01 2 00 0000000c 01
[R] 02 01 010004c4 cddaabbc
[E] 01000270 010004d0 0
[M] 01000270 010004d0 1 2 cddaabbc
[W] 01000270 0 0c 010004d0
[F] 01000274 00c12f03
[D] 01000274 03 1e 02 0c 2 00 0000000c 0c
[R] 02 0c 010004c4 00000000
[E] 01000274 010004d0 0
[M] 01000274 010004d0 0 2 00000000
[W] 01000274 1 1e cddaabbc
[F] 01000278 cddabeb7
[D] 01000278 37 1d 00 1d 3 66 cddab000 1d
[R] 00 1d 00000000 ddaabbcc
[E] 01000278 cddab000 0
[M] 01000278 cddab000 0 3 ddaabbcc
[W] 01000278 1 1d cddab000
[F] 0100027c bbce8e93
[D] 0100027c 13 1d 1d 1c 0 5d fffffbbc 1c
[R] 1d 1c cddab000 00000000
[E] 0100027c cddaabbc 0
[M] 0100027c cddaabbc 0 0 00000000
[W] 0100027c 1 1d cddaabbc
[F] 01000280 21df1263
[D] 01000280 63 04 1e 1d 1 10 00000204 1d
[R] 1e 1d cddaabbc cddaabbc
[E] 01000280 01000484 0
[M] 01000280 01000484 0 1 cddaabbc
[W] 01000280 0 04 01000484
[F] 01000284 00120213
[D] 01000284 13 04 04 01 0 00 00000001 01
[R] 04 01 00000000 cddaabbc
[E] 01000284 00000001 0
[M] 01000284 00000001 0 0 cddaabbc
[W] 01000284 1 04 00000001
[F] 01000288 00200293
[D] 01000288 13 05 00 02 0 00 00000002 02
[R] 00 02 00000000 010004c4
[E] 01000288 00000002 0
[M] 01000288 00000002 0 0 010004c4
[W] 01000288 1 05 00000002
[F] 0100028c fc5218e3
[D] 0100028c 63 11 04 05 1 7e ffffffd0 05
[R] 04 05 00000001 00000002
[E] 0100028c 0100025c 0
[M] 0100028c 0100025c 0 1 00000002
[W] 0100028c 0 11 0100025c
[F] 0100025c cddab0b7
[D] 0100025c 37 01 00 1d 3 66 cddab000 1d
[R] 00 1d 00000000 cddaabbc
[E] 0100025c cddab000 0
[M] 0100025c cddab000 0 3 cddaabbc
[W] 0100025c 1 01 cddab000
[F] 01000260 bbc08093
[D] 01000260 13 01 01 1c 0 5d fffffbbc 1c
[R] 01 1c cddab000 00000000
[E] 01000260 cddaabbc 0
[M] 01000260 cddaabbc 0 0 00000000
[W] 01000260 1 01 cddaabbc
[F] 01000264 00000013
[D] 01000264 13 00 00 00 0 00 00000000 00
[R] 00 00 00000000 00000000
[E] 01000264 00000000 0
[M] 01000264 00000000 0 0 00000000
[W] 01000264 1 00 00000000
[F] 01000268 00000117
[D] 01000268 17 02 00 00 0 00 00000000 00
[R] 00 00 00000000 00000000
[E] 01000268 01000268 0
[M] 01000268 01000268 0 0 00000000
[W] 01000268 1 02 01000268
[F] 0100026c 25c10113
[D] 0100026c 13 02 02 1c 0 12 0000025c 1c
[R] 02 1c 01000268 00000000
[E] 0100026c 010004c4 0
[M] 0100026c 010004c4 0 0 00000000
[W] 0100026c 1 02 010004c4
[F] 01000270 00112623
[D] 01000270 23 0c 02 01 2 00 0000000c 01
[R] 02 01 010004c4 cddaabbc
[E] 01000270 010004d0 0
[M] 01000270 010004d0 1 2 cddaabbc
[W] 01000270 0 0c 010004d0
[F] 01000274 00c12f03
[D] 01000274 03 1e 02 0c 2 00 0000000c 0c
[R] 02 0c 010004c4 00000000
[E] 01000274 010004d0 0
[M] 01000274 010004d0 0 2 00000000
[W] 01000274 1 1e cddaabbc
[F] 01000278 cddabeb7
[D] 01000278 37 1d 00 1d 3 66 cddab000 1d
[R] 00 1d 00000000 cddaabbc
[E] 01000278 cddab000 0
[M] 01000278 cddab000 0 3 cddaabbc
[W] 01000278 1 1d cddab000
[F] 0100027c bbce8e93
[D] 0100027c 13 1d 1d 1c 0 5d fffffbbc 1c
[R] 1d 1c cddab000 00000000
[E] 0100027c cddaabbc 0
[M] 0100027c cddaabbc 0 0 00000000
[W] 0100027c 1 1d cddaabbc
[F] 01000280 21df1263
[D] 01000280 63 04 1e 1d 1 10 00000204 1d
[R] 1e 1d cddaabbc cddaabbc
[E] 01000280 01000484 0
[M] 01000280 01000484 0 1 cddaabbc
[W] 01000280 0 04 01000484
[F] 01000284 00120213
[D] 01000284 13 04 04 01 0 00 00000001 01
[R] 04 01 00000001 cddaabbc
[E] 01000284 00000002 0
[M] 01000284 00000002 0 0 cddaabbc
[W] 01000284 1 04 00000002
[F] 01000288 00200293
[D] 01000288 13 05 00 02 0 00 00000002 02
[R] 00 02 00000000 010004c4
[E] 01000288 00000002 0
[M] 01000288 00000002 0 0 010004c4
[W] 01000288 1 05 00000002
[F] 0100028c fc5218e3
[D] 0100028c 63 11 04 05 1 7e ffffffd0 05
[R] 04 05 00000002 00000002
[E] 0100028c 0100025c 0
[M] 0100028c 0100025c 0 1 00000002
[W] 0100028c 0 11 0100025c
[F] 01000290 01000193
[D] 01000290 13 03 00 10 0 00 00000010 10
[R] 00 10 00000000 00000000
[E] 01000290 00000010 0
[M] 01000290 00000010 0 0 00000000
[W] 01000290 1 03 00000010
[F] 01000294 00000213
[D] 01000294 13 04 00 00 0 00 00000000 00
[R] 00 00 00000000 00000000
[E] 01000294 00000000 0
[M] 01000294 00000000 0 0 00000000
[W] 01000294 1 04 00000000
[F] 01000298 ccddb0b7
[D] 01000298 37 01 00 0d 3 66 ccddb000 0d
[R] 00 0d 00000000 00000000
[E] 01000298 ccddb000 0
[M] 01000298 ccddb000 0 3 00000000
[W] 01000298 1 01 ccddb000
[F] 0100029c abb08093
[D] 0100029c 13 01 01 1b 0 55 fffffabb 1b
[R] 01 1b ccddb000 00000000
[E] 0100029c ccddaabb 0
[M] 0100029c ccddaabb 0 0 00000000
[W] 0100029c 1 01 ccddaabb
[F] 010002a0 00000013
[D] 010002a0 13 00 00 00 0 00 00000000 00
[R] 00 00 00000000 00000000
[E] 010002a0 00000000 0
[M] 010002a0 00000000 0 0 00000000
[W] 010002a0 1 00 00000000
[F] 010002a4 00000117
[D] 010002a4 17 02 00 00 0 00 00000000 00
[R] 00 00 00000000 00000000
[E] 010002a4 010002a4 0
[M] 010002a4 010002a4 0 0 00000000
[W] 010002a4 1 02 010002a4
[F] 010002a8 22010113
[D] 010002a8 13 02 02 00 0 11 00000220 00
[R] 02 00 010002a4 00000000
[E] 010002a8 010004c4 0
[M] 010002a8 010004c4 0 0 00000000
[W] 010002a8 1 02 010004c4
[F] 010002ac 00000013
[D] 010002ac 13 00 00 00 0 00 00000000 00
[R] 00 00 00000000 00000000
[E] 010002ac 00000000 0
[M] 010002ac 00000000 0 0 00000000
[W] 010002ac 1 00 00000000
[F] 010002b0 00112823
[D] 010002b0 23 10 02 01 2 00 00000010 01
[R] 02 01 010004c4 ccddaabb
[E] 010002b0 010004d4 0
[M] 010002b0 010004d4 1 2 ccddaabb
[W] 010002b0 0 10 010004d4
[F] 010002b4 01012f03
[D] 010002b4 03 1e 02 10 2 00 00000010 10
[R] 02 10 010004c4 00000000
[E] 010002b4 010004d4 0
[M] 010002b4 010004d4 0 2 00000000
[W] 010002b4 1 1e ccddaabb
[F] 010002b8 ccddbeb7
[D] 010002b8 37 1d 00 0d 3 66 ccddb000 0d
[R] 00 0d 00000000 00000000
[E] 010002b8 ccddb000 0
[M] 010002b8 ccddb000 0 3 00000000
[W] 010002b8 1 1d ccddb000
[F] 010002bc abbe8e93
[D] 010002bc 13 1d 1d 1b 0 55 fffffabb 1b
[R] 1d 1b ccddb000 00000000
[E] 010002bc ccddaabb 0
[M] 010002bc ccddaabb 0 0 00000000
[W] 010002bc 1 1d ccddaabb
[F] 010002c0 1ddf1263
[D] 010002c0 63 04 1e 1d 1 0e 000001c4 1d
[R] 1e 1d ccddaabb ccddaabb
[E] 010002c0 01000484 0
[M] 010002c0 01000484 0 1 ccddaabb
[W] 010002c0 0 04 01000484
[F] 010002c4 00120213
[D] 010002c4 13 04 04 01 0 00 00000001 01
[R] 04 01 00000000 ccddaabb
[E] 010002c4 00000001 0
[M] 010002c4 00000001 0 0 ccddaabb
[W] 010002c4 1 04 00000001
[F] 010002c8 00200293
[D] 010002c8 13 05 00 02 0 00 00000002 02
[R] 00 02 00000000 010004c4
[E] 010002c8 00000002 0
[M] 010002c8 00000002 0 0 010004c4
[W] 010002c8 1 05 00000002
[F] 010002cc fc5216e3
[D] 010002cc 63 0d 04 05 1 7e ffffffcc 05
[R] 04 05 00000001 00000002
[E] 010002cc 01000298 0
[M] 010002cc 01000298 0 1 00000002
[W] 010002cc 0 0d 01000298
[F] 01000298 ccddb0b7
[D] 01000298 37 01 00 0d 3 66 ccddb000 0d
[R] 00 0d 00000000 00000000
[E] 01000298 ccddb000 0
[M] 01000298 ccddb000 0 3 00000000
[W] 01000298 1 01 ccddb000
[F] 0100029c abb08093
[D] 0100029c 13 01 01 1b 0 55 fffffabb 1b
[R] 01 1b ccddb000 00000000
[E] 0100029c ccddaabb 0
[M] 0100029c ccddaabb 0 0 00000000
[W] 0100029c 1 01 ccddaabb
[F] 010002a0 00000013
[D] 010002a0 13 00 00 00 0 00 00000000 00
[R] 00 00 00000000 00000000
[E] 010002a0 00000000 0
[M] 010002a0 00000000 0 0 00000000
[W] 010002a0 1 00 00000000
[F] 010002a4 00000117
[D] 010002a4 17 02 00 00 0 00 00000000 00
[R] 00 00 00000000 00000000
[E] 010002a4 010002a4 0
[M] 010002a4 010002a4 0 0 00000000
[W] 010002a4 1 02 010002a4
[F] 010002a8 22010113
[D] 010002a8 13 02 02 00 0 11 00000220 00
[R] 02 00 010002a4 00000000
[E] 010002a8 010004c4 0
[M] 010002a8 010004c4 0 0 00000000
[W] 010002a8 1 02 010004c4
[F] 010002ac 00000013
[D] 010002ac 13 00 00 00 0 00 00000000 00
[R] 00 00 00000000 00000000
[E] 010002ac 00000000 0
[M] 010002ac 00000000 0 0 00000000
[W] 010002ac 1 00 00000000
[F] 010002b0 00112823
[D] 010002b0 23 10 02 01 2 00 00000010 01
[R] 02 01 010004c4 ccddaabb
[E] 010002b0 010004d4 0
[M] 010002b0 010004d4 1 2 ccddaabb
[W] 010002b0 0 10 010004d4
[F] 010002b4 01012f03
[D] 010002b4 03 1e 02 10 2 00 00000010 10
[R] 02 10 010004c4 00000000
[E] 010002b4 010004d4 0
[M] 010002b4 010004d4 0 2 00000000
[W] 010002b4 1 1e ccddaabb
[F] 010002b8 ccddbeb7
[D] 010002b8 37 1d 00 0d 3 66 ccddb000 0d
[R] 00 0d 00000000 00000000
[E] 010002b8 ccddb000 0
[M] 010002b8 ccddb000 0 3 00000000
[W] 010002b8 1 1d ccddb000
[F] 010002bc abbe8e93
[D] 010002bc 13 1d 1d 1b 0 55 fffffabb 1b
[R] 1d 1b ccddb000 00000000
[E] 010002bc ccddaabb 0
[M] 010002bc ccddaabb 0 0 00000000
[W] 010002bc 1 1d ccddaabb
[F] 010002c0 1ddf1263
[D] 010002c0 63 04 1e 1d 1 0e 000001c4 1d
[R] 1e 1d ccddaabb ccddaabb
[E] 010002c0 01000484 0
[M] 010002c0 01000484 0 1 ccddaabb
[W] 010002c0 0 04 01000484
[F] 010002c4 00120213
[D] 010002c4 13 04 04 01 0 00 00000001 01
[R] 04 01 00000001 ccddaabb
[E] 010002c4 00000002 0
[M] 010002c4 00000002 0 0 ccddaabb
[W] 010002c4 1 04 00000002
[F] 010002c8 00200293
[D] 010002c8 13 05 00 02 0 00 00000002 02
[R] 00 02 00000000 010004c4
[E] 010002c8 00000002 0
[M] 010002c8 00000002 0 0 010004c4
[W] 010002c8 1 05 00000002
[F] 010002cc fc5216e3
[D] 010002cc 63 0d 04 05 1 7e ffffffcc 05
[R] 04 05 00000002 00000002
[E] 010002cc 01000298 0
[M] 010002cc 01000298 0 1 00000002
[W] 010002cc 0 0d 01000298
[F] 010002d0 01100193
[D] 010002d0 13 03 00 11 0 00 00000011 11
[R] 00 11 00000000 00000000
[E] 010002d0 00000011 0
[M] 010002d0 00000011 0 0 00000000
[W] 010002d0 1 03 00000011
[F] 010002d4 00000213
[D] 010002d4 13 04 00 00 0 00 00000000 00
[R] 00 00 00000000 00000000
[E] 010002d4 00000000 0
[M] 010002d4 00000000 0 0 00000000
[W] 010002d4 1 04 00000000
[F] 010002d8 bccde0b7
[D] 010002d8 37 01 00 0c 6 5e bccde000 0c
[R] 00 0c 00000000 00000000
[E] 010002d8 bccde000 0
[M] 010002d8 bccde000 0 2 00000000
[W] 010002d8 1 01 bccde000
[F] 010002dc aab08093
[D] 010002dc 13 01 01 0b 0 55 fffffaab 0b
[R] 01 0b bccde000 00000000
[E] 010002dc bccddaab 0
[M] 010002dc bccddaab 0 0 00000000
[W] 010002dc 1 01 bccddaab
[F] 010002e0 00000013
[D] 010002e0 13 00 00 00 0 00 00000000 00
[R] 00 00 00000000 00000000
[E] 010002e0 00000000 0
[M] 010002e0 00000000 0 0 00000000
[W] 010002e0 1 00 00000000
[F] 010002e4 00000013
[D] 010002e4 13 00 00 00 0 00 00000000 00
[R] 00 00 00000000 00000000
[E] 010002e4 00000000 0
[M] 010002e4 00000000 0 0 00000000
[W] 010002e4 1 00 00000000
[F] 010002e8 00000117
[D] 010002e8 17 02 00 00 0 00 00000000 00
[R] 00 00 00000000 00000000
[E] 010002e8 010002e8 0
[M] 010002e8 010002e8 0 0 00000000
[W] 010002e8 1 02 010002e8
[F] 010002ec 1dc10113
[D] 010002ec 13 02 02 1c 0 0e 000001dc 1c
[R] 02 1c 010002e8 00000000
[E] 010002ec 010004c4 0
[M] 010002ec 010004c4 0 0 00000000
[W] 010002ec 1 02 010004c4
[F] 010002f0 00112a23
[D] 010002f0 23 14 02 01 2 00 00000014 01
[R] 02 01 010004c4 bccddaab
[E] 010002f0 010004d8 0
[M] 010002f0 010004d8 1 2 bccddaab
[W] 010002f0 0 14 010004d8
[F] 010002f4 01412f03
[D] 010002f4 03 1e 02 14 2 00 00000014 14
[R] 02 14 010004c4 00000000
[E] 010002f4 010004d8 0
[M] 010002f4 010004d8 0 2 00000000
[W] 010002f4 1 1e bccddaab
[F] 010002f8 bccdeeb7
[D] 010002f8 37 1d 00 0c 6 5e bccde000 0c
[R] 00 0c 00000000 00000000
[E] 010002f8 bccde000 0
[M] 010002f8 bccde000 0 2 00000000
[W] 010002f8 1 1d bccde000
[F] 010002fc aabe8e93
[D] 010002fc 13 1d 1d 0b 0 55 fffffaab 0b
[R] 1d 0b bccde000 00000000
[E] 010002fc bccddaab 0
[M] 010002fc bccddaab 0 0 00000000
[W] 010002fc 1 1d bccddaab
[F] 01000300 19df1263
[D] 01000300 63 04 1e 1d 1 0c 00000184 1d
[R] 1e 1d bccddaab bccddaab
[E] 01000300 01000484 0
[M] 01000300 01000484 0 1 bccddaab
[W] 01000300 0 04 01000484
[F] 01000304 00120213
[D] 01000304 13 04 04 01 0 00 00000001 01
[R] 04 01 00000000 bccddaab
[E] 01000304 00000001 0
[M] 01000304 00000001 0 0 bccddaab
[W] 01000304 1 04 00000001
[F] 01000308 00200293
[D] 01000308 13 05 00 02 0 00 00000002 02
[R] 00 02 00000000 010004c4
[E] 01000308 00000002 0
[M] 01000308 00000002 0 0 010004c4
[W] 01000308 1 05 00000002
[F] 0100030c fc5216e3
[D] 0100030c 63 0d 04 05 1 7e ffffffcc 05
[R] 04 05 00000001 00000002
[E] 0100030c 010002d8 0
[M] 0100030c 010002d8 0 1 00000002
[W] 0100030c 0 0d 010002d8
[F] 010002d8 bccde0b7
[D] 010002d8 37 01 00 0c 6 5e bccde000 0c
[R] 00 0c 00000000 00000000
[E] 010002d8 bccde000 0
[M] 010002d8 bccde000 0 2 00000000
[W] 010002d8 1 01 bccde000
[F] 010002dc aab08093
[D] 010002dc 13 01 01 0b 0 55 fffffaab 0b
[R] 01 0b bccde000 00000000
[E] 010002dc bccddaab 0
[M] 010002dc bccddaab 0 0 00000000
[W] 010002dc 1 01 bccddaab
[F] 010002e0 00000013
[D] 010002e0 13 00 00 00 0 00 00000000 00
[R] 00 00 00000000 00000000
[E] 010002e0 00000000 0
[M] 010002e0 00000000 0 0 00000000
[W] 010002e0 1 00 00000000
[F] 010002e4 00000013
[D] 010002e4 13 00 00 00 0 00 00000000 00
[R] 00 00 00000000 00000000
[E] 010002e4 00000000 0
[M] 010002e4 00000000 0 0 00000000
[W] 010002e4 1 00 00000000
[F] 010002e8 00000117
[D] 010002e8 17 02 00 00 0 00 00000000 00
[R] 00 00 00000000 00000000
[E] 010002e8 010002e8 0
[M] 010002e8 010002e8 0 0 00000000
[W] 010002e8 1 02 010002e8
[F] 010002ec 1dc10113
[D] 010002ec 13 02 02 1c 0 0e 000001dc 1c
[R] 02 1c 010002e8 00000000
[E] 010002ec 010004c4 0
[M] 010002ec 010004c4 0 0 00000000
[W] 010002ec 1 02 010004c4
[F] 010002f0 00112a23
[D] 010002f0 23 14 02 01 2 00 00000014 01
[R] 02 01 010004c4 bccddaab
[E] 010002f0 010004d8 0
[M] 010002f0 010004d8 1 2 bccddaab
[W] 010002f0 0 14 010004d8
[F] 010002f4 01412f03
[D] 010002f4 03 1e 02 14 2 00 00000014 14
[R] 02 14 010004c4 00000000
[E] 010002f4 010004d8 0
[M] 010002f4 010004d8 0 2 00000000
[W] 010002f4 1 1e bccddaab
[F] 010002f8 bccdeeb7
[D] 010002f8 37 1d 00 0c 6 5e bccde000 0c
[R] 00 0c 00000000 00000000
[E] 010002f8 bccde000 0
[M] 010002f8 bccde000 0 2 00000000
[W] 010002f8 1 1d bccde000
[F] 010002fc aabe8e93
[D] 010002fc 13 1d 1d 0b 0 55 fffffaab 0b
[R] 1d 0b bccde000 00000000
[E] 010002fc bccddaab 0
[M] 010002fc bccddaab 0 0 00000000
[W] 010002fc 1 1d bccddaab
[F] 01000300 19df1263
[D] 01000300 63 04 1e 1d 1 0c 00000184 1d
[R] 1e 1d bccddaab bccddaab
[E] 01000300 01000484 0
[M] 01000300 01000484 0 1 bccddaab
[W] 01000300 0 04 01000484
[F] 01000304 00120213
[D] 01000304 13 04 04 01 0 00 00000001 01
[R] 04 01 00000001 bccddaab
[E] 01000304 00000002 0
[M] 01000304 00000002 0 0 bccddaab
[W] 01000304 1 04 00000002
[F] 01000308 00200293
[D] 01000308 13 05 00 02 0 00 00000002 02
[R] 00 02 00000000 010004c4
[E] 01000308 00000002 0
[M] 01000308 00000002 0 0 010004c4
[W] 01000308 1 05 00000002
[F] 0100030c fc5216e3
[D] 0100030c 63 0d 04 05 1 7e ffffffcc 05
[R] 04 05 00000002 00000002
[E] 0100030c 010002d8 0
[M] 0100030c 010002d8 0 1 00000002
[W] 0100030c 0 0d 010002d8
[F] 01000310 01200193
[D] 01000310 13 03 00 12 0 00 00000012 12
[R] 00 12 00000000 00000000
[E] 01000310 00000012 0
[M] 01000310 00000012 0 0 00000000
[W] 01000310 1 03 00000012
[F] 01000314 00000213
[D] 01000314 13 04 00 00 0 00 00000000 00
[R] 00 00 00000000 00000000
[E] 01000314 00000000 0
[M] 01000314 00000000 0 0 00000000
[W] 01000314 1 04 00000000
[F] 01000318 00000117
[D] 01000318 17 02 00 00 0 00 00000000 00
[R] 00 00 00000000 00000000
[E] 01000318 01000318 0
[M] 01000318 01000318 0 0 00000000
[W] 01000318 1 02 01000318
[F] 0100031c 1ac10113
[D] 0100031c 13 02 02 0c 0 0d 000001ac 0c
[R] 02 0c 01000318 00000000
[E] 0100031c 010004c4 0
[M] 0100031c 010004c4 0 0 00000000
[W] 0100031c 1 02 010004c4
[F] 01000320 001120b7
[D] 01000320 37 01 00 01 2 00 00112000 01
[R] 00 01 00000000 bccddaab
[E] 01000320 00112000 0
[M] 01000320 00112000 0 2 bccddaab
[W] 01000320 1 01 00112000
[F] 01000324 23308093
[D] 01000324 13 01 01 13 0 11 00000233 13
[R] 01 13 00112000 00000000
[E] 01000324 00112233 0
[M] 01000324 00112233 0 0 00000000
[W] 01000324 1 01 00112233
[F] 01000328 00112023
[D] 01000328 23 00 02 01 2 00 00000000 01
[R] 02 01 010004c4 00112233
[E] 01000328 010004c4 0
[M] 01000328 010004c4 1 2 00112233
[W] 01000328 0 00 010004c4
[F] 0100032c 00012f03
[D] 0100032c 03 1e 02 00 2 00 00000000 00
[R] 02 00 010004c4 00000000
[E] 0100032c 010004c4 0
[M] 0100032c 010004c4 0 2 00000000
[W] 0100032c 1 1e 00112233
[F] 01000330 00112eb7
[D] 01000330 37 1d 00 01 2 00 00112000 01
[R] 00 01 00000000 00112233
[E] 01000330 00112000 0
[M] 01000330 00112000 0 2 00112233
[W] 01000330 1 1d 00112000
[F] 01000334 233e8e93
[D] 01000334 13 1d 1d 13 0 11 00000233 13
[R] 1d 13 00112000 00000000
[E] 01000334 00112233 0
[M] 01000334 00112233 0 0 00000000
[W] 01000334 1 1d 00112233
[F] 01000338 15df1663
[D] 01000338 63 0c 1e 1d 1 0a 0000014c 1d
[R] 1e 1d 00112233 00112233
[E] 01000338 01000484 0
[M] 01000338 01000484 0 1 00112233
[W] 01000338 0 0c 01000484
[F] 0100033c 00120213
[D] 0100033c 13 04 04 01 0 00 00000001 01
[R] 04 01 00000000 00112233
[E] 0100033c 00000001 0
[M] 0100033c 00000001 0 0 00112233
[W] 0100033c 1 04 00000001
[F] 01000340 00200293
[D] 01000340 13 05 00 02 0 00 00000002 02
[R] 00 02 00000000 010004c4
[E] 01000340 00000002 0
[M] 01000340 00000002 0 0 010004c4
[W] 01000340 1 05 00000002
[F] 01000344 fc521ae3
[D] 01000344 63 15 04 05 1 7e ffffffd4 05
[R] 04 05 00000001 00000002
[E] 01000344 01000318 0
[M] 01000344 01000318 0 1 00000002
[W] 01000344 0 15 01000318
[F] 01000318 00000117
[D] 01000318 17 02 00 00 0 00 00000000 00
[R] 00 00 00000000 00000000
[E] 01000318 01000318 0
[M] 01000318 01000318 0 0 00000000
[W] 01000318 1 02 01000318
[F] 0100031c 1ac10113
[D] 0100031c 13 02 02 0c 0 0d 000001ac 0c
[R] 02 0c 01000318 00000000
[E] 0100031c 010004c4 0
[M] 0100031c 010004c4 0 0 00000000
[W] 0100031c 1 02 010004c4
[F] 01000320 001120b7
[D] 01000320 37 01 00 01 2 00 00112000 01
[R] 00 01 00000000 00112233
[E] 01000320 00112000 0
[M] 01000320 00112000 0 2 00112233
[W] 01000320 1 01 00112000
[F] 01000324 23308093
[D] 01000324 13 01 01 13 0 11 00000233 13
[R] 01 13 00112000 00000000
[E] 01000324 00112233 0
[M] 01000324 00112233 0 0 00000000
[W] 01000324 1 01 00112233
[F] 01000328 00112023
[D] 01000328 23 00 02 01 2 00 00000000 01
[R] 02 01 010004c4 00112233
[E] 01000328 010004c4 0
[M] 01000328 010004c4 1 2 00112233
[W] 01000328 0 00 010004c4
[F] 0100032c 00012f03
[D] 0100032c 03 1e 02 00 2 00 00000000 00
[R] 02 00 010004c4 00000000
[E] 0100032c 010004c4 0
[M] 0100032c 010004c4 0 2 00000000
[W] 0100032c 1 1e 00112233
[F] 01000330 00112eb7
[D] 01000330 37 1d 00 01 2 00 00112000 01
[R] 00 01 00000000 00112233
[E] 01000330 00112000 0
[M] 01000330 00112000 0 2 00112233
[W] 01000330 1 1d 00112000
[F] 01000334 233e8e93
[D] 01000334 13 1d 1d 13 0 11 00000233 13
[R] 1d 13 00112000 00000000
[E] 01000334 00112233 0
[M] 01000334 00112233 0 0 00000000
[W] 01000334 1 1d 00112233
[F] 01000338 15df1663
[D] 01000338 63 0c 1e 1d 1 0a 0000014c 1d
[R] 1e 1d 00112233 00112233
[E] 01000338 01000484 0
[M] 01000338 01000484 0 1 00112233
[W] 01000338 0 0c 01000484
[F] 0100033c 00120213
[D] 0100033c 13 04 04 01 0 00 00000001 01
[R] 04 01 00000001 00112233
[E] 0100033c 00000002 0
[M] 0100033c 00000002 0 0 00112233
[W] 0100033c 1 04 00000002
[F] 01000340 00200293
[D] 01000340 13 05 00 02 0 00 00000002 02
[R] 00 02 00000000 010004c4
[E] 01000340 00000002 0
[M] 01000340 00000002 0 0 010004c4
[W] 01000340 1 05 00000002
[F] 01000344 fc521ae3
[D] 01000344 63 15 04 05 1 7e ffffffd4 05
[R] 04 05 00000002 00000002
[E] 01000344 01000318 0
[M] 01000344 01000318 0 1 00000002
[W] 01000344 0 15 01000318
[F] 01000348 01300193
[D] 01000348 13 03 00 13 0 00 00000013 13
[R] 00 13 00000000 00000000
[E] 01000348 00000013 0
[M] 01000348 00000013 0 0 00000000
[W] 01000348 1 03 00000013
[F] 0100034c 00000213
[D] 0100034c 13 04 00 00 0 00 00000000 00
[R] 00 00 00000000 00000000
[E] 0100034c 00000000 0
[M] 0100034c 00000000 0 0 00000000
[W] 0100034c 1 04 00000000
[F] 01000350 00000117
[D] 01000350 17 02 00 00 0 00 00000000 00
[R] 00 00 00000000 00000000
[E] 01000350 01000350 0
[M] 01000350 01000350 0 0 00000000
[W] 01000350 1 02 01000350
[F] 01000354 17410113
[D] 01000354 13 02 02 14 0 0b 00000174 14
[R] 02 14 01000350 00000000
[E] 01000354 010004c4 0
[M] 01000354 010004c4 0 0 00000000
[W] 01000354 1 02 010004c4
[F] 01000358 300110b7
[D] 01000358 37 01 00 00 1 18 30011000 00
[R] 00 00 00000000 00000000
[E] 01000358 30011000 0
[M] 01000358 30011000 0 1 00000000
[W] 01000358 1 01 30011000
[F] 0100035c 22308093
[D] 0100035c 13 01 01 03 0 11 00000223 03
[R] 01 03 30011000 00000013
[E] 0100035c 30011223 0
[M] 0100035c 30011223 0 0 00000013
[W] 0100035c 1 01 30011223
[F] 01000360 00000013
[D] 01000360 13 00 00 00 0 00 00000000 00
[R] 00 00 00000000 00000000
[E] 01000360 00000000 0
[M] 01000360 00000000 0 0 00000000
[W] 01000360 1 00 00000000
[F] 01000364 00112223
[D] 01000364 23 04 02 01 2 00 00000004 01
[R] 02 01 010004c4 30011223
[E] 01000364 010004c8 0
[M] 01000364 010004c8 1 2 30011223
[W] 01000364 0 04 010004c8
[F] 01000368 00412f03
[D] 01000368 03 1e 02 04 2 00 00000004 04
[R] 02 04 010004c4 00000000
[E] 01000368 010004c8 0
[M] 01000368 010004c8 0 2 00000000
[W] 01000368 1 1e 30011223
[F] 0100036c 30011eb7
[D] 0100036c 37 1d 00 00 1 18 30011000 00
[R] 00 00 00000000 00000000
[E] 0100036c 30011000 0
[M] 0100036c 30011000 0 1 00000000
[W] 0100036c 1 1d 30011000
[F] 01000370 223e8e93
[D] 01000370 13 1d 1d 03 0 11 00000223 03
[R] 1d 03 30011000 00000013
[E] 01000370 30011223 0
[M] 01000370 30011223 0 0 00000013
[W] 01000370 1 1d 30011223
[F] 01000374 11df1863
[D] 01000374 63 10 1e 1d 1 08 00000110 1d
[R] 1e 1d 30011223 30011223
[E] 01000374 01000484 0
[M] 01000374 01000484 0 1 30011223
[W] 01000374 0 10 01000484
[F] 01000378 00120213
[D] 01000378 13 04 04 01 0 00 00000001 01
[R] 04 01 00000000 30011223
[E] 01000378 00000001 0
[M] 01000378 00000001 0 0 30011223
[W] 01000378 1 04 00000001
[F] 0100037c 00200293
[D] 0100037c 13 05 00 02 0 00 00000002 02
[R] 00 02 00000000 010004c4
[E] 0100037c 00000002 0
[M] 0100037c 00000002 0 0 010004c4
[W] 0100037c 1 05 00000002
[F] 01000380 fc5218e3
[D] 01000380 63 11 04 05 1 7e ffffffd0 05
[R] 04 05 00000001 00000002
[E] 01000380 01000350 0
[M] 01000380 01000350 0 1 00000002
[W] 01000380 0 11 01000350
[F] 01000350 00000117
[D] 01000350 17 02 00 00 0 00 00000000 00
[R] 00 00 00000000 00000000
[E] 01000350 01000350 0
[M] 01000350 01000350 0 0 00000000
[W] 01000350 1 02 01000350
[F] 01000354 17410113
[D] 01000354 13 02 02 14 0 0b 00000174 14
[R] 02 14 01000350 00000000
[E] 01000354 010004c4 0
[M] 01000354 010004c4 0 0 00000000
[W] 01000354 1 02 010004c4
[F] 01000358 300110b7
[D] 01000358 37 01 00 00 1 18 30011000 00
[R] 00 00 00000000 00000000
[E] 01000358 30011000 0
[M] 01000358 30011000 0 1 00000000
[W] 01000358 1 01 30011000
[F] 0100035c 22308093
[D] 0100035c 13 01 01 03 0 11 00000223 03
[R] 01 03 30011000 00000013
[E] 0100035c 30011223 0
[M] 0100035c 30011223 0 0 00000013
[W] 0100035c 1 01 30011223
[F] 01000360 00000013
[D] 01000360 13 00 00 00 0 00 00000000 00
[R] 00 00 00000000 00000000
[E] 01000360 00000000 0
[M] 01000360 00000000 0 0 00000000
[W] 01000360 1 00 00000000
[F] 01000364 00112223
[D] 01000364 23 04 02 01 2 00 00000004 01
[R] 02 01 010004c4 30011223
[E] 01000364 010004c8 0
[M] 01000364 010004c8 1 2 30011223
[W] 01000364 0 04 010004c8
[F] 01000368 00412f03
[D] 01000368 03 1e 02 04 2 00 00000004 04
[R] 02 04 010004c4 00000001
[E] 01000368 010004c8 0
[M] 01000368 010004c8 0 2 00000001
[W] 01000368 1 1e 30011223
[F] 0100036c 30011eb7
[D] 0100036c 37 1d 00 00 1 18 30011000 00
[R] 00 00 00000000 00000000
[E] 0100036c 30011000 0
[M] 0100036c 30011000 0 1 00000000
[W] 0100036c 1 1d 30011000
[F] 01000370 223e8e93
[D] 01000370 13 1d 1d 03 0 11 00000223 03
[R] 1d 03 30011000 00000013
[E] 01000370 30011223 0
[M] 01000370 30011223 0 0 00000013
[W] 01000370 1 1d 30011223
[F] 01000374 11df1863
[D] 01000374 63 10 1e 1d 1 08 00000110 1d
[R] 1e 1d 30011223 30011223
[E] 01000374 01000484 0
[M] 01000374 01000484 0 1 30011223
[W] 01000374 0 10 01000484
[F] 01000378 00120213
[D] 01000378 13 04 04 01 0 00 00000001 01
[R] 04 01 00000001 30011223
[E] 01000378 00000002 0
[M] 01000378 00000002 0 0 30011223
[W] 01000378 1 04 00000002
[F] 0100037c 00200293
[D] 0100037c 13 05 00 02 0 00 00000002 02
[R] 00 02 00000000 010004c4
[E] 0100037c 00000002 0
[M] 0100037c 00000002 0 0 010004c4
[W] 0100037c 1 05 00000002
[F] 01000380 fc5218e3
[D] 01000380 63 11 04 05 1 7e ffffffd0 05
[R] 04 05 00000002 00000002
[E] 01000380 01000350 0
[M] 01000380 01000350 0 1 00000002
[W] 01000380 0 11 01000350
[F] 01000384 01400193
[D] 01000384 13 03 00 14 0 00 00000014 14
[R] 00 14 00000000 00000000
[E] 01000384 00000014 0
[M] 01000384 00000014 0 0 00000000
[W] 01000384 1 03 00000014
[F] 01000388 00000213
[D] 01000388 13 04 00 00 0 00 00000000 00
[R] 00 00 00000000 00000000
[E] 01000388 00000000 0
[M] 01000388 00000000 0 0 00000000
[W] 01000388 1 04 00000000
[F] 0100038c 00000117
[D] 0100038c 17 02 00 00 0 00 00000000 00
[R] 00 00 00000000 00000000
[E] 0100038c 0100038c 0
[M] 0100038c 0100038c 0 0 00000000
[W] 0100038c 1 02 0100038c
[F] 01000390 13810113
[D] 01000390 13 02 02 18 0 09 00000138 18
[R] 02 18 0100038c 00000000
[E] 01000390 010004c4 0
[M] 01000390 010004c4 0 0 00000000
[W] 01000390 1 02 010004c4
[F] 01000394 330010b7
[D] 01000394 37 01 00 10 1 19 33001000 10
[R] 00 10 00000000 00000000
[E] 01000394 33001000 0
[M] 01000394 33001000 0 1 00000000
[W] 01000394 1 01 33001000
[F] 01000398 12208093
[D] 01000398 13 01 01 02 0 09 00000122 02
[R] 01 02 33001000 010004c4
[E] 01000398 33001122 0
[M] 01000398 33001122 0 0 010004c4
[W] 01000398 1 01 33001122
[F] 0100039c 00000013
[D] 0100039c 13 00 00 00 0 00 00000000 00
[R] 00 00 00000000 00000000
[E] 0100039c 00000000 0
[M] 0100039c 00000000 0 0 00000000
[W] 0100039c 1 00 00000000
[F] 010003a0 00000013
[D] 010003a0 13 00 00 00 0 00 00000000 00
[R] 00 00 00000000 00000000
[E] 010003a0 00000000 0
[M] 010003a0 00000000 0 0 00000000
[W] 010003a0 1 00 00000000
[F] 010003a4 00112423
[D] 010003a4 23 08 02 01 2 00 00000008 01
[R] 02 01 010004c4 33001122
[E] 010003a4 010004cc 0
[M] 010003a4 010004cc 1 2 33001122
[W] 010003a4 0 08 010004cc
[F] 010003a8 00812f03
[D] 010003a8 03 1e 02 08 2 00 00000008 08
[R] 02 08 010004c4 00000000
[E] 010003a8 010004cc 0
[M] 010003a8 010004cc 0 2 00000000
[W] 010003a8 1 1e 33001122
[F] 010003ac 33001eb7
[D] 010003ac 37 1d 00 10 1 19 33001000 10
[R] 00 10 00000000 00000000
[E] 010003ac 33001000 0
[M] 010003ac 33001000 0 1 00000000
[W] 010003ac 1 1d 33001000
[F] 010003b0 122e8e93
[D] 010003b0 13 1d 1d 02 0 09 00000122 02
[R] 1d 02 33001000 010004c4
[E] 010003b0 33001122 0
[M] 010003b0 33001122 0 0 010004c4
[W] 010003b0 1 1d 33001122
[F] 010003b4 0ddf1863
[D] 010003b4 63 10 1e 1d 1 06 000000d0 1d
[R] 1e 1d 33001122 33001122
[E] 010003b4 01000484 0
[M] 010003b4 01000484 0 1 33001122
[W] 010003b4 0 10 01000484
[F] 010003b8 00120213
[D] 010003b8 13 04 04 01 0 00 00000001 01
[R] 04 01 00000000 33001122
[E] 010003b8 00000001 0
[M] 010003b8 00000001 0 0 33001122
[W] 010003b8 1 04 00000001
[F] 010003bc 00200293
[D] 010003bc 13 05 00 02 0 00 00000002 02
[R] 00 02 00000000 010004c4
[E] 010003bc 00000002 0
[M] 010003bc 00000002 0 0 010004c4
[W] 010003bc 1 05 00000002
[F] 010003c0 fc5216e3
[D] 010003c0 63 0d 04 05 1 7e ffffffcc 05
[R] 04 05 00000001 00000002
[E] 010003c0 0100038c 0
[M] 010003c0 0100038c 0 1 00000002
[W] 010003c0 0 0d 0100038c
[F] 0100038c 00000117
[D] 0100038c 17 02 00 00 0 00 00000000 00
[R] 00 00 00000000 00000000
[E] 0100038c 0100038c 0
[M] 0100038c 0100038c 0 0 00000000
[W] 0100038c 1 02 0100038c
[F] 01000390 13810113
[D] 01000390 13 02 02 18 0 09 00000138 18
[R] 02 18 0100038c 00000000
[E] 01000390 010004c4 0
[M] 01000390 010004c4 0 0 00000000
[W] 01000390 1 02 010004c4
[F] 01000394 330010b7
[D] 01000394 37 01 00 10 1 19 33001000 10
[R] 00 10 00000000 00000000
[E] 01000394 33001000 0
[M] 01000394 33001000 0 1 00000000
[W] 01000394 1 01 33001000
[F] 01000398 12208093
[D] 01000398 13 01 01 02 0 09 00000122 02
[R] 01 02 33001000 010004c4
[E] 01000398 33001122 0
[M] 01000398 33001122 0 0 010004c4
[W] 01000398 1 01 33001122
[F] 0100039c 00000013
[D] 0100039c 13 00 00 00 0 00 00000000 00
[R] 00 00 00000000 00000000
[E] 0100039c 00000000 0
[M] 0100039c 00000000 0 0 00000000
[W] 0100039c 1 00 00000000
[F] 010003a0 00000013
[D] 010003a0 13 00 00 00 0 00 00000000 00
[R] 00 00 00000000 00000000
[E] 010003a0 00000000 0
[M] 010003a0 00000000 0 0 00000000
[W] 010003a0 1 00 00000000
[F] 010003a4 00112423
[D] 010003a4 23 08 02 01 2 00 00000008 01
[R] 02 01 010004c4 33001122
[E] 010003a4 010004cc 0
[M] 010003a4 010004cc 1 2 33001122
[W] 010003a4 0 08 010004cc
[F] 010003a8 00812f03
[D] 010003a8 03 1e 02 08 2 00 00000008 08
[R] 02 08 010004c4 00000000
[E] 010003a8 010004cc 0
[M] 010003a8 010004cc 0 2 00000000
[W] 010003a8 1 1e 33001122
[F] 010003ac 33001eb7
[D] 010003ac 37 1d 00 10 1 19 33001000 10
[R] 00 10 00000000 00000000
[E] 010003ac 33001000 0
[M] 010003ac 33001000 0 1 00000000
[W] 010003ac 1 1d 33001000
[F] 010003b0 122e8e93
[D] 010003b0 13 1d 1d 02 0 09 00000122 02
[R] 1d 02 33001000 010004c4
[E] 010003b0 33001122 0
[M] 010003b0 33001122 0 0 010004c4
[W] 010003b0 1 1d 33001122
[F] 010003b4 0ddf1863
[D] 010003b4 63 10 1e 1d 1 06 000000d0 1d
[R] 1e 1d 33001122 33001122
[E] 010003b4 01000484 0
[M] 010003b4 01000484 0 1 33001122
[W] 010003b4 0 10 01000484
[F] 010003b8 00120213
[D] 010003b8 13 04 04 01 0 00 00000001 01
[R] 04 01 00000001 33001122
[E] 010003b8 00000002 0
[M] 010003b8 00000002 0 0 33001122
[W] 010003b8 1 04 00000002
[F] 010003bc 00200293
[D] 010003bc 13 05 00 02 0 00 00000002 02
[R] 00 02 00000000 010004c4
[E] 010003bc 00000002 0
[M] 010003bc 00000002 0 0 010004c4
[W] 010003bc 1 05 00000002
[F] 010003c0 fc5216e3
[D] 010003c0 63 0d 04 05 1 7e ffffffcc 05
[R] 04 05 00000002 00000002
[E] 010003c0 0100038c 0
[M] 010003c0 0100038c 0 1 00000002
[W] 010003c0 0 0d 0100038c
[F] 010003c4 01500193
[D] 010003c4 13 03 00 15 0 00 00000015 15
[R] 00 15 00000000 00000000
[E] 010003c4 00000015 0
[M] 010003c4 00000015 0 0 00000000
[W] 010003c4 1 03 00000015
[F] 010003c8 00000213
[D] 010003c8 13 04 00 00 0 00 00000000 00
[R] 00 00 00000000 00000000
[E] 010003c8 00000000 0
[M] 010003c8 00000000 0 0 00000000
[W] 010003c8 1 04 00000000
[F] 010003cc 00000117
[D] 010003cc 17 02 00 00 0 00 00000000 00
[R] 00 00 00000000 00000000
[E] 010003cc 010003cc 0
[M] 010003cc 010003cc 0 0 00000000
[W] 010003cc 1 02 010003cc
[F] 010003d0 0f810113
[D] 010003d0 13 02 02 18 0 07 000000f8 18
[R] 02 18 010003cc 00000000
[E] 010003d0 010004c4 0
[M] 010003d0 010004c4 0 0 00000000
[W] 010003d0 1 02 010004c4
[F] 010003d4 00000013
[D] 010003d4 13 00 00 00 0 00 00000000 00
[R] 00 00 00000000 00000000
[E] 010003d4 00000000 0
[M] 010003d4 00000000 0 0 00000000
[W] 010003d4 1 00 00000000
[F] 010003d8 233000b7
[D] 010003d8 37 01 00 13 0 11 23300000 13
[R] 00 13 00000000 00000000
[E] 010003d8 23300000 0
[M] 010003d8 23300000 0 0 00000000
[W] 010003d8 1 01 23300000
[F] 010003dc 11208093
[D] 010003dc 13 01 01 12 0 08 00000112 12
[R] 01 12 23300000 00000000
[E] 010003dc 23300112 0
[M] 010003dc 23300112 0 0 00000000
[W] 010003dc 1 01 23300112
[F] 010003e0 00112623
[D] 010003e0 23 0c 02 01 2 00 0000000c 01
[R] 02 01 010004c4 23300112
[E] 010003e0 010004d0 0
[M] 010003e0 010004d0 1 2 23300112
[W] 010003e0 0 0c 010004d0
[F] 010003e4 00c12f03
[D] 010003e4 03 1e 02 0c 2 00 0000000c 0c
[R] 02 0c 010004c4 00000000
[E] 010003e4 010004d0 0
[M] 010003e4 010004d0 0 2 00000000
[W] 010003e4 1 1e 23300112
[F] 010003e8 23300eb7
[D] 010003e8 37 1d 00 13 0 11 23300000 13
[R] 00 13 00000000 00000000
[E] 010003e8 23300000 0
[M] 010003e8 23300000 0 0 00000000
[W] 010003e8 1 1d 23300000
[F] 010003ec 112e8e93
[D] 010003ec 13 1d 1d 12 0 08 00000112 12
[R] 1d 12 23300000 00000000
[E] 010003ec 23300112 0
[M] 010003ec 23300112 0 0 00000000
[W] 010003ec 1 1d 23300112
[F] 010003f0 09df1a63
[D] 010003f0 63 14 1e 1d 1 04 00000094 1d
[R] 1e 1d 23300112 23300112
[E] 010003f0 01000484 0
[M] 010003f0 01000484 0 1 23300112
[W] 010003f0 0 14 01000484
[F] 010003f4 00120213
[D] 010003f4 13 04 04 01 0 00 00000001 01
[R] 04 01 00000000 23300112
[E] 010003f4 00000001 0
[M] 010003f4 00000001 0 0 23300112
[W] 010003f4 1 04 00000001
[F] 010003f8 00200293
[D] 010003f8 13 05 00 02 0 00 00000002 02
[R] 00 02 00000000 010004c4
[E] 010003f8 00000002 0
[M] 010003f8 00000002 0 0 010004c4
[W] 010003f8 1 05 00000002
[F] 010003fc fc5218e3
[D] 010003fc 63 11 04 05 1 7e ffffffd0 05
[R] 04 05 00000001 00000002
[E] 010003fc 010003cc 0
[M] 010003fc 010003cc 0 1 00000002
[W] 010003fc 0 11 010003cc
[F] 010003cc 00000117
[D] 010003cc 17 02 00 00 0 00 00000000 00
[R] 00 00 00000000 00000000
[E] 010003cc 010003cc 0
[M] 010003cc 010003cc 0 0 00000000
[W] 010003cc 1 02 010003cc
[F] 010003d0 0f810113
[D] 010003d0 13 02 02 18 0 07 000000f8 18
[R] 02 18 010003cc 00000000
[E] 010003d0 010004c4 0
[M] 010003d0 010004c4 0 0 00000000
[W] 010003d0 1 02 010004c4
[F] 010003d4 00000013
[D] 010003d4 13 00 00 00 0 00 00000000 00
[R] 00 00 00000000 00000000
[E] 010003d4 00000000 0
[M] 010003d4 00000000 0 0 00000000
[W] 010003d4 1 00 00000000
[F] 010003d8 233000b7
[D] 010003d8 37 01 00 13 0 11 23300000 13
[R] 00 13 00000000 00000000
[E] 010003d8 23300000 0
[M] 010003d8 23300000 0 0 00000000
[W] 010003d8 1 01 23300000
[F] 010003dc 11208093
[D] 010003dc 13 01 01 12 0 08 00000112 12
[R] 01 12 23300000 00000000
[E] 010003dc 23300112 0
[M] 010003dc 23300112 0 0 00000000
[W] 010003dc 1 01 23300112
[F] 010003e0 00112623
[D] 010003e0 23 0c 02 01 2 00 0000000c 01
[R] 02 01 010004c4 23300112
[E] 010003e0 010004d0 0
[M] 010003e0 010004d0 1 2 23300112
[W] 010003e0 0 0c 010004d0
[F] 010003e4 00c12f03
[D] 010003e4 03 1e 02 0c 2 00 0000000c 0c
[R] 02 0c 010004c4 00000000
[E] 010003e4 010004d0 0
[M] 010003e4 010004d0 0 2 00000000
[W] 010003e4 1 1e 23300112
[F] 010003e8 23300eb7
[D] 010003e8 37 1d 00 13 0 11 23300000 13
[R] 00 13 00000000 00000000
[E] 010003e8 23300000 0
[M] 010003e8 23300000 0 0 00000000
[W] 010003e8 1 1d 23300000
[F] 010003ec 112e8e93
[D] 010003ec 13 1d 1d 12 0 08 00000112 12
[R] 1d 12 23300000 00000000
[E] 010003ec 23300112 0
[M] 010003ec 23300112 0 0 00000000
[W] 010003ec 1 1d 23300112
[F] 010003f0 09df1a63
[D] 010003f0 63 14 1e 1d 1 04 00000094 1d
[R] 1e 1d 23300112 23300112
[E] 010003f0 01000484 0
[M] 010003f0 01000484 0 1 23300112
[W] 010003f0 0 14 01000484
[F] 010003f4 00120213
[D] 010003f4 13 04 04 01 0 00 00000001 01
[R] 04 01 00000001 23300112
[E] 010003f4 00000002 0
[M] 010003f4 00000002 0 0 23300112
[W] 010003f4 1 04 00000002
[F] 010003f8 00200293
[D] 010003f8 13 05 00 02 0 00 00000002 02
[R] 00 02 00000000 010004c4
[E] 010003f8 00000002 0
[M] 010003f8 00000002 0 0 010004c4
[W] 010003f8 1 05 00000002
[F] 010003fc fc5218e3
[D] 010003fc 63 11 04 05 1 7e ffffffd0 05
[R] 04 05 00000002 00000002
[E] 010003fc 010003cc 0
[M] 010003fc 010003cc 0 1 00000002
[W] 010003fc 0 11 010003cc
[F] 01000400 01600193
[D] 01000400 13 03 00 16 0 00 00000016 16
[R] 00 16 00000000 00000000
[E] 01000400 00000016 0
[M] 01000400 00000016 0 0 00000000
[W] 01000400 1 03 00000016
[F] 01000404 00000213
[D] 01000404 13 04 00 00 0 00 00000000 00
[R] 00 00 00000000 00000000
[E] 01000404 00000000 0
[M] 01000404 00000000 0 0 00000000
[W] 01000404 1 04 00000000
[F] 01000408 00000117
[D] 01000408 17 02 00 00 0 00 00000000 00
[R] 00 00 00000000 00000000
[E] 01000408 01000408 0
[M] 01000408 01000408 0 0 00000000
[W] 01000408 1 02 01000408
[F] 0100040c 0bc10113
[D] 0100040c 13 02 02 1c 0 05 000000bc 1c
[R] 02 1c 01000408 00000000
[E] 0100040c 010004c4 0
[M] 0100040c 010004c4 0 0 00000000
[W] 0100040c 1 02 010004c4
[F] 01000410 00000013
[D] 01000410 13 00 00 00 0 00 00000000 00
[R] 00 00 00000000 00000000
[E] 01000410 00000000 0
[M] 01000410 00000000 0 0 00000000
[W] 01000410 1 00 00000000
[F] 01000414 223300b7
[D] 01000414 37 01 00 03 0 11 22330000 03
[R] 00 03 00000000 00000016
[E] 01000414 22330000 0
[M] 01000414 22330000 0 0 00000016
[W] 01000414 1 01 22330000
[F] 01000418 01108093
[D] 01000418 13 01 01 11 0 00 00000011 11
[R] 01 11 22330000 00000000
[E] 01000418 22330011 0
[M] 01000418 22330011 0 0 00000000
[W] 01000418 1 01 22330011
[F] 0100041c 00000013
[D] 0100041c 13 00 00 00 0 00 00000000 00
[R] 00 00 00000000 00000000
[E] 0100041c 00000000 0
[M] 0100041c 00000000 0 0 00000000
[W] 0100041c 1 00 00000000
[F] 01000420 00112823
[D] 01000420 23 10 02 01 2 00 00000010 01
[R] 02 01 010004c4 22330011
[E] 01000420 010004d4 0
[M] 01000420 010004d4 1 2 22330011
[W] 01000420 0 10 010004d4
[F] 01000424 01012f03
[D] 01000424 03 1e 02 10 2 00 00000010 10
[R] 02 10 010004c4 00000000
[E] 01000424 010004d4 0
[M] 01000424 010004d4 0 2 00000000
[W] 01000424 1 1e 22330011
[F] 01000428 22330eb7
[D] 01000428 37 1d 00 03 0 11 22330000 03
[R] 00 03 00000000 00000016
[E] 01000428 22330000 0
[M] 01000428 22330000 0 0 00000016
[W] 01000428 1 1d 22330000
[F] 0100042c 011e8e93
[D] 0100042c 13 1d 1d 11 0 00 00000011 11
[R] 1d 11 22330000 00000000
[E] 0100042c 22330011 0
[M] 0100042c 22330011 0 0 00000000
[W] 0100042c 1 1d 22330011
[F] 01000430 05df1a63
[D] 01000430 63 14 1e 1d 1 02 00000054 1d
[R] 1e 1d 22330011 22330011
[E] 01000430 01000484 0
[M] 01000430 01000484 0 1 22330011
[W] 01000430 0 14 01000484
[F] 01000434 00120213
[D] 01000434 13 04 04 01 0 00 00000001 01
[R] 04 01 00000000 22330011
[E] 01000434 00000001 0
[M] 01000434 00000001 0 0 22330011
[W] 01000434 1 04 00000001
[F] 01000438 00200293
[D] 01000438 13 05 00 02 0 00 00000002 02
[R] 00 02 00000000 010004c4
[E] 01000438 00000002 0
[M] 01000438 00000002 0 0 010004c4
[W] 01000438 1 05 00000002
[F] 0100043c fc5216e3
[D] 0100043c 63 0d 04 05 1 7e ffffffcc 05
[R] 04 05 00000001 00000002
[E] 0100043c 01000408 0
[M] 0100043c 01000408 0 1 00000002
[W] 0100043c 0 0d 01000408
[F] 01000408 00000117
[D] 01000408 17 02 00 00 0 00 00000000 00
[R] 00 00 00000000 00000000
[E] 01000408 01000408 0
[M] 01000408 01000408 0 0 00000000
[W] 01000408 1 02 01000408
[F] 0100040c 0bc10113
[D] 0100040c 13 02 02 1c 0 05 000000bc 1c
[R] 02 1c 01000408 00000000
[E] 0100040c 010004c4 0
[M] 0100040c 010004c4 0 0 00000000
[W] 0100040c 1 02 010004c4
[F] 01000410 00000013
[D] 01000410 13 00 00 00 0 00 00000000 00
[R] 00 00 00000000 00000000
[E] 01000410 00000000 0
[M] 01000410 00000000 0 0 00000000
[W] 01000410 1 00 00000000
[F] 01000414 223300b7
[D] 01000414 37 01 00 03 0 11 22330000 03
[R] 00 03 00000000 00000016
[E] 01000414 22330000 0
[M] 01000414 22330000 0 0 00000016
[W] 01000414 1 01 22330000
[F] 01000418 01108093
[D] 01000418 13 01 01 11 0 00 00000011 11
[R] 01 11 22330000 00000000
[E] 01000418 22330011 0
[M] 01000418 22330011 0 0 00000000
[W] 01000418 1 01 22330011
[F] 0100041c 00000013
[D] 0100041c 13 00 00 00 0 00 00000000 00
[R] 00 00 00000000 00000000
[E] 0100041c 00000000 0
[M] 0100041c 00000000 0 0 00000000
[W] 0100041c 1 00 00000000
[F] 01000420 00112823
[D] 01000420 23 10 02 01 2 00 00000010 01
[R] 02 01 010004c4 22330011
[E] 01000420 010004d4 0
[M] 01000420 010004d4 1 2 22330011
[W] 01000420 0 10 010004d4
[F] 01000424 01012f03
[D] 01000424 03 1e 02 10 2 00 00000010 10
[R] 02 10 010004c4 00000000
[E] 01000424 010004d4 0
[M] 01000424 010004d4 0 2 00000000
[W] 01000424 1 1e 22330011
[F] 01000428 22330eb7
[D] 01000428 37 1d 00 03 0 11 22330000 03
[R] 00 03 00000000 00000016
[E] 01000428 22330000 0
[M] 01000428 22330000 0 0 00000016
[W] 01000428 1 1d 22330000
[F] 0100042c 011e8e93
[D] 0100042c 13 1d 1d 11 0 00 00000011 11
[R] 1d 11 22330000 00000000
[E] 0100042c 22330011 0
[M] 0100042c 22330011 0 0 00000000
[W] 0100042c 1 1d 22330011
[F] 01000430 05df1a63
[D] 01000430 63 14 1e 1d 1 02 00000054 1d
[R] 1e 1d 22330011 22330011
[E] 01000430 01000484 0
[M] 01000430 01000484 0 1 22330011
[W] 01000430 0 14 01000484
[F] 01000434 00120213
[D] 01000434 13 04 04 01 0 00 00000001 01
[R] 04 01 00000001 22330011
[E] 01000434 00000002 0
[M] 01000434 00000002 0 0 22330011
[W] 01000434 1 04 00000002
[F] 01000438 00200293
[D] 01000438 13 05 00 02 0 00 00000002 02
[R] 00 02 00000000 010004c4
[E] 01000438 00000002 0
[M] 01000438 00000002 0 0 010004c4
[W] 01000438 1 05 00000002
[F] 0100043c fc5216e3
[D] 0100043c 63 0d 04 05 1 7e ffffffcc 05
[R] 04 05 00000002 00000002
[E] 0100043c 01000408 0
[M] 0100043c 01000408 0 1 00000002
[W] 0100043c 0 0d 01000408
[F] 01000440 01700193
[D] 01000440 13 03 00 17 0 00 00000017 17
[R] 00 17 00000000 00000000
[E] 01000440 00000017 0
[M] 01000440 00000017 0 0 00000000
[W] 01000440 1 03 00000017
[F] 01000444 00000213
[D] 01000444 13 04 00 00 0 00 00000000 00
[R] 00 00 00000000 00000000
[E] 01000444 00000000 0
[M] 01000444 00000000 0 0 00000000
[W] 01000444 1 04 00000000
[F] 01000448 00000117
[D] 01000448 17 02 00 00 0 00 00000000 00
[R] 00 00 00000000 00000000
[E] 01000448 01000448 0
[M] 01000448 01000448 0 0 00000000
[W] 01000448 1 02 01000448
[F] 0100044c 07c10113
[D] 0100044c 13 02 02 1c 0 03 0000007c 1c
[R] 02 1c 01000448 00000000
[E] 0100044c 010004c4 0
[M] 0100044c 010004c4 0 0 00000000
[W] 0100044c 1 02 010004c4
[F] 01000450 00000013
[D] 01000450 13 00 00 00 0 00 00000000 00
[R] 00 00 00000000 00000000
[E] 01000450 00000000 0
[M] 01000450 00000000 0 0 00000000
[W] 01000450 1 00 00000000
[F] 01000454 00000013
[D] 01000454 13 00 00 00 0 00 00000000 00
[R] 00 00 00000000 00000000
[E] 01000454 00000000 0
[M] 01000454 00000000 0 0 00000000
[W] 01000454 1 00 00000000
[F] 01000458 122330b7
[D] 01000458 37 01 00 02 3 09 12233000 02
[R] 00 02 00000000 010004c4
[E] 01000458 12233000 0
[M] 01000458 12233000 0 3 010004c4
[W] 01000458 1 01 12233000
[F] 0100045c 00108093
[D] 0100045c 13 01 01 01 0 00 00000001 01
[R] 01 01 12233000 12233000
[E] 0100045c 12233001 0
[M] 0100045c 12233001 0 0 12233000
[W] 0100045c 1 01 12233001
[F] 01000460 00112a23
[D] 01000460 23 14 02 01 2 00 00000014 01
[R] 02 01 010004c4 12233001
[E] 01000460 010004d8 0
[M] 01000460 010004d8 1 2 12233001
[W] 01000460 0 14 010004d8
[F] 01000464 01412f03
[D] 01000464 03 1e 02 14 2 00 00000014 14
[R] 02 14 010004c4 00000000
[E] 01000464 010004d8 0
[M] 01000464 010004d8 0 2 00000000
[W] 01000464 1 1e 12233001
[F] 01000468 12233eb7
[D] 01000468 37 1d 00 02 3 09 12233000 02
[R] 00 02 00000000 010004c4
[E] 01000468 12233000 0
[M] 01000468 12233000 0 3 010004c4
[W] 01000468 1 1d 12233000
[F] 0100046c 001e8e93
[D] 0100046c 13 1d 1d 01 0 00 00000001 01
[R] 1d 01 12233000 12233001
[E] 0100046c 12233001 0
[M] 0100046c 12233001 0 0 12233001
[W] 0100046c 1 1d 12233001
[F] 01000470 01df1a63
[D] 01000470 63 14 1e 1d 1 00 00000014 1d
[R] 1e 1d 12233001 12233001
[E] 01000470 01000484 0
[M] 01000470 01000484 0 1 12233001
[W] 01000470 0 14 01000484
[F] 01000474 00120213
[D] 01000474 13 04 04 01 0 00 00000001 01
[R] 04 01 00000000 12233001
[E] 01000474 00000001 0
[M] 01000474 00000001 0 0 12233001
[W] 01000474 1 04 00000001
[F] 01000478 00200293
[D] 01000478 13 05 00 02 0 00 00000002 02
[R] 00 02 00000000 010004c4
[E] 01000478 00000002 0
[M] 01000478 00000002 0 0 010004c4
[W] 01000478 1 05 00000002
[F] 0100047c fc5216e3
[D] 0100047c 63 0d 04 05 1 7e ffffffcc 05
[R] 04 05 00000001 00000002
[E] 0100047c 01000448 0
[M] 0100047c 01000448 0 1 00000002
[W] 0100047c 0 0d 01000448
[F] 01000448 00000117
[D] 01000448 17 02 00 00 0 00 00000000 00
[R] 00 00 00000000 00000000
[E] 01000448 01000448 0
[M] 01000448 01000448 0 0 00000000
[W] 01000448 1 02 01000448
[F] 0100044c 07c10113
[D] 0100044c 13 02 02 1c 0 03 0000007c 1c
[R] 02 1c 01000448 00000000
[E] 0100044c 010004c4 0
[M] 0100044c 010004c4 0 0 00000000
[W] 0100044c 1 02 010004c4
[F] 01000450 00000013
[D] 01000450 13 00 00 00 0 00 00000000 00
[R] 00 00 00000000 00000000
[E] 01000450 00000000 0
[M] 01000450 00000000 0 0 00000000
[W] 01000450 1 00 00000000
[F] 01000454 00000013
[D] 01000454 13 00 00 00 0 00 00000000 00
[R] 00 00 00000000 00000000
[E] 01000454 00000000 0
[M] 01000454 00000000 0 0 00000000
[W] 01000454 1 00 00000000
[F] 01000458 122330b7
[D] 01000458 37 01 00 02 3 09 12233000 02
[R] 00 02 00000000 010004c4
[E] 01000458 12233000 0
[M] 01000458 12233000 0 3 010004c4
[W] 01000458 1 01 12233000
[F] 0100045c 00108093
[D] 0100045c 13 01 01 01 0 00 00000001 01
[R] 01 01 12233000 12233000
[E] 0100045c 12233001 0
[M] 0100045c 12233001 0 0 12233000
[W] 0100045c 1 01 12233001
[F] 01000460 00112a23
[D] 01000460 23 14 02 01 2 00 00000014 01
[R] 02 01 010004c4 12233001
[E] 01000460 010004d8 0
[M] 01000460 010004d8 1 2 12233001
[W] 01000460 0 14 010004d8
[F] 01000464 01412f03
[D] 01000464 03 1e 02 14 2 00 00000014 14
[R] 02 14 010004c4 00000000
[E] 01000464 010004d8 0
[M] 01000464 010004d8 0 2 00000000
[W] 01000464 1 1e 12233001
[F] 01000468 12233eb7
[D] 01000468 37 1d 00 02 3 09 12233000 02
[R] 00 02 00000000 010004c4
[E] 01000468 12233000 0
[M] 01000468 12233000 0 3 010004c4
[W] 01000468 1 1d 12233000
[F] 0100046c 001e8e93
[D] 0100046c 13 1d 1d 01 0 00 00000001 01
[R] 1d 01 12233000 12233001
[E] 0100046c 12233001 0
[M] 0100046c 12233001 0 0 12233001
[W] 0100046c 1 1d 12233001
[F] 01000470 01df1a63
[D] 01000470 63 14 1e 1d 1 00 00000014 1d
[R] 1e 1d 12233001 12233001
[E] 01000470 01000484 0
[M] 01000470 01000484 0 1 12233001
[W] 01000470 0 14 01000484
[F] 01000474 00120213
[D] 01000474 13 04 04 01 0 00 00000001 01
[R] 04 01 00000001 12233001
[E] 01000474 00000002 0
[M] 01000474 00000002 0 0 12233001
[W] 01000474 1 04 00000002
[F] 01000478 00200293
[D] 01000478 13 05 00 02 0 00 00000002 02
[R] 00 02 00000000 010004c4
[E] 01000478 00000002 0
[M] 01000478 00000002 0 0 010004c4
[W] 01000478 1 05 00000002
[F] 0100047c fc5216e3
[D] 0100047c 63 0d 04 05 1 7e ffffffcc 05
[R] 04 05 00000002 00000002
[E] 0100047c 01000448 0
[M] 0100047c 01000448 0 1 00000002
[W] 0100047c 0 0d 01000448
[F] 01000480 00301c63
[D] 01000480 63 18 00 03 1 00 00000018 03
[R] 00 03 00000000 00000017
[E] 01000480 01000498 0
[M] 01000480 01000498 0 1 00000017
[W] 01000480 0 18 01000498
[F] 01000498 0ff0000f
[D] 01000498 0f 00 00 1f 0 07 00000000 1f
[R] 00 1f 00000000 00000000
[E] 01000498 00000000 0
[M] 01000498 00000000 0 0 00000000
[W] 01000498 1 00 00000000
[F] 0100049c 00100193
[D] 0100049c 13 03 00 01 0 00 00000001 01
[R] 00 01 00000000 12233001
[E] 0100049c 00000001 0
[M] 0100049c 00000001 0 0 12233001
[W] 0100049c 1 03 00000001
[F] 010004a0 00000073
[D] 010004a0 73 00 00 00 0 00 00000000 00
[R] 00 00 00000000 00000000
[E] 010004a0 00000000 0
[M] 010004a0 00000000 0 0 00000000
[W] 010004a0 0 00 00000000
