[F] 01000000 00200193
[D] 01000000 13 03 00 02 0 00 00000002 02
[R] 00 02 00000000 01100000
[E] 01000000 00000002 0
[M] 01000000 00000002 0 0 01100000
[W] 01000000 1 03 00000002
[F] 01000004 00000293
[D] 01000004 13 05 00 00 0 00 00000000 00
[R] 00 00 00000000 00000000
[E] 01000004 00000000 0
[M] 01000004 00000000 0 0 00000000
[W] 01000004 1 05 00000000
[F] 01000008 00000317
[D] 01000008 17 06 00 00 0 00 00000000 00
[R] 00 00 00000000 00000000
[E] 01000008 01000008 0
[M] 01000008 01000008 0 0 00000000
[W] 01000008 1 06 01000008
[F] 0100000c 01030313
[D] 0100000c 13 06 06 10 0 00 00000010 10
[R] 06 10 01000008 00000000
[E] 0100000c 01000018 0
[M] 0100000c 01000018 0 0 00000000
[W] 0100000c 1 06 01000018
[F] 01000010 000302e7
[D] 01000010 67 05 06 00 0 00 00000000 00
[R] 06 00 01000018 00000000
[E] 01000010 01000018 0
[M] 01000010 01000018 0 0 00000000
[W] 01000010 1 05 01000014
[F] 01000018 00000317
[D] 01000018 17 06 00 00 0 00 00000000 00
[R] 00 00 00000000 00000000
[E] 01000018 01000018 0
[M] 01000018 01000018 0 0 00000000
[W] 01000018 1 06 01000018
[F] 0100001c ffc30313
[D] 0100001c 13 06 06 1c 0 7f fffffffc 1c
[R] 06 1c 01000018 00000000
[E] 0100001c 01000014 0
[M] 0100001c 01000014 0 0 00000000
[W] 0100001c 1 06 01000014
[F] 01000020 0a629a63
[D] 01000020 63 14 05 06 1 05 000000b4 06
[R] 05 06 01000014 01000014
[E] 01000020 010000d4 0
[M] 01000020 010000d4 0 1 01000014
[W] 01000020 0 14 010000d4
[F] 01000024 00400193
[D] 01000024 13 03 00 04 0 00 00000004 04
[R] 00 04 00000000 00000000
[E] 01000024 00000004 0
[M] 01000024 00000004 0 0 00000000
[W] 01000024 1 03 00000004
[F] 01000028 00000213
[D] 01000028 13 04 00 00 0 00 00000000 00
[R] 00 00 00000000 00000000
[E] 01000028 00000000 0
[M] 01000028 00000000 0 0 00000000
[W] 01000028 1 04 00000000
[F] 0100002c 00000317
[D] 0100002c 17 06 00 00 0 00 00000000 00
[R] 00 00 00000000 00000000
[E] 0100002c 0100002c 0
[M] 0100002c 0100002c 0 0 00000000
[W] 0100002c 1 06 0100002c
[F] 01000030 01030313
[D] 01000030 13 06 06 10 0 00 00000010 10
[R] 06 10 0100002c 00000000
[E] 01000030 0100003c 0
[M] 01000030 0100003c 0 0 00000000
[W] 01000030 1 06 0100003c
[F] 01000034 000309e7
[D] 01000034 67 13 06 00 0 00 00000000 00
[R] 06 00 0100003c 00000000
[E] 01000034 0100003c 0
[M] 01000034 0100003c 0 0 00000000
[W] 01000034 1 13 01000038
[F] 0100003c 00120213
[D] 0100003c 13 04 04 01 0 00 00000001 01
[R] 04 01 00000000 00000000
[E] 0100003c 00000001 0
[M] 0100003c 00000001 0 0 00000000
[W] 0100003c 1 04 00000001
[F] 01000040 00200293
[D] 01000040 13 05 00 02 0 00 00000002 02
[R] 00 02 00000000 01100000
[E] 01000040 00000002 0
[M] 01000040 00000002 0 0 01100000
[W] 01000040 1 05 00000002
[F] 01000044 fe5214e3
[D] 01000044 63 09 04 05 1 7f ffffffe8 05
[R] 04 05 00000001 00000002
[E] 01000044 0100002c 0
[M] 01000044 0100002c 0 1 00000002
[W] 01000044 0 09 0100002c
[F] 0100002c 00000317
[D] 0100002c 17 06 00 00 0 00 00000000 00
[R] 00 00 00000000 00000000
[E] 0100002c 0100002c 0
[M] 0100002c 0100002c 0 0 00000000
[W] 0100002c 1 06 0100002c
[F] 01000030 01030313
[D] 01000030 13 06 06 10 0 00 00000010 10
[R] 06 10 0100002c 00000000
[E] 01000030 0100003c 0
[M] 01000030 0100003c 0 0 00000000
[W] 01000030 1 06 0100003c
[F] 01000034 000309e7
[D] 01000034 67 13 06 00 0 00 00000000 00
[R] 06 00 0100003c 00000000
[E] 01000034 0100003c 0
[M] 01000034 0100003c 0 0 00000000
[W] 01000034 1 13 01000038
[F] 0100003c 00120213
[D] 0100003c 13 04 04 01 0 00 00000001 01
[R] 04 01 00000001 00000000
[E] 0100003c 00000002 0
[M] 0100003c 00000002 0 0 00000000
[W] 0100003c 1 04 00000002
[F] 01000040 00200293
[D] 01000040 13 05 00 02 0 00 00000002 02
[R] 00 02 00000000 01100000
[E] 01000040 00000002 0
[M] 01000040 00000002 0 0 01100000
[W] 01000040 1 05 00000002
[F] 01000044 fe5214e3
[D] 01000044 63 09 04 05 1 7f ffffffe8 05
[R] 04 05 00000002 00000002
[E] 01000044 0100002c 0
[M] 01000044 0100002c 0 1 00000002
[W] 01000044 0 09 0100002c
[F] 01000048 00500193
[D] 01000048 13 03 00 05 0 00 00000005 05
[R] 00 05 00000000 00000002
[E] 01000048 00000005 0
[M] 01000048 00000005 0 0 00000002
[W] 01000048 1 03 00000005
[F] 0100004c 00000213
[D] 0100004c 13 04 00 00 0 00 00000000 00
[R] 00 00 00000000 00000000
[E] 0100004c 00000000 0
[M] 0100004c 00000000 0 0 00000000
[W] 0100004c 1 04 00000000
[F] 01000050 00000317
[D] 01000050 17 06 00 00 0 00 00000000 00
[R] 00 00 00000000 00000000
[E] 01000050 01000050 0
[M] 01000050 01000050 0 0 00000000
[W] 01000050 1 06 01000050
[F] 01000054 01430313
[D] 01000054 13 06 06 14 0 00 00000014 14
[R] 06 14 01000050 00000000
[E] 01000054 01000064 0
[M] 01000054 01000064 0 0 00000000
[W] 01000054 1 06 01000064
[F] 01000058 00000013
[D] 01000058 13 00 00 00 0 00 00000000 00
[R] 00 00 00000000 00000000
[E] 01000058 00000000 0
[M] 01000058 00000000 0 0 00000000
[W] 01000058 1 00 00000000
[F] 0100005c 000309e7
[D] 0100005c 67 13 06 00 0 00 00000000 00
[R] 06 00 01000064 00000000
[E] 0100005c 01000064 0
[M] 0100005c 01000064 0 0 00000000
[W] 0100005c 1 13 01000060
[F] 01000064 00120213
[D] 01000064 13 04 04 01 0 00 00000001 01
[R] 04 01 00000000 00000000
[E] 01000064 00000001 0
[M] 01000064 00000001 0 0 00000000
[W] 01000064 1 04 00000001
[F] 01000068 00200293
[D] 01000068 13 05 00 02 0 00 00000002 02
[R] 00 02 00000000 01100000
[E] 01000068 00000002 0
[M] 01000068 00000002 0 0 01100000
[W] 01000068 1 05 00000002
[F] 0100006c fe5212e3
[D] 0100006c 63 05 04 05 1 7f ffffffe4 05
[R] 04 05 00000001 00000002
[E] 0100006c 01000050 0
[M] 0100006c 01000050 0 1 00000002
[W] 0100006c 0 05 01000050
[F] 01000050 00000317
[D] 01000050 17 06 00 00 0 00 00000000 00
[R] 00 00 00000000 00000000
[E] 01000050 01000050 0
[M] 01000050 01000050 0 0 00000000
[W] 01000050 1 06 01000050
[F] 01000054 01430313
[D] 01000054 13 06 06 14 0 00 00000014 14
[R] 06 14 01000050 00000000
[E] 01000054 01000064 0
[M] 01000054 01000064 0 0 00000000
[W] 01000054 1 06 01000064
[F] 01000058 00000013
[D] 01000058 13 00 00 00 0 00 00000000 00
[R] 00 00 00000000 00000000
[E] 01000058 00000000 0
[M] 01000058 00000000 0 0 00000000
[W] 01000058 1 00 00000000
[F] 0100005c 000309e7
[D] 0100005c 67 13 06 00 0 00 00000000 00
[R] 06 00 01000064 00000000
[E] 0100005c 01000064 0
[M] 0100005c 01000064 0 0 00000000
[W] 0100005c 1 13 01000060
[F] 01000064 00120213
[D] 01000064 13 04 04 01 0 00 00000001 01
[R] 04 01 00000001 00000000
[E] 01000064 00000002 0
[M] 01000064 00000002 0 0 00000000
[W] 01000064 1 04 00000002
[F] 01000068 00200293
[D] 01000068 13 05 00 02 0 00 00000002 02
[R] 00 02 00000000 01100000
[E] 01000068 00000002 0
[M] 01000068 00000002 0 0 01100000
[W] 01000068 1 05 00000002
[F] 0100006c fe5212e3
[D] 0100006c 63 05 04 05 1 7f ffffffe4 05
[R] 04 05 00000002 00000002
[E] 0100006c 01000050 0
[M] 0100006c 01000050 0 1 00000002
[W] 0100006c 0 05 01000050
[F] 01000070 00600193
[D] 01000070 13 03 00 06 0 00 00000006 06
[R] 00 06 00000000 01000064
[E] 01000070 00000006 0
[M] 01000070 00000006 0 0 01000064
[W] 01000070 1 03 00000006
[F] 01000074 00000213
[D] 01000074 13 04 00 00 0 00 00000000 00
[R] 00 00 00000000 00000000
[E] 01000074 00000000 0
[M] 01000074 00000000 0 0 00000000
[W] 01000074 1 04 00000000
[F] 01000078 00000317
[D] 01000078 17 06 00 00 0 00 00000000 00
[R] 00 00 00000000 00000000
[E] 01000078 01000078 0
[M] 01000078 01000078 0 0 00000000
[W] 01000078 1 06 01000078
[F] 0100007c 01830313
[D] 0100007c 13 06 06 18 0 00 00000018 18
[R] 06 18 01000078 00000000
[E] 0100007c 01000090 0
[M] 0100007c 01000090 0 0 00000000
[W] 0100007c 1 06 01000090
[F] 01000080 00000013
[D] 01000080 13 00 00 00 0 00 00000000 00
[R] 00 00 00000000 00000000
[E] 01000080 00000000 0
[M] 01000080 00000000 0 0 00000000
[W] 01000080 1 00 00000000
[F] 01000084 00000013
[D] 01000084 13 00 00 00 0 00 00000000 00
[R] 00 00 00000000 00000000
[E] 01000084 00000000 0
[M] 01000084 00000000 0 0 00000000
[W] 01000084 1 00 00000000
[F] 01000088 000309e7
[D] 01000088 67 13 06 00 0 00 00000000 00
[R] 06 00 01000090 00000000
[E] 01000088 01000090 0
[M] 01000088 01000090 0 0 00000000
[W] 01000088 1 13 0100008c
[F] 01000090 00120213
[D] 01000090 13 04 04 01 0 00 00000001 01
[R] 04 01 00000000 00000000
[E] 01000090 00000001 0
[M] 01000090 00000001 0 0 00000000
[W] 01000090 1 04 00000001
[F] 01000094 00200293
[D] 01000094 13 05 00 02 0 00 00000002 02
[R] 00 02 00000000 01100000
[E] 01000094 00000002 0
[M] 01000094 00000002 0 0 01100000
[W] 01000094 1 05 00000002
[F] 01000098 fe5210e3
[D] 01000098 63 01 04 05 1 7f ffffffe0 05
[R] 04 05 00000001 00000002
[E] 01000098 01000078 0
[M] 01000098 01000078 0 1 00000002
[W] 01000098 0 01 01000078
[F] 01000078 00000317
[D] 01000078 17 06 00 00 0 00 00000000 00
[R] 00 00 00000000 00000000
[E] 01000078 01000078 0
[M] 01000078 01000078 0 0 00000000
[W] 01000078 1 06 01000078
[F] 0100007c 01830313
[D] 0100007c 13 06 06 18 0 00 00000018 18
[R] 06 18 01000078 00000000
[E] 0100007c 01000090 0
[M] 0100007c 01000090 0 0 00000000
[W] 0100007c 1 06 01000090
[F] 01000080 00000013
[D] 01000080 13 00 00 00 0 00 00000000 00
[R] 00 00 00000000 00000000
[E] 01000080 00000000 0
[M] 01000080 00000000 0 0 00000000
[W] 01000080 1 00 00000000
[F] 01000084 00000013
[D] 01000084 13 00 00 00 0 00 00000000 00
[R] 00 00 00000000 00000000
[E] 01000084 00000000 0
[M] 01000084 00000000 0 0 00000000
[W] 01000084 1 00 00000000
[F] 01000088 000309e7
[D] 01000088 67 13 06 00 0 00 00000000 00
[R] 06 00 01000090 00000000
[E] 01000088 01000090 0
[M] 01000088 01000090 0 0 00000000
[W] 01000088 1 13 0100008c
[F] 01000090 00120213
[D] 01000090 13 04 04 01 0 00 00000001 01
[R] 04 01 00000001 00000000
[E] 01000090 00000002 0
[M] 01000090 00000002 0 0 00000000
[W] 01000090 1 04 00000002
[F] 01000094 00200293
[D] 01000094 13 05 00 02 0 00 00000002 02
[R] 00 02 00000000 01100000
[E] 01000094 00000002 0
[M] 01000094 00000002 0 0 01100000
[W] 01000094 1 05 00000002
[F] 01000098 fe5210e3
[D] 01000098 63 01 04 05 1 7f ffffffe0 05
[R] 04 05 00000002 00000002
[E] 01000098 01000078 0
[M] 01000098 01000078 0 1 00000002
[W] 01000098 0 01 01000078
[F] 0100009c 00100293
[D] 0100009c 13 05 00 01 0 00 00000001 01
[R] 00 01 00000000 00000000
[E] 0100009c 00000001 0
[M] 0100009c 00000001 0 0 00000000
[W] 0100009c 1 05 00000001
[F] 010000a0 00000317
[D] 010000a0 17 06 00 00 0 00 00000000 00
[R] 00 00 00000000 00000000
[E] 010000a0 010000a0 0
[M] 010000a0 010000a0 0 0 00000000
[W] 010000a0 1 06 010000a0
[F] 010000a4 01c30313
[D] 010000a4 13 06 06 1c 0 00 0000001c 1c
[R] 06 1c 010000a0 00000000
[E] 010000a4 010000bc 0
[M] 010000a4 010000bc 0 0 00000000
[W] 010000a4 1 06 010000bc
[F] 010000a8 ffc30067
[D] 010000a8 67 00 06 1c 0 7f fffffffc 1c
[R] 06 1c 010000bc 00000000
[E] 010000a8 010000b8 0
[M] 010000a8 010000b8 0 0 00000000
[W] 010000a8 1 00 010000ac
[F] 010000b8 00128293
[D] 010000b8 13 05 05 01 0 00 00000001 01
[R] 05 01 00000001 00000000
[E] 010000b8 00000002 0
[M] 010000b8 00000002 0 0 00000000
[W] 010000b8 1 05 00000002
[F] 010000bc 00128293
[D] 010000bc 13 05 05 01 0 00 00000001 01
[R] 05 01 00000002 00000000
[E] 010000bc 00000003 0
[M] 010000bc 00000003 0 0 00000000
[W] 010000bc 1 05 00000003
[F] 010000c0 00128293
[D] 010000c0 13 05 05 01 0 00 00000001 01
[R] 05 01 00000003 00000000
[E] 010000c0 00000004 0
[M] 010000c0 00000004 0 0 00000000
[W] 010000c0 1 05 00000004
[F] 010000c4 00400e93
[D] 010000c4 13 1d 00 04 0 00 00000004 04
[R] 00 04 00000000 00000002
[E] 010000c4 00000004 0
[M] 010000c4 00000004 0 0 00000002
[W] 010000c4 1 1d 00000004
[F] 010000c8 00700193
[D] 010000c8 13 03 00 07 0 00 00000007 07
[R] 00 07 00000000 00000000
[E] 010000c8 00000007 0
[M] 010000c8 00000007 0 0 00000000
[W] 010000c8 1 03 00000007
[F] 010000cc 01d29463
[D] 010000cc 63 08 05 1d 1 00 00000008 1d
[R] 05 1d 00000004 00000004
[E] 010000cc 010000d4 0
[M] 010000cc 010000d4 0 1 00000004
[W] 010000cc 0 08 010000d4
[F] 010000d0 00301c63
[D] 010000d0 63 18 00 03 1 00 00000018 03
[R] 00 03 00000000 00000007
[E] 010000d0 010000e8 0
[M] 010000d0 010000e8 0 1 00000007
[W] 010000d0 0 18 010000e8
[F] 010000e8 0ff0000f
[D] 010000e8 0f 00 00 1f 0 07 00000000 1f
[R] 00 1f 00000000 00000000
[E] 010000e8 00000000 0
[M] 010000e8 00000000 0 0 00000000
[W] 010000e8 1 00 00000000
[F] 010000ec 00100193
[D] 010000ec 13 03 00 01 0 00 00000001 01
[R] 00 01 00000000 00000000
[E] 010000ec 00000001 0
[M] 010000ec 00000001 0 0 00000000
[W] 010000ec 1 03 00000001
[F] 010000f0 00000073
[D] 010000f0 73 00 00 00 0 00 00000000 00
[R] 00 00 00000000 00000000
[E] 010000f0 00000000 0
[M] 010000f0 00000000 0 0 00000000
[W] 010000f0 0 00 00000000
