[F] 01000000 00000097
[D] 01000000 17 01 00 00 0 00 00000000 00
[R] 00 00 00000000 00000000
[E] 01000000 01000000 0
[M] 01000000 01000000 0 0 00000000
[W] 01000000 1 01 01000000
[F] 01000004 2c408093
[D] 01000004 13 01 01 04 0 16 000002c4 04
[R] 01 04 01000000 00000000
[E] 01000004 010002c4 0
[M] 01000004 010002c4 0 0 00000000
[W] 01000004 1 01 010002c4
[F] 01000008 0000af03
[D] 01000008 03 1e 01 00 2 00 00000000 00
[R] 01 00 010002c4 00000000
[E] 01000008 010002c4 0
[M] 01000008 010002c4 0 2 00000000
[W] 01000008 1 1e 00ff00ff
[F] 0100000c 00ff0eb7
[D] 0100000c 37 1d 00 0f 0 00 00ff0000 0f
[R] 00 0f 00000000 00000000
[E] 0100000c 00ff0000 0
[M] 0100000c 00ff0000 0 0 00000000
[W] 0100000c 1 1d 00ff0000
[F] 01000010 0ffe8e93
[D] 01000010 13 1d 1d 1f 0 07 000000ff 1f
[R] 1d 1f 00ff0000 00000000
[E] 01000010 00ff00ff 0
[M] 01000010 00ff00ff 0 0 00000000
[W] 01000010 1 1d 00ff00ff
[F] 01000014 00200193
[D] 01000014 13 03 00 02 0 00 00000002 02
[R] 00 02 00000000 01100000
[E] 01000014 00000002 0
[M] 01000014 00000002 0 0 01100000
[W] 01000014 1 03 00000002
[F] 01000018 27df1a63
[D] 01000018 63 14 1e 1d 1 13 00000274 1d
[R] 1e 1d 00ff00ff 00ff00ff
[E] 01000018 0100028c 0
[M] 01000018 0100028c 0 1 00ff00ff
[W] 01000018 0 14 0100028c
[F] 0100001c 00000097
[D] 0100001c 17 01 00 00 0 00 00000000 00
[R] 00 00 00000000 00000000
[E] 0100001c 0100001c 0
[M] 0100001c 0100001c 0 0 00000000
[W] 0100001c 1 01 0100001c
[F] 01000020 2a808093
[D] 01000020 13 01 01 08 0 15 000002a8 08
[R] 01 08 0100001c 00000000
[E] 01000020 010002c4 0
[M] 01000020 010002c4 0 0 00000000
[W] 01000020 1 01 010002c4
[F] 01000024 0040af03
[D] 01000024 03 1e 01 04 2 00 00000004 04
[R] 01 04 010002c4 00000000
[E] 01000024 010002c8 0
[M] 01000024 010002c8 0 2 00000000
[W] 01000024 1 1e ff00ff00
[F] 01000028 ff010eb7
[D] 01000028 37 1d 00 10 0 7f ff010000 10
[R] 00 10 00000000 00000000
[E] 01000028 ff010000 0
[M] 01000028 ff010000 0 0 00000000
[W] 01000028 1 1d ff010000
[F] 0100002c f00e8e93
[D] 0100002c 13 1d 1d 00 0 78 ffffff00 00
[R] 1d 00 ff010000 00000000
[E] 0100002c ff00ff00 0
[M] 0100002c ff00ff00 0 0 00000000
[W] 0100002c 1 1d ff00ff00
[F] 01000030 00300193
[D] 01000030 13 03 00 03 0 00 00000003 03
[R] 00 03 00000000 00000002
[E] 01000030 00000003 0
[M] 01000030 00000003 0 0 00000002
[W] 01000030 1 03 00000003
[F] 01000034 25df1c63
[D] 01000034 63 18 1e 1d 1 12 00000258 1d
[R] 1e 1d ff00ff00 ff00ff00
[E] 01000034 0100028c 0
[M] 01000034 0100028c 0 1 ff00ff00
[W] 01000034 0 18 0100028c
[F] 01000038 00000097
[D] 01000038 17 01 00 00 0 00 00000000 00
[R] 00 00 00000000 00000000
[E] 01000038 01000038 0
[M] 01000038 01000038 0 0 00000000
[W] 01000038 1 01 01000038
[F] 0100003c 28c08093
[D] 0100003c 13 01 01 0c 0 14 0000028c 0c
[R] 01 0c 01000038 00000000
[E] 0100003c 010002c4 0
[M] 0100003c 010002c4 0 0 00000000
[W] 0100003c 1 01 010002c4
[F] 01000040 0080af03
[D] 01000040 03 1e 01 08 2 00 00000008 08
[R] 01 08 010002c4 00000000
[E] 01000040 010002cc 0
[M] 01000040 010002cc 0 2 00000000
[W] 01000040 1 1e 0ff00ff0
[F] 01000044 0ff01eb7
[D] 01000044 37 1d 00 1f 1 07 0ff01000 1f
[R] 00 1f 00000000 00000000
[E] 01000044 0ff01000 0
[M] 01000044 0ff01000 0 1 00000000
[W] 01000044 1 1d 0ff01000
[F] 01000048 ff0e8e93
[D] 01000048 13 1d 1d 10 0 7f fffffff0 10
[R] 1d 10 0ff01000 00000000
[E] 01000048 0ff00ff0 0
[M] 01000048 0ff00ff0 0 0 00000000
[W] 01000048 1 1d 0ff00ff0
[F] 0100004c 00400193
[D] 0100004c 13 03 00 04 0 00 00000004 04
[R] 00 04 00000000 00000000
[E] 0100004c 00000004 0
[M] 0100004c 00000004 0 0 00000000
[W] 0100004c 1 03 00000004
[F] 01000050 23df1e63
[D] 01000050 63 1c 1e 1d 1 11 0000023c 1d
[R] 1e 1d 0ff00ff0 0ff00ff0
[E] 01000050 0100028c 0
[M] 01000050 0100028c 0 1 0ff00ff0
[W] 01000050 0 1c 0100028c
[F] 01000054 00000097
[D] 01000054 17 01 00 00 0 00 00000000 00
[R] 00 00 00000000 00000000
[E] 01000054 01000054 0
[M] 01000054 01000054 0 0 00000000
[W] 01000054 1 01 01000054
[F] 01000058 27008093
[D] 01000058 13 01 01 10 0 13 00000270 10
[R] 01 10 01000054 00000000
[E] 01000058 010002c4 0
[M] 01000058 010002c4 0 0 00000000
[W] 01000058 1 01 010002c4
[F] 0100005c 00c0af03
[D] 0100005c 03 1e 01 0c 2 00 0000000c 0c
[R] 01 0c 010002c4 00000000
[E] 0100005c 010002d0 0
[M] 0100005c 010002d0 0 2 00000000
[W] 0100005c 1 1e f00ff00f
[F] 01000060 f00ffeb7
[D] 01000060 37 1d 00 00 7 78 f00ff000 00
[R] 00 00 00000000 00000000
[E] 01000060 f00ff000 0
[M] 01000060 f00ff000 0 3 00000000
[W] 01000060 1 1d f00ff000
[F] 01000064 00fe8e93
[D] 01000064 13 1d 1d 0f 0 00 0000000f 0f
[R] 1d 0f f00ff000 00000000
[E] 01000064 f00ff00f 0
[M] 01000064 f00ff00f 0 0 00000000
[W] 01000064 1 1d f00ff00f
[F] 01000068 00500193
[D] 01000068 13 03 00 05 0 00 00000005 05
[R] 00 05 00000000 00000000
[E] 01000068 00000005 0
[M] 01000068 00000005 0 0 00000000
[W] 01000068 1 03 00000005
[F] 0100006c 23df1063
[D] 0100006c 63 00 1e 1d 1 11 00000220 1d
[R] 1e 1d f00ff00f f00ff00f
[E] 0100006c 0100028c 0
[M] 0100006c 0100028c 0 1 f00ff00f
[W] 0100006c 0 00 0100028c
[F] 01000070 00000097
[D] 01000070 17 01 00 00 0 00 00000000 00
[R] 00 00 00000000 00000000
[E] 01000070 01000070 0
[M] 01000070 01000070 0 0 00000000
[W] 01000070 1 01 01000070
[F] 01000074 26008093
[D] 01000074 13 01 01 00 0 13 00000260 00
[R] 01 00 01000070 00000000
[E] 01000074 010002d0 0
[M] 01000074 010002d0 0 0 00000000
[W] 01000074 1 01 010002d0
[F] 01000078 ff40af03
[D] 01000078 03 1e 01 14 2 7f fffffff4 14
[R] 01 14 010002d0 00000000
[E] 01000078 010002c4 0
[M] 01000078 010002c4 0 2 00000000
[W] 01000078 1 1e 00ff00ff
[F] 0100007c 00ff0eb7
[D] 0100007c 37 1d 00 0f 0 00 00ff0000 0f
[R] 00 0f 00000000 00000000
[E] 0100007c 00ff0000 0
[M] 0100007c 00ff0000 0 0 00000000
[W] 0100007c 1 1d 00ff0000
[F] 01000080 0ffe8e93
[D] 01000080 13 1d 1d 1f 0 07 000000ff 1f
[R] 1d 1f 00ff0000 00000000
[E] 01000080 00ff00ff 0
[M] 01000080 00ff00ff 0 0 00000000
[W] 01000080 1 1d 00ff00ff
[F] 01000084 00600193
[D] 01000084 13 03 00 06 0 00 00000006 06
[R] 00 06 00000000 00000000
[E] 01000084 00000006 0
[M] 01000084 00000006 0 0 00000000
[W] 01000084 1 03 00000006
[F] 01000088 21df1263
[D] 01000088 63 04 1e 1d 1 10 00000204 1d
[R] 1e 1d 00ff00ff 00ff00ff
[E] 01000088 0100028c 0
[M] 01000088 0100028c 0 1 00ff00ff
[W] 01000088 0 04 0100028c
[F] 0100008c 00000097
[D] 0100008c 17 01 00 00 0 00 00000000 00
[R] 00 00 00000000 00000000
[E] 0100008c 0100008c 0
[M] 0100008c 0100008c 0 0 00000000
[W] 0100008c 1 01 0100008c
[F] 01000090 24408093
[D] 01000090 13 01 01 04 0 12 00000244 04
[R] 01 04 0100008c 00000000
[E] 01000090 010002d0 0
[M] 01000090 010002d0 0 0 00000000
[W] 01000090 1 01 010002d0
[F] 01000094 ff80af03
[D] 01000094 03 1e 01 18 2 7f fffffff8 18
[R] 01 18 010002d0 00000000
[E] 01000094 010002c8 0
[M] 01000094 010002c8 0 2 00000000
[W] 01000094 1 1e ff00ff00
[F] 01000098 ff010eb7
[D] 01000098 37 1d 00 10 0 7f ff010000 10
[R] 00 10 00000000 00000000
[E] 01000098 ff010000 0
[M] 01000098 ff010000 0 0 00000000
[W] 01000098 1 1d ff010000
[F] 0100009c f00e8e93
[D] 0100009c 13 1d 1d 00 0 78 ffffff00 00
[R] 1d 00 ff010000 00000000
[E] 0100009c ff00ff00 0
[M] 0100009c ff00ff00 0 0 00000000
[W] 0100009c 1 1d ff00ff00
[F] 010000a0 00700193
[D] 010000a0 13 03 00 07 0 00 00000007 07
[R] 00 07 00000000 00000000
[E] 010000a0 00000007 0
[M] 010000a0 00000007 0 0 00000000
[W] 010000a0 1 03 00000007
[F] 010000a4 1fdf1463
[D] 010000a4 63 08 1e 1d 1 0f 000001e8 1d
[R] 1e 1d ff00ff00 ff00ff00
[E] 010000a4 0100028c 0
[M] 010000a4 0100028c 0 1 ff00ff00
[W] 010000a4 0 08 0100028c
[F] 010000a8 00000097
[D] 010000a8 17 01 00 00 0 00 00000000 00
[R] 00 00 00000000 00000000
[E] 010000a8 010000a8 0
[M] 010000a8 010000a8 0 0 00000000
[W] 010000a8 1 01 010000a8
[F] 010000ac 22808093
[D] 010000ac 13 01 01 08 0 11 00000228 08
[R] 01 08 010000a8 00000000
[E] 010000ac 010002d0 0
[M] 010000ac 010002d0 0 0 00000000
[W] 010000ac 1 01 010002d0
[F] 010000b0 ffc0af03
[D] 010000b0 03 1e 01 1c 2 7f fffffffc 1c
[R] 01 1c 010002d0 00000000
[E] 010000b0 010002cc 0
[M] 010000b0 010002cc 0 2 00000000
[W] 010000b0 1 1e 0ff00ff0
[F] 010000b4 0ff01eb7
[D] 010000b4 37 1d 00 1f 1 07 0ff01000 1f
[R] 00 1f 00000000 00000000
[E] 010000b4 0ff01000 0
[M] 010000b4 0ff01000 0 1 00000000
[W] 010000b4 1 1d 0ff01000
[F] 010000b8 ff0e8e93
[D] 010000b8 13 1d 1d 10 0 7f fffffff0 10
[R] 1d 10 0ff01000 00000000
[E] 010000b8 0ff00ff0 0
[M] 010000b8 0ff00ff0 0 0 00000000
[W] 010000b8 1 1d 0ff00ff0
[F] 010000bc 00800193
[D] 010000bc 13 03 00 08 0 00 00000008 08
[R] 00 08 00000000 00000000
[E] 010000bc 00000008 0
[M] 010000bc 00000008 0 0 00000000
[W] 010000bc 1 03 00000008
[F] 010000c0 1ddf1663
[D] 010000c0 63 0c 1e 1d 1 0e 000001cc 1d
[R] 1e 1d 0ff00ff0 0ff00ff0
[E] 010000c0 0100028c 0
[M] 010000c0 0100028c 0 1 0ff00ff0
[W] 010000c0 0 0c 0100028c
[F] 010000c4 00000097
[D] 010000c4 17 01 00 00 0 00 00000000 00
[R] 00 00 00000000 00000000
[E] 010000c4 010000c4 0
[M] 010000c4 010000c4 0 0 00000000
[W] 010000c4 1 01 010000c4
[F] 010000c8 20c08093
[D] 010000c8 13 01 01 0c 0 10 0000020c 0c
[R] 01 0c 010000c4 00000000
[E] 010000c8 010002d0 0
[M] 010000c8 010002d0 0 0 00000000
[W] 010000c8 1 01 010002d0
[F] 010000cc 0000af03
[D] 010000cc 03 1e 01 00 2 00 00000000 00
[R] 01 00 010002d0 00000000
[E] 010000cc 010002d0 0
[M] 010000cc 010002d0 0 2 00000000
[W] 010000cc 1 1e f00ff00f
[F] 010000d0 f00ffeb7
[D] 010000d0 37 1d 00 00 7 78 f00ff000 00
[R] 00 00 00000000 00000000
[E] 010000d0 f00ff000 0
[M] 010000d0 f00ff000 0 3 00000000
[W] 010000d0 1 1d f00ff000
[F] 010000d4 00fe8e93
[D] 010000d4 13 1d 1d 0f 0 00 0000000f 0f
[R] 1d 0f f00ff000 00000000
[E] 010000d4 f00ff00f 0
[M] 010000d4 f00ff00f 0 0 00000000
[W] 010000d4 1 1d f00ff00f
[F] 010000d8 00900193
[D] 010000d8 13 03 00 09 0 00 00000009 09
[R] 00 09 00000000 00000000
[E] 010000d8 00000009 0
[M] 010000d8 00000009 0 0 00000000
[W] 010000d8 1 03 00000009
[F] 010000dc 1bdf1863
[D] 010000dc 63 10 1e 1d 1 0d 000001b0 1d
[R] 1e 1d f00ff00f f00ff00f
[E] 010000dc 0100028c 0
[M] 010000dc 0100028c 0 1 f00ff00f
[W] 010000dc 0 10 0100028c
[F] 010000e0 00000097
[D] 010000e0 17 01 00 00 0 00 00000000 00
[R] 00 00 00000000 00000000
[E] 010000e0 010000e0 0
[M] 010000e0 010000e0 0 0 00000000
[W] 010000e0 1 01 010000e0
[F] 010000e4 1e408093
[D] 010000e4 13 01 01 04 0 0f 000001e4 04
[R] 01 04 010000e0 00000000
[E] 010000e4 010002c4 0
[M] 010000e4 010002c4 0 0 00000000
[W] 010000e4 1 01 010002c4
[F] 010000e8 fe008093
[D] 010000e8 13 01 01 00 0 7f ffffffe0 00
[R] 01 00 010002c4 00000000
[E] 010000e8 010002a4 0
[M] 010000e8 010002a4 0 0 00000000
[W] 010000e8 1 01 010002a4
[F] 010000ec 0200a283
[D] 010000ec 03 05 01 00 2 01 00000020 00
[R] 01 00 010002a4 00000000
[E] 010000ec 010002c4 0
[M] 010000ec 010002c4 0 2 00000000
[W] 010000ec 1 05 00ff00ff
[F] 010000f0 00ff0eb7
[D] 010000f0 37 1d 00 0f 0 00 00ff0000 0f
[R] 00 0f 00000000 00000000
[E] 010000f0 00ff0000 0
[M] 010000f0 00ff0000 0 0 00000000
[W] 010000f0 1 1d 00ff0000
[F] 010000f4 0ffe8e93
[D] 010000f4 13 1d 1d 1f 0 07 000000ff 1f
[R] 1d 1f 00ff0000 00000000
[E] 010000f4 00ff00ff 0
[M] 010000f4 00ff00ff 0 0 00000000
[W] 010000f4 1 1d 00ff00ff
[F] 010000f8 00a00193
[D] 010000f8 13 03 00 0a 0 00 0000000a 0a
[R] 00 0a 00000000 00000000
[E] 010000f8 0000000a 0
[M] 010000f8 0000000a 0 0 00000000
[W] 010000f8 1 03 0000000a
[F] 010000fc 19d29863
[D] 010000fc 63 10 05 1d 1 0c 00000190 1d
[R] 05 1d 00ff00ff 00ff00ff
[E] 010000fc 0100028c 0
[M] 010000fc 0100028c 0 1 00ff00ff
[W] 010000fc 0 10 0100028c
[F] 01000100 00000097
[D] 01000100 17 01 00 00 0 00 00000000 00
[R] 00 00 00000000 00000000
[E] 01000100 01000100 0
[M] 01000100 01000100 0 0 00000000
[W] 01000100 1 01 01000100
[F] 01000104 1c408093
[D] 01000104 13 01 01 04 0 0e 000001c4 04
[R] 01 04 01000100 00000000
[E] 01000104 010002c4 0
[M] 01000104 010002c4 0 0 00000000
[W] 01000104 1 01 010002c4
[F] 01000108 ffd08093
[D] 01000108 13 01 01 1d 0 7f fffffffd 1d
[R] 01 1d 010002c4 00ff00ff
[E] 01000108 010002c1 0
[M] 01000108 010002c1 0 0 00ff00ff
[W] 01000108 1 01 010002c1
[F] 0100010c 0070a283
[D] 0100010c 03 05 01 07 2 00 00000007 07
[R] 01 07 010002c1 00000000
[E] 0100010c 010002c8 0
[M] 0100010c 010002c8 0 2 00000000
[W] 0100010c 1 05 ff00ff00
[F] 01000110 ff010eb7
[D] 01000110 37 1d 00 10 0 7f ff010000 10
[R] 00 10 00000000 00000000
[E] 01000110 ff010000 0
[M] 01000110 ff010000 0 0 00000000
[W] 01000110 1 1d ff010000
[F] 01000114 f00e8e93
[D] 01000114 13 1d 1d 00 0 78 ffffff00 00
[R] 1d 00 ff010000 00000000
[E] 01000114 ff00ff00 0
[M] 01000114 ff00ff00 0 0 00000000
[W] 01000114 1 1d ff00ff00
[F] 01000118 00b00193
[D] 01000118 13 03 00 0b 0 00 0000000b 0b
[R] 00 0b 00000000 00000000
[E] 01000118 0000000b 0
[M] 01000118 0000000b 0 0 00000000
[W] 01000118 1 03 0000000b
[F] 0100011c 17d29863
[D] 0100011c 63 10 05 1d 1 0b 00000170 1d
[R] 05 1d ff00ff00 ff00ff00
[E] 0100011c 0100028c 0
[M] 0100011c 0100028c 0 1 ff00ff00
[W] 0100011c 0 10 0100028c
[F] 01000120 00c00193
[D] 01000120 13 03 00 0c 0 00 0000000c 0c
[R] 00 0c 00000000 00000000
[E] 01000120 0000000c 0
[M] 01000120 0000000c 0 0 00000000
[W] 01000120 1 03 0000000c
[F] 01000124 00000213
[D] 01000124 13 04 00 00 0 00 00000000 00
[R] 00 00 00000000 00000000
[E] 01000124 00000000 0
[M] 01000124 00000000 0 0 00000000
[W] 01000124 1 04 00000000
[F] 01000128 00000097
[D] 01000128 17 01 00 00 0 00 00000000 00
[R] 00 00 00000000 00000000
[E] 01000128 01000128 0
[M] 01000128 01000128 0 0 00000000
[W] 01000128 1 01 01000128
[F] 0100012c 1a008093
[D] 0100012c 13 01 01 00 0 0d 000001a0 00
[R] 01 00 01000128 00000000
[E] 0100012c 010002c8 0
[M] 0100012c 010002c8 0 0 00000000
[W] 0100012c 1 01 010002c8
[F] 01000130 0040af03
[D] 01000130 03 1e 01 04 2 00 00000004 04
[R] 01 04 010002c8 00000000
[E] 01000130 010002cc 0
[M] 01000130 010002cc 0 2 00000000
[W] 01000130 1 1e 0ff00ff0
[F] 01000134 000f0313
[D] 01000134 13 06 1e 00 0 00 00000000 00
[R] 1e 00 0ff00ff0 00000000
[E] 01000134 0ff00ff0 0
[M] 01000134 0ff00ff0 0 0 00000000
[W] 01000134 1 06 0ff00ff0
[F] 01000138 0ff01eb7
[D] 01000138 37 1d 00 1f 1 07 0ff01000 1f
[R] 00 1f 00000000 00000000
[E] 01000138 0ff01000 0
[M] 01000138 0ff01000 0 1 00000000
[W] 01000138 1 1d 0ff01000
[F] 0100013c ff0e8e93
[D] 0100013c 13 1d 1d 10 0 7f fffffff0 10
[R] 1d 10 0ff01000 00000000
[E] 0100013c 0ff00ff0 0
[M] 0100013c 0ff00ff0 0 0 00000000
[W] 0100013c 1 1d 0ff00ff0
[F] 01000140 15d31663
[D] 01000140 63 0c 06 1d 1 0a 0000014c 1d
[R] 06 1d 0ff00ff0 0ff00ff0
[E] 01000140 0100028c 0
[M] 01000140 0100028c 0 1 0ff00ff0
[W] 01000140 0 0c 0100028c
[F] 01000144 00120213
[D] 01000144 13 04 04 01 0 00 00000001 01
[R] 04 01 00000000 010002c8
[E] 01000144 00000001 0
[M] 01000144 00000001 0 0 010002c8
[W] 01000144 1 04 00000001
[F] 01000148 00200293
[D] 01000148 13 05 00 02 0 00 00000002 02
[R] 00 02 00000000 01100000
[E] 01000148 00000002 0
[M] 01000148 00000002 0 0 01100000
[W] 01000148 1 05 00000002
[F] 0100014c fc521ee3
[D] 0100014c 63 1d 04 05 1 7e ffffffdc 05
[R] 04 05 00000001 00000002
[E] 0100014c 01000128 0
[M] 0100014c 01000128 0 1 00000002
[W] 0100014c 0 1d 01000128
[F] 01000128 00000097
[D] 01000128 17 01 00 00 0 00 00000000 00
[R] 00 00 00000000 00000000
[E] 01000128 01000128 0
[M] 01000128 01000128 0 0 00000000
[W] 01000128 1 01 01000128
[F] 0100012c 1a008093
[D] 0100012c 13 01 01 00 0 0d 000001a0 00
[R] 01 00 01000128 00000000
[E] 0100012c 010002c8 0
[M] 0100012c 010002c8 0 0 00000000
[W] 0100012c 1 01 010002c8
[F] 01000130 0040af03
[D] 01000130 03 1e 01 04 2 00 00000004 04
[R] 01 04 010002c8 00000001
[E] 01000130 010002cc 0
[M] 01000130 010002cc 0 2 00000001
[W] 01000130 1 1e 0ff00ff0
[F] 01000134 000f0313
[D] 01000134 13 06 1e 00 0 00 00000000 00
[R] 1e 00 0ff00ff0 00000000
[E] 01000134 0ff00ff0 0
[M] 01000134 0ff00ff0 0 0 00000000
[W] 01000134 1 06 0ff00ff0
[F] 01000138 0ff01eb7
[D] 01000138 37 1d 00 1f 1 07 0ff01000 1f
[R] 00 1f 00000000 00000000
[E] 01000138 0ff01000 0
[M] 01000138 0ff01000 0 1 00000000
[W] 01000138 1 1d 0ff01000
[F] 0100013c ff0e8e93
[D] 0100013c 13 1d 1d 10 0 7f fffffff0 10
[R] 1d 10 0ff01000 00000000
[E] 0100013c 0ff00ff0 0
[M] 0100013c 0ff00ff0 0 0 00000000
[W] 0100013c 1 1d 0ff00ff0
[F] 01000140 15d31663
[D] 01000140 63 0c 06 1d 1 0a 0000014c 1d
[R] 06 1d 0ff00ff0 0ff00ff0
[E] 01000140 0100028c 0
[M] 01000140 0100028c 0 1 0ff00ff0
[W] 01000140 0 0c 0100028c
[F] 01000144 00120213
[D] 01000144 13 04 04 01 0 00 00000001 01
[R] 04 01 00000001 010002c8
[E] 01000144 00000002 0
[M] 01000144 00000002 0 0 010002c8
[W] 01000144 1 04 00000002
[F] 01000148 00200293
[D] 01000148 13 05 00 02 0 00 00000002 02
[R] 00 02 00000000 01100000
[E] 01000148 00000002 0
[M] 01000148 00000002 0 0 01100000
[W] 01000148 1 05 00000002
[F] 0100014c fc521ee3
[D] 0100014c 63 1d 04 05 1 7e ffffffdc 05
[R] 04 05 00000002 00000002
[E] 0100014c 01000128 0
[M] 0100014c 01000128 0 1 00000002
[W] 0100014c 0 1d 01000128
[F] 01000150 00d00193
[D] 01000150 13 03 00 0d 0 00 0000000d 0d
[R] 00 0d 00000000 00000000
[E] 01000150 0000000d 0
[M] 01000150 0000000d 0 0 00000000
[W] 01000150 1 03 0000000d
[F] 01000154 00000213
[D] 01000154 13 04 00 00 0 00 00000000 00
[R] 00 00 00000000 00000000
[E] 01000154 00000000 0
[M] 01000154 00000000 0 0 00000000
[W] 01000154 1 04 00000000
[F] 01000158 00000097
[D] 01000158 17 01 00 00 0 00 00000000 00
[R] 00 00 00000000 00000000
[E] 01000158 01000158 0
[M] 01000158 01000158 0 0 00000000
[W] 01000158 1 01 01000158
[F] 0100015c 17408093
[D] 0100015c 13 01 01 14 0 0b 00000174 14
[R] 01 14 01000158 00000000
[E] 0100015c 010002cc 0
[M] 0100015c 010002cc 0 0 00000000
[W] 0100015c 1 01 010002cc
[F] 01000160 0040af03
[D] 01000160 03 1e 01 04 2 00 00000004 04
[R] 01 04 010002cc 00000000
[E] 01000160 010002d0 0
[M] 01000160 010002d0 0 2 00000000
[W] 01000160 1 1e f00ff00f
[F] 01000164 00000013
[D] 01000164 13 00 00 00 0 00 00000000 00
[R] 00 00 00000000 00000000
[E] 01000164 00000000 0
[M] 01000164 00000000 0 0 00000000
[W] 01000164 1 00 00000000
[F] 01000168 000f0313
[D] 01000168 13 06 1e 00 0 00 00000000 00
[R] 1e 00 f00ff00f 00000000
[E] 01000168 f00ff00f 0
[M] 01000168 f00ff00f 0 0 00000000
[W] 01000168 1 06 f00ff00f
[F] 0100016c f00ffeb7
[D] 0100016c 37 1d 00 00 7 78 f00ff000 00
[R] 00 00 00000000 00000000
[E] 0100016c f00ff000 0
[M] 0100016c f00ff000 0 3 00000000
[W] 0100016c 1 1d f00ff000
[F] 01000170 00fe8e93
[D] 01000170 13 1d 1d 0f 0 00 0000000f 0f
[R] 1d 0f f00ff000 00000000
[E] 01000170 f00ff00f 0
[M] 01000170 f00ff00f 0 0 00000000
[W] 01000170 1 1d f00ff00f
[F] 01000174 11d31c63
[D] 01000174 63 18 06 1d 1 08 00000118 1d
[R] 06 1d f00ff00f f00ff00f
[E] 01000174 0100028c 0
[M] 01000174 0100028c 0 1 f00ff00f
[W] 01000174 0 18 0100028c
[F] 01000178 00120213
[D] 01000178 13 04 04 01 0 00 00000001 01
[R] 04 01 00000000 010002cc
[E] 01000178 00000001 0
[M] 01000178 00000001 0 0 010002cc
[W] 01000178 1 04 00000001
[F] 0100017c 00200293
[D] 0100017c 13 05 00 02 0 00 00000002 02
[R] 00 02 00000000 01100000
[E] 0100017c 00000002 0
[M] 0100017c 00000002 0 0 01100000
[W] 0100017c 1 05 00000002
[F] 01000180 fc521ce3
[D] 01000180 63 19 04 05 1 7e ffffffd8 05
[R] 04 05 00000001 00000002
[E] 01000180 01000158 0
[M] 01000180 01000158 0 1 00000002
[W] 01000180 0 19 01000158
[F] 01000158 00000097
[D] 01000158 17 01 00 00 0 00 00000000 00
[R] 00 00 00000000 00000000
[E] 01000158 01000158 0
[M] 01000158 01000158 0 0 00000000
[W] 01000158 1 01 01000158
[F] 0100015c 17408093
[D] 0100015c 13 01 01 14 0 0b 00000174 14
[R] 01 14 01000158 00000000
[E] 0100015c 010002cc 0
[M] 0100015c 010002cc 0 0 00000000
[W] 0100015c 1 01 010002cc
[F] 01000160 0040af03
[D] 01000160 03 1e 01 04 2 00 00000004 04
[R] 01 04 010002cc 00000001
[E] 01000160 010002d0 0
[M] 01000160 010002d0 0 2 00000001
[W] 01000160 1 1e f00ff00f
[F] 01000164 00000013
[D] 01000164 13 00 00 00 0 00 00000000 00
[R] 00 00 00000000 00000000
[E] 01000164 00000000 0
[M] 01000164 00000000 0 0 00000000
[W] 01000164 1 00 00000000
[F] 01000168 000f0313
[D] 01000168 13 06 1e 00 0 00 00000000 00
[R] 1e 00 f00ff00f 00000000
[E] 01000168 f00ff00f 0
[M] 01000168 f00ff00f 0 0 00000000
[W] 01000168 1 06 f00ff00f
[F] 0100016c f00ffeb7
[D] 0100016c 37 1d 00 00 7 78 f00ff000 00
[R] 00 00 00000000 00000000
[E] 0100016c f00ff000 0
[M] 0100016c f00ff000 0 3 00000000
[W] 0100016c 1 1d f00ff000
[F] 01000170 00fe8e93
[D] 01000170 13 1d 1d 0f 0 00 0000000f 0f
[R] 1d 0f f00ff000 00000000
[E] 01000170 f00ff00f 0
[M] 01000170 f00ff00f 0 0 00000000
[W] 01000170 1 1d f00ff00f
[F] 01000174 11d31c63
[D] 01000174 63 18 06 1d 1 08 00000118 1d
[R] 06 1d f00ff00f f00ff00f
[E] 01000174 0100028c 0
[M] 01000174 0100028c 0 1 f00ff00f
[W] 01000174 0 18 0100028c
[F] 01000178 00120213
[D] 01000178 13 04 04 01 0 00 00000001 01
[R] 04 01 00000001 010002cc
[E] 01000178 00000002 0
[M] 01000178 00000002 0 0 010002cc
[W] 01000178 1 04 00000002
[F] 0100017c 00200293
[D] 0100017c 13 05 00 02 0 00 00000002 02
[R] 00 02 00000000 01100000
[E] 0100017c 00000002 0
[M] 0100017c 00000002 0 0 01100000
[W] 0100017c 1 05 00000002
[F] 01000180 fc521ce3
[D] 01000180 63 19 04 05 1 7e ffffffd8 05
[R] 04 05 00000002 00000002
[E] 01000180 01000158 0
[M] 01000180 01000158 0 1 00000002
[W] 01000180 0 19 01000158
[F] 01000184 00e00193
[D] 01000184 13 03 00 0e 0 00 0000000e 0e
[R] 00 0e 00000000 00000000
[E] 01000184 0000000e 0
[M] 01000184 0000000e 0 0 00000000
[W] 01000184 1 03 0000000e
[F] 01000188 00000213
[D] 01000188 13 04 00 00 0 00 00000000 00
[R] 00 00 00000000 00000000
[E] 01000188 00000000 0
[M] 01000188 00000000 0 0 00000000
[W] 01000188 1 04 00000000
[F] 0100018c 00000097
[D] 0100018c 17 01 00 00 0 00 00000000 00
[R] 00 00 00000000 00000000
[E] 0100018c 0100018c 0
[M] 0100018c 0100018c 0 0 00000000
[W] 0100018c 1 01 0100018c
[F] 01000190 13808093
[D] 01000190 13 01 01 18 0 09 00000138 18
[R] 01 18 0100018c 00000000
[E] 01000190 010002c4 0
[M] 01000190 010002c4 0 0 00000000
[W] 01000190 1 01 010002c4
[F] 01000194 0040af03
[D] 01000194 03 1e 01 04 2 00 00000004 04
[R] 01 04 010002c4 00000000
[E] 01000194 010002c8 0
[M] 01000194 010002c8 0 2 00000000
[W] 01000194 1 1e ff00ff00
[F] 01000198 00000013
[D] 01000198 13 00 00 00 0 00 00000000 00
[R] 00 00 00000000 00000000
[E] 01000198 00000000 0
[M] 01000198 00000000 0 0 00000000
[W] 01000198 1 00 00000000
[F] 0100019c 00000013
[D] 0100019c 13 00 00 00 0 00 00000000 00
[R] 00 00 00000000 00000000
[E] 0100019c 00000000 0
[M] 0100019c 00000000 0 0 00000000
[W] 0100019c 1 00 00000000
[F] 010001a0 000f0313
[D] 010001a0 13 06 1e 00 0 00 00000000 00
[R] 1e 00 ff00ff00 00000000
[E] 010001a0 ff00ff00 0
[M] 010001a0 ff00ff00 0 0 00000000
[W] 010001a0 1 06 ff00ff00
[F] 010001a4 ff010eb7
[D] 010001a4 37 1d 00 10 0 7f ff010000 10
[R] 00 10 00000000 00000000
[E] 010001a4 ff010000 0
[M] 010001a4 ff010000 0 0 00000000
[W] 010001a4 1 1d ff010000
[F] 010001a8 f00e8e93
[D] 010001a8 13 1d 1d 00 0 78 ffffff00 00
[R] 1d 00 ff010000 00000000
[E] 010001a8 ff00ff00 0
[M] 010001a8 ff00ff00 0 0 00000000
[W] 010001a8 1 1d ff00ff00
[F] 010001ac 0fd31063
[D] 010001ac 63 00 06 1d 1 07 000000e0 1d
[R] 06 1d ff00ff00 ff00ff00
[E] 010001ac 0100028c 0
[M] 010001ac 0100028c 0 1 ff00ff00
[W] 010001ac 0 00 0100028c
[F] 010001b0 00120213
[D] 010001b0 13 04 04 01 0 00 00000001 01
[R] 04 01 00000000 010002c4
[E] 010001b0 00000001 0
[M] 010001b0 00000001 0 0 010002c4
[W] 010001b0 1 04 00000001
[F] 010001b4 00200293
[D] 010001b4 13 05 00 02 0 00 00000002 02
[R] 00 02 00000000 01100000
[E] 010001b4 00000002 0
[M] 010001b4 00000002 0 0 01100000
[W] 010001b4 1 05 00000002
[F] 010001b8 fc521ae3
[D] 010001b8 63 15 04 05 1 7e ffffffd4 05
[R] 04 05 00000001 00000002
[E] 010001b8 0100018c 0
[M] 010001b8 0100018c 0 1 00000002
[W] 010001b8 0 15 0100018c
[F] 0100018c 00000097
[D] 0100018c 17 01 00 00 0 00 00000000 00
[R] 00 00 00000000 00000000
[E] 0100018c 0100018c 0
[M] 0100018c 0100018c 0 0 00000000
[W] 0100018c 1 01 0100018c
[F] 01000190 13808093
[D] 01000190 13 01 01 18 0 09 00000138 18
[R] 01 18 0100018c 00000000
[E] 01000190 010002c4 0
[M] 01000190 010002c4 0 0 00000000
[W] 01000190 1 01 010002c4
[F] 01000194 0040af03
[D] 01000194 03 1e 01 04 2 00 00000004 04
[R] 01 04 010002c4 00000001
[E] 01000194 010002c8 0
[M] 01000194 010002c8 0 2 00000001
[W] 01000194 1 1e ff00ff00
[F] 01000198 00000013
[D] 01000198 13 00 00 00 0 00 00000000 00
[R] 00 00 00000000 00000000
[E] 01000198 00000000 0
[M] 01000198 00000000 0 0 00000000
[W] 01000198 1 00 00000000
[F] 0100019c 00000013
[D] 0100019c 13 00 00 00 0 00 00000000 00
[R] 00 00 00000000 00000000
[E] 0100019c 00000000 0
[M] 0100019c 00000000 0 0 00000000
[W] 0100019c 1 00 00000000
[F] 010001a0 000f0313
[D] 010001a0 13 06 1e 00 0 00 00000000 00
[R] 1e 00 ff00ff00 00000000
[E] 010001a0 ff00ff00 0
[M] 010001a0 ff00ff00 0 0 00000000
[W] 010001a0 1 06 ff00ff00
[F] 010001a4 ff010eb7
[D] 010001a4 37 1d 00 10 0 7f ff010000 10
[R] 00 10 00000000 00000000
[E] 010001a4 ff010000 0
[M] 010001a4 ff010000 0 0 00000000
[W] 010001a4 1 1d ff010000
[F] 010001a8 f00e8e93
[D] 010001a8 13 1d 1d 00 0 78 ffffff00 00
[R] 1d 00 ff010000 00000000
[E] 010001a8 ff00ff00 0
[M] 010001a8 ff00ff00 0 0 00000000
[W] 010001a8 1 1d ff00ff00
[F] 010001ac 0fd31063
[D] 010001ac 63 00 06 1d 1 07 000000e0 1d
[R] 06 1d ff00ff00 ff00ff00
[E] 010001ac 0100028c 0
[M] 010001ac 0100028c 0 1 ff00ff00
[W] 010001ac 0 00 0100028c
[F] 010001b0 00120213
[D] 010001b0 13 04 04 01 0 00 00000001 01
[R] 04 01 00000001 010002c4
[E] 010001b0 00000002 0
[M] 010001b0 00000002 0 0 010002c4
[W] 010001b0 1 04 00000002
[F] 010001b4 00200293
[D] 010001b4 13 05 00 02 0 00 00000002 02
[R] 00 02 00000000 01100000
[E] 010001b4 00000002 0
[M] 010001b4 00000002 0 0 01100000
[W] 010001b4 1 05 00000002
[F] 010001b8 fc521ae3
[D] 010001b8 63 15 04 05 1 7e ffffffd4 05
[R] 04 05 00000002 00000002
[E] 010001b8 0100018c 0
[M] 010001b8 0100018c 0 1 00000002
[W] 010001b8 0 15 0100018c
[F] 010001bc 00f00193
[D] 010001bc 13 03 00 0f 0 00 0000000f 0f
[R] 00 0f 00000000 00000000
[E] 010001bc 0000000f 0
[M] 010001bc 0000000f 0 0 00000000
[W] 010001bc 1 03 0000000f
[F] 010001c0 00000213
[D] 010001c0 13 04 00 00 0 00 00000000 00
[R] 00 00 00000000 00000000
[E] 010001c0 00000000 0
[M] 010001c0 00000000 0 0 00000000
[W] 010001c0 1 04 00000000
[F] 010001c4 00000097
[D] 010001c4 17 01 00 00 0 00 00000000 00
[R] 00 00 00000000 00000000
[E] 010001c4 010001c4 0
[M] 010001c4 010001c4 0 0 00000000
[W] 010001c4 1 01 010001c4
[F] 010001c8 10408093
[D] 010001c8 13 01 01 04 0 08 00000104 04
[R] 01 04 010001c4 00000000
[E] 010001c8 010002c8 0
[M] 010001c8 010002c8 0 0 00000000
[W] 010001c8 1 01 010002c8
[F] 010001cc 0040af03
[D] 010001cc 03 1e 01 04 2 00 00000004 04
[R] 01 04 010002c8 00000000
[E] 010001cc 010002cc 0
[M] 010001cc 010002cc 0 2 00000000
[W] 010001cc 1 1e 0ff00ff0
[F] 010001d0 0ff01eb7
[D] 010001d0 37 1d 00 1f 1 07 0ff01000 1f
[R] 00 1f 00000000 00000000
[E] 010001d0 0ff01000 0
[M] 010001d0 0ff01000 0 1 00000000
[W] 010001d0 1 1d 0ff01000
[F] 010001d4 ff0e8e93
[D] 010001d4 13 1d 1d 10 0 7f fffffff0 10
[R] 1d 10 0ff01000 00000000
[E] 010001d4 0ff00ff0 0
[M] 010001d4 0ff00ff0 0 0 00000000
[W] 010001d4 1 1d 0ff00ff0
[F] 010001d8 0bdf1a63
[D] 010001d8 63 14 1e 1d 1 05 000000b4 1d
[R] 1e 1d 0ff00ff0 0ff00ff0
[E] 010001d8 0100028c 0
[M] 010001d8 0100028c 0 1 0ff00ff0
[W] 010001d8 0 14 0100028c
[F] 010001dc 00120213
[D] 010001dc 13 04 04 01 0 00 00000001 01
[R] 04 01 00000000 010002c8
[E] 010001dc 00000001 0
[M] 010001dc 00000001 0 0 010002c8
[W] 010001dc 1 04 00000001
[F] 010001e0 00200293
[D] 010001e0 13 05 00 02 0 00 00000002 02
[R] 00 02 00000000 01100000
[E] 010001e0 00000002 0
[M] 010001e0 00000002 0 0 01100000
[W] 010001e0 1 05 00000002
[F] 010001e4 fe5210e3
[D] 010001e4 63 01 04 05 1 7f ffffffe0 05
[R] 04 05 00000001 00000002
[E] 010001e4 010001c4 0
[M] 010001e4 010001c4 0 1 00000002
[W] 010001e4 0 01 010001c4
[F] 010001c4 00000097
[D] 010001c4 17 01 00 00 0 00 00000000 00
[R] 00 00 00000000 00000000
[E] 010001c4 010001c4 0
[M] 010001c4 010001c4 0 0 00000000
[W] 010001c4 1 01 010001c4
[F] 010001c8 10408093
[D] 010001c8 13 01 01 04 0 08 00000104 04
[R] 01 04 010001c4 00000001
[E] 010001c8 010002c8 0
[M] 010001c8 010002c8 0 0 00000001
[W] 010001c8 1 01 010002c8
[F] 010001cc 0040af03
[D] 010001cc 03 1e 01 04 2 00 00000004 04
[R] 01 04 010002c8 00000001
[E] 010001cc 010002cc 0
[M] 010001cc 010002cc 0 2 00000001
[W] 010001cc 1 1e 0ff00ff0
[F] 010001d0 0ff01eb7
[D] 010001d0 37 1d 00 1f 1 07 0ff01000 1f
[R] 00 1f 00000000 00000000
[E] 010001d0 0ff01000 0
[M] 010001d0 0ff01000 0 1 00000000
[W] 010001d0 1 1d 0ff01000
[F] 010001d4 ff0e8e93
[D] 010001d4 13 1d 1d 10 0 7f fffffff0 10
[R] 1d 10 0ff01000 00000000
[E] 010001d4 0ff00ff0 0
[M] 010001d4 0ff00ff0 0 0 00000000
[W] 010001d4 1 1d 0ff00ff0
[F] 010001d8 0bdf1a63
[D] 010001d8 63 14 1e 1d 1 05 000000b4 1d
[R] 1e 1d 0ff00ff0 0ff00ff0
[E] 010001d8 0100028c 0
[M] 010001d8 0100028c 0 1 0ff00ff0
[W] 010001d8 0 14 0100028c
[F] 010001dc 00120213
[D] 010001dc 13 04 04 01 0 00 00000001 01
[R] 04 01 00000001 010002c8
[E] 010001dc 00000002 0
[M] 010001dc 00000002 0 0 010002c8
[W] 010001dc 1 04 00000002
[F] 010001e0 00200293
[D] 010001e0 13 05 00 02 0 00 00000002 02
[R] 00 02 00000000 01100000
[E] 010001e0 00000002 0
[M] 010001e0 00000002 0 0 01100000
[W] 010001e0 1 05 00000002
[F] 010001e4 fe5210e3
[D] 010001e4 63 01 04 05 1 7f ffffffe0 05
[R] 04 05 00000002 00000002
[E] 010001e4 010001c4 0
[M] 010001e4 010001c4 0 1 00000002
[W] 010001e4 0 01 010001c4
[F] 010001e8 01000193
[D] 010001e8 13 03 00 10 0 00 00000010 10
[R] 00 10 00000000 00000000
[E] 010001e8 00000010 0
[M] 010001e8 00000010 0 0 00000000
[W] 010001e8 1 03 00000010
[F] 010001ec 00000213
[D] 010001ec 13 04 00 00 0 00 00000000 00
[R] 00 00 00000000 00000000
[E] 010001ec 00000000 0
[M] 010001ec 00000000 0 0 00000000
[W] 010001ec 1 04 00000000
[F] 010001f0 00000097
[D] 010001f0 17 01 00 00 0 00 00000000 00
[R] 00 00 00000000 00000000
[E] 010001f0 010001f0 0
[M] 010001f0 010001f0 0 0 00000000
[W] 010001f0 1 01 010001f0
[F] 010001f4 0dc08093
[D] 010001f4 13 01 01 1c 0 06 000000dc 1c
[R] 01 1c 010001f0 00000000
[E] 010001f4 010002cc 0
[M] 010001f4 010002cc 0 0 00000000
[W] 010001f4 1 01 010002cc
[F] 010001f8 00000013
[D] 010001f8 13 00 00 00 0 00 00000000 00
[R] 00 00 00000000 00000000
[E] 010001f8 00000000 0
[M] 010001f8 00000000 0 0 00000000
[W] 010001f8 1 00 00000000
[F] 010001fc 0040af03
[D] 010001fc 03 1e 01 04 2 00 00000004 04
[R] 01 04 010002cc 00000000
[E] 010001fc 010002d0 0
[M] 010001fc 010002d0 0 2 00000000
[W] 010001fc 1 1e f00ff00f
[F] 01000200 f00ffeb7
[D] 01000200 37 1d 00 00 7 78 f00ff000 00
[R] 00 00 00000000 00000000
[E] 01000200 f00ff000 0
[M] 01000200 f00ff000 0 3 00000000
[W] 01000200 1 1d f00ff000
[F] 01000204 00fe8e93
[D] 01000204 13 1d 1d 0f 0 00 0000000f 0f
[R] 1d 0f f00ff000 00000000
[E] 01000204 f00ff00f 0
[M] 01000204 f00ff00f 0 0 00000000
[W] 01000204 1 1d f00ff00f
[F] 01000208 09df1263
[D] 01000208 63 04 1e 1d 1 04 00000084 1d
[R] 1e 1d f00ff00f f00ff00f
[E] 01000208 0100028c 0
[M] 01000208 0100028c 0 1 f00ff00f
[W] 01000208 0 04 0100028c
[F] 0100020c 00120213
[D] 0100020c 13 04 04 01 0 00 00000001 01
[R] 04 01 00000000 010002cc
[E] 0100020c 00000001 0
[M] 0100020c 00000001 0 0 010002cc
[W] 0100020c 1 04 00000001
[F] 01000210 00200293
[D] 01000210 13 05 00 02 0 00 00000002 02
[R] 00 02 00000000 01100000
[E] 01000210 00000002 0
[M] 01000210 00000002 0 0 01100000
[W] 01000210 1 05 00000002
[F] 01000214 fc521ee3
[D] 01000214 63 1d 04 05 1 7e ffffffdc 05
[R] 04 05 00000001 00000002
[E] 01000214 010001f0 0
[M] 01000214 010001f0 0 1 00000002
[W] 01000214 0 1d 010001f0
[F] 010001f0 00000097
[D] 010001f0 17 01 00 00 0 00 00000000 00
[R] 00 00 00000000 00000000
[E] 010001f0 010001f0 0
[M] 010001f0 010001f0 0 0 00000000
[W] 010001f0 1 01 010001f0
[F] 010001f4 0dc08093
[D] 010001f4 13 01 01 1c 0 06 000000dc 1c
[R] 01 1c 010001f0 00000000
[E] 010001f4 010002cc 0
[M] 010001f4 010002cc 0 0 00000000
[W] 010001f4 1 01 010002cc
[F] 010001f8 00000013
[D] 010001f8 13 00 00 00 0 00 00000000 00
[R] 00 00 00000000 00000000
[E] 010001f8 00000000 0
[M] 010001f8 00000000 0 0 00000000
[W] 010001f8 1 00 00000000
[F] 010001fc 0040af03
[D] 010001fc 03 1e 01 04 2 00 00000004 04
[R] 01 04 010002cc 00000001
[E] 010001fc 010002d0 0
[M] 010001fc 010002d0 0 2 00000001
[W] 010001fc 1 1e f00ff00f
[F] 01000200 f00ffeb7
[D] 01000200 37 1d 00 00 7 78 f00ff000 00
[R] 00 00 00000000 00000000
[E] 01000200 f00ff000 0
[M] 01000200 f00ff000 0 3 00000000
[W] 01000200 1 1d f00ff000
[F] 01000204 00fe8e93
[D] 01000204 13 1d 1d 0f 0 00 0000000f 0f
[R] 1d 0f f00ff000 00000000
[E] 01000204 f00ff00f 0
[M] 01000204 f00ff00f 0 0 00000000
[W] 01000204 1 1d f00ff00f
[F] 01000208 09df1263
[D] 01000208 63 04 1e 1d 1 04 00000084 1d
[R] 1e 1d f00ff00f f00ff00f
[E] 01000208 0100028c 0
[M] 01000208 0100028c 0 1 f00ff00f
[W] 01000208 0 04 0100028c
[F] 0100020c 00120213
[D] 0100020c 13 04 04 01 0 00 00000001 01
[R] 04 01 00000001 010002cc
[E] 0100020c 00000002 0
[M] 0100020c 00000002 0 0 010002cc
[W] 0100020c 1 04 00000002
[F] 01000210 00200293
[D] 01000210 13 05 00 02 0 00 00000002 02
[R] 00 02 00000000 01100000
[E] 01000210 00000002 0
[M] 01000210 00000002 0 0 01100000
[W] 01000210 1 05 00000002
[F] 01000214 fc521ee3
[D] 01000214 63 1d 04 05 1 7e ffffffdc 05
[R] 04 05 00000002 00000002
[E] 01000214 010001f0 0
[M] 01000214 010001f0 0 1 00000002
[W] 01000214 0 1d 010001f0
[F] 01000218 01100193
[D] 01000218 13 03 00 11 0 00 00000011 11
[R] 00 11 00000000 00000000
[E] 01000218 00000011 0
[M] 01000218 00000011 0 0 00000000
[W] 01000218 1 03 00000011
[F] 0100021c 00000213
[D] 0100021c 13 04 00 00 0 00 00000000 00
[R] 00 00 00000000 00000000
[E] 0100021c 00000000 0
[M] 0100021c 00000000 0 0 00000000
[W] 0100021c 1 04 00000000
[F] 01000220 00000097
[D] 01000220 17 01 00 00 0 00 00000000 00
[R] 00 00 00000000 00000000
[E] 01000220 01000220 0
[M] 01000220 01000220 0 0 00000000
[W] 01000220 1 01 01000220
[F] 01000224 0a408093
[D] 01000224 13 01 01 04 0 05 000000a4 04
[R] 01 04 01000220 00000000
[E] 01000224 010002c4 0
[M] 01000224 010002c4 0 0 00000000
[W] 01000224 1 01 010002c4
[F] 01000228 00000013
[D] 01000228 13 00 00 00 0 00 00000000 00
[R] 00 00 00000000 00000000
[E] 01000228 00000000 0
[M] 01000228 00000000 0 0 00000000
[W] 01000228 1 00 00000000
[F] 0100022c 00000013
[D] 0100022c 13 00 00 00 0 00 00000000 00
[R] 00 00 00000000 00000000
[E] 0100022c 00000000 0
[M] 0100022c 00000000 0 0 00000000
[W] 0100022c 1 00 00000000
[F] 01000230 0040af03
[D] 01000230 03 1e 01 04 2 00 00000004 04
[R] 01 04 010002c4 00000000
[E] 01000230 010002c8 0
[M] 01000230 010002c8 0 2 00000000
[W] 01000230 1 1e ff00ff00
[F] 01000234 ff010eb7
[D] 01000234 37 1d 00 10 0 7f ff010000 10
[R] 00 10 00000000 00000000
[E] 01000234 ff010000 0
[M] 01000234 ff010000 0 0 00000000
[W] 01000234 1 1d ff010000
[F] 01000238 f00e8e93
[D] 01000238 13 1d 1d 00 0 78 ffffff00 00
[R] 1d 00 ff010000 00000000
[E] 01000238 ff00ff00 0
[M] 01000238 ff00ff00 0 0 00000000
[W] 01000238 1 1d ff00ff00
[F] 0100023c 05df1863
[D] 0100023c 63 10 1e 1d 1 02 00000050 1d
[R] 1e 1d ff00ff00 ff00ff00
[E] 0100023c 0100028c 0
[M] 0100023c 0100028c 0 1 ff00ff00
[W] 0100023c 0 10 0100028c
[F] 01000240 00120213
[D] 01000240 13 04 04 01 0 00 00000001 01
[R] 04 01 00000000 010002c4
[E] 01000240 00000001 0
[M] 01000240 00000001 0 0 010002c4
[W] 01000240 1 04 00000001
[F] 01000244 00200293
[D] 01000244 13 05 00 02 0 00 00000002 02
[R] 00 02 00000000 01100000
[E] 01000244 00000002 0
[M] 01000244 00000002 0 0 01100000
[W] 01000244 1 05 00000002
[F] 01000248 fc521ce3
[D] 01000248 63 19 04 05 1 7e ffffffd8 05
[R] 04 05 00000001 00000002
[E] 01000248 01000220 0
[M] 01000248 01000220 0 1 00000002
[W] 01000248 0 19 01000220
[F] 01000220 00000097
[D] 01000220 17 01 00 00 0 00 00000000 00
[R] 00 00 00000000 00000000
[E] 01000220 01000220 0
[M] 01000220 01000220 0 0 00000000
[W] 01000220 1 01 01000220
[F] 01000224 0a408093
[D] 01000224 13 01 01 04 0 05 000000a4 04
[R] 01 04 01000220 00000001
[E] 01000224 010002c4 0
[M] 01000224 010002c4 0 0 00000001
[W] 01000224 1 01 010002c4
[F] 01000228 00000013
[D] 01000228 13 00 00 00 0 00 00000000 00
[R] 00 00 00000000 00000000
[E] 01000228 00000000 0
[M] 01000228 00000000 0 0 00000000
[W] 01000228 1 00 00000000
[F] 0100022c 00000013
[D] 0100022c 13 00 00 00 0 00 00000000 00
[R] 00 00 00000000 00000000
[E] 0100022c 00000000 0
[M] 0100022c 00000000 0 0 00000000
[W] 0100022c 1 00 00000000
[F] 01000230 0040af03
[D] 01000230 03 1e 01 04 2 00 00000004 04
[R] 01 04 010002c4 00000001
[E] 01000230 010002c8 0
[M] 01000230 010002c8 0 2 00000001
[W] 01000230 1 1e ff00ff00
[F] 01000234 ff010eb7
[D] 01000234 37 1d 00 10 0 7f ff010000 10
[R] 00 10 00000000 00000000
[E] 01000234 ff010000 0
[M] 01000234 ff010000 0 0 00000000
[W] 01000234 1 1d ff010000
[F] 01000238 f00e8e93
[D] 01000238 13 1d 1d 00 0 78 ffffff00 00
[R] 1d 00 ff010000 00000000
[E] 01000238 ff00ff00 0
[M] 01000238 ff00ff00 0 0 00000000
[W] 01000238 1 1d ff00ff00
[F] 0100023c 05df1863
[D] 0100023c 63 10 1e 1d 1 02 00000050 1d
[R] 1e 1d ff00ff00 ff00ff00
[E] 0100023c 0100028c 0
[M] 0100023c 0100028c 0 1 ff00ff00
[W] 0100023c 0 10 0100028c
[F] 01000240 00120213
[D] 01000240 13 04 04 01 0 00 00000001 01
[R] 04 01 00000001 010002c4
[E] 01000240 00000002 0
[M] 01000240 00000002 0 0 010002c4
[W] 01000240 1 04 00000002
[F] 01000244 00200293
[D] 01000244 13 05 00 02 0 00 00000002 02
[R] 00 02 00000000 01100000
[E] 01000244 00000002 0
[M] 01000244 00000002 0 0 01100000
[W] 01000244 1 05 00000002
[F] 01000248 fc521ce3
[D] 01000248 63 19 04 05 1 7e ffffffd8 05
[R] 04 05 00000002 00000002
[E] 01000248 01000220 0
[M] 01000248 01000220 0 1 00000002
[W] 01000248 0 19 01000220
[F] 0100024c 00000297
[D] 0100024c 17 05 00 00 0 00 00000000 00
[R] 00 00 00000000 00000000
[E] 0100024c 0100024c 0
[M] 0100024c 0100024c 0 0 00000000
[W] 0100024c 1 05 0100024c
[F] 01000250 07828293
[D] 01000250 13 05 05 18 0 03 00000078 18
[R] 05 18 0100024c 00000000
[E] 01000250 010002c4 0
[M] 01000250 010002c4 0 0 00000000
[W] 01000250 1 05 010002c4
[F] 01000254 0002a103
[D] 01000254 03 02 05 00 2 00 00000000 00
[R] 05 00 010002c4 00000000
[E] 01000254 010002c4 0
[M] 01000254 010002c4 0 2 00000000
[W] 01000254 1 02 00ff00ff
[F] 01000258 00200113
[D] 01000258 13 02 00 02 0 00 00000002 02
[R] 00 02 00000000 00ff00ff
[E] 01000258 00000002 0
[M] 01000258 00000002 0 0 00ff00ff
[W] 01000258 1 02 00000002
[F] 0100025c 00200e93
[D] 0100025c 13 1d 00 02 0 00 00000002 02
[R] 00 02 00000000 00000002
[E] 0100025c 00000002 0
[M] 0100025c 00000002 0 0 00000002
[W] 0100025c 1 1d 00000002
[F] 01000260 01200193
[D] 01000260 13 03 00 12 0 00 00000012 12
[R] 00 12 00000000 00000000
[E] 01000260 00000012 0
[M] 01000260 00000012 0 0 00000000
[W] 01000260 1 03 00000012
[F] 01000264 03d11463
[D] 01000264 63 08 02 1d 1 01 00000028 1d
[R] 02 1d 00000002 00000002
[E] 01000264 0100028c 0
[M] 01000264 0100028c 0 1 00000002
[W] 01000264 0 08 0100028c
[F] 01000268 00000297
[D] 01000268 17 05 00 00 0 00 00000000 00
[R] 00 00 00000000 00000000
[E] 01000268 01000268 0
[M] 01000268 01000268 0 0 00000000
[W] 01000268 1 05 01000268
[F] 0100026c 05c28293
[D] 0100026c 13 05 05 1c 0 02 0000005c 1c
[R] 05 1c 01000268 00000000
[E] 0100026c 010002c4 0
[M] 0100026c 010002c4 0 0 00000000
[W] 0100026c 1 05 010002c4
[F] 01000270 0002a103
[D] 01000270 03 02 05 00 2 00 00000000 00
[R] 05 00 010002c4 00000000
[E] 01000270 010002c4 0
[M] 01000270 010002c4 0 2 00000000
[W] 01000270 1 02 00ff00ff
[F] 01000274 00000013
[D] 01000274 13 00 00 00 0 00 00000000 00
[R] 00 00 00000000 00000000
[E] 01000274 00000000 0
[M] 01000274 00000000 0 0 00000000
[W] 01000274 1 00 00000000
[F] 01000278 00200113
[D] 01000278 13 02 00 02 0 00 00000002 02
[R] 00 02 00000000 00ff00ff
[E] 01000278 00000002 0
[M] 01000278 00000002 0 0 00ff00ff
[W] 01000278 1 02 00000002
[F] 0100027c 00200e93
[D] 0100027c 13 1d 00 02 0 00 00000002 02
[R] 00 02 00000000 00000002
[E] 0100027c 00000002 0
[M] 0100027c 00000002 0 0 00000002
[W] 0100027c 1 1d 00000002
[F] 01000280 01300193
[D] 01000280 13 03 00 13 0 00 00000013 13
[R] 00 13 00000000 00000000
[E] 01000280 00000013 0
[M] 01000280 00000013 0 0 00000000
[W] 01000280 1 03 00000013
[F] 01000284 01d11463
[D] 01000284 63 08 02 1d 1 00 00000008 1d
[R] 02 1d 00000002 00000002
[E] 01000284 0100028c 0
[M] 01000284 0100028c 0 1 00000002
[W] 01000284 0 08 0100028c
[F] 01000288 00301c63
[D] 01000288 63 18 00 03 1 00 00000018 03
[R] 00 03 00000000 00000013
[E] 01000288 010002a0 0
[M] 01000288 010002a0 0 1 00000013
[W] 01000288 0 18 010002a0
[F] 010002a0 0ff0000f
[D] 010002a0 0f 00 00 1f 0 07 00000000 1f
[R] 00 1f 00000000 00000000
[E] 010002a0 00000000 0
[M] 010002a0 00000000 0 0 00000000
[W] 010002a0 1 00 00000000
[F] 010002a4 00100193
[D] 010002a4 13 03 00 01 0 00 00000001 01
[R] 00 01 00000000 010002c4
[E] 010002a4 00000001 0
[M] 010002a4 00000001 0 0 010002c4
[W] 010002a4 1 03 00000001
[F] 010002a8 00000073
[D] 010002a8 73 00 00 00 0 00 00000000 00
[R] 00 00 00000000 00000000
[E] 010002a8 00000000 0
[M] 010002a8 00000000 0 0 00000000
[W] 010002a8 0 00 00000000
