[F] 01000000 00000097
[D] 01000000 17 01 00 00 0 00 00000000 00
[F] 01000004 44408093
[D] 01000004 13 01 01 04 0 22 00000444 04
[F] 01000008 faa00113
[D] 01000008 13 02 00 0a 0 7d ffffffaa 0a
[F] 0100000c 00208023
[D] 0100000c 23 00 01 02 0 00 00000000 02
[F] 01000010 00008f03
[D] 01000010 03 1e 01 00 0 00 00000000 00
[F] 01000014 faa00e93
[D] 01000014 13 1d 00 0a 0 7d ffffffaa 0a
[F] 01000018 00200193
[D] 01000018 13 03 00 02 0 00 00000002 02
[F] 0100001c 3ddf1c63
[D] 0100001c 63 18 1e 1d 1 1e 000003d8 1d
[F] 01000020 00000097
[D] 01000020 17 01 00 00 0 00 00000000 00
[F] 01000024 42408093
[D] 01000024 13 01 01 04 0 21 00000424 04
[F] 01000028 00000113
[D] 01000028 13 02 00 00 0 00 00000000 00
[F] 0100002c 002080a3
[D] 0100002c 23 01 01 02 0 00 00000001 02
[F] 01000030 00108f03
[D] 01000030 03 1e 01 01 0 00 00000001 01
[F] 01000034 00000e93
[D] 01000034 13 1d 00 00 0 00 00000000 00
[F] 01000038 00300193
[D] 01000038 13 03 00 03 0 00 00000003 03
[F] 0100003c 3bdf1c63
[D] 0100003c 63 18 1e 1d 1 1d 000003b8 1d
[F] 01000040 00000097
[D] 01000040 17 01 00 00 0 00 00000000 00
[F] 01000044 40408093
[D] 01000044 13 01 01 04 0 20 00000404 04
[F] 01000048 fffff137
[D] 01000048 37 02 00 1f 7 7f fffff000 1f
[F] 0100004c fa010113
[D] 0100004c 13 02 02 00 0 7d ffffffa0 00
[F] 01000050 00208123
[D] 01000050 23 02 01 02 0 00 00000002 02
[F] 01000054 00209f03
[D] 01000054 03 1e 01 02 1 00 00000002 02
[F] 01000058 fffffeb7
[D] 01000058 37 1d 00 1f 7 7f fffff000 1f
[F] 0100005c fa0e8e93
[D] 0100005c 13 1d 1d 00 0 7d ffffffa0 00
[F] 01000060 00400193
[D] 01000060 13 03 00 04 0 00 00000004 04
[F] 01000064 39df1863
[D] 01000064 63 10 1e 1d 1 1c 00000390 1d
[F] 01000068 00000097
[D] 01000068 17 01 00 00 0 00 00000000 00
[F] 0100006c 3dc08093
[D] 0100006c 13 01 01 1c 0 1e 000003dc 1c
[F] 01000070 00a00113
[D] 01000070 13 02 00 0a 0 00 0000000a 0a
[F] 01000074 002081a3
[D] 01000074 23 03 01 02 0 00 00000003 02
[F] 01000078 00308f03
[D] 01000078 03 1e 01 03 0 00 00000003 03
[F] 0100007c 00a00e93
[D] 0100007c 13 1d 00 0a 0 00 0000000a 0a
[F] 01000080 00500193
[D] 01000080 13 03 00 05 0 00 00000005 05
[F] 01000084 37df1863
[D] 01000084 63 10 1e 1d 1 1b 00000370 1d
[F] 01000088 00000097
[D] 01000088 17 01 00 00 0 00 00000000 00
[F] 0100008c 3c308093
[D] 0100008c 13 01 01 03 0 1e 000003c3 03
[F] 01000090 faa00113
[D] 01000090 13 02 00 0a 0 7d ffffffaa 0a
[F] 01000094 fe208ea3
[D] 01000094 23 1d 01 02 0 7f fffffffd 02
[F] 01000098 ffd08f03
[D] 01000098 03 1e 01 1d 0 7f fffffffd 1d
[F] 0100009c faa00e93
[D] 0100009c 13 1d 00 0a 0 7d ffffffaa 0a
[F] 010000a0 00600193
[D] 010000a0 13 03 00 06 0 00 00000006 06
[F] 010000a4 35df1863
[D] 010000a4 63 10 1e 1d 1 1a 00000350 1d
[F] 010000a8 00000097
[D] 010000a8 17 01 00 00 0 00 00000000 00
[F] 010000ac 3a308093
[D] 010000ac 13 01 01 03 0 1d 000003a3 03
[F] 010000b0 00000113
[D] 010000b0 13 02 00 00 0 00 00000000 00
[F] 010000b4 fe208f23
[D] 010000b4 23 1e 01 02 0 7f fffffffe 02
[F] 010000b8 ffe08f03
[D] 010000b8 03 1e 01 1e 0 7f fffffffe 1e
[F] 010000bc 00000e93
[D] 010000bc 13 1d 00 00 0 00 00000000 00
[F] 010000c0 00700193
[D] 010000c0 13 03 00 07 0 00 00000007 07
[F] 010000c4 33df1863
[D] 010000c4 63 10 1e 1d 1 19 00000330 1d
[F] 010000c8 00000097
[D] 010000c8 17 01 00 00 0 00 00000000 00
[F] 010000cc 38308093
[D] 010000cc 13 01 01 03 0 1c 00000383 03
[F] 010000d0 fa000113
[D] 010000d0 13 02 00 00 0 7d ffffffa0 00
[F] 010000d4 fe208fa3
[D] 010000d4 23 1f 01 02 0 7f ffffffff 02
[F] 010000d8 fff08f03
[D] 010000d8 03 1e 01 1f 0 7f ffffffff 1f
[F] 010000dc fa000e93
[D] 010000dc 13 1d 00 00 0 7d ffffffa0 00
[F] 010000e0 00800193
[D] 010000e0 13 03 00 08 0 00 00000008 08
[F] 010000e4 31df1863
[D] 010000e4 63 10 1e 1d 1 18 00000310 1d
[F] 010000e8 00000097
[D] 010000e8 17 01 00 00 0 00 00000000 00
[F] 010000ec 36308093
[D] 010000ec 13 01 01 03 0 1b 00000363 03
[F] 010000f0 00a00113
[D] 010000f0 13 02 00 0a 0 00 0000000a 0a
[F] 010000f4 00208023
[D] 010000f4 23 00 01 02 0 00 00000000 02
[F] 010000f8 00008f03
[D] 010000f8 03 1e 01 00 0 00 00000000 00
[F] 010000fc 00a00e93
[D] 010000fc 13 1d 00 0a 0 00 0000000a 0a
[F] 01000100 00900193
[D] 01000100 13 03 00 09 0 00 00000009 09
[F] 01000104 2fdf1863
[D] 01000104 63 10 1e 1d 1 17 000002f0 1d
[F] 01000108 00000097
[D] 01000108 17 01 00 00 0 00 00000000 00
[F] 0100010c 34408093
[D] 0100010c 13 01 01 04 0 1a 00000344 04
[F] 01000110 12345137
[D] 01000110 37 02 00 03 5 09 12345000 03
[F] 01000114 67810113
[D] 01000114 13 02 02 18 0 33 00000678 18
[F] 01000118 fe008213
[D] 01000118 13 04 01 00 0 7f ffffffe0 00
[F] 0100011c 02220023
[D] 0100011c 23 00 04 02 0 01 00000020 02
[F] 01000120 00008283
[D] 01000120 03 05 01 00 0 00 00000000 00
[F] 01000124 07800e93
[D] 01000124 13 1d 00 18 0 03 00000078 18
[F] 01000128 00a00193
[D] 01000128 13 03 00 0a 0 00 0000000a 0a
[F] 0100012c 2dd29463
[D] 0100012c 63 08 05 1d 1 16 000002c8 1d
[F] 01000130 00000097
[D] 01000130 17 01 00 00 0 00 00000000 00
[F] 01000134 31c08093
[D] 01000134 13 01 01 1c 0 18 0000031c 1c
[F] 01000138 00003137
[D] 01000138 37 02 00 00 3 00 00003000 00
[F] 0100013c 09810113
[D] 0100013c 13 02 02 18 0 04 00000098 18
[F] 01000140 ffa08093
[D] 01000140 13 01 01 1a 0 7f fffffffa 1a
[F] 01000144 002083a3
[D] 01000144 23 07 01 02 0 00 00000007 02
[F] 01000148 00000217
[D] 01000148 17 04 00 00 0 00 00000000 00
[F] 0100014c 30520213
[D] 0100014c 13 04 04 05 0 18 00000305 05
[F] 01000150 00020283
[D] 01000150 03 05 04 00 0 00 00000000 00
[F] 01000154 f9800e93
[D] 01000154 13 1d 00 18 0 7c ffffff98 18
[F] 01000158 00b00193
[D] 01000158 13 03 00 0b 0 00 0000000b 0b
[F] 0100015c 29d29c63
[D] 0100015c 63 18 05 1d 1 14 00000298 1d
[F] 01000160 00c00193
[D] 01000160 13 03 00 0c 0 00 0000000c 0c
[F] 01000164 00000213
[D] 01000164 13 04 00 00 0 00 00000000 00
[F] 01000168 fdd00093
[D] 01000168 13 01 00 1d 0 7e ffffffdd 1d
[F] 0100016c 00000117
[D] 0100016c 17 02 00 00 0 00 00000000 00
[F] 01000170 2d810113
[D] 01000170 13 02 02 18 0 16 000002d8 18
[F] 01000174 00110023
[D] 01000174 23 00 02 01 0 00 00000000 01
[F] 01000178 00010f03
[D] 01000178 03 1e 02 00 0 00 00000000 00
[F] 0100017c fdd00e93
[D] 0100017c 13 1d 00 1d 0 7e ffffffdd 1d
[F] 01000180 27df1a63
[D] 01000180 63 14 1e 1d 1 13 00000274 1d
[F] 01000184 00120213
[D] 01000184 13 04 04 01 0 00 00000001 01
[F] 01000188 00200293
[D] 01000188 13 05 00 02 0 00 00000002 02
[F] 0100018c fc521ee3
[D] 0100018c 63 1d 04 05 1 7e ffffffdc 05
[F] 01000190 00d00193
[D] 01000190 13 03 00 0d 0 00 0000000d 0d
[F] 01000194 00000213
[D] 01000194 13 04 00 00 0 00 00000000 00
[F] 01000198 fcd00093
[D] 01000198 13 01 00 0d 0 7e ffffffcd 0d
[F] 0100019c 00000117
[D] 0100019c 17 02 00 00 0 00 00000000 00
[F] 010001a0 2a810113
[D] 010001a0 13 02 02 08 0 15 000002a8 08
[F] 010001a4 00000013
[D] 010001a4 13 00 00 00 0 00 00000000 00
[F] 010001a8 001100a3
[D] 010001a8 23 01 02 01 0 00 00000001 01
[F] 010001ac 00110f03
[D] 010001ac 03 1e 02 01 0 00 00000001 01
[F] 010001b0 fcd00e93
[D] 010001b0 13 1d 00 0d 0 7e ffffffcd 0d
[F] 010001b4 25df1063
[D] 010001b4 63 00 1e 1d 1 12 00000240 1d
[F] 010001b8 00120213
[D] 010001b8 13 04 04 01 0 00 00000001 01
[F] 010001bc 00200293
[D] 010001bc 13 05 00 02 0 00 00000002 02
[F] 010001c0 fc521ce3
[D] 010001c0 63 19 04 05 1 7e ffffffd8 05
[F] 010001c4 00e00193
[D] 010001c4 13 03 00 0e 0 00 0000000e 0e
[F] 010001c8 00000213
[D] 010001c8 13 04 00 00 0 00 00000000 00
[F] 010001cc fcc00093
[D] 010001cc 13 01 00 0c 0 7e ffffffcc 0c
[F] 010001d0 00000117
[D] 010001d0 17 02 00 00 0 00 00000000 00
[F] 010001d4 27410113
[D] 010001d4 13 02 02 14 0 13 00000274 14
[F] 010001d8 00000013
[D] 010001d8 13 00 00 00 0 00 00000000 00
[F] 010001dc 00000013
[D] 010001dc 13 00 00 00 0 00 00000000 00
[F] 010001e0 00110123
[D] 010001e0 23 02 02 01 0 00 00000002 01
[F] 010001e4 00210f03
[D] 010001e4 03 1e 02 02 0 00 00000002 02
[F] 010001e8 fcc00e93
[D] 010001e8 13 1d 00 0c 0 7e ffffffcc 0c
[F] 010001ec 21df1463
[D] 010001ec 63 08 1e 1d 1 10 00000208 1d
[F] 010001f0 00120213
[D] 010001f0 13 04 04 01 0 00 00000001 01
[F] 010001f4 00200293
[D] 010001f4 13 05 00 02 0 00 00000002 02
[F] 010001f8 fc521ae3
[D] 010001f8 63 15 04 05 1 7e ffffffd4 05
[F] 010001fc 00f00193
[D] 010001fc 13 03 00 0f 0 00 0000000f 0f
[F] 01000200 00000213
[D] 01000200 13 04 00 00 0 00 00000000 00
[F] 01000204 fbc00093
[D] 01000204 13 01 00 1c 0 7d ffffffbc 1c
[F] 01000208 00000013
[D] 01000208 13 00 00 00 0 00 00000000 00
[F] 0100020c 00000117
[D] 0100020c 17 02 00 00 0 00 00000000 00
[F] 01000210 23810113
[D] 01000210 13 02 02 18 0 11 00000238 18
[F] 01000214 001101a3
[D] 01000214 23 03 02 01 0 00 00000003 01
[F] 01000218 00310f03
[D] 01000218 03 1e 02 03 0 00 00000003 03
[F] 0100021c fbc00e93
[D] 0100021c 13 1d 00 1c 0 7d ffffffbc 1c
[F] 01000220 1ddf1a63
[D] 01000220 63 14 1e 1d 1 0e 000001d4 1d
[F] 01000224 00120213
[D] 01000224 13 04 04 01 0 00 00000001 01
[F] 01000228 00200293
[D] 01000228 13 05 00 02 0 00 00000002 02
[F] 0100022c fc521ce3
[D] 0100022c 63 19 04 05 1 7e ffffffd8 05
[F] 01000230 01000193
[D] 01000230 13 03 00 10 0 00 00000010 10
[F] 01000234 00000213
[D] 01000234 13 04 00 00 0 00 00000000 00
[F] 01000238 fbb00093
[D] 01000238 13 01 00 1b 0 7d ffffffbb 1b
[F] 0100023c 00000013
[D] 0100023c 13 00 00 00 0 00 00000000 00
[F] 01000240 00000117
[D] 01000240 17 02 00 00 0 00 00000000 00
[F] 01000244 20410113
[D] 01000244 13 02 02 04 0 10 00000204 04
[F] 01000248 00000013
[D] 01000248 13 00 00 00 0 00 00000000 00
[F] 0100024c 00110223
[D] 0100024c 23 04 02 01 0 00 00000004 01
[F] 01000250 00410f03
[D] 01000250 03 1e 02 04 0 00 00000004 04
[F] 01000254 fbb00e93
[D] 01000254 13 1d 00 1b 0 7d ffffffbb 1b
[F] 01000258 19df1e63
[D] 01000258 63 1c 1e 1d 1 0c 0000019c 1d
[F] 0100025c 00120213
[D] 0100025c 13 04 04 01 0 00 00000001 01
[F] 01000260 00200293
[D] 01000260 13 05 00 02 0 00 00000002 02
[F] 01000264 fc521ae3
[D] 01000264 63 15 04 05 1 7e ffffffd4 05
[F] 01000268 01100193
[D] 01000268 13 03 00 11 0 00 00000011 11
[F] 0100026c 00000213
[D] 0100026c 13 04 00 00 0 00 00000000 00
[F] 01000270 fab00093
[D] 01000270 13 01 00 0b 0 7d ffffffab 0b
[F] 01000274 00000013
[D] 01000274 13 00 00 00 0 00 00000000 00
[F] 01000278 00000013
[D] 01000278 13 00 00 00 0 00 00000000 00
[F] 0100027c 00000117
[D] 0100027c 17 02 00 00 0 00 00000000 00
[F] 01000280 1c810113
[D] 01000280 13 02 02 08 0 0e 000001c8 08
[F] 01000284 001102a3
[D] 01000284 23 05 02 01 0 00 00000005 01
[F] 01000288 00510f03
[D] 01000288 03 1e 02 05 0 00 00000005 05
[F] 0100028c fab00e93
[D] 0100028c 13 1d 00 0b 0 7d ffffffab 0b
[F] 01000290 17df1263
[D] 01000290 63 04 1e 1d 1 0b 00000164 1d
[F] 01000294 00120213
[D] 01000294 13 04 04 01 0 00 00000001 01
[F] 01000298 00200293
[D] 01000298 13 05 00 02 0 00 00000002 02
[F] 0100029c fc521ae3
[D] 0100029c 63 15 04 05 1 7e ffffffd4 05
[F] 010002a0 01200193
[D] 010002a0 13 03 00 12 0 00 00000012 12
[F] 010002a4 00000213
[D] 010002a4 13 04 00 00 0 00 00000000 00
[F] 010002a8 00000117
[D] 010002a8 17 02 00 00 0 00 00000000 00
[F] 010002ac 19c10113
[D] 010002ac 13 02 02 1c 0 0c 0000019c 1c
[F] 010002b0 03300093
[D] 010002b0 13 01 00 13 0 01 00000033 13
[F] 010002b4 00110023
[D] 010002b4 23 00 02 01 0 00 00000000 01
[F] 010002b8 00010f03
[D] 010002b8 03 1e 02 00 0 00 00000000 00
[F] 010002bc 03300e93
[D] 010002bc 13 1d 00 13 0 01 00000033 13
[F] 010002c0 13df1a63
[D] 010002c0 63 14 1e 1d 1 09 00000134 1d
[F] 010002c4 00120213
[D] 010002c4 13 04 04 01 0 00 00000001 01
[F] 010002c8 00200293
[D] 010002c8 13 05 00 02 0 00 00000002 02
[F] 010002cc fc521ee3
[D] 010002cc 63 1d 04 05 1 7e ffffffdc 05
[F] 010002d0 01300193
[D] 010002d0 13 03 00 13 0 00 00000013 13
[F] 010002d4 00000213
[D] 010002d4 13 04 00 00 0 00 00000000 00
[F] 010002d8 00000117
[D] 010002d8 17 02 00 00 0 00 00000000 00
[F] 010002dc 16c10113
[D] 010002dc 13 02 02 0c 0 0b 0000016c 0c
[F] 010002e0 02300093
[D] 010002e0 13 01 00 03 0 01 00000023 03
[F] 010002e4 00000013
[D] 010002e4 13 00 00 00 0 00 00000000 00
[F] 010002e8 001100a3
[D] 010002e8 23 01 02 01 0 00 00000001 01
[F] 010002ec 00110f03
[D] 010002ec 03 1e 02 01 0 00 00000001 01
[F] 010002f0 02300e93
[D] 010002f0 13 1d 00 03 0 01 00000023 03
[F] 010002f4 11df1063
[D] 010002f4 63 00 1e 1d 1 08 00000100 1d
[F] 010002f8 00120213
[D] 010002f8 13 04 04 01 0 00 00000001 01
[F] 010002fc 00200293
[D] 010002fc 13 05 00 02 0 00 00000002 02
[F] 01000300 fc521ce3
[D] 01000300 63 19 04 05 1 7e ffffffd8 05
[F] 01000304 01400193
[D] 01000304 13 03 00 14 0 00 00000014 14
[F] 01000308 00000213
[D] 01000308 13 04 00 00 0 00 00000000 00
[F] 0100030c 00000117
[D] 0100030c 17 02 00 00 0 00 00000000 00
[F] 01000310 13810113
[D] 01000310 13 02 02 18 0 09 00000138 18
[F] 01000314 02200093
[D] 01000314 13 01 00 02 0 01 00000022 02
[F] 01000318 00000013
[D] 01000318 13 00 00 00 0 00 00000000 00
[F] 0100031c 00000013
[D] 0100031c 13 00 00 00 0 00 00000000 00
[F] 01000320 00110123
[D] 01000320 23 02 02 01 0 00 00000002 01
[F] 01000324 00210f03
[D] 01000324 03 1e 02 02 0 00 00000002 02
[F] 01000328 02200e93
[D] 01000328 13 1d 00 02 0 01 00000022 02
[F] 0100032c 0ddf1463
[D] 0100032c 63 08 1e 1d 1 06 000000c8 1d
[F] 01000330 00120213
[D] 01000330 13 04 04 01 0 00 00000001 01
[F] 01000334 00200293
[D] 01000334 13 05 00 02 0 00 00000002 02
[F] 01000338 fc521ae3
[D] 01000338 63 15 04 05 1 7e ffffffd4 05
[F] 0100033c 01500193
[D] 0100033c 13 03 00 15 0 00 00000015 15
[F] 01000340 00000213
[D] 01000340 13 04 00 00 0 00 00000000 00
[F] 01000344 00000117
[D] 01000344 17 02 00 00 0 00 00000000 00
[F] 01000348 10010113
[D] 01000348 13 02 02 00 0 08 00000100 00
[F] 0100034c 00000013
[D] 0100034c 13 00 00 00 0 00 00000000 00
[F] 01000350 01200093
[D] 01000350 13 01 00 12 0 00 00000012 12
[F] 01000354 001101a3
[D] 01000354 23 03 02 01 0 00 00000003 01
[F] 01000358 00310f03
[D] 01000358 03 1e 02 03 0 00 00000003 03
[F] 0100035c 01200e93
[D] 0100035c 13 1d 00 12 0 00 00000012 12
[F] 01000360 09df1a63
[D] 01000360 63 14 1e 1d 1 04 00000094 1d
[F] 01000364 00120213
[D] 01000364 13 04 04 01 0 00 00000001 01
[F] 01000368 00200293
[D] 01000368 13 05 00 02 0 00 00000002 02
[F] 0100036c fc521ce3
[D] 0100036c 63 19 04 05 1 7e ffffffd8 05
[F] 01000370 01600193
[D] 01000370 13 03 00 16 0 00 00000016 16
[F] 01000374 00000213
[D] 01000374 13 04 00 00 0 00 00000000 00
[F] 01000378 00000117
[D] 01000378 17 02 00 00 0 00 00000000 00
[F] 0100037c 0cc10113
[D] 0100037c 13 02 02 0c 0 06 000000cc 0c
[F] 01000380 00000013
[D] 01000380 13 00 00 00 0 00 00000000 00
[F] 01000384 01100093
[D] 01000384 13 01 00 11 0 00 00000011 11
[F] 01000388 00000013
[D] 01000388 13 00 00 00 0 00 00000000 00
[F] 0100038c 00110223
[D] 0100038c 23 04 02 01 0 00 00000004 01
[F] 01000390 00410f03
[D] 01000390 03 1e 02 04 0 00 00000004 04
[F] 01000394 01100e93
[D] 01000394 13 1d 00 11 0 00 00000011 11
[F] 01000398 05df1e63
[D] 01000398 63 1c 1e 1d 1 02 0000005c 1d
[F] 0100039c 00120213
[D] 0100039c 13 04 04 01 0 00 00000001 01
[F] 010003a0 00200293
[D] 010003a0 13 05 00 02 0 00 00000002 02
[F] 010003a4 fc521ae3
[D] 010003a4 63 15 04 05 1 7e ffffffd4 05
[F] 010003a8 01700193
[D] 010003a8 13 03 00 17 0 00 00000017 17
[F] 010003ac 00000213
[D] 010003ac 13 04 00 00 0 00 00000000 00
[F] 010003b0 00000117
[D] 010003b0 17 02 00 00 0 00 00000000 00
[F] 010003b4 09410113
[D] 010003b4 13 02 02 14 0 04 00000094 14
[F] 010003b8 00000013
[D] 010003b8 13 00 00 00 0 00 00000000 00
[F] 010003bc 00000013
[D] 010003bc 13 00 00 00 0 00 00000000 00
[F] 010003c0 00100093
[D] 010003c0 13 01 00 01 0 00 00000001 01
[F] 010003c4 001102a3
[D] 010003c4 23 05 02 01 0 00 00000005 01
[F] 010003c8 00510f03
[D] 010003c8 03 1e 02 05 0 00 00000005 05
[F] 010003cc 00100e93
[D] 010003cc 13 1d 00 01 0 00 00000001 01
[F] 010003d0 03df1263
[D] 010003d0 63 04 1e 1d 1 01 00000024 1d
[F] 010003d4 00120213
[D] 010003d4 13 04 04 01 0 00 00000001 01
[F] 010003d8 00200293
[D] 010003d8 13 05 00 02 0 00 00000002 02
[F] 010003dc fc521ae3
[D] 010003dc 63 15 04 05 1 7e ffffffd4 05
[F] 010003e0 0ef00513
[D] 010003e0 13 0a 00 0f 0 07 000000ef 0f
[F] 010003e4 00000597
[D] 010003e4 17 0b 00 00 0 00 00000000 00
[F] 010003e8 06058593
[D] 010003e8 13 0b 0b 00 0 03 00000060 00
[F] 010003ec 00a581a3
[D] 010003ec 23 03 0b 0a 0 00 00000003 0a
[F] 010003f0 00301c63
[D] 010003f0 63 18 00 03 1 00 00000018 03
[F] 010003f4 0ff0000f
[D] 010003f4 0f 00 00 1f 0 07 00000000 1f
[F] 010003f8 00018063
[D] 010003f8 63 00 03 00 0 00 00000000 00
[F] 010003fc 00119193
[D] 010003fc 13 03 03 01 1 00 00000001 01
[F] 01000400 0011e193
[D] 01000400 13 03 03 01 6 00 00000001 01
[F] 01000404 00000073
[D] 01000404 73 00 00 00 0 00 00000000 00
[F] 01000408 0ff0000f
[D] 01000408 0f 00 00 1f 0 07 00000000 1f
[F] 0100040c 00100193
[D] 0100040c 13 03 00 01 0 00 00000001 01
[F] 01000410 00000073
[D] 01000410 73 00 00 00 0 00 00000000 00
[F] 01000414 c0001073
[D] 01000414 73 00 00 00 1 60 00000000 00
[F] 01000418 00000000
[D] 01000418 00 00 00 00 0 00 00000000 00
[F] 0100041c 00000000
[D] 0100041c 00 00 00 00 0 00 00000000 00
[F] 01000420 00000000
[D] 01000420 00 00 00 00 0 00 00000000 00
[F] 01000424 00000000
[D] 01000424 00 00 00 00 0 00 00000000 00
[F] 01000428 00000000
[D] 01000428 00 00 00 00 0 00 00000000 00
[F] 0100042c 00000000
[D] 0100042c 00 00 00 00 0 00 00000000 00
[F] 01000430 00000000
[D] 01000430 00 00 00 00 0 00 00000000 00
[F] 01000434 00000000
[D] 01000434 00 00 00 00 0 00 00000000 00
[F] 01000438 00000000
[D] 01000438 00 00 00 00 0 00 00000000 00
[F] 0100043c 00000000
[D] 0100043c 00 00 00 00 0 00 00000000 00
[F] 01000440 00000000
[D] 01000440 00 00 00 00 0 00 00000000 00
[F] 01000444 efefefef
[D] 01000444 6f 1f 1f 1e 6 77 ffffe6fe 1e
[F] 01000448 efefefef
[D] 01000448 6f 1f 1f 1e 6 77 ffffe6fe 1e
[F] 0100044c 0000efef
[D] 0100044c 6f 1f 01 00 6 00 0000e000 00
[F] 01000450 00000000
[D] 01000450 00 00 00 00 0 00 00000000 00
[F] 01000454 00000000
[D] 01000454 00 00 00 00 0 00 00000000 00
[F] 01000458 00000000
[D] 01000458 00 00 00 00 0 00 00000000 00
[F] 0100045c 00000000
[D] 0100045c 00 00 00 00 0 00 00000000 00
[F] 01000460 00000000
[D] 01000460 00 00 00 00 0 00 00000000 00
[F] 01000464 00000000
[D] 01000464 00 00 00 00 0 00 00000000 00
[F] 01000468 00000000
[D] 01000468 00 00 00 00 0 00 00000000 00
[F] 0100046c 00000000
[D] 0100046c 00 00 00 00 0 00 00000000 00
[F] 01000470 00000000
[D] 01000470 00 00 00 00 0 00 00000000 00
[F] 01000474 00000000
[D] 01000474 00 00 00 00 0 00 00000000 00
[F] 01000478 00000000
[D] 01000478 00 00 00 00 0 00 00000000 00
[F] 0100047c 00000000
[D] 0100047c 00 00 00 00 0 00 00000000 00
[F] 01000480 00000000
[D] 01000480 00 00 00 00 0 00 00000000 00
[F] 01000484 00000000
[D] 01000484 00 00 00 00 0 00 00000000 00
[F] 01000488 00000000
[D] 01000488 00 00 00 00 0 00 00000000 00
[F] 0100048c 00000000
[D] 0100048c 00 00 00 00 0 00 00000000 00
[F] 01000490 00000000
[D] 01000490 00 00 00 00 0 00 00000000 00
[F] 01000494 00000000
[D] 01000494 00 00 00 00 0 00 00000000 00
[F] 01000498 00000000
[D] 01000498 00 00 00 00 0 00 00000000 00
[F] 0100049c 00000000
[D] 0100049c 00 00 00 00 0 00 00000000 00
[F] 010004a0 00000000
[D] 010004a0 00 00 00 00 0 00 00000000 00
[F] 010004a4 00000000
[D] 010004a4 00 00 00 00 0 00 00000000 00
[F] 010004a8 00000000
[D] 010004a8 00 00 00 00 0 00 00000000 00
[F] 010004ac 00000000
[D] 010004ac 00 00 00 00 0 00 00000000 00
[F] 010004b0 00000000
[D] 010004b0 00 00 00 00 0 00 00000000 00
[F] 010004b4 00000000
[D] 010004b4 00 00 00 00 0 00 00000000 00
[F] 010004b8 00000000
[D] 010004b8 00 00 00 00 0 00 00000000 00
[F] 010004bc 00000000
[D] 010004bc 00 00 00 00 0 00 00000000 00
[F] 010004c0 00000000
[D] 010004c0 00 00 00 00 0 00 00000000 00
[F] 010004c4 00000000
[D] 010004c4 00 00 00 00 0 00 00000000 00
[F] 010004c8 00000000
[D] 010004c8 00 00 00 00 0 00 00000000 00
[F] 010004cc 00000000
[D] 010004cc 00 00 00 00 0 00 00000000 00
[F] 010004d0 00000000
[D] 010004d0 00 00 00 00 0 00 00000000 00
[F] 010004d4 00000000
[D] 010004d4 00 00 00 00 0 00 00000000 00
[F] 010004d8 00000000
[D] 010004d8 00 00 00 00 0 00 00000000 00
[F] 010004dc 00000000
[D] 010004dc 00 00 00 00 0 00 00000000 00
[F] 010004e0 00000000
[D] 010004e0 00 00 00 00 0 00 00000000 00
[F] 010004e4 00000000
[D] 010004e4 00 00 00 00 0 00 00000000 00
[F] 010004e8 00000000
[D] 010004e8 00 00 00 00 0 00 00000000 00
[F] 010004ec 00000000
[D] 010004ec 00 00 00 00 0 00 00000000 00
[F] 010004f0 00000000
[D] 010004f0 00 00 00 00 0 00 00000000 00
[F] 010004f4 00000000
[D] 010004f4 00 00 00 00 0 00 00000000 00
[F] 010004f8 00000000
[D] 010004f8 00 00 00 00 0 00 00000000 00
[F] 010004fc 00000000
[D] 010004fc 00 00 00 00 0 00 00000000 00
[F] 01000500 00000000
[D] 01000500 00 00 00 00 0 00 00000000 00
[F] 01000504 00000000
[D] 01000504 00 00 00 00 0 00 00000000 00
[F] 01000508 00000000
[D] 01000508 00 00 00 00 0 00 00000000 00
[F] 0100050c 00000000
[D] 0100050c 00 00 00 00 0 00 00000000 00
[F] 01000510 00000000
[D] 01000510 00 00 00 00 0 00 00000000 00
[F] 01000514 00000000
[D] 01000514 00 00 00 00 0 00 00000000 00
[F] 01000518 00000000
[D] 01000518 00 00 00 00 0 00 00000000 00
[F] 0100051c 00000000
[D] 0100051c 00 00 00 00 0 00 00000000 00
[F] 01000520 00000000
[D] 01000520 00 00 00 00 0 00 00000000 00
[F] 01000524 00000000
[D] 01000524 00 00 00 00 0 00 00000000 00
[F] 01000528 00000000
[D] 01000528 00 00 00 00 0 00 00000000 00
[F] 0100052c 00000000
[D] 0100052c 00 00 00 00 0 00 00000000 00
[F] 01000530 00000000
[D] 01000530 00 00 00 00 0 00 00000000 00
[F] 01000534 00000000
[D] 01000534 00 00 00 00 0 00 00000000 00
[F] 01000538 00000000
[D] 01000538 00 00 00 00 0 00 00000000 00
[F] 0100053c 00000000
[D] 0100053c 00 00 00 00 0 00 00000000 00
[F] 01000540 00000000
[D] 01000540 00 00 00 00 0 00 00000000 00
[F] 01000544 00000000
[D] 01000544 00 00 00 00 0 00 00000000 00
[F] 01000548 00000000
[D] 01000548 00 00 00 00 0 00 00000000 00
[F] 0100054c 00000000
[D] 0100054c 00 00 00 00 0 00 00000000 00
[F] 01000550 00000000
[D] 01000550 00 00 00 00 0 00 00000000 00
[F] 01000554 00000000
[D] 01000554 00 00 00 00 0 00 00000000 00
[F] 01000558 00000000
[D] 01000558 00 00 00 00 0 00 00000000 00
[F] 0100055c 00000000
[D] 0100055c 00 00 00 00 0 00 00000000 00
[F] 01000560 00000000
[D] 01000560 00 00 00 00 0 00 00000000 00
[F] 01000564 00000000
[D] 01000564 00 00 00 00 0 00 00000000 00
[F] 01000568 00000000
[D] 01000568 00 00 00 00 0 00 00000000 00
[F] 0100056c 00000000
[D] 0100056c 00 00 00 00 0 00 00000000 00
[F] 01000570 00000000
[D] 01000570 00 00 00 00 0 00 00000000 00
[F] 01000574 00000000
[D] 01000574 00 00 00 00 0 00 00000000 00
[F] 01000578 00000000
[D] 01000578 00 00 00 00 0 00 00000000 00
[F] 0100057c 00000000
[D] 0100057c 00 00 00 00 0 00 00000000 00
[F] 01000580 00000000
[D] 01000580 00 00 00 00 0 00 00000000 00
[F] 01000584 00000000
[D] 01000584 00 00 00 00 0 00 00000000 00
[F] 01000588 00000000
[D] 01000588 00 00 00 00 0 00 00000000 00
[F] 0100058c 00000000
[D] 0100058c 00 00 00 00 0 00 00000000 00
[F] 01000590 00000000
[D] 01000590 00 00 00 00 0 00 00000000 00
[F] 01000594 00000000
[D] 01000594 00 00 00 00 0 00 00000000 00
[F] 01000598 00000000
[D] 01000598 00 00 00 00 0 00 00000000 00
[F] 0100059c 00000000
[D] 0100059c 00 00 00 00 0 00 00000000 00
[F] 010005a0 00000000
[D] 010005a0 00 00 00 00 0 00 00000000 00
[F] 010005a4 00000000
[D] 010005a4 00 00 00 00 0 00 00000000 00
[F] 010005a8 00000000
[D] 010005a8 00 00 00 00 0 00 00000000 00
[F] 010005ac 00000000
[D] 010005ac 00 00 00 00 0 00 00000000 00
[F] 010005b0 00000000
[D] 010005b0 00 00 00 00 0 00 00000000 00
[F] 010005b4 00000000
[D] 010005b4 00 00 00 00 0 00 00000000 00
[F] 010005b8 00000000
[D] 010005b8 00 00 00 00 0 00 00000000 00
[F] 010005bc 00000000
[D] 010005bc 00 00 00 00 0 00 00000000 00
[F] 010005c0 00000000
[D] 010005c0 00 00 00 00 0 00 00000000 00
[F] 010005c4 00000000
[D] 010005c4 00 00 00 00 0 00 00000000 00
[F] 010005c8 00000000
[D] 010005c8 00 00 00 00 0 00 00000000 00
[F] 010005cc 00000000
[D] 010005cc 00 00 00 00 0 00 00000000 00
[F] 010005d0 00000000
[D] 010005d0 00 00 00 00 0 00 00000000 00
[F] 010005d4 00000000
[D] 010005d4 00 00 00 00 0 00 00000000 00
[F] 010005d8 00000000
[D] 010005d8 00 00 00 00 0 00 00000000 00
