[F] 01000000 00000097
[D] 01000000 17 01 00 00 0 00 00000000 00
[F] 01000004 4c408093
[D] 01000004 13 01 01 04 0 26 000004c4 04
[F] 01000008 0aa00113
[D] 01000008 13 02 00 0a 0 05 000000aa 0a
[F] 0100000c 00209023
[D] 0100000c 23 00 01 02 1 00 00000000 02
[F] 01000010 00009f03
[D] 01000010 03 1e 01 00 1 00 00000000 00
[F] 01000014 0aa00e93
[D] 01000014 13 1d 00 0a 0 05 000000aa 0a
[F] 01000018 00200193
[D] 01000018 13 03 00 02 0 00 00000002 02
[F] 0100001c 45df1e63
[D] 0100001c 63 1c 1e 1d 1 22 0000045c 1d
[F] 01000020 00000097
[D] 01000020 17 01 00 00 0 00 00000000 00
[F] 01000024 4a408093
[D] 01000024 13 01 01 04 0 25 000004a4 04
[F] 01000028 ffffb137
[D] 01000028 37 02 00 1f 3 7f ffffb000 1f
[F] 0100002c a0010113
[D] 0100002c 13 02 02 00 0 50 fffffa00 00
[F] 01000030 00209123
[D] 01000030 23 02 01 02 1 00 00000002 02
[F] 01000034 00209f03
[D] 01000034 03 1e 01 02 1 00 00000002 02
[F] 01000038 ffffbeb7
[D] 01000038 37 1d 00 1f 3 7f ffffb000 1f
[F] 0100003c a00e8e93
[D] 0100003c 13 1d 1d 00 0 50 fffffa00 00
[F] 01000040 00300193
[D] 01000040 13 03 00 03 0 00 00000003 03
[F] 01000044 43df1a63
[D] 01000044 63 14 1e 1d 1 21 00000434 1d
[F] 01000048 00000097
[D] 01000048 17 01 00 00 0 00 00000000 00
[F] 0100004c 47c08093
[D] 0100004c 13 01 01 1c 0 23 0000047c 1c
[F] 01000050 beef1137
[D] 01000050 37 02 00 0e 1 5f beef1000 0e
[F] 01000054 aa010113
[D] 01000054 13 02 02 00 0 55 fffffaa0 00
[F] 01000058 00209223
[D] 01000058 23 04 01 02 1 00 00000004 02
[F] 0100005c 0040af03
[D] 0100005c 03 1e 01 04 2 00 00000004 04
[F] 01000060 beef1eb7
[D] 01000060 37 1d 00 0e 1 5f beef1000 0e
[F] 01000064 aa0e8e93
[D] 01000064 13 1d 1d 00 0 55 fffffaa0 00
[F] 01000068 00400193
[D] 01000068 13 03 00 04 0 00 00000004 04
[F] 0100006c 41df1663
[D] 0100006c 63 0c 1e 1d 1 20 0000040c 1d
[F] 01000070 00000097
[D] 01000070 17 01 00 00 0 00 00000000 00
[F] 01000074 45408093
[D] 01000074 13 01 01 14 0 22 00000454 14
[F] 01000078 ffffa137
[D] 01000078 37 02 00 1f 2 7f ffffa000 1f
[F] 0100007c 00a10113
[D] 0100007c 13 02 02 0a 0 00 0000000a 0a
[F] 01000080 00209323
[D] 01000080 23 06 01 02 1 00 00000006 02
[F] 01000084 00609f03
[D] 01000084 03 1e 01 06 1 00 00000006 06
[F] 01000088 ffffaeb7
[D] 01000088 37 1d 00 1f 2 7f ffffa000 1f
[F] 0100008c 00ae8e93
[D] 0100008c 13 1d 1d 0a 0 00 0000000a 0a
[F] 01000090 00500193
[D] 01000090 13 03 00 05 0 00 00000005 05
[F] 01000094 3fdf1263
[D] 01000094 63 04 1e 1d 1 1f 000003e4 1d
[F] 01000098 00000097
[D] 01000098 17 01 00 00 0 00 00000000 00
[F] 0100009c 43a08093
[D] 0100009c 13 01 01 1a 0 21 0000043a 1a
[F] 010000a0 0aa00113
[D] 010000a0 13 02 00 0a 0 05 000000aa 0a
[F] 010000a4 fe209d23
[D] 010000a4 23 1a 01 02 1 7f fffffffa 02
[F] 010000a8 ffa09f03
[D] 010000a8 03 1e 01 1a 1 7f fffffffa 1a
[F] 010000ac 0aa00e93
[D] 010000ac 13 1d 00 0a 0 05 000000aa 0a
[F] 010000b0 00600193
[D] 010000b0 13 03 00 06 0 00 00000006 06
[F] 010000b4 3ddf1263
[D] 010000b4 63 04 1e 1d 1 1e 000003c4 1d
[F] 010000b8 00000097
[D] 010000b8 17 01 00 00 0 00 00000000 00
[F] 010000bc 41a08093
[D] 010000bc 13 01 01 1a 0 20 0000041a 1a
[F] 010000c0 ffffb137
[D] 010000c0 37 02 00 1f 3 7f ffffb000 1f
[F] 010000c4 a0010113
[D] 010000c4 13 02 02 00 0 50 fffffa00 00
[F] 010000c8 fe209e23
[D] 010000c8 23 1c 01 02 1 7f fffffffc 02
[F] 010000cc ffc09f03
[D] 010000cc 03 1e 01 1c 1 7f fffffffc 1c
[F] 010000d0 ffffbeb7
[D] 010000d0 37 1d 00 1f 3 7f ffffb000 1f
[F] 010000d4 a00e8e93
[D] 010000d4 13 1d 1d 00 0 50 fffffa00 00
[F] 010000d8 00700193
[D] 010000d8 13 03 00 07 0 00 00000007 07
[F] 010000dc 39df1e63
[D] 010000dc 63 1c 1e 1d 1 1c 0000039c 1d
[F] 010000e0 00000097
[D] 010000e0 17 01 00 00 0 00 00000000 00
[F] 010000e4 3f208093
[D] 010000e4 13 01 01 12 0 1f 000003f2 12
[F] 010000e8 00001137
[D] 010000e8 37 02 00 00 1 00 00001000 00
[F] 010000ec aa010113
[D] 010000ec 13 02 02 00 0 55 fffffaa0 00
[F] 010000f0 fe209f23
[D] 010000f0 23 1e 01 02 1 7f fffffffe 02
[F] 010000f4 ffe09f03
[D] 010000f4 03 1e 01 1e 1 7f fffffffe 1e
[F] 010000f8 00001eb7
[D] 010000f8 37 1d 00 00 1 00 00001000 00
[F] 010000fc aa0e8e93
[D] 010000fc 13 1d 1d 00 0 55 fffffaa0 00
[F] 01000100 00800193
[D] 01000100 13 03 00 08 0 00 00000008 08
[F] 01000104 37df1a63
[D] 01000104 63 14 1e 1d 1 1b 00000374 1d
[F] 01000108 00000097
[D] 01000108 17 01 00 00 0 00 00000000 00
[F] 0100010c 3ca08093
[D] 0100010c 13 01 01 0a 0 1e 000003ca 0a
[F] 01000110 ffffa137
[D] 01000110 37 02 00 1f 2 7f ffffa000 1f
[F] 01000114 00a10113
[D] 01000114 13 02 02 0a 0 00 0000000a 0a
[F] 01000118 00209023
[D] 01000118 23 00 01 02 1 00 00000000 02
[F] 0100011c 00009f03
[D] 0100011c 03 1e 01 00 1 00 00000000 00
[F] 01000120 ffffaeb7
[D] 01000120 37 1d 00 1f 2 7f ffffa000 1f
[F] 01000124 00ae8e93
[D] 01000124 13 1d 1d 0a 0 00 0000000a 0a
[F] 01000128 00900193
[D] 01000128 13 03 00 09 0 00 00000009 09
[F] 0100012c 35df1663
[D] 0100012c 63 0c 1e 1d 1 1a 0000034c 1d
[F] 01000130 00000097
[D] 01000130 17 01 00 00 0 00 00000000 00
[F] 01000134 3a408093
[D] 01000134 13 01 01 04 0 1d 000003a4 04
[F] 01000138 12345137
[D] 01000138 37 02 00 03 5 09 12345000 03
[F] 0100013c 67810113
[D] 0100013c 13 02 02 18 0 33 00000678 18
[F] 01000140 fe008213
[D] 01000140 13 04 01 00 0 7f ffffffe0 00
[F] 01000144 02221023
[D] 01000144 23 00 04 02 1 01 00000020 02
[F] 01000148 00009283
[D] 01000148 03 05 01 00 1 00 00000000 00
[F] 0100014c 00005eb7
[D] 0100014c 37 1d 00 00 5 00 00005000 00
[F] 01000150 678e8e93
[D] 01000150 13 1d 1d 18 0 33 00000678 18
[F] 01000154 00a00193
[D] 01000154 13 03 00 0a 0 00 0000000a 0a
[F] 01000158 33d29063
[D] 01000158 63 00 05 1d 1 19 00000320 1d
[F] 0100015c 00000097
[D] 0100015c 17 01 00 00 0 00 00000000 00
[F] 01000160 37808093
[D] 01000160 13 01 01 18 0 1b 00000378 18
[F] 01000164 00003137
[D] 01000164 37 02 00 00 3 00 00003000 00
[F] 01000168 09810113
[D] 01000168 13 02 02 18 0 04 00000098 18
[F] 0100016c ffb08093
[D] 0100016c 13 01 01 1b 0 7f fffffffb 1b
[F] 01000170 002093a3
[D] 01000170 23 07 01 02 1 00 00000007 02
[F] 01000174 00000217
[D] 01000174 17 04 00 00 0 00 00000000 00
[F] 01000178 36220213
[D] 01000178 13 04 04 02 0 1b 00000362 02
[F] 0100017c 00021283
[D] 0100017c 03 05 04 00 1 00 00000000 00
[F] 01000180 00003eb7
[D] 01000180 37 1d 00 00 3 00 00003000 00
[F] 01000184 098e8e93
[D] 01000184 13 1d 1d 18 0 04 00000098 18
[F] 01000188 00b00193
[D] 01000188 13 03 00 0b 0 00 0000000b 0b
[F] 0100018c 2fd29663
[D] 0100018c 63 0c 05 1d 1 17 000002ec 1d
[F] 01000190 00c00193
[D] 01000190 13 03 00 0c 0 00 0000000c 0c
[F] 01000194 00000213
[D] 01000194 13 04 00 00 0 00 00000000 00
[F] 01000198 ffffd0b7
[D] 01000198 37 01 00 1f 5 7f ffffd000 1f
[F] 0100019c cdd08093
[D] 0100019c 13 01 01 1d 0 66 fffffcdd 1d
[F] 010001a0 00000117
[D] 010001a0 17 02 00 00 0 00 00000000 00
[F] 010001a4 32410113
[D] 010001a4 13 02 02 04 0 19 00000324 04
[F] 010001a8 00111023
[D] 010001a8 23 00 02 01 1 00 00000000 01
[F] 010001ac 00011f03
[D] 010001ac 03 1e 02 00 1 00 00000000 00
[F] 010001b0 ffffdeb7
[D] 010001b0 37 1d 00 1f 5 7f ffffd000 1f
[F] 010001b4 cdde8e93
[D] 010001b4 13 1d 1d 1d 0 66 fffffcdd 1d
[F] 010001b8 2ddf1063
[D] 010001b8 63 00 1e 1d 1 16 000002c0 1d
[F] 010001bc 00120213
[D] 010001bc 13 04 04 01 0 00 00000001 01
[F] 010001c0 00200293
[D] 010001c0 13 05 00 02 0 00 00000002 02
[F] 010001c4 fc521ae3
[D] 010001c4 63 15 04 05 1 7e ffffffd4 05
[F] 010001c8 00d00193
[D] 010001c8 13 03 00 0d 0 00 0000000d 0d
[F] 010001cc 00000213
[D] 010001cc 13 04 00 00 0 00 00000000 00
[F] 010001d0 ffffc0b7
[D] 010001d0 37 01 00 1f 4 7f ffffc000 1f
[F] 010001d4 ccd08093
[D] 010001d4 13 01 01 0d 0 66 fffffccd 0d
[F] 010001d8 00000117
[D] 010001d8 17 02 00 00 0 00 00000000 00
[F] 010001dc 2ec10113
[D] 010001dc 13 02 02 0c 0 17 000002ec 0c
[F] 010001e0 00000013
[D] 010001e0 13 00 00 00 0 00 00000000 00
[F] 010001e4 00111123
[D] 010001e4 23 02 02 01 1 00 00000002 01
[F] 010001e8 00211f03
[D] 010001e8 03 1e 02 02 1 00 00000002 02
[F] 010001ec ffffceb7
[D] 010001ec 37 1d 00 1f 4 7f ffffc000 1f
[F] 010001f0 ccde8e93
[D] 010001f0 13 1d 1d 0d 0 66 fffffccd 0d
[F] 010001f4 29df1263
[D] 010001f4 63 04 1e 1d 1 14 00000284 1d
[F] 010001f8 00120213
[D] 010001f8 13 04 04 01 0 00 00000001 01
[F] 010001fc 00200293
[D] 010001fc 13 05 00 02 0 00 00000002 02
[F] 01000200 fc5218e3
[D] 01000200 63 11 04 05 1 7e ffffffd0 05
[F] 01000204 00e00193
[D] 01000204 13 03 00 0e 0 00 0000000e 0e
[F] 01000208 00000213
[D] 01000208 13 04 00 00 0 00 00000000 00
[F] 0100020c ffffc0b7
[D] 0100020c 37 01 00 1f 4 7f ffffc000 1f
[F] 01000210 bcc08093
[D] 01000210 13 01 01 0c 0 5e fffffbcc 0c
[F] 01000214 00000117
[D] 01000214 17 02 00 00 0 00 00000000 00
[F] 01000218 2b010113
[D] 01000218 13 02 02 10 0 15 000002b0 10
[F] 0100021c 00000013
[D] 0100021c 13 00 00 00 0 00 00000000 00
[F] 01000220 00000013
[D] 01000220 13 00 00 00 0 00 00000000 00
[F] 01000224 00111223
[D] 01000224 23 04 02 01 1 00 00000004 01
[F] 01000228 00411f03
[D] 01000228 03 1e 02 04 1 00 00000004 04
[F] 0100022c ffffceb7
[D] 0100022c 37 1d 00 1f 4 7f ffffc000 1f
[F] 01000230 bcce8e93
[D] 01000230 13 1d 1d 0c 0 5e fffffbcc 0c
[F] 01000234 25df1263
[D] 01000234 63 04 1e 1d 1 12 00000244 1d
[F] 01000238 00120213
[D] 01000238 13 04 04 01 0 00 00000001 01
[F] 0100023c 00200293
[D] 0100023c 13 05 00 02 0 00 00000002 02
[F] 01000240 fc5216e3
[D] 01000240 63 0d 04 05 1 7e ffffffcc 05
[F] 01000244 00f00193
[D] 01000244 13 03 00 0f 0 00 0000000f 0f
[F] 01000248 00000213
[D] 01000248 13 04 00 00 0 00 00000000 00
[F] 0100024c ffffb0b7
[D] 0100024c 37 01 00 1f 3 7f ffffb000 1f
[F] 01000250 bbc08093
[D] 01000250 13 01 01 1c 0 5d fffffbbc 1c
[F] 01000254 00000013
[D] 01000254 13 00 00 00 0 00 00000000 00
[F] 01000258 00000117
[D] 01000258 17 02 00 00 0 00 00000000 00
[F] 0100025c 26c10113
[D] 0100025c 13 02 02 0c 0 13 0000026c 0c
[F] 01000260 00111323
[D] 01000260 23 06 02 01 1 00 00000006 01
[F] 01000264 00611f03
[D] 01000264 03 1e 02 06 1 00 00000006 06
[F] 01000268 ffffbeb7
[D] 01000268 37 1d 00 1f 3 7f ffffb000 1f
[F] 0100026c bbce8e93
[D] 0100026c 13 1d 1d 1c 0 5d fffffbbc 1c
[F] 01000270 21df1463
[D] 01000270 63 08 1e 1d 1 10 00000208 1d
[F] 01000274 00120213
[D] 01000274 13 04 04 01 0 00 00000001 01
[F] 01000278 00200293
[D] 01000278 13 05 00 02 0 00 00000002 02
[F] 0100027c fc5218e3
[D] 0100027c 63 11 04 05 1 7e ffffffd0 05
[F] 01000280 01000193
[D] 01000280 13 03 00 10 0 00 00000010 10
[F] 01000284 00000213
[D] 01000284 13 04 00 00 0 00 00000000 00
[F] 01000288 ffffb0b7
[D] 01000288 37 01 00 1f 3 7f ffffb000 1f
[F] 0100028c abb08093
[D] 0100028c 13 01 01 1b 0 55 fffffabb 1b
[F] 01000290 00000013
[D] 01000290 13 00 00 00 0 00 00000000 00
[F] 01000294 00000117
[D] 01000294 17 02 00 00 0 00 00000000 00
[F] 01000298 23010113
[D] 01000298 13 02 02 10 0 11 00000230 10
[F] 0100029c 00000013
[D] 0100029c 13 00 00 00 0 00 00000000 00
[F] 010002a0 00111423
[D] 010002a0 23 08 02 01 1 00 00000008 01
[F] 010002a4 00811f03
[D] 010002a4 03 1e 02 08 1 00 00000008 08
[F] 010002a8 ffffbeb7
[D] 010002a8 37 1d 00 1f 3 7f ffffb000 1f
[F] 010002ac abbe8e93
[D] 010002ac 13 1d 1d 1b 0 55 fffffabb 1b
[F] 010002b0 1ddf1463
[D] 010002b0 63 08 1e 1d 1 0e 000001c8 1d
[F] 010002b4 00120213
[D] 010002b4 13 04 04 01 0 00 00000001 01
[F] 010002b8 00200293
[D] 010002b8 13 05 00 02 0 00 00000002 02
[F] 010002bc fc5216e3
[D] 010002bc 63 0d 04 05 1 7e ffffffcc 05
[F] 010002c0 01100193
[D] 010002c0 13 03 00 11 0 00 00000011 11
[F] 010002c4 00000213
[D] 010002c4 13 04 00 00 0 00 00000000 00
[F] 010002c8 ffffe0b7
[D] 010002c8 37 01 00 1f 6 7f ffffe000 1f
[F] 010002cc aab08093
[D] 010002cc 13 01 01 0b 0 55 fffffaab 0b
[F] 010002d0 00000013
[D] 010002d0 13 00 00 00 0 00 00000000 00
[F] 010002d4 00000013
[D] 010002d4 13 00 00 00 0 00 00000000 00
[F] 010002d8 00000117
[D] 010002d8 17 02 00 00 0 00 00000000 00
[F] 010002dc 1ec10113
[D] 010002dc 13 02 02 0c 0 0f 000001ec 0c
[F] 010002e0 00111523
[D] 010002e0 23 0a 02 01 1 00 0000000a 01
[F] 010002e4 00a11f03
[D] 010002e4 03 1e 02 0a 1 00 0000000a 0a
[F] 010002e8 ffffeeb7
[D] 010002e8 37 1d 00 1f 6 7f ffffe000 1f
[F] 010002ec aabe8e93
[D] 010002ec 13 1d 1d 0b 0 55 fffffaab 0b
[F] 010002f0 19df1463
[D] 010002f0 63 08 1e 1d 1 0c 00000188 1d
[F] 010002f4 00120213
[D] 010002f4 13 04 04 01 0 00 00000001 01
[F] 010002f8 00200293
[D] 010002f8 13 05 00 02 0 00 00000002 02
[F] 010002fc fc5216e3
[D] 010002fc 63 0d 04 05 1 7e ffffffcc 05
[F] 01000300 01200193
[D] 01000300 13 03 00 12 0 00 00000012 12
[F] 01000304 00000213
[D] 01000304 13 04 00 00 0 00 00000000 00
[F] 01000308 00000117
[D] 01000308 17 02 00 00 0 00 00000000 00
[F] 0100030c 1bc10113
[D] 0100030c 13 02 02 1c 0 0d 000001bc 1c
[F] 01000310 000020b7
[D] 01000310 37 01 00 00 2 00 00002000 00
[F] 01000314 23308093
[D] 01000314 13 01 01 13 0 11 00000233 13
[F] 01000318 00111023
[D] 01000318 23 00 02 01 1 00 00000000 01
[F] 0100031c 00011f03
[D] 0100031c 03 1e 02 00 1 00 00000000 00
[F] 01000320 00002eb7
[D] 01000320 37 1d 00 00 2 00 00002000 00
[F] 01000324 233e8e93
[D] 01000324 13 1d 1d 13 0 11 00000233 13
[F] 01000328 15df1863
[D] 01000328 63 10 1e 1d 1 0a 00000150 1d
[F] 0100032c 00120213
[D] 0100032c 13 04 04 01 0 00 00000001 01
[F] 01000330 00200293
[D] 01000330 13 05 00 02 0 00 00000002 02
[F] 01000334 fc521ae3
[D] 01000334 63 15 04 05 1 7e ffffffd4 05
[F] 01000338 01300193
[D] 01000338 13 03 00 13 0 00 00000013 13
[F] 0100033c 00000213
[D] 0100033c 13 04 00 00 0 00 00000000 00
[F] 01000340 00000117
[D] 01000340 17 02 00 00 0 00 00000000 00
[F] 01000344 18410113
[D] 01000344 13 02 02 04 0 0c 00000184 04
[F] 01000348 000010b7
[D] 01000348 37 01 00 00 1 00 00001000 00
[F] 0100034c 22308093
[D] 0100034c 13 01 01 03 0 11 00000223 03
[F] 01000350 00000013
[D] 01000350 13 00 00 00 0 00 00000000 00
[F] 01000354 00111123
[D] 01000354 23 02 02 01 1 00 00000002 01
[F] 01000358 00211f03
[D] 01000358 03 1e 02 02 1 00 00000002 02
[F] 0100035c 00001eb7
[D] 0100035c 37 1d 00 00 1 00 00001000 00
[F] 01000360 223e8e93
[D] 01000360 13 1d 1d 03 0 11 00000223 03
[F] 01000364 11df1a63
[D] 01000364 63 14 1e 1d 1 08 00000114 1d
[F] 01000368 00120213
[D] 01000368 13 04 04 01 0 00 00000001 01
[F] 0100036c 00200293
[D] 0100036c 13 05 00 02 0 00 00000002 02
[F] 01000370 fc5218e3
[D] 01000370 63 11 04 05 1 7e ffffffd0 05
[F] 01000374 01400193
[D] 01000374 13 03 00 14 0 00 00000014 14
[F] 01000378 00000213
[D] 01000378 13 04 00 00 0 00 00000000 00
[F] 0100037c 00000117
[D] 0100037c 17 02 00 00 0 00 00000000 00
[F] 01000380 14810113
[D] 01000380 13 02 02 08 0 0a 00000148 08
[F] 01000384 000010b7
[D] 01000384 37 01 00 00 1 00 00001000 00
[F] 01000388 12208093
[D] 01000388 13 01 01 02 0 09 00000122 02
[F] 0100038c 00000013
[D] 0100038c 13 00 00 00 0 00 00000000 00
[F] 01000390 00000013
[D] 01000390 13 00 00 00 0 00 00000000 00
[F] 01000394 00111223
[D] 01000394 23 04 02 01 1 00 00000004 01
[F] 01000398 00411f03
[D] 01000398 03 1e 02 04 1 00 00000004 04
[F] 0100039c 00001eb7
[D] 0100039c 37 1d 00 00 1 00 00001000 00
[F] 010003a0 122e8e93
[D] 010003a0 13 1d 1d 02 0 09 00000122 02
[F] 010003a4 0ddf1a63
[D] 010003a4 63 14 1e 1d 1 06 000000d4 1d
[F] 010003a8 00120213
[D] 010003a8 13 04 04 01 0 00 00000001 01
[F] 010003ac 00200293
[D] 010003ac 13 05 00 02 0 00 00000002 02
[F] 010003b0 fc5216e3
[D] 010003b0 63 0d 04 05 1 7e ffffffcc 05
[F] 010003b4 01500193
[D] 010003b4 13 03 00 15 0 00 00000015 15
[F] 010003b8 00000213
[D] 010003b8 13 04 00 00 0 00 00000000 00
[F] 010003bc 00000117
[D] 010003bc 17 02 00 00 0 00 00000000 00
[F] 010003c0 10810113
[D] 010003c0 13 02 02 08 0 08 00000108 08
[F] 010003c4 00000013
[D] 010003c4 13 00 00 00 0 00 00000000 00
[F] 010003c8 11200093
[D] 010003c8 13 01 00 12 0 08 00000112 12
[F] 010003cc 00111323
[D] 010003cc 23 06 02 01 1 00 00000006 01
[F] 010003d0 00611f03
[D] 010003d0 03 1e 02 06 1 00 00000006 06
[F] 010003d4 11200e93
[D] 010003d4 13 1d 00 12 0 08 00000112 12
[F] 010003d8 0bdf1063
[D] 010003d8 63 00 1e 1d 1 05 000000a0 1d
[F] 010003dc 00120213
[D] 010003dc 13 04 04 01 0 00 00000001 01
[F] 010003e0 00200293
[D] 010003e0 13 05 00 02 0 00 00000002 02
[F] 010003e4 fc521ce3
[D] 010003e4 63 19 04 05 1 7e ffffffd8 05
[F] 010003e8 01600193
[D] 010003e8 13 03 00 16 0 00 00000016 16
[F] 010003ec 00000213
[D] 010003ec 13 04 00 00 0 00 00000000 00
[F] 010003f0 00000117
[D] 010003f0 17 02 00 00 0 00 00000000 00
[F] 010003f4 0d410113
[D] 010003f4 13 02 02 14 0 06 000000d4 14
[F] 010003f8 00000013
[D] 010003f8 13 00 00 00 0 00 00000000 00
[F] 010003fc 01100093
[D] 010003fc 13 01 00 11 0 00 00000011 11
[F] 01000400 00000013
[D] 01000400 13 00 00 00 0 00 00000000 00
[F] 01000404 00111423
[D] 01000404 23 08 02 01 1 00 00000008 01
[F] 01000408 00811f03
[D] 01000408 03 1e 02 08 1 00 00000008 08
[F] 0100040c 01100e93
[D] 0100040c 13 1d 00 11 0 00 00000011 11
[F] 01000410 07df1463
[D] 01000410 63 08 1e 1d 1 03 00000068 1d
[F] 01000414 00120213
[D] 01000414 13 04 04 01 0 00 00000001 01
[F] 01000418 00200293
[D] 01000418 13 05 00 02 0 00 00000002 02
[F] 0100041c fc521ae3
[D] 0100041c 63 15 04 05 1 7e ffffffd4 05
[F] 01000420 01700193
[D] 01000420 13 03 00 17 0 00 00000017 17
[F] 01000424 00000213
[D] 01000424 13 04 00 00 0 00 00000000 00
[F] 01000428 00000117
[D] 01000428 17 02 00 00 0 00 00000000 00
[F] 0100042c 09c10113
[D] 0100042c 13 02 02 1c 0 04 0000009c 1c
[F] 01000430 00000013
[D] 01000430 13 00 00 00 0 00 00000000 00
[F] 01000434 00000013
[D] 01000434 13 00 00 00 0 00 00000000 00
[F] 01000438 000030b7
[D] 01000438 37 01 00 00 3 00 00003000 00
[F] 0100043c 00108093
[D] 0100043c 13 01 01 01 0 00 00000001 01
[F] 01000440 00111523
[D] 01000440 23 0a 02 01 1 00 0000000a 01
[F] 01000444 00a11f03
[D] 01000444 03 1e 02 0a 1 00 0000000a 0a
[F] 01000448 00003eb7
[D] 01000448 37 1d 00 00 3 00 00003000 00
[F] 0100044c 001e8e93
[D] 0100044c 13 1d 1d 01 0 00 00000001 01
[F] 01000450 03df1463
[D] 01000450 63 08 1e 1d 1 01 00000028 1d
[F] 01000454 00120213
[D] 01000454 13 04 04 01 0 00 00000001 01
[F] 01000458 00200293
[D] 01000458 13 05 00 02 0 00 00000002 02
[F] 0100045c fc5216e3
[D] 0100045c 63 0d 04 05 1 7e ffffffcc 05
[F] 01000460 0000c537
[D] 01000460 37 0a 00 00 4 00 0000c000 00
[F] 01000464 eef50513
[D] 01000464 13 0a 0a 0f 0 77 fffffeef 0f
[F] 01000468 00000597
[D] 01000468 17 0b 00 00 0 00 00000000 00
[F] 0100046c 05c58593
[D] 0100046c 13 0b 0b 1c 0 02 0000005c 1c
[F] 01000470 00a59323
[D] 01000470 23 06 0b 0a 1 00 00000006 0a
[F] 01000474 00301c63
[D] 01000474 63 18 00 03 1 00 00000018 03
[F] 01000478 0ff0000f
[D] 01000478 0f 00 00 1f 0 07 00000000 1f
[F] 0100047c 00018063
[D] 0100047c 63 00 03 00 0 00 00000000 00
[F] 01000480 00119193
[D] 01000480 13 03 03 01 1 00 00000001 01
[F] 01000484 0011e193
[D] 01000484 13 03 03 01 6 00 00000001 01
[F] 01000488 00000073
[D] 01000488 73 00 00 00 0 00 00000000 00
[F] 0100048c 0ff0000f
[D] 0100048c 0f 00 00 1f 0 07 00000000 1f
[F] 01000490 00100193
[D] 01000490 13 03 00 01 0 00 00000001 01
[F] 01000494 00000073
[D] 01000494 73 00 00 00 0 00 00000000 00
[F] 01000498 c0001073
[D] 01000498 73 00 00 00 1 60 00000000 00
[F] 0100049c 00000000
[D] 0100049c 00 00 00 00 0 00 00000000 00
[F] 010004a0 00000000
[D] 010004a0 00 00 00 00 0 00 00000000 00
[F] 010004a4 00000000
[D] 010004a4 00 00 00 00 0 00 00000000 00
[F] 010004a8 00000000
[D] 010004a8 00 00 00 00 0 00 00000000 00
[F] 010004ac 00000000
[D] 010004ac 00 00 00 00 0 00 00000000 00
[F] 010004b0 00000000
[D] 010004b0 00 00 00 00 0 00 00000000 00
[F] 010004b4 00000000
[D] 010004b4 00 00 00 00 0 00 00000000 00
[F] 010004b8 00000000
[D] 010004b8 00 00 00 00 0 00 00000000 00
[F] 010004bc 00000000
[D] 010004bc 00 00 00 00 0 00 00000000 00
[F] 010004c0 00000000
[D] 010004c0 00 00 00 00 0 00 00000000 00
[F] 010004c4 beefbeef
[D] 010004c4 6f 1d 1f 0e 3 5f ffffb3ee 0e
[F] 010004c8 beefbeef
[D] 010004c8 6f 1d 1f 0e 3 5f ffffb3ee 0e
[F] 010004cc beefbeef
[D] 010004cc 6f 1d 1f 0e 3 5f ffffb3ee 0e
[F] 010004d0 beefbeef
[D] 010004d0 6f 1d 1f 0e 3 5f ffffb3ee 0e
[F] 010004d4 beefbeef
[D] 010004d4 6f 1d 1f 0e 3 5f ffffb3ee 0e
[F] 010004d8 00000000
[D] 010004d8 00 00 00 00 0 00 00000000 00
[F] 010004dc 00000000
[D] 010004dc 00 00 00 00 0 00 00000000 00
[F] 010004e0 00000000
[D] 010004e0 00 00 00 00 0 00 00000000 00
[F] 010004e4 00000000
[D] 010004e4 00 00 00 00 0 00 00000000 00
[F] 010004e8 00000000
[D] 010004e8 00 00 00 00 0 00 00000000 00
[F] 010004ec 00000000
[D] 010004ec 00 00 00 00 0 00 00000000 00
[F] 010004f0 00000000
[D] 010004f0 00 00 00 00 0 00 00000000 00
[F] 010004f4 00000000
[D] 010004f4 00 00 00 00 0 00 00000000 00
[F] 010004f8 00000000
[D] 010004f8 00 00 00 00 0 00 00000000 00
[F] 010004fc 00000000
[D] 010004fc 00 00 00 00 0 00 00000000 00
[F] 01000500 00000000
[D] 01000500 00 00 00 00 0 00 00000000 00
[F] 01000504 00000000
[D] 01000504 00 00 00 00 0 00 00000000 00
[F] 01000508 00000000
[D] 01000508 00 00 00 00 0 00 00000000 00
[F] 0100050c 00000000
[D] 0100050c 00 00 00 00 0 00 00000000 00
[F] 01000510 00000000
[D] 01000510 00 00 00 00 0 00 00000000 00
[F] 01000514 00000000
[D] 01000514 00 00 00 00 0 00 00000000 00
[F] 01000518 00000000
[D] 01000518 00 00 00 00 0 00 00000000 00
[F] 0100051c 00000000
[D] 0100051c 00 00 00 00 0 00 00000000 00
[F] 01000520 00000000
[D] 01000520 00 00 00 00 0 00 00000000 00
[F] 01000524 00000000
[D] 01000524 00 00 00 00 0 00 00000000 00
[F] 01000528 00000000
[D] 01000528 00 00 00 00 0 00 00000000 00
[F] 0100052c 00000000
[D] 0100052c 00 00 00 00 0 00 00000000 00
[F] 01000530 00000000
[D] 01000530 00 00 00 00 0 00 00000000 00
[F] 01000534 00000000
[D] 01000534 00 00 00 00 0 00 00000000 00
[F] 01000538 00000000
[D] 01000538 00 00 00 00 0 00 00000000 00
[F] 0100053c 00000000
[D] 0100053c 00 00 00 00 0 00 00000000 00
[F] 01000540 00000000
[D] 01000540 00 00 00 00 0 00 00000000 00
[F] 01000544 00000000
[D] 01000544 00 00 00 00 0 00 00000000 00
[F] 01000548 00000000
[D] 01000548 00 00 00 00 0 00 00000000 00
[F] 0100054c 00000000
[D] 0100054c 00 00 00 00 0 00 00000000 00
[F] 01000550 00000000
[D] 01000550 00 00 00 00 0 00 00000000 00
[F] 01000554 00000000
[D] 01000554 00 00 00 00 0 00 00000000 00
[F] 01000558 00000000
[D] 01000558 00 00 00 00 0 00 00000000 00
[F] 0100055c 00000000
[D] 0100055c 00 00 00 00 0 00 00000000 00
[F] 01000560 00000000
[D] 01000560 00 00 00 00 0 00 00000000 00
[F] 01000564 00000000
[D] 01000564 00 00 00 00 0 00 00000000 00
[F] 01000568 00000000
[D] 01000568 00 00 00 00 0 00 00000000 00
[F] 0100056c 00000000
[D] 0100056c 00 00 00 00 0 00 00000000 00
[F] 01000570 00000000
[D] 01000570 00 00 00 00 0 00 00000000 00
[F] 01000574 00000000
[D] 01000574 00 00 00 00 0 00 00000000 00
[F] 01000578 00000000
[D] 01000578 00 00 00 00 0 00 00000000 00
[F] 0100057c 00000000
[D] 0100057c 00 00 00 00 0 00 00000000 00
[F] 01000580 00000000
[D] 01000580 00 00 00 00 0 00 00000000 00
[F] 01000584 00000000
[D] 01000584 00 00 00 00 0 00 00000000 00
[F] 01000588 00000000
[D] 01000588 00 00 00 00 0 00 00000000 00
[F] 0100058c 00000000
[D] 0100058c 00 00 00 00 0 00 00000000 00
[F] 01000590 00000000
[D] 01000590 00 00 00 00 0 00 00000000 00
[F] 01000594 00000000
[D] 01000594 00 00 00 00 0 00 00000000 00
[F] 01000598 00000000
[D] 01000598 00 00 00 00 0 00 00000000 00
[F] 0100059c 00000000
[D] 0100059c 00 00 00 00 0 00 00000000 00
[F] 010005a0 00000000
[D] 010005a0 00 00 00 00 0 00 00000000 00
[F] 010005a4 00000000
[D] 010005a4 00 00 00 00 0 00 00000000 00
[F] 010005a8 00000000
[D] 010005a8 00 00 00 00 0 00 00000000 00
[F] 010005ac 00000000
[D] 010005ac 00 00 00 00 0 00 00000000 00
[F] 010005b0 00000000
[D] 010005b0 00 00 00 00 0 00 00000000 00
[F] 010005b4 00000000
[D] 010005b4 00 00 00 00 0 00 00000000 00
[F] 010005b8 00000000
[D] 010005b8 00 00 00 00 0 00 00000000 00
[F] 010005bc 00000000
[D] 010005bc 00 00 00 00 0 00 00000000 00
[F] 010005c0 00000000
[D] 010005c0 00 00 00 00 0 00 00000000 00
[F] 010005c4 00000000
[D] 010005c4 00 00 00 00 0 00 00000000 00
[F] 010005c8 00000000
[D] 010005c8 00 00 00 00 0 00 00000000 00
[F] 010005cc 00000000
[D] 010005cc 00 00 00 00 0 00 00000000 00
[F] 010005d0 00000000
[D] 010005d0 00 00 00 00 0 00 00000000 00
[F] 010005d4 00000000
[D] 010005d4 00 00 00 00 0 00 00000000 00
[F] 010005d8 00000000
[D] 010005d8 00 00 00 00 0 00 00000000 00
