[F] 01000000 00000097
[D] 01000000 17 01 00 00 0 00 00000000 00
[F] 01000004 2c408093
[D] 01000004 13 01 01 04 0 16 000002c4 04
[F] 01000008 0000df03
[D] 01000008 03 1e 01 00 5 00 00000000 00
[F] 0100000c 0ff00e93
[D] 0100000c 13 1d 00 1f 0 07 000000ff 1f
[F] 01000010 00200193
[D] 01000010 13 03 00 02 0 00 00000002 02
[F] 01000014 27df1663
[D] 01000014 63 0c 1e 1d 1 13 0000026c 1d
[F] 01000018 00000097
[D] 01000018 17 01 00 00 0 00 00000000 00
[F] 0100001c 2ac08093
[D] 0100001c 13 01 01 0c 0 15 000002ac 0c
[F] 01000020 0020df03
[D] 01000020 03 1e 01 02 5 00 00000002 02
[F] 01000024 00010eb7
[D] 01000024 37 1d 00 00 0 00 00010000 00
[F] 01000028 f00e8e93
[D] 01000028 13 1d 1d 00 0 78 ffffff00 00
[F] 0100002c 00300193
[D] 0100002c 13 03 00 03 0 00 00000003 03
[F] 01000030 25df1863
[D] 01000030 63 10 1e 1d 1 12 00000250 1d
[F] 01000034 00000097
[D] 01000034 17 01 00 00 0 00 00000000 00
[F] 01000038 29008093
[D] 01000038 13 01 01 10 0 14 00000290 10
[F] 0100003c 0040df03
[D] 0100003c 03 1e 01 04 5 00 00000004 04
[F] 01000040 00001eb7
[D] 01000040 37 1d 00 00 1 00 00001000 00
[F] 01000044 ff0e8e93
[D] 01000044 13 1d 1d 10 0 7f fffffff0 10
[F] 01000048 00400193
[D] 01000048 13 03 00 04 0 00 00000004 04
[F] 0100004c 23df1a63
[D] 0100004c 63 14 1e 1d 1 11 00000234 1d
[F] 01000050 00000097
[D] 01000050 17 01 00 00 0 00 00000000 00
[F] 01000054 27408093
[D] 01000054 13 01 01 14 0 13 00000274 14
[F] 01000058 0060df03
[D] 01000058 03 1e 01 06 5 00 00000006 06
[F] 0100005c 0000feb7
[D] 0100005c 37 1d 00 00 7 00 0000f000 00
[F] 01000060 00fe8e93
[D] 01000060 13 1d 1d 0f 0 00 0000000f 0f
[F] 01000064 00500193
[D] 01000064 13 03 00 05 0 00 00000005 05
[F] 01000068 21df1c63
[D] 01000068 63 18 1e 1d 1 10 00000218 1d
[F] 0100006c 00000097
[D] 0100006c 17 01 00 00 0 00 00000000 00
[F] 01000070 25e08093
[D] 01000070 13 01 01 1e 0 12 0000025e 1e
[F] 01000074 ffa0df03
[D] 01000074 03 1e 01 1a 5 7f fffffffa 1a
[F] 01000078 0ff00e93
[D] 01000078 13 1d 00 1f 0 07 000000ff 1f
[F] 0100007c 00600193
[D] 0100007c 13 03 00 06 0 00 00000006 06
[F] 01000080 21df1063
[D] 01000080 63 00 1e 1d 1 10 00000200 1d
[F] 01000084 00000097
[D] 01000084 17 01 00 00 0 00 00000000 00
[F] 01000088 24608093
[D] 01000088 13 01 01 06 0 12 00000246 06
[F] 0100008c ffc0df03
[D] 0100008c 03 1e 01 1c 5 7f fffffffc 1c
[F] 01000090 00010eb7
[D] 01000090 37 1d 00 00 0 00 00010000 00
[F] 01000094 f00e8e93
[D] 01000094 13 1d 1d 00 0 78 ffffff00 00
[F] 01000098 00700193
[D] 01000098 13 03 00 07 0 00 00000007 07
[F] 0100009c 1fdf1263
[D] 0100009c 63 04 1e 1d 1 0f 000001e4 1d
[F] 010000a0 00000097
[D] 010000a0 17 01 00 00 0 00 00000000 00
[F] 010000a4 22a08093
[D] 010000a4 13 01 01 0a 0 11 0000022a 0a
[F] 010000a8 ffe0df03
[D] 010000a8 03 1e 01 1e 5 7f fffffffe 1e
[F] 010000ac 00001eb7
[D] 010000ac 37 1d 00 00 1 00 00001000 00
[F] 010000b0 ff0e8e93
[D] 010000b0 13 1d 1d 10 0 7f fffffff0 10
[F] 010000b4 00800193
[D] 010000b4 13 03 00 08 0 00 00000008 08
[F] 010000b8 1ddf1463
[D] 010000b8 63 08 1e 1d 1 0e 000001c8 1d
[F] 010000bc 00000097
[D] 010000bc 17 01 00 00 0 00 00000000 00
[F] 010000c0 20e08093
[D] 010000c0 13 01 01 0e 0 10 0000020e 0e
[F] 010000c4 0000df03
[D] 010000c4 03 1e 01 00 5 00 00000000 00
[F] 010000c8 0000feb7
[D] 010000c8 37 1d 00 00 7 00 0000f000 00
[F] 010000cc 00fe8e93
[D] 010000cc 13 1d 1d 0f 0 00 0000000f 0f
[F] 010000d0 00900193
[D] 010000d0 13 03 00 09 0 00 00000009 09
[F] 010000d4 1bdf1663
[D] 010000d4 63 0c 1e 1d 1 0d 000001ac 1d
[F] 010000d8 00000097
[D] 010000d8 17 01 00 00 0 00 00000000 00
[F] 010000dc 1ec08093
[D] 010000dc 13 01 01 0c 0 0f 000001ec 0c
[F] 010000e0 fe008093
[D] 010000e0 13 01 01 00 0 7f ffffffe0 00
[F] 010000e4 0200d283
[D] 010000e4 03 05 01 00 5 01 00000020 00
[F] 010000e8 0ff00e93
[D] 010000e8 13 1d 00 1f 0 07 000000ff 1f
[F] 010000ec 00a00193
[D] 010000ec 13 03 00 0a 0 00 0000000a 0a
[F] 010000f0 19d29863
[D] 010000f0 63 10 05 1d 1 0c 00000190 1d
[F] 010000f4 00000097
[D] 010000f4 17 01 00 00 0 00 00000000 00
[F] 010000f8 1d008093
[D] 010000f8 13 01 01 10 0 0e 000001d0 10
[F] 010000fc ffb08093
[D] 010000fc 13 01 01 1b 0 7f fffffffb 1b
[F] 01000100 0070d283
[D] 01000100 03 05 01 07 5 00 00000007 07
[F] 01000104 00010eb7
[D] 01000104 37 1d 00 00 0 00 00010000 00
[F] 01000108 f00e8e93
[D] 01000108 13 1d 1d 00 0 78 ffffff00 00
[F] 0100010c 00b00193
[D] 0100010c 13 03 00 0b 0 00 0000000b 0b
[F] 01000110 17d29863
[D] 01000110 63 10 05 1d 1 0b 00000170 1d
[F] 01000114 00c00193
[D] 01000114 13 03 00 0c 0 00 0000000c 0c
[F] 01000118 00000213
[D] 01000118 13 04 00 00 0 00 00000000 00
[F] 0100011c 00000097
[D] 0100011c 17 01 00 00 0 00 00000000 00
[F] 01000120 1aa08093
[D] 01000120 13 01 01 0a 0 0d 000001aa 0a
[F] 01000124 0020df03
[D] 01000124 03 1e 01 02 5 00 00000002 02
[F] 01000128 000f0313
[D] 01000128 13 06 1e 00 0 00 00000000 00
[F] 0100012c 00001eb7
[D] 0100012c 37 1d 00 00 1 00 00001000 00
[F] 01000130 ff0e8e93
[D] 01000130 13 1d 1d 10 0 7f fffffff0 10
[F] 01000134 15d31663
[D] 01000134 63 0c 06 1d 1 0a 0000014c 1d
[F] 01000138 00120213
[D] 01000138 13 04 04 01 0 00 00000001 01
[F] 0100013c 00200293
[D] 0100013c 13 05 00 02 0 00 00000002 02
[F] 01000140 fc521ee3
[D] 01000140 63 1d 04 05 1 7e ffffffdc 05
[F] 01000144 00d00193
[D] 01000144 13 03 00 0d 0 00 0000000d 0d
[F] 01000148 00000213
[D] 01000148 13 04 00 00 0 00 00000000 00
[F] 0100014c 00000097
[D] 0100014c 17 01 00 00 0 00 00000000 00
[F] 01000150 17c08093
[D] 01000150 13 01 01 1c 0 0b 0000017c 1c
[F] 01000154 0020df03
[D] 01000154 03 1e 01 02 5 00 00000002 02
[F] 01000158 00000013
[D] 01000158 13 00 00 00 0 00 00000000 00
[F] 0100015c 000f0313
[D] 0100015c 13 06 1e 00 0 00 00000000 00
[F] 01000160 0000feb7
[D] 01000160 37 1d 00 00 7 00 0000f000 00
[F] 01000164 00fe8e93
[D] 01000164 13 1d 1d 0f 0 00 0000000f 0f
[F] 01000168 11d31c63
[D] 01000168 63 18 06 1d 1 08 00000118 1d
[F] 0100016c 00120213
[D] 0100016c 13 04 04 01 0 00 00000001 01
[F] 01000170 00200293
[D] 01000170 13 05 00 02 0 00 00000002 02
[F] 01000174 fc521ce3
[D] 01000174 63 19 04 05 1 7e ffffffd8 05
[F] 01000178 00e00193
[D] 01000178 13 03 00 0e 0 00 0000000e 0e
[F] 0100017c 00000213
[D] 0100017c 13 04 00 00 0 00 00000000 00
[F] 01000180 00000097
[D] 01000180 17 01 00 00 0 00 00000000 00
[F] 01000184 14408093
[D] 01000184 13 01 01 04 0 0a 00000144 04
[F] 01000188 0020df03
[D] 01000188 03 1e 01 02 5 00 00000002 02
[F] 0100018c 00000013
[D] 0100018c 13 00 00 00 0 00 00000000 00
[F] 01000190 00000013
[D] 01000190 13 00 00 00 0 00 00000000 00
[F] 01000194 000f0313
[D] 01000194 13 06 1e 00 0 00 00000000 00
[F] 01000198 00010eb7
[D] 01000198 37 1d 00 00 0 00 00010000 00
[F] 0100019c f00e8e93
[D] 0100019c 13 1d 1d 00 0 78 ffffff00 00
[F] 010001a0 0fd31063
[D] 010001a0 63 00 06 1d 1 07 000000e0 1d
[F] 010001a4 00120213
[D] 010001a4 13 04 04 01 0 00 00000001 01
[F] 010001a8 00200293
[D] 010001a8 13 05 00 02 0 00 00000002 02
[F] 010001ac fc521ae3
[D] 010001ac 63 15 04 05 1 7e ffffffd4 05
[F] 010001b0 00f00193
[D] 010001b0 13 03 00 0f 0 00 0000000f 0f
[F] 010001b4 00000213
[D] 010001b4 13 04 00 00 0 00 00000000 00
[F] 010001b8 00000097
[D] 010001b8 17 01 00 00 0 00 00000000 00
[F] 010001bc 10e08093
[D] 010001bc 13 01 01 0e 0 08 0000010e 0e
[F] 010001c0 0020df03
[D] 010001c0 03 1e 01 02 5 00 00000002 02
[F] 010001c4 00001eb7
[D] 010001c4 37 1d 00 00 1 00 00001000 00
[F] 010001c8 ff0e8e93
[D] 010001c8 13 1d 1d 10 0 7f fffffff0 10
[F] 010001cc 0bdf1a63
[D] 010001cc 63 14 1e 1d 1 05 000000b4 1d
[F] 010001d0 00120213
[D] 010001d0 13 04 04 01 0 00 00000001 01
[F] 010001d4 00200293
[D] 010001d4 13 05 00 02 0 00 00000002 02
[F] 010001d8 fe5210e3
[D] 010001d8 63 01 04 05 1 7f ffffffe0 05
[F] 010001dc 01000193
[D] 010001dc 13 03 00 10 0 00 00000010 10
[F] 010001e0 00000213
[D] 010001e0 13 04 00 00 0 00 00000000 00
[F] 010001e4 00000097
[D] 010001e4 17 01 00 00 0 00 00000000 00
[F] 010001e8 0e408093
[D] 010001e8 13 01 01 04 0 07 000000e4 04
[F] 010001ec 00000013
[D] 010001ec 13 00 00 00 0 00 00000000 00
[F] 010001f0 0020df03
[D] 010001f0 03 1e 01 02 5 00 00000002 02
[F] 010001f4 0000feb7
[D] 010001f4 37 1d 00 00 7 00 0000f000 00
[F] 010001f8 00fe8e93
[D] 010001f8 13 1d 1d 0f 0 00 0000000f 0f
[F] 010001fc 09df1263
[D] 010001fc 63 04 1e 1d 1 04 00000084 1d
[F] 01000200 00120213
[D] 01000200 13 04 04 01 0 00 00000001 01
[F] 01000204 00200293
[D] 01000204 13 05 00 02 0 00 00000002 02
[F] 01000208 fc521ee3
[D] 01000208 63 1d 04 05 1 7e ffffffdc 05
[F] 0100020c 01100193
[D] 0100020c 13 03 00 11 0 00 00000011 11
[F] 01000210 00000213
[D] 01000210 13 04 00 00 0 00 00000000 00
[F] 01000214 00000097
[D] 01000214 17 01 00 00 0 00 00000000 00
[F] 01000218 0b008093
[D] 01000218 13 01 01 10 0 05 000000b0 10
[F] 0100021c 00000013
[D] 0100021c 13 00 00 00 0 00 00000000 00
[F] 01000220 00000013
[D] 01000220 13 00 00 00 0 00 00000000 00
[F] 01000224 0020df03
[D] 01000224 03 1e 01 02 5 00 00000002 02
[F] 01000228 00010eb7
[D] 01000228 37 1d 00 00 0 00 00010000 00
[F] 0100022c f00e8e93
[D] 0100022c 13 1d 1d 00 0 78 ffffff00 00
[F] 01000230 05df1863
[D] 01000230 63 10 1e 1d 1 02 00000050 1d
[F] 01000234 00120213
[D] 01000234 13 04 04 01 0 00 00000001 01
[F] 01000238 00200293
[D] 01000238 13 05 00 02 0 00 00000002 02
[F] 0100023c fc521ce3
[D] 0100023c 63 19 04 05 1 7e ffffffd8 05
[F] 01000240 00000297
[D] 01000240 17 05 00 00 0 00 00000000 00
[F] 01000244 08428293
[D] 01000244 13 05 05 04 0 04 00000084 04
[F] 01000248 0002d103
[D] 01000248 03 02 05 00 5 00 00000000 00
[F] 0100024c 00200113
[D] 0100024c 13 02 00 02 0 00 00000002 02
[F] 01000250 00200e93
[D] 01000250 13 1d 00 02 0 00 00000002 02
[F] 01000254 01200193
[D] 01000254 13 03 00 12 0 00 00000012 12
[F] 01000258 03d11463
[D] 01000258 63 08 02 1d 1 01 00000028 1d
[F] 0100025c 00000297
[D] 0100025c 17 05 00 00 0 00 00000000 00
[F] 01000260 06828293
[D] 01000260 13 05 05 08 0 03 00000068 08
[F] 01000264 0002d103
[D] 01000264 03 02 05 00 5 00 00000000 00
[F] 01000268 00000013
[D] 01000268 13 00 00 00 0 00 00000000 00
[F] 0100026c 00200113
[D] 0100026c 13 02 00 02 0 00 00000002 02
[F] 01000270 00200e93
[D] 01000270 13 1d 00 02 0 00 00000002 02
[F] 01000274 01300193
[D] 01000274 13 03 00 13 0 00 00000013 13
[F] 01000278 01d11463
[D] 01000278 63 08 02 1d 1 00 00000008 1d
[F] 0100027c 00301c63
[D] 0100027c 63 18 00 03 1 00 00000018 03
[F] 01000280 0ff0000f
[D] 01000280 0f 00 00 1f 0 07 00000000 1f
[F] 01000284 00018063
[D] 01000284 63 00 03 00 0 00 00000000 00
[F] 01000288 00119193
[D] 01000288 13 03 03 01 1 00 00000001 01
[F] 0100028c 0011e193
[D] 0100028c 13 03 03 01 6 00 00000001 01
[F] 01000290 00000073
[D] 01000290 73 00 00 00 0 00 00000000 00
[F] 01000294 0ff0000f
[D] 01000294 0f 00 00 1f 0 07 00000000 1f
[F] 01000298 00100193
[D] 01000298 13 03 00 01 0 00 00000001 01
[F] 0100029c 00000073
[D] 0100029c 73 00 00 00 0 00 00000000 00
[F] 010002a0 c0001073
[D] 010002a0 73 00 00 00 1 60 00000000 00
[F] 010002a4 00000000
[D] 010002a4 00 00 00 00 0 00 00000000 00
[F] 010002a8 00000000
[D] 010002a8 00 00 00 00 0 00 00000000 00
[F] 010002ac 00000000
[D] 010002ac 00 00 00 00 0 00 00000000 00
[F] 010002b0 00000000
[D] 010002b0 00 00 00 00 0 00 00000000 00
[F] 010002b4 00000000
[D] 010002b4 00 00 00 00 0 00 00000000 00
[F] 010002b8 00000000
[D] 010002b8 00 00 00 00 0 00 00000000 00
[F] 010002bc 00000000
[D] 010002bc 00 00 00 00 0 00 00000000 00
[F] 010002c0 00000000
[D] 010002c0 00 00 00 00 0 00 00000000 00
[F] 010002c4 ff0000ff
[D] 010002c4 7f 01 00 10 0 7f 00000000 10
[F] 010002c8 f00f0ff0
[D] 010002c8 70 1f 1e 00 0 78 00000000 00
[F] 010002cc 00000000
[D] 010002cc 00 00 00 00 0 00 00000000 00
[F] 010002d0 00000000
[D] 010002d0 00 00 00 00 0 00 00000000 00
[F] 010002d4 00000000
[D] 010002d4 00 00 00 00 0 00 00000000 00
[F] 010002d8 00000000
[D] 010002d8 00 00 00 00 0 00 00000000 00
[F] 010002dc 00000000
[D] 010002dc 00 00 00 00 0 00 00000000 00
[F] 010002e0 00000000
[D] 010002e0 00 00 00 00 0 00 00000000 00
[F] 010002e4 00000000
[D] 010002e4 00 00 00 00 0 00 00000000 00
[F] 010002e8 00000000
[D] 010002e8 00 00 00 00 0 00 00000000 00
[F] 010002ec 00000000
[D] 010002ec 00 00 00 00 0 00 00000000 00
[F] 010002f0 00000000
[D] 010002f0 00 00 00 00 0 00 00000000 00
[F] 010002f4 00000000
[D] 010002f4 00 00 00 00 0 00 00000000 00
[F] 010002f8 00000000
[D] 010002f8 00 00 00 00 0 00 00000000 00
[F] 010002fc 00000000
[D] 010002fc 00 00 00 00 0 00 00000000 00
[F] 01000300 00000000
[D] 01000300 00 00 00 00 0 00 00000000 00
[F] 01000304 00000000
[D] 01000304 00 00 00 00 0 00 00000000 00
[F] 01000308 00000000
[D] 01000308 00 00 00 00 0 00 00000000 00
[F] 0100030c 00000000
[D] 0100030c 00 00 00 00 0 00 00000000 00
[F] 01000310 00000000
[D] 01000310 00 00 00 00 0 00 00000000 00
[F] 01000314 00000000
[D] 01000314 00 00 00 00 0 00 00000000 00
[F] 01000318 00000000
[D] 01000318 00 00 00 00 0 00 00000000 00
[F] 0100031c 00000000
[D] 0100031c 00 00 00 00 0 00 00000000 00
[F] 01000320 00000000
[D] 01000320 00 00 00 00 0 00 00000000 00
[F] 01000324 00000000
[D] 01000324 00 00 00 00 0 00 00000000 00
[F] 01000328 00000000
[D] 01000328 00 00 00 00 0 00 00000000 00
[F] 0100032c 00000000
[D] 0100032c 00 00 00 00 0 00 00000000 00
[F] 01000330 00000000
[D] 01000330 00 00 00 00 0 00 00000000 00
[F] 01000334 00000000
[D] 01000334 00 00 00 00 0 00 00000000 00
[F] 01000338 00000000
[D] 01000338 00 00 00 00 0 00 00000000 00
[F] 0100033c 00000000
[D] 0100033c 00 00 00 00 0 00 00000000 00
[F] 01000340 00000000
[D] 01000340 00 00 00 00 0 00 00000000 00
[F] 01000344 00000000
[D] 01000344 00 00 00 00 0 00 00000000 00
[F] 01000348 00000000
[D] 01000348 00 00 00 00 0 00 00000000 00
[F] 0100034c 00000000
[D] 0100034c 00 00 00 00 0 00 00000000 00
[F] 01000350 00000000
[D] 01000350 00 00 00 00 0 00 00000000 00
[F] 01000354 00000000
[D] 01000354 00 00 00 00 0 00 00000000 00
[F] 01000358 00000000
[D] 01000358 00 00 00 00 0 00 00000000 00
[F] 0100035c 00000000
[D] 0100035c 00 00 00 00 0 00 00000000 00
[F] 01000360 00000000
[D] 01000360 00 00 00 00 0 00 00000000 00
[F] 01000364 00000000
[D] 01000364 00 00 00 00 0 00 00000000 00
[F] 01000368 00000000
[D] 01000368 00 00 00 00 0 00 00000000 00
[F] 0100036c 00000000
[D] 0100036c 00 00 00 00 0 00 00000000 00
[F] 01000370 00000000
[D] 01000370 00 00 00 00 0 00 00000000 00
[F] 01000374 00000000
[D] 01000374 00 00 00 00 0 00 00000000 00
[F] 01000378 00000000
[D] 01000378 00 00 00 00 0 00 00000000 00
[F] 0100037c 00000000
[D] 0100037c 00 00 00 00 0 00 00000000 00
[F] 01000380 00000000
[D] 01000380 00 00 00 00 0 00 00000000 00
[F] 01000384 00000000
[D] 01000384 00 00 00 00 0 00 00000000 00
[F] 01000388 00000000
[D] 01000388 00 00 00 00 0 00 00000000 00
[F] 0100038c 00000000
[D] 0100038c 00 00 00 00 0 00 00000000 00
[F] 01000390 00000000
[D] 01000390 00 00 00 00 0 00 00000000 00
[F] 01000394 00000000
[D] 01000394 00 00 00 00 0 00 00000000 00
[F] 01000398 00000000
[D] 01000398 00 00 00 00 0 00 00000000 00
[F] 0100039c 00000000
[D] 0100039c 00 00 00 00 0 00 00000000 00
[F] 010003a0 00000000
[D] 010003a0 00 00 00 00 0 00 00000000 00
[F] 010003a4 00000000
[D] 010003a4 00 00 00 00 0 00 00000000 00
[F] 010003a8 00000000
[D] 010003a8 00 00 00 00 0 00 00000000 00
[F] 010003ac 00000000
[D] 010003ac 00 00 00 00 0 00 00000000 00
[F] 010003b0 00000000
[D] 010003b0 00 00 00 00 0 00 00000000 00
[F] 010003b4 00000000
[D] 010003b4 00 00 00 00 0 00 00000000 00
[F] 010003b8 00000000
[D] 010003b8 00 00 00 00 0 00 00000000 00
[F] 010003bc 00000000
[D] 010003bc 00 00 00 00 0 00 00000000 00
[F] 010003c0 00000000
[D] 010003c0 00 00 00 00 0 00 00000000 00
[F] 010003c4 00000000
[D] 010003c4 00 00 00 00 0 00 00000000 00
[F] 010003c8 00000000
[D] 010003c8 00 00 00 00 0 00 00000000 00
[F] 010003cc 00000000
[D] 010003cc 00 00 00 00 0 00 00000000 00
[F] 010003d0 00000000
[D] 010003d0 00 00 00 00 0 00 00000000 00
[F] 010003d4 00000000
[D] 010003d4 00 00 00 00 0 00 00000000 00
[F] 010003d8 00000000
[D] 010003d8 00 00 00 00 0 00 00000000 00
[F] 010003dc 00000000
[D] 010003dc 00 00 00 00 0 00 00000000 00
[F] 010003e0 00000000
[D] 010003e0 00 00 00 00 0 00 00000000 00
[F] 010003e4 00000000
[D] 010003e4 00 00 00 00 0 00 00000000 00
[F] 010003e8 00000000
[D] 010003e8 00 00 00 00 0 00 00000000 00
[F] 010003ec 00000000
[D] 010003ec 00 00 00 00 0 00 00000000 00
[F] 010003f0 00000000
[D] 010003f0 00 00 00 00 0 00 00000000 00
[F] 010003f4 00000000
[D] 010003f4 00 00 00 00 0 00 00000000 00
[F] 010003f8 00000000
[D] 010003f8 00 00 00 00 0 00 00000000 00
[F] 010003fc 00000000
[D] 010003fc 00 00 00 00 0 00 00000000 00
[F] 01000400 00000000
[D] 01000400 00 00 00 00 0 00 00000000 00
[F] 01000404 00000000
[D] 01000404 00 00 00 00 0 00 00000000 00
[F] 01000408 00000000
[D] 01000408 00 00 00 00 0 00 00000000 00
[F] 0100040c 00000000
[D] 0100040c 00 00 00 00 0 00 00000000 00
[F] 01000410 00000000
[D] 01000410 00 00 00 00 0 00 00000000 00
[F] 01000414 00000000
[D] 01000414 00 00 00 00 0 00 00000000 00
[F] 01000418 00000000
[D] 01000418 00 00 00 00 0 00 00000000 00
[F] 0100041c 00000000
[D] 0100041c 00 00 00 00 0 00 00000000 00
[F] 01000420 00000000
[D] 01000420 00 00 00 00 0 00 00000000 00
[F] 01000424 00000000
[D] 01000424 00 00 00 00 0 00 00000000 00
[F] 01000428 00000000
[D] 01000428 00 00 00 00 0 00 00000000 00
[F] 0100042c 00000000
[D] 0100042c 00 00 00 00 0 00 00000000 00
[F] 01000430 00000000
[D] 01000430 00 00 00 00 0 00 00000000 00
[F] 01000434 00000000
[D] 01000434 00 00 00 00 0 00 00000000 00
[F] 01000438 00000000
[D] 01000438 00 00 00 00 0 00 00000000 00
[F] 0100043c 00000000
[D] 0100043c 00 00 00 00 0 00 00000000 00
[F] 01000440 00000000
[D] 01000440 00 00 00 00 0 00 00000000 00
[F] 01000444 00000000
[D] 01000444 00 00 00 00 0 00 00000000 00
[F] 01000448 00000000
[D] 01000448 00 00 00 00 0 00 00000000 00
[F] 0100044c 00000000
[D] 0100044c 00 00 00 00 0 00 00000000 00
[F] 01000450 00000000
[D] 01000450 00 00 00 00 0 00 00000000 00
[F] 01000454 00000000
[D] 01000454 00 00 00 00 0 00 00000000 00
[F] 01000458 00000000
[D] 01000458 00 00 00 00 0 00 00000000 00
[F] 0100045c 00000000
[D] 0100045c 00 00 00 00 0 00 00000000 00
[F] 01000460 00000000
[D] 01000460 00 00 00 00 0 00 00000000 00
[F] 01000464 00000000
[D] 01000464 00 00 00 00 0 00 00000000 00
[F] 01000468 00000000
[D] 01000468 00 00 00 00 0 00 00000000 00
[F] 0100046c 00000000
[D] 0100046c 00 00 00 00 0 00 00000000 00
[F] 01000470 00000000
[D] 01000470 00 00 00 00 0 00 00000000 00
[F] 01000474 00000000
[D] 01000474 00 00 00 00 0 00 00000000 00
[F] 01000478 00000000
[D] 01000478 00 00 00 00 0 00 00000000 00
[F] 0100047c 00000000
[D] 0100047c 00 00 00 00 0 00 00000000 00
[F] 01000480 00000000
[D] 01000480 00 00 00 00 0 00 00000000 00
[F] 01000484 00000000
[D] 01000484 00 00 00 00 0 00 00000000 00
[F] 01000488 00000000
[D] 01000488 00 00 00 00 0 00 00000000 00
[F] 0100048c 00000000
[D] 0100048c 00 00 00 00 0 00 00000000 00
[F] 01000490 00000000
[D] 01000490 00 00 00 00 0 00 00000000 00
[F] 01000494 00000000
[D] 01000494 00 00 00 00 0 00 00000000 00
[F] 01000498 00000000
[D] 01000498 00 00 00 00 0 00 00000000 00
[F] 0100049c 00000000
[D] 0100049c 00 00 00 00 0 00 00000000 00
[F] 010004a0 00000000
[D] 010004a0 00 00 00 00 0 00 00000000 00
[F] 010004a4 00000000
[D] 010004a4 00 00 00 00 0 00 00000000 00
[F] 010004a8 00000000
[D] 010004a8 00 00 00 00 0 00 00000000 00
[F] 010004ac 00000000
[D] 010004ac 00 00 00 00 0 00 00000000 00
[F] 010004b0 00000000
[D] 010004b0 00 00 00 00 0 00 00000000 00
[F] 010004b4 00000000
[D] 010004b4 00 00 00 00 0 00 00000000 00
[F] 010004b8 00000000
[D] 010004b8 00 00 00 00 0 00 00000000 00
[F] 010004bc 00000000
[D] 010004bc 00 00 00 00 0 00 00000000 00
[F] 010004c0 00000000
[D] 010004c0 00 00 00 00 0 00 00000000 00
[F] 010004c4 00000000
[D] 010004c4 00 00 00 00 0 00 00000000 00
[F] 010004c8 00000000
[D] 010004c8 00 00 00 00 0 00 00000000 00
[F] 010004cc 00000000
[D] 010004cc 00 00 00 00 0 00 00000000 00
[F] 010004d0 00000000
[D] 010004d0 00 00 00 00 0 00 00000000 00
[F] 010004d4 00000000
[D] 010004d4 00 00 00 00 0 00 00000000 00
[F] 010004d8 00000000
[D] 010004d8 00 00 00 00 0 00 00000000 00
[F] 010004dc 00000000
[D] 010004dc 00 00 00 00 0 00 00000000 00
[F] 010004e0 00000000
[D] 010004e0 00 00 00 00 0 00 00000000 00
[F] 010004e4 00000000
[D] 010004e4 00 00 00 00 0 00 00000000 00
[F] 010004e8 00000000
[D] 010004e8 00 00 00 00 0 00 00000000 00
[F] 010004ec 00000000
[D] 010004ec 00 00 00 00 0 00 00000000 00
[F] 010004f0 00000000
[D] 010004f0 00 00 00 00 0 00 00000000 00
[F] 010004f4 00000000
[D] 010004f4 00 00 00 00 0 00 00000000 00
[F] 010004f8 00000000
[D] 010004f8 00 00 00 00 0 00 00000000 00
[F] 010004fc 00000000
[D] 010004fc 00 00 00 00 0 00 00000000 00
[F] 01000500 00000000
[D] 01000500 00 00 00 00 0 00 00000000 00
[F] 01000504 00000000
[D] 01000504 00 00 00 00 0 00 00000000 00
[F] 01000508 00000000
[D] 01000508 00 00 00 00 0 00 00000000 00
[F] 0100050c 00000000
[D] 0100050c 00 00 00 00 0 00 00000000 00
[F] 01000510 00000000
[D] 01000510 00 00 00 00 0 00 00000000 00
[F] 01000514 00000000
[D] 01000514 00 00 00 00 0 00 00000000 00
[F] 01000518 00000000
[D] 01000518 00 00 00 00 0 00 00000000 00
[F] 0100051c 00000000
[D] 0100051c 00 00 00 00 0 00 00000000 00
[F] 01000520 00000000
[D] 01000520 00 00 00 00 0 00 00000000 00
[F] 01000524 00000000
[D] 01000524 00 00 00 00 0 00 00000000 00
[F] 01000528 00000000
[D] 01000528 00 00 00 00 0 00 00000000 00
[F] 0100052c 00000000
[D] 0100052c 00 00 00 00 0 00 00000000 00
[F] 01000530 00000000
[D] 01000530 00 00 00 00 0 00 00000000 00
[F] 01000534 00000000
[D] 01000534 00 00 00 00 0 00 00000000 00
[F] 01000538 00000000
[D] 01000538 00 00 00 00 0 00 00000000 00
[F] 0100053c 00000000
[D] 0100053c 00 00 00 00 0 00 00000000 00
[F] 01000540 00000000
[D] 01000540 00 00 00 00 0 00 00000000 00
[F] 01000544 00000000
[D] 01000544 00 00 00 00 0 00 00000000 00
[F] 01000548 00000000
[D] 01000548 00 00 00 00 0 00 00000000 00
[F] 0100054c 00000000
[D] 0100054c 00 00 00 00 0 00 00000000 00
[F] 01000550 00000000
[D] 01000550 00 00 00 00 0 00 00000000 00
[F] 01000554 00000000
[D] 01000554 00 00 00 00 0 00 00000000 00
[F] 01000558 00000000
[D] 01000558 00 00 00 00 0 00 00000000 00
[F] 0100055c 00000000
[D] 0100055c 00 00 00 00 0 00 00000000 00
[F] 01000560 00000000
[D] 01000560 00 00 00 00 0 00 00000000 00
[F] 01000564 00000000
[D] 01000564 00 00 00 00 0 00 00000000 00
[F] 01000568 00000000
[D] 01000568 00 00 00 00 0 00 00000000 00
[F] 0100056c 00000000
[D] 0100056c 00 00 00 00 0 00 00000000 00
[F] 01000570 00000000
[D] 01000570 00 00 00 00 0 00 00000000 00
[F] 01000574 00000000
[D] 01000574 00 00 00 00 0 00 00000000 00
[F] 01000578 00000000
[D] 01000578 00 00 00 00 0 00 00000000 00
[F] 0100057c 00000000
[D] 0100057c 00 00 00 00 0 00 00000000 00
[F] 01000580 00000000
[D] 01000580 00 00 00 00 0 00 00000000 00
[F] 01000584 00000000
[D] 01000584 00 00 00 00 0 00 00000000 00
[F] 01000588 00000000
[D] 01000588 00 00 00 00 0 00 00000000 00
[F] 0100058c 00000000
[D] 0100058c 00 00 00 00 0 00 00000000 00
[F] 01000590 00000000
[D] 01000590 00 00 00 00 0 00 00000000 00
[F] 01000594 00000000
[D] 01000594 00 00 00 00 0 00 00000000 00
[F] 01000598 00000000
[D] 01000598 00 00 00 00 0 00 00000000 00
[F] 0100059c 00000000
[D] 0100059c 00 00 00 00 0 00 00000000 00
[F] 010005a0 00000000
[D] 010005a0 00 00 00 00 0 00 00000000 00
[F] 010005a4 00000000
[D] 010005a4 00 00 00 00 0 00 00000000 00
[F] 010005a8 00000000
[D] 010005a8 00 00 00 00 0 00 00000000 00
[F] 010005ac 00000000
[D] 010005ac 00 00 00 00 0 00 00000000 00
[F] 010005b0 00000000
[D] 010005b0 00 00 00 00 0 00 00000000 00
[F] 010005b4 00000000
[D] 010005b4 00 00 00 00 0 00 00000000 00
[F] 010005b8 00000000
[D] 010005b8 00 00 00 00 0 00 00000000 00
[F] 010005bc 00000000
[D] 010005bc 00 00 00 00 0 00 00000000 00
[F] 010005c0 00000000
[D] 010005c0 00 00 00 00 0 00 00000000 00
[F] 010005c4 00000000
[D] 010005c4 00 00 00 00 0 00 00000000 00
[F] 010005c8 00000000
[D] 010005c8 00 00 00 00 0 00 00000000 00
[F] 010005cc 00000000
[D] 010005cc 00 00 00 00 0 00 00000000 00
[F] 010005d0 00000000
[D] 010005d0 00 00 00 00 0 00 00000000 00
[F] 010005d4 00000000
[D] 010005d4 00 00 00 00 0 00 00000000 00
[F] 010005d8 00000000
[D] 010005d8 00 00 00 00 0 00 00000000 00
