[F] 01000000 00000093
[D] 01000000 13 01 00 00 0 00 00000000 00
[F] 01000004 00000113
[D] 01000004 13 02 00 00 0 00 00000000 00
[F] 01000008 00208f33
[D] 01000008 33 1e 01 02 0 00 00000000 02
[F] 0100000c 00000e93
[D] 0100000c 13 1d 00 00 0 00 00000000 00
[F] 01000010 00200193
[D] 01000010 13 03 00 02 0 00 00000002 02
[F] 01000014 4ddf1663
[D] 01000014 63 0c 1e 1d 1 26 000004cc 1d
[F] 01000018 00100093
[D] 01000018 13 01 00 01 0 00 00000001 01
[F] 0100001c 00100113
[D] 0100001c 13 02 00 01 0 00 00000001 01
[F] 01000020 00208f33
[D] 01000020 33 1e 01 02 0 00 00000000 02
[F] 01000024 00200e93
[D] 01000024 13 1d 00 02 0 00 00000002 02
[F] 01000028 00300193
[D] 01000028 13 03 00 03 0 00 00000003 03
[F] 0100002c 4bdf1a63
[D] 0100002c 63 14 1e 1d 1 25 000004b4 1d
[F] 01000030 00300093
[D] 01000030 13 01 00 03 0 00 00000003 03
[F] 01000034 00700113
[D] 01000034 13 02 00 07 0 00 00000007 07
[F] 01000038 00208f33
[D] 01000038 33 1e 01 02 0 00 00000000 02
[F] 0100003c 00a00e93
[D] 0100003c 13 1d 00 0a 0 00 0000000a 0a
[F] 01000040 00400193
[D] 01000040 13 03 00 04 0 00 00000004 04
[F] 01000044 49df1e63
[D] 01000044 63 1c 1e 1d 1 24 0000049c 1d
[F] 01000048 00000093
[D] 01000048 13 01 00 00 0 00 00000000 00
[F] 0100004c ffff8137
[D] 0100004c 37 02 00 1f 0 7f ffff8000 1f
[F] 01000050 00208f33
[D] 01000050 33 1e 01 02 0 00 00000000 02
[F] 01000054 ffff8eb7
[D] 01000054 37 1d 00 1f 0 7f ffff8000 1f
[F] 01000058 00500193
[D] 01000058 13 03 00 05 0 00 00000005 05
[F] 0100005c 49df1263
[D] 0100005c 63 04 1e 1d 1 24 00000484 1d
[F] 01000060 800000b7
[D] 01000060 37 01 00 00 0 40 80000000 00
[F] 01000064 00000113
[D] 01000064 13 02 00 00 0 00 00000000 00
[F] 01000068 00208f33
[D] 01000068 33 1e 01 02 0 00 00000000 02
[F] 0100006c 80000eb7
[D] 0100006c 37 1d 00 00 0 40 80000000 00
[F] 01000070 00600193
[D] 01000070 13 03 00 06 0 00 00000006 06
[F] 01000074 47df1663
[D] 01000074 63 0c 1e 1d 1 23 0000046c 1d
[F] 01000078 800000b7
[D] 01000078 37 01 00 00 0 40 80000000 00
[F] 0100007c ffff8137
[D] 0100007c 37 02 00 1f 0 7f ffff8000 1f
[F] 01000080 00208f33
[D] 01000080 33 1e 01 02 0 00 00000000 02
[F] 01000084 7fff8eb7
[D] 01000084 37 1d 00 1f 0 3f 7fff8000 1f
[F] 01000088 00700193
[D] 01000088 13 03 00 07 0 00 00000007 07
[F] 0100008c 45df1a63
[D] 0100008c 63 14 1e 1d 1 22 00000454 1d
[F] 01000090 00000093
[D] 01000090 13 01 00 00 0 00 00000000 00
[F] 01000094 00008137
[D] 01000094 37 02 00 00 0 00 00008000 00
[F] 01000098 fff10113
[D] 01000098 13 02 02 1f 0 7f ffffffff 1f
[F] 0100009c 00208f33
[D] 0100009c 33 1e 01 02 0 00 00000000 02
[F] 010000a0 00008eb7
[D] 010000a0 37 1d 00 00 0 00 00008000 00
[F] 010000a4 fffe8e93
[D] 010000a4 13 1d 1d 1f 0 7f ffffffff 1f
[F] 010000a8 00800193
[D] 010000a8 13 03 00 08 0 00 00000008 08
[F] 010000ac 43df1a63
[D] 010000ac 63 14 1e 1d 1 21 00000434 1d
[F] 010000b0 800000b7
[D] 010000b0 37 01 00 00 0 40 80000000 00
[F] 010000b4 fff08093
[D] 010000b4 13 01 01 1f 0 7f ffffffff 1f
[F] 010000b8 00000113
[D] 010000b8 13 02 00 00 0 00 00000000 00
[F] 010000bc 00208f33
[D] 010000bc 33 1e 01 02 0 00 00000000 02
[F] 010000c0 80000eb7
[D] 010000c0 37 1d 00 00 0 40 80000000 00
[F] 010000c4 fffe8e93
[D] 010000c4 13 1d 1d 1f 0 7f ffffffff 1f
[F] 010000c8 00900193
[D] 010000c8 13 03 00 09 0 00 00000009 09
[F] 010000cc 41df1a63
[D] 010000cc 63 14 1e 1d 1 20 00000414 1d
[F] 010000d0 800000b7
[D] 010000d0 37 01 00 00 0 40 80000000 00
[F] 010000d4 fff08093
[D] 010000d4 13 01 01 1f 0 7f ffffffff 1f
[F] 010000d8 00008137
[D] 010000d8 37 02 00 00 0 00 00008000 00
[F] 010000dc fff10113
[D] 010000dc 13 02 02 1f 0 7f ffffffff 1f
[F] 010000e0 00208f33
[D] 010000e0 33 1e 01 02 0 00 00000000 02
[F] 010000e4 80008eb7
[D] 010000e4 37 1d 00 00 0 40 80008000 00
[F] 010000e8 ffee8e93
[D] 010000e8 13 1d 1d 1e 0 7f fffffffe 1e
[F] 010000ec 00a00193
[D] 010000ec 13 03 00 0a 0 00 0000000a 0a
[F] 010000f0 3fdf1863
[D] 010000f0 63 10 1e 1d 1 1f 000003f0 1d
[F] 010000f4 800000b7
[D] 010000f4 37 01 00 00 0 40 80000000 00
[F] 010000f8 00008137
[D] 010000f8 37 02 00 00 0 00 00008000 00
[F] 010000fc fff10113
[D] 010000fc 13 02 02 1f 0 7f ffffffff 1f
[F] 01000100 00208f33
[D] 01000100 33 1e 01 02 0 00 00000000 02
[F] 01000104 80008eb7
[D] 01000104 37 1d 00 00 0 40 80008000 00
[F] 01000108 fffe8e93
[D] 01000108 13 1d 1d 1f 0 7f ffffffff 1f
[F] 0100010c 00b00193
[D] 0100010c 13 03 00 0b 0 00 0000000b 0b
[F] 01000110 3ddf1863
[D] 01000110 63 10 1e 1d 1 1e 000003d0 1d
[F] 01000114 800000b7
[D] 01000114 37 01 00 00 0 40 80000000 00
[F] 01000118 fff08093
[D] 01000118 13 01 01 1f 0 7f ffffffff 1f
[F] 0100011c ffff8137
[D] 0100011c 37 02 00 1f 0 7f ffff8000 1f
[F] 01000120 00208f33
[D] 01000120 33 1e 01 02 0 00 00000000 02
[F] 01000124 7fff8eb7
[D] 01000124 37 1d 00 1f 0 3f 7fff8000 1f
[F] 01000128 fffe8e93
[D] 01000128 13 1d 1d 1f 0 7f ffffffff 1f
[F] 0100012c 00c00193
[D] 0100012c 13 03 00 0c 0 00 0000000c 0c
[F] 01000130 3bdf1863
[D] 01000130 63 10 1e 1d 1 1d 000003b0 1d
[F] 01000134 00000093
[D] 01000134 13 01 00 00 0 00 00000000 00
[F] 01000138 fff00113
[D] 01000138 13 02 00 1f 0 7f ffffffff 1f
[F] 0100013c 00208f33
[D] 0100013c 33 1e 01 02 0 00 00000000 02
[F] 01000140 fff00e93
[D] 01000140 13 1d 00 1f 0 7f ffffffff 1f
[F] 01000144 00d00193
[D] 01000144 13 03 00 0d 0 00 0000000d 0d
[F] 01000148 39df1c63
[D] 01000148 63 18 1e 1d 1 1c 00000398 1d
[F] 0100014c fff00093
[D] 0100014c 13 01 00 1f 0 7f ffffffff 1f
[F] 01000150 00100113
[D] 01000150 13 02 00 01 0 00 00000001 01
[F] 01000154 00208f33
[D] 01000154 33 1e 01 02 0 00 00000000 02
[F] 01000158 00000e93
[D] 01000158 13 1d 00 00 0 00 00000000 00
[F] 0100015c 00e00193
[D] 0100015c 13 03 00 0e 0 00 0000000e 0e
[F] 01000160 39df1063
[D] 01000160 63 00 1e 1d 1 1c 00000380 1d
[F] 01000164 fff00093
[D] 01000164 13 01 00 1f 0 7f ffffffff 1f
[F] 01000168 fff00113
[D] 01000168 13 02 00 1f 0 7f ffffffff 1f
[F] 0100016c 00208f33
[D] 0100016c 33 1e 01 02 0 00 00000000 02
[F] 01000170 ffe00e93
[D] 01000170 13 1d 00 1e 0 7f fffffffe 1e
[F] 01000174 00f00193
[D] 01000174 13 03 00 0f 0 00 0000000f 0f
[F] 01000178 37df1463
[D] 01000178 63 08 1e 1d 1 1b 00000368 1d
[F] 0100017c 00100093
[D] 0100017c 13 01 00 01 0 00 00000001 01
[F] 01000180 80000137
[D] 01000180 37 02 00 00 0 40 80000000 00
[F] 01000184 fff10113
[D] 01000184 13 02 02 1f 0 7f ffffffff 1f
[F] 01000188 00208f33
[D] 01000188 33 1e 01 02 0 00 00000000 02
[F] 0100018c 80000eb7
[D] 0100018c 37 1d 00 00 0 40 80000000 00
[F] 01000190 01000193
[D] 01000190 13 03 00 10 0 00 00000010 10
[F] 01000194 35df1663
[D] 01000194 63 0c 1e 1d 1 1a 0000034c 1d
[F] 01000198 00d00093
[D] 01000198 13 01 00 0d 0 00 0000000d 0d
[F] 0100019c 00b00113
[D] 0100019c 13 02 00 0b 0 00 0000000b 0b
[F] 010001a0 002080b3
[D] 010001a0 33 01 01 02 0 00 00000000 02
[F] 010001a4 01800e93
[D] 010001a4 13 1d 00 18 0 00 00000018 18
[F] 010001a8 01100193
[D] 010001a8 13 03 00 11 0 00 00000011 11
[F] 010001ac 33d09a63
[D] 010001ac 63 14 01 1d 1 19 00000334 1d
[F] 010001b0 00e00093
[D] 010001b0 13 01 00 0e 0 00 0000000e 0e
[F] 010001b4 00b00113
[D] 010001b4 13 02 00 0b 0 00 0000000b 0b
[F] 010001b8 00208133
[D] 010001b8 33 02 01 02 0 00 00000000 02
[F] 010001bc 01900e93
[D] 010001bc 13 1d 00 19 0 00 00000019 19
[F] 010001c0 01200193
[D] 010001c0 13 03 00 12 0 00 00000012 12
[F] 010001c4 31d11e63
[D] 010001c4 63 1c 02 1d 1 18 0000031c 1d
[F] 010001c8 00d00093
[D] 010001c8 13 01 00 0d 0 00 0000000d 0d
[F] 010001cc 001080b3
[D] 010001cc 33 01 01 01 0 00 00000000 01
[F] 010001d0 01a00e93
[D] 010001d0 13 1d 00 1a 0 00 0000001a 1a
[F] 010001d4 01300193
[D] 010001d4 13 03 00 13 0 00 00000013 13
[F] 010001d8 31d09463
[D] 010001d8 63 08 01 1d 1 18 00000308 1d
[F] 010001dc 00000213
[D] 010001dc 13 04 00 00 0 00 00000000 00
[F] 010001e0 00d00093
[D] 010001e0 13 01 00 0d 0 00 0000000d 0d
[F] 010001e4 00b00113
[D] 010001e4 13 02 00 0b 0 00 0000000b 0b
[F] 010001e8 00208f33
[D] 010001e8 33 1e 01 02 0 00 00000000 02
[F] 010001ec 000f0313
[D] 010001ec 13 06 1e 00 0 00 00000000 00
[F] 010001f0 00120213
[D] 010001f0 13 04 04 01 0 00 00000001 01
[F] 010001f4 00200293
[D] 010001f4 13 05 00 02 0 00 00000002 02
[F] 010001f8 fe5214e3
[D] 010001f8 63 09 04 05 1 7f ffffffe8 05
[F] 010001fc 01800e93
[D] 010001fc 13 1d 00 18 0 00 00000018 18
[F] 01000200 01400193
[D] 01000200 13 03 00 14 0 00 00000014 14
[F] 01000204 2dd31e63
[D] 01000204 63 1c 06 1d 1 16 000002dc 1d
[F] 01000208 00000213
[D] 01000208 13 04 00 00 0 00 00000000 00
[F] 0100020c 00e00093
[D] 0100020c 13 01 00 0e 0 00 0000000e 0e
[F] 01000210 00b00113
[D] 01000210 13 02 00 0b 0 00 0000000b 0b
[F] 01000214 00208f33
[D] 01000214 33 1e 01 02 0 00 00000000 02
[F] 01000218 00000013
[D] 01000218 13 00 00 00 0 00 00000000 00
[F] 0100021c 000f0313
[D] 0100021c 13 06 1e 00 0 00 00000000 00
[F] 01000220 00120213
[D] 01000220 13 04 04 01 0 00 00000001 01
[F] 01000224 00200293
[D] 01000224 13 05 00 02 0 00 00000002 02
[F] 01000228 fe5212e3
[D] 01000228 63 05 04 05 1 7f ffffffe4 05
[F] 0100022c 01900e93
[D] 0100022c 13 1d 00 19 0 00 00000019 19
[F] 01000230 01500193
[D] 01000230 13 03 00 15 0 00 00000015 15
[F] 01000234 2bd31663
[D] 01000234 63 0c 06 1d 1 15 000002ac 1d
[F] 01000238 00000213
[D] 01000238 13 04 00 00 0 00 00000000 00
[F] 0100023c 00f00093
[D] 0100023c 13 01 00 0f 0 00 0000000f 0f
[F] 01000240 00b00113
[D] 01000240 13 02 00 0b 0 00 0000000b 0b
[F] 01000244 00208f33
[D] 01000244 33 1e 01 02 0 00 00000000 02
[F] 01000248 00000013
[D] 01000248 13 00 00 00 0 00 00000000 00
[F] 0100024c 00000013
[D] 0100024c 13 00 00 00 0 00 00000000 00
[F] 01000250 000f0313
[D] 01000250 13 06 1e 00 0 00 00000000 00
[F] 01000254 00120213
[D] 01000254 13 04 04 01 0 00 00000001 01
[F] 01000258 00200293
[D] 01000258 13 05 00 02 0 00 00000002 02
[F] 0100025c fe5210e3
[D] 0100025c 63 01 04 05 1 7f ffffffe0 05
[F] 01000260 01a00e93
[D] 01000260 13 1d 00 1a 0 00 0000001a 1a
[F] 01000264 01600193
[D] 01000264 13 03 00 16 0 00 00000016 16
[F] 01000268 27d31c63
[D] 01000268 63 18 06 1d 1 13 00000278 1d
[F] 0100026c 00000213
[D] 0100026c 13 04 00 00 0 00 00000000 00
[F] 01000270 00d00093
[D] 01000270 13 01 00 0d 0 00 0000000d 0d
[F] 01000274 00b00113
[D] 01000274 13 02 00 0b 0 00 0000000b 0b
[F] 01000278 00208f33
[D] 01000278 33 1e 01 02 0 00 00000000 02
[F] 0100027c 00120213
[D] 0100027c 13 04 04 01 0 00 00000001 01
[F] 01000280 00200293
[D] 01000280 13 05 00 02 0 00 00000002 02
[F] 01000284 fe5216e3
[D] 01000284 63 0d 04 05 1 7f ffffffec 05
[F] 01000288 01800e93
[D] 01000288 13 1d 00 18 0 00 00000018 18
[F] 0100028c 01700193
[D] 0100028c 13 03 00 17 0 00 00000017 17
[F] 01000290 25df1863
[D] 01000290 63 10 1e 1d 1 12 00000250 1d
[F] 01000294 00000213
[D] 01000294 13 04 00 00 0 00 00000000 00
[F] 01000298 00e00093
[D] 01000298 13 01 00 0e 0 00 0000000e 0e
[F] 0100029c 00b00113
[D] 0100029c 13 02 00 0b 0 00 0000000b 0b
[F] 010002a0 00000013
[D] 010002a0 13 00 00 00 0 00 00000000 00
[F] 010002a4 00208f33
[D] 010002a4 33 1e 01 02 0 00 00000000 02
[F] 010002a8 00120213
[D] 010002a8 13 04 04 01 0 00 00000001 01
[F] 010002ac 00200293
[D] 010002ac 13 05 00 02 0 00 00000002 02
[F] 010002b0 fe5214e3
[D] 010002b0 63 09 04 05 1 7f ffffffe8 05
[F] 010002b4 01900e93
[D] 010002b4 13 1d 00 19 0 00 00000019 19
[F] 010002b8 01800193
[D] 010002b8 13 03 00 18 0 00 00000018 18
[F] 010002bc 23df1263
[D] 010002bc 63 04 1e 1d 1 11 00000224 1d
[F] 010002c0 00000213
[D] 010002c0 13 04 00 00 0 00 00000000 00
[F] 010002c4 00f00093
[D] 010002c4 13 01 00 0f 0 00 0000000f 0f
[F] 010002c8 00b00113
[D] 010002c8 13 02 00 0b 0 00 0000000b 0b
[F] 010002cc 00000013
[D] 010002cc 13 00 00 00 0 00 00000000 00
[F] 010002d0 00000013
[D] 010002d0 13 00 00 00 0 00 00000000 00
[F] 010002d4 00208f33
[D] 010002d4 33 1e 01 02 0 00 00000000 02
[F] 010002d8 00120213
[D] 010002d8 13 04 04 01 0 00 00000001 01
[F] 010002dc 00200293
[D] 010002dc 13 05 00 02 0 00 00000002 02
[F] 010002e0 fe5212e3
[D] 010002e0 63 05 04 05 1 7f ffffffe4 05
[F] 010002e4 01a00e93
[D] 010002e4 13 1d 00 1a 0 00 0000001a 1a
[F] 010002e8 01900193
[D] 010002e8 13 03 00 19 0 00 00000019 19
[F] 010002ec 1fdf1a63
[D] 010002ec 63 14 1e 1d 1 0f 000001f4 1d
[F] 010002f0 00000213
[D] 010002f0 13 04 00 00 0 00 00000000 00
[F] 010002f4 00d00093
[D] 010002f4 13 01 00 0d 0 00 0000000d 0d
[F] 010002f8 00000013
[D] 010002f8 13 00 00 00 0 00 00000000 00
[F] 010002fc 00b00113
[D] 010002fc 13 02 00 0b 0 00 0000000b 0b
[F] 01000300 00208f33
[D] 01000300 33 1e 01 02 0 00 00000000 02
[F] 01000304 00120213
[D] 01000304 13 04 04 01 0 00 00000001 01
[F] 01000308 00200293
[D] 01000308 13 05 00 02 0 00 00000002 02
[F] 0100030c fe5214e3
[D] 0100030c 63 09 04 05 1 7f ffffffe8 05
[F] 01000310 01800e93
[D] 01000310 13 1d 00 18 0 00 00000018 18
[F] 01000314 01a00193
[D] 01000314 13 03 00 1a 0 00 0000001a 1a
[F] 01000318 1ddf1463
[D] 01000318 63 08 1e 1d 1 0e 000001c8 1d
[F] 0100031c 00000213
[D] 0100031c 13 04 00 00 0 00 00000000 00
[F] 01000320 00e00093
[D] 01000320 13 01 00 0e 0 00 0000000e 0e
[F] 01000324 00000013
[D] 01000324 13 00 00 00 0 00 00000000 00
[F] 01000328 00b00113
[D] 01000328 13 02 00 0b 0 00 0000000b 0b
[F] 0100032c 00000013
[D] 0100032c 13 00 00 00 0 00 00000000 00
[F] 01000330 00208f33
[D] 01000330 33 1e 01 02 0 00 00000000 02
[F] 01000334 00120213
[D] 01000334 13 04 04 01 0 00 00000001 01
[F] 01000338 00200293
[D] 01000338 13 05 00 02 0 00 00000002 02
[F] 0100033c fe5212e3
[D] 0100033c 63 05 04 05 1 7f ffffffe4 05
[F] 01000340 01900e93
[D] 01000340 13 1d 00 19 0 00 00000019 19
[F] 01000344 01b00193
[D] 01000344 13 03 00 1b 0 00 0000001b 1b
[F] 01000348 19df1c63
[D] 01000348 63 18 1e 1d 1 0c 00000198 1d
[F] 0100034c 00000213
[D] 0100034c 13 04 00 00 0 00 00000000 00
[F] 01000350 00f00093
[D] 01000350 13 01 00 0f 0 00 0000000f 0f
[F] 01000354 00000013
[D] 01000354 13 00 00 00 0 00 00000000 00
[F] 01000358 00000013
[D] 01000358 13 00 00 00 0 00 00000000 00
[F] 0100035c 00b00113
[D] 0100035c 13 02 00 0b 0 00 0000000b 0b
[F] 01000360 00208f33
[D] 01000360 33 1e 01 02 0 00 00000000 02
[F] 01000364 00120213
[D] 01000364 13 04 04 01 0 00 00000001 01
[F] 01000368 00200293
[D] 01000368 13 05 00 02 0 00 00000002 02
[F] 0100036c fe5212e3
[D] 0100036c 63 05 04 05 1 7f ffffffe4 05
[F] 01000370 01a00e93
[D] 01000370 13 1d 00 1a 0 00 0000001a 1a
[F] 01000374 01c00193
[D] 01000374 13 03 00 1c 0 00 0000001c 1c
[F] 01000378 17df1463
[D] 01000378 63 08 1e 1d 1 0b 00000168 1d
[F] 0100037c 00000213
[D] 0100037c 13 04 00 00 0 00 00000000 00
[F] 01000380 00b00113
[D] 01000380 13 02 00 0b 0 00 0000000b 0b
[F] 01000384 00d00093
[D] 01000384 13 01 00 0d 0 00 0000000d 0d
[F] 01000388 00208f33
[D] 01000388 33 1e 01 02 0 00 00000000 02
[F] 0100038c 00120213
[D] 0100038c 13 04 04 01 0 00 00000001 01
[F] 01000390 00200293
[D] 01000390 13 05 00 02 0 00 00000002 02
[F] 01000394 fe5216e3
[D] 01000394 63 0d 04 05 1 7f ffffffec 05
[F] 01000398 01800e93
[D] 01000398 13 1d 00 18 0 00 00000018 18
[F] 0100039c 01d00193
[D] 0100039c 13 03 00 1d 0 00 0000001d 1d
[F] 010003a0 15df1063
[D] 010003a0 63 00 1e 1d 1 0a 00000140 1d
[F] 010003a4 00000213
[D] 010003a4 13 04 00 00 0 00 00000000 00
[F] 010003a8 00b00113
[D] 010003a8 13 02 00 0b 0 00 0000000b 0b
[F] 010003ac 00e00093
[D] 010003ac 13 01 00 0e 0 00 0000000e 0e
[F] 010003b0 00000013
[D] 010003b0 13 00 00 00 0 00 00000000 00
[F] 010003b4 00208f33
[D] 010003b4 33 1e 01 02 0 00 00000000 02
[F] 010003b8 00120213
[D] 010003b8 13 04 04 01 0 00 00000001 01
[F] 010003bc 00200293
[D] 010003bc 13 05 00 02 0 00 00000002 02
[F] 010003c0 fe5214e3
[D] 010003c0 63 09 04 05 1 7f ffffffe8 05
[F] 010003c4 01900e93
[D] 010003c4 13 1d 00 19 0 00 00000019 19
[F] 010003c8 01e00193
[D] 010003c8 13 03 00 1e 0 00 0000001e 1e
[F] 010003cc 11df1a63
[D] 010003cc 63 14 1e 1d 1 08 00000114 1d
[F] 010003d0 00000213
[D] 010003d0 13 04 00 00 0 00 00000000 00
[F] 010003d4 00b00113
[D] 010003d4 13 02 00 0b 0 00 0000000b 0b
[F] 010003d8 00f00093
[D] 010003d8 13 01 00 0f 0 00 0000000f 0f
[F] 010003dc 00000013
[D] 010003dc 13 00 00 00 0 00 00000000 00
[F] 010003e0 00000013
[D] 010003e0 13 00 00 00 0 00 00000000 00
[F] 010003e4 00208f33
[D] 010003e4 33 1e 01 02 0 00 00000000 02
[F] 010003e8 00120213
[D] 010003e8 13 04 04 01 0 00 00000001 01
[F] 010003ec 00200293
[D] 010003ec 13 05 00 02 0 00 00000002 02
[F] 010003f0 fe5212e3
[D] 010003f0 63 05 04 05 1 7f ffffffe4 05
[F] 010003f4 01a00e93
[D] 010003f4 13 1d 00 1a 0 00 0000001a 1a
[F] 010003f8 01f00193
[D] 010003f8 13 03 00 1f 0 00 0000001f 1f
[F] 010003fc 0fdf1263
[D] 010003fc 63 04 1e 1d 1 07 000000e4 1d
[F] 01000400 00000213
[D] 01000400 13 04 00 00 0 00 00000000 00
[F] 01000404 00b00113
[D] 01000404 13 02 00 0b 0 00 0000000b 0b
[F] 01000408 00000013
[D] 01000408 13 00 00 00 0 00 00000000 00
[F] 0100040c 00d00093
[D] 0100040c 13 01 00 0d 0 00 0000000d 0d
[F] 01000410 00208f33
[D] 01000410 33 1e 01 02 0 00 00000000 02
[F] 01000414 00120213
[D] 01000414 13 04 04 01 0 00 00000001 01
[F] 01000418 00200293
[D] 01000418 13 05 00 02 0 00 00000002 02
[F] 0100041c fe5214e3
[D] 0100041c 63 09 04 05 1 7f ffffffe8 05
[F] 01000420 01800e93
[D] 01000420 13 1d 00 18 0 00 00000018 18
[F] 01000424 02000193
[D] 01000424 13 03 00 00 0 01 00000020 00
[F] 01000428 0bdf1c63
[D] 01000428 63 18 1e 1d 1 05 000000b8 1d
[F] 0100042c 00000213
[D] 0100042c 13 04 00 00 0 00 00000000 00
[F] 01000430 00b00113
[D] 01000430 13 02 00 0b 0 00 0000000b 0b
[F] 01000434 00000013
[D] 01000434 13 00 00 00 0 00 00000000 00
[F] 01000438 00e00093
[D] 01000438 13 01 00 0e 0 00 0000000e 0e
[F] 0100043c 00000013
[D] 0100043c 13 00 00 00 0 00 00000000 00
[F] 01000440 00208f33
[D] 01000440 33 1e 01 02 0 00 00000000 02
[F] 01000444 00120213
[D] 01000444 13 04 04 01 0 00 00000001 01
[F] 01000448 00200293
[D] 01000448 13 05 00 02 0 00 00000002 02
[F] 0100044c fe5212e3
[D] 0100044c 63 05 04 05 1 7f ffffffe4 05
[F] 01000450 01900e93
[D] 01000450 13 1d 00 19 0 00 00000019 19
[F] 01000454 02100193
[D] 01000454 13 03 00 01 0 01 00000021 01
[F] 01000458 09df1463
[D] 01000458 63 08 1e 1d 1 04 00000088 1d
[F] 0100045c 00000213
[D] 0100045c 13 04 00 00 0 00 00000000 00
[F] 01000460 00b00113
[D] 01000460 13 02 00 0b 0 00 0000000b 0b
[F] 01000464 00000013
[D] 01000464 13 00 00 00 0 00 00000000 00
[F] 01000468 00000013
[D] 01000468 13 00 00 00 0 00 00000000 00
[F] 0100046c 00f00093
[D] 0100046c 13 01 00 0f 0 00 0000000f 0f
[F] 01000470 00208f33
[D] 01000470 33 1e 01 02 0 00 00000000 02
[F] 01000474 00120213
[D] 01000474 13 04 04 01 0 00 00000001 01
[F] 01000478 00200293
[D] 01000478 13 05 00 02 0 00 00000002 02
[F] 0100047c fe5212e3
[D] 0100047c 63 05 04 05 1 7f ffffffe4 05
[F] 01000480 01a00e93
[D] 01000480 13 1d 00 1a 0 00 0000001a 1a
[F] 01000484 02200193
[D] 01000484 13 03 00 02 0 01 00000022 02
[F] 01000488 05df1c63
[D] 01000488 63 18 1e 1d 1 02 00000058 1d
[F] 0100048c 00f00093
[D] 0100048c 13 01 00 0f 0 00 0000000f 0f
[F] 01000490 00100133
[D] 01000490 33 02 00 01 0 00 00000000 01
[F] 01000494 00f00e93
[D] 01000494 13 1d 00 0f 0 00 0000000f 0f
[F] 01000498 02300193
[D] 01000498 13 03 00 03 0 01 00000023 03
[F] 0100049c 05d11263
[D] 0100049c 63 04 02 1d 1 02 00000044 1d
[F] 010004a0 02000093
[D] 010004a0 13 01 00 00 0 01 00000020 00
[F] 010004a4 00008133
[D] 010004a4 33 02 01 00 0 00 00000000 00
[F] 010004a8 02000e93
[D] 010004a8 13 1d 00 00 0 01 00000020 00
[F] 010004ac 02400193
[D] 010004ac 13 03 00 04 0 01 00000024 04
[F] 010004b0 03d11863
[D] 010004b0 63 10 02 1d 1 01 00000030 1d
[F] 010004b4 000000b3
[D] 010004b4 33 01 00 00 0 00 00000000 00
[F] 010004b8 00000e93
[D] 010004b8 13 1d 00 00 0 00 00000000 00
[F] 010004bc 02500193
[D] 010004bc 13 03 00 05 0 01 00000025 05
[F] 010004c0 03d09063
[D] 010004c0 63 00 01 1d 1 01 00000020 1d
[F] 010004c4 01000093
[D] 010004c4 13 01 00 10 0 00 00000010 10
[F] 010004c8 01e00113
[D] 010004c8 13 02 00 1e 0 00 0000001e 1e
[F] 010004cc 00208033
[D] 010004cc 33 00 01 02 0 00 00000000 02
[F] 010004d0 00000e93
[D] 010004d0 13 1d 00 00 0 00 00000000 00
[F] 010004d4 02600193
[D] 010004d4 13 03 00 06 0 01 00000026 06
[F] 010004d8 01d01463
[D] 010004d8 63 08 00 1d 1 00 00000008 1d
[F] 010004dc 00301c63
[D] 010004dc 63 18 00 03 1 00 00000018 03
[F] 010004e0 0ff0000f
[D] 010004e0 0f 00 00 1f 0 07 00000000 1f
[F] 010004e4 00018063
[D] 010004e4 63 00 03 00 0 00 00000000 00
[F] 010004e8 00119193
[D] 010004e8 13 03 03 01 1 00 00000001 01
[F] 010004ec 0011e193
[D] 010004ec 13 03 03 01 6 00 00000001 01
[F] 010004f0 00000073
[D] 010004f0 73 00 00 00 0 00 00000000 00
[F] 010004f4 0ff0000f
[D] 010004f4 0f 00 00 1f 0 07 00000000 1f
[F] 010004f8 00100193
[D] 010004f8 13 03 00 01 0 00 00000001 01
[F] 010004fc 00000073
[D] 010004fc 73 00 00 00 0 00 00000000 00
[F] 01000500 c0001073
[D] 01000500 73 00 00 00 1 60 00000000 00
[F] 01000504 00000000
[D] 01000504 00 00 00 00 0 00 00000000 00
[F] 01000508 00000000
[D] 01000508 00 00 00 00 0 00 00000000 00
[F] 0100050c 00000000
[D] 0100050c 00 00 00 00 0 00 00000000 00
[F] 01000510 00000000
[D] 01000510 00 00 00 00 0 00 00000000 00
[F] 01000514 00000000
[D] 01000514 00 00 00 00 0 00 00000000 00
[F] 01000518 00000000
[D] 01000518 00 00 00 00 0 00 00000000 00
[F] 0100051c 00000000
[D] 0100051c 00 00 00 00 0 00 00000000 00
[F] 01000520 00000000
[D] 01000520 00 00 00 00 0 00 00000000 00
[F] 01000524 00000000
[D] 01000524 00 00 00 00 0 00 00000000 00
[F] 01000528 00000000
[D] 01000528 00 00 00 00 0 00 00000000 00
[F] 0100052c 00000000
[D] 0100052c 00 00 00 00 0 00 00000000 00
[F] 01000530 00000000
[D] 01000530 00 00 00 00 0 00 00000000 00
[F] 01000534 00000000
[D] 01000534 00 00 00 00 0 00 00000000 00
[F] 01000538 00000000
[D] 01000538 00 00 00 00 0 00 00000000 00
[F] 0100053c 00000000
[D] 0100053c 00 00 00 00 0 00 00000000 00
[F] 01000540 00000000
[D] 01000540 00 00 00 00 0 00 00000000 00
[F] 01000544 00000000
[D] 01000544 00 00 00 00 0 00 00000000 00
[F] 01000548 00000000
[D] 01000548 00 00 00 00 0 00 00000000 00
[F] 0100054c 00000000
[D] 0100054c 00 00 00 00 0 00 00000000 00
[F] 01000550 00000000
[D] 01000550 00 00 00 00 0 00 00000000 00
[F] 01000554 00000000
[D] 01000554 00 00 00 00 0 00 00000000 00
[F] 01000558 00000000
[D] 01000558 00 00 00 00 0 00 00000000 00
[F] 0100055c 00000000
[D] 0100055c 00 00 00 00 0 00 00000000 00
[F] 01000560 00000000
[D] 01000560 00 00 00 00 0 00 00000000 00
[F] 01000564 00000000
[D] 01000564 00 00 00 00 0 00 00000000 00
[F] 01000568 00000000
[D] 01000568 00 00 00 00 0 00 00000000 00
[F] 0100056c 00000000
[D] 0100056c 00 00 00 00 0 00 00000000 00
[F] 01000570 00000000
[D] 01000570 00 00 00 00 0 00 00000000 00
[F] 01000574 00000000
[D] 01000574 00 00 00 00 0 00 00000000 00
[F] 01000578 00000000
[D] 01000578 00 00 00 00 0 00 00000000 00
[F] 0100057c 00000000
[D] 0100057c 00 00 00 00 0 00 00000000 00
[F] 01000580 00000000
[D] 01000580 00 00 00 00 0 00 00000000 00
[F] 01000584 00000000
[D] 01000584 00 00 00 00 0 00 00000000 00
[F] 01000588 00000000
[D] 01000588 00 00 00 00 0 00 00000000 00
[F] 0100058c 00000000
[D] 0100058c 00 00 00 00 0 00 00000000 00
[F] 01000590 00000000
[D] 01000590 00 00 00 00 0 00 00000000 00
[F] 01000594 00000000
[D] 01000594 00 00 00 00 0 00 00000000 00
[F] 01000598 00000000
[D] 01000598 00 00 00 00 0 00 00000000 00
[F] 0100059c 00000000
[D] 0100059c 00 00 00 00 0 00 00000000 00
[F] 010005a0 00000000
[D] 010005a0 00 00 00 00 0 00 00000000 00
[F] 010005a4 00000000
[D] 010005a4 00 00 00 00 0 00 00000000 00
[F] 010005a8 00000000
[D] 010005a8 00 00 00 00 0 00 00000000 00
[F] 010005ac 00000000
[D] 010005ac 00 00 00 00 0 00 00000000 00
[F] 010005b0 00000000
[D] 010005b0 00 00 00 00 0 00 00000000 00
[F] 010005b4 00000000
[D] 010005b4 00 00 00 00 0 00 00000000 00
[F] 010005b8 00000000
[D] 010005b8 00 00 00 00 0 00 00000000 00
[F] 010005bc 00000000
[D] 010005bc 00 00 00 00 0 00 00000000 00
[F] 010005c0 00000000
[D] 010005c0 00 00 00 00 0 00 00000000 00
[F] 010005c4 00000000
[D] 010005c4 00 00 00 00 0 00 00000000 00
[F] 010005c8 00000000
[D] 010005c8 00 00 00 00 0 00 00000000 00
[F] 010005cc 00000000
[D] 010005cc 00 00 00 00 0 00 00000000 00
[F] 010005d0 00000000
[D] 010005d0 00 00 00 00 0 00 00000000 00
[F] 010005d4 00000000
[D] 010005d4 00 00 00 00 0 00 00000000 00
[F] 010005d8 00000000
[D] 010005d8 00 00 00 00 0 00 00000000 00
