[F] 01000000 00000093
[D] 01000000 13 01 00 00 0 00 00000000 00
[F] 01000004 00000113
[D] 01000004 13 02 00 00 0 00 00000000 00
[F] 01000008 40208f33
[D] 01000008 33 1e 01 02 0 20 00000000 02
[F] 0100000c 00000e93
[D] 0100000c 13 1d 00 00 0 00 00000000 00
[F] 01000010 00200193
[D] 01000010 13 03 00 02 0 00 00000002 02
[F] 01000014 4bdf1663
[D] 01000014 63 0c 1e 1d 1 25 000004ac 1d
[F] 01000018 00100093
[D] 01000018 13 01 00 01 0 00 00000001 01
[F] 0100001c 00100113
[D] 0100001c 13 02 00 01 0 00 00000001 01
[F] 01000020 40208f33
[D] 01000020 33 1e 01 02 0 20 00000000 02
[F] 01000024 00000e93
[D] 01000024 13 1d 00 00 0 00 00000000 00
[F] 01000028 00300193
[D] 01000028 13 03 00 03 0 00 00000003 03
[F] 0100002c 49df1a63
[D] 0100002c 63 14 1e 1d 1 24 00000494 1d
[F] 01000030 00300093
[D] 01000030 13 01 00 03 0 00 00000003 03
[F] 01000034 00700113
[D] 01000034 13 02 00 07 0 00 00000007 07
[F] 01000038 40208f33
[D] 01000038 33 1e 01 02 0 20 00000000 02
[F] 0100003c ffc00e93
[D] 0100003c 13 1d 00 1c 0 7f fffffffc 1c
[F] 01000040 00400193
[D] 01000040 13 03 00 04 0 00 00000004 04
[F] 01000044 47df1e63
[D] 01000044 63 1c 1e 1d 1 23 0000047c 1d
[F] 01000048 00000093
[D] 01000048 13 01 00 00 0 00 00000000 00
[F] 0100004c ffff8137
[D] 0100004c 37 02 00 1f 0 7f ffff8000 1f
[F] 01000050 40208f33
[D] 01000050 33 1e 01 02 0 20 00000000 02
[F] 01000054 00008eb7
[D] 01000054 37 1d 00 00 0 00 00008000 00
[F] 01000058 00500193
[D] 01000058 13 03 00 05 0 00 00000005 05
[F] 0100005c 47df1263
[D] 0100005c 63 04 1e 1d 1 23 00000464 1d
[F] 01000060 800000b7
[D] 01000060 37 01 00 00 0 40 80000000 00
[F] 01000064 00000113
[D] 01000064 13 02 00 00 0 00 00000000 00
[F] 01000068 40208f33
[D] 01000068 33 1e 01 02 0 20 00000000 02
[F] 0100006c 80000eb7
[D] 0100006c 37 1d 00 00 0 40 80000000 00
[F] 01000070 00600193
[D] 01000070 13 03 00 06 0 00 00000006 06
[F] 01000074 45df1663
[D] 01000074 63 0c 1e 1d 1 22 0000044c 1d
[F] 01000078 800000b7
[D] 01000078 37 01 00 00 0 40 80000000 00
[F] 0100007c ffff8137
[D] 0100007c 37 02 00 1f 0 7f ffff8000 1f
[F] 01000080 40208f33
[D] 01000080 33 1e 01 02 0 20 00000000 02
[F] 01000084 80008eb7
[D] 01000084 37 1d 00 00 0 40 80008000 00
[F] 01000088 00700193
[D] 01000088 13 03 00 07 0 00 00000007 07
[F] 0100008c 43df1a63
[D] 0100008c 63 14 1e 1d 1 21 00000434 1d
[F] 01000090 00000093
[D] 01000090 13 01 00 00 0 00 00000000 00
[F] 01000094 00008137
[D] 01000094 37 02 00 00 0 00 00008000 00
[F] 01000098 fff10113
[D] 01000098 13 02 02 1f 0 7f ffffffff 1f
[F] 0100009c 40208f33
[D] 0100009c 33 1e 01 02 0 20 00000000 02
[F] 010000a0 ffff8eb7
[D] 010000a0 37 1d 00 1f 0 7f ffff8000 1f
[F] 010000a4 001e8e93
[D] 010000a4 13 1d 1d 01 0 00 00000001 01
[F] 010000a8 00800193
[D] 010000a8 13 03 00 08 0 00 00000008 08
[F] 010000ac 41df1a63
[D] 010000ac 63 14 1e 1d 1 20 00000414 1d
[F] 010000b0 800000b7
[D] 010000b0 37 01 00 00 0 40 80000000 00
[F] 010000b4 fff08093
[D] 010000b4 13 01 01 1f 0 7f ffffffff 1f
[F] 010000b8 00000113
[D] 010000b8 13 02 00 00 0 00 00000000 00
[F] 010000bc 40208f33
[D] 010000bc 33 1e 01 02 0 20 00000000 02
[F] 010000c0 80000eb7
[D] 010000c0 37 1d 00 00 0 40 80000000 00
[F] 010000c4 fffe8e93
[D] 010000c4 13 1d 1d 1f 0 7f ffffffff 1f
[F] 010000c8 00900193
[D] 010000c8 13 03 00 09 0 00 00000009 09
[F] 010000cc 3fdf1a63
[D] 010000cc 63 14 1e 1d 1 1f 000003f4 1d
[F] 010000d0 800000b7
[D] 010000d0 37 01 00 00 0 40 80000000 00
[F] 010000d4 fff08093
[D] 010000d4 13 01 01 1f 0 7f ffffffff 1f
[F] 010000d8 00008137
[D] 010000d8 37 02 00 00 0 00 00008000 00
[F] 010000dc fff10113
[D] 010000dc 13 02 02 1f 0 7f ffffffff 1f
[F] 010000e0 40208f33
[D] 010000e0 33 1e 01 02 0 20 00000000 02
[F] 010000e4 7fff8eb7
[D] 010000e4 37 1d 00 1f 0 3f 7fff8000 1f
[F] 010000e8 00a00193
[D] 010000e8 13 03 00 0a 0 00 0000000a 0a
[F] 010000ec 3ddf1a63
[D] 010000ec 63 14 1e 1d 1 1e 000003d4 1d
[F] 010000f0 800000b7
[D] 010000f0 37 01 00 00 0 40 80000000 00
[F] 010000f4 00008137
[D] 010000f4 37 02 00 00 0 00 00008000 00
[F] 010000f8 fff10113
[D] 010000f8 13 02 02 1f 0 7f ffffffff 1f
[F] 010000fc 40208f33
[D] 010000fc 33 1e 01 02 0 20 00000000 02
[F] 01000100 7fff8eb7
[D] 01000100 37 1d 00 1f 0 3f 7fff8000 1f
[F] 01000104 001e8e93
[D] 01000104 13 1d 1d 01 0 00 00000001 01
[F] 01000108 00b00193
[D] 01000108 13 03 00 0b 0 00 0000000b 0b
[F] 0100010c 3bdf1a63
[D] 0100010c 63 14 1e 1d 1 1d 000003b4 1d
[F] 01000110 800000b7
[D] 01000110 37 01 00 00 0 40 80000000 00
[F] 01000114 fff08093
[D] 01000114 13 01 01 1f 0 7f ffffffff 1f
[F] 01000118 ffff8137
[D] 01000118 37 02 00 1f 0 7f ffff8000 1f
[F] 0100011c 40208f33
[D] 0100011c 33 1e 01 02 0 20 00000000 02
[F] 01000120 80008eb7
[D] 01000120 37 1d 00 00 0 40 80008000 00
[F] 01000124 fffe8e93
[D] 01000124 13 1d 1d 1f 0 7f ffffffff 1f
[F] 01000128 00c00193
[D] 01000128 13 03 00 0c 0 00 0000000c 0c
[F] 0100012c 39df1a63
[D] 0100012c 63 14 1e 1d 1 1c 00000394 1d
[F] 01000130 00000093
[D] 01000130 13 01 00 00 0 00 00000000 00
[F] 01000134 fff00113
[D] 01000134 13 02 00 1f 0 7f ffffffff 1f
[F] 01000138 40208f33
[D] 01000138 33 1e 01 02 0 20 00000000 02
[F] 0100013c 00100e93
[D] 0100013c 13 1d 00 01 0 00 00000001 01
[F] 01000140 00d00193
[D] 01000140 13 03 00 0d 0 00 0000000d 0d
[F] 01000144 37df1e63
[D] 01000144 63 1c 1e 1d 1 1b 0000037c 1d
[F] 01000148 fff00093
[D] 01000148 13 01 00 1f 0 7f ffffffff 1f
[F] 0100014c 00100113
[D] 0100014c 13 02 00 01 0 00 00000001 01
[F] 01000150 40208f33
[D] 01000150 33 1e 01 02 0 20 00000000 02
[F] 01000154 ffe00e93
[D] 01000154 13 1d 00 1e 0 7f fffffffe 1e
[F] 01000158 00e00193
[D] 01000158 13 03 00 0e 0 00 0000000e 0e
[F] 0100015c 37df1263
[D] 0100015c 63 04 1e 1d 1 1b 00000364 1d
[F] 01000160 fff00093
[D] 01000160 13 01 00 1f 0 7f ffffffff 1f
[F] 01000164 fff00113
[D] 01000164 13 02 00 1f 0 7f ffffffff 1f
[F] 01000168 40208f33
[D] 01000168 33 1e 01 02 0 20 00000000 02
[F] 0100016c 00000e93
[D] 0100016c 13 1d 00 00 0 00 00000000 00
[F] 01000170 00f00193
[D] 01000170 13 03 00 0f 0 00 0000000f 0f
[F] 01000174 35df1663
[D] 01000174 63 0c 1e 1d 1 1a 0000034c 1d
[F] 01000178 00d00093
[D] 01000178 13 01 00 0d 0 00 0000000d 0d
[F] 0100017c 00b00113
[D] 0100017c 13 02 00 0b 0 00 0000000b 0b
[F] 01000180 402080b3
[D] 01000180 33 01 01 02 0 20 00000000 02
[F] 01000184 00200e93
[D] 01000184 13 1d 00 02 0 00 00000002 02
[F] 01000188 01000193
[D] 01000188 13 03 00 10 0 00 00000010 10
[F] 0100018c 33d09a63
[D] 0100018c 63 14 01 1d 1 19 00000334 1d
[F] 01000190 00e00093
[D] 01000190 13 01 00 0e 0 00 0000000e 0e
[F] 01000194 00b00113
[D] 01000194 13 02 00 0b 0 00 0000000b 0b
[F] 01000198 40208133
[D] 01000198 33 02 01 02 0 20 00000000 02
[F] 0100019c 00300e93
[D] 0100019c 13 1d 00 03 0 00 00000003 03
[F] 010001a0 01100193
[D] 010001a0 13 03 00 11 0 00 00000011 11
[F] 010001a4 31d11e63
[D] 010001a4 63 1c 02 1d 1 18 0000031c 1d
[F] 010001a8 00d00093
[D] 010001a8 13 01 00 0d 0 00 0000000d 0d
[F] 010001ac 401080b3
[D] 010001ac 33 01 01 01 0 20 00000000 01
[F] 010001b0 00000e93
[D] 010001b0 13 1d 00 00 0 00 00000000 00
[F] 010001b4 01200193
[D] 010001b4 13 03 00 12 0 00 00000012 12
[F] 010001b8 31d09463
[D] 010001b8 63 08 01 1d 1 18 00000308 1d
[F] 010001bc 00000213
[D] 010001bc 13 04 00 00 0 00 00000000 00
[F] 010001c0 00d00093
[D] 010001c0 13 01 00 0d 0 00 0000000d 0d
[F] 010001c4 00b00113
[D] 010001c4 13 02 00 0b 0 00 0000000b 0b
[F] 010001c8 40208f33
[D] 010001c8 33 1e 01 02 0 20 00000000 02
[F] 010001cc 000f0313
[D] 010001cc 13 06 1e 00 0 00 00000000 00
[F] 010001d0 00120213
[D] 010001d0 13 04 04 01 0 00 00000001 01
[F] 010001d4 00200293
[D] 010001d4 13 05 00 02 0 00 00000002 02
[F] 010001d8 fe5214e3
[D] 010001d8 63 09 04 05 1 7f ffffffe8 05
[F] 010001dc 00200e93
[D] 010001dc 13 1d 00 02 0 00 00000002 02
[F] 010001e0 01300193
[D] 010001e0 13 03 00 13 0 00 00000013 13
[F] 010001e4 2dd31e63
[D] 010001e4 63 1c 06 1d 1 16 000002dc 1d
[F] 010001e8 00000213
[D] 010001e8 13 04 00 00 0 00 00000000 00
[F] 010001ec 00e00093
[D] 010001ec 13 01 00 0e 0 00 0000000e 0e
[F] 010001f0 00b00113
[D] 010001f0 13 02 00 0b 0 00 0000000b 0b
[F] 010001f4 40208f33
[D] 010001f4 33 1e 01 02 0 20 00000000 02
[F] 010001f8 00000013
[D] 010001f8 13 00 00 00 0 00 00000000 00
[F] 010001fc 000f0313
[D] 010001fc 13 06 1e 00 0 00 00000000 00
[F] 01000200 00120213
[D] 01000200 13 04 04 01 0 00 00000001 01
[F] 01000204 00200293
[D] 01000204 13 05 00 02 0 00 00000002 02
[F] 01000208 fe5212e3
[D] 01000208 63 05 04 05 1 7f ffffffe4 05
[F] 0100020c 00300e93
[D] 0100020c 13 1d 00 03 0 00 00000003 03
[F] 01000210 01400193
[D] 01000210 13 03 00 14 0 00 00000014 14
[F] 01000214 2bd31663
[D] 01000214 63 0c 06 1d 1 15 000002ac 1d
[F] 01000218 00000213
[D] 01000218 13 04 00 00 0 00 00000000 00
[F] 0100021c 00f00093
[D] 0100021c 13 01 00 0f 0 00 0000000f 0f
[F] 01000220 00b00113
[D] 01000220 13 02 00 0b 0 00 0000000b 0b
[F] 01000224 40208f33
[D] 01000224 33 1e 01 02 0 20 00000000 02
[F] 01000228 00000013
[D] 01000228 13 00 00 00 0 00 00000000 00
[F] 0100022c 00000013
[D] 0100022c 13 00 00 00 0 00 00000000 00
[F] 01000230 000f0313
[D] 01000230 13 06 1e 00 0 00 00000000 00
[F] 01000234 00120213
[D] 01000234 13 04 04 01 0 00 00000001 01
[F] 01000238 00200293
[D] 01000238 13 05 00 02 0 00 00000002 02
[F] 0100023c fe5210e3
[D] 0100023c 63 01 04 05 1 7f ffffffe0 05
[F] 01000240 00400e93
[D] 01000240 13 1d 00 04 0 00 00000004 04
[F] 01000244 01500193
[D] 01000244 13 03 00 15 0 00 00000015 15
[F] 01000248 27d31c63
[D] 01000248 63 18 06 1d 1 13 00000278 1d
[F] 0100024c 00000213
[D] 0100024c 13 04 00 00 0 00 00000000 00
[F] 01000250 00d00093
[D] 01000250 13 01 00 0d 0 00 0000000d 0d
[F] 01000254 00b00113
[D] 01000254 13 02 00 0b 0 00 0000000b 0b
[F] 01000258 40208f33
[D] 01000258 33 1e 01 02 0 20 00000000 02
[F] 0100025c 00120213
[D] 0100025c 13 04 04 01 0 00 00000001 01
[F] 01000260 00200293
[D] 01000260 13 05 00 02 0 00 00000002 02
[F] 01000264 fe5216e3
[D] 01000264 63 0d 04 05 1 7f ffffffec 05
[F] 01000268 00200e93
[D] 01000268 13 1d 00 02 0 00 00000002 02
[F] 0100026c 01600193
[D] 0100026c 13 03 00 16 0 00 00000016 16
[F] 01000270 25df1863
[D] 01000270 63 10 1e 1d 1 12 00000250 1d
[F] 01000274 00000213
[D] 01000274 13 04 00 00 0 00 00000000 00
[F] 01000278 00e00093
[D] 01000278 13 01 00 0e 0 00 0000000e 0e
[F] 0100027c 00b00113
[D] 0100027c 13 02 00 0b 0 00 0000000b 0b
[F] 01000280 00000013
[D] 01000280 13 00 00 00 0 00 00000000 00
[F] 01000284 40208f33
[D] 01000284 33 1e 01 02 0 20 00000000 02
[F] 01000288 00120213
[D] 01000288 13 04 04 01 0 00 00000001 01
[F] 0100028c 00200293
[D] 0100028c 13 05 00 02 0 00 00000002 02
[F] 01000290 fe5214e3
[D] 01000290 63 09 04 05 1 7f ffffffe8 05
[F] 01000294 00300e93
[D] 01000294 13 1d 00 03 0 00 00000003 03
[F] 01000298 01700193
[D] 01000298 13 03 00 17 0 00 00000017 17
[F] 0100029c 23df1263
[D] 0100029c 63 04 1e 1d 1 11 00000224 1d
[F] 010002a0 00000213
[D] 010002a0 13 04 00 00 0 00 00000000 00
[F] 010002a4 00f00093
[D] 010002a4 13 01 00 0f 0 00 0000000f 0f
[F] 010002a8 00b00113
[D] 010002a8 13 02 00 0b 0 00 0000000b 0b
[F] 010002ac 00000013
[D] 010002ac 13 00 00 00 0 00 00000000 00
[F] 010002b0 00000013
[D] 010002b0 13 00 00 00 0 00 00000000 00
[F] 010002b4 40208f33
[D] 010002b4 33 1e 01 02 0 20 00000000 02
[F] 010002b8 00120213
[D] 010002b8 13 04 04 01 0 00 00000001 01
[F] 010002bc 00200293
[D] 010002bc 13 05 00 02 0 00 00000002 02
[F] 010002c0 fe5212e3
[D] 010002c0 63 05 04 05 1 7f ffffffe4 05
[F] 010002c4 00400e93
[D] 010002c4 13 1d 00 04 0 00 00000004 04
[F] 010002c8 01800193
[D] 010002c8 13 03 00 18 0 00 00000018 18
[F] 010002cc 1fdf1a63
[D] 010002cc 63 14 1e 1d 1 0f 000001f4 1d
[F] 010002d0 00000213
[D] 010002d0 13 04 00 00 0 00 00000000 00
[F] 010002d4 00d00093
[D] 010002d4 13 01 00 0d 0 00 0000000d 0d
[F] 010002d8 00000013
[D] 010002d8 13 00 00 00 0 00 00000000 00
[F] 010002dc 00b00113
[D] 010002dc 13 02 00 0b 0 00 0000000b 0b
[F] 010002e0 40208f33
[D] 010002e0 33 1e 01 02 0 20 00000000 02
[F] 010002e4 00120213
[D] 010002e4 13 04 04 01 0 00 00000001 01
[F] 010002e8 00200293
[D] 010002e8 13 05 00 02 0 00 00000002 02
[F] 010002ec fe5214e3
[D] 010002ec 63 09 04 05 1 7f ffffffe8 05
[F] 010002f0 00200e93
[D] 010002f0 13 1d 00 02 0 00 00000002 02
[F] 010002f4 01900193
[D] 010002f4 13 03 00 19 0 00 00000019 19
[F] 010002f8 1ddf1463
[D] 010002f8 63 08 1e 1d 1 0e 000001c8 1d
[F] 010002fc 00000213
[D] 010002fc 13 04 00 00 0 00 00000000 00
[F] 01000300 00e00093
[D] 01000300 13 01 00 0e 0 00 0000000e 0e
[F] 01000304 00000013
[D] 01000304 13 00 00 00 0 00 00000000 00
[F] 01000308 00b00113
[D] 01000308 13 02 00 0b 0 00 0000000b 0b
[F] 0100030c 00000013
[D] 0100030c 13 00 00 00 0 00 00000000 00
[F] 01000310 40208f33
[D] 01000310 33 1e 01 02 0 20 00000000 02
[F] 01000314 00120213
[D] 01000314 13 04 04 01 0 00 00000001 01
[F] 01000318 00200293
[D] 01000318 13 05 00 02 0 00 00000002 02
[F] 0100031c fe5212e3
[D] 0100031c 63 05 04 05 1 7f ffffffe4 05
[F] 01000320 00300e93
[D] 01000320 13 1d 00 03 0 00 00000003 03
[F] 01000324 01a00193
[D] 01000324 13 03 00 1a 0 00 0000001a 1a
[F] 01000328 19df1c63
[D] 01000328 63 18 1e 1d 1 0c 00000198 1d
[F] 0100032c 00000213
[D] 0100032c 13 04 00 00 0 00 00000000 00
[F] 01000330 00f00093
[D] 01000330 13 01 00 0f 0 00 0000000f 0f
[F] 01000334 00000013
[D] 01000334 13 00 00 00 0 00 00000000 00
[F] 01000338 00000013
[D] 01000338 13 00 00 00 0 00 00000000 00
[F] 0100033c 00b00113
[D] 0100033c 13 02 00 0b 0 00 0000000b 0b
[F] 01000340 40208f33
[D] 01000340 33 1e 01 02 0 20 00000000 02
[F] 01000344 00120213
[D] 01000344 13 04 04 01 0 00 00000001 01
[F] 01000348 00200293
[D] 01000348 13 05 00 02 0 00 00000002 02
[F] 0100034c fe5212e3
[D] 0100034c 63 05 04 05 1 7f ffffffe4 05
[F] 01000350 00400e93
[D] 01000350 13 1d 00 04 0 00 00000004 04
[F] 01000354 01b00193
[D] 01000354 13 03 00 1b 0 00 0000001b 1b
[F] 01000358 17df1463
[D] 01000358 63 08 1e 1d 1 0b 00000168 1d
[F] 0100035c 00000213
[D] 0100035c 13 04 00 00 0 00 00000000 00
[F] 01000360 00b00113
[D] 01000360 13 02 00 0b 0 00 0000000b 0b
[F] 01000364 00d00093
[D] 01000364 13 01 00 0d 0 00 0000000d 0d
[F] 01000368 40208f33
[D] 01000368 33 1e 01 02 0 20 00000000 02
[F] 0100036c 00120213
[D] 0100036c 13 04 04 01 0 00 00000001 01
[F] 01000370 00200293
[D] 01000370 13 05 00 02 0 00 00000002 02
[F] 01000374 fe5216e3
[D] 01000374 63 0d 04 05 1 7f ffffffec 05
[F] 01000378 00200e93
[D] 01000378 13 1d 00 02 0 00 00000002 02
[F] 0100037c 01c00193
[D] 0100037c 13 03 00 1c 0 00 0000001c 1c
[F] 01000380 15df1063
[D] 01000380 63 00 1e 1d 1 0a 00000140 1d
[F] 01000384 00000213
[D] 01000384 13 04 00 00 0 00 00000000 00
[F] 01000388 00b00113
[D] 01000388 13 02 00 0b 0 00 0000000b 0b
[F] 0100038c 00e00093
[D] 0100038c 13 01 00 0e 0 00 0000000e 0e
[F] 01000390 00000013
[D] 01000390 13 00 00 00 0 00 00000000 00
[F] 01000394 40208f33
[D] 01000394 33 1e 01 02 0 20 00000000 02
[F] 01000398 00120213
[D] 01000398 13 04 04 01 0 00 00000001 01
[F] 0100039c 00200293
[D] 0100039c 13 05 00 02 0 00 00000002 02
[F] 010003a0 fe5214e3
[D] 010003a0 63 09 04 05 1 7f ffffffe8 05
[F] 010003a4 00300e93
[D] 010003a4 13 1d 00 03 0 00 00000003 03
[F] 010003a8 01d00193
[D] 010003a8 13 03 00 1d 0 00 0000001d 1d
[F] 010003ac 11df1a63
[D] 010003ac 63 14 1e 1d 1 08 00000114 1d
[F] 010003b0 00000213
[D] 010003b0 13 04 00 00 0 00 00000000 00
[F] 010003b4 00b00113
[D] 010003b4 13 02 00 0b 0 00 0000000b 0b
[F] 010003b8 00f00093
[D] 010003b8 13 01 00 0f 0 00 0000000f 0f
[F] 010003bc 00000013
[D] 010003bc 13 00 00 00 0 00 00000000 00
[F] 010003c0 00000013
[D] 010003c0 13 00 00 00 0 00 00000000 00
[F] 010003c4 40208f33
[D] 010003c4 33 1e 01 02 0 20 00000000 02
[F] 010003c8 00120213
[D] 010003c8 13 04 04 01 0 00 00000001 01
[F] 010003cc 00200293
[D] 010003cc 13 05 00 02 0 00 00000002 02
[F] 010003d0 fe5212e3
[D] 010003d0 63 05 04 05 1 7f ffffffe4 05
[F] 010003d4 00400e93
[D] 010003d4 13 1d 00 04 0 00 00000004 04
[F] 010003d8 01e00193
[D] 010003d8 13 03 00 1e 0 00 0000001e 1e
[F] 010003dc 0fdf1263
[D] 010003dc 63 04 1e 1d 1 07 000000e4 1d
[F] 010003e0 00000213
[D] 010003e0 13 04 00 00 0 00 00000000 00
[F] 010003e4 00b00113
[D] 010003e4 13 02 00 0b 0 00 0000000b 0b
[F] 010003e8 00000013
[D] 010003e8 13 00 00 00 0 00 00000000 00
[F] 010003ec 00d00093
[D] 010003ec 13 01 00 0d 0 00 0000000d 0d
[F] 010003f0 40208f33
[D] 010003f0 33 1e 01 02 0 20 00000000 02
[F] 010003f4 00120213
[D] 010003f4 13 04 04 01 0 00 00000001 01
[F] 010003f8 00200293
[D] 010003f8 13 05 00 02 0 00 00000002 02
[F] 010003fc fe5214e3
[D] 010003fc 63 09 04 05 1 7f ffffffe8 05
[F] 01000400 00200e93
[D] 01000400 13 1d 00 02 0 00 00000002 02
[F] 01000404 01f00193
[D] 01000404 13 03 00 1f 0 00 0000001f 1f
[F] 01000408 0bdf1c63
[D] 01000408 63 18 1e 1d 1 05 000000b8 1d
[F] 0100040c 00000213
[D] 0100040c 13 04 00 00 0 00 00000000 00
[F] 01000410 00b00113
[D] 01000410 13 02 00 0b 0 00 0000000b 0b
[F] 01000414 00000013
[D] 01000414 13 00 00 00 0 00 00000000 00
[F] 01000418 00e00093
[D] 01000418 13 01 00 0e 0 00 0000000e 0e
[F] 0100041c 00000013
[D] 0100041c 13 00 00 00 0 00 00000000 00
[F] 01000420 40208f33
[D] 01000420 33 1e 01 02 0 20 00000000 02
[F] 01000424 00120213
[D] 01000424 13 04 04 01 0 00 00000001 01
[F] 01000428 00200293
[D] 01000428 13 05 00 02 0 00 00000002 02
[F] 0100042c fe5212e3
[D] 0100042c 63 05 04 05 1 7f ffffffe4 05
[F] 01000430 00300e93
[D] 01000430 13 1d 00 03 0 00 00000003 03
[F] 01000434 02000193
[D] 01000434 13 03 00 00 0 01 00000020 00
[F] 01000438 09df1463
[D] 01000438 63 08 1e 1d 1 04 00000088 1d
[F] 0100043c 00000213
[D] 0100043c 13 04 00 00 0 00 00000000 00
[F] 01000440 00b00113
[D] 01000440 13 02 00 0b 0 00 0000000b 0b
[F] 01000444 00000013
[D] 01000444 13 00 00 00 0 00 00000000 00
[F] 01000448 00000013
[D] 01000448 13 00 00 00 0 00 00000000 00
[F] 0100044c 00f00093
[D] 0100044c 13 01 00 0f 0 00 0000000f 0f
[F] 01000450 40208f33
[D] 01000450 33 1e 01 02 0 20 00000000 02
[F] 01000454 00120213
[D] 01000454 13 04 04 01 0 00 00000001 01
[F] 01000458 00200293
[D] 01000458 13 05 00 02 0 00 00000002 02
[F] 0100045c fe5212e3
[D] 0100045c 63 05 04 05 1 7f ffffffe4 05
[F] 01000460 00400e93
[D] 01000460 13 1d 00 04 0 00 00000004 04
[F] 01000464 02100193
[D] 01000464 13 03 00 01 0 01 00000021 01
[F] 01000468 05df1c63
[D] 01000468 63 18 1e 1d 1 02 00000058 1d
[F] 0100046c ff100093
[D] 0100046c 13 01 00 11 0 7f fffffff1 11
[F] 01000470 40100133
[D] 01000470 33 02 00 01 0 20 00000000 01
[F] 01000474 00f00e93
[D] 01000474 13 1d 00 0f 0 00 0000000f 0f
[F] 01000478 02200193
[D] 01000478 13 03 00 02 0 01 00000022 02
[F] 0100047c 05d11263
[D] 0100047c 63 04 02 1d 1 02 00000044 1d
[F] 01000480 02000093
[D] 01000480 13 01 00 00 0 01 00000020 00
[F] 01000484 40008133
[D] 01000484 33 02 01 00 0 20 00000000 00
[F] 01000488 02000e93
[D] 01000488 13 1d 00 00 0 01 00000020 00
[F] 0100048c 02300193
[D] 0100048c 13 03 00 03 0 01 00000023 03
[F] 01000490 03d11863
[D] 01000490 63 10 02 1d 1 01 00000030 1d
[F] 01000494 400000b3
[D] 01000494 33 01 00 00 0 20 00000000 00
[F] 01000498 00000e93
[D] 01000498 13 1d 00 00 0 00 00000000 00
[F] 0100049c 02400193
[D] 0100049c 13 03 00 04 0 01 00000024 04
[F] 010004a0 03d09063
[D] 010004a0 63 00 01 1d 1 01 00000020 1d
[F] 010004a4 01000093
[D] 010004a4 13 01 00 10 0 00 00000010 10
[F] 010004a8 01e00113
[D] 010004a8 13 02 00 1e 0 00 0000001e 1e
[F] 010004ac 40208033
[D] 010004ac 33 00 01 02 0 20 00000000 02
[F] 010004b0 00000e93
[D] 010004b0 13 1d 00 00 0 00 00000000 00
[F] 010004b4 02500193
[D] 010004b4 13 03 00 05 0 01 00000025 05
[F] 010004b8 01d01463
[D] 010004b8 63 08 00 1d 1 00 00000008 1d
[F] 010004bc 00301c63
[D] 010004bc 63 18 00 03 1 00 00000018 03
[F] 010004c0 0ff0000f
[D] 010004c0 0f 00 00 1f 0 07 00000000 1f
[F] 010004c4 00018063
[D] 010004c4 63 00 03 00 0 00 00000000 00
[F] 010004c8 00119193
[D] 010004c8 13 03 03 01 1 00 00000001 01
[F] 010004cc 0011e193
[D] 010004cc 13 03 03 01 6 00 00000001 01
[F] 010004d0 00000073
[D] 010004d0 73 00 00 00 0 00 00000000 00
[F] 010004d4 0ff0000f
[D] 010004d4 0f 00 00 1f 0 07 00000000 1f
[F] 010004d8 00100193
[D] 010004d8 13 03 00 01 0 00 00000001 01
[F] 010004dc 00000073
[D] 010004dc 73 00 00 00 0 00 00000000 00
[F] 010004e0 c0001073
[D] 010004e0 73 00 00 00 1 60 00000000 00
[F] 010004e4 00000000
[D] 010004e4 00 00 00 00 0 00 00000000 00
[F] 010004e8 00000000
[D] 010004e8 00 00 00 00 0 00 00000000 00
[F] 010004ec 00000000
[D] 010004ec 00 00 00 00 0 00 00000000 00
[F] 010004f0 00000000
[D] 010004f0 00 00 00 00 0 00 00000000 00
[F] 010004f4 00000000
[D] 010004f4 00 00 00 00 0 00 00000000 00
[F] 010004f8 00000000
[D] 010004f8 00 00 00 00 0 00 00000000 00
[F] 010004fc 00000000
[D] 010004fc 00 00 00 00 0 00 00000000 00
[F] 01000500 00000000
[D] 01000500 00 00 00 00 0 00 00000000 00
[F] 01000504 00000000
[D] 01000504 00 00 00 00 0 00 00000000 00
[F] 01000508 00000000
[D] 01000508 00 00 00 00 0 00 00000000 00
[F] 0100050c 00000000
[D] 0100050c 00 00 00 00 0 00 00000000 00
[F] 01000510 00000000
[D] 01000510 00 00 00 00 0 00 00000000 00
[F] 01000514 00000000
[D] 01000514 00 00 00 00 0 00 00000000 00
[F] 01000518 00000000
[D] 01000518 00 00 00 00 0 00 00000000 00
[F] 0100051c 00000000
[D] 0100051c 00 00 00 00 0 00 00000000 00
[F] 01000520 00000000
[D] 01000520 00 00 00 00 0 00 00000000 00
[F] 01000524 00000000
[D] 01000524 00 00 00 00 0 00 00000000 00
[F] 01000528 00000000
[D] 01000528 00 00 00 00 0 00 00000000 00
[F] 0100052c 00000000
[D] 0100052c 00 00 00 00 0 00 00000000 00
[F] 01000530 00000000
[D] 01000530 00 00 00 00 0 00 00000000 00
[F] 01000534 00000000
[D] 01000534 00 00 00 00 0 00 00000000 00
[F] 01000538 00000000
[D] 01000538 00 00 00 00 0 00 00000000 00
[F] 0100053c 00000000
[D] 0100053c 00 00 00 00 0 00 00000000 00
[F] 01000540 00000000
[D] 01000540 00 00 00 00 0 00 00000000 00
[F] 01000544 00000000
[D] 01000544 00 00 00 00 0 00 00000000 00
[F] 01000548 00000000
[D] 01000548 00 00 00 00 0 00 00000000 00
[F] 0100054c 00000000
[D] 0100054c 00 00 00 00 0 00 00000000 00
[F] 01000550 00000000
[D] 01000550 00 00 00 00 0 00 00000000 00
[F] 01000554 00000000
[D] 01000554 00 00 00 00 0 00 00000000 00
[F] 01000558 00000000
[D] 01000558 00 00 00 00 0 00 00000000 00
[F] 0100055c 00000000
[D] 0100055c 00 00 00 00 0 00 00000000 00
[F] 01000560 00000000
[D] 01000560 00 00 00 00 0 00 00000000 00
[F] 01000564 00000000
[D] 01000564 00 00 00 00 0 00 00000000 00
[F] 01000568 00000000
[D] 01000568 00 00 00 00 0 00 00000000 00
[F] 0100056c 00000000
[D] 0100056c 00 00 00 00 0 00 00000000 00
[F] 01000570 00000000
[D] 01000570 00 00 00 00 0 00 00000000 00
[F] 01000574 00000000
[D] 01000574 00 00 00 00 0 00 00000000 00
[F] 01000578 00000000
[D] 01000578 00 00 00 00 0 00 00000000 00
[F] 0100057c 00000000
[D] 0100057c 00 00 00 00 0 00 00000000 00
[F] 01000580 00000000
[D] 01000580 00 00 00 00 0 00 00000000 00
[F] 01000584 00000000
[D] 01000584 00 00 00 00 0 00 00000000 00
[F] 01000588 00000000
[D] 01000588 00 00 00 00 0 00 00000000 00
[F] 0100058c 00000000
[D] 0100058c 00 00 00 00 0 00 00000000 00
[F] 01000590 00000000
[D] 01000590 00 00 00 00 0 00 00000000 00
[F] 01000594 00000000
[D] 01000594 00 00 00 00 0 00 00000000 00
[F] 01000598 00000000
[D] 01000598 00 00 00 00 0 00 00000000 00
[F] 0100059c 00000000
[D] 0100059c 00 00 00 00 0 00 00000000 00
[F] 010005a0 00000000
[D] 010005a0 00 00 00 00 0 00 00000000 00
[F] 010005a4 00000000
[D] 010005a4 00 00 00 00 0 00 00000000 00
[F] 010005a8 00000000
[D] 010005a8 00 00 00 00 0 00 00000000 00
[F] 010005ac 00000000
[D] 010005ac 00 00 00 00 0 00 00000000 00
[F] 010005b0 00000000
[D] 010005b0 00 00 00 00 0 00 00000000 00
[F] 010005b4 00000000
[D] 010005b4 00 00 00 00 0 00 00000000 00
[F] 010005b8 00000000
[D] 010005b8 00 00 00 00 0 00 00000000 00
[F] 010005bc 00000000
[D] 010005bc 00 00 00 00 0 00 00000000 00
[F] 010005c0 00000000
[D] 010005c0 00 00 00 00 0 00 00000000 00
[F] 010005c4 00000000
[D] 010005c4 00 00 00 00 0 00 00000000 00
[F] 010005c8 00000000
[D] 010005c8 00 00 00 00 0 00 00000000 00
[F] 010005cc 00000000
[D] 010005cc 00 00 00 00 0 00 00000000 00
[F] 010005d0 00000000
[D] 010005d0 00 00 00 00 0 00 00000000 00
[F] 010005d4 00000000
[D] 010005d4 00 00 00 00 0 00 00000000 00
[F] 010005d8 00000000
[D] 010005d8 00 00 00 00 0 00 00000000 00
