[F] 01000000 ff0100b7
[D] 01000000 37 01 00 10 0 7f ff010000 10
[F] 01000004 f0008093
[D] 01000004 13 01 01 00 0 78 ffffff00 00
[F] 01000008 0f0f1137
[D] 01000008 37 02 00 10 1 07 0f0f1000 10
[F] 0100000c f0f10113
[D] 0100000c 13 02 02 0f 0 78 ffffff0f 0f
[F] 01000010 0020cf33
[D] 01000010 33 1e 01 02 4 00 00000000 02
[F] 01000014 f00ffeb7
[D] 01000014 37 1d 00 00 7 78 f00ff000 00
[F] 01000018 00fe8e93
[D] 01000018 13 1d 1d 0f 0 00 0000000f 0f
[F] 0100001c 00200193
[D] 0100001c 13 03 00 02 0 00 00000002 02
[F] 01000020 4bdf1063
[D] 01000020 63 00 1e 1d 1 25 000004a0 1d
[F] 01000024 0ff010b7
[D] 01000024 37 01 00 1f 1 07 0ff01000 1f
[F] 01000028 ff008093
[D] 01000028 13 01 01 10 0 7f fffffff0 10
[F] 0100002c f0f0f137
[D] 0100002c 37 02 00 0f 7 78 f0f0f000 0f
[F] 01000030 0f010113
[D] 01000030 13 02 02 10 0 07 000000f0 10
[F] 01000034 0020cf33
[D] 01000034 33 1e 01 02 4 00 00000000 02
[F] 01000038 ff010eb7
[D] 01000038 37 1d 00 10 0 7f ff010000 10
[F] 0100003c f00e8e93
[D] 0100003c 13 1d 1d 00 0 78 ffffff00 00
[F] 01000040 00300193
[D] 01000040 13 03 00 03 0 00 00000003 03
[F] 01000044 47df1e63
[D] 01000044 63 1c 1e 1d 1 23 0000047c 1d
[F] 01000048 00ff00b7
[D] 01000048 37 01 00 0f 0 00 00ff0000 0f
[F] 0100004c 0ff08093
[D] 0100004c 13 01 01 1f 0 07 000000ff 1f
[F] 01000050 0f0f1137
[D] 01000050 37 02 00 10 1 07 0f0f1000 10
[F] 01000054 f0f10113
[D] 01000054 13 02 02 0f 0 78 ffffff0f 0f
[F] 01000058 0020cf33
[D] 01000058 33 1e 01 02 4 00 00000000 02
[F] 0100005c 0ff01eb7
[D] 0100005c 37 1d 00 1f 1 07 0ff01000 1f
[F] 01000060 ff0e8e93
[D] 01000060 13 1d 1d 10 0 7f fffffff0 10
[F] 01000064 00400193
[D] 01000064 13 03 00 04 0 00 00000004 04
[F] 01000068 45df1c63
[D] 01000068 63 18 1e 1d 1 22 00000458 1d
[F] 0100006c f00ff0b7
[D] 0100006c 37 01 00 00 7 78 f00ff000 00
[F] 01000070 00f08093
[D] 01000070 13 01 01 0f 0 00 0000000f 0f
[F] 01000074 f0f0f137
[D] 01000074 37 02 00 0f 7 78 f0f0f000 0f
[F] 01000078 0f010113
[D] 01000078 13 02 02 10 0 07 000000f0 10
[F] 0100007c 0020cf33
[D] 0100007c 33 1e 01 02 4 00 00000000 02
[F] 01000080 00ff0eb7
[D] 01000080 37 1d 00 0f 0 00 00ff0000 0f
[F] 01000084 0ffe8e93
[D] 01000084 13 1d 1d 1f 0 07 000000ff 1f
[F] 01000088 00500193
[D] 01000088 13 03 00 05 0 00 00000005 05
[F] 0100008c 43df1a63
[D] 0100008c 63 14 1e 1d 1 21 00000434 1d
[F] 01000090 ff0100b7
[D] 01000090 37 01 00 10 0 7f ff010000 10
[F] 01000094 f0008093
[D] 01000094 13 01 01 00 0 78 ffffff00 00
[F] 01000098 0f0f1137
[D] 01000098 37 02 00 10 1 07 0f0f1000 10
[F] 0100009c f0f10113
[D] 0100009c 13 02 02 0f 0 78 ffffff0f 0f
[F] 010000a0 0020c0b3
[D] 010000a0 33 01 01 02 4 00 00000000 02
[F] 010000a4 f00ffeb7
[D] 010000a4 37 1d 00 00 7 78 f00ff000 00
[F] 010000a8 00fe8e93
[D] 010000a8 13 1d 1d 0f 0 00 0000000f 0f
[F] 010000ac 00600193
[D] 010000ac 13 03 00 06 0 00 00000006 06
[F] 010000b0 41d09863
[D] 010000b0 63 10 01 1d 1 20 00000410 1d
[F] 010000b4 ff0100b7
[D] 010000b4 37 01 00 10 0 7f ff010000 10
[F] 010000b8 f0008093
[D] 010000b8 13 01 01 00 0 78 ffffff00 00
[F] 010000bc 0f0f1137
[D] 010000bc 37 02 00 10 1 07 0f0f1000 10
[F] 010000c0 f0f10113
[D] 010000c0 13 02 02 0f 0 78 ffffff0f 0f
[F] 010000c4 0020c133
[D] 010000c4 33 02 01 02 4 00 00000000 02
[F] 010000c8 f00ffeb7
[D] 010000c8 37 1d 00 00 7 78 f00ff000 00
[F] 010000cc 00fe8e93
[D] 010000cc 13 1d 1d 0f 0 00 0000000f 0f
[F] 010000d0 00700193
[D] 010000d0 13 03 00 07 0 00 00000007 07
[F] 010000d4 3fd11663
[D] 010000d4 63 0c 02 1d 1 1f 000003ec 1d
[F] 010000d8 ff0100b7
[D] 010000d8 37 01 00 10 0 7f ff010000 10
[F] 010000dc f0008093
[D] 010000dc 13 01 01 00 0 78 ffffff00 00
[F] 010000e0 0010c0b3
[D] 010000e0 33 01 01 01 4 00 00000000 01
[F] 010000e4 00000e93
[D] 010000e4 13 1d 00 00 0 00 00000000 00
[F] 010000e8 00800193
[D] 010000e8 13 03 00 08 0 00 00000008 08
[F] 010000ec 3dd09a63
[D] 010000ec 63 14 01 1d 1 1e 000003d4 1d
[F] 010000f0 00000213
[D] 010000f0 13 04 00 00 0 00 00000000 00
[F] 010000f4 ff0100b7
[D] 010000f4 37 01 00 10 0 7f ff010000 10
[F] 010000f8 f0008093
[D] 010000f8 13 01 01 00 0 78 ffffff00 00
[F] 010000fc 0f0f1137
[D] 010000fc 37 02 00 10 1 07 0f0f1000 10
[F] 01000100 f0f10113
[D] 01000100 13 02 02 0f 0 78 ffffff0f 0f
[F] 01000104 0020cf33
[D] 01000104 33 1e 01 02 4 00 00000000 02
[F] 01000108 000f0313
[D] 01000108 13 06 1e 00 0 00 00000000 00
[F] 0100010c 00120213
[D] 0100010c 13 04 04 01 0 00 00000001 01
[F] 01000110 00200293
[D] 01000110 13 05 00 02 0 00 00000002 02
[F] 01000114 fe5210e3
[D] 01000114 63 01 04 05 1 7f ffffffe0 05
[F] 01000118 f00ffeb7
[D] 01000118 37 1d 00 00 7 78 f00ff000 00
[F] 0100011c 00fe8e93
[D] 0100011c 13 1d 1d 0f 0 00 0000000f 0f
[F] 01000120 00900193
[D] 01000120 13 03 00 09 0 00 00000009 09
[F] 01000124 39d31e63
[D] 01000124 63 1c 06 1d 1 1c 0000039c 1d
[F] 01000128 00000213
[D] 01000128 13 04 00 00 0 00 00000000 00
[F] 0100012c 0ff010b7
[D] 0100012c 37 01 00 1f 1 07 0ff01000 1f
[F] 01000130 ff008093
[D] 01000130 13 01 01 10 0 7f fffffff0 10
[F] 01000134 f0f0f137
[D] 01000134 37 02 00 0f 7 78 f0f0f000 0f
[F] 01000138 0f010113
[D] 01000138 13 02 02 10 0 07 000000f0 10
[F] 0100013c 0020cf33
[D] 0100013c 33 1e 01 02 4 00 00000000 02
[F] 01000140 00000013
[D] 01000140 13 00 00 00 0 00 00000000 00
[F] 01000144 000f0313
[D] 01000144 13 06 1e 00 0 00 00000000 00
[F] 01000148 00120213
[D] 01000148 13 04 04 01 0 00 00000001 01
[F] 0100014c 00200293
[D] 0100014c 13 05 00 02 0 00 00000002 02
[F] 01000150 fc521ee3
[D] 01000150 63 1d 04 05 1 7e ffffffdc 05
[F] 01000154 ff010eb7
[D] 01000154 37 1d 00 10 0 7f ff010000 10
[F] 01000158 f00e8e93
[D] 01000158 13 1d 1d 00 0 78 ffffff00 00
[F] 0100015c 00a00193
[D] 0100015c 13 03 00 0a 0 00 0000000a 0a
[F] 01000160 37d31063
[D] 01000160 63 00 06 1d 1 1b 00000360 1d
[F] 01000164 00000213
[D] 01000164 13 04 00 00 0 00 00000000 00
[F] 01000168 00ff00b7
[D] 01000168 37 01 00 0f 0 00 00ff0000 0f
[F] 0100016c 0ff08093
[D] 0100016c 13 01 01 1f 0 07 000000ff 1f
[F] 01000170 0f0f1137
[D] 01000170 37 02 00 10 1 07 0f0f1000 10
[F] 01000174 f0f10113
[D] 01000174 13 02 02 0f 0 78 ffffff0f 0f
[F] 01000178 0020cf33
[D] 01000178 33 1e 01 02 4 00 00000000 02
[F] 0100017c 00000013
[D] 0100017c 13 00 00 00 0 00 00000000 00
[F] 01000180 00000013
[D] 01000180 13 00 00 00 0 00 00000000 00
[F] 01000184 000f0313
[D] 01000184 13 06 1e 00 0 00 00000000 00
[F] 01000188 00120213
[D] 01000188 13 04 04 01 0 00 00000001 01
[F] 0100018c 00200293
[D] 0100018c 13 05 00 02 0 00 00000002 02
[F] 01000190 fc521ce3
[D] 01000190 63 19 04 05 1 7e ffffffd8 05
[F] 01000194 0ff01eb7
[D] 01000194 37 1d 00 1f 1 07 0ff01000 1f
[F] 01000198 ff0e8e93
[D] 01000198 13 1d 1d 10 0 7f fffffff0 10
[F] 0100019c 00b00193
[D] 0100019c 13 03 00 0b 0 00 0000000b 0b
[F] 010001a0 33d31063
[D] 010001a0 63 00 06 1d 1 19 00000320 1d
[F] 010001a4 00000213
[D] 010001a4 13 04 00 00 0 00 00000000 00
[F] 010001a8 ff0100b7
[D] 010001a8 37 01 00 10 0 7f ff010000 10
[F] 010001ac f0008093
[D] 010001ac 13 01 01 00 0 78 ffffff00 00
[F] 010001b0 0f0f1137
[D] 010001b0 37 02 00 10 1 07 0f0f1000 10
[F] 010001b4 f0f10113
[D] 010001b4 13 02 02 0f 0 78 ffffff0f 0f
[F] 010001b8 0020cf33
[D] 010001b8 33 1e 01 02 4 00 00000000 02
[F] 010001bc 00120213
[D] 010001bc 13 04 04 01 0 00 00000001 01
[F] 010001c0 00200293
[D] 010001c0 13 05 00 02 0 00 00000002 02
[F] 010001c4 fe5212e3
[D] 010001c4 63 05 04 05 1 7f ffffffe4 05
[F] 010001c8 f00ffeb7
[D] 010001c8 37 1d 00 00 7 78 f00ff000 00
[F] 010001cc 00fe8e93
[D] 010001cc 13 1d 1d 0f 0 00 0000000f 0f
[F] 010001d0 00c00193
[D] 010001d0 13 03 00 0c 0 00 0000000c 0c
[F] 010001d4 2fdf1663
[D] 010001d4 63 0c 1e 1d 1 17 000002ec 1d
[F] 010001d8 00000213
[D] 010001d8 13 04 00 00 0 00 00000000 00
[F] 010001dc 0ff010b7
[D] 010001dc 37 01 00 1f 1 07 0ff01000 1f
[F] 010001e0 ff008093
[D] 010001e0 13 01 01 10 0 7f fffffff0 10
[F] 010001e4 f0f0f137
[D] 010001e4 37 02 00 0f 7 78 f0f0f000 0f
[F] 010001e8 0f010113
[D] 010001e8 13 02 02 10 0 07 000000f0 10
[F] 010001ec 00000013
[D] 010001ec 13 00 00 00 0 00 00000000 00
[F] 010001f0 0020cf33
[D] 010001f0 33 1e 01 02 4 00 00000000 02
[F] 010001f4 00120213
[D] 010001f4 13 04 04 01 0 00 00000001 01
[F] 010001f8 00200293
[D] 010001f8 13 05 00 02 0 00 00000002 02
[F] 010001fc fe5210e3
[D] 010001fc 63 01 04 05 1 7f ffffffe0 05
[F] 01000200 ff010eb7
[D] 01000200 37 1d 00 10 0 7f ff010000 10
[F] 01000204 f00e8e93
[D] 01000204 13 1d 1d 00 0 78 ffffff00 00
[F] 01000208 00d00193
[D] 01000208 13 03 00 0d 0 00 0000000d 0d
[F] 0100020c 2bdf1a63
[D] 0100020c 63 14 1e 1d 1 15 000002b4 1d
[F] 01000210 00000213
[D] 01000210 13 04 00 00 0 00 00000000 00
[F] 01000214 00ff00b7
[D] 01000214 37 01 00 0f 0 00 00ff0000 0f
[F] 01000218 0ff08093
[D] 01000218 13 01 01 1f 0 07 000000ff 1f
[F] 0100021c 0f0f1137
[D] 0100021c 37 02 00 10 1 07 0f0f1000 10
[F] 01000220 f0f10113
[D] 01000220 13 02 02 0f 0 78 ffffff0f 0f
[F] 01000224 00000013
[D] 01000224 13 00 00 00 0 00 00000000 00
[F] 01000228 00000013
[D] 01000228 13 00 00 00 0 00 00000000 00
[F] 0100022c 0020cf33
[D] 0100022c 33 1e 01 02 4 00 00000000 02
[F] 01000230 00120213
[D] 01000230 13 04 04 01 0 00 00000001 01
[F] 01000234 00200293
[D] 01000234 13 05 00 02 0 00 00000002 02
[F] 01000238 fc521ee3
[D] 01000238 63 1d 04 05 1 7e ffffffdc 05
[F] 0100023c 0ff01eb7
[D] 0100023c 37 1d 00 1f 1 07 0ff01000 1f
[F] 01000240 ff0e8e93
[D] 01000240 13 1d 1d 10 0 7f fffffff0 10
[F] 01000244 00e00193
[D] 01000244 13 03 00 0e 0 00 0000000e 0e
[F] 01000248 27df1c63
[D] 01000248 63 18 1e 1d 1 13 00000278 1d
[F] 0100024c 00000213
[D] 0100024c 13 04 00 00 0 00 00000000 00
[F] 01000250 ff0100b7
[D] 01000250 37 01 00 10 0 7f ff010000 10
[F] 01000254 f0008093
[D] 01000254 13 01 01 00 0 78 ffffff00 00
[F] 01000258 00000013
[D] 01000258 13 00 00 00 0 00 00000000 00
[F] 0100025c 0f0f1137
[D] 0100025c 37 02 00 10 1 07 0f0f1000 10
[F] 01000260 f0f10113
[D] 01000260 13 02 02 0f 0 78 ffffff0f 0f
[F] 01000264 0020cf33
[D] 01000264 33 1e 01 02 4 00 00000000 02
[F] 01000268 00120213
[D] 01000268 13 04 04 01 0 00 00000001 01
[F] 0100026c 00200293
[D] 0100026c 13 05 00 02 0 00 00000002 02
[F] 01000270 fe5210e3
[D] 01000270 63 01 04 05 1 7f ffffffe0 05
[F] 01000274 f00ffeb7
[D] 01000274 37 1d 00 00 7 78 f00ff000 00
[F] 01000278 00fe8e93
[D] 01000278 13 1d 1d 0f 0 00 0000000f 0f
[F] 0100027c 00f00193
[D] 0100027c 13 03 00 0f 0 00 0000000f 0f
[F] 01000280 25df1063
[D] 01000280 63 00 1e 1d 1 12 00000240 1d
[F] 01000284 00000213
[D] 01000284 13 04 00 00 0 00 00000000 00
[F] 01000288 0ff010b7
[D] 01000288 37 01 00 1f 1 07 0ff01000 1f
[F] 0100028c ff008093
[D] 0100028c 13 01 01 10 0 7f fffffff0 10
[F] 01000290 00000013
[D] 01000290 13 00 00 00 0 00 00000000 00
[F] 01000294 f0f0f137
[D] 01000294 37 02 00 0f 7 78 f0f0f000 0f
[F] 01000298 0f010113
[D] 01000298 13 02 02 10 0 07 000000f0 10
[F] 0100029c 00000013
[D] 0100029c 13 00 00 00 0 00 00000000 00
[F] 010002a0 0020cf33
[D] 010002a0 33 1e 01 02 4 00 00000000 02
[F] 010002a4 00120213
[D] 010002a4 13 04 04 01 0 00 00000001 01
[F] 010002a8 00200293
[D] 010002a8 13 05 00 02 0 00 00000002 02
[F] 010002ac fc521ee3
[D] 010002ac 63 1d 04 05 1 7e ffffffdc 05
[F] 010002b0 ff010eb7
[D] 010002b0 37 1d 00 10 0 7f ff010000 10
[F] 010002b4 f00e8e93
[D] 010002b4 13 1d 1d 00 0 78 ffffff00 00
[F] 010002b8 01000193
[D] 010002b8 13 03 00 10 0 00 00000010 10
[F] 010002bc 21df1263
[D] 010002bc 63 04 1e 1d 1 10 00000204 1d
[F] 010002c0 00000213
[D] 010002c0 13 04 00 00 0 00 00000000 00
[F] 010002c4 00ff00b7
[D] 010002c4 37 01 00 0f 0 00 00ff0000 0f
[F] 010002c8 0ff08093
[D] 010002c8 13 01 01 1f 0 07 000000ff 1f
[F] 010002cc 00000013
[D] 010002cc 13 00 00 00 0 00 00000000 00
[F] 010002d0 00000013
[D] 010002d0 13 00 00 00 0 00 00000000 00
[F] 010002d4 0f0f1137
[D] 010002d4 37 02 00 10 1 07 0f0f1000 10
[F] 010002d8 f0f10113
[D] 010002d8 13 02 02 0f 0 78 ffffff0f 0f
[F] 010002dc 0020cf33
[D] 010002dc 33 1e 01 02 4 00 00000000 02
[F] 010002e0 00120213
[D] 010002e0 13 04 04 01 0 00 00000001 01
[F] 010002e4 00200293
[D] 010002e4 13 05 00 02 0 00 00000002 02
[F] 010002e8 fc521ee3
[D] 010002e8 63 1d 04 05 1 7e ffffffdc 05
[F] 010002ec 0ff01eb7
[D] 010002ec 37 1d 00 1f 1 07 0ff01000 1f
[F] 010002f0 ff0e8e93
[D] 010002f0 13 1d 1d 10 0 7f fffffff0 10
[F] 010002f4 01100193
[D] 010002f4 13 03 00 11 0 00 00000011 11
[F] 010002f8 1ddf1463
[D] 010002f8 63 08 1e 1d 1 0e 000001c8 1d
[F] 010002fc 00000213
[D] 010002fc 13 04 00 00 0 00 00000000 00
[F] 01000300 0f0f1137
[D] 01000300 37 02 00 10 1 07 0f0f1000 10
[F] 01000304 f0f10113
[D] 01000304 13 02 02 0f 0 78 ffffff0f 0f
[F] 01000308 ff0100b7
[D] 01000308 37 01 00 10 0 7f ff010000 10
[F] 0100030c f0008093
[D] 0100030c 13 01 01 00 0 78 ffffff00 00
[F] 01000310 0020cf33
[D] 01000310 33 1e 01 02 4 00 00000000 02
[F] 01000314 00120213
[D] 01000314 13 04 04 01 0 00 00000001 01
[F] 01000318 00200293
[D] 01000318 13 05 00 02 0 00 00000002 02
[F] 0100031c fe5212e3
[D] 0100031c 63 05 04 05 1 7f ffffffe4 05
[F] 01000320 f00ffeb7
[D] 01000320 37 1d 00 00 7 78 f00ff000 00
[F] 01000324 00fe8e93
[D] 01000324 13 1d 1d 0f 0 00 0000000f 0f
[F] 01000328 01200193
[D] 01000328 13 03 00 12 0 00 00000012 12
[F] 0100032c 19df1a63
[D] 0100032c 63 14 1e 1d 1 0c 00000194 1d
[F] 01000330 00000213
[D] 01000330 13 04 00 00 0 00 00000000 00
[F] 01000334 f0f0f137
[D] 01000334 37 02 00 0f 7 78 f0f0f000 0f
[F] 01000338 0f010113
[D] 01000338 13 02 02 10 0 07 000000f0 10
[F] 0100033c 0ff010b7
[D] 0100033c 37 01 00 1f 1 07 0ff01000 1f
[F] 01000340 ff008093
[D] 01000340 13 01 01 10 0 7f fffffff0 10
[F] 01000344 00000013
[D] 01000344 13 00 00 00 0 00 00000000 00
[F] 01000348 0020cf33
[D] 01000348 33 1e 01 02 4 00 00000000 02
[F] 0100034c 00120213
[D] 0100034c 13 04 04 01 0 00 00000001 01
[F] 01000350 00200293
[D] 01000350 13 05 00 02 0 00 00000002 02
[F] 01000354 fe5210e3
[D] 01000354 63 01 04 05 1 7f ffffffe0 05
[F] 01000358 ff010eb7
[D] 01000358 37 1d 00 10 0 7f ff010000 10
[F] 0100035c f00e8e93
[D] 0100035c 13 1d 1d 00 0 78 ffffff00 00
[F] 01000360 01300193
[D] 01000360 13 03 00 13 0 00 00000013 13
[F] 01000364 15df1e63
[D] 01000364 63 1c 1e 1d 1 0a 0000015c 1d
[F] 01000368 00000213
[D] 01000368 13 04 00 00 0 00 00000000 00
[F] 0100036c 0f0f1137
[D] 0100036c 37 02 00 10 1 07 0f0f1000 10
[F] 01000370 f0f10113
[D] 01000370 13 02 02 0f 0 78 ffffff0f 0f
[F] 01000374 00ff00b7
[D] 01000374 37 01 00 0f 0 00 00ff0000 0f
[F] 01000378 0ff08093
[D] 01000378 13 01 01 1f 0 07 000000ff 1f
[F] 0100037c 00000013
[D] 0100037c 13 00 00 00 0 00 00000000 00
[F] 01000380 00000013
[D] 01000380 13 00 00 00 0 00 00000000 00
[F] 01000384 0020cf33
[D] 01000384 33 1e 01 02 4 00 00000000 02
[F] 01000388 00120213
[D] 01000388 13 04 04 01 0 00 00000001 01
[F] 0100038c 00200293
[D] 0100038c 13 05 00 02 0 00 00000002 02
[F] 01000390 fc521ee3
[D] 01000390 63 1d 04 05 1 7e ffffffdc 05
[F] 01000394 0ff01eb7
[D] 01000394 37 1d 00 1f 1 07 0ff01000 1f
[F] 01000398 ff0e8e93
[D] 01000398 13 1d 1d 10 0 7f fffffff0 10
[F] 0100039c 01400193
[D] 0100039c 13 03 00 14 0 00 00000014 14
[F] 010003a0 13df1063
[D] 010003a0 63 00 1e 1d 1 09 00000120 1d
[F] 010003a4 00000213
[D] 010003a4 13 04 00 00 0 00 00000000 00
[F] 010003a8 0f0f1137
[D] 010003a8 37 02 00 10 1 07 0f0f1000 10
[F] 010003ac f0f10113
[D] 010003ac 13 02 02 0f 0 78 ffffff0f 0f
[F] 010003b0 00000013
[D] 010003b0 13 00 00 00 0 00 00000000 00
[F] 010003b4 ff0100b7
[D] 010003b4 37 01 00 10 0 7f ff010000 10
[F] 010003b8 f0008093
[D] 010003b8 13 01 01 00 0 78 ffffff00 00
[F] 010003bc 0020cf33
[D] 010003bc 33 1e 01 02 4 00 00000000 02
[F] 010003c0 00120213
[D] 010003c0 13 04 04 01 0 00 00000001 01
[F] 010003c4 00200293
[D] 010003c4 13 05 00 02 0 00 00000002 02
[F] 010003c8 fe5210e3
[D] 010003c8 63 01 04 05 1 7f ffffffe0 05
[F] 010003cc f00ffeb7
[D] 010003cc 37 1d 00 00 7 78 f00ff000 00
[F] 010003d0 00fe8e93
[D] 010003d0 13 1d 1d 0f 0 00 0000000f 0f
[F] 010003d4 01500193
[D] 010003d4 13 03 00 15 0 00 00000015 15
[F] 010003d8 0fdf1463
[D] 010003d8 63 08 1e 1d 1 07 000000e8 1d
[F] 010003dc 00000213
[D] 010003dc 13 04 00 00 0 00 00000000 00
[F] 010003e0 f0f0f137
[D] 010003e0 37 02 00 0f 7 78 f0f0f000 0f
[F] 010003e4 0f010113
[D] 010003e4 13 02 02 10 0 07 000000f0 10
[F] 010003e8 00000013
[D] 010003e8 13 00 00 00 0 00 00000000 00
[F] 010003ec 0ff010b7
[D] 010003ec 37 01 00 1f 1 07 0ff01000 1f
[F] 010003f0 ff008093
[D] 010003f0 13 01 01 10 0 7f fffffff0 10
[F] 010003f4 00000013
[D] 010003f4 13 00 00 00 0 00 00000000 00
[F] 010003f8 0020cf33
[D] 010003f8 33 1e 01 02 4 00 00000000 02
[F] 010003fc 00120213
[D] 010003fc 13 04 04 01 0 00 00000001 01
[F] 01000400 00200293
[D] 01000400 13 05 00 02 0 00 00000002 02
[F] 01000404 fc521ee3
[D] 01000404 63 1d 04 05 1 7e ffffffdc 05
[F] 01000408 ff010eb7
[D] 01000408 37 1d 00 10 0 7f ff010000 10
[F] 0100040c f00e8e93
[D] 0100040c 13 1d 1d 00 0 78 ffffff00 00
[F] 01000410 01600193
[D] 01000410 13 03 00 16 0 00 00000016 16
[F] 01000414 0bdf1663
[D] 01000414 63 0c 1e 1d 1 05 000000ac 1d
[F] 01000418 00000213
[D] 01000418 13 04 00 00 0 00 00000000 00
[F] 0100041c 0f0f1137
[D] 0100041c 37 02 00 10 1 07 0f0f1000 10
[F] 01000420 f0f10113
[D] 01000420 13 02 02 0f 0 78 ffffff0f 0f
[F] 01000424 00000013
[D] 01000424 13 00 00 00 0 00 00000000 00
[F] 01000428 00000013
[D] 01000428 13 00 00 00 0 00 00000000 00
[F] 0100042c 00ff00b7
[D] 0100042c 37 01 00 0f 0 00 00ff0000 0f
[F] 01000430 0ff08093
[D] 01000430 13 01 01 1f 0 07 000000ff 1f
[F] 01000434 0020cf33
[D] 01000434 33 1e 01 02 4 00 00000000 02
[F] 01000438 00120213
[D] 01000438 13 04 04 01 0 00 00000001 01
[F] 0100043c 00200293
[D] 0100043c 13 05 00 02 0 00 00000002 02
[F] 01000440 fc521ee3
[D] 01000440 63 1d 04 05 1 7e ffffffdc 05
[F] 01000444 0ff01eb7
[D] 01000444 37 1d 00 1f 1 07 0ff01000 1f
[F] 01000448 ff0e8e93
[D] 01000448 13 1d 1d 10 0 7f fffffff0 10
[F] 0100044c 01700193
[D] 0100044c 13 03 00 17 0 00 00000017 17
[F] 01000450 07df1863
[D] 01000450 63 10 1e 1d 1 03 00000070 1d
[F] 01000454 ff0100b7
[D] 01000454 37 01 00 10 0 7f ff010000 10
[F] 01000458 f0008093
[D] 01000458 13 01 01 00 0 78 ffffff00 00
[F] 0100045c 00104133
[D] 0100045c 33 02 00 01 4 00 00000000 01
[F] 01000460 ff010eb7
[D] 01000460 37 1d 00 10 0 7f ff010000 10
[F] 01000464 f00e8e93
[D] 01000464 13 1d 1d 00 0 78 ffffff00 00
[F] 01000468 01800193
[D] 01000468 13 03 00 18 0 00 00000018 18
[F] 0100046c 05d11a63
[D] 0100046c 63 14 02 1d 1 02 00000054 1d
[F] 01000470 00ff00b7
[D] 01000470 37 01 00 0f 0 00 00ff0000 0f
[F] 01000474 0ff08093
[D] 01000474 13 01 01 1f 0 07 000000ff 1f
[F] 01000478 0000c133
[D] 01000478 33 02 01 00 4 00 00000000 00
[F] 0100047c 00ff0eb7
[D] 0100047c 37 1d 00 0f 0 00 00ff0000 0f
[F] 01000480 0ffe8e93
[D] 01000480 13 1d 1d 1f 0 07 000000ff 1f
[F] 01000484 01900193
[D] 01000484 13 03 00 19 0 00 00000019 19
[F] 01000488 03d11c63
[D] 01000488 63 18 02 1d 1 01 00000038 1d
[F] 0100048c 000040b3
[D] 0100048c 33 01 00 00 4 00 00000000 00
[F] 01000490 00000e93
[D] 01000490 13 1d 00 00 0 00 00000000 00
[F] 01000494 01a00193
[D] 01000494 13 03 00 1a 0 00 0000001a 1a
[F] 01000498 03d09463
[D] 01000498 63 08 01 1d 1 01 00000028 1d
[F] 0100049c 111110b7
[D] 0100049c 37 01 00 11 1 08 11111000 11
[F] 010004a0 11108093
[D] 010004a0 13 01 01 11 0 08 00000111 11
[F] 010004a4 22222137
[D] 010004a4 37 02 00 02 2 11 22222000 02
[F] 010004a8 22210113
[D] 010004a8 13 02 02 02 0 11 00000222 02
[F] 010004ac 0020c033
[D] 010004ac 33 00 01 02 4 00 00000000 02
[F] 010004b0 00000e93
[D] 010004b0 13 1d 00 00 0 00 00000000 00
[F] 010004b4 01b00193
[D] 010004b4 13 03 00 1b 0 00 0000001b 1b
[F] 010004b8 01d01463
[D] 010004b8 63 08 00 1d 1 00 00000008 1d
[F] 010004bc 00301c63
[D] 010004bc 63 18 00 03 1 00 00000018 03
[F] 010004c0 0ff0000f
[D] 010004c0 0f 00 00 1f 0 07 00000000 1f
[F] 010004c4 00018063
[D] 010004c4 63 00 03 00 0 00 00000000 00
[F] 010004c8 00119193
[D] 010004c8 13 03 03 01 1 00 00000001 01
[F] 010004cc 0011e193
[D] 010004cc 13 03 03 01 6 00 00000001 01
[F] 010004d0 00000073
[D] 010004d0 73 00 00 00 0 00 00000000 00
[F] 010004d4 0ff0000f
[D] 010004d4 0f 00 00 1f 0 07 00000000 1f
[F] 010004d8 00100193
[D] 010004d8 13 03 00 01 0 00 00000001 01
[F] 010004dc 00000073
[D] 010004dc 73 00 00 00 0 00 00000000 00
[F] 010004e0 c0001073
[D] 010004e0 73 00 00 00 1 60 00000000 00
[F] 010004e4 00000000
[D] 010004e4 00 00 00 00 0 00 00000000 00
[F] 010004e8 00000000
[D] 010004e8 00 00 00 00 0 00 00000000 00
[F] 010004ec 00000000
[D] 010004ec 00 00 00 00 0 00 00000000 00
[F] 010004f0 00000000
[D] 010004f0 00 00 00 00 0 00 00000000 00
[F] 010004f4 00000000
[D] 010004f4 00 00 00 00 0 00 00000000 00
[F] 010004f8 00000000
[D] 010004f8 00 00 00 00 0 00 00000000 00
[F] 010004fc 00000000
[D] 010004fc 00 00 00 00 0 00 00000000 00
[F] 01000500 00000000
[D] 01000500 00 00 00 00 0 00 00000000 00
[F] 01000504 00000000
[D] 01000504 00 00 00 00 0 00 00000000 00
[F] 01000508 00000000
[D] 01000508 00 00 00 00 0 00 00000000 00
[F] 0100050c 00000000
[D] 0100050c 00 00 00 00 0 00 00000000 00
[F] 01000510 00000000
[D] 01000510 00 00 00 00 0 00 00000000 00
[F] 01000514 00000000
[D] 01000514 00 00 00 00 0 00 00000000 00
[F] 01000518 00000000
[D] 01000518 00 00 00 00 0 00 00000000 00
[F] 0100051c 00000000
[D] 0100051c 00 00 00 00 0 00 00000000 00
[F] 01000520 00000000
[D] 01000520 00 00 00 00 0 00 00000000 00
[F] 01000524 00000000
[D] 01000524 00 00 00 00 0 00 00000000 00
[F] 01000528 00000000
[D] 01000528 00 00 00 00 0 00 00000000 00
[F] 0100052c 00000000
[D] 0100052c 00 00 00 00 0 00 00000000 00
[F] 01000530 00000000
[D] 01000530 00 00 00 00 0 00 00000000 00
[F] 01000534 00000000
[D] 01000534 00 00 00 00 0 00 00000000 00
[F] 01000538 00000000
[D] 01000538 00 00 00 00 0 00 00000000 00
[F] 0100053c 00000000
[D] 0100053c 00 00 00 00 0 00 00000000 00
[F] 01000540 00000000
[D] 01000540 00 00 00 00 0 00 00000000 00
[F] 01000544 00000000
[D] 01000544 00 00 00 00 0 00 00000000 00
[F] 01000548 00000000
[D] 01000548 00 00 00 00 0 00 00000000 00
[F] 0100054c 00000000
[D] 0100054c 00 00 00 00 0 00 00000000 00
[F] 01000550 00000000
[D] 01000550 00 00 00 00 0 00 00000000 00
[F] 01000554 00000000
[D] 01000554 00 00 00 00 0 00 00000000 00
[F] 01000558 00000000
[D] 01000558 00 00 00 00 0 00 00000000 00
[F] 0100055c 00000000
[D] 0100055c 00 00 00 00 0 00 00000000 00
[F] 01000560 00000000
[D] 01000560 00 00 00 00 0 00 00000000 00
[F] 01000564 00000000
[D] 01000564 00 00 00 00 0 00 00000000 00
[F] 01000568 00000000
[D] 01000568 00 00 00 00 0 00 00000000 00
[F] 0100056c 00000000
[D] 0100056c 00 00 00 00 0 00 00000000 00
[F] 01000570 00000000
[D] 01000570 00 00 00 00 0 00 00000000 00
[F] 01000574 00000000
[D] 01000574 00 00 00 00 0 00 00000000 00
[F] 01000578 00000000
[D] 01000578 00 00 00 00 0 00 00000000 00
[F] 0100057c 00000000
[D] 0100057c 00 00 00 00 0 00 00000000 00
[F] 01000580 00000000
[D] 01000580 00 00 00 00 0 00 00000000 00
[F] 01000584 00000000
[D] 01000584 00 00 00 00 0 00 00000000 00
[F] 01000588 00000000
[D] 01000588 00 00 00 00 0 00 00000000 00
[F] 0100058c 00000000
[D] 0100058c 00 00 00 00 0 00 00000000 00
[F] 01000590 00000000
[D] 01000590 00 00 00 00 0 00 00000000 00
[F] 01000594 00000000
[D] 01000594 00 00 00 00 0 00 00000000 00
[F] 01000598 00000000
[D] 01000598 00 00 00 00 0 00 00000000 00
[F] 0100059c 00000000
[D] 0100059c 00 00 00 00 0 00 00000000 00
[F] 010005a0 00000000
[D] 010005a0 00 00 00 00 0 00 00000000 00
[F] 010005a4 00000000
[D] 010005a4 00 00 00 00 0 00 00000000 00
[F] 010005a8 00000000
[D] 010005a8 00 00 00 00 0 00 00000000 00
[F] 010005ac 00000000
[D] 010005ac 00 00 00 00 0 00 00000000 00
[F] 010005b0 00000000
[D] 010005b0 00 00 00 00 0 00 00000000 00
[F] 010005b4 00000000
[D] 010005b4 00 00 00 00 0 00 00000000 00
[F] 010005b8 00000000
[D] 010005b8 00 00 00 00 0 00 00000000 00
[F] 010005bc 00000000
[D] 010005bc 00 00 00 00 0 00 00000000 00
[F] 010005c0 00000000
[D] 010005c0 00 00 00 00 0 00 00000000 00
[F] 010005c4 00000000
[D] 010005c4 00 00 00 00 0 00 00000000 00
[F] 010005c8 00000000
[D] 010005c8 00 00 00 00 0 00 00000000 00
[F] 010005cc 00000000
[D] 010005cc 00 00 00 00 0 00 00000000 00
[F] 010005d0 00000000
[D] 010005d0 00 00 00 00 0 00 00000000 00
[F] 010005d4 00000000
[D] 010005d4 00 00 00 00 0 00 00000000 00
[F] 010005d8 00000000
[D] 010005d8 00 00 00 00 0 00 00000000 00
