[F] 01000000 00200193
[D] 01000000 13 03 00 02 0 00 00000002 02
[F] 01000004 00000093
[D] 01000004 13 01 00 00 0 00 00000000 00
[F] 01000008 00000113
[D] 01000008 13 02 00 00 0 00 00000000 00
[F] 0100000c 0020d663
[D] 0100000c 63 0c 01 02 5 00 0000000c 02
[F] 01000010 30301863
[D] 01000010 63 10 00 03 1 18 00000310 03
[F] 01000014 00301663
[D] 01000014 63 0c 00 03 1 00 0000000c 03
[F] 01000018 fe20dee3
[D] 01000018 63 1d 01 02 5 7f fffffffc 02
[F] 0100001c 30301263
[D] 0100001c 63 04 00 03 1 18 00000304 03
[F] 01000020 00300193
[D] 01000020 13 03 00 03 0 00 00000003 03
[F] 01000024 00100093
[D] 01000024 13 01 00 01 0 00 00000001 01
[F] 01000028 00100113
[D] 01000028 13 02 00 01 0 00 00000001 01
[F] 0100002c 0020d663
[D] 0100002c 63 0c 01 02 5 00 0000000c 02
[F] 01000030 2e301863
[D] 01000030 63 10 00 03 1 17 000002f0 03
[F] 01000034 00301663
[D] 01000034 63 0c 00 03 1 00 0000000c 03
[F] 01000038 fe20dee3
[D] 01000038 63 1d 01 02 5 7f fffffffc 02
[F] 0100003c 2e301263
[D] 0100003c 63 04 00 03 1 17 000002e4 03
[F] 01000040 00400193
[D] 01000040 13 03 00 04 0 00 00000004 04
[F] 01000044 fff00093
[D] 01000044 13 01 00 1f 0 7f ffffffff 1f
[F] 01000048 fff00113
[D] 01000048 13 02 00 1f 0 7f ffffffff 1f
[F] 0100004c 0020d663
[D] 0100004c 63 0c 01 02 5 00 0000000c 02
[F] 01000050 2c301863
[D] 01000050 63 10 00 03 1 16 000002d0 03
[F] 01000054 00301663
[D] 01000054 63 0c 00 03 1 00 0000000c 03
[F] 01000058 fe20dee3
[D] 01000058 63 1d 01 02 5 7f fffffffc 02
[F] 0100005c 2c301263
[D] 0100005c 63 04 00 03 1 16 000002c4 03
[F] 01000060 00500193
[D] 01000060 13 03 00 05 0 00 00000005 05
[F] 01000064 00100093
[D] 01000064 13 01 00 01 0 00 00000001 01
[F] 01000068 00000113
[D] 01000068 13 02 00 00 0 00 00000000 00
[F] 0100006c 0020d663
[D] 0100006c 63 0c 01 02 5 00 0000000c 02
[F] 01000070 2a301863
[D] 01000070 63 10 00 03 1 15 000002b0 03
[F] 01000074 00301663
[D] 01000074 63 0c 00 03 1 00 0000000c 03
[F] 01000078 fe20dee3
[D] 01000078 63 1d 01 02 5 7f fffffffc 02
[F] 0100007c 2a301263
[D] 0100007c 63 04 00 03 1 15 000002a4 03
[F] 01000080 00600193
[D] 01000080 13 03 00 06 0 00 00000006 06
[F] 01000084 00100093
[D] 01000084 13 01 00 01 0 00 00000001 01
[F] 01000088 fff00113
[D] 01000088 13 02 00 1f 0 7f ffffffff 1f
[F] 0100008c 0020d663
[D] 0100008c 63 0c 01 02 5 00 0000000c 02
[F] 01000090 28301863
[D] 01000090 63 10 00 03 1 14 00000290 03
[F] 01000094 00301663
[D] 01000094 63 0c 00 03 1 00 0000000c 03
[F] 01000098 fe20dee3
[D] 01000098 63 1d 01 02 5 7f fffffffc 02
[F] 0100009c 28301263
[D] 0100009c 63 04 00 03 1 14 00000284 03
[F] 010000a0 00700193
[D] 010000a0 13 03 00 07 0 00 00000007 07
[F] 010000a4 fff00093
[D] 010000a4 13 01 00 1f 0 7f ffffffff 1f
[F] 010000a8 ffe00113
[D] 010000a8 13 02 00 1e 0 7f fffffffe 1e
[F] 010000ac 0020d663
[D] 010000ac 63 0c 01 02 5 00 0000000c 02
[F] 010000b0 26301863
[D] 010000b0 63 10 00 03 1 13 00000270 03
[F] 010000b4 00301663
[D] 010000b4 63 0c 00 03 1 00 0000000c 03
[F] 010000b8 fe20dee3
[D] 010000b8 63 1d 01 02 5 7f fffffffc 02
[F] 010000bc 26301263
[D] 010000bc 63 04 00 03 1 13 00000264 03
[F] 010000c0 00800193
[D] 010000c0 13 03 00 08 0 00 00000008 08
[F] 010000c4 00000093
[D] 010000c4 13 01 00 00 0 00 00000000 00
[F] 010000c8 00100113
[D] 010000c8 13 02 00 01 0 00 00000001 01
[F] 010000cc 0020d463
[D] 010000cc 63 08 01 02 5 00 00000008 02
[F] 010000d0 00301463
[D] 010000d0 63 08 00 03 1 00 00000008 03
[F] 010000d4 24301663
[D] 010000d4 63 0c 00 03 1 12 0000024c 03
[F] 010000d8 fe20dee3
[D] 010000d8 63 1d 01 02 5 7f fffffffc 02
[F] 010000dc 00900193
[D] 010000dc 13 03 00 09 0 00 00000009 09
[F] 010000e0 fff00093
[D] 010000e0 13 01 00 1f 0 7f ffffffff 1f
[F] 010000e4 00100113
[D] 010000e4 13 02 00 01 0 00 00000001 01
[F] 010000e8 0020d463
[D] 010000e8 63 08 01 02 5 00 00000008 02
[F] 010000ec 00301463
[D] 010000ec 63 08 00 03 1 00 00000008 03
[F] 010000f0 22301863
[D] 010000f0 63 10 00 03 1 11 00000230 03
[F] 010000f4 fe20dee3
[D] 010000f4 63 1d 01 02 5 7f fffffffc 02
[F] 010000f8 00a00193
[D] 010000f8 13 03 00 0a 0 00 0000000a 0a
[F] 010000fc ffe00093
[D] 010000fc 13 01 00 1e 0 7f fffffffe 1e
[F] 01000100 fff00113
[D] 01000100 13 02 00 1f 0 7f ffffffff 1f
[F] 01000104 0020d463
[D] 01000104 63 08 01 02 5 00 00000008 02
[F] 01000108 00301463
[D] 01000108 63 08 00 03 1 00 00000008 03
[F] 0100010c 20301a63
[D] 0100010c 63 14 00 03 1 10 00000214 03
[F] 01000110 fe20dee3
[D] 01000110 63 1d 01 02 5 7f fffffffc 02
[F] 01000114 00b00193
[D] 01000114 13 03 00 0b 0 00 0000000b 0b
[F] 01000118 ffe00093
[D] 01000118 13 01 00 1e 0 7f fffffffe 1e
[F] 0100011c 00100113
[D] 0100011c 13 02 00 01 0 00 00000001 01
[F] 01000120 0020d463
[D] 01000120 63 08 01 02 5 00 00000008 02
[F] 01000124 00301463
[D] 01000124 63 08 00 03 1 00 00000008 03
[F] 01000128 1e301c63
[D] 01000128 63 18 00 03 1 0f 000001f8 03
[F] 0100012c fe20dee3
[D] 0100012c 63 1d 01 02 5 7f fffffffc 02
[F] 01000130 00c00193
[D] 01000130 13 03 00 0c 0 00 0000000c 0c
[F] 01000134 00000213
[D] 01000134 13 04 00 00 0 00 00000000 00
[F] 01000138 fff00093
[D] 01000138 13 01 00 1f 0 7f ffffffff 1f
[F] 0100013c 00000113
[D] 0100013c 13 02 00 00 0 00 00000000 00
[F] 01000140 1e20d063
[D] 01000140 63 00 01 02 5 0f 000001e0 02
[F] 01000144 00120213
[D] 01000144 13 04 04 01 0 00 00000001 01
[F] 01000148 00200293
[D] 01000148 13 05 00 02 0 00 00000002 02
[F] 0100014c fe5216e3
[D] 0100014c 63 0d 04 05 1 7f ffffffec 05
[F] 01000150 00d00193
[D] 01000150 13 03 00 0d 0 00 0000000d 0d
[F] 01000154 00000213
[D] 01000154 13 04 00 00 0 00 00000000 00
[F] 01000158 fff00093
[D] 01000158 13 01 00 1f 0 7f ffffffff 1f
[F] 0100015c 00000113
[D] 0100015c 13 02 00 00 0 00 00000000 00
[F] 01000160 00000013
[D] 01000160 13 00 00 00 0 00 00000000 00
[F] 01000164 1a20de63
[D] 01000164 63 1c 01 02 5 0d 000001bc 02
[F] 01000168 00120213
[D] 01000168 13 04 04 01 0 00 00000001 01
[F] 0100016c 00200293
[D] 0100016c 13 05 00 02 0 00 00000002 02
[F] 01000170 fe5214e3
[D] 01000170 63 09 04 05 1 7f ffffffe8 05
[F] 01000174 00e00193
[D] 01000174 13 03 00 0e 0 00 0000000e 0e
[F] 01000178 00000213
[D] 01000178 13 04 00 00 0 00 00000000 00
[F] 0100017c fff00093
[D] 0100017c 13 01 00 1f 0 7f ffffffff 1f
[F] 01000180 00000113
[D] 01000180 13 02 00 00 0 00 00000000 00
[F] 01000184 00000013
[D] 01000184 13 00 00 00 0 00 00000000 00
[F] 01000188 00000013
[D] 01000188 13 00 00 00 0 00 00000000 00
[F] 0100018c 1820da63
[D] 0100018c 63 14 01 02 5 0c 00000194 02
[F] 01000190 00120213
[D] 01000190 13 04 04 01 0 00 00000001 01
[F] 01000194 00200293
[D] 01000194 13 05 00 02 0 00 00000002 02
[F] 01000198 fe5212e3
[D] 01000198 63 05 04 05 1 7f ffffffe4 05
[F] 0100019c 00f00193
[D] 0100019c 13 03 00 0f 0 00 0000000f 0f
[F] 010001a0 00000213
[D] 010001a0 13 04 00 00 0 00 00000000 00
[F] 010001a4 fff00093
[D] 010001a4 13 01 00 1f 0 7f ffffffff 1f
[F] 010001a8 00000013
[D] 010001a8 13 00 00 00 0 00 00000000 00
[F] 010001ac 00000113
[D] 010001ac 13 02 00 00 0 00 00000000 00
[F] 010001b0 1620d863
[D] 010001b0 63 10 01 02 5 0b 00000170 02
[F] 010001b4 00120213
[D] 010001b4 13 04 04 01 0 00 00000001 01
[F] 010001b8 00200293
[D] 010001b8 13 05 00 02 0 00 00000002 02
[F] 010001bc fe5214e3
[D] 010001bc 63 09 04 05 1 7f ffffffe8 05
[F] 010001c0 01000193
[D] 010001c0 13 03 00 10 0 00 00000010 10
[F] 010001c4 00000213
[D] 010001c4 13 04 00 00 0 00 00000000 00
[F] 010001c8 fff00093
[D] 010001c8 13 01 00 1f 0 7f ffffffff 1f
[F] 010001cc 00000013
[D] 010001cc 13 00 00 00 0 00 00000000 00
[F] 010001d0 00000113
[D] 010001d0 13 02 00 00 0 00 00000000 00
[F] 010001d4 00000013
[D] 010001d4 13 00 00 00 0 00 00000000 00
[F] 010001d8 1420d463
[D] 010001d8 63 08 01 02 5 0a 00000148 02
[F] 010001dc 00120213
[D] 010001dc 13 04 04 01 0 00 00000001 01
[F] 010001e0 00200293
[D] 010001e0 13 05 00 02 0 00 00000002 02
[F] 010001e4 fe5212e3
[D] 010001e4 63 05 04 05 1 7f ffffffe4 05
[F] 010001e8 01100193
[D] 010001e8 13 03 00 11 0 00 00000011 11
[F] 010001ec 00000213
[D] 010001ec 13 04 00 00 0 00 00000000 00
[F] 010001f0 fff00093
[D] 010001f0 13 01 00 1f 0 7f ffffffff 1f
[F] 010001f4 00000013
[D] 010001f4 13 00 00 00 0 00 00000000 00
[F] 010001f8 00000013
[D] 010001f8 13 00 00 00 0 00 00000000 00
[F] 010001fc 00000113
[D] 010001fc 13 02 00 00 0 00 00000000 00
[F] 01000200 1220d063
[D] 01000200 63 00 01 02 5 09 00000120 02
[F] 01000204 00120213
[D] 01000204 13 04 04 01 0 00 00000001 01
[F] 01000208 00200293
[D] 01000208 13 05 00 02 0 00 00000002 02
[F] 0100020c fe5212e3
[D] 0100020c 63 05 04 05 1 7f ffffffe4 05
[F] 01000210 01200193
[D] 01000210 13 03 00 12 0 00 00000012 12
[F] 01000214 00000213
[D] 01000214 13 04 00 00 0 00 00000000 00
[F] 01000218 fff00093
[D] 01000218 13 01 00 1f 0 7f ffffffff 1f
[F] 0100021c 00000113
[D] 0100021c 13 02 00 00 0 00 00000000 00
[F] 01000220 1020d063
[D] 01000220 63 00 01 02 5 08 00000100 02
[F] 01000224 00120213
[D] 01000224 13 04 04 01 0 00 00000001 01
[F] 01000228 00200293
[D] 01000228 13 05 00 02 0 00 00000002 02
[F] 0100022c fe5216e3
[D] 0100022c 63 0d 04 05 1 7f ffffffec 05
[F] 01000230 01300193
[D] 01000230 13 03 00 13 0 00 00000013 13
[F] 01000234 00000213
[D] 01000234 13 04 00 00 0 00 00000000 00
[F] 01000238 fff00093
[D] 01000238 13 01 00 1f 0 7f ffffffff 1f
[F] 0100023c 00000113
[D] 0100023c 13 02 00 00 0 00 00000000 00
[F] 01000240 00000013
[D] 01000240 13 00 00 00 0 00 00000000 00
[F] 01000244 0c20de63
[D] 01000244 63 1c 01 02 5 06 000000dc 02
[F] 01000248 00120213
[D] 01000248 13 04 04 01 0 00 00000001 01
[F] 0100024c 00200293
[D] 0100024c 13 05 00 02 0 00 00000002 02
[F] 01000250 fe5214e3
[D] 01000250 63 09 04 05 1 7f ffffffe8 05
[F] 01000254 01400193
[D] 01000254 13 03 00 14 0 00 00000014 14
[F] 01000258 00000213
[D] 01000258 13 04 00 00 0 00 00000000 00
[F] 0100025c fff00093
[D] 0100025c 13 01 00 1f 0 7f ffffffff 1f
[F] 01000260 00000113
[D] 01000260 13 02 00 00 0 00 00000000 00
[F] 01000264 00000013
[D] 01000264 13 00 00 00 0 00 00000000 00
[F] 01000268 00000013
[D] 01000268 13 00 00 00 0 00 00000000 00
[F] 0100026c 0a20da63
[D] 0100026c 63 14 01 02 5 05 000000b4 02
[F] 01000270 00120213
[D] 01000270 13 04 04 01 0 00 00000001 01
[F] 01000274 00200293
[D] 01000274 13 05 00 02 0 00 00000002 02
[F] 01000278 fe5212e3
[D] 01000278 63 05 04 05 1 7f ffffffe4 05
[F] 0100027c 01500193
[D] 0100027c 13 03 00 15 0 00 00000015 15
[F] 01000280 00000213
[D] 01000280 13 04 00 00 0 00 00000000 00
[F] 01000284 fff00093
[D] 01000284 13 01 00 1f 0 7f ffffffff 1f
[F] 01000288 00000013
[D] 01000288 13 00 00 00 0 00 00000000 00
[F] 0100028c 00000113
[D] 0100028c 13 02 00 00 0 00 00000000 00
[F] 01000290 0820d863
[D] 01000290 63 10 01 02 5 04 00000090 02
[F] 01000294 00120213
[D] 01000294 13 04 04 01 0 00 00000001 01
[F] 01000298 00200293
[D] 01000298 13 05 00 02 0 00 00000002 02
[F] 0100029c fe5214e3
[D] 0100029c 63 09 04 05 1 7f ffffffe8 05
[F] 010002a0 01600193
[D] 010002a0 13 03 00 16 0 00 00000016 16
[F] 010002a4 00000213
[D] 010002a4 13 04 00 00 0 00 00000000 00
[F] 010002a8 fff00093
[D] 010002a8 13 01 00 1f 0 7f ffffffff 1f
[F] 010002ac 00000013
[D] 010002ac 13 00 00 00 0 00 00000000 00
[F] 010002b0 00000113
[D] 010002b0 13 02 00 00 0 00 00000000 00
[F] 010002b4 00000013
[D] 010002b4 13 00 00 00 0 00 00000000 00
[F] 010002b8 0620d463
[D] 010002b8 63 08 01 02 5 03 00000068 02
[F] 010002bc 00120213
[D] 010002bc 13 04 04 01 0 00 00000001 01
[F] 010002c0 00200293
[D] 010002c0 13 05 00 02 0 00 00000002 02
[F] 010002c4 fe5212e3
[D] 010002c4 63 05 04 05 1 7f ffffffe4 05
[F] 010002c8 01700193
[D] 010002c8 13 03 00 17 0 00 00000017 17
[F] 010002cc 00000213
[D] 010002cc 13 04 00 00 0 00 00000000 00
[F] 010002d0 fff00093
[D] 010002d0 13 01 00 1f 0 7f ffffffff 1f
[F] 010002d4 00000013
[D] 010002d4 13 00 00 00 0 00 00000000 00
[F] 010002d8 00000013
[D] 010002d8 13 00 00 00 0 00 00000000 00
[F] 010002dc 00000113
[D] 010002dc 13 02 00 00 0 00 00000000 00
[F] 010002e0 0420d063
[D] 010002e0 63 00 01 02 5 02 00000040 02
[F] 010002e4 00120213
[D] 010002e4 13 04 04 01 0 00 00000001 01
[F] 010002e8 00200293
[D] 010002e8 13 05 00 02 0 00 00000002 02
[F] 010002ec fe5212e3
[D] 010002ec 63 05 04 05 1 7f ffffffe4 05
[F] 010002f0 00100093
[D] 010002f0 13 01 00 01 0 00 00000001 01
[F] 010002f4 0000da63
[D] 010002f4 63 14 01 00 5 00 00000014 00
[F] 010002f8 00108093
[D] 010002f8 13 01 01 01 0 00 00000001 01
[F] 010002fc 00108093
[D] 010002fc 13 01 01 01 0 00 00000001 01
[F] 01000300 00108093
[D] 01000300 13 01 01 01 0 00 00000001 01
[F] 01000304 00108093
[D] 01000304 13 01 01 01 0 00 00000001 01
[F] 01000308 00108093
[D] 01000308 13 01 01 01 0 00 00000001 01
[F] 0100030c 00108093
[D] 0100030c 13 01 01 01 0 00 00000001 01
[F] 01000310 00300e93
[D] 01000310 13 1d 00 03 0 00 00000003 03
[F] 01000314 01800193
[D] 01000314 13 03 00 18 0 00 00000018 18
[F] 01000318 01d09463
[D] 01000318 63 08 01 1d 1 00 00000008 1d
[F] 0100031c 00301c63
[D] 0100031c 63 18 00 03 1 00 00000018 03
[F] 01000320 0ff0000f
[D] 01000320 0f 00 00 1f 0 07 00000000 1f
[F] 01000324 00018063
[D] 01000324 63 00 03 00 0 00 00000000 00
[F] 01000328 00119193
[D] 01000328 13 03 03 01 1 00 00000001 01
[F] 0100032c 0011e193
[D] 0100032c 13 03 03 01 6 00 00000001 01
[F] 01000330 00000073
[D] 01000330 73 00 00 00 0 00 00000000 00
[F] 01000334 0ff0000f
[D] 01000334 0f 00 00 1f 0 07 00000000 1f
[F] 01000338 00100193
[D] 01000338 13 03 00 01 0 00 00000001 01
[F] 0100033c 00000073
[D] 0100033c 73 00 00 00 0 00 00000000 00
[F] 01000340 c0001073
[D] 01000340 73 00 00 00 1 60 00000000 00
[F] 01000344 00000000
[D] 01000344 00 00 00 00 0 00 00000000 00
[F] 01000348 00000000
[D] 01000348 00 00 00 00 0 00 00000000 00
[F] 0100034c 00000000
[D] 0100034c 00 00 00 00 0 00 00000000 00
[F] 01000350 00000000
[D] 01000350 00 00 00 00 0 00 00000000 00
[F] 01000354 00000000
[D] 01000354 00 00 00 00 0 00 00000000 00
[F] 01000358 00000000
[D] 01000358 00 00 00 00 0 00 00000000 00
[F] 0100035c 00000000
[D] 0100035c 00 00 00 00 0 00 00000000 00
[F] 01000360 00000000
[D] 01000360 00 00 00 00 0 00 00000000 00
[F] 01000364 00000000
[D] 01000364 00 00 00 00 0 00 00000000 00
[F] 01000368 00000000
[D] 01000368 00 00 00 00 0 00 00000000 00
[F] 0100036c 00000000
[D] 0100036c 00 00 00 00 0 00 00000000 00
[F] 01000370 00000000
[D] 01000370 00 00 00 00 0 00 00000000 00
[F] 01000374 00000000
[D] 01000374 00 00 00 00 0 00 00000000 00
[F] 01000378 00000000
[D] 01000378 00 00 00 00 0 00 00000000 00
[F] 0100037c 00000000
[D] 0100037c 00 00 00 00 0 00 00000000 00
[F] 01000380 00000000
[D] 01000380 00 00 00 00 0 00 00000000 00
[F] 01000384 00000000
[D] 01000384 00 00 00 00 0 00 00000000 00
[F] 01000388 00000000
[D] 01000388 00 00 00 00 0 00 00000000 00
[F] 0100038c 00000000
[D] 0100038c 00 00 00 00 0 00 00000000 00
[F] 01000390 00000000
[D] 01000390 00 00 00 00 0 00 00000000 00
[F] 01000394 00000000
[D] 01000394 00 00 00 00 0 00 00000000 00
[F] 01000398 00000000
[D] 01000398 00 00 00 00 0 00 00000000 00
[F] 0100039c 00000000
[D] 0100039c 00 00 00 00 0 00 00000000 00
[F] 010003a0 00000000
[D] 010003a0 00 00 00 00 0 00 00000000 00
[F] 010003a4 00000000
[D] 010003a4 00 00 00 00 0 00 00000000 00
[F] 010003a8 00000000
[D] 010003a8 00 00 00 00 0 00 00000000 00
[F] 010003ac 00000000
[D] 010003ac 00 00 00 00 0 00 00000000 00
[F] 010003b0 00000000
[D] 010003b0 00 00 00 00 0 00 00000000 00
[F] 010003b4 00000000
[D] 010003b4 00 00 00 00 0 00 00000000 00
[F] 010003b8 00000000
[D] 010003b8 00 00 00 00 0 00 00000000 00
[F] 010003bc 00000000
[D] 010003bc 00 00 00 00 0 00 00000000 00
[F] 010003c0 00000000
[D] 010003c0 00 00 00 00 0 00 00000000 00
[F] 010003c4 00000000
[D] 010003c4 00 00 00 00 0 00 00000000 00
[F] 010003c8 00000000
[D] 010003c8 00 00 00 00 0 00 00000000 00
[F] 010003cc 00000000
[D] 010003cc 00 00 00 00 0 00 00000000 00
[F] 010003d0 00000000
[D] 010003d0 00 00 00 00 0 00 00000000 00
[F] 010003d4 00000000
[D] 010003d4 00 00 00 00 0 00 00000000 00
[F] 010003d8 00000000
[D] 010003d8 00 00 00 00 0 00 00000000 00
[F] 010003dc 00000000
[D] 010003dc 00 00 00 00 0 00 00000000 00
[F] 010003e0 00000000
[D] 010003e0 00 00 00 00 0 00 00000000 00
[F] 010003e4 00000000
[D] 010003e4 00 00 00 00 0 00 00000000 00
[F] 010003e8 00000000
[D] 010003e8 00 00 00 00 0 00 00000000 00
[F] 010003ec 00000000
[D] 010003ec 00 00 00 00 0 00 00000000 00
[F] 010003f0 00000000
[D] 010003f0 00 00 00 00 0 00 00000000 00
[F] 010003f4 00000000
[D] 010003f4 00 00 00 00 0 00 00000000 00
[F] 010003f8 00000000
[D] 010003f8 00 00 00 00 0 00 00000000 00
[F] 010003fc 00000000
[D] 010003fc 00 00 00 00 0 00 00000000 00
[F] 01000400 00000000
[D] 01000400 00 00 00 00 0 00 00000000 00
[F] 01000404 00000000
[D] 01000404 00 00 00 00 0 00 00000000 00
[F] 01000408 00000000
[D] 01000408 00 00 00 00 0 00 00000000 00
[F] 0100040c 00000000
[D] 0100040c 00 00 00 00 0 00 00000000 00
[F] 01000410 00000000
[D] 01000410 00 00 00 00 0 00 00000000 00
[F] 01000414 00000000
[D] 01000414 00 00 00 00 0 00 00000000 00
[F] 01000418 00000000
[D] 01000418 00 00 00 00 0 00 00000000 00
[F] 0100041c 00000000
[D] 0100041c 00 00 00 00 0 00 00000000 00
[F] 01000420 00000000
[D] 01000420 00 00 00 00 0 00 00000000 00
[F] 01000424 00000000
[D] 01000424 00 00 00 00 0 00 00000000 00
[F] 01000428 00000000
[D] 01000428 00 00 00 00 0 00 00000000 00
[F] 0100042c 00000000
[D] 0100042c 00 00 00 00 0 00 00000000 00
[F] 01000430 00000000
[D] 01000430 00 00 00 00 0 00 00000000 00
[F] 01000434 00000000
[D] 01000434 00 00 00 00 0 00 00000000 00
[F] 01000438 00000000
[D] 01000438 00 00 00 00 0 00 00000000 00
[F] 0100043c 00000000
[D] 0100043c 00 00 00 00 0 00 00000000 00
[F] 01000440 00000000
[D] 01000440 00 00 00 00 0 00 00000000 00
[F] 01000444 00000000
[D] 01000444 00 00 00 00 0 00 00000000 00
[F] 01000448 00000000
[D] 01000448 00 00 00 00 0 00 00000000 00
[F] 0100044c 00000000
[D] 0100044c 00 00 00 00 0 00 00000000 00
[F] 01000450 00000000
[D] 01000450 00 00 00 00 0 00 00000000 00
[F] 01000454 00000000
[D] 01000454 00 00 00 00 0 00 00000000 00
[F] 01000458 00000000
[D] 01000458 00 00 00 00 0 00 00000000 00
[F] 0100045c 00000000
[D] 0100045c 00 00 00 00 0 00 00000000 00
[F] 01000460 00000000
[D] 01000460 00 00 00 00 0 00 00000000 00
[F] 01000464 00000000
[D] 01000464 00 00 00 00 0 00 00000000 00
[F] 01000468 00000000
[D] 01000468 00 00 00 00 0 00 00000000 00
[F] 0100046c 00000000
[D] 0100046c 00 00 00 00 0 00 00000000 00
[F] 01000470 00000000
[D] 01000470 00 00 00 00 0 00 00000000 00
[F] 01000474 00000000
[D] 01000474 00 00 00 00 0 00 00000000 00
[F] 01000478 00000000
[D] 01000478 00 00 00 00 0 00 00000000 00
[F] 0100047c 00000000
[D] 0100047c 00 00 00 00 0 00 00000000 00
[F] 01000480 00000000
[D] 01000480 00 00 00 00 0 00 00000000 00
[F] 01000484 00000000
[D] 01000484 00 00 00 00 0 00 00000000 00
[F] 01000488 00000000
[D] 01000488 00 00 00 00 0 00 00000000 00
[F] 0100048c 00000000
[D] 0100048c 00 00 00 00 0 00 00000000 00
[F] 01000490 00000000
[D] 01000490 00 00 00 00 0 00 00000000 00
[F] 01000494 00000000
[D] 01000494 00 00 00 00 0 00 00000000 00
[F] 01000498 00000000
[D] 01000498 00 00 00 00 0 00 00000000 00
[F] 0100049c 00000000
[D] 0100049c 00 00 00 00 0 00 00000000 00
[F] 010004a0 00000000
[D] 010004a0 00 00 00 00 0 00 00000000 00
[F] 010004a4 00000000
[D] 010004a4 00 00 00 00 0 00 00000000 00
[F] 010004a8 00000000
[D] 010004a8 00 00 00 00 0 00 00000000 00
[F] 010004ac 00000000
[D] 010004ac 00 00 00 00 0 00 00000000 00
[F] 010004b0 00000000
[D] 010004b0 00 00 00 00 0 00 00000000 00
[F] 010004b4 00000000
[D] 010004b4 00 00 00 00 0 00 00000000 00
[F] 010004b8 00000000
[D] 010004b8 00 00 00 00 0 00 00000000 00
[F] 010004bc 00000000
[D] 010004bc 00 00 00 00 0 00 00000000 00
[F] 010004c0 00000000
[D] 010004c0 00 00 00 00 0 00 00000000 00
[F] 010004c4 00000000
[D] 010004c4 00 00 00 00 0 00 00000000 00
[F] 010004c8 00000000
[D] 010004c8 00 00 00 00 0 00 00000000 00
[F] 010004cc 00000000
[D] 010004cc 00 00 00 00 0 00 00000000 00
[F] 010004d0 00000000
[D] 010004d0 00 00 00 00 0 00 00000000 00
[F] 010004d4 00000000
[D] 010004d4 00 00 00 00 0 00 00000000 00
[F] 010004d8 00000000
[D] 010004d8 00 00 00 00 0 00 00000000 00
[F] 010004dc 00000000
[D] 010004dc 00 00 00 00 0 00 00000000 00
[F] 010004e0 00000000
[D] 010004e0 00 00 00 00 0 00 00000000 00
[F] 010004e4 00000000
[D] 010004e4 00 00 00 00 0 00 00000000 00
[F] 010004e8 00000000
[D] 010004e8 00 00 00 00 0 00 00000000 00
[F] 010004ec 00000000
[D] 010004ec 00 00 00 00 0 00 00000000 00
[F] 010004f0 00000000
[D] 010004f0 00 00 00 00 0 00 00000000 00
[F] 010004f4 00000000
[D] 010004f4 00 00 00 00 0 00 00000000 00
[F] 010004f8 00000000
[D] 010004f8 00 00 00 00 0 00 00000000 00
[F] 010004fc 00000000
[D] 010004fc 00 00 00 00 0 00 00000000 00
[F] 01000500 00000000
[D] 01000500 00 00 00 00 0 00 00000000 00
[F] 01000504 00000000
[D] 01000504 00 00 00 00 0 00 00000000 00
[F] 01000508 00000000
[D] 01000508 00 00 00 00 0 00 00000000 00
[F] 0100050c 00000000
[D] 0100050c 00 00 00 00 0 00 00000000 00
[F] 01000510 00000000
[D] 01000510 00 00 00 00 0 00 00000000 00
[F] 01000514 00000000
[D] 01000514 00 00 00 00 0 00 00000000 00
[F] 01000518 00000000
[D] 01000518 00 00 00 00 0 00 00000000 00
[F] 0100051c 00000000
[D] 0100051c 00 00 00 00 0 00 00000000 00
[F] 01000520 00000000
[D] 01000520 00 00 00 00 0 00 00000000 00
[F] 01000524 00000000
[D] 01000524 00 00 00 00 0 00 00000000 00
[F] 01000528 00000000
[D] 01000528 00 00 00 00 0 00 00000000 00
[F] 0100052c 00000000
[D] 0100052c 00 00 00 00 0 00 00000000 00
[F] 01000530 00000000
[D] 01000530 00 00 00 00 0 00 00000000 00
[F] 01000534 00000000
[D] 01000534 00 00 00 00 0 00 00000000 00
[F] 01000538 00000000
[D] 01000538 00 00 00 00 0 00 00000000 00
[F] 0100053c 00000000
[D] 0100053c 00 00 00 00 0 00 00000000 00
[F] 01000540 00000000
[D] 01000540 00 00 00 00 0 00 00000000 00
[F] 01000544 00000000
[D] 01000544 00 00 00 00 0 00 00000000 00
[F] 01000548 00000000
[D] 01000548 00 00 00 00 0 00 00000000 00
[F] 0100054c 00000000
[D] 0100054c 00 00 00 00 0 00 00000000 00
[F] 01000550 00000000
[D] 01000550 00 00 00 00 0 00 00000000 00
[F] 01000554 00000000
[D] 01000554 00 00 00 00 0 00 00000000 00
[F] 01000558 00000000
[D] 01000558 00 00 00 00 0 00 00000000 00
[F] 0100055c 00000000
[D] 0100055c 00 00 00 00 0 00 00000000 00
[F] 01000560 00000000
[D] 01000560 00 00 00 00 0 00 00000000 00
[F] 01000564 00000000
[D] 01000564 00 00 00 00 0 00 00000000 00
[F] 01000568 00000000
[D] 01000568 00 00 00 00 0 00 00000000 00
[F] 0100056c 00000000
[D] 0100056c 00 00 00 00 0 00 00000000 00
[F] 01000570 00000000
[D] 01000570 00 00 00 00 0 00 00000000 00
[F] 01000574 00000000
[D] 01000574 00 00 00 00 0 00 00000000 00
[F] 01000578 00000000
[D] 01000578 00 00 00 00 0 00 00000000 00
[F] 0100057c 00000000
[D] 0100057c 00 00 00 00 0 00 00000000 00
[F] 01000580 00000000
[D] 01000580 00 00 00 00 0 00 00000000 00
[F] 01000584 00000000
[D] 01000584 00 00 00 00 0 00 00000000 00
[F] 01000588 00000000
[D] 01000588 00 00 00 00 0 00 00000000 00
[F] 0100058c 00000000
[D] 0100058c 00 00 00 00 0 00 00000000 00
[F] 01000590 00000000
[D] 01000590 00 00 00 00 0 00 00000000 00
[F] 01000594 00000000
[D] 01000594 00 00 00 00 0 00 00000000 00
[F] 01000598 00000000
[D] 01000598 00 00 00 00 0 00 00000000 00
[F] 0100059c 00000000
[D] 0100059c 00 00 00 00 0 00 00000000 00
[F] 010005a0 00000000
[D] 010005a0 00 00 00 00 0 00 00000000 00
[F] 010005a4 00000000
[D] 010005a4 00 00 00 00 0 00 00000000 00
[F] 010005a8 00000000
[D] 010005a8 00 00 00 00 0 00 00000000 00
[F] 010005ac 00000000
[D] 010005ac 00 00 00 00 0 00 00000000 00
[F] 010005b0 00000000
[D] 010005b0 00 00 00 00 0 00 00000000 00
[F] 010005b4 00000000
[D] 010005b4 00 00 00 00 0 00 00000000 00
[F] 010005b8 00000000
[D] 010005b8 00 00 00 00 0 00 00000000 00
[F] 010005bc 00000000
[D] 010005bc 00 00 00 00 0 00 00000000 00
[F] 010005c0 00000000
[D] 010005c0 00 00 00 00 0 00 00000000 00
[F] 010005c4 00000000
[D] 010005c4 00 00 00 00 0 00 00000000 00
[F] 010005c8 00000000
[D] 010005c8 00 00 00 00 0 00 00000000 00
[F] 010005cc 00000000
[D] 010005cc 00 00 00 00 0 00 00000000 00
[F] 010005d0 00000000
[D] 010005d0 00 00 00 00 0 00 00000000 00
[F] 010005d4 00000000
[D] 010005d4 00 00 00 00 0 00 00000000 00
[F] 010005d8 00000000
[D] 010005d8 00 00 00 00 0 00 00000000 00
