[F] 01000000 00000097
[D] 01000000 17 01 00 00 0 00 00000000 00
[F] 01000004 4c408093
[D] 01000004 13 01 01 04 0 26 000004c4 04
[F] 01000008 00aa0137
[D] 01000008 37 02 00 0a 0 00 00aa0000 0a
[F] 0100000c 0aa10113
[D] 0100000c 13 02 02 0a 0 05 000000aa 0a
[F] 01000010 0020a023
[D] 01000010 23 00 01 02 2 00 00000000 02
[F] 01000014 0000af03
[D] 01000014 03 1e 01 00 2 00 00000000 00
[F] 01000018 00aa0eb7
[D] 01000018 37 1d 00 0a 0 00 00aa0000 0a
[F] 0100001c 0aae8e93
[D] 0100001c 13 1d 1d 0a 0 05 000000aa 0a
[F] 01000020 00200193
[D] 01000020 13 03 00 02 0 00 00000002 02
[F] 01000024 47df1063
[D] 01000024 63 00 1e 1d 1 23 00000460 1d
[F] 01000028 00000097
[D] 01000028 17 01 00 00 0 00 00000000 00
[F] 0100002c 49c08093
[D] 0100002c 13 01 01 1c 0 24 0000049c 1c
[F] 01000030 aa00b137
[D] 01000030 37 02 00 00 3 55 aa00b000 00
[F] 01000034 a0010113
[D] 01000034 13 02 02 00 0 50 fffffa00 00
[F] 01000038 0020a223
[D] 01000038 23 04 01 02 2 00 00000004 02
[F] 0100003c 0040af03
[D] 0100003c 03 1e 01 04 2 00 00000004 04
[F] 01000040 aa00beb7
[D] 01000040 37 1d 00 00 3 55 aa00b000 00
[F] 01000044 a00e8e93
[D] 01000044 13 1d 1d 00 0 50 fffffa00 00
[F] 01000048 00300193
[D] 01000048 13 03 00 03 0 00 00000003 03
[F] 0100004c 43df1c63
[D] 0100004c 63 18 1e 1d 1 21 00000438 1d
[F] 01000050 00000097
[D] 01000050 17 01 00 00 0 00 00000000 00
[F] 01000054 47408093
[D] 01000054 13 01 01 14 0 23 00000474 14
[F] 01000058 0aa01137
[D] 01000058 37 02 00 0a 1 05 0aa01000 0a
[F] 0100005c aa010113
[D] 0100005c 13 02 02 00 0 55 fffffaa0 00
[F] 01000060 0020a423
[D] 01000060 23 08 01 02 2 00 00000008 02
[F] 01000064 0080af03
[D] 01000064 03 1e 01 08 2 00 00000008 08
[F] 01000068 0aa01eb7
[D] 01000068 37 1d 00 0a 1 05 0aa01000 0a
[F] 0100006c aa0e8e93
[D] 0100006c 13 1d 1d 00 0 55 fffffaa0 00
[F] 01000070 00400193
[D] 01000070 13 03 00 04 0 00 00000004 04
[F] 01000074 41df1863
[D] 01000074 63 10 1e 1d 1 20 00000410 1d
[F] 01000078 00000097
[D] 01000078 17 01 00 00 0 00 00000000 00
[F] 0100007c 44c08093
[D] 0100007c 13 01 01 0c 0 22 0000044c 0c
[F] 01000080 a00aa137
[D] 01000080 37 02 00 00 2 50 a00aa000 00
[F] 01000084 00a10113
[D] 01000084 13 02 02 0a 0 00 0000000a 0a
[F] 01000088 0020a623
[D] 01000088 23 0c 01 02 2 00 0000000c 02
[F] 0100008c 00c0af03
[D] 0100008c 03 1e 01 0c 2 00 0000000c 0c
[F] 01000090 a00aaeb7
[D] 01000090 37 1d 00 00 2 50 a00aa000 00
[F] 01000094 00ae8e93
[D] 01000094 13 1d 1d 0a 0 00 0000000a 0a
[F] 01000098 00500193
[D] 01000098 13 03 00 05 0 00 00000005 05
[F] 0100009c 3fdf1463
[D] 0100009c 63 08 1e 1d 1 1f 000003e8 1d
[F] 010000a0 00000097
[D] 010000a0 17 01 00 00 0 00 00000000 00
[F] 010000a4 44008093
[D] 010000a4 13 01 01 00 0 22 00000440 00
[F] 010000a8 00aa0137
[D] 010000a8 37 02 00 0a 0 00 00aa0000 0a
[F] 010000ac 0aa10113
[D] 010000ac 13 02 02 0a 0 05 000000aa 0a
[F] 010000b0 fe20aa23
[D] 010000b0 23 14 01 02 2 7f fffffff4 02
[F] 010000b4 ff40af03
[D] 010000b4 03 1e 01 14 2 7f fffffff4 14
[F] 010000b8 00aa0eb7
[D] 010000b8 37 1d 00 0a 0 00 00aa0000 0a
[F] 010000bc 0aae8e93
[D] 010000bc 13 1d 1d 0a 0 05 000000aa 0a
[F] 010000c0 00600193
[D] 010000c0 13 03 00 06 0 00 00000006 06
[F] 010000c4 3ddf1063
[D] 010000c4 63 00 1e 1d 1 1e 000003c0 1d
[F] 010000c8 00000097
[D] 010000c8 17 01 00 00 0 00 00000000 00
[F] 010000cc 41808093
[D] 010000cc 13 01 01 18 0 20 00000418 18
[F] 010000d0 aa00b137
[D] 010000d0 37 02 00 00 3 55 aa00b000 00
[F] 010000d4 a0010113
[D] 010000d4 13 02 02 00 0 50 fffffa00 00
[F] 010000d8 fe20ac23
[D] 010000d8 23 18 01 02 2 7f fffffff8 02
[F] 010000dc ff80af03
[D] 010000dc 03 1e 01 18 2 7f fffffff8 18
[F] 010000e0 aa00beb7
[D] 010000e0 37 1d 00 00 3 55 aa00b000 00
[F] 010000e4 a00e8e93
[D] 010000e4 13 1d 1d 00 0 50 fffffa00 00
[F] 010000e8 00700193
[D] 010000e8 13 03 00 07 0 00 00000007 07
[F] 010000ec 39df1c63
[D] 010000ec 63 18 1e 1d 1 1c 00000398 1d
[F] 010000f0 00000097
[D] 010000f0 17 01 00 00 0 00 00000000 00
[F] 010000f4 3f008093
[D] 010000f4 13 01 01 10 0 1f 000003f0 10
[F] 010000f8 0aa01137
[D] 010000f8 37 02 00 0a 1 05 0aa01000 0a
[F] 010000fc aa010113
[D] 010000fc 13 02 02 00 0 55 fffffaa0 00
[F] 01000100 fe20ae23
[D] 01000100 23 1c 01 02 2 7f fffffffc 02
[F] 01000104 ffc0af03
[D] 01000104 03 1e 01 1c 2 7f fffffffc 1c
[F] 01000108 0aa01eb7
[D] 01000108 37 1d 00 0a 1 05 0aa01000 0a
[F] 0100010c aa0e8e93
[D] 0100010c 13 1d 1d 00 0 55 fffffaa0 00
[F] 01000110 00800193
[D] 01000110 13 03 00 08 0 00 00000008 08
[F] 01000114 37df1863
[D] 01000114 63 10 1e 1d 1 1b 00000370 1d
[F] 01000118 00000097
[D] 01000118 17 01 00 00 0 00 00000000 00
[F] 0100011c 3c808093
[D] 0100011c 13 01 01 08 0 1e 000003c8 08
[F] 01000120 a00aa137
[D] 01000120 37 02 00 00 2 50 a00aa000 00
[F] 01000124 00a10113
[D] 01000124 13 02 02 0a 0 00 0000000a 0a
[F] 01000128 0020a023
[D] 01000128 23 00 01 02 2 00 00000000 02
[F] 0100012c 0000af03
[D] 0100012c 03 1e 01 00 2 00 00000000 00
[F] 01000130 a00aaeb7
[D] 01000130 37 1d 00 00 2 50 a00aa000 00
[F] 01000134 00ae8e93
[D] 01000134 13 1d 1d 0a 0 00 0000000a 0a
[F] 01000138 00900193
[D] 01000138 13 03 00 09 0 00 00000009 09
[F] 0100013c 35df1463
[D] 0100013c 63 08 1e 1d 1 1a 00000348 1d
[F] 01000140 00000097
[D] 01000140 17 01 00 00 0 00 00000000 00
[F] 01000144 3a408093
[D] 01000144 13 01 01 04 0 1d 000003a4 04
[F] 01000148 12345137
[D] 01000148 37 02 00 03 5 09 12345000 03
[F] 0100014c 67810113
[D] 0100014c 13 02 02 18 0 33 00000678 18
[F] 01000150 fe008213
[D] 01000150 13 04 01 00 0 7f ffffffe0 00
[F] 01000154 02222023
[D] 01000154 23 00 04 02 2 01 00000020 02
[F] 01000158 0000a283
[D] 01000158 03 05 01 00 2 00 00000000 00
[F] 0100015c 12345eb7
[D] 0100015c 37 1d 00 03 5 09 12345000 03
[F] 01000160 678e8e93
[D] 01000160 13 1d 1d 18 0 33 00000678 18
[F] 01000164 00a00193
[D] 01000164 13 03 00 0a 0 00 0000000a 0a
[F] 01000168 31d29e63
[D] 01000168 63 1c 05 1d 1 18 0000031c 1d
[F] 0100016c 00000097
[D] 0100016c 17 01 00 00 0 00 00000000 00
[F] 01000170 37808093
[D] 01000170 13 01 01 18 0 1b 00000378 18
[F] 01000174 58213137
[D] 01000174 37 02 00 02 3 2c 58213000 02
[F] 01000178 09810113
[D] 01000178 13 02 02 18 0 04 00000098 18
[F] 0100017c ffd08093
[D] 0100017c 13 01 01 1d 0 7f fffffffd 1d
[F] 01000180 0020a3a3
[D] 01000180 23 07 01 02 2 00 00000007 02
[F] 01000184 00000217
[D] 01000184 17 04 00 00 0 00 00000000 00
[F] 01000188 36420213
[D] 01000188 13 04 04 04 0 1b 00000364 04
[F] 0100018c 00022283
[D] 0100018c 03 05 04 00 2 00 00000000 00
[F] 01000190 58213eb7
[D] 01000190 37 1d 00 02 3 2c 58213000 02
[F] 01000194 098e8e93
[D] 01000194 13 1d 1d 18 0 04 00000098 18
[F] 01000198 00b00193
[D] 01000198 13 03 00 0b 0 00 0000000b 0b
[F] 0100019c 2fd29463
[D] 0100019c 63 08 05 1d 1 17 000002e8 1d
[F] 010001a0 00c00193
[D] 010001a0 13 03 00 0c 0 00 0000000c 0c
[F] 010001a4 00000213
[D] 010001a4 13 04 00 00 0 00 00000000 00
[F] 010001a8 aabbd0b7
[D] 010001a8 37 01 00 0b 5 55 aabbd000 0b
[F] 010001ac cdd08093
[D] 010001ac 13 01 01 1d 0 66 fffffcdd 1d
[F] 010001b0 00000117
[D] 010001b0 17 02 00 00 0 00 00000000 00
[F] 010001b4 31410113
[D] 010001b4 13 02 02 14 0 18 00000314 14
[F] 010001b8 00112023
[D] 010001b8 23 00 02 01 2 00 00000000 01
[F] 010001bc 00012f03
[D] 010001bc 03 1e 02 00 2 00 00000000 00
[F] 010001c0 aabbdeb7
[D] 010001c0 37 1d 00 0b 5 55 aabbd000 0b
[F] 010001c4 cdde8e93
[D] 010001c4 13 1d 1d 1d 0 66 fffffcdd 1d
[F] 010001c8 2bdf1e63
[D] 010001c8 63 1c 1e 1d 1 15 000002bc 1d
[F] 010001cc 00120213
[D] 010001cc 13 04 04 01 0 00 00000001 01
[F] 010001d0 00200293
[D] 010001d0 13 05 00 02 0 00 00000002 02
[F] 010001d4 fc521ae3
[D] 010001d4 63 15 04 05 1 7e ffffffd4 05
[F] 010001d8 00d00193
[D] 010001d8 13 03 00 0d 0 00 0000000d 0d
[F] 010001dc 00000213
[D] 010001dc 13 04 00 00 0 00 00000000 00
[F] 010001e0 daabc0b7
[D] 010001e0 37 01 00 0a 4 6d daabc000 0a
[F] 010001e4 ccd08093
[D] 010001e4 13 01 01 0d 0 66 fffffccd 0d
[F] 010001e8 00000117
[D] 010001e8 17 02 00 00 0 00 00000000 00
[F] 010001ec 2dc10113
[D] 010001ec 13 02 02 1c 0 16 000002dc 1c
[F] 010001f0 00000013
[D] 010001f0 13 00 00 00 0 00 00000000 00
[F] 010001f4 00112223
[D] 010001f4 23 04 02 01 2 00 00000004 01
[F] 010001f8 00412f03
[D] 010001f8 03 1e 02 04 2 00 00000004 04
[F] 010001fc daabceb7
[D] 010001fc 37 1d 00 0a 4 6d daabc000 0a
[F] 01000200 ccde8e93
[D] 01000200 13 1d 1d 0d 0 66 fffffccd 0d
[F] 01000204 29df1063
[D] 01000204 63 00 1e 1d 1 14 00000280 1d
[F] 01000208 00120213
[D] 01000208 13 04 04 01 0 00 00000001 01
[F] 0100020c 00200293
[D] 0100020c 13 05 00 02 0 00 00000002 02
[F] 01000210 fc5218e3
[D] 01000210 63 11 04 05 1 7e ffffffd0 05
[F] 01000214 00e00193
[D] 01000214 13 03 00 0e 0 00 0000000e 0e
[F] 01000218 00000213
[D] 01000218 13 04 00 00 0 00 00000000 00
[F] 0100021c ddaac0b7
[D] 0100021c 37 01 00 1a 4 6e ddaac000 1a
[F] 01000220 bcc08093
[D] 01000220 13 01 01 0c 0 5e fffffbcc 0c
[F] 01000224 00000117
[D] 01000224 17 02 00 00 0 00 00000000 00
[F] 01000228 2a010113
[D] 01000228 13 02 02 00 0 15 000002a0 00
[F] 0100022c 00000013
[D] 0100022c 13 00 00 00 0 00 00000000 00
[F] 01000230 00000013
[D] 01000230 13 00 00 00 0 00 00000000 00
[F] 01000234 00112423
[D] 01000234 23 08 02 01 2 00 00000008 01
[F] 01000238 00812f03
[D] 01000238 03 1e 02 08 2 00 00000008 08
[F] 0100023c ddaaceb7
[D] 0100023c 37 1d 00 1a 4 6e ddaac000 1a
[F] 01000240 bcce8e93
[D] 01000240 13 1d 1d 0c 0 5e fffffbcc 0c
[F] 01000244 25df1063
[D] 01000244 63 00 1e 1d 1 12 00000240 1d
[F] 01000248 00120213
[D] 01000248 13 04 04 01 0 00 00000001 01
[F] 0100024c 00200293
[D] 0100024c 13 05 00 02 0 00 00000002 02
[F] 01000250 fc5216e3
[D] 01000250 63 0d 04 05 1 7e ffffffcc 05
[F] 01000254 00f00193
[D] 01000254 13 03 00 0f 0 00 0000000f 0f
[F] 01000258 00000213
[D] 01000258 13 04 00 00 0 00 00000000 00
[F] 0100025c cddab0b7
[D] 0100025c 37 01 00 1d 3 66 cddab000 1d
[F] 01000260 bbc08093
[D] 01000260 13 01 01 1c 0 5d fffffbbc 1c
[F] 01000264 00000013
[D] 01000264 13 00 00 00 0 00 00000000 00
[F] 01000268 00000117
[D] 01000268 17 02 00 00 0 00 00000000 00
[F] 0100026c 25c10113
[D] 0100026c 13 02 02 1c 0 12 0000025c 1c
[F] 01000270 00112623
[D] 01000270 23 0c 02 01 2 00 0000000c 01
[F] 01000274 00c12f03
[D] 01000274 03 1e 02 0c 2 00 0000000c 0c
[F] 01000278 cddabeb7
[D] 01000278 37 1d 00 1d 3 66 cddab000 1d
[F] 0100027c bbce8e93
[D] 0100027c 13 1d 1d 1c 0 5d fffffbbc 1c
[F] 01000280 21df1263
[D] 01000280 63 04 1e 1d 1 10 00000204 1d
[F] 01000284 00120213
[D] 01000284 13 04 04 01 0 00 00000001 01
[F] 01000288 00200293
[D] 01000288 13 05 00 02 0 00 00000002 02
[F] 0100028c fc5218e3
[D] 0100028c 63 11 04 05 1 7e ffffffd0 05
[F] 01000290 01000193
[D] 01000290 13 03 00 10 0 00 00000010 10
[F] 01000294 00000213
[D] 01000294 13 04 00 00 0 00 00000000 00
[F] 01000298 ccddb0b7
[D] 01000298 37 01 00 0d 3 66 ccddb000 0d
[F] 0100029c abb08093
[D] 0100029c 13 01 01 1b 0 55 fffffabb 1b
[F] 010002a0 00000013
[D] 010002a0 13 00 00 00 0 00 00000000 00
[F] 010002a4 00000117
[D] 010002a4 17 02 00 00 0 00 00000000 00
[F] 010002a8 22010113
[D] 010002a8 13 02 02 00 0 11 00000220 00
[F] 010002ac 00000013
[D] 010002ac 13 00 00 00 0 00 00000000 00
[F] 010002b0 00112823
[D] 010002b0 23 10 02 01 2 00 00000010 01
[F] 010002b4 01012f03
[D] 010002b4 03 1e 02 10 2 00 00000010 10
[F] 010002b8 ccddbeb7
[D] 010002b8 37 1d 00 0d 3 66 ccddb000 0d
[F] 010002bc abbe8e93
[D] 010002bc 13 1d 1d 1b 0 55 fffffabb 1b
[F] 010002c0 1ddf1263
[D] 010002c0 63 04 1e 1d 1 0e 000001c4 1d
[F] 010002c4 00120213
[D] 010002c4 13 04 04 01 0 00 00000001 01
[F] 010002c8 00200293
[D] 010002c8 13 05 00 02 0 00 00000002 02
[F] 010002cc fc5216e3
[D] 010002cc 63 0d 04 05 1 7e ffffffcc 05
[F] 010002d0 01100193
[D] 010002d0 13 03 00 11 0 00 00000011 11
[F] 010002d4 00000213
[D] 010002d4 13 04 00 00 0 00 00000000 00
[F] 010002d8 bccde0b7
[D] 010002d8 37 01 00 0c 6 5e bccde000 0c
[F] 010002dc aab08093
[D] 010002dc 13 01 01 0b 0 55 fffffaab 0b
[F] 010002e0 00000013
[D] 010002e0 13 00 00 00 0 00 00000000 00
[F] 010002e4 00000013
[D] 010002e4 13 00 00 00 0 00 00000000 00
[F] 010002e8 00000117
[D] 010002e8 17 02 00 00 0 00 00000000 00
[F] 010002ec 1dc10113
[D] 010002ec 13 02 02 1c 0 0e 000001dc 1c
[F] 010002f0 00112a23
[D] 010002f0 23 14 02 01 2 00 00000014 01
[F] 010002f4 01412f03
[D] 010002f4 03 1e 02 14 2 00 00000014 14
[F] 010002f8 bccdeeb7
[D] 010002f8 37 1d 00 0c 6 5e bccde000 0c
[F] 010002fc aabe8e93
[D] 010002fc 13 1d 1d 0b 0 55 fffffaab 0b
[F] 01000300 19df1263
[D] 01000300 63 04 1e 1d 1 0c 00000184 1d
[F] 01000304 00120213
[D] 01000304 13 04 04 01 0 00 00000001 01
[F] 01000308 00200293
[D] 01000308 13 05 00 02 0 00 00000002 02
[F] 0100030c fc5216e3
[D] 0100030c 63 0d 04 05 1 7e ffffffcc 05
[F] 01000310 01200193
[D] 01000310 13 03 00 12 0 00 00000012 12
[F] 01000314 00000213
[D] 01000314 13 04 00 00 0 00 00000000 00
[F] 01000318 00000117
[D] 01000318 17 02 00 00 0 00 00000000 00
[F] 0100031c 1ac10113
[D] 0100031c 13 02 02 0c 0 0d 000001ac 0c
[F] 01000320 001120b7
[D] 01000320 37 01 00 01 2 00 00112000 01
[F] 01000324 23308093
[D] 01000324 13 01 01 13 0 11 00000233 13
[F] 01000328 00112023
[D] 01000328 23 00 02 01 2 00 00000000 01
[F] 0100032c 00012f03
[D] 0100032c 03 1e 02 00 2 00 00000000 00
[F] 01000330 00112eb7
[D] 01000330 37 1d 00 01 2 00 00112000 01
[F] 01000334 233e8e93
[D] 01000334 13 1d 1d 13 0 11 00000233 13
[F] 01000338 15df1663
[D] 01000338 63 0c 1e 1d 1 0a 0000014c 1d
[F] 0100033c 00120213
[D] 0100033c 13 04 04 01 0 00 00000001 01
[F] 01000340 00200293
[D] 01000340 13 05 00 02 0 00 00000002 02
[F] 01000344 fc521ae3
[D] 01000344 63 15 04 05 1 7e ffffffd4 05
[F] 01000348 01300193
[D] 01000348 13 03 00 13 0 00 00000013 13
[F] 0100034c 00000213
[D] 0100034c 13 04 00 00 0 00 00000000 00
[F] 01000350 00000117
[D] 01000350 17 02 00 00 0 00 00000000 00
[F] 01000354 17410113
[D] 01000354 13 02 02 14 0 0b 00000174 14
[F] 01000358 300110b7
[D] 01000358 37 01 00 00 1 18 30011000 00
[F] 0100035c 22308093
[D] 0100035c 13 01 01 03 0 11 00000223 03
[F] 01000360 00000013
[D] 01000360 13 00 00 00 0 00 00000000 00
[F] 01000364 00112223
[D] 01000364 23 04 02 01 2 00 00000004 01
[F] 01000368 00412f03
[D] 01000368 03 1e 02 04 2 00 00000004 04
[F] 0100036c 30011eb7
[D] 0100036c 37 1d 00 00 1 18 30011000 00
[F] 01000370 223e8e93
[D] 01000370 13 1d 1d 03 0 11 00000223 03
[F] 01000374 11df1863
[D] 01000374 63 10 1e 1d 1 08 00000110 1d
[F] 01000378 00120213
[D] 01000378 13 04 04 01 0 00 00000001 01
[F] 0100037c 00200293
[D] 0100037c 13 05 00 02 0 00 00000002 02
[F] 01000380 fc5218e3
[D] 01000380 63 11 04 05 1 7e ffffffd0 05
[F] 01000384 01400193
[D] 01000384 13 03 00 14 0 00 00000014 14
[F] 01000388 00000213
[D] 01000388 13 04 00 00 0 00 00000000 00
[F] 0100038c 00000117
[D] 0100038c 17 02 00 00 0 00 00000000 00
[F] 01000390 13810113
[D] 01000390 13 02 02 18 0 09 00000138 18
[F] 01000394 330010b7
[D] 01000394 37 01 00 10 1 19 33001000 10
[F] 01000398 12208093
[D] 01000398 13 01 01 02 0 09 00000122 02
[F] 0100039c 00000013
[D] 0100039c 13 00 00 00 0 00 00000000 00
[F] 010003a0 00000013
[D] 010003a0 13 00 00 00 0 00 00000000 00
[F] 010003a4 00112423
[D] 010003a4 23 08 02 01 2 00 00000008 01
[F] 010003a8 00812f03
[D] 010003a8 03 1e 02 08 2 00 00000008 08
[F] 010003ac 33001eb7
[D] 010003ac 37 1d 00 10 1 19 33001000 10
[F] 010003b0 122e8e93
[D] 010003b0 13 1d 1d 02 0 09 00000122 02
[F] 010003b4 0ddf1863
[D] 010003b4 63 10 1e 1d 1 06 000000d0 1d
[F] 010003b8 00120213
[D] 010003b8 13 04 04 01 0 00 00000001 01
[F] 010003bc 00200293
[D] 010003bc 13 05 00 02 0 00 00000002 02
[F] 010003c0 fc5216e3
[D] 010003c0 63 0d 04 05 1 7e ffffffcc 05
[F] 010003c4 01500193
[D] 010003c4 13 03 00 15 0 00 00000015 15
[F] 010003c8 00000213
[D] 010003c8 13 04 00 00 0 00 00000000 00
[F] 010003cc 00000117
[D] 010003cc 17 02 00 00 0 00 00000000 00
[F] 010003d0 0f810113
[D] 010003d0 13 02 02 18 0 07 000000f8 18
[F] 010003d4 00000013
[D] 010003d4 13 00 00 00 0 00 00000000 00
[F] 010003d8 233000b7
[D] 010003d8 37 01 00 13 0 11 23300000 13
[F] 010003dc 11208093
[D] 010003dc 13 01 01 12 0 08 00000112 12
[F] 010003e0 00112623
[D] 010003e0 23 0c 02 01 2 00 0000000c 01
[F] 010003e4 00c12f03
[D] 010003e4 03 1e 02 0c 2 00 0000000c 0c
[F] 010003e8 23300eb7
[D] 010003e8 37 1d 00 13 0 11 23300000 13
[F] 010003ec 112e8e93
[D] 010003ec 13 1d 1d 12 0 08 00000112 12
[F] 010003f0 09df1a63
[D] 010003f0 63 14 1e 1d 1 04 00000094 1d
[F] 010003f4 00120213
[D] 010003f4 13 04 04 01 0 00 00000001 01
[F] 010003f8 00200293
[D] 010003f8 13 05 00 02 0 00 00000002 02
[F] 010003fc fc5218e3
[D] 010003fc 63 11 04 05 1 7e ffffffd0 05
[F] 01000400 01600193
[D] 01000400 13 03 00 16 0 00 00000016 16
[F] 01000404 00000213
[D] 01000404 13 04 00 00 0 00 00000000 00
[F] 01000408 00000117
[D] 01000408 17 02 00 00 0 00 00000000 00
[F] 0100040c 0bc10113
[D] 0100040c 13 02 02 1c 0 05 000000bc 1c
[F] 01000410 00000013
[D] 01000410 13 00 00 00 0 00 00000000 00
[F] 01000414 223300b7
[D] 01000414 37 01 00 03 0 11 22330000 03
[F] 01000418 01108093
[D] 01000418 13 01 01 11 0 00 00000011 11
[F] 0100041c 00000013
[D] 0100041c 13 00 00 00 0 00 00000000 00
[F] 01000420 00112823
[D] 01000420 23 10 02 01 2 00 00000010 01
[F] 01000424 01012f03
[D] 01000424 03 1e 02 10 2 00 00000010 10
[F] 01000428 22330eb7
[D] 01000428 37 1d 00 03 0 11 22330000 03
[F] 0100042c 011e8e93
[D] 0100042c 13 1d 1d 11 0 00 00000011 11
[F] 01000430 05df1a63
[D] 01000430 63 14 1e 1d 1 02 00000054 1d
[F] 01000434 00120213
[D] 01000434 13 04 04 01 0 00 00000001 01
[F] 01000438 00200293
[D] 01000438 13 05 00 02 0 00 00000002 02
[F] 0100043c fc5216e3
[D] 0100043c 63 0d 04 05 1 7e ffffffcc 05
[F] 01000440 01700193
[D] 01000440 13 03 00 17 0 00 00000017 17
[F] 01000444 00000213
[D] 01000444 13 04 00 00 0 00 00000000 00
[F] 01000448 00000117
[D] 01000448 17 02 00 00 0 00 00000000 00
[F] 0100044c 07c10113
[D] 0100044c 13 02 02 1c 0 03 0000007c 1c
[F] 01000450 00000013
[D] 01000450 13 00 00 00 0 00 00000000 00
[F] 01000454 00000013
[D] 01000454 13 00 00 00 0 00 00000000 00
[F] 01000458 122330b7
[D] 01000458 37 01 00 02 3 09 12233000 02
[F] 0100045c 00108093
[D] 0100045c 13 01 01 01 0 00 00000001 01
[F] 01000460 00112a23
[D] 01000460 23 14 02 01 2 00 00000014 01
[F] 01000464 01412f03
[D] 01000464 03 1e 02 14 2 00 00000014 14
[F] 01000468 12233eb7
[D] 01000468 37 1d 00 02 3 09 12233000 02
[F] 0100046c 001e8e93
[D] 0100046c 13 1d 1d 01 0 00 00000001 01
[F] 01000470 01df1a63
[D] 01000470 63 14 1e 1d 1 00 00000014 1d
[F] 01000474 00120213
[D] 01000474 13 04 04 01 0 00 00000001 01
[F] 01000478 00200293
[D] 01000478 13 05 00 02 0 00 00000002 02
[F] 0100047c fc5216e3
[D] 0100047c 63 0d 04 05 1 7e ffffffcc 05
[F] 01000480 00301c63
[D] 01000480 63 18 00 03 1 00 00000018 03
[F] 01000484 0ff0000f
[D] 01000484 0f 00 00 1f 0 07 00000000 1f
[F] 01000488 00018063
[D] 01000488 63 00 03 00 0 00 00000000 00
[F] 0100048c 00119193
[D] 0100048c 13 03 03 01 1 00 00000001 01
[F] 01000490 0011e193
[D] 01000490 13 03 03 01 6 00 00000001 01
[F] 01000494 00000073
[D] 01000494 73 00 00 00 0 00 00000000 00
[F] 01000498 0ff0000f
[D] 01000498 0f 00 00 1f 0 07 00000000 1f
[F] 0100049c 00100193
[D] 0100049c 13 03 00 01 0 00 00000001 01
[F] 010004a0 00000073
[D] 010004a0 73 00 00 00 0 00 00000000 00
[F] 010004a4 c0001073
[D] 010004a4 73 00 00 00 1 60 00000000 00
[F] 010004a8 00000000
[D] 010004a8 00 00 00 00 0 00 00000000 00
[F] 010004ac 00000000
[D] 010004ac 00 00 00 00 0 00 00000000 00
[F] 010004b0 00000000
[D] 010004b0 00 00 00 00 0 00 00000000 00
[F] 010004b4 00000000
[D] 010004b4 00 00 00 00 0 00 00000000 00
[F] 010004b8 00000000
[D] 010004b8 00 00 00 00 0 00 00000000 00
[F] 010004bc 00000000
[D] 010004bc 00 00 00 00 0 00 00000000 00
[F] 010004c0 00000000
[D] 010004c0 00 00 00 00 0 00 00000000 00
[F] 010004c4 deadbeef
[D] 010004c4 6f 1d 1b 0a 3 6f fffdb5ea 0a
[F] 010004c8 deadbeef
[D] 010004c8 6f 1d 1b 0a 3 6f fffdb5ea 0a
[F] 010004cc deadbeef
[D] 010004cc 6f 1d 1b 0a 3 6f fffdb5ea 0a
[F] 010004d0 deadbeef
[D] 010004d0 6f 1d 1b 0a 3 6f fffdb5ea 0a
[F] 010004d4 deadbeef
[D] 010004d4 6f 1d 1b 0a 3 6f fffdb5ea 0a
[F] 010004d8 deadbeef
[D] 010004d8 6f 1d 1b 0a 3 6f fffdb5ea 0a
[F] 010004dc deadbeef
[D] 010004dc 6f 1d 1b 0a 3 6f fffdb5ea 0a
[F] 010004e0 deadbeef
[D] 010004e0 6f 1d 1b 0a 3 6f fffdb5ea 0a
[F] 010004e4 deadbeef
[D] 010004e4 6f 1d 1b 0a 3 6f fffdb5ea 0a
[F] 010004e8 deadbeef
[D] 010004e8 6f 1d 1b 0a 3 6f fffdb5ea 0a
[F] 010004ec 00000000
[D] 010004ec 00 00 00 00 0 00 00000000 00
[F] 010004f0 00000000
[D] 010004f0 00 00 00 00 0 00 00000000 00
[F] 010004f4 00000000
[D] 010004f4 00 00 00 00 0 00 00000000 00
[F] 010004f8 00000000
[D] 010004f8 00 00 00 00 0 00 00000000 00
[F] 010004fc 00000000
[D] 010004fc 00 00 00 00 0 00 00000000 00
[F] 01000500 00000000
[D] 01000500 00 00 00 00 0 00 00000000 00
[F] 01000504 00000000
[D] 01000504 00 00 00 00 0 00 00000000 00
[F] 01000508 00000000
[D] 01000508 00 00 00 00 0 00 00000000 00
[F] 0100050c 00000000
[D] 0100050c 00 00 00 00 0 00 00000000 00
[F] 01000510 00000000
[D] 01000510 00 00 00 00 0 00 00000000 00
[F] 01000514 00000000
[D] 01000514 00 00 00 00 0 00 00000000 00
[F] 01000518 00000000
[D] 01000518 00 00 00 00 0 00 00000000 00
[F] 0100051c 00000000
[D] 0100051c 00 00 00 00 0 00 00000000 00
[F] 01000520 00000000
[D] 01000520 00 00 00 00 0 00 00000000 00
[F] 01000524 00000000
[D] 01000524 00 00 00 00 0 00 00000000 00
[F] 01000528 00000000
[D] 01000528 00 00 00 00 0 00 00000000 00
[F] 0100052c 00000000
[D] 0100052c 00 00 00 00 0 00 00000000 00
[F] 01000530 00000000
[D] 01000530 00 00 00 00 0 00 00000000 00
[F] 01000534 00000000
[D] 01000534 00 00 00 00 0 00 00000000 00
[F] 01000538 00000000
[D] 01000538 00 00 00 00 0 00 00000000 00
[F] 0100053c 00000000
[D] 0100053c 00 00 00 00 0 00 00000000 00
[F] 01000540 00000000
[D] 01000540 00 00 00 00 0 00 00000000 00
[F] 01000544 00000000
[D] 01000544 00 00 00 00 0 00 00000000 00
[F] 01000548 00000000
[D] 01000548 00 00 00 00 0 00 00000000 00
[F] 0100054c 00000000
[D] 0100054c 00 00 00 00 0 00 00000000 00
[F] 01000550 00000000
[D] 01000550 00 00 00 00 0 00 00000000 00
[F] 01000554 00000000
[D] 01000554 00 00 00 00 0 00 00000000 00
[F] 01000558 00000000
[D] 01000558 00 00 00 00 0 00 00000000 00
[F] 0100055c 00000000
[D] 0100055c 00 00 00 00 0 00 00000000 00
[F] 01000560 00000000
[D] 01000560 00 00 00 00 0 00 00000000 00
[F] 01000564 00000000
[D] 01000564 00 00 00 00 0 00 00000000 00
[F] 01000568 00000000
[D] 01000568 00 00 00 00 0 00 00000000 00
[F] 0100056c 00000000
[D] 0100056c 00 00 00 00 0 00 00000000 00
[F] 01000570 00000000
[D] 01000570 00 00 00 00 0 00 00000000 00
[F] 01000574 00000000
[D] 01000574 00 00 00 00 0 00 00000000 00
[F] 01000578 00000000
[D] 01000578 00 00 00 00 0 00 00000000 00
[F] 0100057c 00000000
[D] 0100057c 00 00 00 00 0 00 00000000 00
[F] 01000580 00000000
[D] 01000580 00 00 00 00 0 00 00000000 00
[F] 01000584 00000000
[D] 01000584 00 00 00 00 0 00 00000000 00
[F] 01000588 00000000
[D] 01000588 00 00 00 00 0 00 00000000 00
[F] 0100058c 00000000
[D] 0100058c 00 00 00 00 0 00 00000000 00
[F] 01000590 00000000
[D] 01000590 00 00 00 00 0 00 00000000 00
[F] 01000594 00000000
[D] 01000594 00 00 00 00 0 00 00000000 00
[F] 01000598 00000000
[D] 01000598 00 00 00 00 0 00 00000000 00
[F] 0100059c 00000000
[D] 0100059c 00 00 00 00 0 00 00000000 00
[F] 010005a0 00000000
[D] 010005a0 00 00 00 00 0 00 00000000 00
[F] 010005a4 00000000
[D] 010005a4 00 00 00 00 0 00 00000000 00
[F] 010005a8 00000000
[D] 010005a8 00 00 00 00 0 00 00000000 00
[F] 010005ac 00000000
[D] 010005ac 00 00 00 00 0 00 00000000 00
[F] 010005b0 00000000
[D] 010005b0 00 00 00 00 0 00 00000000 00
[F] 010005b4 00000000
[D] 010005b4 00 00 00 00 0 00 00000000 00
[F] 010005b8 00000000
[D] 010005b8 00 00 00 00 0 00 00000000 00
[F] 010005bc 00000000
[D] 010005bc 00 00 00 00 0 00 00000000 00
[F] 010005c0 00000000
[D] 010005c0 00 00 00 00 0 00 00000000 00
[F] 010005c4 00000000
[D] 010005c4 00 00 00 00 0 00 00000000 00
[F] 010005c8 00000000
[D] 010005c8 00 00 00 00 0 00 00000000 00
[F] 010005cc 00000000
[D] 010005cc 00 00 00 00 0 00 00000000 00
[F] 010005d0 00000000
[D] 010005d0 00 00 00 00 0 00 00000000 00
[F] 010005d4 00000000
[D] 010005d4 00 00 00 00 0 00 00000000 00
[F] 010005d8 00000000
[D] 010005d8 00 00 00 00 0 00 00000000 00
