[F] 01000000 00000093
[D] 01000000 13 01 00 00 0 00 00000000 00
[F] 01000004 00000113
[D] 01000004 13 02 00 00 0 00 00000000 00
[F] 01000008 0020bf33
[D] 01000008 33 1e 01 02 3 00 00000000 02
[F] 0100000c 00000e93
[D] 0100000c 13 1d 00 00 0 00 00000000 00
[F] 01000010 00200193
[D] 01000010 13 03 00 02 0 00 00000002 02
[F] 01000014 4bdf1a63
[D] 01000014 63 14 1e 1d 1 25 000004b4 1d
[F] 01000018 00100093
[D] 01000018 13 01 00 01 0 00 00000001 01
[F] 0100001c 00100113
[D] 0100001c 13 02 00 01 0 00 00000001 01
[F] 01000020 0020bf33
[D] 01000020 33 1e 01 02 3 00 00000000 02
[F] 01000024 00000e93
[D] 01000024 13 1d 00 00 0 00 00000000 00
[F] 01000028 00300193
[D] 01000028 13 03 00 03 0 00 00000003 03
[F] 0100002c 49df1e63
[D] 0100002c 63 1c 1e 1d 1 24 0000049c 1d
[F] 01000030 00300093
[D] 01000030 13 01 00 03 0 00 00000003 03
[F] 01000034 00700113
[D] 01000034 13 02 00 07 0 00 00000007 07
[F] 01000038 0020bf33
[D] 01000038 33 1e 01 02 3 00 00000000 02
[F] 0100003c 00100e93
[D] 0100003c 13 1d 00 01 0 00 00000001 01
[F] 01000040 00400193
[D] 01000040 13 03 00 04 0 00 00000004 04
[F] 01000044 49df1263
[D] 01000044 63 04 1e 1d 1 24 00000484 1d
[F] 01000048 00700093
[D] 01000048 13 01 00 07 0 00 00000007 07
[F] 0100004c 00300113
[D] 0100004c 13 02 00 03 0 00 00000003 03
[F] 01000050 0020bf33
[D] 01000050 33 1e 01 02 3 00 00000000 02
[F] 01000054 00000e93
[D] 01000054 13 1d 00 00 0 00 00000000 00
[F] 01000058 00500193
[D] 01000058 13 03 00 05 0 00 00000005 05
[F] 0100005c 47df1663
[D] 0100005c 63 0c 1e 1d 1 23 0000046c 1d
[F] 01000060 00000093
[D] 01000060 13 01 00 00 0 00 00000000 00
[F] 01000064 ffff8137
[D] 01000064 37 02 00 1f 0 7f ffff8000 1f
[F] 01000068 0020bf33
[D] 01000068 33 1e 01 02 3 00 00000000 02
[F] 0100006c 00100e93
[D] 0100006c 13 1d 00 01 0 00 00000001 01
[F] 01000070 00600193
[D] 01000070 13 03 00 06 0 00 00000006 06
[F] 01000074 45df1a63
[D] 01000074 63 14 1e 1d 1 22 00000454 1d
[F] 01000078 800000b7
[D] 01000078 37 01 00 00 0 40 80000000 00
[F] 0100007c 00000113
[D] 0100007c 13 02 00 00 0 00 00000000 00
[F] 01000080 0020bf33
[D] 01000080 33 1e 01 02 3 00 00000000 02
[F] 01000084 00000e93
[D] 01000084 13 1d 00 00 0 00 00000000 00
[F] 01000088 00700193
[D] 01000088 13 03 00 07 0 00 00000007 07
[F] 0100008c 43df1e63
[D] 0100008c 63 1c 1e 1d 1 21 0000043c 1d
[F] 01000090 800000b7
[D] 01000090 37 01 00 00 0 40 80000000 00
[F] 01000094 ffff8137
[D] 01000094 37 02 00 1f 0 7f ffff8000 1f
[F] 01000098 0020bf33
[D] 01000098 33 1e 01 02 3 00 00000000 02
[F] 0100009c 00100e93
[D] 0100009c 13 1d 00 01 0 00 00000001 01
[F] 010000a0 00800193
[D] 010000a0 13 03 00 08 0 00 00000008 08
[F] 010000a4 43df1263
[D] 010000a4 63 04 1e 1d 1 21 00000424 1d
[F] 010000a8 00000093
[D] 010000a8 13 01 00 00 0 00 00000000 00
[F] 010000ac 00008137
[D] 010000ac 37 02 00 00 0 00 00008000 00
[F] 010000b0 fff10113
[D] 010000b0 13 02 02 1f 0 7f ffffffff 1f
[F] 010000b4 0020bf33
[D] 010000b4 33 1e 01 02 3 00 00000000 02
[F] 010000b8 00100e93
[D] 010000b8 13 1d 00 01 0 00 00000001 01
[F] 010000bc 00900193
[D] 010000bc 13 03 00 09 0 00 00000009 09
[F] 010000c0 41df1463
[D] 010000c0 63 08 1e 1d 1 20 00000408 1d
[F] 010000c4 800000b7
[D] 010000c4 37 01 00 00 0 40 80000000 00
[F] 010000c8 fff08093
[D] 010000c8 13 01 01 1f 0 7f ffffffff 1f
[F] 010000cc 00000113
[D] 010000cc 13 02 00 00 0 00 00000000 00
[F] 010000d0 0020bf33
[D] 010000d0 33 1e 01 02 3 00 00000000 02
[F] 010000d4 00000e93
[D] 010000d4 13 1d 00 00 0 00 00000000 00
[F] 010000d8 00a00193
[D] 010000d8 13 03 00 0a 0 00 0000000a 0a
[F] 010000dc 3fdf1663
[D] 010000dc 63 0c 1e 1d 1 1f 000003ec 1d
[F] 010000e0 800000b7
[D] 010000e0 37 01 00 00 0 40 80000000 00
[F] 010000e4 fff08093
[D] 010000e4 13 01 01 1f 0 7f ffffffff 1f
[F] 010000e8 00008137
[D] 010000e8 37 02 00 00 0 00 00008000 00
[F] 010000ec fff10113
[D] 010000ec 13 02 02 1f 0 7f ffffffff 1f
[F] 010000f0 0020bf33
[D] 010000f0 33 1e 01 02 3 00 00000000 02
[F] 010000f4 00000e93
[D] 010000f4 13 1d 00 00 0 00 00000000 00
[F] 010000f8 00b00193
[D] 010000f8 13 03 00 0b 0 00 0000000b 0b
[F] 010000fc 3ddf1663
[D] 010000fc 63 0c 1e 1d 1 1e 000003cc 1d
[F] 01000100 800000b7
[D] 01000100 37 01 00 00 0 40 80000000 00
[F] 01000104 00008137
[D] 01000104 37 02 00 00 0 00 00008000 00
[F] 01000108 fff10113
[D] 01000108 13 02 02 1f 0 7f ffffffff 1f
[F] 0100010c 0020bf33
[D] 0100010c 33 1e 01 02 3 00 00000000 02
[F] 01000110 00000e93
[D] 01000110 13 1d 00 00 0 00 00000000 00
[F] 01000114 00c00193
[D] 01000114 13 03 00 0c 0 00 0000000c 0c
[F] 01000118 3bdf1863
[D] 01000118 63 10 1e 1d 1 1d 000003b0 1d
[F] 0100011c 800000b7
[D] 0100011c 37 01 00 00 0 40 80000000 00
[F] 01000120 fff08093
[D] 01000120 13 01 01 1f 0 7f ffffffff 1f
[F] 01000124 ffff8137
[D] 01000124 37 02 00 1f 0 7f ffff8000 1f
[F] 01000128 0020bf33
[D] 01000128 33 1e 01 02 3 00 00000000 02
[F] 0100012c 00100e93
[D] 0100012c 13 1d 00 01 0 00 00000001 01
[F] 01000130 00d00193
[D] 01000130 13 03 00 0d 0 00 0000000d 0d
[F] 01000134 39df1a63
[D] 01000134 63 14 1e 1d 1 1c 00000394 1d
[F] 01000138 00000093
[D] 01000138 13 01 00 00 0 00 00000000 00
[F] 0100013c fff00113
[D] 0100013c 13 02 00 1f 0 7f ffffffff 1f
[F] 01000140 0020bf33
[D] 01000140 33 1e 01 02 3 00 00000000 02
[F] 01000144 00100e93
[D] 01000144 13 1d 00 01 0 00 00000001 01
[F] 01000148 00e00193
[D] 01000148 13 03 00 0e 0 00 0000000e 0e
[F] 0100014c 37df1e63
[D] 0100014c 63 1c 1e 1d 1 1b 0000037c 1d
[F] 01000150 fff00093
[D] 01000150 13 01 00 1f 0 7f ffffffff 1f
[F] 01000154 00100113
[D] 01000154 13 02 00 01 0 00 00000001 01
[F] 01000158 0020bf33
[D] 01000158 33 1e 01 02 3 00 00000000 02
[F] 0100015c 00000e93
[D] 0100015c 13 1d 00 00 0 00 00000000 00
[F] 01000160 00f00193
[D] 01000160 13 03 00 0f 0 00 0000000f 0f
[F] 01000164 37df1263
[D] 01000164 63 04 1e 1d 1 1b 00000364 1d
[F] 01000168 fff00093
[D] 01000168 13 01 00 1f 0 7f ffffffff 1f
[F] 0100016c fff00113
[D] 0100016c 13 02 00 1f 0 7f ffffffff 1f
[F] 01000170 0020bf33
[D] 01000170 33 1e 01 02 3 00 00000000 02
[F] 01000174 00000e93
[D] 01000174 13 1d 00 00 0 00 00000000 00
[F] 01000178 01000193
[D] 01000178 13 03 00 10 0 00 00000010 10
[F] 0100017c 35df1663
[D] 0100017c 63 0c 1e 1d 1 1a 0000034c 1d
[F] 01000180 00e00093
[D] 01000180 13 01 00 0e 0 00 0000000e 0e
[F] 01000184 00d00113
[D] 01000184 13 02 00 0d 0 00 0000000d 0d
[F] 01000188 0020b0b3
[D] 01000188 33 01 01 02 3 00 00000000 02
[F] 0100018c 00000e93
[D] 0100018c 13 1d 00 00 0 00 00000000 00
[F] 01000190 01100193
[D] 01000190 13 03 00 11 0 00 00000011 11
[F] 01000194 33d09a63
[D] 01000194 63 14 01 1d 1 19 00000334 1d
[F] 01000198 00b00093
[D] 01000198 13 01 00 0b 0 00 0000000b 0b
[F] 0100019c 00d00113
[D] 0100019c 13 02 00 0d 0 00 0000000d 0d
[F] 010001a0 0020b133
[D] 010001a0 33 02 01 02 3 00 00000000 02
[F] 010001a4 00100e93
[D] 010001a4 13 1d 00 01 0 00 00000001 01
[F] 010001a8 01200193
[D] 010001a8 13 03 00 12 0 00 00000012 12
[F] 010001ac 31d11e63
[D] 010001ac 63 1c 02 1d 1 18 0000031c 1d
[F] 010001b0 00d00093
[D] 010001b0 13 01 00 0d 0 00 0000000d 0d
[F] 010001b4 0010b0b3
[D] 010001b4 33 01 01 01 3 00 00000000 01
[F] 010001b8 00000e93
[D] 010001b8 13 1d 00 00 0 00 00000000 00
[F] 010001bc 01300193
[D] 010001bc 13 03 00 13 0 00 00000013 13
[F] 010001c0 31d09463
[D] 010001c0 63 08 01 1d 1 18 00000308 1d
[F] 010001c4 00000213
[D] 010001c4 13 04 00 00 0 00 00000000 00
[F] 010001c8 00b00093
[D] 010001c8 13 01 00 0b 0 00 0000000b 0b
[F] 010001cc 00d00113
[D] 010001cc 13 02 00 0d 0 00 0000000d 0d
[F] 010001d0 0020bf33
[D] 010001d0 33 1e 01 02 3 00 00000000 02
[F] 010001d4 000f0313
[D] 010001d4 13 06 1e 00 0 00 00000000 00
[F] 010001d8 00120213
[D] 010001d8 13 04 04 01 0 00 00000001 01
[F] 010001dc 00200293
[D] 010001dc 13 05 00 02 0 00 00000002 02
[F] 010001e0 fe5214e3
[D] 010001e0 63 09 04 05 1 7f ffffffe8 05
[F] 010001e4 00100e93
[D] 010001e4 13 1d 00 01 0 00 00000001 01
[F] 010001e8 01400193
[D] 010001e8 13 03 00 14 0 00 00000014 14
[F] 010001ec 2dd31e63
[D] 010001ec 63 1c 06 1d 1 16 000002dc 1d
[F] 010001f0 00000213
[D] 010001f0 13 04 00 00 0 00 00000000 00
[F] 010001f4 00e00093
[D] 010001f4 13 01 00 0e 0 00 0000000e 0e
[F] 010001f8 00d00113
[D] 010001f8 13 02 00 0d 0 00 0000000d 0d
[F] 010001fc 0020bf33
[D] 010001fc 33 1e 01 02 3 00 00000000 02
[F] 01000200 00000013
[D] 01000200 13 00 00 00 0 00 00000000 00
[F] 01000204 000f0313
[D] 01000204 13 06 1e 00 0 00 00000000 00
[F] 01000208 00120213
[D] 01000208 13 04 04 01 0 00 00000001 01
[F] 0100020c 00200293
[D] 0100020c 13 05 00 02 0 00 00000002 02
[F] 01000210 fe5212e3
[D] 01000210 63 05 04 05 1 7f ffffffe4 05
[F] 01000214 00000e93
[D] 01000214 13 1d 00 00 0 00 00000000 00
[F] 01000218 01500193
[D] 01000218 13 03 00 15 0 00 00000015 15
[F] 0100021c 2bd31663
[D] 0100021c 63 0c 06 1d 1 15 000002ac 1d
[F] 01000220 00000213
[D] 01000220 13 04 00 00 0 00 00000000 00
[F] 01000224 00c00093
[D] 01000224 13 01 00 0c 0 00 0000000c 0c
[F] 01000228 00d00113
[D] 01000228 13 02 00 0d 0 00 0000000d 0d
[F] 0100022c 0020bf33
[D] 0100022c 33 1e 01 02 3 00 00000000 02
[F] 01000230 00000013
[D] 01000230 13 00 00 00 0 00 00000000 00
[F] 01000234 00000013
[D] 01000234 13 00 00 00 0 00 00000000 00
[F] 01000238 000f0313
[D] 01000238 13 06 1e 00 0 00 00000000 00
[F] 0100023c 00120213
[D] 0100023c 13 04 04 01 0 00 00000001 01
[F] 01000240 00200293
[D] 01000240 13 05 00 02 0 00 00000002 02
[F] 01000244 fe5210e3
[D] 01000244 63 01 04 05 1 7f ffffffe0 05
[F] 01000248 00100e93
[D] 01000248 13 1d 00 01 0 00 00000001 01
[F] 0100024c 01600193
[D] 0100024c 13 03 00 16 0 00 00000016 16
[F] 01000250 27d31c63
[D] 01000250 63 18 06 1d 1 13 00000278 1d
[F] 01000254 00000213
[D] 01000254 13 04 00 00 0 00 00000000 00
[F] 01000258 00e00093
[D] 01000258 13 01 00 0e 0 00 0000000e 0e
[F] 0100025c 00d00113
[D] 0100025c 13 02 00 0d 0 00 0000000d 0d
[F] 01000260 0020bf33
[D] 01000260 33 1e 01 02 3 00 00000000 02
[F] 01000264 00120213
[D] 01000264 13 04 04 01 0 00 00000001 01
[F] 01000268 00200293
[D] 01000268 13 05 00 02 0 00 00000002 02
[F] 0100026c fe5216e3
[D] 0100026c 63 0d 04 05 1 7f ffffffec 05
[F] 01000270 00000e93
[D] 01000270 13 1d 00 00 0 00 00000000 00
[F] 01000274 01700193
[D] 01000274 13 03 00 17 0 00 00000017 17
[F] 01000278 25df1863
[D] 01000278 63 10 1e 1d 1 12 00000250 1d
[F] 0100027c 00000213
[D] 0100027c 13 04 00 00 0 00 00000000 00
[F] 01000280 00b00093
[D] 01000280 13 01 00 0b 0 00 0000000b 0b
[F] 01000284 00d00113
[D] 01000284 13 02 00 0d 0 00 0000000d 0d
[F] 01000288 00000013
[D] 01000288 13 00 00 00 0 00 00000000 00
[F] 0100028c 0020bf33
[D] 0100028c 33 1e 01 02 3 00 00000000 02
[F] 01000290 00120213
[D] 01000290 13 04 04 01 0 00 00000001 01
[F] 01000294 00200293
[D] 01000294 13 05 00 02 0 00 00000002 02
[F] 01000298 fe5214e3
[D] 01000298 63 09 04 05 1 7f ffffffe8 05
[F] 0100029c 00100e93
[D] 0100029c 13 1d 00 01 0 00 00000001 01
[F] 010002a0 01800193
[D] 010002a0 13 03 00 18 0 00 00000018 18
[F] 010002a4 23df1263
[D] 010002a4 63 04 1e 1d 1 11 00000224 1d
[F] 010002a8 00000213
[D] 010002a8 13 04 00 00 0 00 00000000 00
[F] 010002ac 00f00093
[D] 010002ac 13 01 00 0f 0 00 0000000f 0f
[F] 010002b0 00d00113
[D] 010002b0 13 02 00 0d 0 00 0000000d 0d
[F] 010002b4 00000013
[D] 010002b4 13 00 00 00 0 00 00000000 00
[F] 010002b8 00000013
[D] 010002b8 13 00 00 00 0 00 00000000 00
[F] 010002bc 0020bf33
[D] 010002bc 33 1e 01 02 3 00 00000000 02
[F] 010002c0 00120213
[D] 010002c0 13 04 04 01 0 00 00000001 01
[F] 010002c4 00200293
[D] 010002c4 13 05 00 02 0 00 00000002 02
[F] 010002c8 fe5212e3
[D] 010002c8 63 05 04 05 1 7f ffffffe4 05
[F] 010002cc 00000e93
[D] 010002cc 13 1d 00 00 0 00 00000000 00
[F] 010002d0 01900193
[D] 010002d0 13 03 00 19 0 00 00000019 19
[F] 010002d4 1fdf1a63
[D] 010002d4 63 14 1e 1d 1 0f 000001f4 1d
[F] 010002d8 00000213
[D] 010002d8 13 04 00 00 0 00 00000000 00
[F] 010002dc 00a00093
[D] 010002dc 13 01 00 0a 0 00 0000000a 0a
[F] 010002e0 00000013
[D] 010002e0 13 00 00 00 0 00 00000000 00
[F] 010002e4 00d00113
[D] 010002e4 13 02 00 0d 0 00 0000000d 0d
[F] 010002e8 0020bf33
[D] 010002e8 33 1e 01 02 3 00 00000000 02
[F] 010002ec 00120213
[D] 010002ec 13 04 04 01 0 00 00000001 01
[F] 010002f0 00200293
[D] 010002f0 13 05 00 02 0 00 00000002 02
[F] 010002f4 fe5214e3
[D] 010002f4 63 09 04 05 1 7f ffffffe8 05
[F] 010002f8 00100e93
[D] 010002f8 13 1d 00 01 0 00 00000001 01
[F] 010002fc 01a00193
[D] 010002fc 13 03 00 1a 0 00 0000001a 1a
[F] 01000300 1ddf1463
[D] 01000300 63 08 1e 1d 1 0e 000001c8 1d
[F] 01000304 00000213
[D] 01000304 13 04 00 00 0 00 00000000 00
[F] 01000308 01000093
[D] 01000308 13 01 00 10 0 00 00000010 10
[F] 0100030c 00000013
[D] 0100030c 13 00 00 00 0 00 00000000 00
[F] 01000310 00d00113
[D] 01000310 13 02 00 0d 0 00 0000000d 0d
[F] 01000314 00000013
[D] 01000314 13 00 00 00 0 00 00000000 00
[F] 01000318 0020bf33
[D] 01000318 33 1e 01 02 3 00 00000000 02
[F] 0100031c 00120213
[D] 0100031c 13 04 04 01 0 00 00000001 01
[F] 01000320 00200293
[D] 01000320 13 05 00 02 0 00 00000002 02
[F] 01000324 fe5212e3
[D] 01000324 63 05 04 05 1 7f ffffffe4 05
[F] 01000328 00000e93
[D] 01000328 13 1d 00 00 0 00 00000000 00
[F] 0100032c 01b00193
[D] 0100032c 13 03 00 1b 0 00 0000001b 1b
[F] 01000330 19df1c63
[D] 01000330 63 18 1e 1d 1 0c 00000198 1d
[F] 01000334 00000213
[D] 01000334 13 04 00 00 0 00 00000000 00
[F] 01000338 00900093
[D] 01000338 13 01 00 09 0 00 00000009 09
[F] 0100033c 00000013
[D] 0100033c 13 00 00 00 0 00 00000000 00
[F] 01000340 00000013
[D] 01000340 13 00 00 00 0 00 00000000 00
[F] 01000344 00d00113
[D] 01000344 13 02 00 0d 0 00 0000000d 0d
[F] 01000348 0020bf33
[D] 01000348 33 1e 01 02 3 00 00000000 02
[F] 0100034c 00120213
[D] 0100034c 13 04 04 01 0 00 00000001 01
[F] 01000350 00200293
[D] 01000350 13 05 00 02 0 00 00000002 02
[F] 01000354 fe5212e3
[D] 01000354 63 05 04 05 1 7f ffffffe4 05
[F] 01000358 00100e93
[D] 01000358 13 1d 00 01 0 00 00000001 01
[F] 0100035c 01c00193
[D] 0100035c 13 03 00 1c 0 00 0000001c 1c
[F] 01000360 17df1463
[D] 01000360 63 08 1e 1d 1 0b 00000168 1d
[F] 01000364 00000213
[D] 01000364 13 04 00 00 0 00 00000000 00
[F] 01000368 00d00113
[D] 01000368 13 02 00 0d 0 00 0000000d 0d
[F] 0100036c 01100093
[D] 0100036c 13 01 00 11 0 00 00000011 11
[F] 01000370 0020bf33
[D] 01000370 33 1e 01 02 3 00 00000000 02
[F] 01000374 00120213
[D] 01000374 13 04 04 01 0 00 00000001 01
[F] 01000378 00200293
[D] 01000378 13 05 00 02 0 00 00000002 02
[F] 0100037c fe5216e3
[D] 0100037c 63 0d 04 05 1 7f ffffffec 05
[F] 01000380 00000e93
[D] 01000380 13 1d 00 00 0 00 00000000 00
[F] 01000384 01d00193
[D] 01000384 13 03 00 1d 0 00 0000001d 1d
[F] 01000388 15df1063
[D] 01000388 63 00 1e 1d 1 0a 00000140 1d
[F] 0100038c 00000213
[D] 0100038c 13 04 00 00 0 00 00000000 00
[F] 01000390 00d00113
[D] 01000390 13 02 00 0d 0 00 0000000d 0d
[F] 01000394 00800093
[D] 01000394 13 01 00 08 0 00 00000008 08
[F] 01000398 00000013
[D] 01000398 13 00 00 00 0 00 00000000 00
[F] 0100039c 0020bf33
[D] 0100039c 33 1e 01 02 3 00 00000000 02
[F] 010003a0 00120213
[D] 010003a0 13 04 04 01 0 00 00000001 01
[F] 010003a4 00200293
[D] 010003a4 13 05 00 02 0 00 00000002 02
[F] 010003a8 fe5214e3
[D] 010003a8 63 09 04 05 1 7f ffffffe8 05
[F] 010003ac 00100e93
[D] 010003ac 13 1d 00 01 0 00 00000001 01
[F] 010003b0 01e00193
[D] 010003b0 13 03 00 1e 0 00 0000001e 1e
[F] 010003b4 11df1a63
[D] 010003b4 63 14 1e 1d 1 08 00000114 1d
[F] 010003b8 00000213
[D] 010003b8 13 04 00 00 0 00 00000000 00
[F] 010003bc 00d00113
[D] 010003bc 13 02 00 0d 0 00 0000000d 0d
[F] 010003c0 01200093
[D] 010003c0 13 01 00 12 0 00 00000012 12
[F] 010003c4 00000013
[D] 010003c4 13 00 00 00 0 00 00000000 00
[F] 010003c8 00000013
[D] 010003c8 13 00 00 00 0 00 00000000 00
[F] 010003cc 0020bf33
[D] 010003cc 33 1e 01 02 3 00 00000000 02
[F] 010003d0 00120213
[D] 010003d0 13 04 04 01 0 00 00000001 01
[F] 010003d4 00200293
[D] 010003d4 13 05 00 02 0 00 00000002 02
[F] 010003d8 fe5212e3
[D] 010003d8 63 05 04 05 1 7f ffffffe4 05
[F] 010003dc 00000e93
[D] 010003dc 13 1d 00 00 0 00 00000000 00
[F] 010003e0 01f00193
[D] 010003e0 13 03 00 1f 0 00 0000001f 1f
[F] 010003e4 0fdf1263
[D] 010003e4 63 04 1e 1d 1 07 000000e4 1d
[F] 010003e8 00000213
[D] 010003e8 13 04 00 00 0 00 00000000 00
[F] 010003ec 00d00113
[D] 010003ec 13 02 00 0d 0 00 0000000d 0d
[F] 010003f0 00000013
[D] 010003f0 13 00 00 00 0 00 00000000 00
[F] 010003f4 00700093
[D] 010003f4 13 01 00 07 0 00 00000007 07
[F] 010003f8 0020bf33
[D] 010003f8 33 1e 01 02 3 00 00000000 02
[F] 010003fc 00120213
[D] 010003fc 13 04 04 01 0 00 00000001 01
[F] 01000400 00200293
[D] 01000400 13 05 00 02 0 00 00000002 02
[F] 01000404 fe5214e3
[D] 01000404 63 09 04 05 1 7f ffffffe8 05
[F] 01000408 00100e93
[D] 01000408 13 1d 00 01 0 00 00000001 01
[F] 0100040c 02000193
[D] 0100040c 13 03 00 00 0 01 00000020 00
[F] 01000410 0bdf1c63
[D] 01000410 63 18 1e 1d 1 05 000000b8 1d
[F] 01000414 00000213
[D] 01000414 13 04 00 00 0 00 00000000 00
[F] 01000418 00d00113
[D] 01000418 13 02 00 0d 0 00 0000000d 0d
[F] 0100041c 00000013
[D] 0100041c 13 00 00 00 0 00 00000000 00
[F] 01000420 01300093
[D] 01000420 13 01 00 13 0 00 00000013 13
[F] 01000424 00000013
[D] 01000424 13 00 00 00 0 00 00000000 00
[F] 01000428 0020bf33
[D] 01000428 33 1e 01 02 3 00 00000000 02
[F] 0100042c 00120213
[D] 0100042c 13 04 04 01 0 00 00000001 01
[F] 01000430 00200293
[D] 01000430 13 05 00 02 0 00 00000002 02
[F] 01000434 fe5212e3
[D] 01000434 63 05 04 05 1 7f ffffffe4 05
[F] 01000438 00000e93
[D] 01000438 13 1d 00 00 0 00 00000000 00
[F] 0100043c 02100193
[D] 0100043c 13 03 00 01 0 01 00000021 01
[F] 01000440 09df1463
[D] 01000440 63 08 1e 1d 1 04 00000088 1d
[F] 01000444 00000213
[D] 01000444 13 04 00 00 0 00 00000000 00
[F] 01000448 00d00113
[D] 01000448 13 02 00 0d 0 00 0000000d 0d
[F] 0100044c 00000013
[D] 0100044c 13 00 00 00 0 00 00000000 00
[F] 01000450 00000013
[D] 01000450 13 00 00 00 0 00 00000000 00
[F] 01000454 00600093
[D] 01000454 13 01 00 06 0 00 00000006 06
[F] 01000458 0020bf33
[D] 01000458 33 1e 01 02 3 00 00000000 02
[F] 0100045c 00120213
[D] 0100045c 13 04 04 01 0 00 00000001 01
[F] 01000460 00200293
[D] 01000460 13 05 00 02 0 00 00000002 02
[F] 01000464 fe5212e3
[D] 01000464 63 05 04 05 1 7f ffffffe4 05
[F] 01000468 00100e93
[D] 01000468 13 1d 00 01 0 00 00000001 01
[F] 0100046c 02200193
[D] 0100046c 13 03 00 02 0 01 00000022 02
[F] 01000470 05df1c63
[D] 01000470 63 18 1e 1d 1 02 00000058 1d
[F] 01000474 fff00093
[D] 01000474 13 01 00 1f 0 7f ffffffff 1f
[F] 01000478 00103133
[D] 01000478 33 02 00 01 3 00 00000000 01
[F] 0100047c 00100e93
[D] 0100047c 13 1d 00 01 0 00 00000001 01
[F] 01000480 02300193
[D] 01000480 13 03 00 03 0 01 00000023 03
[F] 01000484 05d11263
[D] 01000484 63 04 02 1d 1 02 00000044 1d
[F] 01000488 fff00093
[D] 01000488 13 01 00 1f 0 7f ffffffff 1f
[F] 0100048c 0000b133
[D] 0100048c 33 02 01 00 3 00 00000000 00
[F] 01000490 00000e93
[D] 01000490 13 1d 00 00 0 00 00000000 00
[F] 01000494 02400193
[D] 01000494 13 03 00 04 0 01 00000024 04
[F] 01000498 03d11863
[D] 01000498 63 10 02 1d 1 01 00000030 1d
[F] 0100049c 000030b3
[D] 0100049c 33 01 00 00 3 00 00000000 00
[F] 010004a0 00000e93
[D] 010004a0 13 1d 00 00 0 00 00000000 00
[F] 010004a4 02500193
[D] 010004a4 13 03 00 05 0 01 00000025 05
[F] 010004a8 03d09063
[D] 010004a8 63 00 01 1d 1 01 00000020 1d
[F] 010004ac 01000093
[D] 010004ac 13 01 00 10 0 00 00000010 10
[F] 010004b0 01e00113
[D] 010004b0 13 02 00 1e 0 00 0000001e 1e
[F] 010004b4 0020b033
[D] 010004b4 33 00 01 02 3 00 00000000 02
[F] 010004b8 00000e93
[D] 010004b8 13 1d 00 00 0 00 00000000 00
[F] 010004bc 02600193
[D] 010004bc 13 03 00 06 0 01 00000026 06
[F] 010004c0 01d01463
[D] 010004c0 63 08 00 1d 1 00 00000008 1d
[F] 010004c4 00301c63
[D] 010004c4 63 18 00 03 1 00 00000018 03
[F] 010004c8 0ff0000f
[D] 010004c8 0f 00 00 1f 0 07 00000000 1f
[F] 010004cc 00018063
[D] 010004cc 63 00 03 00 0 00 00000000 00
[F] 010004d0 00119193
[D] 010004d0 13 03 03 01 1 00 00000001 01
[F] 010004d4 0011e193
[D] 010004d4 13 03 03 01 6 00 00000001 01
[F] 010004d8 00000073
[D] 010004d8 73 00 00 00 0 00 00000000 00
[F] 010004dc 0ff0000f
[D] 010004dc 0f 00 00 1f 0 07 00000000 1f
[F] 010004e0 00100193
[D] 010004e0 13 03 00 01 0 00 00000001 01
[F] 010004e4 00000073
[D] 010004e4 73 00 00 00 0 00 00000000 00
[F] 010004e8 c0001073
[D] 010004e8 73 00 00 00 1 60 00000000 00
[F] 010004ec 00000000
[D] 010004ec 00 00 00 00 0 00 00000000 00
[F] 010004f0 00000000
[D] 010004f0 00 00 00 00 0 00 00000000 00
[F] 010004f4 00000000
[D] 010004f4 00 00 00 00 0 00 00000000 00
[F] 010004f8 00000000
[D] 010004f8 00 00 00 00 0 00 00000000 00
[F] 010004fc 00000000
[D] 010004fc 00 00 00 00 0 00 00000000 00
[F] 01000500 00000000
[D] 01000500 00 00 00 00 0 00 00000000 00
[F] 01000504 00000000
[D] 01000504 00 00 00 00 0 00 00000000 00
[F] 01000508 00000000
[D] 01000508 00 00 00 00 0 00 00000000 00
[F] 0100050c 00000000
[D] 0100050c 00 00 00 00 0 00 00000000 00
[F] 01000510 00000000
[D] 01000510 00 00 00 00 0 00 00000000 00
[F] 01000514 00000000
[D] 01000514 00 00 00 00 0 00 00000000 00
[F] 01000518 00000000
[D] 01000518 00 00 00 00 0 00 00000000 00
[F] 0100051c 00000000
[D] 0100051c 00 00 00 00 0 00 00000000 00
[F] 01000520 00000000
[D] 01000520 00 00 00 00 0 00 00000000 00
[F] 01000524 00000000
[D] 01000524 00 00 00 00 0 00 00000000 00
[F] 01000528 00000000
[D] 01000528 00 00 00 00 0 00 00000000 00
[F] 0100052c 00000000
[D] 0100052c 00 00 00 00 0 00 00000000 00
[F] 01000530 00000000
[D] 01000530 00 00 00 00 0 00 00000000 00
[F] 01000534 00000000
[D] 01000534 00 00 00 00 0 00 00000000 00
[F] 01000538 00000000
[D] 01000538 00 00 00 00 0 00 00000000 00
[F] 0100053c 00000000
[D] 0100053c 00 00 00 00 0 00 00000000 00
[F] 01000540 00000000
[D] 01000540 00 00 00 00 0 00 00000000 00
[F] 01000544 00000000
[D] 01000544 00 00 00 00 0 00 00000000 00
[F] 01000548 00000000
[D] 01000548 00 00 00 00 0 00 00000000 00
[F] 0100054c 00000000
[D] 0100054c 00 00 00 00 0 00 00000000 00
[F] 01000550 00000000
[D] 01000550 00 00 00 00 0 00 00000000 00
[F] 01000554 00000000
[D] 01000554 00 00 00 00 0 00 00000000 00
[F] 01000558 00000000
[D] 01000558 00 00 00 00 0 00 00000000 00
[F] 0100055c 00000000
[D] 0100055c 00 00 00 00 0 00 00000000 00
[F] 01000560 00000000
[D] 01000560 00 00 00 00 0 00 00000000 00
[F] 01000564 00000000
[D] 01000564 00 00 00 00 0 00 00000000 00
[F] 01000568 00000000
[D] 01000568 00 00 00 00 0 00 00000000 00
[F] 0100056c 00000000
[D] 0100056c 00 00 00 00 0 00 00000000 00
[F] 01000570 00000000
[D] 01000570 00 00 00 00 0 00 00000000 00
[F] 01000574 00000000
[D] 01000574 00 00 00 00 0 00 00000000 00
[F] 01000578 00000000
[D] 01000578 00 00 00 00 0 00 00000000 00
[F] 0100057c 00000000
[D] 0100057c 00 00 00 00 0 00 00000000 00
[F] 01000580 00000000
[D] 01000580 00 00 00 00 0 00 00000000 00
[F] 01000584 00000000
[D] 01000584 00 00 00 00 0 00 00000000 00
[F] 01000588 00000000
[D] 01000588 00 00 00 00 0 00 00000000 00
[F] 0100058c 00000000
[D] 0100058c 00 00 00 00 0 00 00000000 00
[F] 01000590 00000000
[D] 01000590 00 00 00 00 0 00 00000000 00
[F] 01000594 00000000
[D] 01000594 00 00 00 00 0 00 00000000 00
[F] 01000598 00000000
[D] 01000598 00 00 00 00 0 00 00000000 00
[F] 0100059c 00000000
[D] 0100059c 00 00 00 00 0 00 00000000 00
[F] 010005a0 00000000
[D] 010005a0 00 00 00 00 0 00 00000000 00
[F] 010005a4 00000000
[D] 010005a4 00 00 00 00 0 00 00000000 00
[F] 010005a8 00000000
[D] 010005a8 00 00 00 00 0 00 00000000 00
[F] 010005ac 00000000
[D] 010005ac 00 00 00 00 0 00 00000000 00
[F] 010005b0 00000000
[D] 010005b0 00 00 00 00 0 00 00000000 00
[F] 010005b4 00000000
[D] 010005b4 00 00 00 00 0 00 00000000 00
[F] 010005b8 00000000
[D] 010005b8 00 00 00 00 0 00 00000000 00
[F] 010005bc 00000000
[D] 010005bc 00 00 00 00 0 00 00000000 00
[F] 010005c0 00000000
[D] 010005c0 00 00 00 00 0 00 00000000 00
[F] 010005c4 00000000
[D] 010005c4 00 00 00 00 0 00 00000000 00
[F] 010005c8 00000000
[D] 010005c8 00 00 00 00 0 00 00000000 00
[F] 010005cc 00000000
[D] 010005cc 00 00 00 00 0 00 00000000 00
[F] 010005d0 00000000
[D] 010005d0 00 00 00 00 0 00 00000000 00
[F] 010005d4 00000000
[D] 010005d4 00 00 00 00 0 00 00000000 00
[F] 010005d8 00000000
[D] 010005d8 00 00 00 00 0 00 00000000 00
