[F] 01000000 00000097
[D] 01000000 17 01 00 00 0 00 00000000 00
[F] 01000004 2c408093
[D] 01000004 13 01 01 04 0 16 000002c4 04
[F] 01000008 00009f03
[D] 01000008 03 1e 01 00 1 00 00000000 00
[F] 0100000c 0ff00e93
[D] 0100000c 13 1d 00 1f 0 07 000000ff 1f
[F] 01000010 00200193
[D] 01000010 13 03 00 02 0 00 00000002 02
[F] 01000014 25df1c63
[D] 01000014 63 18 1e 1d 1 12 00000258 1d
[F] 01000018 00000097
[D] 01000018 17 01 00 00 0 00 00000000 00
[F] 0100001c 2ac08093
[D] 0100001c 13 01 01 0c 0 15 000002ac 0c
[F] 01000020 00209f03
[D] 01000020 03 1e 01 02 1 00 00000002 02
[F] 01000024 f0000e93
[D] 01000024 13 1d 00 00 0 78 ffffff00 00
[F] 01000028 00300193
[D] 01000028 13 03 00 03 0 00 00000003 03
[F] 0100002c 25df1063
[D] 0100002c 63 00 1e 1d 1 12 00000240 1d
[F] 01000030 00000097
[D] 01000030 17 01 00 00 0 00 00000000 00
[F] 01000034 29408093
[D] 01000034 13 01 01 14 0 14 00000294 14
[F] 01000038 00409f03
[D] 01000038 03 1e 01 04 1 00 00000004 04
[F] 0100003c 00001eb7
[D] 0100003c 37 1d 00 00 1 00 00001000 00
[F] 01000040 ff0e8e93
[D] 01000040 13 1d 1d 10 0 7f fffffff0 10
[F] 01000044 00400193
[D] 01000044 13 03 00 04 0 00 00000004 04
[F] 01000048 23df1263
[D] 01000048 63 04 1e 1d 1 11 00000224 1d
[F] 0100004c 00000097
[D] 0100004c 17 01 00 00 0 00 00000000 00
[F] 01000050 27808093
[D] 01000050 13 01 01 18 0 13 00000278 18
[F] 01000054 00609f03
[D] 01000054 03 1e 01 06 1 00 00000006 06
[F] 01000058 fffffeb7
[D] 01000058 37 1d 00 1f 7 7f fffff000 1f
[F] 0100005c 00fe8e93
[D] 0100005c 13 1d 1d 0f 0 00 0000000f 0f
[F] 01000060 00500193
[D] 01000060 13 03 00 05 0 00 00000005 05
[F] 01000064 21df1463
[D] 01000064 63 08 1e 1d 1 10 00000208 1d
[F] 01000068 00000097
[D] 01000068 17 01 00 00 0 00 00000000 00
[F] 0100006c 26208093
[D] 0100006c 13 01 01 02 0 13 00000262 02
[F] 01000070 ffa09f03
[D] 01000070 03 1e 01 1a 1 7f fffffffa 1a
[F] 01000074 0ff00e93
[D] 01000074 13 1d 00 1f 0 07 000000ff 1f
[F] 01000078 00600193
[D] 01000078 13 03 00 06 0 00 00000006 06
[F] 0100007c 1fdf1863
[D] 0100007c 63 10 1e 1d 1 0f 000001f0 1d
[F] 01000080 00000097
[D] 01000080 17 01 00 00 0 00 00000000 00
[F] 01000084 24a08093
[D] 01000084 13 01 01 0a 0 12 0000024a 0a
[F] 01000088 ffc09f03
[D] 01000088 03 1e 01 1c 1 7f fffffffc 1c
[F] 0100008c f0000e93
[D] 0100008c 13 1d 00 00 0 78 ffffff00 00
[F] 01000090 00700193
[D] 01000090 13 03 00 07 0 00 00000007 07
[F] 01000094 1ddf1c63
[D] 01000094 63 18 1e 1d 1 0e 000001d8 1d
[F] 01000098 00000097
[D] 01000098 17 01 00 00 0 00 00000000 00
[F] 0100009c 23208093
[D] 0100009c 13 01 01 12 0 11 00000232 12
[F] 010000a0 ffe09f03
[D] 010000a0 03 1e 01 1e 1 7f fffffffe 1e
[F] 010000a4 00001eb7
[D] 010000a4 37 1d 00 00 1 00 00001000 00
[F] 010000a8 ff0e8e93
[D] 010000a8 13 1d 1d 10 0 7f fffffff0 10
[F] 010000ac 00800193
[D] 010000ac 13 03 00 08 0 00 00000008 08
[F] 010000b0 1bdf1e63
[D] 010000b0 63 1c 1e 1d 1 0d 000001bc 1d
[F] 010000b4 00000097
[D] 010000b4 17 01 00 00 0 00 00000000 00
[F] 010000b8 21608093
[D] 010000b8 13 01 01 16 0 10 00000216 16
[F] 010000bc 00009f03
[D] 010000bc 03 1e 01 00 1 00 00000000 00
[F] 010000c0 fffffeb7
[D] 010000c0 37 1d 00 1f 7 7f fffff000 1f
[F] 010000c4 00fe8e93
[D] 010000c4 13 1d 1d 0f 0 00 0000000f 0f
[F] 010000c8 00900193
[D] 010000c8 13 03 00 09 0 00 00000009 09
[F] 010000cc 1bdf1063
[D] 010000cc 63 00 1e 1d 1 0d 000001a0 1d
[F] 010000d0 00000097
[D] 010000d0 17 01 00 00 0 00 00000000 00
[F] 010000d4 1f408093
[D] 010000d4 13 01 01 14 0 0f 000001f4 14
[F] 010000d8 fe008093
[D] 010000d8 13 01 01 00 0 7f ffffffe0 00
[F] 010000dc 02009283
[D] 010000dc 03 05 01 00 1 01 00000020 00
[F] 010000e0 0ff00e93
[D] 010000e0 13 1d 00 1f 0 07 000000ff 1f
[F] 010000e4 00a00193
[D] 010000e4 13 03 00 0a 0 00 0000000a 0a
[F] 010000e8 19d29263
[D] 010000e8 63 04 05 1d 1 0c 00000184 1d
[F] 010000ec 00000097
[D] 010000ec 17 01 00 00 0 00 00000000 00
[F] 010000f0 1d808093
[D] 010000f0 13 01 01 18 0 0e 000001d8 18
[F] 010000f4 ffb08093
[D] 010000f4 13 01 01 1b 0 7f fffffffb 1b
[F] 010000f8 00709283
[D] 010000f8 03 05 01 07 1 00 00000007 07
[F] 010000fc f0000e93
[D] 010000fc 13 1d 00 00 0 78 ffffff00 00
[F] 01000100 00b00193
[D] 01000100 13 03 00 0b 0 00 0000000b 0b
[F] 01000104 17d29463
[D] 01000104 63 08 05 1d 1 0b 00000168 1d
[F] 01000108 00c00193
[D] 01000108 13 03 00 0c 0 00 0000000c 0c
[F] 0100010c 00000213
[D] 0100010c 13 04 00 00 0 00 00000000 00
[F] 01000110 00000097
[D] 01000110 17 01 00 00 0 00 00000000 00
[F] 01000114 1b608093
[D] 01000114 13 01 01 16 0 0d 000001b6 16
[F] 01000118 00209f03
[D] 01000118 03 1e 01 02 1 00 00000002 02
[F] 0100011c 000f0313
[D] 0100011c 13 06 1e 00 0 00 00000000 00
[F] 01000120 00001eb7
[D] 01000120 37 1d 00 00 1 00 00001000 00
[F] 01000124 ff0e8e93
[D] 01000124 13 1d 1d 10 0 7f fffffff0 10
[F] 01000128 15d31263
[D] 01000128 63 04 06 1d 1 0a 00000144 1d
[F] 0100012c 00120213
[D] 0100012c 13 04 04 01 0 00 00000001 01
[F] 01000130 00200293
[D] 01000130 13 05 00 02 0 00 00000002 02
[F] 01000134 fc521ee3
[D] 01000134 63 1d 04 05 1 7e ffffffdc 05
[F] 01000138 00d00193
[D] 01000138 13 03 00 0d 0 00 0000000d 0d
[F] 0100013c 00000213
[D] 0100013c 13 04 00 00 0 00 00000000 00
[F] 01000140 00000097
[D] 01000140 17 01 00 00 0 00 00000000 00
[F] 01000144 18808093
[D] 01000144 13 01 01 08 0 0c 00000188 08
[F] 01000148 00209f03
[D] 01000148 03 1e 01 02 1 00 00000002 02
[F] 0100014c 00000013
[D] 0100014c 13 00 00 00 0 00 00000000 00
[F] 01000150 000f0313
[D] 01000150 13 06 1e 00 0 00 00000000 00
[F] 01000154 fffffeb7
[D] 01000154 37 1d 00 1f 7 7f fffff000 1f
[F] 01000158 00fe8e93
[D] 01000158 13 1d 1d 0f 0 00 0000000f 0f
[F] 0100015c 11d31863
[D] 0100015c 63 10 06 1d 1 08 00000110 1d
[F] 01000160 00120213
[D] 01000160 13 04 04 01 0 00 00000001 01
[F] 01000164 00200293
[D] 01000164 13 05 00 02 0 00 00000002 02
[F] 01000168 fc521ce3
[D] 01000168 63 19 04 05 1 7e ffffffd8 05
[F] 0100016c 00e00193
[D] 0100016c 13 03 00 0e 0 00 0000000e 0e
[F] 01000170 00000213
[D] 01000170 13 04 00 00 0 00 00000000 00
[F] 01000174 00000097
[D] 01000174 17 01 00 00 0 00 00000000 00
[F] 01000178 15008093
[D] 01000178 13 01 01 10 0 0a 00000150 10
[F] 0100017c 00209f03
[D] 0100017c 03 1e 01 02 1 00 00000002 02
[F] 01000180 00000013
[D] 01000180 13 00 00 00 0 00 00000000 00
[F] 01000184 00000013
[D] 01000184 13 00 00 00 0 00 00000000 00
[F] 01000188 000f0313
[D] 01000188 13 06 1e 00 0 00 00000000 00
[F] 0100018c f0000e93
[D] 0100018c 13 1d 00 00 0 78 ffffff00 00
[F] 01000190 0dd31e63
[D] 01000190 63 1c 06 1d 1 06 000000dc 1d
[F] 01000194 00120213
[D] 01000194 13 04 04 01 0 00 00000001 01
[F] 01000198 00200293
[D] 01000198 13 05 00 02 0 00 00000002 02
[F] 0100019c fc521ce3
[D] 0100019c 63 19 04 05 1 7e ffffffd8 05
[F] 010001a0 00f00193
[D] 010001a0 13 03 00 0f 0 00 0000000f 0f
[F] 010001a4 00000213
[D] 010001a4 13 04 00 00 0 00 00000000 00
[F] 010001a8 00000097
[D] 010001a8 17 01 00 00 0 00 00000000 00
[F] 010001ac 11e08093
[D] 010001ac 13 01 01 1e 0 08 0000011e 1e
[F] 010001b0 00209f03
[D] 010001b0 03 1e 01 02 1 00 00000002 02
[F] 010001b4 00001eb7
[D] 010001b4 37 1d 00 00 1 00 00001000 00
[F] 010001b8 ff0e8e93
[D] 010001b8 13 1d 1d 10 0 7f fffffff0 10
[F] 010001bc 0bdf1863
[D] 010001bc 63 10 1e 1d 1 05 000000b0 1d
[F] 010001c0 00120213
[D] 010001c0 13 04 04 01 0 00 00000001 01
[F] 010001c4 00200293
[D] 010001c4 13 05 00 02 0 00 00000002 02
[F] 010001c8 fe5210e3
[D] 010001c8 63 01 04 05 1 7f ffffffe0 05
[F] 010001cc 01000193
[D] 010001cc 13 03 00 10 0 00 00000010 10
[F] 010001d0 00000213
[D] 010001d0 13 04 00 00 0 00 00000000 00
[F] 010001d4 00000097
[D] 010001d4 17 01 00 00 0 00 00000000 00
[F] 010001d8 0f408093
[D] 010001d8 13 01 01 14 0 07 000000f4 14
[F] 010001dc 00000013
[D] 010001dc 13 00 00 00 0 00 00000000 00
[F] 010001e0 00209f03
[D] 010001e0 03 1e 01 02 1 00 00000002 02
[F] 010001e4 fffffeb7
[D] 010001e4 37 1d 00 1f 7 7f fffff000 1f
[F] 010001e8 00fe8e93
[D] 010001e8 13 1d 1d 0f 0 00 0000000f 0f
[F] 010001ec 09df1063
[D] 010001ec 63 00 1e 1d 1 04 00000080 1d
[F] 010001f0 00120213
[D] 010001f0 13 04 04 01 0 00 00000001 01
[F] 010001f4 00200293
[D] 010001f4 13 05 00 02 0 00 00000002 02
[F] 010001f8 fc521ee3
[D] 010001f8 63 1d 04 05 1 7e ffffffdc 05
[F] 010001fc 01100193
[D] 010001fc 13 03 00 11 0 00 00000011 11
[F] 01000200 00000213
[D] 01000200 13 04 00 00 0 00 00000000 00
[F] 01000204 00000097
[D] 01000204 17 01 00 00 0 00 00000000 00
[F] 01000208 0c008093
[D] 01000208 13 01 01 00 0 06 000000c0 00
[F] 0100020c 00000013
[D] 0100020c 13 00 00 00 0 00 00000000 00
[F] 01000210 00000013
[D] 01000210 13 00 00 00 0 00 00000000 00
[F] 01000214 00209f03
[D] 01000214 03 1e 01 02 1 00 00000002 02
[F] 01000218 f0000e93
[D] 01000218 13 1d 00 00 0 78 ffffff00 00
[F] 0100021c 05df1863
[D] 0100021c 63 10 1e 1d 1 02 00000050 1d
[F] 01000220 00120213
[D] 01000220 13 04 04 01 0 00 00000001 01
[F] 01000224 00200293
[D] 01000224 13 05 00 02 0 00 00000002 02
[F] 01000228 fc521ee3
[D] 01000228 63 1d 04 05 1 7e ffffffdc 05
[F] 0100022c 00000297
[D] 0100022c 17 05 00 00 0 00 00000000 00
[F] 01000230 09828293
[D] 01000230 13 05 05 18 0 04 00000098 18
[F] 01000234 00029103
[D] 01000234 03 02 05 00 1 00 00000000 00
[F] 01000238 00200113
[D] 01000238 13 02 00 02 0 00 00000002 02
[F] 0100023c 00200e93
[D] 0100023c 13 1d 00 02 0 00 00000002 02
[F] 01000240 01200193
[D] 01000240 13 03 00 12 0 00 00000012 12
[F] 01000244 03d11463
[D] 01000244 63 08 02 1d 1 01 00000028 1d
[F] 01000248 00000297
[D] 01000248 17 05 00 00 0 00 00000000 00
[F] 0100024c 07c28293
[D] 0100024c 13 05 05 1c 0 03 0000007c 1c
[F] 01000250 00029103
[D] 01000250 03 02 05 00 1 00 00000000 00
[F] 01000254 00000013
[D] 01000254 13 00 00 00 0 00 00000000 00
[F] 01000258 00200113
[D] 01000258 13 02 00 02 0 00 00000002 02
[F] 0100025c 00200e93
[D] 0100025c 13 1d 00 02 0 00 00000002 02
[F] 01000260 01300193
[D] 01000260 13 03 00 13 0 00 00000013 13
[F] 01000264 01d11463
[D] 01000264 63 08 02 1d 1 00 00000008 1d
[F] 01000268 00301c63
[D] 01000268 63 18 00 03 1 00 00000018 03
[F] 0100026c 0ff0000f
[D] 0100026c 0f 00 00 1f 0 07 00000000 1f
[F] 01000270 00018063
[D] 01000270 63 00 03 00 0 00 00000000 00
[F] 01000274 00119193
[D] 01000274 13 03 03 01 1 00 00000001 01
[F] 01000278 0011e193
[D] 01000278 13 03 03 01 6 00 00000001 01
[F] 0100027c 00000073
[D] 0100027c 73 00 00 00 0 00 00000000 00
[F] 01000280 0ff0000f
[D] 01000280 0f 00 00 1f 0 07 00000000 1f
[F] 01000284 00100193
[D] 01000284 13 03 00 01 0 00 00000001 01
[F] 01000288 00000073
[D] 01000288 73 00 00 00 0 00 00000000 00
[F] 0100028c c0001073
[D] 0100028c 73 00 00 00 1 60 00000000 00
[F] 01000290 00000000
[D] 01000290 00 00 00 00 0 00 00000000 00
[F] 01000294 00000000
[D] 01000294 00 00 00 00 0 00 00000000 00
[F] 01000298 00000000
[D] 01000298 00 00 00 00 0 00 00000000 00
[F] 0100029c 00000000
[D] 0100029c 00 00 00 00 0 00 00000000 00
[F] 010002a0 00000000
[D] 010002a0 00 00 00 00 0 00 00000000 00
[F] 010002a4 00000000
[D] 010002a4 00 00 00 00 0 00 00000000 00
[F] 010002a8 00000000
[D] 010002a8 00 00 00 00 0 00 00000000 00
[F] 010002ac 00000000
[D] 010002ac 00 00 00 00 0 00 00000000 00
[F] 010002b0 00000000
[D] 010002b0 00 00 00 00 0 00 00000000 00
[F] 010002b4 00000000
[D] 010002b4 00 00 00 00 0 00 00000000 00
[F] 010002b8 00000000
[D] 010002b8 00 00 00 00 0 00 00000000 00
[F] 010002bc 00000000
[D] 010002bc 00 00 00 00 0 00 00000000 00
[F] 010002c0 00000000
[D] 010002c0 00 00 00 00 0 00 00000000 00
[F] 010002c4 ff0000ff
[D] 010002c4 7f 01 00 10 0 7f 00000000 10
[F] 010002c8 f00f0ff0
[D] 010002c8 70 1f 1e 00 0 78 00000000 00
[F] 010002cc 00000000
[D] 010002cc 00 00 00 00 0 00 00000000 00
[F] 010002d0 00000000
[D] 010002d0 00 00 00 00 0 00 00000000 00
[F] 010002d4 00000000
[D] 010002d4 00 00 00 00 0 00 00000000 00
[F] 010002d8 00000000
[D] 010002d8 00 00 00 00 0 00 00000000 00
[F] 010002dc 00000000
[D] 010002dc 00 00 00 00 0 00 00000000 00
[F] 010002e0 00000000
[D] 010002e0 00 00 00 00 0 00 00000000 00
[F] 010002e4 00000000
[D] 010002e4 00 00 00 00 0 00 00000000 00
[F] 010002e8 00000000
[D] 010002e8 00 00 00 00 0 00 00000000 00
[F] 010002ec 00000000
[D] 010002ec 00 00 00 00 0 00 00000000 00
[F] 010002f0 00000000
[D] 010002f0 00 00 00 00 0 00 00000000 00
[F] 010002f4 00000000
[D] 010002f4 00 00 00 00 0 00 00000000 00
[F] 010002f8 00000000
[D] 010002f8 00 00 00 00 0 00 00000000 00
[F] 010002fc 00000000
[D] 010002fc 00 00 00 00 0 00 00000000 00
[F] 01000300 00000000
[D] 01000300 00 00 00 00 0 00 00000000 00
[F] 01000304 00000000
[D] 01000304 00 00 00 00 0 00 00000000 00
[F] 01000308 00000000
[D] 01000308 00 00 00 00 0 00 00000000 00
[F] 0100030c 00000000
[D] 0100030c 00 00 00 00 0 00 00000000 00
[F] 01000310 00000000
[D] 01000310 00 00 00 00 0 00 00000000 00
[F] 01000314 00000000
[D] 01000314 00 00 00 00 0 00 00000000 00
[F] 01000318 00000000
[D] 01000318 00 00 00 00 0 00 00000000 00
[F] 0100031c 00000000
[D] 0100031c 00 00 00 00 0 00 00000000 00
[F] 01000320 00000000
[D] 01000320 00 00 00 00 0 00 00000000 00
[F] 01000324 00000000
[D] 01000324 00 00 00 00 0 00 00000000 00
[F] 01000328 00000000
[D] 01000328 00 00 00 00 0 00 00000000 00
[F] 0100032c 00000000
[D] 0100032c 00 00 00 00 0 00 00000000 00
[F] 01000330 00000000
[D] 01000330 00 00 00 00 0 00 00000000 00
[F] 01000334 00000000
[D] 01000334 00 00 00 00 0 00 00000000 00
[F] 01000338 00000000
[D] 01000338 00 00 00 00 0 00 00000000 00
[F] 0100033c 00000000
[D] 0100033c 00 00 00 00 0 00 00000000 00
[F] 01000340 00000000
[D] 01000340 00 00 00 00 0 00 00000000 00
[F] 01000344 00000000
[D] 01000344 00 00 00 00 0 00 00000000 00
[F] 01000348 00000000
[D] 01000348 00 00 00 00 0 00 00000000 00
[F] 0100034c 00000000
[D] 0100034c 00 00 00 00 0 00 00000000 00
[F] 01000350 00000000
[D] 01000350 00 00 00 00 0 00 00000000 00
[F] 01000354 00000000
[D] 01000354 00 00 00 00 0 00 00000000 00
[F] 01000358 00000000
[D] 01000358 00 00 00 00 0 00 00000000 00
[F] 0100035c 00000000
[D] 0100035c 00 00 00 00 0 00 00000000 00
[F] 01000360 00000000
[D] 01000360 00 00 00 00 0 00 00000000 00
[F] 01000364 00000000
[D] 01000364 00 00 00 00 0 00 00000000 00
[F] 01000368 00000000
[D] 01000368 00 00 00 00 0 00 00000000 00
[F] 0100036c 00000000
[D] 0100036c 00 00 00 00 0 00 00000000 00
[F] 01000370 00000000
[D] 01000370 00 00 00 00 0 00 00000000 00
[F] 01000374 00000000
[D] 01000374 00 00 00 00 0 00 00000000 00
[F] 01000378 00000000
[D] 01000378 00 00 00 00 0 00 00000000 00
[F] 0100037c 00000000
[D] 0100037c 00 00 00 00 0 00 00000000 00
[F] 01000380 00000000
[D] 01000380 00 00 00 00 0 00 00000000 00
[F] 01000384 00000000
[D] 01000384 00 00 00 00 0 00 00000000 00
[F] 01000388 00000000
[D] 01000388 00 00 00 00 0 00 00000000 00
[F] 0100038c 00000000
[D] 0100038c 00 00 00 00 0 00 00000000 00
[F] 01000390 00000000
[D] 01000390 00 00 00 00 0 00 00000000 00
[F] 01000394 00000000
[D] 01000394 00 00 00 00 0 00 00000000 00
[F] 01000398 00000000
[D] 01000398 00 00 00 00 0 00 00000000 00
[F] 0100039c 00000000
[D] 0100039c 00 00 00 00 0 00 00000000 00
[F] 010003a0 00000000
[D] 010003a0 00 00 00 00 0 00 00000000 00
[F] 010003a4 00000000
[D] 010003a4 00 00 00 00 0 00 00000000 00
[F] 010003a8 00000000
[D] 010003a8 00 00 00 00 0 00 00000000 00
[F] 010003ac 00000000
[D] 010003ac 00 00 00 00 0 00 00000000 00
[F] 010003b0 00000000
[D] 010003b0 00 00 00 00 0 00 00000000 00
[F] 010003b4 00000000
[D] 010003b4 00 00 00 00 0 00 00000000 00
[F] 010003b8 00000000
[D] 010003b8 00 00 00 00 0 00 00000000 00
[F] 010003bc 00000000
[D] 010003bc 00 00 00 00 0 00 00000000 00
[F] 010003c0 00000000
[D] 010003c0 00 00 00 00 0 00 00000000 00
[F] 010003c4 00000000
[D] 010003c4 00 00 00 00 0 00 00000000 00
[F] 010003c8 00000000
[D] 010003c8 00 00 00 00 0 00 00000000 00
[F] 010003cc 00000000
[D] 010003cc 00 00 00 00 0 00 00000000 00
[F] 010003d0 00000000
[D] 010003d0 00 00 00 00 0 00 00000000 00
[F] 010003d4 00000000
[D] 010003d4 00 00 00 00 0 00 00000000 00
[F] 010003d8 00000000
[D] 010003d8 00 00 00 00 0 00 00000000 00
[F] 010003dc 00000000
[D] 010003dc 00 00 00 00 0 00 00000000 00
[F] 010003e0 00000000
[D] 010003e0 00 00 00 00 0 00 00000000 00
[F] 010003e4 00000000
[D] 010003e4 00 00 00 00 0 00 00000000 00
[F] 010003e8 00000000
[D] 010003e8 00 00 00 00 0 00 00000000 00
[F] 010003ec 00000000
[D] 010003ec 00 00 00 00 0 00 00000000 00
[F] 010003f0 00000000
[D] 010003f0 00 00 00 00 0 00 00000000 00
[F] 010003f4 00000000
[D] 010003f4 00 00 00 00 0 00 00000000 00
[F] 010003f8 00000000
[D] 010003f8 00 00 00 00 0 00 00000000 00
[F] 010003fc 00000000
[D] 010003fc 00 00 00 00 0 00 00000000 00
[F] 01000400 00000000
[D] 01000400 00 00 00 00 0 00 00000000 00
[F] 01000404 00000000
[D] 01000404 00 00 00 00 0 00 00000000 00
[F] 01000408 00000000
[D] 01000408 00 00 00 00 0 00 00000000 00
[F] 0100040c 00000000
[D] 0100040c 00 00 00 00 0 00 00000000 00
[F] 01000410 00000000
[D] 01000410 00 00 00 00 0 00 00000000 00
[F] 01000414 00000000
[D] 01000414 00 00 00 00 0 00 00000000 00
[F] 01000418 00000000
[D] 01000418 00 00 00 00 0 00 00000000 00
[F] 0100041c 00000000
[D] 0100041c 00 00 00 00 0 00 00000000 00
[F] 01000420 00000000
[D] 01000420 00 00 00 00 0 00 00000000 00
[F] 01000424 00000000
[D] 01000424 00 00 00 00 0 00 00000000 00
[F] 01000428 00000000
[D] 01000428 00 00 00 00 0 00 00000000 00
[F] 0100042c 00000000
[D] 0100042c 00 00 00 00 0 00 00000000 00
[F] 01000430 00000000
[D] 01000430 00 00 00 00 0 00 00000000 00
[F] 01000434 00000000
[D] 01000434 00 00 00 00 0 00 00000000 00
[F] 01000438 00000000
[D] 01000438 00 00 00 00 0 00 00000000 00
[F] 0100043c 00000000
[D] 0100043c 00 00 00 00 0 00 00000000 00
[F] 01000440 00000000
[D] 01000440 00 00 00 00 0 00 00000000 00
[F] 01000444 00000000
[D] 01000444 00 00 00 00 0 00 00000000 00
[F] 01000448 00000000
[D] 01000448 00 00 00 00 0 00 00000000 00
[F] 0100044c 00000000
[D] 0100044c 00 00 00 00 0 00 00000000 00
[F] 01000450 00000000
[D] 01000450 00 00 00 00 0 00 00000000 00
[F] 01000454 00000000
[D] 01000454 00 00 00 00 0 00 00000000 00
[F] 01000458 00000000
[D] 01000458 00 00 00 00 0 00 00000000 00
[F] 0100045c 00000000
[D] 0100045c 00 00 00 00 0 00 00000000 00
[F] 01000460 00000000
[D] 01000460 00 00 00 00 0 00 00000000 00
[F] 01000464 00000000
[D] 01000464 00 00 00 00 0 00 00000000 00
[F] 01000468 00000000
[D] 01000468 00 00 00 00 0 00 00000000 00
[F] 0100046c 00000000
[D] 0100046c 00 00 00 00 0 00 00000000 00
[F] 01000470 00000000
[D] 01000470 00 00 00 00 0 00 00000000 00
[F] 01000474 00000000
[D] 01000474 00 00 00 00 0 00 00000000 00
[F] 01000478 00000000
[D] 01000478 00 00 00 00 0 00 00000000 00
[F] 0100047c 00000000
[D] 0100047c 00 00 00 00 0 00 00000000 00
[F] 01000480 00000000
[D] 01000480 00 00 00 00 0 00 00000000 00
[F] 01000484 00000000
[D] 01000484 00 00 00 00 0 00 00000000 00
[F] 01000488 00000000
[D] 01000488 00 00 00 00 0 00 00000000 00
[F] 0100048c 00000000
[D] 0100048c 00 00 00 00 0 00 00000000 00
[F] 01000490 00000000
[D] 01000490 00 00 00 00 0 00 00000000 00
[F] 01000494 00000000
[D] 01000494 00 00 00 00 0 00 00000000 00
[F] 01000498 00000000
[D] 01000498 00 00 00 00 0 00 00000000 00
[F] 0100049c 00000000
[D] 0100049c 00 00 00 00 0 00 00000000 00
[F] 010004a0 00000000
[D] 010004a0 00 00 00 00 0 00 00000000 00
[F] 010004a4 00000000
[D] 010004a4 00 00 00 00 0 00 00000000 00
[F] 010004a8 00000000
[D] 010004a8 00 00 00 00 0 00 00000000 00
[F] 010004ac 00000000
[D] 010004ac 00 00 00 00 0 00 00000000 00
[F] 010004b0 00000000
[D] 010004b0 00 00 00 00 0 00 00000000 00
[F] 010004b4 00000000
[D] 010004b4 00 00 00 00 0 00 00000000 00
[F] 010004b8 00000000
[D] 010004b8 00 00 00 00 0 00 00000000 00
[F] 010004bc 00000000
[D] 010004bc 00 00 00 00 0 00 00000000 00
[F] 010004c0 00000000
[D] 010004c0 00 00 00 00 0 00 00000000 00
[F] 010004c4 00000000
[D] 010004c4 00 00 00 00 0 00 00000000 00
[F] 010004c8 00000000
[D] 010004c8 00 00 00 00 0 00 00000000 00
[F] 010004cc 00000000
[D] 010004cc 00 00 00 00 0 00 00000000 00
[F] 010004d0 00000000
[D] 010004d0 00 00 00 00 0 00 00000000 00
[F] 010004d4 00000000
[D] 010004d4 00 00 00 00 0 00 00000000 00
[F] 010004d8 00000000
[D] 010004d8 00 00 00 00 0 00 00000000 00
[F] 010004dc 00000000
[D] 010004dc 00 00 00 00 0 00 00000000 00
[F] 010004e0 00000000
[D] 010004e0 00 00 00 00 0 00 00000000 00
[F] 010004e4 00000000
[D] 010004e4 00 00 00 00 0 00 00000000 00
[F] 010004e8 00000000
[D] 010004e8 00 00 00 00 0 00 00000000 00
[F] 010004ec 00000000
[D] 010004ec 00 00 00 00 0 00 00000000 00
[F] 010004f0 00000000
[D] 010004f0 00 00 00 00 0 00 00000000 00
[F] 010004f4 00000000
[D] 010004f4 00 00 00 00 0 00 00000000 00
[F] 010004f8 00000000
[D] 010004f8 00 00 00 00 0 00 00000000 00
[F] 010004fc 00000000
[D] 010004fc 00 00 00 00 0 00 00000000 00
[F] 01000500 00000000
[D] 01000500 00 00 00 00 0 00 00000000 00
[F] 01000504 00000000
[D] 01000504 00 00 00 00 0 00 00000000 00
[F] 01000508 00000000
[D] 01000508 00 00 00 00 0 00 00000000 00
[F] 0100050c 00000000
[D] 0100050c 00 00 00 00 0 00 00000000 00
[F] 01000510 00000000
[D] 01000510 00 00 00 00 0 00 00000000 00
[F] 01000514 00000000
[D] 01000514 00 00 00 00 0 00 00000000 00
[F] 01000518 00000000
[D] 01000518 00 00 00 00 0 00 00000000 00
[F] 0100051c 00000000
[D] 0100051c 00 00 00 00 0 00 00000000 00
[F] 01000520 00000000
[D] 01000520 00 00 00 00 0 00 00000000 00
[F] 01000524 00000000
[D] 01000524 00 00 00 00 0 00 00000000 00
[F] 01000528 00000000
[D] 01000528 00 00 00 00 0 00 00000000 00
[F] 0100052c 00000000
[D] 0100052c 00 00 00 00 0 00 00000000 00
[F] 01000530 00000000
[D] 01000530 00 00 00 00 0 00 00000000 00
[F] 01000534 00000000
[D] 01000534 00 00 00 00 0 00 00000000 00
[F] 01000538 00000000
[D] 01000538 00 00 00 00 0 00 00000000 00
[F] 0100053c 00000000
[D] 0100053c 00 00 00 00 0 00 00000000 00
[F] 01000540 00000000
[D] 01000540 00 00 00 00 0 00 00000000 00
[F] 01000544 00000000
[D] 01000544 00 00 00 00 0 00 00000000 00
[F] 01000548 00000000
[D] 01000548 00 00 00 00 0 00 00000000 00
[F] 0100054c 00000000
[D] 0100054c 00 00 00 00 0 00 00000000 00
[F] 01000550 00000000
[D] 01000550 00 00 00 00 0 00 00000000 00
[F] 01000554 00000000
[D] 01000554 00 00 00 00 0 00 00000000 00
[F] 01000558 00000000
[D] 01000558 00 00 00 00 0 00 00000000 00
[F] 0100055c 00000000
[D] 0100055c 00 00 00 00 0 00 00000000 00
[F] 01000560 00000000
[D] 01000560 00 00 00 00 0 00 00000000 00
[F] 01000564 00000000
[D] 01000564 00 00 00 00 0 00 00000000 00
[F] 01000568 00000000
[D] 01000568 00 00 00 00 0 00 00000000 00
[F] 0100056c 00000000
[D] 0100056c 00 00 00 00 0 00 00000000 00
[F] 01000570 00000000
[D] 01000570 00 00 00 00 0 00 00000000 00
[F] 01000574 00000000
[D] 01000574 00 00 00 00 0 00 00000000 00
[F] 01000578 00000000
[D] 01000578 00 00 00 00 0 00 00000000 00
[F] 0100057c 00000000
[D] 0100057c 00 00 00 00 0 00 00000000 00
[F] 01000580 00000000
[D] 01000580 00 00 00 00 0 00 00000000 00
[F] 01000584 00000000
[D] 01000584 00 00 00 00 0 00 00000000 00
[F] 01000588 00000000
[D] 01000588 00 00 00 00 0 00 00000000 00
[F] 0100058c 00000000
[D] 0100058c 00 00 00 00 0 00 00000000 00
[F] 01000590 00000000
[D] 01000590 00 00 00 00 0 00 00000000 00
[F] 01000594 00000000
[D] 01000594 00 00 00 00 0 00 00000000 00
[F] 01000598 00000000
[D] 01000598 00 00 00 00 0 00 00000000 00
[F] 0100059c 00000000
[D] 0100059c 00 00 00 00 0 00 00000000 00
[F] 010005a0 00000000
[D] 010005a0 00 00 00 00 0 00 00000000 00
[F] 010005a4 00000000
[D] 010005a4 00 00 00 00 0 00 00000000 00
[F] 010005a8 00000000
[D] 010005a8 00 00 00 00 0 00 00000000 00
[F] 010005ac 00000000
[D] 010005ac 00 00 00 00 0 00 00000000 00
[F] 010005b0 00000000
[D] 010005b0 00 00 00 00 0 00 00000000 00
[F] 010005b4 00000000
[D] 010005b4 00 00 00 00 0 00 00000000 00
[F] 010005b8 00000000
[D] 010005b8 00 00 00 00 0 00 00000000 00
[F] 010005bc 00000000
[D] 010005bc 00 00 00 00 0 00 00000000 00
[F] 010005c0 00000000
[D] 010005c0 00 00 00 00 0 00 00000000 00
[F] 010005c4 00000000
[D] 010005c4 00 00 00 00 0 00 00000000 00
[F] 010005c8 00000000
[D] 010005c8 00 00 00 00 0 00 00000000 00
[F] 010005cc 00000000
[D] 010005cc 00 00 00 00 0 00 00000000 00
[F] 010005d0 00000000
[D] 010005d0 00 00 00 00 0 00 00000000 00
[F] 010005d4 00000000
[D] 010005d4 00 00 00 00 0 00 00000000 00
[F] 010005d8 00000000
[D] 010005d8 00 00 00 00 0 00 00000000 00
