[F] 01000000 00000097
[D] 01000000 17 01 00 00 0 00 00000000 00
[F] 01000004 28408093
[D] 01000004 13 01 01 04 0 14 00000284 04
[F] 01000008 0000cf03
[D] 01000008 03 1e 01 00 4 00 00000000 00
[F] 0100000c 0ff00e93
[D] 0100000c 13 1d 00 1f 0 07 000000ff 1f
[F] 01000010 00200193
[D] 01000010 13 03 00 02 0 00 00000002 02
[F] 01000014 23df1c63
[D] 01000014 63 18 1e 1d 1 11 00000238 1d
[F] 01000018 00000097
[D] 01000018 17 01 00 00 0 00 00000000 00
[F] 0100001c 26c08093
[D] 0100001c 13 01 01 0c 0 13 0000026c 0c
[F] 01000020 0010cf03
[D] 01000020 03 1e 01 01 4 00 00000001 01
[F] 01000024 00000e93
[D] 01000024 13 1d 00 00 0 00 00000000 00
[F] 01000028 00300193
[D] 01000028 13 03 00 03 0 00 00000003 03
[F] 0100002c 23df1063
[D] 0100002c 63 00 1e 1d 1 11 00000220 1d
[F] 01000030 00000097
[D] 01000030 17 01 00 00 0 00 00000000 00
[F] 01000034 25408093
[D] 01000034 13 01 01 14 0 12 00000254 14
[F] 01000038 0020cf03
[D] 01000038 03 1e 01 02 4 00 00000002 02
[F] 0100003c 0f000e93
[D] 0100003c 13 1d 00 10 0 07 000000f0 10
[F] 01000040 00400193
[D] 01000040 13 03 00 04 0 00 00000004 04
[F] 01000044 21df1463
[D] 01000044 63 08 1e 1d 1 10 00000208 1d
[F] 01000048 00000097
[D] 01000048 17 01 00 00 0 00 00000000 00
[F] 0100004c 23c08093
[D] 0100004c 13 01 01 1c 0 11 0000023c 1c
[F] 01000050 0030cf03
[D] 01000050 03 1e 01 03 4 00 00000003 03
[F] 01000054 00f00e93
[D] 01000054 13 1d 00 0f 0 00 0000000f 0f
[F] 01000058 00500193
[D] 01000058 13 03 00 05 0 00 00000005 05
[F] 0100005c 1fdf1863
[D] 0100005c 63 10 1e 1d 1 0f 000001f0 1d
[F] 01000060 00000097
[D] 01000060 17 01 00 00 0 00 00000000 00
[F] 01000064 22708093
[D] 01000064 13 01 01 07 0 11 00000227 07
[F] 01000068 ffd0cf03
[D] 01000068 03 1e 01 1d 4 7f fffffffd 1d
[F] 0100006c 0ff00e93
[D] 0100006c 13 1d 00 1f 0 07 000000ff 1f
[F] 01000070 00600193
[D] 01000070 13 03 00 06 0 00 00000006 06
[F] 01000074 1ddf1c63
[D] 01000074 63 18 1e 1d 1 0e 000001d8 1d
[F] 01000078 00000097
[D] 01000078 17 01 00 00 0 00 00000000 00
[F] 0100007c 20f08093
[D] 0100007c 13 01 01 0f 0 10 0000020f 0f
[F] 01000080 ffe0cf03
[D] 01000080 03 1e 01 1e 4 7f fffffffe 1e
[F] 01000084 00000e93
[D] 01000084 13 1d 00 00 0 00 00000000 00
[F] 01000088 00700193
[D] 01000088 13 03 00 07 0 00 00000007 07
[F] 0100008c 1ddf1063
[D] 0100008c 63 00 1e 1d 1 0e 000001c0 1d
[F] 01000090 00000097
[D] 01000090 17 01 00 00 0 00 00000000 00
[F] 01000094 1f708093
[D] 01000094 13 01 01 17 0 0f 000001f7 17
[F] 01000098 fff0cf03
[D] 01000098 03 1e 01 1f 4 7f ffffffff 1f
[F] 0100009c 0f000e93
[D] 0100009c 13 1d 00 10 0 07 000000f0 10
[F] 010000a0 00800193
[D] 010000a0 13 03 00 08 0 00 00000008 08
[F] 010000a4 1bdf1463
[D] 010000a4 63 08 1e 1d 1 0d 000001a8 1d
[F] 010000a8 00000097
[D] 010000a8 17 01 00 00 0 00 00000000 00
[F] 010000ac 1df08093
[D] 010000ac 13 01 01 1f 0 0e 000001df 1f
[F] 010000b0 0000cf03
[D] 010000b0 03 1e 01 00 4 00 00000000 00
[F] 010000b4 00f00e93
[D] 010000b4 13 1d 00 0f 0 00 0000000f 0f
[F] 010000b8 00900193
[D] 010000b8 13 03 00 09 0 00 00000009 09
[F] 010000bc 19df1863
[D] 010000bc 63 10 1e 1d 1 0c 00000190 1d
[F] 010000c0 00000097
[D] 010000c0 17 01 00 00 0 00 00000000 00
[F] 010000c4 1c408093
[D] 010000c4 13 01 01 04 0 0e 000001c4 04
[F] 010000c8 fe008093
[D] 010000c8 13 01 01 00 0 7f ffffffe0 00
[F] 010000cc 0200c283
[D] 010000cc 03 05 01 00 4 01 00000020 00
[F] 010000d0 0ff00e93
[D] 010000d0 13 1d 00 1f 0 07 000000ff 1f
[F] 010000d4 00a00193
[D] 010000d4 13 03 00 0a 0 00 0000000a 0a
[F] 010000d8 17d29a63
[D] 010000d8 63 14 05 1d 1 0b 00000174 1d
[F] 010000dc 00000097
[D] 010000dc 17 01 00 00 0 00 00000000 00
[F] 010000e0 1a808093
[D] 010000e0 13 01 01 08 0 0d 000001a8 08
[F] 010000e4 ffa08093
[D] 010000e4 13 01 01 1a 0 7f fffffffa 1a
[F] 010000e8 0070c283
[D] 010000e8 03 05 01 07 4 00 00000007 07
[F] 010000ec 00000e93
[D] 010000ec 13 1d 00 00 0 00 00000000 00
[F] 010000f0 00b00193
[D] 010000f0 13 03 00 0b 0 00 0000000b 0b
[F] 010000f4 15d29c63
[D] 010000f4 63 18 05 1d 1 0a 00000158 1d
[F] 010000f8 00c00193
[D] 010000f8 13 03 00 0c 0 00 0000000c 0c
[F] 010000fc 00000213
[D] 010000fc 13 04 00 00 0 00 00000000 00
[F] 01000100 00000097
[D] 01000100 17 01 00 00 0 00 00000000 00
[F] 01000104 18508093
[D] 01000104 13 01 01 05 0 0c 00000185 05
[F] 01000108 0010cf03
[D] 01000108 03 1e 01 01 4 00 00000001 01
[F] 0100010c 000f0313
[D] 0100010c 13 06 1e 00 0 00 00000000 00
[F] 01000110 0f000e93
[D] 01000110 13 1d 00 10 0 07 000000f0 10
[F] 01000114 13d31c63
[D] 01000114 63 18 06 1d 1 09 00000138 1d
[F] 01000118 00120213
[D] 01000118 13 04 04 01 0 00 00000001 01
[F] 0100011c 00200293
[D] 0100011c 13 05 00 02 0 00 00000002 02
[F] 01000120 fe5210e3
[D] 01000120 63 01 04 05 1 7f ffffffe0 05
[F] 01000124 00d00193
[D] 01000124 13 03 00 0d 0 00 0000000d 0d
[F] 01000128 00000213
[D] 01000128 13 04 00 00 0 00 00000000 00
[F] 0100012c 00000097
[D] 0100012c 17 01 00 00 0 00 00000000 00
[F] 01000130 15a08093
[D] 01000130 13 01 01 1a 0 0a 0000015a 1a
[F] 01000134 0010cf03
[D] 01000134 03 1e 01 01 4 00 00000001 01
[F] 01000138 00000013
[D] 01000138 13 00 00 00 0 00 00000000 00
[F] 0100013c 000f0313
[D] 0100013c 13 06 1e 00 0 00 00000000 00
[F] 01000140 00f00e93
[D] 01000140 13 1d 00 0f 0 00 0000000f 0f
[F] 01000144 11d31463
[D] 01000144 63 08 06 1d 1 08 00000108 1d
[F] 01000148 00120213
[D] 01000148 13 04 04 01 0 00 00000001 01
[F] 0100014c 00200293
[D] 0100014c 13 05 00 02 0 00 00000002 02
[F] 01000150 fc521ee3
[D] 01000150 63 1d 04 05 1 7e ffffffdc 05
[F] 01000154 00e00193
[D] 01000154 13 03 00 0e 0 00 0000000e 0e
[F] 01000158 00000213
[D] 01000158 13 04 00 00 0 00 00000000 00
[F] 0100015c 00000097
[D] 0100015c 17 01 00 00 0 00 00000000 00
[F] 01000160 12808093
[D] 01000160 13 01 01 08 0 09 00000128 08
[F] 01000164 0010cf03
[D] 01000164 03 1e 01 01 4 00 00000001 01
[F] 01000168 00000013
[D] 01000168 13 00 00 00 0 00 00000000 00
[F] 0100016c 00000013
[D] 0100016c 13 00 00 00 0 00 00000000 00
[F] 01000170 000f0313
[D] 01000170 13 06 1e 00 0 00 00000000 00
[F] 01000174 00000e93
[D] 01000174 13 1d 00 00 0 00 00000000 00
[F] 01000178 0dd31a63
[D] 01000178 63 14 06 1d 1 06 000000d4 1d
[F] 0100017c 00120213
[D] 0100017c 13 04 04 01 0 00 00000001 01
[F] 01000180 00200293
[D] 01000180 13 05 00 02 0 00 00000002 02
[F] 01000184 fc521ce3
[D] 01000184 63 19 04 05 1 7e ffffffd8 05
[F] 01000188 00f00193
[D] 01000188 13 03 00 0f 0 00 0000000f 0f
[F] 0100018c 00000213
[D] 0100018c 13 04 00 00 0 00 00000000 00
[F] 01000190 00000097
[D] 01000190 17 01 00 00 0 00 00000000 00
[F] 01000194 0f508093
[D] 01000194 13 01 01 15 0 07 000000f5 15
[F] 01000198 0010cf03
[D] 01000198 03 1e 01 01 4 00 00000001 01
[F] 0100019c 0f000e93
[D] 0100019c 13 1d 00 10 0 07 000000f0 10
[F] 010001a0 0bdf1663
[D] 010001a0 63 0c 1e 1d 1 05 000000ac 1d
[F] 010001a4 00120213
[D] 010001a4 13 04 04 01 0 00 00000001 01
[F] 010001a8 00200293
[D] 010001a8 13 05 00 02 0 00 00000002 02
[F] 010001ac fe5212e3
[D] 010001ac 63 05 04 05 1 7f ffffffe4 05
[F] 010001b0 01000193
[D] 010001b0 13 03 00 10 0 00 00000010 10
[F] 010001b4 00000213
[D] 010001b4 13 04 00 00 0 00 00000000 00
[F] 010001b8 00000097
[D] 010001b8 17 01 00 00 0 00 00000000 00
[F] 010001bc 0ce08093
[D] 010001bc 13 01 01 0e 0 06 000000ce 0e
[F] 010001c0 00000013
[D] 010001c0 13 00 00 00 0 00 00000000 00
[F] 010001c4 0010cf03
[D] 010001c4 03 1e 01 01 4 00 00000001 01
[F] 010001c8 00f00e93
[D] 010001c8 13 1d 00 0f 0 00 0000000f 0f
[F] 010001cc 09df1063
[D] 010001cc 63 00 1e 1d 1 04 00000080 1d
[F] 010001d0 00120213
[D] 010001d0 13 04 04 01 0 00 00000001 01
[F] 010001d4 00200293
[D] 010001d4 13 05 00 02 0 00 00000002 02
[F] 010001d8 fe5210e3
[D] 010001d8 63 01 04 05 1 7f ffffffe0 05
[F] 010001dc 01100193
[D] 010001dc 13 03 00 11 0 00 00000011 11
[F] 010001e0 00000213
[D] 010001e0 13 04 00 00 0 00 00000000 00
[F] 010001e4 00000097
[D] 010001e4 17 01 00 00 0 00 00000000 00
[F] 010001e8 0a008093
[D] 010001e8 13 01 01 00 0 05 000000a0 00
[F] 010001ec 00000013
[D] 010001ec 13 00 00 00 0 00 00000000 00
[F] 010001f0 00000013
[D] 010001f0 13 00 00 00 0 00 00000000 00
[F] 010001f4 0010cf03
[D] 010001f4 03 1e 01 01 4 00 00000001 01
[F] 010001f8 00000e93
[D] 010001f8 13 1d 00 00 0 00 00000000 00
[F] 010001fc 05df1863
[D] 010001fc 63 10 1e 1d 1 02 00000050 1d
[F] 01000200 00120213
[D] 01000200 13 04 04 01 0 00 00000001 01
[F] 01000204 00200293
[D] 01000204 13 05 00 02 0 00 00000002 02
[F] 01000208 fc521ee3
[D] 01000208 63 1d 04 05 1 7e ffffffdc 05
[F] 0100020c 00000297
[D] 0100020c 17 05 00 00 0 00 00000000 00
[F] 01000210 07828293
[D] 01000210 13 05 05 18 0 03 00000078 18
[F] 01000214 0002c103
[D] 01000214 03 02 05 00 4 00 00000000 00
[F] 01000218 00200113
[D] 01000218 13 02 00 02 0 00 00000002 02
[F] 0100021c 00200e93
[D] 0100021c 13 1d 00 02 0 00 00000002 02
[F] 01000220 01200193
[D] 01000220 13 03 00 12 0 00 00000012 12
[F] 01000224 03d11463
[D] 01000224 63 08 02 1d 1 01 00000028 1d
[F] 01000228 00000297
[D] 01000228 17 05 00 00 0 00 00000000 00
[F] 0100022c 05c28293
[D] 0100022c 13 05 05 1c 0 02 0000005c 1c
[F] 01000230 0002c103
[D] 01000230 03 02 05 00 4 00 00000000 00
[F] 01000234 00000013
[D] 01000234 13 00 00 00 0 00 00000000 00
[F] 01000238 00200113
[D] 01000238 13 02 00 02 0 00 00000002 02
[F] 0100023c 00200e93
[D] 0100023c 13 1d 00 02 0 00 00000002 02
[F] 01000240 01300193
[D] 01000240 13 03 00 13 0 00 00000013 13
[F] 01000244 01d11463
[D] 01000244 63 08 02 1d 1 00 00000008 1d
[F] 01000248 00301c63
[D] 01000248 63 18 00 03 1 00 00000018 03
[F] 0100024c 0ff0000f
[D] 0100024c 0f 00 00 1f 0 07 00000000 1f
[F] 01000250 00018063
[D] 01000250 63 00 03 00 0 00 00000000 00
[F] 01000254 00119193
[D] 01000254 13 03 03 01 1 00 00000001 01
[F] 01000258 0011e193
[D] 01000258 13 03 03 01 6 00 00000001 01
[F] 0100025c 00000073
[D] 0100025c 73 00 00 00 0 00 00000000 00
[F] 01000260 0ff0000f
[D] 01000260 0f 00 00 1f 0 07 00000000 1f
[F] 01000264 00100193
[D] 01000264 13 03 00 01 0 00 00000001 01
[F] 01000268 00000073
[D] 01000268 73 00 00 00 0 00 00000000 00
[F] 0100026c c0001073
[D] 0100026c 73 00 00 00 1 60 00000000 00
[F] 01000270 00000000
[D] 01000270 00 00 00 00 0 00 00000000 00
[F] 01000274 00000000
[D] 01000274 00 00 00 00 0 00 00000000 00
[F] 01000278 00000000
[D] 01000278 00 00 00 00 0 00 00000000 00
[F] 0100027c 00000000
[D] 0100027c 00 00 00 00 0 00 00000000 00
[F] 01000280 00000000
[D] 01000280 00 00 00 00 0 00 00000000 00
[F] 01000284 0ff000ff
[D] 01000284 7f 01 00 1f 0 07 00000000 1f
[F] 01000288 00000000
[D] 01000288 00 00 00 00 0 00 00000000 00
[F] 0100028c 00000000
[D] 0100028c 00 00 00 00 0 00 00000000 00
[F] 01000290 00000000
[D] 01000290 00 00 00 00 0 00 00000000 00
[F] 01000294 00000000
[D] 01000294 00 00 00 00 0 00 00000000 00
[F] 01000298 00000000
[D] 01000298 00 00 00 00 0 00 00000000 00
[F] 0100029c 00000000
[D] 0100029c 00 00 00 00 0 00 00000000 00
[F] 010002a0 00000000
[D] 010002a0 00 00 00 00 0 00 00000000 00
[F] 010002a4 00000000
[D] 010002a4 00 00 00 00 0 00 00000000 00
[F] 010002a8 00000000
[D] 010002a8 00 00 00 00 0 00 00000000 00
[F] 010002ac 00000000
[D] 010002ac 00 00 00 00 0 00 00000000 00
[F] 010002b0 00000000
[D] 010002b0 00 00 00 00 0 00 00000000 00
[F] 010002b4 00000000
[D] 010002b4 00 00 00 00 0 00 00000000 00
[F] 010002b8 00000000
[D] 010002b8 00 00 00 00 0 00 00000000 00
[F] 010002bc 00000000
[D] 010002bc 00 00 00 00 0 00 00000000 00
[F] 010002c0 00000000
[D] 010002c0 00 00 00 00 0 00 00000000 00
[F] 010002c4 00000000
[D] 010002c4 00 00 00 00 0 00 00000000 00
[F] 010002c8 00000000
[D] 010002c8 00 00 00 00 0 00 00000000 00
[F] 010002cc 00000000
[D] 010002cc 00 00 00 00 0 00 00000000 00
[F] 010002d0 00000000
[D] 010002d0 00 00 00 00 0 00 00000000 00
[F] 010002d4 00000000
[D] 010002d4 00 00 00 00 0 00 00000000 00
[F] 010002d8 00000000
[D] 010002d8 00 00 00 00 0 00 00000000 00
[F] 010002dc 00000000
[D] 010002dc 00 00 00 00 0 00 00000000 00
[F] 010002e0 00000000
[D] 010002e0 00 00 00 00 0 00 00000000 00
[F] 010002e4 00000000
[D] 010002e4 00 00 00 00 0 00 00000000 00
[F] 010002e8 00000000
[D] 010002e8 00 00 00 00 0 00 00000000 00
[F] 010002ec 00000000
[D] 010002ec 00 00 00 00 0 00 00000000 00
[F] 010002f0 00000000
[D] 010002f0 00 00 00 00 0 00 00000000 00
[F] 010002f4 00000000
[D] 010002f4 00 00 00 00 0 00 00000000 00
[F] 010002f8 00000000
[D] 010002f8 00 00 00 00 0 00 00000000 00
[F] 010002fc 00000000
[D] 010002fc 00 00 00 00 0 00 00000000 00
[F] 01000300 00000000
[D] 01000300 00 00 00 00 0 00 00000000 00
[F] 01000304 00000000
[D] 01000304 00 00 00 00 0 00 00000000 00
[F] 01000308 00000000
[D] 01000308 00 00 00 00 0 00 00000000 00
[F] 0100030c 00000000
[D] 0100030c 00 00 00 00 0 00 00000000 00
[F] 01000310 00000000
[D] 01000310 00 00 00 00 0 00 00000000 00
[F] 01000314 00000000
[D] 01000314 00 00 00 00 0 00 00000000 00
[F] 01000318 00000000
[D] 01000318 00 00 00 00 0 00 00000000 00
[F] 0100031c 00000000
[D] 0100031c 00 00 00 00 0 00 00000000 00
[F] 01000320 00000000
[D] 01000320 00 00 00 00 0 00 00000000 00
[F] 01000324 00000000
[D] 01000324 00 00 00 00 0 00 00000000 00
[F] 01000328 00000000
[D] 01000328 00 00 00 00 0 00 00000000 00
[F] 0100032c 00000000
[D] 0100032c 00 00 00 00 0 00 00000000 00
[F] 01000330 00000000
[D] 01000330 00 00 00 00 0 00 00000000 00
[F] 01000334 00000000
[D] 01000334 00 00 00 00 0 00 00000000 00
[F] 01000338 00000000
[D] 01000338 00 00 00 00 0 00 00000000 00
[F] 0100033c 00000000
[D] 0100033c 00 00 00 00 0 00 00000000 00
[F] 01000340 00000000
[D] 01000340 00 00 00 00 0 00 00000000 00
[F] 01000344 00000000
[D] 01000344 00 00 00 00 0 00 00000000 00
[F] 01000348 00000000
[D] 01000348 00 00 00 00 0 00 00000000 00
[F] 0100034c 00000000
[D] 0100034c 00 00 00 00 0 00 00000000 00
[F] 01000350 00000000
[D] 01000350 00 00 00 00 0 00 00000000 00
[F] 01000354 00000000
[D] 01000354 00 00 00 00 0 00 00000000 00
[F] 01000358 00000000
[D] 01000358 00 00 00 00 0 00 00000000 00
[F] 0100035c 00000000
[D] 0100035c 00 00 00 00 0 00 00000000 00
[F] 01000360 00000000
[D] 01000360 00 00 00 00 0 00 00000000 00
[F] 01000364 00000000
[D] 01000364 00 00 00 00 0 00 00000000 00
[F] 01000368 00000000
[D] 01000368 00 00 00 00 0 00 00000000 00
[F] 0100036c 00000000
[D] 0100036c 00 00 00 00 0 00 00000000 00
[F] 01000370 00000000
[D] 01000370 00 00 00 00 0 00 00000000 00
[F] 01000374 00000000
[D] 01000374 00 00 00 00 0 00 00000000 00
[F] 01000378 00000000
[D] 01000378 00 00 00 00 0 00 00000000 00
[F] 0100037c 00000000
[D] 0100037c 00 00 00 00 0 00 00000000 00
[F] 01000380 00000000
[D] 01000380 00 00 00 00 0 00 00000000 00
[F] 01000384 00000000
[D] 01000384 00 00 00 00 0 00 00000000 00
[F] 01000388 00000000
[D] 01000388 00 00 00 00 0 00 00000000 00
[F] 0100038c 00000000
[D] 0100038c 00 00 00 00 0 00 00000000 00
[F] 01000390 00000000
[D] 01000390 00 00 00 00 0 00 00000000 00
[F] 01000394 00000000
[D] 01000394 00 00 00 00 0 00 00000000 00
[F] 01000398 00000000
[D] 01000398 00 00 00 00 0 00 00000000 00
[F] 0100039c 00000000
[D] 0100039c 00 00 00 00 0 00 00000000 00
[F] 010003a0 00000000
[D] 010003a0 00 00 00 00 0 00 00000000 00
[F] 010003a4 00000000
[D] 010003a4 00 00 00 00 0 00 00000000 00
[F] 010003a8 00000000
[D] 010003a8 00 00 00 00 0 00 00000000 00
[F] 010003ac 00000000
[D] 010003ac 00 00 00 00 0 00 00000000 00
[F] 010003b0 00000000
[D] 010003b0 00 00 00 00 0 00 00000000 00
[F] 010003b4 00000000
[D] 010003b4 00 00 00 00 0 00 00000000 00
[F] 010003b8 00000000
[D] 010003b8 00 00 00 00 0 00 00000000 00
[F] 010003bc 00000000
[D] 010003bc 00 00 00 00 0 00 00000000 00
[F] 010003c0 00000000
[D] 010003c0 00 00 00 00 0 00 00000000 00
[F] 010003c4 00000000
[D] 010003c4 00 00 00 00 0 00 00000000 00
[F] 010003c8 00000000
[D] 010003c8 00 00 00 00 0 00 00000000 00
[F] 010003cc 00000000
[D] 010003cc 00 00 00 00 0 00 00000000 00
[F] 010003d0 00000000
[D] 010003d0 00 00 00 00 0 00 00000000 00
[F] 010003d4 00000000
[D] 010003d4 00 00 00 00 0 00 00000000 00
[F] 010003d8 00000000
[D] 010003d8 00 00 00 00 0 00 00000000 00
[F] 010003dc 00000000
[D] 010003dc 00 00 00 00 0 00 00000000 00
[F] 010003e0 00000000
[D] 010003e0 00 00 00 00 0 00 00000000 00
[F] 010003e4 00000000
[D] 010003e4 00 00 00 00 0 00 00000000 00
[F] 010003e8 00000000
[D] 010003e8 00 00 00 00 0 00 00000000 00
[F] 010003ec 00000000
[D] 010003ec 00 00 00 00 0 00 00000000 00
[F] 010003f0 00000000
[D] 010003f0 00 00 00 00 0 00 00000000 00
[F] 010003f4 00000000
[D] 010003f4 00 00 00 00 0 00 00000000 00
[F] 010003f8 00000000
[D] 010003f8 00 00 00 00 0 00 00000000 00
[F] 010003fc 00000000
[D] 010003fc 00 00 00 00 0 00 00000000 00
[F] 01000400 00000000
[D] 01000400 00 00 00 00 0 00 00000000 00
[F] 01000404 00000000
[D] 01000404 00 00 00 00 0 00 00000000 00
[F] 01000408 00000000
[D] 01000408 00 00 00 00 0 00 00000000 00
[F] 0100040c 00000000
[D] 0100040c 00 00 00 00 0 00 00000000 00
[F] 01000410 00000000
[D] 01000410 00 00 00 00 0 00 00000000 00
[F] 01000414 00000000
[D] 01000414 00 00 00 00 0 00 00000000 00
[F] 01000418 00000000
[D] 01000418 00 00 00 00 0 00 00000000 00
[F] 0100041c 00000000
[D] 0100041c 00 00 00 00 0 00 00000000 00
[F] 01000420 00000000
[D] 01000420 00 00 00 00 0 00 00000000 00
[F] 01000424 00000000
[D] 01000424 00 00 00 00 0 00 00000000 00
[F] 01000428 00000000
[D] 01000428 00 00 00 00 0 00 00000000 00
[F] 0100042c 00000000
[D] 0100042c 00 00 00 00 0 00 00000000 00
[F] 01000430 00000000
[D] 01000430 00 00 00 00 0 00 00000000 00
[F] 01000434 00000000
[D] 01000434 00 00 00 00 0 00 00000000 00
[F] 01000438 00000000
[D] 01000438 00 00 00 00 0 00 00000000 00
[F] 0100043c 00000000
[D] 0100043c 00 00 00 00 0 00 00000000 00
[F] 01000440 00000000
[D] 01000440 00 00 00 00 0 00 00000000 00
[F] 01000444 00000000
[D] 01000444 00 00 00 00 0 00 00000000 00
[F] 01000448 00000000
[D] 01000448 00 00 00 00 0 00 00000000 00
[F] 0100044c 00000000
[D] 0100044c 00 00 00 00 0 00 00000000 00
[F] 01000450 00000000
[D] 01000450 00 00 00 00 0 00 00000000 00
[F] 01000454 00000000
[D] 01000454 00 00 00 00 0 00 00000000 00
[F] 01000458 00000000
[D] 01000458 00 00 00 00 0 00 00000000 00
[F] 0100045c 00000000
[D] 0100045c 00 00 00 00 0 00 00000000 00
[F] 01000460 00000000
[D] 01000460 00 00 00 00 0 00 00000000 00
[F] 01000464 00000000
[D] 01000464 00 00 00 00 0 00 00000000 00
[F] 01000468 00000000
[D] 01000468 00 00 00 00 0 00 00000000 00
[F] 0100046c 00000000
[D] 0100046c 00 00 00 00 0 00 00000000 00
[F] 01000470 00000000
[D] 01000470 00 00 00 00 0 00 00000000 00
[F] 01000474 00000000
[D] 01000474 00 00 00 00 0 00 00000000 00
[F] 01000478 00000000
[D] 01000478 00 00 00 00 0 00 00000000 00
[F] 0100047c 00000000
[D] 0100047c 00 00 00 00 0 00 00000000 00
[F] 01000480 00000000
[D] 01000480 00 00 00 00 0 00 00000000 00
[F] 01000484 00000000
[D] 01000484 00 00 00 00 0 00 00000000 00
[F] 01000488 00000000
[D] 01000488 00 00 00 00 0 00 00000000 00
[F] 0100048c 00000000
[D] 0100048c 00 00 00 00 0 00 00000000 00
[F] 01000490 00000000
[D] 01000490 00 00 00 00 0 00 00000000 00
[F] 01000494 00000000
[D] 01000494 00 00 00 00 0 00 00000000 00
[F] 01000498 00000000
[D] 01000498 00 00 00 00 0 00 00000000 00
[F] 0100049c 00000000
[D] 0100049c 00 00 00 00 0 00 00000000 00
[F] 010004a0 00000000
[D] 010004a0 00 00 00 00 0 00 00000000 00
[F] 010004a4 00000000
[D] 010004a4 00 00 00 00 0 00 00000000 00
[F] 010004a8 00000000
[D] 010004a8 00 00 00 00 0 00 00000000 00
[F] 010004ac 00000000
[D] 010004ac 00 00 00 00 0 00 00000000 00
[F] 010004b0 00000000
[D] 010004b0 00 00 00 00 0 00 00000000 00
[F] 010004b4 00000000
[D] 010004b4 00 00 00 00 0 00 00000000 00
[F] 010004b8 00000000
[D] 010004b8 00 00 00 00 0 00 00000000 00
[F] 010004bc 00000000
[D] 010004bc 00 00 00 00 0 00 00000000 00
[F] 010004c0 00000000
[D] 010004c0 00 00 00 00 0 00 00000000 00
[F] 010004c4 00000000
[D] 010004c4 00 00 00 00 0 00 00000000 00
[F] 010004c8 00000000
[D] 010004c8 00 00 00 00 0 00 00000000 00
[F] 010004cc 00000000
[D] 010004cc 00 00 00 00 0 00 00000000 00
[F] 010004d0 00000000
[D] 010004d0 00 00 00 00 0 00 00000000 00
[F] 010004d4 00000000
[D] 010004d4 00 00 00 00 0 00 00000000 00
[F] 010004d8 00000000
[D] 010004d8 00 00 00 00 0 00 00000000 00
[F] 010004dc 00000000
[D] 010004dc 00 00 00 00 0 00 00000000 00
[F] 010004e0 00000000
[D] 010004e0 00 00 00 00 0 00 00000000 00
[F] 010004e4 00000000
[D] 010004e4 00 00 00 00 0 00 00000000 00
[F] 010004e8 00000000
[D] 010004e8 00 00 00 00 0 00 00000000 00
[F] 010004ec 00000000
[D] 010004ec 00 00 00 00 0 00 00000000 00
[F] 010004f0 00000000
[D] 010004f0 00 00 00 00 0 00 00000000 00
[F] 010004f4 00000000
[D] 010004f4 00 00 00 00 0 00 00000000 00
[F] 010004f8 00000000
[D] 010004f8 00 00 00 00 0 00 00000000 00
[F] 010004fc 00000000
[D] 010004fc 00 00 00 00 0 00 00000000 00
[F] 01000500 00000000
[D] 01000500 00 00 00 00 0 00 00000000 00
[F] 01000504 00000000
[D] 01000504 00 00 00 00 0 00 00000000 00
[F] 01000508 00000000
[D] 01000508 00 00 00 00 0 00 00000000 00
[F] 0100050c 00000000
[D] 0100050c 00 00 00 00 0 00 00000000 00
[F] 01000510 00000000
[D] 01000510 00 00 00 00 0 00 00000000 00
[F] 01000514 00000000
[D] 01000514 00 00 00 00 0 00 00000000 00
[F] 01000518 00000000
[D] 01000518 00 00 00 00 0 00 00000000 00
[F] 0100051c 00000000
[D] 0100051c 00 00 00 00 0 00 00000000 00
[F] 01000520 00000000
[D] 01000520 00 00 00 00 0 00 00000000 00
[F] 01000524 00000000
[D] 01000524 00 00 00 00 0 00 00000000 00
[F] 01000528 00000000
[D] 01000528 00 00 00 00 0 00 00000000 00
[F] 0100052c 00000000
[D] 0100052c 00 00 00 00 0 00 00000000 00
[F] 01000530 00000000
[D] 01000530 00 00 00 00 0 00 00000000 00
[F] 01000534 00000000
[D] 01000534 00 00 00 00 0 00 00000000 00
[F] 01000538 00000000
[D] 01000538 00 00 00 00 0 00 00000000 00
[F] 0100053c 00000000
[D] 0100053c 00 00 00 00 0 00 00000000 00
[F] 01000540 00000000
[D] 01000540 00 00 00 00 0 00 00000000 00
[F] 01000544 00000000
[D] 01000544 00 00 00 00 0 00 00000000 00
[F] 01000548 00000000
[D] 01000548 00 00 00 00 0 00 00000000 00
[F] 0100054c 00000000
[D] 0100054c 00 00 00 00 0 00 00000000 00
[F] 01000550 00000000
[D] 01000550 00 00 00 00 0 00 00000000 00
[F] 01000554 00000000
[D] 01000554 00 00 00 00 0 00 00000000 00
[F] 01000558 00000000
[D] 01000558 00 00 00 00 0 00 00000000 00
[F] 0100055c 00000000
[D] 0100055c 00 00 00 00 0 00 00000000 00
[F] 01000560 00000000
[D] 01000560 00 00 00 00 0 00 00000000 00
[F] 01000564 00000000
[D] 01000564 00 00 00 00 0 00 00000000 00
[F] 01000568 00000000
[D] 01000568 00 00 00 00 0 00 00000000 00
[F] 0100056c 00000000
[D] 0100056c 00 00 00 00 0 00 00000000 00
[F] 01000570 00000000
[D] 01000570 00 00 00 00 0 00 00000000 00
[F] 01000574 00000000
[D] 01000574 00 00 00 00 0 00 00000000 00
[F] 01000578 00000000
[D] 01000578 00 00 00 00 0 00 00000000 00
[F] 0100057c 00000000
[D] 0100057c 00 00 00 00 0 00 00000000 00
[F] 01000580 00000000
[D] 01000580 00 00 00 00 0 00 00000000 00
[F] 01000584 00000000
[D] 01000584 00 00 00 00 0 00 00000000 00
[F] 01000588 00000000
[D] 01000588 00 00 00 00 0 00 00000000 00
[F] 0100058c 00000000
[D] 0100058c 00 00 00 00 0 00 00000000 00
[F] 01000590 00000000
[D] 01000590 00 00 00 00 0 00 00000000 00
[F] 01000594 00000000
[D] 01000594 00 00 00 00 0 00 00000000 00
[F] 01000598 00000000
[D] 01000598 00 00 00 00 0 00 00000000 00
[F] 0100059c 00000000
[D] 0100059c 00 00 00 00 0 00 00000000 00
[F] 010005a0 00000000
[D] 010005a0 00 00 00 00 0 00 00000000 00
[F] 010005a4 00000000
[D] 010005a4 00 00 00 00 0 00 00000000 00
[F] 010005a8 00000000
[D] 010005a8 00 00 00 00 0 00 00000000 00
[F] 010005ac 00000000
[D] 010005ac 00 00 00 00 0 00 00000000 00
[F] 010005b0 00000000
[D] 010005b0 00 00 00 00 0 00 00000000 00
[F] 010005b4 00000000
[D] 010005b4 00 00 00 00 0 00 00000000 00
[F] 010005b8 00000000
[D] 010005b8 00 00 00 00 0 00 00000000 00
[F] 010005bc 00000000
[D] 010005bc 00 00 00 00 0 00 00000000 00
[F] 010005c0 00000000
[D] 010005c0 00 00 00 00 0 00 00000000 00
[F] 010005c4 00000000
[D] 010005c4 00 00 00 00 0 00 00000000 00
[F] 010005c8 00000000
[D] 010005c8 00 00 00 00 0 00 00000000 00
[F] 010005cc 00000000
[D] 010005cc 00 00 00 00 0 00 00000000 00
[F] 010005d0 00000000
[D] 010005d0 00 00 00 00 0 00 00000000 00
[F] 010005d4 00000000
[D] 010005d4 00 00 00 00 0 00 00000000 00
[F] 010005d8 00000000
[D] 010005d8 00 00 00 00 0 00 00000000 00
