[F] 01000000 00200193
[D] 01000000 13 03 00 02 0 00 00000002 02
[R] 00 02 00000000 01100000
[E] 01000000 00000002 0
[F] 01000004 00000293
[D] 01000004 13 05 00 00 0 00 00000000 00
[R] 00 00 00000000 00000000
[E] 01000004 00000000 0
[F] 01000008 00000317
[D] 01000008 17 06 00 00 0 00 00000000 00
[R] 00 00 00000000 00000000
[E] 01000008 01000008 0
[F] 0100000c 01030313
[D] 0100000c 13 06 06 10 0 00 00000010 10
[R] 06 10 00000000 00000000
[E] 0100000c 00000010 0
[F] 01000010 000302e7
[D] 01000010 67 05 06 00 0 00 00000000 00
[R] 06 00 00000000 00000000
[E] 01000010 00000000 0
[F] 00000000 00200193
[D] 00000000 13 03 00 02 0 00 00000002 02
[R] 00 02 00000000 01100000
[E] 00000000 00000002 0
[F] 00000004 00000293
[D] 00000004 13 05 00 00 0 00 00000000 00
[R] 00 00 00000000 00000000
[E] 00000004 00000000 0
[F] 00000008 00000317
[D] 00000008 17 06 00 00 0 00 00000000 00
[R] 00 00 00000000 00000000
[E] 00000008 00000008 0
[F] 0000000c 01030313
[D] 0000000c 13 06 06 10 0 00 00000010 10
[R] 06 10 00000000 00000000
[E] 0000000c 00000010 0
[F] 00000010 000302e7
[D] 00000010 67 05 06 00 0 00 00000000 00
[R] 06 00 00000000 00000000
[E] 00000010 00000000 0
[F] 00000000 00200193
[D] 00000000 13 03 00 02 0 00 00000002 02
[R] 00 02 00000000 01100000
[E] 00000000 00000002 0
[F] 00000004 00000293
[D] 00000004 13 05 00 00 0 00 00000000 00
[R] 00 00 00000000 00000000
[E] 00000004 00000000 0
[F] 00000008 00000317
[D] 00000008 17 06 00 00 0 00 00000000 00
[R] 00 00 00000000 00000000
[E] 00000008 00000008 0
[F] 0000000c 01030313
[D] 0000000c 13 06 06 10 0 00 00000010 10
[R] 06 10 00000000 00000000
[E] 0000000c 00000010 0
[F] 00000010 000302e7
[D] 00000010 67 05 06 00 0 00 00000000 00
[R] 06 00 00000000 00000000
[E] 00000010 00000000 0
[F] 00000000 00200193
[D] 00000000 13 03 00 02 0 00 00000002 02
[R] 00 02 00000000 01100000
[E] 00000000 00000002 0
[F] 00000004 00000293
[D] 00000004 13 05 00 00 0 00 00000000 00
[R] 00 00 00000000 00000000
[E] 00000004 00000000 0
[F] 00000008 00000317
[D] 00000008 17 06 00 00 0 00 00000000 00
[R] 00 00 00000000 00000000
[E] 00000008 00000008 0
[F] 0000000c 01030313
[D] 0000000c 13 06 06 10 0 00 00000010 10
[R] 06 10 00000000 00000000
[E] 0000000c 00000010 0
[F] 00000010 000302e7
[D] 00000010 67 05 06 00 0 00 00000000 00
[R] 06 00 00000000 00000000
[E] 00000010 00000000 0
[F] 00000000 00200193
[D] 00000000 13 03 00 02 0 00 00000002 02
[R] 00 02 00000000 01100000
[E] 00000000 00000002 0
[F] 00000004 00000293
[D] 00000004 13 05 00 00 0 00 00000000 00
[R] 00 00 00000000 00000000
[E] 00000004 00000000 0
[F] 00000008 00000317
[D] 00000008 17 06 00 00 0 00 00000000 00
[R] 00 00 00000000 00000000
[E] 00000008 00000008 0
[F] 0000000c 01030313
[D] 0000000c 13 06 06 10 0 00 00000010 10
[R] 06 10 00000000 00000000
[E] 0000000c 00000010 0
[F] 00000010 000302e7
[D] 00000010 67 05 06 00 0 00 00000000 00
[R] 06 00 00000000 00000000
[E] 00000010 00000000 0
[F] 00000000 00200193
[D] 00000000 13 03 00 02 0 00 00000002 02
[R] 00 02 00000000 01100000
[E] 00000000 00000002 0
[F] 00000004 00000293
[D] 00000004 13 05 00 00 0 00 00000000 00
[R] 00 00 00000000 00000000
[E] 00000004 00000000 0
[F] 00000008 00000317
[D] 00000008 17 06 00 00 0 00 00000000 00
[R] 00 00 00000000 00000000
[E] 00000008 00000008 0
[F] 0000000c 01030313
[D] 0000000c 13 06 06 10 0 00 00000010 10
[R] 06 10 00000000 00000000
[E] 0000000c 00000010 0
[F] 00000010 000302e7
[D] 00000010 67 05 06 00 0 00 00000000 00
[R] 06 00 00000000 00000000
[E] 00000010 00000000 0
[F] 00000000 00200193
[D] 00000000 13 03 00 02 0 00 00000002 02
[R] 00 02 00000000 01100000
[E] 00000000 00000002 0
[F] 00000004 00000293
[D] 00000004 13 05 00 00 0 00 00000000 00
[R] 00 00 00000000 00000000
[E] 00000004 00000000 0
[F] 00000008 00000317
[D] 00000008 17 06 00 00 0 00 00000000 00
[R] 00 00 00000000 00000000
[E] 00000008 00000008 0
[F] 0000000c 01030313
[D] 0000000c 13 06 06 10 0 00 00000010 10
[R] 06 10 00000000 00000000
[E] 0000000c 00000010 0
[F] 00000010 000302e7
[D] 00000010 67 05 06 00 0 00 00000000 00
[R] 06 00 00000000 00000000
[E] 00000010 00000000 0
[F] 00000000 00200193
[D] 00000000 13 03 00 02 0 00 00000002 02
[R] 00 02 00000000 01100000
[E] 00000000 00000002 0
[F] 00000004 00000293
[D] 00000004 13 05 00 00 0 00 00000000 00
[R] 00 00 00000000 00000000
[E] 00000004 00000000 0
[F] 00000008 00000317
[D] 00000008 17 06 00 00 0 00 00000000 00
[R] 00 00 00000000 00000000
[E] 00000008 00000008 0
[F] 0000000c 01030313
[D] 0000000c 13 06 06 10 0 00 00000010 10
[R] 06 10 00000000 00000000
[E] 0000000c 00000010 0
[F] 00000010 000302e7
[D] 00000010 67 05 06 00 0 00 00000000 00
[R] 06 00 00000000 00000000
[E] 00000010 00000000 0
[F] 00000000 00200193
[D] 00000000 13 03 00 02 0 00 00000002 02
[R] 00 02 00000000 01100000
[E] 00000000 00000002 0
[F] 00000004 00000293
[D] 00000004 13 05 00 00 0 00 00000000 00
[R] 00 00 00000000 00000000
[E] 00000004 00000000 0
[F] 00000008 00000317
[D] 00000008 17 06 00 00 0 00 00000000 00
[R] 00 00 00000000 00000000
[E] 00000008 00000008 0
[F] 0000000c 01030313
[D] 0000000c 13 06 06 10 0 00 00000010 10
[R] 06 10 00000000 00000000
[E] 0000000c 00000010 0
[F] 00000010 000302e7
[D] 00000010 67 05 06 00 0 00 00000000 00
[R] 06 00 00000000 00000000
[E] 00000010 00000000 0
[F] 00000000 00200193
[D] 00000000 13 03 00 02 0 00 00000002 02
[R] 00 02 00000000 01100000
[E] 00000000 00000002 0
[F] 00000004 00000293
[D] 00000004 13 05 00 00 0 00 00000000 00
[R] 00 00 00000000 00000000
[E] 00000004 00000000 0
[F] 00000008 00000317
[D] 00000008 17 06 00 00 0 00 00000000 00
[R] 00 00 00000000 00000000
[E] 00000008 00000008 0
[F] 0000000c 01030313
[D] 0000000c 13 06 06 10 0 00 00000010 10
[R] 06 10 00000000 00000000
[E] 0000000c 00000010 0
[F] 00000010 000302e7
[D] 00000010 67 05 06 00 0 00 00000000 00
[R] 06 00 00000000 00000000
[E] 00000010 00000000 0
[F] 00000000 00200193
[D] 00000000 13 03 00 02 0 00 00000002 02
[R] 00 02 00000000 01100000
[E] 00000000 00000002 0
[F] 00000004 00000293
[D] 00000004 13 05 00 00 0 00 00000000 00
[R] 00 00 00000000 00000000
[E] 00000004 00000000 0
[F] 00000008 00000317
[D] 00000008 17 06 00 00 0 00 00000000 00
[R] 00 00 00000000 00000000
[E] 00000008 00000008 0
[F] 0000000c 01030313
[D] 0000000c 13 06 06 10 0 00 00000010 10
[R] 06 10 00000000 00000000
[E] 0000000c 00000010 0
[F] 00000010 000302e7
[D] 00000010 67 05 06 00 0 00 00000000 00
[R] 06 00 00000000 00000000
[E] 00000010 00000000 0
[F] 00000000 00200193
[D] 00000000 13 03 00 02 0 00 00000002 02
[R] 00 02 00000000 01100000
[E] 00000000 00000002 0
[F] 00000004 00000293
[D] 00000004 13 05 00 00 0 00 00000000 00
[R] 00 00 00000000 00000000
[E] 00000004 00000000 0
[F] 00000008 00000317
[D] 00000008 17 06 00 00 0 00 00000000 00
[R] 00 00 00000000 00000000
[E] 00000008 00000008 0
[F] 0000000c 01030313
[D] 0000000c 13 06 06 10 0 00 00000010 10
[R] 06 10 00000000 00000000
[E] 0000000c 00000010 0
[F] 00000010 000302e7
[D] 00000010 67 05 06 00 0 00 00000000 00
[R] 06 00 00000000 00000000
[E] 00000010 00000000 0
[F] 00000000 00200193
[D] 00000000 13 03 00 02 0 00 00000002 02
[R] 00 02 00000000 01100000
[E] 00000000 00000002 0
[F] 00000004 00000293
[D] 00000004 13 05 00 00 0 00 00000000 00
[R] 00 00 00000000 00000000
[E] 00000004 00000000 0
[F] 00000008 00000317
[D] 00000008 17 06 00 00 0 00 00000000 00
[R] 00 00 00000000 00000000
[E] 00000008 00000008 0
[F] 0000000c 01030313
[D] 0000000c 13 06 06 10 0 00 00000010 10
[R] 06 10 00000000 00000000
[E] 0000000c 00000010 0
[F] 00000010 000302e7
[D] 00000010 67 05 06 00 0 00 00000000 00
[R] 06 00 00000000 00000000
[E] 00000010 00000000 0
[F] 00000000 00200193
[D] 00000000 13 03 00 02 0 00 00000002 02
[R] 00 02 00000000 01100000
[E] 00000000 00000002 0
[F] 00000004 00000293
[D] 00000004 13 05 00 00 0 00 00000000 00
[R] 00 00 00000000 00000000
[E] 00000004 00000000 0
[F] 00000008 00000317
[D] 00000008 17 06 00 00 0 00 00000000 00
[R] 00 00 00000000 00000000
[E] 00000008 00000008 0
[F] 0000000c 01030313
[D] 0000000c 13 06 06 10 0 00 00000010 10
[R] 06 10 00000000 00000000
[E] 0000000c 00000010 0
[F] 00000010 000302e7
[D] 00000010 67 05 06 00 0 00 00000000 00
[R] 06 00 00000000 00000000
[E] 00000010 00000000 0
[F] 00000000 00200193
[D] 00000000 13 03 00 02 0 00 00000002 02
[R] 00 02 00000000 01100000
[E] 00000000 00000002 0
[F] 00000004 00000293
[D] 00000004 13 05 00 00 0 00 00000000 00
[R] 00 00 00000000 00000000
[E] 00000004 00000000 0
[F] 00000008 00000317
[D] 00000008 17 06 00 00 0 00 00000000 00
[R] 00 00 00000000 00000000
[E] 00000008 00000008 0
[F] 0000000c 01030313
[D] 0000000c 13 06 06 10 0 00 00000010 10
[R] 06 10 00000000 00000000
[E] 0000000c 00000010 0
[F] 00000010 000302e7
[D] 00000010 67 05 06 00 0 00 00000000 00
[R] 06 00 00000000 00000000
[E] 00000010 00000000 0
[F] 00000000 00200193
[D] 00000000 13 03 00 02 0 00 00000002 02
[R] 00 02 00000000 01100000
[E] 00000000 00000002 0
[F] 00000004 00000293
[D] 00000004 13 05 00 00 0 00 00000000 00
[R] 00 00 00000000 00000000
[E] 00000004 00000000 0
[F] 00000008 00000317
[D] 00000008 17 06 00 00 0 00 00000000 00
[R] 00 00 00000000 00000000
[E] 00000008 00000008 0
[F] 0000000c 01030313
[D] 0000000c 13 06 06 10 0 00 00000010 10
[R] 06 10 00000000 00000000
[E] 0000000c 00000010 0
[F] 00000010 000302e7
[D] 00000010 67 05 06 00 0 00 00000000 00
[R] 06 00 00000000 00000000
[E] 00000010 00000000 0
[F] 00000000 00200193
[D] 00000000 13 03 00 02 0 00 00000002 02
[R] 00 02 00000000 01100000
[E] 00000000 00000002 0
[F] 00000004 00000293
[D] 00000004 13 05 00 00 0 00 00000000 00
[R] 00 00 00000000 00000000
[E] 00000004 00000000 0
[F] 00000008 00000317
[D] 00000008 17 06 00 00 0 00 00000000 00
[R] 00 00 00000000 00000000
[E] 00000008 00000008 0
[F] 0000000c 01030313
[D] 0000000c 13 06 06 10 0 00 00000010 10
[R] 06 10 00000000 00000000
[E] 0000000c 00000010 0
[F] 00000010 000302e7
[D] 00000010 67 05 06 00 0 00 00000000 00
[R] 06 00 00000000 00000000
[E] 00000010 00000000 0
[F] 00000000 00200193
[D] 00000000 13 03 00 02 0 00 00000002 02
[R] 00 02 00000000 01100000
[E] 00000000 00000002 0
[F] 00000004 00000293
[D] 00000004 13 05 00 00 0 00 00000000 00
[R] 00 00 00000000 00000000
[E] 00000004 00000000 0
[F] 00000008 00000317
[D] 00000008 17 06 00 00 0 00 00000000 00
[R] 00 00 00000000 00000000
[E] 00000008 00000008 0
[F] 0000000c 01030313
[D] 0000000c 13 06 06 10 0 00 00000010 10
[R] 06 10 00000000 00000000
[E] 0000000c 00000010 0
[F] 00000010 000302e7
[D] 00000010 67 05 06 00 0 00 00000000 00
[R] 06 00 00000000 00000000
[E] 00000010 00000000 0
[F] 00000000 00200193
[D] 00000000 13 03 00 02 0 00 00000002 02
[R] 00 02 00000000 01100000
[E] 00000000 00000002 0
[F] 00000004 00000293
[D] 00000004 13 05 00 00 0 00 00000000 00
[R] 00 00 00000000 00000000
[E] 00000004 00000000 0
[F] 00000008 00000317
[D] 00000008 17 06 00 00 0 00 00000000 00
[R] 00 00 00000000 00000000
[E] 00000008 00000008 0
[F] 0000000c 01030313
[D] 0000000c 13 06 06 10 0 00 00000010 10
[R] 06 10 00000000 00000000
[E] 0000000c 00000010 0
[F] 00000010 000302e7
[D] 00000010 67 05 06 00 0 00 00000000 00
[R] 06 00 00000000 00000000
[E] 00000010 00000000 0
[F] 00000000 00200193
[D] 00000000 13 03 00 02 0 00 00000002 02
[R] 00 02 00000000 01100000
[E] 00000000 00000002 0
[F] 00000004 00000293
[D] 00000004 13 05 00 00 0 00 00000000 00
[R] 00 00 00000000 00000000
[E] 00000004 00000000 0
[F] 00000008 00000317
[D] 00000008 17 06 00 00 0 00 00000000 00
[R] 00 00 00000000 00000000
[E] 00000008 00000008 0
[F] 0000000c 01030313
[D] 0000000c 13 06 06 10 0 00 00000010 10
[R] 06 10 00000000 00000000
[E] 0000000c 00000010 0
[F] 00000010 000302e7
[D] 00000010 67 05 06 00 0 00 00000000 00
[R] 06 00 00000000 00000000
[E] 00000010 00000000 0
[F] 00000000 00200193
[D] 00000000 13 03 00 02 0 00 00000002 02
[R] 00 02 00000000 01100000
[E] 00000000 00000002 0
[F] 00000004 00000293
[D] 00000004 13 05 00 00 0 00 00000000 00
[R] 00 00 00000000 00000000
[E] 00000004 00000000 0
[F] 00000008 00000317
[D] 00000008 17 06 00 00 0 00 00000000 00
[R] 00 00 00000000 00000000
[E] 00000008 00000008 0
[F] 0000000c 01030313
[D] 0000000c 13 06 06 10 0 00 00000010 10
[R] 06 10 00000000 00000000
[E] 0000000c 00000010 0
[F] 00000010 000302e7
[D] 00000010 67 05 06 00 0 00 00000000 00
[R] 06 00 00000000 00000000
[E] 00000010 00000000 0
[F] 00000000 00200193
[D] 00000000 13 03 00 02 0 00 00000002 02
[R] 00 02 00000000 01100000
[E] 00000000 00000002 0
[F] 00000004 00000293
[D] 00000004 13 05 00 00 0 00 00000000 00
[R] 00 00 00000000 00000000
[E] 00000004 00000000 0
[F] 00000008 00000317
[D] 00000008 17 06 00 00 0 00 00000000 00
[R] 00 00 00000000 00000000
[E] 00000008 00000008 0
[F] 0000000c 01030313
[D] 0000000c 13 06 06 10 0 00 00000010 10
[R] 06 10 00000000 00000000
[E] 0000000c 00000010 0
[F] 00000010 000302e7
[D] 00000010 67 05 06 00 0 00 00000000 00
[R] 06 00 00000000 00000000
[E] 00000010 00000000 0
[F] 00000000 00200193
[D] 00000000 13 03 00 02 0 00 00000002 02
[R] 00 02 00000000 01100000
[E] 00000000 00000002 0
[F] 00000004 00000293
[D] 00000004 13 05 00 00 0 00 00000000 00
[R] 00 00 00000000 00000000
[E] 00000004 00000000 0
[F] 00000008 00000317
[D] 00000008 17 06 00 00 0 00 00000000 00
[R] 00 00 00000000 00000000
[E] 00000008 00000008 0
[F] 0000000c 01030313
[D] 0000000c 13 06 06 10 0 00 00000010 10
[R] 06 10 00000000 00000000
[E] 0000000c 00000010 0
[F] 00000010 000302e7
[D] 00000010 67 05 06 00 0 00 00000000 00
[R] 06 00 00000000 00000000
[E] 00000010 00000000 0
[F] 00000000 00200193
[D] 00000000 13 03 00 02 0 00 00000002 02
[R] 00 02 00000000 01100000
[E] 00000000 00000002 0
[F] 00000004 00000293
[D] 00000004 13 05 00 00 0 00 00000000 00
[R] 00 00 00000000 00000000
[E] 00000004 00000000 0
[F] 00000008 00000317
[D] 00000008 17 06 00 00 0 00 00000000 00
[R] 00 00 00000000 00000000
[E] 00000008 00000008 0
[F] 0000000c 01030313
[D] 0000000c 13 06 06 10 0 00 00000010 10
[R] 06 10 00000000 00000000
[E] 0000000c 00000010 0
[F] 00000010 000302e7
[D] 00000010 67 05 06 00 0 00 00000000 00
[R] 06 00 00000000 00000000
[E] 00000010 00000000 0
[F] 00000000 00200193
[D] 00000000 13 03 00 02 0 00 00000002 02
[R] 00 02 00000000 01100000
[E] 00000000 00000002 0
[F] 00000004 00000293
[D] 00000004 13 05 00 00 0 00 00000000 00
[R] 00 00 00000000 00000000
[E] 00000004 00000000 0
[F] 00000008 00000317
[D] 00000008 17 06 00 00 0 00 00000000 00
[R] 00 00 00000000 00000000
[E] 00000008 00000008 0
[F] 0000000c 01030313
[D] 0000000c 13 06 06 10 0 00 00000010 10
[R] 06 10 00000000 00000000
[E] 0000000c 00000010 0
[F] 00000010 000302e7
[D] 00000010 67 05 06 00 0 00 00000000 00
[R] 06 00 00000000 00000000
[E] 00000010 00000000 0
[F] 00000000 00200193
[D] 00000000 13 03 00 02 0 00 00000002 02
[R] 00 02 00000000 01100000
[E] 00000000 00000002 0
[F] 00000004 00000293
[D] 00000004 13 05 00 00 0 00 00000000 00
[R] 00 00 00000000 00000000
[E] 00000004 00000000 0
[F] 00000008 00000317
[D] 00000008 17 06 00 00 0 00 00000000 00
[R] 00 00 00000000 00000000
[E] 00000008 00000008 0
[F] 0000000c 01030313
[D] 0000000c 13 06 06 10 0 00 00000010 10
[R] 06 10 00000000 00000000
[E] 0000000c 00000010 0
[F] 00000010 000302e7
[D] 00000010 67 05 06 00 0 00 00000000 00
[R] 06 00 00000000 00000000
[E] 00000010 00000000 0
[F] 00000000 00200193
[D] 00000000 13 03 00 02 0 00 00000002 02
[R] 00 02 00000000 01100000
[E] 00000000 00000002 0
[F] 00000004 00000293
[D] 00000004 13 05 00 00 0 00 00000000 00
[R] 00 00 00000000 00000000
[E] 00000004 00000000 0
[F] 00000008 00000317
[D] 00000008 17 06 00 00 0 00 00000000 00
[R] 00 00 00000000 00000000
[E] 00000008 00000008 0
[F] 0000000c 01030313
[D] 0000000c 13 06 06 10 0 00 00000010 10
[R] 06 10 00000000 00000000
[E] 0000000c 00000010 0
[F] 00000010 000302e7
[D] 00000010 67 05 06 00 0 00 00000000 00
[R] 06 00 00000000 00000000
[E] 00000010 00000000 0
[F] 00000000 00200193
[D] 00000000 13 03 00 02 0 00 00000002 02
[R] 00 02 00000000 01100000
[E] 00000000 00000002 0
[F] 00000004 00000293
[D] 00000004 13 05 00 00 0 00 00000000 00
[R] 00 00 00000000 00000000
[E] 00000004 00000000 0
[F] 00000008 00000317
[D] 00000008 17 06 00 00 0 00 00000000 00
[R] 00 00 00000000 00000000
[E] 00000008 00000008 0
[F] 0000000c 01030313
[D] 0000000c 13 06 06 10 0 00 00000010 10
[R] 06 10 00000000 00000000
[E] 0000000c 00000010 0
[F] 00000010 000302e7
[D] 00000010 67 05 06 00 0 00 00000000 00
[R] 06 00 00000000 00000000
[E] 00000010 00000000 0
[F] 00000000 00200193
[D] 00000000 13 03 00 02 0 00 00000002 02
[R] 00 02 00000000 01100000
[E] 00000000 00000002 0
[F] 00000004 00000293
[D] 00000004 13 05 00 00 0 00 00000000 00
[R] 00 00 00000000 00000000
[E] 00000004 00000000 0
[F] 00000008 00000317
[D] 00000008 17 06 00 00 0 00 00000000 00
[R] 00 00 00000000 00000000
[E] 00000008 00000008 0
[F] 0000000c 01030313
[D] 0000000c 13 06 06 10 0 00 00000010 10
[R] 06 10 00000000 00000000
[E] 0000000c 00000010 0
[F] 00000010 000302e7
[D] 00000010 67 05 06 00 0 00 00000000 00
[R] 06 00 00000000 00000000
[E] 00000010 00000000 0
[F] 00000000 00200193
[D] 00000000 13 03 00 02 0 00 00000002 02
[R] 00 02 00000000 01100000
[E] 00000000 00000002 0
[F] 00000004 00000293
[D] 00000004 13 05 00 00 0 00 00000000 00
[R] 00 00 00000000 00000000
[E] 00000004 00000000 0
[F] 00000008 00000317
[D] 00000008 17 06 00 00 0 00 00000000 00
[R] 00 00 00000000 00000000
[E] 00000008 00000008 0
[F] 0000000c 01030313
[D] 0000000c 13 06 06 10 0 00 00000010 10
[R] 06 10 00000000 00000000
[E] 0000000c 00000010 0
[F] 00000010 000302e7
[D] 00000010 67 05 06 00 0 00 00000000 00
[R] 06 00 00000000 00000000
[E] 00000010 00000000 0
[F] 00000000 00200193
[D] 00000000 13 03 00 02 0 00 00000002 02
[R] 00 02 00000000 01100000
[E] 00000000 00000002 0
[F] 00000004 00000293
[D] 00000004 13 05 00 00 0 00 00000000 00
[R] 00 00 00000000 00000000
[E] 00000004 00000000 0
[F] 00000008 00000317
[D] 00000008 17 06 00 00 0 00 00000000 00
[R] 00 00 00000000 00000000
[E] 00000008 00000008 0
[F] 0000000c 01030313
[D] 0000000c 13 06 06 10 0 00 00000010 10
[R] 06 10 00000000 00000000
[E] 0000000c 00000010 0
[F] 00000010 000302e7
[D] 00000010 67 05 06 00 0 00 00000000 00
[R] 06 00 00000000 00000000
[E] 00000010 00000000 0
[F] 00000000 00200193
[D] 00000000 13 03 00 02 0 00 00000002 02
[R] 00 02 00000000 01100000
[E] 00000000 00000002 0
[F] 00000004 00000293
[D] 00000004 13 05 00 00 0 00 00000000 00
[R] 00 00 00000000 00000000
[E] 00000004 00000000 0
[F] 00000008 00000317
[D] 00000008 17 06 00 00 0 00 00000000 00
[R] 00 00 00000000 00000000
[E] 00000008 00000008 0
[F] 0000000c 01030313
[D] 0000000c 13 06 06 10 0 00 00000010 10
[R] 06 10 00000000 00000000
[E] 0000000c 00000010 0
[F] 00000010 000302e7
[D] 00000010 67 05 06 00 0 00 00000000 00
[R] 06 00 00000000 00000000
[E] 00000010 00000000 0
[F] 00000000 00200193
[D] 00000000 13 03 00 02 0 00 00000002 02
[R] 00 02 00000000 01100000
[E] 00000000 00000002 0
[F] 00000004 00000293
[D] 00000004 13 05 00 00 0 00 00000000 00
[R] 00 00 00000000 00000000
[E] 00000004 00000000 0
[F] 00000008 00000317
[D] 00000008 17 06 00 00 0 00 00000000 00
[R] 00 00 00000000 00000000
[E] 00000008 00000008 0
[F] 0000000c 01030313
[D] 0000000c 13 06 06 10 0 00 00000010 10
[R] 06 10 00000000 00000000
[E] 0000000c 00000010 0
[F] 00000010 000302e7
[D] 00000010 67 05 06 00 0 00 00000000 00
[R] 06 00 00000000 00000000
[E] 00000010 00000000 0
[F] 00000000 00200193
[D] 00000000 13 03 00 02 0 00 00000002 02
[R] 00 02 00000000 01100000
[E] 00000000 00000002 0
[F] 00000004 00000293
[D] 00000004 13 05 00 00 0 00 00000000 00
[R] 00 00 00000000 00000000
[E] 00000004 00000000 0
[F] 00000008 00000317
[D] 00000008 17 06 00 00 0 00 00000000 00
[R] 00 00 00000000 00000000
[E] 00000008 00000008 0
[F] 0000000c 01030313
[D] 0000000c 13 06 06 10 0 00 00000010 10
[R] 06 10 00000000 00000000
[E] 0000000c 00000010 0
[F] 00000010 000302e7
[D] 00000010 67 05 06 00 0 00 00000000 00
[R] 06 00 00000000 00000000
[E] 00000010 00000000 0
[F] 00000000 00200193
[D] 00000000 13 03 00 02 0 00 00000002 02
[R] 00 02 00000000 01100000
[E] 00000000 00000002 0
[F] 00000004 00000293
[D] 00000004 13 05 00 00 0 00 00000000 00
[R] 00 00 00000000 00000000
[E] 00000004 00000000 0
[F] 00000008 00000317
[D] 00000008 17 06 00 00 0 00 00000000 00
[R] 00 00 00000000 00000000
[E] 00000008 00000008 0
[F] 0000000c 01030313
[D] 0000000c 13 06 06 10 0 00 00000010 10
[R] 06 10 00000000 00000000
[E] 0000000c 00000010 0
[F] 00000010 000302e7
[D] 00000010 67 05 06 00 0 00 00000000 00
[R] 06 00 00000000 00000000
[E] 00000010 00000000 0
[F] 00000000 00200193
[D] 00000000 13 03 00 02 0 00 00000002 02
[R] 00 02 00000000 01100000
[E] 00000000 00000002 0
[F] 00000004 00000293
[D] 00000004 13 05 00 00 0 00 00000000 00
[R] 00 00 00000000 00000000
[E] 00000004 00000000 0
[F] 00000008 00000317
[D] 00000008 17 06 00 00 0 00 00000000 00
[R] 00 00 00000000 00000000
[E] 00000008 00000008 0
[F] 0000000c 01030313
[D] 0000000c 13 06 06 10 0 00 00000010 10
[R] 06 10 00000000 00000000
[E] 0000000c 00000010 0
[F] 00000010 000302e7
[D] 00000010 67 05 06 00 0 00 00000000 00
[R] 06 00 00000000 00000000
[E] 00000010 00000000 0
[F] 00000000 00200193
[D] 00000000 13 03 00 02 0 00 00000002 02
[R] 00 02 00000000 01100000
[E] 00000000 00000002 0
[F] 00000004 00000293
[D] 00000004 13 05 00 00 0 00 00000000 00
[R] 00 00 00000000 00000000
[E] 00000004 00000000 0
[F] 00000008 00000317
[D] 00000008 17 06 00 00 0 00 00000000 00
[R] 00 00 00000000 00000000
[E] 00000008 00000008 0
[F] 0000000c 01030313
[D] 0000000c 13 06 06 10 0 00 00000010 10
[R] 06 10 00000000 00000000
[E] 0000000c 00000010 0
[F] 00000010 000302e7
[D] 00000010 67 05 06 00 0 00 00000000 00
[R] 06 00 00000000 00000000
[E] 00000010 00000000 0
[F] 00000000 00200193
[D] 00000000 13 03 00 02 0 00 00000002 02
[R] 00 02 00000000 01100000
[E] 00000000 00000002 0
[F] 00000004 00000293
[D] 00000004 13 05 00 00 0 00 00000000 00
[R] 00 00 00000000 00000000
[E] 00000004 00000000 0
[F] 00000008 00000317
[D] 00000008 17 06 00 00 0 00 00000000 00
[R] 00 00 00000000 00000000
[E] 00000008 00000008 0
[F] 0000000c 01030313
[D] 0000000c 13 06 06 10 0 00 00000010 10
[R] 06 10 00000000 00000000
[E] 0000000c 00000010 0
[F] 00000010 000302e7
[D] 00000010 67 05 06 00 0 00 00000000 00
[R] 06 00 00000000 00000000
[E] 00000010 00000000 0
[F] 00000000 00200193
[D] 00000000 13 03 00 02 0 00 00000002 02
[R] 00 02 00000000 01100000
[E] 00000000 00000002 0
[F] 00000004 00000293
[D] 00000004 13 05 00 00 0 00 00000000 00
[R] 00 00 00000000 00000000
[E] 00000004 00000000 0
[F] 00000008 00000317
[D] 00000008 17 06 00 00 0 00 00000000 00
[R] 00 00 00000000 00000000
[E] 00000008 00000008 0
[F] 0000000c 01030313
[D] 0000000c 13 06 06 10 0 00 00000010 10
[R] 06 10 00000000 00000000
[E] 0000000c 00000010 0
[F] 00000010 000302e7
[D] 00000010 67 05 06 00 0 00 00000000 00
[R] 06 00 00000000 00000000
[E] 00000010 00000000 0
[F] 00000000 00200193
[D] 00000000 13 03 00 02 0 00 00000002 02
[R] 00 02 00000000 01100000
[E] 00000000 00000002 0
[F] 00000004 00000293
[D] 00000004 13 05 00 00 0 00 00000000 00
[R] 00 00 00000000 00000000
[E] 00000004 00000000 0
[F] 00000008 00000317
[D] 00000008 17 06 00 00 0 00 00000000 00
[R] 00 00 00000000 00000000
[E] 00000008 00000008 0
[F] 0000000c 01030313
[D] 0000000c 13 06 06 10 0 00 00000010 10
[R] 06 10 00000000 00000000
[E] 0000000c 00000010 0
[F] 00000010 000302e7
[D] 00000010 67 05 06 00 0 00 00000000 00
[R] 06 00 00000000 00000000
[E] 00000010 00000000 0
[F] 00000000 00200193
[D] 00000000 13 03 00 02 0 00 00000002 02
[R] 00 02 00000000 01100000
[E] 00000000 00000002 0
[F] 00000004 00000293
[D] 00000004 13 05 00 00 0 00 00000000 00
[R] 00 00 00000000 00000000
[E] 00000004 00000000 0
[F] 00000008 00000317
[D] 00000008 17 06 00 00 0 00 00000000 00
[R] 00 00 00000000 00000000
[E] 00000008 00000008 0
[F] 0000000c 01030313
[D] 0000000c 13 06 06 10 0 00 00000010 10
[R] 06 10 00000000 00000000
[E] 0000000c 00000010 0
[F] 00000010 000302e7
[D] 00000010 67 05 06 00 0 00 00000000 00
[R] 06 00 00000000 00000000
[E] 00000010 00000000 0
[F] 00000000 00200193
[D] 00000000 13 03 00 02 0 00 00000002 02
[R] 00 02 00000000 01100000
[E] 00000000 00000002 0
[F] 00000004 00000293
[D] 00000004 13 05 00 00 0 00 00000000 00
[R] 00 00 00000000 00000000
[E] 00000004 00000000 0
[F] 00000008 00000317
[D] 00000008 17 06 00 00 0 00 00000000 00
[R] 00 00 00000000 00000000
[E] 00000008 00000008 0
[F] 0000000c 01030313
[D] 0000000c 13 06 06 10 0 00 00000010 10
[R] 06 10 00000000 00000000
[E] 0000000c 00000010 0
[F] 00000010 000302e7
[D] 00000010 67 05 06 00 0 00 00000000 00
[R] 06 00 00000000 00000000
[E] 00000010 00000000 0
[F] 00000000 00200193
[D] 00000000 13 03 00 02 0 00 00000002 02
[R] 00 02 00000000 01100000
[E] 00000000 00000002 0
[F] 00000004 00000293
[D] 00000004 13 05 00 00 0 00 00000000 00
[R] 00 00 00000000 00000000
[E] 00000004 00000000 0
[F] 00000008 00000317
[D] 00000008 17 06 00 00 0 00 00000000 00
[R] 00 00 00000000 00000000
[E] 00000008 00000008 0
[F] 0000000c 01030313
[D] 0000000c 13 06 06 10 0 00 00000010 10
[R] 06 10 00000000 00000000
[E] 0000000c 00000010 0
[F] 00000010 000302e7
[D] 00000010 67 05 06 00 0 00 00000000 00
[R] 06 00 00000000 00000000
[E] 00000010 00000000 0
[F] 00000000 00200193
[D] 00000000 13 03 00 02 0 00 00000002 02
[R] 00 02 00000000 01100000
[E] 00000000 00000002 0
[F] 00000004 00000293
[D] 00000004 13 05 00 00 0 00 00000000 00
[R] 00 00 00000000 00000000
[E] 00000004 00000000 0
[F] 00000008 00000317
[D] 00000008 17 06 00 00 0 00 00000000 00
[R] 00 00 00000000 00000000
[E] 00000008 00000008 0
[F] 0000000c 01030313
[D] 0000000c 13 06 06 10 0 00 00000010 10
[R] 06 10 00000000 00000000
[E] 0000000c 00000010 0
[F] 00000010 000302e7
[D] 00000010 67 05 06 00 0 00 00000000 00
[R] 06 00 00000000 00000000
[E] 00000010 00000000 0
[F] 00000000 00200193
[D] 00000000 13 03 00 02 0 00 00000002 02
[R] 00 02 00000000 01100000
[E] 00000000 00000002 0
[F] 00000004 00000293
[D] 00000004 13 05 00 00 0 00 00000000 00
[R] 00 00 00000000 00000000
[E] 00000004 00000000 0
[F] 00000008 00000317
[D] 00000008 17 06 00 00 0 00 00000000 00
[R] 00 00 00000000 00000000
[E] 00000008 00000008 0
[F] 0000000c 01030313
[D] 0000000c 13 06 06 10 0 00 00000010 10
[R] 06 10 00000000 00000000
[E] 0000000c 00000010 0
[F] 00000010 000302e7
[D] 00000010 67 05 06 00 0 00 00000000 00
[R] 06 00 00000000 00000000
[E] 00000010 00000000 0
[F] 00000000 00200193
[D] 00000000 13 03 00 02 0 00 00000002 02
[R] 00 02 00000000 01100000
[E] 00000000 00000002 0
[F] 00000004 00000293
[D] 00000004 13 05 00 00 0 00 00000000 00
[R] 00 00 00000000 00000000
[E] 00000004 00000000 0
[F] 00000008 00000317
[D] 00000008 17 06 00 00 0 00 00000000 00
[R] 00 00 00000000 00000000
[E] 00000008 00000008 0
[F] 0000000c 01030313
[D] 0000000c 13 06 06 10 0 00 00000010 10
[R] 06 10 00000000 00000000
[E] 0000000c 00000010 0
[F] 00000010 000302e7
[D] 00000010 67 05 06 00 0 00 00000000 00
[R] 06 00 00000000 00000000
[E] 00000010 00000000 0
[F] 00000000 00200193
[D] 00000000 13 03 00 02 0 00 00000002 02
[R] 00 02 00000000 01100000
[E] 00000000 00000002 0
[F] 00000004 00000293
[D] 00000004 13 05 00 00 0 00 00000000 00
[R] 00 00 00000000 00000000
[E] 00000004 00000000 0
[F] 00000008 00000317
[D] 00000008 17 06 00 00 0 00 00000000 00
[R] 00 00 00000000 00000000
[E] 00000008 00000008 0
[F] 0000000c 01030313
[D] 0000000c 13 06 06 10 0 00 00000010 10
[R] 06 10 00000000 00000000
[E] 0000000c 00000010 0
[F] 00000010 000302e7
[D] 00000010 67 05 06 00 0 00 00000000 00
[R] 06 00 00000000 00000000
[E] 00000010 00000000 0
[F] 00000000 00200193
[D] 00000000 13 03 00 02 0 00 00000002 02
[R] 00 02 00000000 01100000
[E] 00000000 00000002 0
[F] 00000004 00000293
[D] 00000004 13 05 00 00 0 00 00000000 00
[R] 00 00 00000000 00000000
[E] 00000004 00000000 0
[F] 00000008 00000317
[D] 00000008 17 06 00 00 0 00 00000000 00
[R] 00 00 00000000 00000000
[E] 00000008 00000008 0
[F] 0000000c 01030313
[D] 0000000c 13 06 06 10 0 00 00000010 10
[R] 06 10 00000000 00000000
[E] 0000000c 00000010 0
[F] 00000010 000302e7
[D] 00000010 67 05 06 00 0 00 00000000 00
[R] 06 00 00000000 00000000
[E] 00000010 00000000 0
[F] 00000000 00200193
[D] 00000000 13 03 00 02 0 00 00000002 02
[R] 00 02 00000000 01100000
[E] 00000000 00000002 0
[F] 00000004 00000293
[D] 00000004 13 05 00 00 0 00 00000000 00
[R] 00 00 00000000 00000000
[E] 00000004 00000000 0
[F] 00000008 00000317
[D] 00000008 17 06 00 00 0 00 00000000 00
[R] 00 00 00000000 00000000
[E] 00000008 00000008 0
[F] 0000000c 01030313
[D] 0000000c 13 06 06 10 0 00 00000010 10
[R] 06 10 00000000 00000000
[E] 0000000c 00000010 0
[F] 00000010 000302e7
[D] 00000010 67 05 06 00 0 00 00000000 00
[R] 06 00 00000000 00000000
[E] 00000010 00000000 0
[F] 00000000 00200193
[D] 00000000 13 03 00 02 0 00 00000002 02
[R] 00 02 00000000 01100000
[E] 00000000 00000002 0
[F] 00000004 00000293
[D] 00000004 13 05 00 00 0 00 00000000 00
[R] 00 00 00000000 00000000
[E] 00000004 00000000 0
[F] 00000008 00000317
[D] 00000008 17 06 00 00 0 00 00000000 00
[R] 00 00 00000000 00000000
[E] 00000008 00000008 0
[F] 0000000c 01030313
[D] 0000000c 13 06 06 10 0 00 00000010 10
[R] 06 10 00000000 00000000
[E] 0000000c 00000010 0
[F] 00000010 000302e7
[D] 00000010 67 05 06 00 0 00 00000000 00
[R] 06 00 00000000 00000000
[E] 00000010 00000000 0
[F] 00000000 00200193
[D] 00000000 13 03 00 02 0 00 00000002 02
[R] 00 02 00000000 01100000
[E] 00000000 00000002 0
[F] 00000004 00000293
[D] 00000004 13 05 00 00 0 00 00000000 00
[R] 00 00 00000000 00000000
[E] 00000004 00000000 0
[F] 00000008 00000317
[D] 00000008 17 06 00 00 0 00 00000000 00
[R] 00 00 00000000 00000000
[E] 00000008 00000008 0
[F] 0000000c 01030313
[D] 0000000c 13 06 06 10 0 00 00000010 10
[R] 06 10 00000000 00000000
[E] 0000000c 00000010 0
[F] 00000010 000302e7
[D] 00000010 67 05 06 00 0 00 00000000 00
[R] 06 00 00000000 00000000
[E] 00000010 00000000 0
[F] 00000000 00200193
[D] 00000000 13 03 00 02 0 00 00000002 02
[R] 00 02 00000000 01100000
[E] 00000000 00000002 0
[F] 00000004 00000293
[D] 00000004 13 05 00 00 0 00 00000000 00
[R] 00 00 00000000 00000000
[E] 00000004 00000000 0
[F] 00000008 00000317
[D] 00000008 17 06 00 00 0 00 00000000 00
[R] 00 00 00000000 00000000
[E] 00000008 00000008 0
[F] 0000000c 01030313
[D] 0000000c 13 06 06 10 0 00 00000010 10
[R] 06 10 00000000 00000000
[E] 0000000c 00000010 0
[F] 00000010 000302e7
[D] 00000010 67 05 06 00 0 00 00000000 00
[R] 06 00 00000000 00000000
[E] 00000010 00000000 0
[F] 00000000 00200193
[D] 00000000 13 03 00 02 0 00 00000002 02
[R] 00 02 00000000 01100000
[E] 00000000 00000002 0
[F] 00000004 00000293
[D] 00000004 13 05 00 00 0 00 00000000 00
[R] 00 00 00000000 00000000
[E] 00000004 00000000 0
[F] 00000008 00000317
[D] 00000008 17 06 00 00 0 00 00000000 00
[R] 00 00 00000000 00000000
[E] 00000008 00000008 0
[F] 0000000c 01030313
[D] 0000000c 13 06 06 10 0 00 00000010 10
[R] 06 10 00000000 00000000
[E] 0000000c 00000010 0
[F] 00000010 000302e7
[D] 00000010 67 05 06 00 0 00 00000000 00
[R] 06 00 00000000 00000000
[E] 00000010 00000000 0
[F] 00000000 00200193
[D] 00000000 13 03 00 02 0 00 00000002 02
[R] 00 02 00000000 01100000
[E] 00000000 00000002 0
[F] 00000004 00000293
[D] 00000004 13 05 00 00 0 00 00000000 00
[R] 00 00 00000000 00000000
[E] 00000004 00000000 0
[F] 00000008 00000317
[D] 00000008 17 06 00 00 0 00 00000000 00
[R] 00 00 00000000 00000000
[E] 00000008 00000008 0
[F] 0000000c 01030313
[D] 0000000c 13 06 06 10 0 00 00000010 10
[R] 06 10 00000000 00000000
[E] 0000000c 00000010 0
[F] 00000010 000302e7
[D] 00000010 67 05 06 00 0 00 00000000 00
[R] 06 00 00000000 00000000
[E] 00000010 00000000 0
[F] 00000000 00200193
[D] 00000000 13 03 00 02 0 00 00000002 02
[R] 00 02 00000000 01100000
[E] 00000000 00000002 0
[F] 00000004 00000293
[D] 00000004 13 05 00 00 0 00 00000000 00
[R] 00 00 00000000 00000000
[E] 00000004 00000000 0
[F] 00000008 00000317
[D] 00000008 17 06 00 00 0 00 00000000 00
[R] 00 00 00000000 00000000
[E] 00000008 00000008 0
[F] 0000000c 01030313
[D] 0000000c 13 06 06 10 0 00 00000010 10
[R] 06 10 00000000 00000000
[E] 0000000c 00000010 0
[F] 00000010 000302e7
[D] 00000010 67 05 06 00 0 00 00000000 00
[R] 06 00 00000000 00000000
[E] 00000010 00000000 0
[F] 00000000 00200193
[D] 00000000 13 03 00 02 0 00 00000002 02
[R] 00 02 00000000 01100000
[E] 00000000 00000002 0
[F] 00000004 00000293
[D] 00000004 13 05 00 00 0 00 00000000 00
[R] 00 00 00000000 00000000
[E] 00000004 00000000 0
[F] 00000008 00000317
[D] 00000008 17 06 00 00 0 00 00000000 00
[R] 00 00 00000000 00000000
[E] 00000008 00000008 0
[F] 0000000c 01030313
[D] 0000000c 13 06 06 10 0 00 00000010 10
[R] 06 10 00000000 00000000
[E] 0000000c 00000010 0
[F] 00000010 000302e7
[D] 00000010 67 05 06 00 0 00 00000000 00
[R] 06 00 00000000 00000000
[E] 00000010 00000000 0
[F] 00000000 00200193
[D] 00000000 13 03 00 02 0 00 00000002 02
[R] 00 02 00000000 01100000
[E] 00000000 00000002 0
[F] 00000004 00000293
[D] 00000004 13 05 00 00 0 00 00000000 00
[R] 00 00 00000000 00000000
[E] 00000004 00000000 0
[F] 00000008 00000317
[D] 00000008 17 06 00 00 0 00 00000000 00
[R] 00 00 00000000 00000000
[E] 00000008 00000008 0
[F] 0000000c 01030313
[D] 0000000c 13 06 06 10 0 00 00000010 10
[R] 06 10 00000000 00000000
[E] 0000000c 00000010 0
[F] 00000010 000302e7
[D] 00000010 67 05 06 00 0 00 00000000 00
[R] 06 00 00000000 00000000
[E] 00000010 00000000 0
[F] 00000000 00200193
[D] 00000000 13 03 00 02 0 00 00000002 02
[R] 00 02 00000000 01100000
[E] 00000000 00000002 0
[F] 00000004 00000293
[D] 00000004 13 05 00 00 0 00 00000000 00
[R] 00 00 00000000 00000000
[E] 00000004 00000000 0
[F] 00000008 00000317
[D] 00000008 17 06 00 00 0 00 00000000 00
[R] 00 00 00000000 00000000
[E] 00000008 00000008 0
[F] 0000000c 01030313
[D] 0000000c 13 06 06 10 0 00 00000010 10
[R] 06 10 00000000 00000000
[E] 0000000c 00000010 0
[F] 00000010 000302e7
[D] 00000010 67 05 06 00 0 00 00000000 00
[R] 06 00 00000000 00000000
[E] 00000010 00000000 0
[F] 00000000 00200193
[D] 00000000 13 03 00 02 0 00 00000002 02
[R] 00 02 00000000 01100000
[E] 00000000 00000002 0
[F] 00000004 00000293
[D] 00000004 13 05 00 00 0 00 00000000 00
[R] 00 00 00000000 00000000
[E] 00000004 00000000 0
[F] 00000008 00000317
[D] 00000008 17 06 00 00 0 00 00000000 00
[R] 00 00 00000000 00000000
[E] 00000008 00000008 0
[F] 0000000c 01030313
[D] 0000000c 13 06 06 10 0 00 00000010 10
[R] 06 10 00000000 00000000
[E] 0000000c 00000010 0
[F] 00000010 000302e7
[D] 00000010 67 05 06 00 0 00 00000000 00
[R] 06 00 00000000 00000000
[E] 00000010 00000000 0
[F] 00000000 00200193
[D] 00000000 13 03 00 02 0 00 00000002 02
[R] 00 02 00000000 01100000
[E] 00000000 00000002 0
[F] 00000004 00000293
[D] 00000004 13 05 00 00 0 00 00000000 00
[R] 00 00 00000000 00000000
[E] 00000004 00000000 0
[F] 00000008 00000317
[D] 00000008 17 06 00 00 0 00 00000000 00
[R] 00 00 00000000 00000000
[E] 00000008 00000008 0
[F] 0000000c 01030313
[D] 0000000c 13 06 06 10 0 00 00000010 10
[R] 06 10 00000000 00000000
[E] 0000000c 00000010 0
[F] 00000010 000302e7
[D] 00000010 67 05 06 00 0 00 00000000 00
[R] 06 00 00000000 00000000
[E] 00000010 00000000 0
[F] 00000000 00200193
[D] 00000000 13 03 00 02 0 00 00000002 02
[R] 00 02 00000000 01100000
[E] 00000000 00000002 0
[F] 00000004 00000293
[D] 00000004 13 05 00 00 0 00 00000000 00
[R] 00 00 00000000 00000000
[E] 00000004 00000000 0
[F] 00000008 00000317
[D] 00000008 17 06 00 00 0 00 00000000 00
[R] 00 00 00000000 00000000
[E] 00000008 00000008 0
[F] 0000000c 01030313
[D] 0000000c 13 06 06 10 0 00 00000010 10
[R] 06 10 00000000 00000000
[E] 0000000c 00000010 0
[F] 00000010 000302e7
[D] 00000010 67 05 06 00 0 00 00000000 00
[R] 06 00 00000000 00000000
[E] 00000010 00000000 0
[F] 00000000 00200193
[D] 00000000 13 03 00 02 0 00 00000002 02
[R] 00 02 00000000 01100000
[E] 00000000 00000002 0
[F] 00000004 00000293
[D] 00000004 13 05 00 00 0 00 00000000 00
[R] 00 00 00000000 00000000
[E] 00000004 00000000 0
[F] 00000008 00000317
[D] 00000008 17 06 00 00 0 00 00000000 00
[R] 00 00 00000000 00000000
[E] 00000008 00000008 0
[F] 0000000c 01030313
[D] 0000000c 13 06 06 10 0 00 00000010 10
[R] 06 10 00000000 00000000
[E] 0000000c 00000010 0
[F] 00000010 000302e7
[D] 00000010 67 05 06 00 0 00 00000000 00
[R] 06 00 00000000 00000000
[E] 00000010 00000000 0
[F] 00000000 00200193
[D] 00000000 13 03 00 02 0 00 00000002 02
[R] 00 02 00000000 01100000
[E] 00000000 00000002 0
[F] 00000004 00000293
[D] 00000004 13 05 00 00 0 00 00000000 00
[R] 00 00 00000000 00000000
[E] 00000004 00000000 0
[F] 00000008 00000317
[D] 00000008 17 06 00 00 0 00 00000000 00
[R] 00 00 00000000 00000000
[E] 00000008 00000008 0
[F] 0000000c 01030313
[D] 0000000c 13 06 06 10 0 00 00000010 10
[R] 06 10 00000000 00000000
[E] 0000000c 00000010 0
[F] 00000010 000302e7
[D] 00000010 67 05 06 00 0 00 00000000 00
[R] 06 00 00000000 00000000
[E] 00000010 00000000 0
[F] 00000000 00200193
[D] 00000000 13 03 00 02 0 00 00000002 02
[R] 00 02 00000000 01100000
[E] 00000000 00000002 0
[F] 00000004 00000293
[D] 00000004 13 05 00 00 0 00 00000000 00
[R] 00 00 00000000 00000000
[E] 00000004 00000000 0
[F] 00000008 00000317
[D] 00000008 17 06 00 00 0 00 00000000 00
[R] 00 00 00000000 00000000
[E] 00000008 00000008 0
[F] 0000000c 01030313
[D] 0000000c 13 06 06 10 0 00 00000010 10
[R] 06 10 00000000 00000000
[E] 0000000c 00000010 0
[F] 00000010 000302e7
[D] 00000010 67 05 06 00 0 00 00000000 00
[R] 06 00 00000000 00000000
[E] 00000010 00000000 0
[F] 00000000 00200193
[D] 00000000 13 03 00 02 0 00 00000002 02
[R] 00 02 00000000 01100000
[E] 00000000 00000002 0
[F] 00000004 00000293
[D] 00000004 13 05 00 00 0 00 00000000 00
[R] 00 00 00000000 00000000
[E] 00000004 00000000 0
[F] 00000008 00000317
[D] 00000008 17 06 00 00 0 00 00000000 00
[R] 00 00 00000000 00000000
[E] 00000008 00000008 0
[F] 0000000c 01030313
[D] 0000000c 13 06 06 10 0 00 00000010 10
[R] 06 10 00000000 00000000
[E] 0000000c 00000010 0
[F] 00000010 000302e7
[D] 00000010 67 05 06 00 0 00 00000000 00
[R] 06 00 00000000 00000000
[E] 00000010 00000000 0
[F] 00000000 00200193
[D] 00000000 13 03 00 02 0 00 00000002 02
[R] 00 02 00000000 01100000
[E] 00000000 00000002 0
[F] 00000004 00000293
[D] 00000004 13 05 00 00 0 00 00000000 00
[R] 00 00 00000000 00000000
[E] 00000004 00000000 0
[F] 00000008 00000317
[D] 00000008 17 06 00 00 0 00 00000000 00
[R] 00 00 00000000 00000000
[E] 00000008 00000008 0
[F] 0000000c 01030313
[D] 0000000c 13 06 06 10 0 00 00000010 10
[R] 06 10 00000000 00000000
[E] 0000000c 00000010 0
[F] 00000010 000302e7
[D] 00000010 67 05 06 00 0 00 00000000 00
[R] 06 00 00000000 00000000
[E] 00000010 00000000 0
[F] 00000000 00200193
[D] 00000000 13 03 00 02 0 00 00000002 02
[R] 00 02 00000000 01100000
[E] 00000000 00000002 0
[F] 00000004 00000293
[D] 00000004 13 05 00 00 0 00 00000000 00
[R] 00 00 00000000 00000000
[E] 00000004 00000000 0
[F] 00000008 00000317
[D] 00000008 17 06 00 00 0 00 00000000 00
[R] 00 00 00000000 00000000
[E] 00000008 00000008 0
[F] 0000000c 01030313
[D] 0000000c 13 06 06 10 0 00 00000010 10
[R] 06 10 00000000 00000000
[E] 0000000c 00000010 0
[F] 00000010 000302e7
[D] 00000010 67 05 06 00 0 00 00000000 00
[R] 06 00 00000000 00000000
[E] 00000010 00000000 0
[F] 00000000 00200193
[D] 00000000 13 03 00 02 0 00 00000002 02
[R] 00 02 00000000 01100000
[E] 00000000 00000002 0
[F] 00000004 00000293
[D] 00000004 13 05 00 00 0 00 00000000 00
[R] 00 00 00000000 00000000
[E] 00000004 00000000 0
[F] 00000008 00000317
[D] 00000008 17 06 00 00 0 00 00000000 00
[R] 00 00 00000000 00000000
[E] 00000008 00000008 0
[F] 0000000c 01030313
[D] 0000000c 13 06 06 10 0 00 00000010 10
[R] 06 10 00000000 00000000
[E] 0000000c 00000010 0
[F] 00000010 000302e7
[D] 00000010 67 05 06 00 0 00 00000000 00
[R] 06 00 00000000 00000000
[E] 00000010 00000000 0
[F] 00000000 00200193
[D] 00000000 13 03 00 02 0 00 00000002 02
[R] 00 02 00000000 01100000
[E] 00000000 00000002 0
[F] 00000004 00000293
[D] 00000004 13 05 00 00 0 00 00000000 00
[R] 00 00 00000000 00000000
[E] 00000004 00000000 0
[F] 00000008 00000317
[D] 00000008 17 06 00 00 0 00 00000000 00
[R] 00 00 00000000 00000000
[E] 00000008 00000008 0
[F] 0000000c 01030313
[D] 0000000c 13 06 06 10 0 00 00000010 10
[R] 06 10 00000000 00000000
[E] 0000000c 00000010 0
[F] 00000010 000302e7
[D] 00000010 67 05 06 00 0 00 00000000 00
[R] 06 00 00000000 00000000
[E] 00000010 00000000 0
[F] 00000000 00200193
[D] 00000000 13 03 00 02 0 00 00000002 02
[R] 00 02 00000000 01100000
[E] 00000000 00000002 0
[F] 00000004 00000293
[D] 00000004 13 05 00 00 0 00 00000000 00
[R] 00 00 00000000 00000000
[E] 00000004 00000000 0
[F] 00000008 00000317
[D] 00000008 17 06 00 00 0 00 00000000 00
[R] 00 00 00000000 00000000
[E] 00000008 00000008 0
[F] 0000000c 01030313
[D] 0000000c 13 06 06 10 0 00 00000010 10
[R] 06 10 00000000 00000000
[E] 0000000c 00000010 0
[F] 00000010 000302e7
[D] 00000010 67 05 06 00 0 00 00000000 00
[R] 06 00 00000000 00000000
[E] 00000010 00000000 0
[F] 00000000 00200193
[D] 00000000 13 03 00 02 0 00 00000002 02
[R] 00 02 00000000 01100000
[E] 00000000 00000002 0
[F] 00000004 00000293
[D] 00000004 13 05 00 00 0 00 00000000 00
[R] 00 00 00000000 00000000
[E] 00000004 00000000 0
[F] 00000008 00000317
[D] 00000008 17 06 00 00 0 00 00000000 00
[R] 00 00 00000000 00000000
[E] 00000008 00000008 0
[F] 0000000c 01030313
[D] 0000000c 13 06 06 10 0 00 00000010 10
[R] 06 10 00000000 00000000
[E] 0000000c 00000010 0
[F] 00000010 000302e7
[D] 00000010 67 05 06 00 0 00 00000000 00
[R] 06 00 00000000 00000000
[E] 00000010 00000000 0
[F] 00000000 00200193
[D] 00000000 13 03 00 02 0 00 00000002 02
[R] 00 02 00000000 01100000
[E] 00000000 00000002 0
[F] 00000004 00000293
[D] 00000004 13 05 00 00 0 00 00000000 00
[R] 00 00 00000000 00000000
[E] 00000004 00000000 0
[F] 00000008 00000317
[D] 00000008 17 06 00 00 0 00 00000000 00
[R] 00 00 00000000 00000000
[E] 00000008 00000008 0
[F] 0000000c 01030313
[D] 0000000c 13 06 06 10 0 00 00000010 10
[R] 06 10 00000000 00000000
[E] 0000000c 00000010 0
[F] 00000010 000302e7
[D] 00000010 67 05 06 00 0 00 00000000 00
[R] 06 00 00000000 00000000
[E] 00000010 00000000 0
[F] 00000000 00200193
[D] 00000000 13 03 00 02 0 00 00000002 02
[R] 00 02 00000000 01100000
[E] 00000000 00000002 0
[F] 00000004 00000293
[D] 00000004 13 05 00 00 0 00 00000000 00
[R] 00 00 00000000 00000000
[E] 00000004 00000000 0
[F] 00000008 00000317
[D] 00000008 17 06 00 00 0 00 00000000 00
