[F] 01000000 ff0100b7
[D] 01000000 37 01 00 10 0 7f ff010000 10
[R] 00 10 00000000 00000000
[E] 01000000 ff010000 0
[F] 01000004 f0008093
[D] 01000004 13 01 01 00 0 78 ffffff00 00
[R] 01 00 00000000 00000000
[E] 01000004 ffffff00 0
[F] 01000008 f0f0ef13
[D] 01000008 13 1e 01 0f 6 78 ffffff0f 0f
[R] 01 0f 00000000 00000000
[E] 01000008 ffffff0f 0
[F] 0100000c f0f00e93
[D] 0100000c 13 1d 00 0f 0 78 ffffff0f 0f
[R] 00 0f 00000000 00000000
[E] 0100000c ffffff0f 0
[F] 01000010 00200193
[D] 01000010 13 03 00 02 0 00 00000002 02
[R] 00 02 00000000 01100000
[E] 01000010 00000002 0
[F] 01000014 1ddf1463
[D] 01000014 63 08 1e 1d 1 0e 000001c8 1d
[R] 1e 1d 00000000 00000000
[E] 01000014 010001dc 0
[F] 01000018 0ff010b7
[D] 01000018 37 01 00 1f 1 07 0ff01000 1f
[R] 00 1f 00000000 00000000
[E] 01000018 0ff01000 0
[F] 0100001c ff008093
[D] 0100001c 13 01 01 10 0 7f fffffff0 10
[R] 01 10 00000000 00000000
[E] 0100001c fffffff0 0
[F] 01000020 0f00ef13
[D] 01000020 13 1e 01 10 6 07 000000f0 10
[R] 01 10 00000000 00000000
[E] 01000020 000000f0 0
[F] 01000024 0ff01eb7
[D] 01000024 37 1d 00 1f 1 07 0ff01000 1f
[R] 00 1f 00000000 00000000
[E] 01000024 0ff01000 0
[F] 01000028 ff0e8e93
[D] 01000028 13 1d 1d 10 0 7f fffffff0 10
[R] 1d 10 00000000 00000000
[E] 01000028 fffffff0 0
[F] 0100002c 00300193
[D] 0100002c 13 03 00 03 0 00 00000003 03
[R] 00 03 00000000 00000000
[E] 0100002c 00000003 0
[F] 01000030 1bdf1663
[D] 01000030 63 0c 1e 1d 1 0d 000001ac 1d
[R] 1e 1d 00000000 00000000
[E] 01000030 010001dc 0
[F] 01000034 00ff00b7
[D] 01000034 37 01 00 0f 0 00 00ff0000 0f
[R] 00 0f 00000000 00000000
[E] 01000034 00ff0000 0
[F] 01000038 0ff08093
[D] 01000038 13 01 01 1f 0 07 000000ff 1f
[R] 01 1f 00000000 00000000
[E] 01000038 000000ff 0
[F] 0100003c 70f0ef13
[D] 0100003c 13 1e 01 0f 6 38 0000070f 0f
[R] 01 0f 00000000 00000000
[E] 0100003c 0000070f 0
[F] 01000040 00ff0eb7
[D] 01000040 37 1d 00 0f 0 00 00ff0000 0f
[R] 00 0f 00000000 00000000
[E] 01000040 00ff0000 0
[F] 01000044 7ffe8e93
[D] 01000044 13 1d 1d 1f 0 3f 000007ff 1f
[R] 1d 1f 00000000 00000000
[E] 01000044 000007ff 0
[F] 01000048 00400193
[D] 01000048 13 03 00 04 0 00 00000004 04
[R] 00 04 00000000 00000000
[E] 01000048 00000004 0
[F] 0100004c 19df1863
[D] 0100004c 63 10 1e 1d 1 0c 00000190 1d
[R] 1e 1d 00000000 00000000
[E] 0100004c 010001dc 0
[F] 01000050 f00ff0b7
[D] 01000050 37 01 00 00 7 78 f00ff000 00
[R] 00 00 00000000 00000000
[E] 01000050 f00ff000 0
[F] 01000054 00f08093
[D] 01000054 13 01 01 0f 0 00 0000000f 0f
[R] 01 0f 00000000 00000000
[E] 01000054 0000000f 0
[F] 01000058 0f00ef13
[D] 01000058 13 1e 01 10 6 07 000000f0 10
[R] 01 10 00000000 00000000
[E] 01000058 000000f0 0
[F] 0100005c f00ffeb7
[D] 0100005c 37 1d 00 00 7 78 f00ff000 00
[R] 00 00 00000000 00000000
[E] 0100005c f00ff000 0
[F] 01000060 0ffe8e93
[D] 01000060 13 1d 1d 1f 0 07 000000ff 1f
[R] 1d 1f 00000000 00000000
[E] 01000060 000000ff 0
[F] 01000064 00500193
[D] 01000064 13 03 00 05 0 00 00000005 05
[R] 00 05 00000000 00000000
[E] 01000064 00000005 0
[F] 01000068 17df1a63
[D] 01000068 63 14 1e 1d 1 0b 00000174 1d
[R] 1e 1d 00000000 00000000
[E] 01000068 010001dc 0
[F] 0100006c ff0100b7
[D] 0100006c 37 01 00 10 0 7f ff010000 10
[R] 00 10 00000000 00000000
[E] 0100006c ff010000 0
[F] 01000070 f0008093
[D] 01000070 13 01 01 00 0 78 ffffff00 00
[R] 01 00 00000000 00000000
[E] 01000070 ffffff00 0
[F] 01000074 0f00e093
[D] 01000074 13 01 01 10 6 07 000000f0 10
[R] 01 10 00000000 00000000
[E] 01000074 000000f0 0
[F] 01000078 ff010eb7
[D] 01000078 37 1d 00 10 0 7f ff010000 10
[R] 00 10 00000000 00000000
[E] 01000078 ff010000 0
[F] 0100007c ff0e8e93
[D] 0100007c 13 1d 1d 10 0 7f fffffff0 10
[R] 1d 10 00000000 00000000
[E] 0100007c fffffff0 0
[F] 01000080 00600193
[D] 01000080 13 03 00 06 0 00 00000006 06
[R] 00 06 00000000 00000000
[E] 01000080 00000006 0
[F] 01000084 15d09c63
[D] 01000084 63 18 01 1d 1 0a 00000158 1d
[R] 01 1d 00000000 00000000
[E] 01000084 010001dc 0
[F] 01000088 00000213
[D] 01000088 13 04 00 00 0 00 00000000 00
[R] 00 00 00000000 00000000
[E] 01000088 00000000 0
[F] 0100008c 0ff010b7
[D] 0100008c 37 01 00 1f 1 07 0ff01000 1f
[R] 00 1f 00000000 00000000
[E] 0100008c 0ff01000 0
[F] 01000090 ff008093
[D] 01000090 13 01 01 10 0 7f fffffff0 10
[R] 01 10 00000000 00000000
[E] 01000090 fffffff0 0
[F] 01000094 0f00ef13
[D] 01000094 13 1e 01 10 6 07 000000f0 10
[R] 01 10 00000000 00000000
[E] 01000094 000000f0 0
[F] 01000098 000f0313
[D] 01000098 13 06 1e 00 0 00 00000000 00
[R] 1e 00 00000000 00000000
[E] 01000098 00000000 0
[F] 0100009c 00120213
[D] 0100009c 13 04 04 01 0 00 00000001 01
[R] 04 01 00000000 00000000
[E] 0100009c 00000001 0
[F] 010000a0 00200293
[D] 010000a0 13 05 00 02 0 00 00000002 02
[R] 00 02 00000000 01100000
[E] 010000a0 00000002 0
[F] 010000a4 fe5214e3
[D] 010000a4 63 09 04 05 1 7f ffffffe8 05
[R] 04 05 00000000 00000000
[E] 010000a4 0100008c 0
[F] 010000a8 0ff01eb7
[D] 010000a8 37 1d 00 1f 1 07 0ff01000 1f
[R] 00 1f 00000000 00000000
[E] 010000a8 0ff01000 0
[F] 010000ac ff0e8e93
[D] 010000ac 13 1d 1d 10 0 7f fffffff0 10
[R] 1d 10 00000000 00000000
[E] 010000ac fffffff0 0
[F] 010000b0 00700193
[D] 010000b0 13 03 00 07 0 00 00000007 07
[R] 00 07 00000000 00000000
[E] 010000b0 00000007 0
[F] 010000b4 13d31463
[D] 010000b4 63 08 06 1d 1 09 00000128 1d
[R] 06 1d 00000000 00000000
[E] 010000b4 010001dc 0
[F] 010000b8 00000213
[D] 010000b8 13 04 00 00 0 00 00000000 00
[R] 00 00 00000000 00000000
[E] 010000b8 00000000 0
[F] 010000bc 00ff00b7
[D] 010000bc 37 01 00 0f 0 00 00ff0000 0f
[R] 00 0f 00000000 00000000
[E] 010000bc 00ff0000 0
[F] 010000c0 0ff08093
[D] 010000c0 13 01 01 1f 0 07 000000ff 1f
[R] 01 1f 00000000 00000000
[E] 010000c0 000000ff 0
[F] 010000c4 70f0ef13
[D] 010000c4 13 1e 01 0f 6 38 0000070f 0f
[R] 01 0f 00000000 00000000
[E] 010000c4 0000070f 0
[F] 010000c8 00000013
[D] 010000c8 13 00 00 00 0 00 00000000 00
[R] 00 00 00000000 00000000
[E] 010000c8 00000000 0
[F] 010000cc 000f0313
[D] 010000cc 13 06 1e 00 0 00 00000000 00
[R] 1e 00 00000000 00000000
[E] 010000cc 00000000 0
[F] 010000d0 00120213
[D] 010000d0 13 04 04 01 0 00 00000001 01
[R] 04 01 00000000 00000000
[E] 010000d0 00000001 0
[F] 010000d4 00200293
[D] 010000d4 13 05 00 02 0 00 00000002 02
[R] 00 02 00000000 01100000
[E] 010000d4 00000002 0
[F] 010000d8 fe5212e3
[D] 010000d8 63 05 04 05 1 7f ffffffe4 05
[R] 04 05 00000000 00000000
[E] 010000d8 010000bc 0
[F] 010000dc 00ff0eb7
[D] 010000dc 37 1d 00 0f 0 00 00ff0000 0f
[R] 00 0f 00000000 00000000
[E] 010000dc 00ff0000 0
[F] 010000e0 7ffe8e93
[D] 010000e0 13 1d 1d 1f 0 3f 000007ff 1f
[R] 1d 1f 00000000 00000000
[E] 010000e0 000007ff 0
[F] 010000e4 00800193
[D] 010000e4 13 03 00 08 0 00 00000008 08
[R] 00 08 00000000 00000000
[E] 010000e4 00000008 0
[F] 010000e8 0fd31a63
[D] 010000e8 63 14 06 1d 1 07 000000f4 1d
[R] 06 1d 00000000 00000000
[E] 010000e8 010001dc 0
[F] 010000ec 00000213
[D] 010000ec 13 04 00 00 0 00 00000000 00
[R] 00 00 00000000 00000000
[E] 010000ec 00000000 0
[F] 010000f0 f00ff0b7
[D] 010000f0 37 01 00 00 7 78 f00ff000 00
[R] 00 00 00000000 00000000
[E] 010000f0 f00ff000 0
[F] 010000f4 00f08093
[D] 010000f4 13 01 01 0f 0 00 0000000f 0f
[R] 01 0f 00000000 00000000
[E] 010000f4 0000000f 0
[F] 010000f8 0f00ef13
[D] 010000f8 13 1e 01 10 6 07 000000f0 10
[R] 01 10 00000000 00000000
[E] 010000f8 000000f0 0
[F] 010000fc 00000013
[D] 010000fc 13 00 00 00 0 00 00000000 00
[R] 00 00 00000000 00000000
[E] 010000fc 00000000 0
[F] 01000100 00000013
[D] 01000100 13 00 00 00 0 00 00000000 00
[R] 00 00 00000000 00000000
[E] 01000100 00000000 0
[F] 01000104 000f0313
[D] 01000104 13 06 1e 00 0 00 00000000 00
[R] 1e 00 00000000 00000000
[E] 01000104 00000000 0
[F] 01000108 00120213
[D] 01000108 13 04 04 01 0 00 00000001 01
[R] 04 01 00000000 00000000
[E] 01000108 00000001 0
[F] 0100010c 00200293
[D] 0100010c 13 05 00 02 0 00 00000002 02
[R] 00 02 00000000 01100000
[E] 0100010c 00000002 0
[F] 01000110 fe5210e3
[D] 01000110 63 01 04 05 1 7f ffffffe0 05
[R] 04 05 00000000 00000000
[E] 01000110 010000f0 0
[F] 01000114 f00ffeb7
[D] 01000114 37 1d 00 00 7 78 f00ff000 00
[R] 00 00 00000000 00000000
[E] 01000114 f00ff000 0
[F] 01000118 0ffe8e93
[D] 01000118 13 1d 1d 1f 0 07 000000ff 1f
[R] 1d 1f 00000000 00000000
[E] 01000118 000000ff 0
[F] 0100011c 00900193
[D] 0100011c 13 03 00 09 0 00 00000009 09
[R] 00 09 00000000 00000000
[E] 0100011c 00000009 0
[F] 01000120 0bd31e63
[D] 01000120 63 1c 06 1d 1 05 000000bc 1d
[R] 06 1d 00000000 00000000
[E] 01000120 010001dc 0
[F] 01000124 00000213
[D] 01000124 13 04 00 00 0 00 00000000 00
[R] 00 00 00000000 00000000
[E] 01000124 00000000 0
[F] 01000128 0ff010b7
[D] 01000128 37 01 00 1f 1 07 0ff01000 1f
[R] 00 1f 00000000 00000000
[E] 01000128 0ff01000 0
[F] 0100012c ff008093
[D] 0100012c 13 01 01 10 0 7f fffffff0 10
[R] 01 10 00000000 00000000
[E] 0100012c fffffff0 0
[F] 01000130 0f00ef13
[D] 01000130 13 1e 01 10 6 07 000000f0 10
[R] 01 10 00000000 00000000
[E] 01000130 000000f0 0
[F] 01000134 00120213
[D] 01000134 13 04 04 01 0 00 00000001 01
[R] 04 01 00000000 00000000
[E] 01000134 00000001 0
[F] 01000138 00200293
[D] 01000138 13 05 00 02 0 00 00000002 02
[R] 00 02 00000000 01100000
[E] 01000138 00000002 0
[F] 0100013c fe5216e3
[D] 0100013c 63 0d 04 05 1 7f ffffffec 05
[R] 04 05 00000000 00000000
[E] 0100013c 01000128 0
[F] 01000140 0ff01eb7
[D] 01000140 37 1d 00 1f 1 07 0ff01000 1f
[R] 00 1f 00000000 00000000
[E] 01000140 0ff01000 0
[F] 01000144 ff0e8e93
[D] 01000144 13 1d 1d 10 0 7f fffffff0 10
[R] 1d 10 00000000 00000000
[E] 01000144 fffffff0 0
[F] 01000148 00a00193
[D] 01000148 13 03 00 0a 0 00 0000000a 0a
[R] 00 0a 00000000 00000000
[E] 01000148 0000000a 0
[F] 0100014c 09df1863
[D] 0100014c 63 10 1e 1d 1 04 00000090 1d
[R] 1e 1d 00000000 00000000
[E] 0100014c 010001dc 0
[F] 01000150 00000213
[D] 01000150 13 04 00 00 0 00 00000000 00
[R] 00 00 00000000 00000000
[E] 01000150 00000000 0
[F] 01000154 00ff00b7
[D] 01000154 37 01 00 0f 0 00 00ff0000 0f
[R] 00 0f 00000000 00000000
[E] 01000154 00ff0000 0
[F] 01000158 0ff08093
[D] 01000158 13 01 01 1f 0 07 000000ff 1f
[R] 01 1f 00000000 00000000
[E] 01000158 000000ff 0
[F] 0100015c 00000013
[D] 0100015c 13 00 00 00 0 00 00000000 00
[R] 00 00 00000000 00000000
[E] 0100015c 00000000 0
[F] 01000160 f0f0ef13
[D] 01000160 13 1e 01 0f 6 78 ffffff0f 0f
[R] 01 0f 00000000 00000000
[E] 01000160 ffffff0f 0
[F] 01000164 00120213
[D] 01000164 13 04 04 01 0 00 00000001 01
[R] 04 01 00000000 00000000
[E] 01000164 00000001 0
[F] 01000168 00200293
[D] 01000168 13 05 00 02 0 00 00000002 02
[R] 00 02 00000000 01100000
[E] 01000168 00000002 0
[F] 0100016c fe5214e3
[D] 0100016c 63 09 04 05 1 7f ffffffe8 05
[R] 04 05 00000000 00000000
[E] 0100016c 01000154 0
[F] 01000170 fff00e93
[D] 01000170 13 1d 00 1f 0 7f ffffffff 1f
[R] 00 1f 00000000 00000000
[E] 01000170 ffffffff 0
[F] 01000174 00b00193
[D] 01000174 13 03 00 0b 0 00 0000000b 0b
[R] 00 0b 00000000 00000000
[E] 01000174 0000000b 0
[F] 01000178 07df1263
[D] 01000178 63 04 1e 1d 1 03 00000064 1d
[R] 1e 1d 00000000 00000000
[E] 01000178 010001dc 0
[F] 0100017c 00000213
[D] 0100017c 13 04 00 00 0 00 00000000 00
[R] 00 00 00000000 00000000
[E] 0100017c 00000000 0
[F] 01000180 f00ff0b7
[D] 01000180 37 01 00 00 7 78 f00ff000 00
[R] 00 00 00000000 00000000
[E] 01000180 f00ff000 0
[F] 01000184 00f08093
[D] 01000184 13 01 01 0f 0 00 0000000f 0f
[R] 01 0f 00000000 00000000
[E] 01000184 0000000f 0
[F] 01000188 00000013
[D] 01000188 13 00 00 00 0 00 00000000 00
[R] 00 00 00000000 00000000
[E] 01000188 00000000 0
[F] 0100018c 00000013
[D] 0100018c 13 00 00 00 0 00 00000000 00
[R] 00 00 00000000 00000000
[E] 0100018c 00000000 0
[F] 01000190 0f00ef13
[D] 01000190 13 1e 01 10 6 07 000000f0 10
[R] 01 10 00000000 00000000
[E] 01000190 000000f0 0
[F] 01000194 00120213
[D] 01000194 13 04 04 01 0 00 00000001 01
[R] 04 01 00000000 00000000
[E] 01000194 00000001 0
[F] 01000198 00200293
[D] 01000198 13 05 00 02 0 00 00000002 02
[R] 00 02 00000000 01100000
[E] 01000198 00000002 0
[F] 0100019c fe5212e3
[D] 0100019c 63 05 04 05 1 7f ffffffe4 05
[R] 04 05 00000000 00000000
[E] 0100019c 01000180 0
[F] 010001a0 f00ffeb7
[D] 010001a0 37 1d 00 00 7 78 f00ff000 00
[R] 00 00 00000000 00000000
[E] 010001a0 f00ff000 0
[F] 010001a4 0ffe8e93
[D] 010001a4 13 1d 1d 1f 0 07 000000ff 1f
[R] 1d 1f 00000000 00000000
[E] 010001a4 000000ff 0
[F] 010001a8 00c00193
[D] 010001a8 13 03 00 0c 0 00 0000000c 0c
[R] 00 0c 00000000 00000000
[E] 010001a8 0000000c 0
[F] 010001ac 03df1863
[D] 010001ac 63 10 1e 1d 1 01 00000030 1d
[R] 1e 1d 00000000 00000000
[E] 010001ac 010001dc 0
[F] 010001b0 0f006093
[D] 010001b0 13 01 00 10 6 07 000000f0 10
[R] 00 10 00000000 00000000
[E] 010001b0 000000f0 0
[F] 010001b4 0f000e93
[D] 010001b4 13 1d 00 10 0 07 000000f0 10
[R] 00 10 00000000 00000000
[E] 010001b4 000000f0 0
[F] 010001b8 00d00193
[D] 010001b8 13 03 00 0d 0 00 0000000d 0d
[R] 00 0d 00000000 00000000
[E] 010001b8 0000000d 0
[F] 010001bc 03d09063
[D] 010001bc 63 00 01 1d 1 01 00000020 1d
[R] 01 1d 00000000 00000000
[E] 010001bc 010001dc 0
[F] 010001c0 00ff00b7
[D] 010001c0 37 01 00 0f 0 00 00ff0000 0f
[R] 00 0f 00000000 00000000
[E] 010001c0 00ff0000 0
[F] 010001c4 0ff08093
[D] 010001c4 13 01 01 1f 0 07 000000ff 1f
[R] 01 1f 00000000 00000000
[E] 010001c4 000000ff 0
[F] 010001c8 70f0e013
[D] 010001c8 13 00 01 0f 6 38 0000070f 0f
[R] 01 0f 00000000 00000000
[E] 010001c8 0000070f 0
[F] 010001cc 00000e93
[D] 010001cc 13 1d 00 00 0 00 00000000 00
[R] 00 00 00000000 00000000
[E] 010001cc 00000000 0
[F] 010001d0 00e00193
[D] 010001d0 13 03 00 0e 0 00 0000000e 0e
[R] 00 0e 00000000 00000000
[E] 010001d0 0000000e 0
[F] 010001d4 01d01463
[D] 010001d4 63 08 00 1d 1 00 00000008 1d
[R] 00 1d 00000000 00000000
[E] 010001d4 010001dc 0
[F] 010001d8 00301c63
[D] 010001d8 63 18 00 03 1 00 00000018 03
[R] 00 03 00000000 00000000
[E] 010001d8 010001f0 0
[F] 010001dc 0ff0000f
[D] 010001dc 0f 00 00 1f 0 07 00000000 1f
[R] 00 1f 00000000 00000000
[E] 010001dc 00000000 0
[F] 010001e0 00018063
[D] 010001e0 63 00 03 00 0 00 00000000 00
[R] 03 00 00000000 00000000
[E] 010001e0 010001e0 0
[F] 010001e0 00018063
[D] 010001e0 63 00 03 00 0 00 00000000 00
[R] 03 00 00000000 00000000
[E] 010001e0 010001e0 0
[F] 010001e0 00018063
[D] 010001e0 63 00 03 00 0 00 00000000 00
[R] 03 00 00000000 00000000
[E] 010001e0 010001e0 0
[F] 010001e0 00018063
[D] 010001e0 63 00 03 00 0 00 00000000 00
[R] 03 00 00000000 00000000
[E] 010001e0 010001e0 0
[F] 010001e0 00018063
[D] 010001e0 63 00 03 00 0 00 00000000 00
[R] 03 00 00000000 00000000
[E] 010001e0 010001e0 0
[F] 010001e0 00018063
[D] 010001e0 63 00 03 00 0 00 00000000 00
[R] 03 00 00000000 00000000
[E] 010001e0 010001e0 0
[F] 010001e0 00018063
[D] 010001e0 63 00 03 00 0 00 00000000 00
[R] 03 00 00000000 00000000
[E] 010001e0 010001e0 0
[F] 010001e0 00018063
[D] 010001e0 63 00 03 00 0 00 00000000 00
[R] 03 00 00000000 00000000
[E] 010001e0 010001e0 0
[F] 010001e0 00018063
[D] 010001e0 63 00 03 00 0 00 00000000 00
[R] 03 00 00000000 00000000
[E] 010001e0 010001e0 0
[F] 010001e0 00018063
[D] 010001e0 63 00 03 00 0 00 00000000 00
[R] 03 00 00000000 00000000
[E] 010001e0 010001e0 0
[F] 010001e0 00018063
[D] 010001e0 63 00 03 00 0 00 00000000 00
[R] 03 00 00000000 00000000
[E] 010001e0 010001e0 0
[F] 010001e0 00018063
[D] 010001e0 63 00 03 00 0 00 00000000 00
[R] 03 00 00000000 00000000
[E] 010001e0 010001e0 0
[F] 010001e0 00018063
[D] 010001e0 63 00 03 00 0 00 00000000 00
[R] 03 00 00000000 00000000
[E] 010001e0 010001e0 0
[F] 010001e0 00018063
[D] 010001e0 63 00 03 00 0 00 00000000 00
[R] 03 00 00000000 00000000
[E] 010001e0 010001e0 0
[F] 010001e0 00018063
[D] 010001e0 63 00 03 00 0 00 00000000 00
[R] 03 00 00000000 00000000
[E] 010001e0 010001e0 0
[F] 010001e0 00018063
[D] 010001e0 63 00 03 00 0 00 00000000 00
[R] 03 00 00000000 00000000
[E] 010001e0 010001e0 0
[F] 010001e0 00018063
[D] 010001e0 63 00 03 00 0 00 00000000 00
[R] 03 00 00000000 00000000
[E] 010001e0 010001e0 0
[F] 010001e0 00018063
[D] 010001e0 63 00 03 00 0 00 00000000 00
[R] 03 00 00000000 00000000
[E] 010001e0 010001e0 0
[F] 010001e0 00018063
[D] 010001e0 63 00 03 00 0 00 00000000 00
[R] 03 00 00000000 00000000
[E] 010001e0 010001e0 0
[F] 010001e0 00018063
[D] 010001e0 63 00 03 00 0 00 00000000 00
[R] 03 00 00000000 00000000
[E] 010001e0 010001e0 0
[F] 010001e0 00018063
[D] 010001e0 63 00 03 00 0 00 00000000 00
[R] 03 00 00000000 00000000
[E] 010001e0 010001e0 0
[F] 010001e0 00018063
[D] 010001e0 63 00 03 00 0 00 00000000 00
[R] 03 00 00000000 00000000
[E] 010001e0 010001e0 0
[F] 010001e0 00018063
[D] 010001e0 63 00 03 00 0 00 00000000 00
[R] 03 00 00000000 00000000
[E] 010001e0 010001e0 0
[F] 010001e0 00018063
[D] 010001e0 63 00 03 00 0 00 00000000 00
[R] 03 00 00000000 00000000
[E] 010001e0 010001e0 0
[F] 010001e0 00018063
[D] 010001e0 63 00 03 00 0 00 00000000 00
[R] 03 00 00000000 00000000
[E] 010001e0 010001e0 0
[F] 010001e0 00018063
[D] 010001e0 63 00 03 00 0 00 00000000 00
[R] 03 00 00000000 00000000
[E] 010001e0 010001e0 0
[F] 010001e0 00018063
[D] 010001e0 63 00 03 00 0 00 00000000 00
[R] 03 00 00000000 00000000
[E] 010001e0 010001e0 0
[F] 010001e0 00018063
[D] 010001e0 63 00 03 00 0 00 00000000 00
[R] 03 00 00000000 00000000
[E] 010001e0 010001e0 0
[F] 010001e0 00018063
[D] 010001e0 63 00 03 00 0 00 00000000 00
[R] 03 00 00000000 00000000
[E] 010001e0 010001e0 0
[F] 010001e0 00018063
[D] 010001e0 63 00 03 00 0 00 00000000 00
[R] 03 00 00000000 00000000
[E] 010001e0 010001e0 0
[F] 010001e0 00018063
[D] 010001e0 63 00 03 00 0 00 00000000 00
[R] 03 00 00000000 00000000
[E] 010001e0 010001e0 0
[F] 010001e0 00018063
[D] 010001e0 63 00 03 00 0 00 00000000 00
[R] 03 00 00000000 00000000
[E] 010001e0 010001e0 0
[F] 010001e0 00018063
[D] 010001e0 63 00 03 00 0 00 00000000 00
[R] 03 00 00000000 00000000
[E] 010001e0 010001e0 0
[F] 010001e0 00018063
[D] 010001e0 63 00 03 00 0 00 00000000 00
[R] 03 00 00000000 00000000
[E] 010001e0 010001e0 0
[F] 010001e0 00018063
[D] 010001e0 63 00 03 00 0 00 00000000 00
[R] 03 00 00000000 00000000
[E] 010001e0 010001e0 0
[F] 010001e0 00018063
[D] 010001e0 63 00 03 00 0 00 00000000 00
[R] 03 00 00000000 00000000
[E] 010001e0 010001e0 0
[F] 010001e0 00018063
[D] 010001e0 63 00 03 00 0 00 00000000 00
[R] 03 00 00000000 00000000
[E] 010001e0 010001e0 0
[F] 010001e0 00018063
[D] 010001e0 63 00 03 00 0 00 00000000 00
[R] 03 00 00000000 00000000
[E] 010001e0 010001e0 0
[F] 010001e0 00018063
[D] 010001e0 63 00 03 00 0 00 00000000 00
[R] 03 00 00000000 00000000
[E] 010001e0 010001e0 0
[F] 010001e0 00018063
[D] 010001e0 63 00 03 00 0 00 00000000 00
[R] 03 00 00000000 00000000
[E] 010001e0 010001e0 0
[F] 010001e0 00018063
[D] 010001e0 63 00 03 00 0 00 00000000 00
[R] 03 00 00000000 00000000
[E] 010001e0 010001e0 0
[F] 010001e0 00018063
[D] 010001e0 63 00 03 00 0 00 00000000 00
[R] 03 00 00000000 00000000
[E] 010001e0 010001e0 0
[F] 010001e0 00018063
[D] 010001e0 63 00 03 00 0 00 00000000 00
[R] 03 00 00000000 00000000
[E] 010001e0 010001e0 0
[F] 010001e0 00018063
[D] 010001e0 63 00 03 00 0 00 00000000 00
[R] 03 00 00000000 00000000
[E] 010001e0 010001e0 0
[F] 010001e0 00018063
[D] 010001e0 63 00 03 00 0 00 00000000 00
[R] 03 00 00000000 00000000
[E] 010001e0 010001e0 0
[F] 010001e0 00018063
[D] 010001e0 63 00 03 00 0 00 00000000 00
[R] 03 00 00000000 00000000
[E] 010001e0 010001e0 0
[F] 010001e0 00018063
[D] 010001e0 63 00 03 00 0 00 00000000 00
[R] 03 00 00000000 00000000
[E] 010001e0 010001e0 0
[F] 010001e0 00018063
[D] 010001e0 63 00 03 00 0 00 00000000 00
[R] 03 00 00000000 00000000
[E] 010001e0 010001e0 0
[F] 010001e0 00018063
[D] 010001e0 63 00 03 00 0 00 00000000 00
[R] 03 00 00000000 00000000
[E] 010001e0 010001e0 0
[F] 010001e0 00018063
[D] 010001e0 63 00 03 00 0 00 00000000 00
[R] 03 00 00000000 00000000
[E] 010001e0 010001e0 0
[F] 010001e0 00018063
[D] 010001e0 63 00 03 00 0 00 00000000 00
[R] 03 00 00000000 00000000
[E] 010001e0 010001e0 0
[F] 010001e0 00018063
[D] 010001e0 63 00 03 00 0 00 00000000 00
[R] 03 00 00000000 00000000
[E] 010001e0 010001e0 0
[F] 010001e0 00018063
[D] 010001e0 63 00 03 00 0 00 00000000 00
[R] 03 00 00000000 00000000
[E] 010001e0 010001e0 0
[F] 010001e0 00018063
[D] 010001e0 63 00 03 00 0 00 00000000 00
[R] 03 00 00000000 00000000
[E] 010001e0 010001e0 0
[F] 010001e0 00018063
[D] 010001e0 63 00 03 00 0 00 00000000 00
[R] 03 00 00000000 00000000
[E] 010001e0 010001e0 0
[F] 010001e0 00018063
[D] 010001e0 63 00 03 00 0 00 00000000 00
[R] 03 00 00000000 00000000
[E] 010001e0 010001e0 0
[F] 010001e0 00018063
[D] 010001e0 63 00 03 00 0 00 00000000 00
[R] 03 00 00000000 00000000
[E] 010001e0 010001e0 0
[F] 010001e0 00018063
[D] 010001e0 63 00 03 00 0 00 00000000 00
[R] 03 00 00000000 00000000
[E] 010001e0 010001e0 0
[F] 010001e0 00018063
[D] 010001e0 63 00 03 00 0 00 00000000 00
[R] 03 00 00000000 00000000
[E] 010001e0 010001e0 0
[F] 010001e0 00018063
[D] 010001e0 63 00 03 00 0 00 00000000 00
[R] 03 00 00000000 00000000
[E] 010001e0 010001e0 0
[F] 010001e0 00018063
[D] 010001e0 63 00 03 00 0 00 00000000 00
[R] 03 00 00000000 00000000
[E] 010001e0 010001e0 0
[F] 010001e0 00018063
[D] 010001e0 63 00 03 00 0 00 00000000 00
[R] 03 00 00000000 00000000
[E] 010001e0 010001e0 0
[F] 010001e0 00018063
[D] 010001e0 63 00 03 00 0 00 00000000 00
[R] 03 00 00000000 00000000
[E] 010001e0 010001e0 0
[F] 010001e0 00018063
[D] 010001e0 63 00 03 00 0 00 00000000 00
[R] 03 00 00000000 00000000
[E] 010001e0 010001e0 0
[F] 010001e0 00018063
[D] 010001e0 63 00 03 00 0 00 00000000 00
[R] 03 00 00000000 00000000
[E] 010001e0 010001e0 0
[F] 010001e0 00018063
[D] 010001e0 63 00 03 00 0 00 00000000 00
[R] 03 00 00000000 00000000
[E] 010001e0 010001e0 0
[F] 010001e0 00018063
[D] 010001e0 63 00 03 00 0 00 00000000 00
[R] 03 00 00000000 00000000
[E] 010001e0 010001e0 0
[F] 010001e0 00018063
[D] 010001e0 63 00 03 00 0 00 00000000 00
[R] 03 00 00000000 00000000
[E] 010001e0 010001e0 0
[F] 010001e0 00018063
[D] 010001e0 63 00 03 00 0 00 00000000 00
[R] 03 00 00000000 00000000
[E] 010001e0 010001e0 0
[F] 010001e0 00018063
[D] 010001e0 63 00 03 00 0 00 00000000 00
[R] 03 00 00000000 00000000
[E] 010001e0 010001e0 0
[F] 010001e0 00018063
[D] 010001e0 63 00 03 00 0 00 00000000 00
[R] 03 00 00000000 00000000
[E] 010001e0 010001e0 0
[F] 010001e0 00018063
[D] 010001e0 63 00 03 00 0 00 00000000 00
[R] 03 00 00000000 00000000
[E] 010001e0 010001e0 0
[F] 010001e0 00018063
[D] 010001e0 63 00 03 00 0 00 00000000 00
[R] 03 00 00000000 00000000
[E] 010001e0 010001e0 0
[F] 010001e0 00018063
[D] 010001e0 63 00 03 00 0 00 00000000 00
[R] 03 00 00000000 00000000
[E] 010001e0 010001e0 0
[F] 010001e0 00018063
[D] 010001e0 63 00 03 00 0 00 00000000 00
[R] 03 00 00000000 00000000
[E] 010001e0 010001e0 0
[F] 010001e0 00018063
[D] 010001e0 63 00 03 00 0 00 00000000 00
[R] 03 00 00000000 00000000
[E] 010001e0 010001e0 0
[F] 010001e0 00018063
[D] 010001e0 63 00 03 00 0 00 00000000 00
[R] 03 00 00000000 00000000
[E] 010001e0 010001e0 0
[F] 010001e0 00018063
[D] 010001e0 63 00 03 00 0 00 00000000 00
[R] 03 00 00000000 00000000
[E] 010001e0 010001e0 0
[F] 010001e0 00018063
[D] 010001e0 63 00 03 00 0 00 00000000 00
[R] 03 00 00000000 00000000
[E] 010001e0 010001e0 0
[F] 010001e0 00018063
[D] 010001e0 63 00 03 00 0 00 00000000 00
[R] 03 00 00000000 00000000
[E] 010001e0 010001e0 0
[F] 010001e0 00018063
[D] 010001e0 63 00 03 00 0 00 00000000 00
[R] 03 00 00000000 00000000
[E] 010001e0 010001e0 0
[F] 010001e0 00018063
[D] 010001e0 63 00 03 00 0 00 00000000 00
[R] 03 00 00000000 00000000
[E] 010001e0 010001e0 0
[F] 010001e0 00018063
[D] 010001e0 63 00 03 00 0 00 00000000 00
[R] 03 00 00000000 00000000
[E] 010001e0 010001e0 0
[F] 010001e0 00018063
[D] 010001e0 63 00 03 00 0 00 00000000 00
[R] 03 00 00000000 00000000
[E] 010001e0 010001e0 0
[F] 010001e0 00018063
[D] 010001e0 63 00 03 00 0 00 00000000 00
[R] 03 00 00000000 00000000
[E] 010001e0 010001e0 0
[F] 010001e0 00018063
[D] 010001e0 63 00 03 00 0 00 00000000 00
[R] 03 00 00000000 00000000
[E] 010001e0 010001e0 0
[F] 010001e0 00018063
[D] 010001e0 63 00 03 00 0 00 00000000 00
[R] 03 00 00000000 00000000
[E] 010001e0 010001e0 0
[F] 010001e0 00018063
[D] 010001e0 63 00 03 00 0 00 00000000 00
[R] 03 00 00000000 00000000
[E] 010001e0 010001e0 0
[F] 010001e0 00018063
[D] 010001e0 63 00 03 00 0 00 00000000 00
[R] 03 00 00000000 00000000
[E] 010001e0 010001e0 0
[F] 010001e0 00018063
[D] 010001e0 63 00 03 00 0 00 00000000 00
[R] 03 00 00000000 00000000
[E] 010001e0 010001e0 0
[F] 010001e0 00018063
[D] 010001e0 63 00 03 00 0 00 00000000 00
[R] 03 00 00000000 00000000
[E] 010001e0 010001e0 0
[F] 010001e0 00018063
[D] 010001e0 63 00 03 00 0 00 00000000 00
[R] 03 00 00000000 00000000
[E] 010001e0 010001e0 0
[F] 010001e0 00018063
[D] 010001e0 63 00 03 00 0 00 00000000 00
[R] 03 00 00000000 00000000
[E] 010001e0 010001e0 0
[F] 010001e0 00018063
[D] 010001e0 63 00 03 00 0 00 00000000 00
[R] 03 00 00000000 00000000
[E] 010001e0 010001e0 0
[F] 010001e0 00018063
[D] 010001e0 63 00 03 00 0 00 00000000 00
[R] 03 00 00000000 00000000
[E] 010001e0 010001e0 0
[F] 010001e0 00018063
[D] 010001e0 63 00 03 00 0 00 00000000 00
[R] 03 00 00000000 00000000
[E] 010001e0 010001e0 0
[F] 010001e0 00018063
[D] 010001e0 63 00 03 00 0 00 00000000 00
[R] 03 00 00000000 00000000
[E] 010001e0 010001e0 0
[F] 010001e0 00018063
[D] 010001e0 63 00 03 00 0 00 00000000 00
[R] 03 00 00000000 00000000
[E] 010001e0 010001e0 0
[F] 010001e0 00018063
[D] 010001e0 63 00 03 00 0 00 00000000 00
[R] 03 00 00000000 00000000
[E] 010001e0 010001e0 0
[F] 010001e0 00018063
[D] 010001e0 63 00 03 00 0 00 00000000 00
[R] 03 00 00000000 00000000
[E] 010001e0 010001e0 0
[F] 010001e0 00018063
[D] 010001e0 63 00 03 00 0 00 00000000 00
[R] 03 00 00000000 00000000
[E] 010001e0 010001e0 0
[F] 010001e0 00018063
[D] 010001e0 63 00 03 00 0 00 00000000 00
[R] 03 00 00000000 00000000
[E] 010001e0 010001e0 0
[F] 010001e0 00018063
[D] 010001e0 63 00 03 00 0 00 00000000 00
[R] 03 00 00000000 00000000
[E] 010001e0 010001e0 0
[F] 010001e0 00018063
[D] 010001e0 63 00 03 00 0 00 00000000 00
[R] 03 00 00000000 00000000
[E] 010001e0 010001e0 0
[F] 010001e0 00018063
[D] 010001e0 63 00 03 00 0 00 00000000 00
[R] 03 00 00000000 00000000
[E] 010001e0 010001e0 0
[F] 010001e0 00018063
[D] 010001e0 63 00 03 00 0 00 00000000 00
[R] 03 00 00000000 00000000
[E] 010001e0 010001e0 0
[F] 010001e0 00018063
[D] 010001e0 63 00 03 00 0 00 00000000 00
[R] 03 00 00000000 00000000
[E] 010001e0 010001e0 0
[F] 010001e0 00018063
[D] 010001e0 63 00 03 00 0 00 00000000 00
[R] 03 00 00000000 00000000
[E] 010001e0 010001e0 0
[F] 010001e0 00018063
[D] 010001e0 63 00 03 00 0 00 00000000 00
[R] 03 00 00000000 00000000
[E] 010001e0 010001e0 0
[F] 010001e0 00018063
[D] 010001e0 63 00 03 00 0 00 00000000 00
[R] 03 00 00000000 00000000
[E] 010001e0 010001e0 0
[F] 010001e0 00018063
[D] 010001e0 63 00 03 00 0 00 00000000 00
[R] 03 00 00000000 00000000
[E] 010001e0 010001e0 0
[F] 010001e0 00018063
[D] 010001e0 63 00 03 00 0 00 00000000 00
[R] 03 00 00000000 00000000
[E] 010001e0 010001e0 0
[F] 010001e0 00018063
[D] 010001e0 63 00 03 00 0 00 00000000 00
[R] 03 00 00000000 00000000
[E] 010001e0 010001e0 0
[F] 010001e0 00018063
[D] 010001e0 63 00 03 00 0 00 00000000 00
[R] 03 00 00000000 00000000
[E] 010001e0 010001e0 0
[F] 010001e0 00018063
[D] 010001e0 63 00 03 00 0 00 00000000 00
[R] 03 00 00000000 00000000
[E] 010001e0 010001e0 0
[F] 010001e0 00018063
[D] 010001e0 63 00 03 00 0 00 00000000 00
[R] 03 00 00000000 00000000
[E] 010001e0 010001e0 0
[F] 010001e0 00018063
[D] 010001e0 63 00 03 00 0 00 00000000 00
[R] 03 00 00000000 00000000
[E] 010001e0 010001e0 0
[F] 010001e0 00018063
[D] 010001e0 63 00 03 00 0 00 00000000 00
[R] 03 00 00000000 00000000
[E] 010001e0 010001e0 0
[F] 010001e0 00018063
[D] 010001e0 63 00 03 00 0 00 00000000 00
[R] 03 00 00000000 00000000
[E] 010001e0 010001e0 0
[F] 010001e0 00018063
[D] 010001e0 63 00 03 00 0 00 00000000 00
[R] 03 00 00000000 00000000
[E] 010001e0 010001e0 0
[F] 010001e0 00018063
[D] 010001e0 63 00 03 00 0 00 00000000 00
[R] 03 00 00000000 00000000
[E] 010001e0 010001e0 0
[F] 010001e0 00018063
[D] 010001e0 63 00 03 00 0 00 00000000 00
[R] 03 00 00000000 00000000
[E] 010001e0 010001e0 0
[F] 010001e0 00018063
[D] 010001e0 63 00 03 00 0 00 00000000 00
[R] 03 00 00000000 00000000
[E] 010001e0 010001e0 0
[F] 010001e0 00018063
[D] 010001e0 63 00 03 00 0 00 00000000 00
[R] 03 00 00000000 00000000
[E] 010001e0 010001e0 0
[F] 010001e0 00018063
[D] 010001e0 63 00 03 00 0 00 00000000 00
[R] 03 00 00000000 00000000
[E] 010001e0 010001e0 0
[F] 010001e0 00018063
[D] 010001e0 63 00 03 00 0 00 00000000 00
[R] 03 00 00000000 00000000
[E] 010001e0 010001e0 0
[F] 010001e0 00018063
[D] 010001e0 63 00 03 00 0 00 00000000 00
[R] 03 00 00000000 00000000
[E] 010001e0 010001e0 0
[F] 010001e0 00018063
[D] 010001e0 63 00 03 00 0 00 00000000 00
[R] 03 00 00000000 00000000
[E] 010001e0 010001e0 0
[F] 010001e0 00018063
[D] 010001e0 63 00 03 00 0 00 00000000 00
[R] 03 00 00000000 00000000
[E] 010001e0 010001e0 0
[F] 010001e0 00018063
[D] 010001e0 63 00 03 00 0 00 00000000 00
[R] 03 00 00000000 00000000
[E] 010001e0 010001e0 0
[F] 010001e0 00018063
[D] 010001e0 63 00 03 00 0 00 00000000 00
[R] 03 00 00000000 00000000
[E] 010001e0 010001e0 0
[F] 010001e0 00018063
[D] 010001e0 63 00 03 00 0 00 00000000 00
[R] 03 00 00000000 00000000
[E] 010001e0 010001e0 0
[F] 010001e0 00018063
[D] 010001e0 63 00 03 00 0 00 00000000 00
[R] 03 00 00000000 00000000
[E] 010001e0 010001e0 0
[F] 010001e0 00018063
[D] 010001e0 63 00 03 00 0 00 00000000 00
[R] 03 00 00000000 00000000
[E] 010001e0 010001e0 0
[F] 010001e0 00018063
[D] 010001e0 63 00 03 00 0 00 00000000 00
[R] 03 00 00000000 00000000
[E] 010001e0 010001e0 0
[F] 010001e0 00018063
[D] 010001e0 63 00 03 00 0 00 00000000 00
[R] 03 00 00000000 00000000
[E] 010001e0 010001e0 0
[F] 010001e0 00018063
[D] 010001e0 63 00 03 00 0 00 00000000 00
[R] 03 00 00000000 00000000
[E] 010001e0 010001e0 0
[F] 010001e0 00018063
[D] 010001e0 63 00 03 00 0 00 00000000 00
[R] 03 00 00000000 00000000
[E] 010001e0 010001e0 0
[F] 010001e0 00018063
[D] 010001e0 63 00 03 00 0 00 00000000 00
[R] 03 00 00000000 00000000
[E] 010001e0 010001e0 0
[F] 010001e0 00018063
[D] 010001e0 63 00 03 00 0 00 00000000 00
[R] 03 00 00000000 00000000
[E] 010001e0 010001e0 0
[F] 010001e0 00018063
[D] 010001e0 63 00 03 00 0 00 00000000 00
[R] 03 00 00000000 00000000
[E] 010001e0 010001e0 0
[F] 010001e0 00018063
[D] 010001e0 63 00 03 00 0 00 00000000 00
[R] 03 00 00000000 00000000
[E] 010001e0 010001e0 0
[F] 010001e0 00018063
[D] 010001e0 63 00 03 00 0 00 00000000 00
[R] 03 00 00000000 00000000
[E] 010001e0 010001e0 0
[F] 010001e0 00018063
[D] 010001e0 63 00 03 00 0 00 00000000 00
[R] 03 00 00000000 00000000
[E] 010001e0 010001e0 0
[F] 010001e0 00018063
[D] 010001e0 63 00 03 00 0 00 00000000 00
[R] 03 00 00000000 00000000
[E] 010001e0 010001e0 0
[F] 010001e0 00018063
[D] 010001e0 63 00 03 00 0 00 00000000 00
[R] 03 00 00000000 00000000
[E] 010001e0 010001e0 0
[F] 010001e0 00018063
[D] 010001e0 63 00 03 00 0 00 00000000 00
[R] 03 00 00000000 00000000
[E] 010001e0 010001e0 0
[F] 010001e0 00018063
[D] 010001e0 63 00 03 00 0 00 00000000 00
[R] 03 00 00000000 00000000
[E] 010001e0 010001e0 0
[F] 010001e0 00018063
[D] 010001e0 63 00 03 00 0 00 00000000 00
[R] 03 00 00000000 00000000
[E] 010001e0 010001e0 0
[F] 010001e0 00018063
[D] 010001e0 63 00 03 00 0 00 00000000 00
[R] 03 00 00000000 00000000
[E] 010001e0 010001e0 0
[F] 010001e0 00018063
[D] 010001e0 63 00 03 00 0 00 00000000 00
[R] 03 00 00000000 00000000
[E] 010001e0 010001e0 0
[F] 010001e0 00018063
[D] 010001e0 63 00 03 00 0 00 00000000 00
[R] 03 00 00000000 00000000
[E] 010001e0 010001e0 0
[F] 010001e0 00018063
[D] 010001e0 63 00 03 00 0 00 00000000 00
[R] 03 00 00000000 00000000
[E] 010001e0 010001e0 0
[F] 010001e0 00018063
[D] 010001e0 63 00 03 00 0 00 00000000 00
[R] 03 00 00000000 00000000
[E] 010001e0 010001e0 0
[F] 010001e0 00018063
[D] 010001e0 63 00 03 00 0 00 00000000 00
[R] 03 00 00000000 00000000
[E] 010001e0 010001e0 0
[F] 010001e0 00018063
[D] 010001e0 63 00 03 00 0 00 00000000 00
[R] 03 00 00000000 00000000
[E] 010001e0 010001e0 0
[F] 010001e0 00018063
[D] 010001e0 63 00 03 00 0 00 00000000 00
[R] 03 00 00000000 00000000
[E] 010001e0 010001e0 0
[F] 010001e0 00018063
[D] 010001e0 63 00 03 00 0 00 00000000 00
[R] 03 00 00000000 00000000
[E] 010001e0 010001e0 0
[F] 010001e0 00018063
[D] 010001e0 63 00 03 00 0 00 00000000 00
[R] 03 00 00000000 00000000
[E] 010001e0 010001e0 0
[F] 010001e0 00018063
[D] 010001e0 63 00 03 00 0 00 00000000 00
[R] 03 00 00000000 00000000
[E] 010001e0 010001e0 0
[F] 010001e0 00018063
[D] 010001e0 63 00 03 00 0 00 00000000 00
[R] 03 00 00000000 00000000
[E] 010001e0 010001e0 0
[F] 010001e0 00018063
[D] 010001e0 63 00 03 00 0 00 00000000 00
[R] 03 00 00000000 00000000
[E] 010001e0 010001e0 0
[F] 010001e0 00018063
[D] 010001e0 63 00 03 00 0 00 00000000 00
[R] 03 00 00000000 00000000
[E] 010001e0 010001e0 0
[F] 010001e0 00018063
[D] 010001e0 63 00 03 00 0 00 00000000 00
[R] 03 00 00000000 00000000
[E] 010001e0 010001e0 0
[F] 010001e0 00018063
[D] 010001e0 63 00 03 00 0 00 00000000 00
[R] 03 00 00000000 00000000
[E] 010001e0 010001e0 0
[F] 010001e0 00018063
[D] 010001e0 63 00 03 00 0 00 00000000 00
[R] 03 00 00000000 00000000
[E] 010001e0 010001e0 0
[F] 010001e0 00018063
[D] 010001e0 63 00 03 00 0 00 00000000 00
[R] 03 00 00000000 00000000
[E] 010001e0 010001e0 0
[F] 010001e0 00018063
[D] 010001e0 63 00 03 00 0 00 00000000 00
[R] 03 00 00000000 00000000
[E] 010001e0 010001e0 0
[F] 010001e0 00018063
[D] 010001e0 63 00 03 00 0 00 00000000 00
[R] 03 00 00000000 00000000
[E] 010001e0 010001e0 0
[F] 010001e0 00018063
[D] 010001e0 63 00 03 00 0 00 00000000 00
[R] 03 00 00000000 00000000
[E] 010001e0 010001e0 0
[F] 010001e0 00018063
[D] 010001e0 63 00 03 00 0 00 00000000 00
[R] 03 00 00000000 00000000
[E] 010001e0 010001e0 0
[F] 010001e0 00018063
[D] 010001e0 63 00 03 00 0 00 00000000 00
[R] 03 00 00000000 00000000
[E] 010001e0 010001e0 0
[F] 010001e0 00018063
[D] 010001e0 63 00 03 00 0 00 00000000 00
[R] 03 00 00000000 00000000
[E] 010001e0 010001e0 0
[F] 010001e0 00018063
[D] 010001e0 63 00 03 00 0 00 00000000 00
[R] 03 00 00000000 00000000
[E] 010001e0 010001e0 0
[F] 010001e0 00018063
[D] 010001e0 63 00 03 00 0 00 00000000 00
[R] 03 00 00000000 00000000
[E] 010001e0 010001e0 0
[F] 010001e0 00018063
[D] 010001e0 63 00 03 00 0 00 00000000 00
[R] 03 00 00000000 00000000
[E] 010001e0 010001e0 0
[F] 010001e0 00018063
[D] 010001e0 63 00 03 00 0 00 00000000 00
[R] 03 00 00000000 00000000
[E] 010001e0 010001e0 0
[F] 010001e0 00018063
[D] 010001e0 63 00 03 00 0 00 00000000 00
[R] 03 00 00000000 00000000
[E] 010001e0 010001e0 0
[F] 010001e0 00018063
[D] 010001e0 63 00 03 00 0 00 00000000 00
[R] 03 00 00000000 00000000
[E] 010001e0 010001e0 0
[F] 010001e0 00018063
[D] 010001e0 63 00 03 00 0 00 00000000 00
[R] 03 00 00000000 00000000
[E] 010001e0 010001e0 0
[F] 010001e0 00018063
[D] 010001e0 63 00 03 00 0 00 00000000 00
[R] 03 00 00000000 00000000
[E] 010001e0 010001e0 0
[F] 010001e0 00018063
[D] 010001e0 63 00 03 00 0 00 00000000 00
[R] 03 00 00000000 00000000
[E] 010001e0 010001e0 0
[F] 010001e0 00018063
[D] 010001e0 63 00 03 00 0 00 00000000 00
[R] 03 00 00000000 00000000
[E] 010001e0 010001e0 0
[F] 010001e0 00018063
[D] 010001e0 63 00 03 00 0 00 00000000 00
[R] 03 00 00000000 00000000
[E] 010001e0 010001e0 0
[F] 010001e0 00018063
[D] 010001e0 63 00 03 00 0 00 00000000 00
[R] 03 00 00000000 00000000
[E] 010001e0 010001e0 0
[F] 010001e0 00018063
[D] 010001e0 63 00 03 00 0 00 00000000 00
[R] 03 00 00000000 00000000
[E] 010001e0 010001e0 0
[F] 010001e0 00018063
[D] 010001e0 63 00 03 00 0 00 00000000 00
[R] 03 00 00000000 00000000
[E] 010001e0 010001e0 0
[F] 010001e0 00018063
[D] 010001e0 63 00 03 00 0 00 00000000 00
[R] 03 00 00000000 00000000
[E] 010001e0 010001e0 0
[F] 010001e0 00018063
[D] 010001e0 63 00 03 00 0 00 00000000 00
[R] 03 00 00000000 00000000
[E] 010001e0 010001e0 0
[F] 010001e0 00018063
[D] 010001e0 63 00 03 00 0 00 00000000 00
[R] 03 00 00000000 00000000
[E] 010001e0 010001e0 0
[F] 010001e0 00018063
[D] 010001e0 63 00 03 00 0 00 00000000 00
[R] 03 00 00000000 00000000
[E] 010001e0 010001e0 0
[F] 010001e0 00018063
[D] 010001e0 63 00 03 00 0 00 00000000 00
[R] 03 00 00000000 00000000
[E] 010001e0 010001e0 0
[F] 010001e0 00018063
[D] 010001e0 63 00 03 00 0 00 00000000 00
[R] 03 00 00000000 00000000
[E] 010001e0 010001e0 0
[F] 010001e0 00018063
[D] 010001e0 63 00 03 00 0 00 00000000 00
[R] 03 00 00000000 00000000
[E] 010001e0 010001e0 0
[F] 010001e0 00018063
[D] 010001e0 63 00 03 00 0 00 00000000 00
[R] 03 00 00000000 00000000
[E] 010001e0 010001e0 0
[F] 010001e0 00018063
[D] 010001e0 63 00 03 00 0 00 00000000 00
[R] 03 00 00000000 00000000
[E] 010001e0 010001e0 0
[F] 010001e0 00018063
[D] 010001e0 63 00 03 00 0 00 00000000 00
[R] 03 00 00000000 00000000
[E] 010001e0 010001e0 0
[F] 010001e0 00018063
[D] 010001e0 63 00 03 00 0 00 00000000 00
[R] 03 00 00000000 00000000
[E] 010001e0 010001e0 0
[F] 010001e0 00018063
[D] 010001e0 63 00 03 00 0 00 00000000 00
[R] 03 00 00000000 00000000
[E] 010001e0 010001e0 0
[F] 010001e0 00018063
[D] 010001e0 63 00 03 00 0 00 00000000 00
[R] 03 00 00000000 00000000
[E] 010001e0 010001e0 0
[F] 010001e0 00018063
[D] 010001e0 63 00 03 00 0 00 00000000 00
[R] 03 00 00000000 00000000
[E] 010001e0 010001e0 0
[F] 010001e0 00018063
[D] 010001e0 63 00 03 00 0 00 00000000 00
[R] 03 00 00000000 00000000
[E] 010001e0 010001e0 0
[F] 010001e0 00018063
[D] 010001e0 63 00 03 00 0 00 00000000 00
[R] 03 00 00000000 00000000
[E] 010001e0 010001e0 0
[F] 010001e0 00018063
[D] 010001e0 63 00 03 00 0 00 00000000 00
[R] 03 00 00000000 00000000
[E] 010001e0 010001e0 0
[F] 010001e0 00018063
[D] 010001e0 63 00 03 00 0 00 00000000 00
[R] 03 00 00000000 00000000
[E] 010001e0 010001e0 0
[F] 010001e0 00018063
[D] 010001e0 63 00 03 00 0 00 00000000 00
[R] 03 00 00000000 00000000
[E] 010001e0 010001e0 0
[F] 010001e0 00018063
[D] 010001e0 63 00 03 00 0 00 00000000 00
[R] 03 00 00000000 00000000
[E] 010001e0 010001e0 0
[F] 010001e0 00018063
[D] 010001e0 63 00 03 00 0 00 00000000 00
[R] 03 00 00000000 00000000
[E] 010001e0 010001e0 0
[F] 010001e0 00018063
[D] 010001e0 63 00 03 00 0 00 00000000 00
[R] 03 00 00000000 00000000
[E] 010001e0 010001e0 0
[F] 010001e0 00018063
[D] 010001e0 63 00 03 00 0 00 00000000 00
[R] 03 00 00000000 00000000
[E] 010001e0 010001e0 0
[F] 010001e0 00018063
[D] 010001e0 63 00 03 00 0 00 00000000 00
[R] 03 00 00000000 00000000
[E] 010001e0 010001e0 0
[F] 010001e0 00018063
[D] 010001e0 63 00 03 00 0 00 00000000 00
[R] 03 00 00000000 00000000
[E] 010001e0 010001e0 0
[F] 010001e0 00018063
[D] 010001e0 63 00 03 00 0 00 00000000 00
[R] 03 00 00000000 00000000
[E] 010001e0 010001e0 0
[F] 010001e0 00018063
[D] 010001e0 63 00 03 00 0 00 00000000 00
[R] 03 00 00000000 00000000
[E] 010001e0 010001e0 0
[F] 010001e0 00018063
[D] 010001e0 63 00 03 00 0 00 00000000 00
[R] 03 00 00000000 00000000
[E] 010001e0 010001e0 0
[F] 010001e0 00018063
[D] 010001e0 63 00 03 00 0 00 00000000 00
[R] 03 00 00000000 00000000
[E] 010001e0 010001e0 0
[F] 010001e0 00018063
[D] 010001e0 63 00 03 00 0 00 00000000 00
[R] 03 00 00000000 00000000
[E] 010001e0 010001e0 0
[F] 010001e0 00018063
[D] 010001e0 63 00 03 00 0 00 00000000 00
[R] 03 00 00000000 00000000
[E] 010001e0 010001e0 0
[F] 010001e0 00018063
[D] 010001e0 63 00 03 00 0 00 00000000 00
[R] 03 00 00000000 00000000
[E] 010001e0 010001e0 0
[F] 010001e0 00018063
[D] 010001e0 63 00 03 00 0 00 00000000 00
[R] 03 00 00000000 00000000
[E] 010001e0 010001e0 0
[F] 010001e0 00018063
[D] 010001e0 63 00 03 00 0 00 00000000 00
[R] 03 00 00000000 00000000
[E] 010001e0 010001e0 0
[F] 010001e0 00018063
[D] 010001e0 63 00 03 00 0 00 00000000 00
[R] 03 00 00000000 00000000
[E] 010001e0 010001e0 0
[F] 010001e0 00018063
[D] 010001e0 63 00 03 00 0 00 00000000 00
[R] 03 00 00000000 00000000
[E] 010001e0 010001e0 0
[F] 010001e0 00018063
[D] 010001e0 63 00 03 00 0 00 00000000 00
[R] 03 00 00000000 00000000
[E] 010001e0 010001e0 0
[F] 010001e0 00018063
[D] 010001e0 63 00 03 00 0 00 00000000 00
[R] 03 00 00000000 00000000
[E] 010001e0 010001e0 0
[F] 010001e0 00018063
[D] 010001e0 63 00 03 00 0 00 00000000 00
[R] 03 00 00000000 00000000
[E] 010001e0 010001e0 0
[F] 010001e0 00018063
[D] 010001e0 63 00 03 00 0 00 00000000 00
[R] 03 00 00000000 00000000
[E] 010001e0 010001e0 0
[F] 010001e0 00018063
[D] 010001e0 63 00 03 00 0 00 00000000 00
[R] 03 00 00000000 00000000
[E] 010001e0 010001e0 0
[F] 010001e0 00018063
[D] 010001e0 63 00 03 00 0 00 00000000 00
[R] 03 00 00000000 00000000
[E] 010001e0 010001e0 0
[F] 010001e0 00018063
[D] 010001e0 63 00 03 00 0 00 00000000 00
[R] 03 00 00000000 00000000
[E] 010001e0 010001e0 0
[F] 010001e0 00018063
[D] 010001e0 63 00 03 00 0 00 00000000 00
[R] 03 00 00000000 00000000
[E] 010001e0 010001e0 0
[F] 010001e0 00018063
[D] 010001e0 63 00 03 00 0 00 00000000 00
[R] 03 00 00000000 00000000
[E] 010001e0 010001e0 0
[F] 010001e0 00018063
[D] 010001e0 63 00 03 00 0 00 00000000 00
[R] 03 00 00000000 00000000
[E] 010001e0 010001e0 0
[F] 010001e0 00018063
[D] 010001e0 63 00 03 00 0 00 00000000 00
[R] 03 00 00000000 00000000
[E] 010001e0 010001e0 0
[F] 010001e0 00018063
[D] 010001e0 63 00 03 00 0 00 00000000 00
[R] 03 00 00000000 00000000
[E] 010001e0 010001e0 0
[F] 010001e0 00018063
[D] 010001e0 63 00 03 00 0 00 00000000 00
[R] 03 00 00000000 00000000
[E] 010001e0 010001e0 0
[F] 010001e0 00018063
[D] 010001e0 63 00 03 00 0 00 00000000 00
[R] 03 00 00000000 00000000
[E] 010001e0 010001e0 0
[F] 010001e0 00018063
[D] 010001e0 63 00 03 00 0 00 00000000 00
[R] 03 00 00000000 00000000
[E] 010001e0 010001e0 0
[F] 010001e0 00018063
[D] 010001e0 63 00 03 00 0 00 00000000 00
[R] 03 00 00000000 00000000
[E] 010001e0 010001e0 0
[F] 010001e0 00018063
[D] 010001e0 63 00 03 00 0 00 00000000 00
[R] 03 00 00000000 00000000
[E] 010001e0 010001e0 0
[F] 010001e0 00018063
[D] 010001e0 63 00 03 00 0 00 00000000 00
[R] 03 00 00000000 00000000
[E] 010001e0 010001e0 0
[F] 010001e0 00018063
[D] 010001e0 63 00 03 00 0 00 00000000 00
[R] 03 00 00000000 00000000
[E] 010001e0 010001e0 0
[F] 010001e0 00018063
[D] 010001e0 63 00 03 00 0 00 00000000 00
