[F] 01000000 ff0100b7
[D] 01000000 37 01 00 10 0 7f ff010000 10
[R] 00 10 00000000 00000000
[E] 01000000 ff010000 0
[F] 01000004 f0008093
[D] 01000004 13 01 01 00 0 78 ffffff00 00
[R] 01 00 00000000 00000000
[E] 01000004 ffffff00 0
[F] 01000008 0f0f1137
[D] 01000008 37 02 00 10 1 07 0f0f1000 10
[R] 00 10 00000000 00000000
[E] 01000008 0f0f1000 0
[F] 0100000c f0f10113
[D] 0100000c 13 02 02 0f 0 78 ffffff0f 0f
[R] 02 0f 00000000 00000000
[E] 0100000c ffffff0f 0
[F] 01000010 0020ff33
[D] 01000010 33 1e 01 02 7 00 00000000 02
[R] 01 02 00000000 00000000
[E] 01000010 00000000 0
[F] 01000014 0f001eb7
[D] 01000014 37 1d 00 10 1 07 0f001000 10
[R] 00 10 00000000 00000000
[E] 01000014 0f001000 0
[F] 01000018 f00e8e93
[D] 01000018 13 1d 1d 00 0 78 ffffff00 00
[R] 1d 00 00000000 00000000
[E] 01000018 ffffff00 0
[F] 0100001c 00200193
[D] 0100001c 13 03 00 02 0 00 00000002 02
[R] 00 02 00000000 00000000
[E] 0100001c 00000002 0
[F] 01000020 49df1c63
[D] 01000020 63 18 1e 1d 1 24 00000498 1d
[R] 1e 1d 00000000 00000000
[E] 01000020 010004b8 0
[F] 01000024 0ff010b7
[D] 01000024 37 01 00 1f 1 07 0ff01000 1f
[R] 00 1f 00000000 00000000
[E] 01000024 0ff01000 0
[F] 01000028 ff008093
[D] 01000028 13 01 01 10 0 7f fffffff0 10
[R] 01 10 00000000 00000000
[E] 01000028 fffffff0 0
[F] 0100002c f0f0f137
[D] 0100002c 37 02 00 0f 7 78 f0f0f000 0f
[R] 00 0f 00000000 00000000
[E] 0100002c f0f0f000 0
[F] 01000030 0f010113
[D] 01000030 13 02 02 10 0 07 000000f0 10
[R] 02 10 00000000 00000000
[E] 01000030 000000f0 0
[F] 01000034 0020ff33
[D] 01000034 33 1e 01 02 7 00 00000000 02
[R] 01 02 00000000 00000000
[E] 01000034 00000000 0
[F] 01000038 00f00eb7
[D] 01000038 37 1d 00 0f 0 00 00f00000 0f
[R] 00 0f 00000000 00000000
[E] 01000038 00f00000 0
[F] 0100003c 0f0e8e93
[D] 0100003c 13 1d 1d 10 0 07 000000f0 10
[R] 1d 10 00000000 00000000
[E] 0100003c 000000f0 0
[F] 01000040 00300193
[D] 01000040 13 03 00 03 0 00 00000003 03
[R] 00 03 00000000 00000000
[E] 01000040 00000003 0
[F] 01000044 47df1a63
[D] 01000044 63 14 1e 1d 1 23 00000474 1d
[R] 1e 1d 00000000 00000000
[E] 01000044 010004b8 0
[F] 01000048 00ff00b7
[D] 01000048 37 01 00 0f 0 00 00ff0000 0f
[R] 00 0f 00000000 00000000
[E] 01000048 00ff0000 0
[F] 0100004c 0ff08093
[D] 0100004c 13 01 01 1f 0 07 000000ff 1f
[R] 01 1f 00000000 00000000
[E] 0100004c 000000ff 0
[F] 01000050 0f0f1137
[D] 01000050 37 02 00 10 1 07 0f0f1000 10
[R] 00 10 00000000 00000000
[E] 01000050 0f0f1000 0
[F] 01000054 f0f10113
[D] 01000054 13 02 02 0f 0 78 ffffff0f 0f
[R] 02 0f 00000000 00000000
[E] 01000054 ffffff0f 0
[F] 01000058 0020ff33
[D] 01000058 33 1e 01 02 7 00 00000000 02
[R] 01 02 00000000 00000000
[E] 01000058 00000000 0
[F] 0100005c 000f0eb7
[D] 0100005c 37 1d 00 00 0 00 000f0000 00
[R] 00 00 00000000 00000000
[E] 0100005c 000f0000 0
[F] 01000060 00fe8e93
[D] 01000060 13 1d 1d 0f 0 00 0000000f 0f
[R] 1d 0f 00000000 00000000
[E] 01000060 0000000f 0
[F] 01000064 00400193
[D] 01000064 13 03 00 04 0 00 00000004 04
[R] 00 04 00000000 00000000
[E] 01000064 00000004 0
[F] 01000068 45df1863
[D] 01000068 63 10 1e 1d 1 22 00000450 1d
[R] 1e 1d 00000000 00000000
[E] 01000068 010004b8 0
[F] 0100006c f00ff0b7
[D] 0100006c 37 01 00 00 7 78 f00ff000 00
[R] 00 00 00000000 00000000
[E] 0100006c f00ff000 0
[F] 01000070 00f08093
[D] 01000070 13 01 01 0f 0 00 0000000f 0f
[R] 01 0f 00000000 00000000
[E] 01000070 0000000f 0
[F] 01000074 f0f0f137
[D] 01000074 37 02 00 0f 7 78 f0f0f000 0f
[R] 00 0f 00000000 00000000
[E] 01000074 f0f0f000 0
[F] 01000078 0f010113
[D] 01000078 13 02 02 10 0 07 000000f0 10
[R] 02 10 00000000 00000000
[E] 01000078 000000f0 0
[F] 0100007c 0020ff33
[D] 0100007c 33 1e 01 02 7 00 00000000 02
[R] 01 02 00000000 00000000
[E] 0100007c 00000000 0
[F] 01000080 f000feb7
[D] 01000080 37 1d 00 00 7 78 f000f000 00
[R] 00 00 00000000 00000000
[E] 01000080 f000f000 0
[F] 01000084 00500193
[D] 01000084 13 03 00 05 0 00 00000005 05
[R] 00 05 00000000 00000000
[E] 01000084 00000005 0
[F] 01000088 43df1863
[D] 01000088 63 10 1e 1d 1 21 00000430 1d
[R] 1e 1d 00000000 00000000
[E] 01000088 010004b8 0
[F] 0100008c ff0100b7
[D] 0100008c 37 01 00 10 0 7f ff010000 10
[R] 00 10 00000000 00000000
[E] 0100008c ff010000 0
[F] 01000090 f0008093
[D] 01000090 13 01 01 00 0 78 ffffff00 00
[R] 01 00 00000000 00000000
[E] 01000090 ffffff00 0
[F] 01000094 0f0f1137
[D] 01000094 37 02 00 10 1 07 0f0f1000 10
[R] 00 10 00000000 00000000
[E] 01000094 0f0f1000 0
[F] 01000098 f0f10113
[D] 01000098 13 02 02 0f 0 78 ffffff0f 0f
[R] 02 0f 00000000 00000000
[E] 01000098 ffffff0f 0
[F] 0100009c 0020f0b3
[D] 0100009c 33 01 01 02 7 00 00000000 02
[R] 01 02 00000000 00000000
[E] 0100009c 00000000 0
[F] 010000a0 0f001eb7
[D] 010000a0 37 1d 00 10 1 07 0f001000 10
[R] 00 10 00000000 00000000
[E] 010000a0 0f001000 0
[F] 010000a4 f00e8e93
[D] 010000a4 13 1d 1d 00 0 78 ffffff00 00
[R] 1d 00 00000000 00000000
[E] 010000a4 ffffff00 0
[F] 010000a8 00600193
[D] 010000a8 13 03 00 06 0 00 00000006 06
[R] 00 06 00000000 00000000
[E] 010000a8 00000006 0
[F] 010000ac 41d09663
[D] 010000ac 63 0c 01 1d 1 20 0000040c 1d
[R] 01 1d 00000000 00000000
[E] 010000ac 010004b8 0
[F] 010000b0 0ff010b7
[D] 010000b0 37 01 00 1f 1 07 0ff01000 1f
[R] 00 1f 00000000 00000000
[E] 010000b0 0ff01000 0
[F] 010000b4 ff008093
[D] 010000b4 13 01 01 10 0 7f fffffff0 10
[R] 01 10 00000000 00000000
[E] 010000b4 fffffff0 0
[F] 010000b8 f0f0f137
[D] 010000b8 37 02 00 0f 7 78 f0f0f000 0f
[R] 00 0f 00000000 00000000
[E] 010000b8 f0f0f000 0
[F] 010000bc 0f010113
[D] 010000bc 13 02 02 10 0 07 000000f0 10
[R] 02 10 00000000 00000000
[E] 010000bc 000000f0 0
[F] 010000c0 0020f133
[D] 010000c0 33 02 01 02 7 00 00000000 02
[R] 01 02 00000000 00000000
[E] 010000c0 00000000 0
[F] 010000c4 00f00eb7
[D] 010000c4 37 1d 00 0f 0 00 00f00000 0f
[R] 00 0f 00000000 00000000
[E] 010000c4 00f00000 0
[F] 010000c8 0f0e8e93
[D] 010000c8 13 1d 1d 10 0 07 000000f0 10
[R] 1d 10 00000000 00000000
[E] 010000c8 000000f0 0
[F] 010000cc 00700193
[D] 010000cc 13 03 00 07 0 00 00000007 07
[R] 00 07 00000000 00000000
[E] 010000cc 00000007 0
[F] 010000d0 3fd11463
[D] 010000d0 63 08 02 1d 1 1f 000003e8 1d
[R] 02 1d 00000000 00000000
[E] 010000d0 010004b8 0
[F] 010000d4 ff0100b7
[D] 010000d4 37 01 00 10 0 7f ff010000 10
[R] 00 10 00000000 00000000
[E] 010000d4 ff010000 0
[F] 010000d8 f0008093
[D] 010000d8 13 01 01 00 0 78 ffffff00 00
[R] 01 00 00000000 00000000
[E] 010000d8 ffffff00 0
[F] 010000dc 0010f0b3
[D] 010000dc 33 01 01 01 7 00 00000000 01
[R] 01 01 00000000 00000000
[E] 010000dc 00000000 0
[F] 010000e0 ff010eb7
[D] 010000e0 37 1d 00 10 0 7f ff010000 10
[R] 00 10 00000000 00000000
[E] 010000e0 ff010000 0
[F] 010000e4 f00e8e93
[D] 010000e4 13 1d 1d 00 0 78 ffffff00 00
[R] 1d 00 00000000 00000000
[E] 010000e4 ffffff00 0
[F] 010000e8 00800193
[D] 010000e8 13 03 00 08 0 00 00000008 08
[R] 00 08 00000000 00000000
[E] 010000e8 00000008 0
[F] 010000ec 3dd09663
[D] 010000ec 63 0c 01 1d 1 1e 000003cc 1d
[R] 01 1d 00000000 00000000
[E] 010000ec 010004b8 0
[F] 010000f0 00000213
[D] 010000f0 13 04 00 00 0 00 00000000 00
[R] 00 00 00000000 00000000
[E] 010000f0 00000000 0
[F] 010000f4 ff0100b7
[D] 010000f4 37 01 00 10 0 7f ff010000 10
[R] 00 10 00000000 00000000
[E] 010000f4 ff010000 0
[F] 010000f8 f0008093
[D] 010000f8 13 01 01 00 0 78 ffffff00 00
[R] 01 00 00000000 00000000
[E] 010000f8 ffffff00 0
[F] 010000fc 0f0f1137
[D] 010000fc 37 02 00 10 1 07 0f0f1000 10
[R] 00 10 00000000 00000000
[E] 010000fc 0f0f1000 0
[F] 01000100 f0f10113
[D] 01000100 13 02 02 0f 0 78 ffffff0f 0f
[R] 02 0f 00000000 00000000
[E] 01000100 ffffff0f 0
[F] 01000104 0020ff33
[D] 01000104 33 1e 01 02 7 00 00000000 02
[R] 01 02 00000000 00000000
[E] 01000104 00000000 0
[F] 01000108 000f0313
[D] 01000108 13 06 1e 00 0 00 00000000 00
[R] 1e 00 00000000 00000000
[E] 01000108 00000000 0
[F] 0100010c 00120213
[D] 0100010c 13 04 04 01 0 00 00000001 01
[R] 04 01 00000000 00000000
[E] 0100010c 00000001 0
[F] 01000110 00200293
[D] 01000110 13 05 00 02 0 00 00000002 02
[R] 00 02 00000000 00000000
[E] 01000110 00000002 0
[F] 01000114 fe5210e3
[D] 01000114 63 01 04 05 1 7f ffffffe0 05
[R] 04 05 00000000 00000000
[E] 01000114 010000f4 0
[F] 01000118 0f001eb7
[D] 01000118 37 1d 00 10 1 07 0f001000 10
[R] 00 10 00000000 00000000
[E] 01000118 0f001000 0
[F] 0100011c f00e8e93
[D] 0100011c 13 1d 1d 00 0 78 ffffff00 00
[R] 1d 00 00000000 00000000
[E] 0100011c ffffff00 0
[F] 01000120 00900193
[D] 01000120 13 03 00 09 0 00 00000009 09
[R] 00 09 00000000 00000000
[E] 01000120 00000009 0
[F] 01000124 39d31a63
[D] 01000124 63 14 06 1d 1 1c 00000394 1d
[R] 06 1d 00000000 00000000
[E] 01000124 010004b8 0
[F] 01000128 00000213
[D] 01000128 13 04 00 00 0 00 00000000 00
[R] 00 00 00000000 00000000
[E] 01000128 00000000 0
[F] 0100012c 0ff010b7
[D] 0100012c 37 01 00 1f 1 07 0ff01000 1f
[R] 00 1f 00000000 00000000
[E] 0100012c 0ff01000 0
[F] 01000130 ff008093
[D] 01000130 13 01 01 10 0 7f fffffff0 10
[R] 01 10 00000000 00000000
[E] 01000130 fffffff0 0
[F] 01000134 f0f0f137
[D] 01000134 37 02 00 0f 7 78 f0f0f000 0f
[R] 00 0f 00000000 00000000
[E] 01000134 f0f0f000 0
[F] 01000138 0f010113
[D] 01000138 13 02 02 10 0 07 000000f0 10
[R] 02 10 00000000 00000000
[E] 01000138 000000f0 0
[F] 0100013c 0020ff33
[D] 0100013c 33 1e 01 02 7 00 00000000 02
[R] 01 02 00000000 00000000
[E] 0100013c 00000000 0
[F] 01000140 00000013
[D] 01000140 13 00 00 00 0 00 00000000 00
[R] 00 00 00000000 00000000
[E] 01000140 00000000 0
[F] 01000144 000f0313
[D] 01000144 13 06 1e 00 0 00 00000000 00
[R] 1e 00 00000000 00000000
[E] 01000144 00000000 0
[F] 01000148 00120213
[D] 01000148 13 04 04 01 0 00 00000001 01
[R] 04 01 00000000 00000000
[E] 01000148 00000001 0
[F] 0100014c 00200293
[D] 0100014c 13 05 00 02 0 00 00000002 02
[R] 00 02 00000000 00000000
[E] 0100014c 00000002 0
[F] 01000150 fc521ee3
[D] 01000150 63 1d 04 05 1 7e ffffffdc 05
[R] 04 05 00000000 00000000
[E] 01000150 0100012c 0
[F] 01000154 00f00eb7
[D] 01000154 37 1d 00 0f 0 00 00f00000 0f
[R] 00 0f 00000000 00000000
[E] 01000154 00f00000 0
[F] 01000158 0f0e8e93
[D] 01000158 13 1d 1d 10 0 07 000000f0 10
[R] 1d 10 00000000 00000000
[E] 01000158 000000f0 0
[F] 0100015c 00a00193
[D] 0100015c 13 03 00 0a 0 00 0000000a 0a
[R] 00 0a 00000000 00000000
[E] 0100015c 0000000a 0
[F] 01000160 35d31c63
[D] 01000160 63 18 06 1d 1 1a 00000358 1d
[R] 06 1d 00000000 00000000
[E] 01000160 010004b8 0
[F] 01000164 00000213
[D] 01000164 13 04 00 00 0 00 00000000 00
[R] 00 00 00000000 00000000
[E] 01000164 00000000 0
[F] 01000168 00ff00b7
[D] 01000168 37 01 00 0f 0 00 00ff0000 0f
[R] 00 0f 00000000 00000000
[E] 01000168 00ff0000 0
[F] 0100016c 0ff08093
[D] 0100016c 13 01 01 1f 0 07 000000ff 1f
[R] 01 1f 00000000 00000000
[E] 0100016c 000000ff 0
[F] 01000170 0f0f1137
[D] 01000170 37 02 00 10 1 07 0f0f1000 10
[R] 00 10 00000000 00000000
[E] 01000170 0f0f1000 0
[F] 01000174 f0f10113
[D] 01000174 13 02 02 0f 0 78 ffffff0f 0f
[R] 02 0f 00000000 00000000
[E] 01000174 ffffff0f 0
[F] 01000178 0020ff33
[D] 01000178 33 1e 01 02 7 00 00000000 02
[R] 01 02 00000000 00000000
[E] 01000178 00000000 0
[F] 0100017c 00000013
[D] 0100017c 13 00 00 00 0 00 00000000 00
[R] 00 00 00000000 00000000
[E] 0100017c 00000000 0
[F] 01000180 00000013
[D] 01000180 13 00 00 00 0 00 00000000 00
[R] 00 00 00000000 00000000
[E] 01000180 00000000 0
[F] 01000184 000f0313
[D] 01000184 13 06 1e 00 0 00 00000000 00
[R] 1e 00 00000000 00000000
[E] 01000184 00000000 0
[F] 01000188 00120213
[D] 01000188 13 04 04 01 0 00 00000001 01
[R] 04 01 00000000 00000000
[E] 01000188 00000001 0
[F] 0100018c 00200293
[D] 0100018c 13 05 00 02 0 00 00000002 02
[R] 00 02 00000000 00000000
[E] 0100018c 00000002 0
[F] 01000190 fc521ce3
[D] 01000190 63 19 04 05 1 7e ffffffd8 05
[R] 04 05 00000000 00000000
[E] 01000190 01000168 0
[F] 01000194 000f0eb7
[D] 01000194 37 1d 00 00 0 00 000f0000 00
[R] 00 00 00000000 00000000
[E] 01000194 000f0000 0
[F] 01000198 00fe8e93
[D] 01000198 13 1d 1d 0f 0 00 0000000f 0f
[R] 1d 0f 00000000 00000000
[E] 01000198 0000000f 0
[F] 0100019c 00b00193
[D] 0100019c 13 03 00 0b 0 00 0000000b 0b
[R] 00 0b 00000000 00000000
[E] 0100019c 0000000b 0
[F] 010001a0 31d31c63
[D] 010001a0 63 18 06 1d 1 18 00000318 1d
[R] 06 1d 00000000 00000000
[E] 010001a0 010004b8 0
[F] 010001a4 00000213
[D] 010001a4 13 04 00 00 0 00 00000000 00
[R] 00 00 00000000 00000000
[E] 010001a4 00000000 0
[F] 010001a8 ff0100b7
[D] 010001a8 37 01 00 10 0 7f ff010000 10
[R] 00 10 00000000 00000000
[E] 010001a8 ff010000 0
[F] 010001ac f0008093
[D] 010001ac 13 01 01 00 0 78 ffffff00 00
[R] 01 00 00000000 00000000
[E] 010001ac ffffff00 0
[F] 010001b0 0f0f1137
[D] 010001b0 37 02 00 10 1 07 0f0f1000 10
[R] 00 10 00000000 00000000
[E] 010001b0 0f0f1000 0
[F] 010001b4 f0f10113
[D] 010001b4 13 02 02 0f 0 78 ffffff0f 0f
[R] 02 0f 00000000 00000000
[E] 010001b4 ffffff0f 0
[F] 010001b8 0020ff33
[D] 010001b8 33 1e 01 02 7 00 00000000 02
[R] 01 02 00000000 00000000
[E] 010001b8 00000000 0
[F] 010001bc 00120213
[D] 010001bc 13 04 04 01 0 00 00000001 01
[R] 04 01 00000000 00000000
[E] 010001bc 00000001 0
[F] 010001c0 00200293
[D] 010001c0 13 05 00 02 0 00 00000002 02
[R] 00 02 00000000 00000000
[E] 010001c0 00000002 0
[F] 010001c4 fe5212e3
[D] 010001c4 63 05 04 05 1 7f ffffffe4 05
[R] 04 05 00000000 00000000
[E] 010001c4 010001a8 0
[F] 010001c8 0f001eb7
[D] 010001c8 37 1d 00 10 1 07 0f001000 10
[R] 00 10 00000000 00000000
[E] 010001c8 0f001000 0
[F] 010001cc f00e8e93
[D] 010001cc 13 1d 1d 00 0 78 ffffff00 00
[R] 1d 00 00000000 00000000
[E] 010001cc ffffff00 0
[F] 010001d0 00c00193
[D] 010001d0 13 03 00 0c 0 00 0000000c 0c
[R] 00 0c 00000000 00000000
[E] 010001d0 0000000c 0
[F] 010001d4 2fdf1263
[D] 010001d4 63 04 1e 1d 1 17 000002e4 1d
[R] 1e 1d 00000000 00000000
[E] 010001d4 010004b8 0
[F] 010001d8 00000213
[D] 010001d8 13 04 00 00 0 00 00000000 00
[R] 00 00 00000000 00000000
[E] 010001d8 00000000 0
[F] 010001dc 0ff010b7
[D] 010001dc 37 01 00 1f 1 07 0ff01000 1f
[R] 00 1f 00000000 00000000
[E] 010001dc 0ff01000 0
[F] 010001e0 ff008093
[D] 010001e0 13 01 01 10 0 7f fffffff0 10
[R] 01 10 00000000 00000000
[E] 010001e0 fffffff0 0
[F] 010001e4 f0f0f137
[D] 010001e4 37 02 00 0f 7 78 f0f0f000 0f
[R] 00 0f 00000000 00000000
[E] 010001e4 f0f0f000 0
[F] 010001e8 0f010113
[D] 010001e8 13 02 02 10 0 07 000000f0 10
[R] 02 10 00000000 00000000
[E] 010001e8 000000f0 0
[F] 010001ec 00000013
[D] 010001ec 13 00 00 00 0 00 00000000 00
[R] 00 00 00000000 00000000
[E] 010001ec 00000000 0
[F] 010001f0 0020ff33
[D] 010001f0 33 1e 01 02 7 00 00000000 02
[R] 01 02 00000000 00000000
[E] 010001f0 00000000 0
[F] 010001f4 00120213
[D] 010001f4 13 04 04 01 0 00 00000001 01
[R] 04 01 00000000 00000000
[E] 010001f4 00000001 0
[F] 010001f8 00200293
[D] 010001f8 13 05 00 02 0 00 00000002 02
[R] 00 02 00000000 00000000
[E] 010001f8 00000002 0
[F] 010001fc fe5210e3
[D] 010001fc 63 01 04 05 1 7f ffffffe0 05
[R] 04 05 00000000 00000000
[E] 010001fc 010001dc 0
[F] 01000200 00f00eb7
[D] 01000200 37 1d 00 0f 0 00 00f00000 0f
[R] 00 0f 00000000 00000000
[E] 01000200 00f00000 0
[F] 01000204 0f0e8e93
[D] 01000204 13 1d 1d 10 0 07 000000f0 10
[R] 1d 10 00000000 00000000
[E] 01000204 000000f0 0
[F] 01000208 00d00193
[D] 01000208 13 03 00 0d 0 00 0000000d 0d
[R] 00 0d 00000000 00000000
[E] 01000208 0000000d 0
[F] 0100020c 2bdf1663
[D] 0100020c 63 0c 1e 1d 1 15 000002ac 1d
[R] 1e 1d 00000000 00000000
[E] 0100020c 010004b8 0
[F] 01000210 00000213
[D] 01000210 13 04 00 00 0 00 00000000 00
[R] 00 00 00000000 00000000
[E] 01000210 00000000 0
[F] 01000214 00ff00b7
[D] 01000214 37 01 00 0f 0 00 00ff0000 0f
[R] 00 0f 00000000 00000000
[E] 01000214 00ff0000 0
[F] 01000218 0ff08093
[D] 01000218 13 01 01 1f 0 07 000000ff 1f
[R] 01 1f 00000000 00000000
[E] 01000218 000000ff 0
[F] 0100021c 0f0f1137
[D] 0100021c 37 02 00 10 1 07 0f0f1000 10
[R] 00 10 00000000 00000000
[E] 0100021c 0f0f1000 0
[F] 01000220 f0f10113
[D] 01000220 13 02 02 0f 0 78 ffffff0f 0f
[R] 02 0f 00000000 00000000
[E] 01000220 ffffff0f 0
[F] 01000224 00000013
[D] 01000224 13 00 00 00 0 00 00000000 00
[R] 00 00 00000000 00000000
[E] 01000224 00000000 0
[F] 01000228 00000013
[D] 01000228 13 00 00 00 0 00 00000000 00
[R] 00 00 00000000 00000000
[E] 01000228 00000000 0
[F] 0100022c 0020ff33
[D] 0100022c 33 1e 01 02 7 00 00000000 02
[R] 01 02 00000000 00000000
[E] 0100022c 00000000 0
[F] 01000230 00120213
[D] 01000230 13 04 04 01 0 00 00000001 01
[R] 04 01 00000000 00000000
[E] 01000230 00000001 0
[F] 01000234 00200293
[D] 01000234 13 05 00 02 0 00 00000002 02
[R] 00 02 00000000 00000000
[E] 01000234 00000002 0
[F] 01000238 fc521ee3
[D] 01000238 63 1d 04 05 1 7e ffffffdc 05
[R] 04 05 00000000 00000000
[E] 01000238 01000214 0
[F] 0100023c 000f0eb7
[D] 0100023c 37 1d 00 00 0 00 000f0000 00
[R] 00 00 00000000 00000000
[E] 0100023c 000f0000 0
[F] 01000240 00fe8e93
[D] 01000240 13 1d 1d 0f 0 00 0000000f 0f
[R] 1d 0f 00000000 00000000
[E] 01000240 0000000f 0
[F] 01000244 00e00193
[D] 01000244 13 03 00 0e 0 00 0000000e 0e
[R] 00 0e 00000000 00000000
[E] 01000244 0000000e 0
[F] 01000248 27df1863
[D] 01000248 63 10 1e 1d 1 13 00000270 1d
[R] 1e 1d 00000000 00000000
[E] 01000248 010004b8 0
[F] 0100024c 00000213
[D] 0100024c 13 04 00 00 0 00 00000000 00
[R] 00 00 00000000 00000000
[E] 0100024c 00000000 0
[F] 01000250 ff0100b7
[D] 01000250 37 01 00 10 0 7f ff010000 10
[R] 00 10 00000000 00000000
[E] 01000250 ff010000 0
[F] 01000254 f0008093
[D] 01000254 13 01 01 00 0 78 ffffff00 00
[R] 01 00 00000000 00000000
[E] 01000254 ffffff00 0
[F] 01000258 00000013
[D] 01000258 13 00 00 00 0 00 00000000 00
[R] 00 00 00000000 00000000
[E] 01000258 00000000 0
[F] 0100025c 0f0f1137
[D] 0100025c 37 02 00 10 1 07 0f0f1000 10
[R] 00 10 00000000 00000000
[E] 0100025c 0f0f1000 0
[F] 01000260 f0f10113
[D] 01000260 13 02 02 0f 0 78 ffffff0f 0f
[R] 02 0f 00000000 00000000
[E] 01000260 ffffff0f 0
[F] 01000264 0020ff33
[D] 01000264 33 1e 01 02 7 00 00000000 02
[R] 01 02 00000000 00000000
[E] 01000264 00000000 0
[F] 01000268 00120213
[D] 01000268 13 04 04 01 0 00 00000001 01
[R] 04 01 00000000 00000000
[E] 01000268 00000001 0
[F] 0100026c 00200293
[D] 0100026c 13 05 00 02 0 00 00000002 02
[R] 00 02 00000000 00000000
[E] 0100026c 00000002 0
[F] 01000270 fe5210e3
[D] 01000270 63 01 04 05 1 7f ffffffe0 05
[R] 04 05 00000000 00000000
[E] 01000270 01000250 0
[F] 01000274 0f001eb7
[D] 01000274 37 1d 00 10 1 07 0f001000 10
[R] 00 10 00000000 00000000
[E] 01000274 0f001000 0
[F] 01000278 f00e8e93
[D] 01000278 13 1d 1d 00 0 78 ffffff00 00
[R] 1d 00 00000000 00000000
[E] 01000278 ffffff00 0
[F] 0100027c 00f00193
[D] 0100027c 13 03 00 0f 0 00 0000000f 0f
[R] 00 0f 00000000 00000000
[E] 0100027c 0000000f 0
[F] 01000280 23df1c63
[D] 01000280 63 18 1e 1d 1 11 00000238 1d
[R] 1e 1d 00000000 00000000
[E] 01000280 010004b8 0
[F] 01000284 00000213
[D] 01000284 13 04 00 00 0 00 00000000 00
[R] 00 00 00000000 00000000
[E] 01000284 00000000 0
[F] 01000288 0ff010b7
[D] 01000288 37 01 00 1f 1 07 0ff01000 1f
[R] 00 1f 00000000 00000000
[E] 01000288 0ff01000 0
[F] 0100028c ff008093
[D] 0100028c 13 01 01 10 0 7f fffffff0 10
[R] 01 10 00000000 00000000
[E] 0100028c fffffff0 0
[F] 01000290 00000013
[D] 01000290 13 00 00 00 0 00 00000000 00
[R] 00 00 00000000 00000000
[E] 01000290 00000000 0
[F] 01000294 f0f0f137
[D] 01000294 37 02 00 0f 7 78 f0f0f000 0f
[R] 00 0f 00000000 00000000
[E] 01000294 f0f0f000 0
[F] 01000298 0f010113
[D] 01000298 13 02 02 10 0 07 000000f0 10
[R] 02 10 00000000 00000000
[E] 01000298 000000f0 0
[F] 0100029c 00000013
[D] 0100029c 13 00 00 00 0 00 00000000 00
[R] 00 00 00000000 00000000
[E] 0100029c 00000000 0
[F] 010002a0 0020ff33
[D] 010002a0 33 1e 01 02 7 00 00000000 02
[R] 01 02 00000000 00000000
[E] 010002a0 00000000 0
[F] 010002a4 00120213
[D] 010002a4 13 04 04 01 0 00 00000001 01
[R] 04 01 00000000 00000000
[E] 010002a4 00000001 0
[F] 010002a8 00200293
[D] 010002a8 13 05 00 02 0 00 00000002 02
[R] 00 02 00000000 00000000
[E] 010002a8 00000002 0
[F] 010002ac fc521ee3
[D] 010002ac 63 1d 04 05 1 7e ffffffdc 05
[R] 04 05 00000000 00000000
[E] 010002ac 01000288 0
[F] 010002b0 00f00eb7
[D] 010002b0 37 1d 00 0f 0 00 00f00000 0f
[R] 00 0f 00000000 00000000
[E] 010002b0 00f00000 0
[F] 010002b4 0f0e8e93
[D] 010002b4 13 1d 1d 10 0 07 000000f0 10
[R] 1d 10 00000000 00000000
[E] 010002b4 000000f0 0
[F] 010002b8 01000193
[D] 010002b8 13 03 00 10 0 00 00000010 10
[R] 00 10 00000000 00000000
[E] 010002b8 00000010 0
[F] 010002bc 1fdf1e63
[D] 010002bc 63 1c 1e 1d 1 0f 000001fc 1d
[R] 1e 1d 00000000 00000000
[E] 010002bc 010004b8 0
[F] 010002c0 00000213
[D] 010002c0 13 04 00 00 0 00 00000000 00
[R] 00 00 00000000 00000000
[E] 010002c0 00000000 0
[F] 010002c4 00ff00b7
[D] 010002c4 37 01 00 0f 0 00 00ff0000 0f
[R] 00 0f 00000000 00000000
[E] 010002c4 00ff0000 0
[F] 010002c8 0ff08093
[D] 010002c8 13 01 01 1f 0 07 000000ff 1f
[R] 01 1f 00000000 00000000
[E] 010002c8 000000ff 0
[F] 010002cc 00000013
[D] 010002cc 13 00 00 00 0 00 00000000 00
[R] 00 00 00000000 00000000
[E] 010002cc 00000000 0
[F] 010002d0 00000013
[D] 010002d0 13 00 00 00 0 00 00000000 00
[R] 00 00 00000000 00000000
[E] 010002d0 00000000 0
[F] 010002d4 0f0f1137
[D] 010002d4 37 02 00 10 1 07 0f0f1000 10
[R] 00 10 00000000 00000000
[E] 010002d4 0f0f1000 0
[F] 010002d8 f0f10113
[D] 010002d8 13 02 02 0f 0 78 ffffff0f 0f
[R] 02 0f 00000000 00000000
[E] 010002d8 ffffff0f 0
[F] 010002dc 0020ff33
[D] 010002dc 33 1e 01 02 7 00 00000000 02
[R] 01 02 00000000 00000000
[E] 010002dc 00000000 0
[F] 010002e0 00120213
[D] 010002e0 13 04 04 01 0 00 00000001 01
[R] 04 01 00000000 00000000
[E] 010002e0 00000001 0
[F] 010002e4 00200293
[D] 010002e4 13 05 00 02 0 00 00000002 02
[R] 00 02 00000000 00000000
[E] 010002e4 00000002 0
[F] 010002e8 fc521ee3
[D] 010002e8 63 1d 04 05 1 7e ffffffdc 05
[R] 04 05 00000000 00000000
[E] 010002e8 010002c4 0
[F] 010002ec 000f0eb7
[D] 010002ec 37 1d 00 00 0 00 000f0000 00
[R] 00 00 00000000 00000000
[E] 010002ec 000f0000 0
[F] 010002f0 00fe8e93
[D] 010002f0 13 1d 1d 0f 0 00 0000000f 0f
[R] 1d 0f 00000000 00000000
[E] 010002f0 0000000f 0
[F] 010002f4 01100193
[D] 010002f4 13 03 00 11 0 00 00000011 11
[R] 00 11 00000000 00000000
[E] 010002f4 00000011 0
[F] 010002f8 1ddf1063
[D] 010002f8 63 00 1e 1d 1 0e 000001c0 1d
[R] 1e 1d 00000000 00000000
[E] 010002f8 010004b8 0
[F] 010002fc 00000213
[D] 010002fc 13 04 00 00 0 00 00000000 00
[R] 00 00 00000000 00000000
[E] 010002fc 00000000 0
[F] 01000300 0f0f1137
[D] 01000300 37 02 00 10 1 07 0f0f1000 10
[R] 00 10 00000000 00000000
[E] 01000300 0f0f1000 0
[F] 01000304 f0f10113
[D] 01000304 13 02 02 0f 0 78 ffffff0f 0f
[R] 02 0f 00000000 00000000
[E] 01000304 ffffff0f 0
[F] 01000308 ff0100b7
[D] 01000308 37 01 00 10 0 7f ff010000 10
[R] 00 10 00000000 00000000
[E] 01000308 ff010000 0
[F] 0100030c f0008093
[D] 0100030c 13 01 01 00 0 78 ffffff00 00
[R] 01 00 00000000 00000000
[E] 0100030c ffffff00 0
[F] 01000310 0020ff33
[D] 01000310 33 1e 01 02 7 00 00000000 02
[R] 01 02 00000000 00000000
[E] 01000310 00000000 0
[F] 01000314 00120213
[D] 01000314 13 04 04 01 0 00 00000001 01
[R] 04 01 00000000 00000000
[E] 01000314 00000001 0
[F] 01000318 00200293
[D] 01000318 13 05 00 02 0 00 00000002 02
[R] 00 02 00000000 00000000
[E] 01000318 00000002 0
[F] 0100031c fe5212e3
[D] 0100031c 63 05 04 05 1 7f ffffffe4 05
[R] 04 05 00000000 00000000
[E] 0100031c 01000300 0
[F] 01000320 0f001eb7
[D] 01000320 37 1d 00 10 1 07 0f001000 10
[R] 00 10 00000000 00000000
[E] 01000320 0f001000 0
[F] 01000324 f00e8e93
[D] 01000324 13 1d 1d 00 0 78 ffffff00 00
[R] 1d 00 00000000 00000000
[E] 01000324 ffffff00 0
[F] 01000328 01200193
[D] 01000328 13 03 00 12 0 00 00000012 12
[R] 00 12 00000000 00000000
[E] 01000328 00000012 0
[F] 0100032c 19df1663
[D] 0100032c 63 0c 1e 1d 1 0c 0000018c 1d
[R] 1e 1d 00000000 00000000
[E] 0100032c 010004b8 0
[F] 01000330 00000213
[D] 01000330 13 04 00 00 0 00 00000000 00
[R] 00 00 00000000 00000000
[E] 01000330 00000000 0
[F] 01000334 f0f0f137
[D] 01000334 37 02 00 0f 7 78 f0f0f000 0f
[R] 00 0f 00000000 00000000
[E] 01000334 f0f0f000 0
[F] 01000338 0f010113
[D] 01000338 13 02 02 10 0 07 000000f0 10
[R] 02 10 00000000 00000000
[E] 01000338 000000f0 0
[F] 0100033c 0ff010b7
[D] 0100033c 37 01 00 1f 1 07 0ff01000 1f
[R] 00 1f 00000000 00000000
[E] 0100033c 0ff01000 0
[F] 01000340 ff008093
[D] 01000340 13 01 01 10 0 7f fffffff0 10
[R] 01 10 00000000 00000000
[E] 01000340 fffffff0 0
[F] 01000344 00000013
[D] 01000344 13 00 00 00 0 00 00000000 00
[R] 00 00 00000000 00000000
[E] 01000344 00000000 0
[F] 01000348 0020ff33
[D] 01000348 33 1e 01 02 7 00 00000000 02
[R] 01 02 00000000 00000000
[E] 01000348 00000000 0
[F] 0100034c 00120213
[D] 0100034c 13 04 04 01 0 00 00000001 01
[R] 04 01 00000000 00000000
[E] 0100034c 00000001 0
[F] 01000350 00200293
[D] 01000350 13 05 00 02 0 00 00000002 02
[R] 00 02 00000000 00000000
[E] 01000350 00000002 0
[F] 01000354 fe5210e3
[D] 01000354 63 01 04 05 1 7f ffffffe0 05
[R] 04 05 00000000 00000000
[E] 01000354 01000334 0
[F] 01000358 00f00eb7
[D] 01000358 37 1d 00 0f 0 00 00f00000 0f
[R] 00 0f 00000000 00000000
[E] 01000358 00f00000 0
[F] 0100035c 0f0e8e93
[D] 0100035c 13 1d 1d 10 0 07 000000f0 10
[R] 1d 10 00000000 00000000
[E] 0100035c 000000f0 0
[F] 01000360 01300193
[D] 01000360 13 03 00 13 0 00 00000013 13
[R] 00 13 00000000 00000000
[E] 01000360 00000013 0
[F] 01000364 15df1a63
[D] 01000364 63 14 1e 1d 1 0a 00000154 1d
[R] 1e 1d 00000000 00000000
[E] 01000364 010004b8 0
[F] 01000368 00000213
[D] 01000368 13 04 00 00 0 00 00000000 00
[R] 00 00 00000000 00000000
[E] 01000368 00000000 0
[F] 0100036c 0f0f1137
[D] 0100036c 37 02 00 10 1 07 0f0f1000 10
[R] 00 10 00000000 00000000
[E] 0100036c 0f0f1000 0
[F] 01000370 f0f10113
[D] 01000370 13 02 02 0f 0 78 ffffff0f 0f
[R] 02 0f 00000000 00000000
[E] 01000370 ffffff0f 0
[F] 01000374 00ff00b7
[D] 01000374 37 01 00 0f 0 00 00ff0000 0f
[R] 00 0f 00000000 00000000
[E] 01000374 00ff0000 0
[F] 01000378 0ff08093
[D] 01000378 13 01 01 1f 0 07 000000ff 1f
[R] 01 1f 00000000 00000000
[E] 01000378 000000ff 0
[F] 0100037c 00000013
[D] 0100037c 13 00 00 00 0 00 00000000 00
[R] 00 00 00000000 00000000
[E] 0100037c 00000000 0
[F] 01000380 00000013
[D] 01000380 13 00 00 00 0 00 00000000 00
[R] 00 00 00000000 00000000
[E] 01000380 00000000 0
[F] 01000384 0020ff33
[D] 01000384 33 1e 01 02 7 00 00000000 02
[R] 01 02 00000000 00000000
[E] 01000384 00000000 0
[F] 01000388 00120213
[D] 01000388 13 04 04 01 0 00 00000001 01
[R] 04 01 00000000 00000000
[E] 01000388 00000001 0
[F] 0100038c 00200293
[D] 0100038c 13 05 00 02 0 00 00000002 02
[R] 00 02 00000000 00000000
[E] 0100038c 00000002 0
[F] 01000390 fc521ee3
[D] 01000390 63 1d 04 05 1 7e ffffffdc 05
[R] 04 05 00000000 00000000
[E] 01000390 0100036c 0
[F] 01000394 000f0eb7
[D] 01000394 37 1d 00 00 0 00 000f0000 00
[R] 00 00 00000000 00000000
[E] 01000394 000f0000 0
[F] 01000398 00fe8e93
[D] 01000398 13 1d 1d 0f 0 00 0000000f 0f
[R] 1d 0f 00000000 00000000
[E] 01000398 0000000f 0
[F] 0100039c 01400193
[D] 0100039c 13 03 00 14 0 00 00000014 14
[R] 00 14 00000000 00000000
[E] 0100039c 00000014 0
[F] 010003a0 11df1c63
[D] 010003a0 63 18 1e 1d 1 08 00000118 1d
[R] 1e 1d 00000000 00000000
[E] 010003a0 010004b8 0
[F] 010003a4 00000213
[D] 010003a4 13 04 00 00 0 00 00000000 00
[R] 00 00 00000000 00000000
[E] 010003a4 00000000 0
[F] 010003a8 0f0f1137
[D] 010003a8 37 02 00 10 1 07 0f0f1000 10
[R] 00 10 00000000 00000000
[E] 010003a8 0f0f1000 0
[F] 010003ac f0f10113
[D] 010003ac 13 02 02 0f 0 78 ffffff0f 0f
[R] 02 0f 00000000 00000000
[E] 010003ac ffffff0f 0
[F] 010003b0 00000013
[D] 010003b0 13 00 00 00 0 00 00000000 00
[R] 00 00 00000000 00000000
[E] 010003b0 00000000 0
[F] 010003b4 ff0100b7
[D] 010003b4 37 01 00 10 0 7f ff010000 10
[R] 00 10 00000000 00000000
[E] 010003b4 ff010000 0
[F] 010003b8 f0008093
[D] 010003b8 13 01 01 00 0 78 ffffff00 00
[R] 01 00 00000000 00000000
[E] 010003b8 ffffff00 0
[F] 010003bc 0020ff33
[D] 010003bc 33 1e 01 02 7 00 00000000 02
[R] 01 02 00000000 00000000
[E] 010003bc 00000000 0
[F] 010003c0 00120213
[D] 010003c0 13 04 04 01 0 00 00000001 01
[R] 04 01 00000000 00000000
[E] 010003c0 00000001 0
[F] 010003c4 00200293
[D] 010003c4 13 05 00 02 0 00 00000002 02
[R] 00 02 00000000 00000000
[E] 010003c4 00000002 0
[F] 010003c8 fe5210e3
[D] 010003c8 63 01 04 05 1 7f ffffffe0 05
[R] 04 05 00000000 00000000
[E] 010003c8 010003a8 0
[F] 010003cc 0f001eb7
[D] 010003cc 37 1d 00 10 1 07 0f001000 10
[R] 00 10 00000000 00000000
[E] 010003cc 0f001000 0
[F] 010003d0 f00e8e93
[D] 010003d0 13 1d 1d 00 0 78 ffffff00 00
[R] 1d 00 00000000 00000000
[E] 010003d0 ffffff00 0
[F] 010003d4 01500193
[D] 010003d4 13 03 00 15 0 00 00000015 15
[R] 00 15 00000000 00000000
[E] 010003d4 00000015 0
[F] 010003d8 0fdf1063
[D] 010003d8 63 00 1e 1d 1 07 000000e0 1d
[R] 1e 1d 00000000 00000000
[E] 010003d8 010004b8 0
[F] 010003dc 00000213
[D] 010003dc 13 04 00 00 0 00 00000000 00
[R] 00 00 00000000 00000000
[E] 010003dc 00000000 0
[F] 010003e0 f0f0f137
[D] 010003e0 37 02 00 0f 7 78 f0f0f000 0f
[R] 00 0f 00000000 00000000
[E] 010003e0 f0f0f000 0
[F] 010003e4 0f010113
[D] 010003e4 13 02 02 10 0 07 000000f0 10
[R] 02 10 00000000 00000000
[E] 010003e4 000000f0 0
[F] 010003e8 00000013
[D] 010003e8 13 00 00 00 0 00 00000000 00
[R] 00 00 00000000 00000000
[E] 010003e8 00000000 0
[F] 010003ec 0ff010b7
[D] 010003ec 37 01 00 1f 1 07 0ff01000 1f
[R] 00 1f 00000000 00000000
[E] 010003ec 0ff01000 0
[F] 010003f0 ff008093
[D] 010003f0 13 01 01 10 0 7f fffffff0 10
[R] 01 10 00000000 00000000
[E] 010003f0 fffffff0 0
[F] 010003f4 00000013
[D] 010003f4 13 00 00 00 0 00 00000000 00
[R] 00 00 00000000 00000000
[E] 010003f4 00000000 0
[F] 010003f8 0020ff33
[D] 010003f8 33 1e 01 02 7 00 00000000 02
[R] 01 02 00000000 00000000
[E] 010003f8 00000000 0
[F] 010003fc 00120213
[D] 010003fc 13 04 04 01 0 00 00000001 01
[R] 04 01 00000000 00000000
[E] 010003fc 00000001 0
[F] 01000400 00200293
[D] 01000400 13 05 00 02 0 00 00000002 02
[R] 00 02 00000000 00000000
[E] 01000400 00000002 0
[F] 01000404 fc521ee3
[D] 01000404 63 1d 04 05 1 7e ffffffdc 05
[R] 04 05 00000000 00000000
[E] 01000404 010003e0 0
[F] 01000408 00f00eb7
[D] 01000408 37 1d 00 0f 0 00 00f00000 0f
[R] 00 0f 00000000 00000000
[E] 01000408 00f00000 0
[F] 0100040c 0f0e8e93
[D] 0100040c 13 1d 1d 10 0 07 000000f0 10
[R] 1d 10 00000000 00000000
[E] 0100040c 000000f0 0
[F] 01000410 01600193
[D] 01000410 13 03 00 16 0 00 00000016 16
[R] 00 16 00000000 00000000
[E] 01000410 00000016 0
[F] 01000414 0bdf1263
[D] 01000414 63 04 1e 1d 1 05 000000a4 1d
[R] 1e 1d 00000000 00000000
[E] 01000414 010004b8 0
[F] 01000418 00000213
[D] 01000418 13 04 00 00 0 00 00000000 00
[R] 00 00 00000000 00000000
[E] 01000418 00000000 0
[F] 0100041c 0f0f1137
[D] 0100041c 37 02 00 10 1 07 0f0f1000 10
[R] 00 10 00000000 00000000
[E] 0100041c 0f0f1000 0
[F] 01000420 f0f10113
[D] 01000420 13 02 02 0f 0 78 ffffff0f 0f
[R] 02 0f 00000000 00000000
[E] 01000420 ffffff0f 0
[F] 01000424 00000013
[D] 01000424 13 00 00 00 0 00 00000000 00
[R] 00 00 00000000 00000000
[E] 01000424 00000000 0
[F] 01000428 00000013
[D] 01000428 13 00 00 00 0 00 00000000 00
[R] 00 00 00000000 00000000
[E] 01000428 00000000 0
[F] 0100042c 00ff00b7
[D] 0100042c 37 01 00 0f 0 00 00ff0000 0f
[R] 00 0f 00000000 00000000
[E] 0100042c 00ff0000 0
[F] 01000430 0ff08093
[D] 01000430 13 01 01 1f 0 07 000000ff 1f
[R] 01 1f 00000000 00000000
[E] 01000430 000000ff 0
[F] 01000434 0020ff33
[D] 01000434 33 1e 01 02 7 00 00000000 02
[R] 01 02 00000000 00000000
[E] 01000434 00000000 0
[F] 01000438 00120213
[D] 01000438 13 04 04 01 0 00 00000001 01
[R] 04 01 00000000 00000000
[E] 01000438 00000001 0
[F] 0100043c 00200293
[D] 0100043c 13 05 00 02 0 00 00000002 02
[R] 00 02 00000000 00000000
[E] 0100043c 00000002 0
[F] 01000440 fc521ee3
[D] 01000440 63 1d 04 05 1 7e ffffffdc 05
[R] 04 05 00000000 00000000
[E] 01000440 0100041c 0
[F] 01000444 000f0eb7
[D] 01000444 37 1d 00 00 0 00 000f0000 00
[R] 00 00 00000000 00000000
[E] 01000444 000f0000 0
[F] 01000448 00fe8e93
[D] 01000448 13 1d 1d 0f 0 00 0000000f 0f
[R] 1d 0f 00000000 00000000
[E] 01000448 0000000f 0
[F] 0100044c 01700193
[D] 0100044c 13 03 00 17 0 00 00000017 17
[R] 00 17 00000000 00000000
[E] 0100044c 00000017 0
[F] 01000450 07df1463
[D] 01000450 63 08 1e 1d 1 03 00000068 1d
[R] 1e 1d 00000000 00000000
[E] 01000450 010004b8 0
[F] 01000454 ff0100b7
[D] 01000454 37 01 00 10 0 7f ff010000 10
[R] 00 10 00000000 00000000
[E] 01000454 ff010000 0
[F] 01000458 f0008093
[D] 01000458 13 01 01 00 0 78 ffffff00 00
[R] 01 00 00000000 00000000
[E] 01000458 ffffff00 0
[F] 0100045c 00107133
[D] 0100045c 33 02 00 01 7 00 00000000 01
[R] 00 01 00000000 00000000
[E] 0100045c 00000000 0
[F] 01000460 00000e93
[D] 01000460 13 1d 00 00 0 00 00000000 00
[R] 00 00 00000000 00000000
[E] 01000460 00000000 0
[F] 01000464 01800193
[D] 01000464 13 03 00 18 0 00 00000018 18
[R] 00 18 00000000 00000000
[E] 01000464 00000018 0
[F] 01000468 05d11863
[D] 01000468 63 10 02 1d 1 02 00000050 1d
[R] 02 1d 00000000 00000000
[E] 01000468 010004b8 0
[F] 0100046c 00ff00b7
[D] 0100046c 37 01 00 0f 0 00 00ff0000 0f
[R] 00 0f 00000000 00000000
[E] 0100046c 00ff0000 0
[F] 01000470 0ff08093
[D] 01000470 13 01 01 1f 0 07 000000ff 1f
[R] 01 1f 00000000 00000000
[E] 01000470 000000ff 0
[F] 01000474 0000f133
[D] 01000474 33 02 01 00 7 00 00000000 00
[R] 01 00 00000000 00000000
[E] 01000474 00000000 0
[F] 01000478 00000e93
[D] 01000478 13 1d 00 00 0 00 00000000 00
[R] 00 00 00000000 00000000
[E] 01000478 00000000 0
[F] 0100047c 01900193
[D] 0100047c 13 03 00 19 0 00 00000019 19
[R] 00 19 00000000 00000000
[E] 0100047c 00000019 0
[F] 01000480 03d11c63
[D] 01000480 63 18 02 1d 1 01 00000038 1d
[R] 02 1d 00000000 00000000
[E] 01000480 010004b8 0
[F] 01000484 000070b3
[D] 01000484 33 01 00 00 7 00 00000000 00
[R] 00 00 00000000 00000000
[E] 01000484 00000000 0
[F] 01000488 00000e93
[D] 01000488 13 1d 00 00 0 00 00000000 00
[R] 00 00 00000000 00000000
[E] 01000488 00000000 0
[F] 0100048c 01a00193
[D] 0100048c 13 03 00 1a 0 00 0000001a 1a
[R] 00 1a 00000000 00000000
[E] 0100048c 0000001a 0
[F] 01000490 03d09463
[D] 01000490 63 08 01 1d 1 01 00000028 1d
[R] 01 1d 00000000 00000000
[E] 01000490 010004b8 0
[F] 01000494 111110b7
[D] 01000494 37 01 00 11 1 08 11111000 11
[R] 00 11 00000000 00000000
[E] 01000494 11111000 0
[F] 01000498 11108093
[D] 01000498 13 01 01 11 0 08 00000111 11
[R] 01 11 00000000 00000000
[E] 01000498 00000111 0
[F] 0100049c 22222137
[D] 0100049c 37 02 00 02 2 11 22222000 02
[R] 00 02 00000000 00000000
[E] 0100049c 22222000 0
[F] 010004a0 22210113
[D] 010004a0 13 02 02 02 0 11 00000222 02
[R] 02 02 00000000 00000000
[E] 010004a0 00000222 0
[F] 010004a4 0020f033
[D] 010004a4 33 00 01 02 7 00 00000000 02
[R] 01 02 00000000 00000000
[E] 010004a4 00000000 0
[F] 010004a8 00000e93
[D] 010004a8 13 1d 00 00 0 00 00000000 00
[R] 00 00 00000000 00000000
[E] 010004a8 00000000 0
[F] 010004ac 01b00193
[D] 010004ac 13 03 00 1b 0 00 0000001b 1b
[R] 00 1b 00000000 00000000
[E] 010004ac 0000001b 0
[F] 010004b0 01d01463
[D] 010004b0 63 08 00 1d 1 00 00000008 1d
[R] 00 1d 00000000 00000000
[E] 010004b0 010004b8 0
[F] 010004b4 00301c63
[D] 010004b4 63 18 00 03 1 00 00000018 03
[R] 00 03 00000000 00000000
[E] 010004b4 010004cc 0
[F] 010004b8 0ff0000f
[D] 010004b8 0f 00 00 1f 0 07 00000000 1f
[R] 00 1f 00000000 00000000
[E] 010004b8 00000000 0
[F] 010004bc 00018063
[D] 010004bc 63 00 03 00 0 00 00000000 00
[R] 03 00 00000000 00000000
[E] 010004bc 010004bc 0
[F] 010004bc 00018063
[D] 010004bc 63 00 03 00 0 00 00000000 00
[R] 03 00 00000000 00000000
[E] 010004bc 010004bc 0
[F] 010004bc 00018063
[D] 010004bc 63 00 03 00 0 00 00000000 00
[R] 03 00 00000000 00000000
[E] 010004bc 010004bc 0
[F] 010004bc 00018063
[D] 010004bc 63 00 03 00 0 00 00000000 00
[R] 03 00 00000000 00000000
[E] 010004bc 010004bc 0
[F] 010004bc 00018063
[D] 010004bc 63 00 03 00 0 00 00000000 00
[R] 03 00 00000000 00000000
[E] 010004bc 010004bc 0
[F] 010004bc 00018063
[D] 010004bc 63 00 03 00 0 00 00000000 00
[R] 03 00 00000000 00000000
[E] 010004bc 010004bc 0
[F] 010004bc 00018063
[D] 010004bc 63 00 03 00 0 00 00000000 00
[R] 03 00 00000000 00000000
[E] 010004bc 010004bc 0
[F] 010004bc 00018063
[D] 010004bc 63 00 03 00 0 00 00000000 00
[R] 03 00 00000000 00000000
[E] 010004bc 010004bc 0
[F] 010004bc 00018063
[D] 010004bc 63 00 03 00 0 00 00000000 00
[R] 03 00 00000000 00000000
[E] 010004bc 010004bc 0
[F] 010004bc 00018063
[D] 010004bc 63 00 03 00 0 00 00000000 00
[R] 03 00 00000000 00000000
[E] 010004bc 010004bc 0
[F] 010004bc 00018063
[D] 010004bc 63 00 03 00 0 00 00000000 00
[R] 03 00 00000000 00000000
[E] 010004bc 010004bc 0
[F] 010004bc 00018063
[D] 010004bc 63 00 03 00 0 00 00000000 00
[R] 03 00 00000000 00000000
[E] 010004bc 010004bc 0
[F] 010004bc 00018063
[D] 010004bc 63 00 03 00 0 00 00000000 00
[R] 03 00 00000000 00000000
[E] 010004bc 010004bc 0
[F] 010004bc 00018063
[D] 010004bc 63 00 03 00 0 00 00000000 00
[R] 03 00 00000000 00000000
[E] 010004bc 010004bc 0
[F] 010004bc 00018063
[D] 010004bc 63 00 03 00 0 00 00000000 00
[R] 03 00 00000000 00000000
[E] 010004bc 010004bc 0
[F] 010004bc 00018063
[D] 010004bc 63 00 03 00 0 00 00000000 00
[R] 03 00 00000000 00000000
[E] 010004bc 010004bc 0
[F] 010004bc 00018063
[D] 010004bc 63 00 03 00 0 00 00000000 00
[R] 03 00 00000000 00000000
[E] 010004bc 010004bc 0
[F] 010004bc 00018063
[D] 010004bc 63 00 03 00 0 00 00000000 00
[R] 03 00 00000000 00000000
[E] 010004bc 010004bc 0
[F] 010004bc 00018063
[D] 010004bc 63 00 03 00 0 00 00000000 00
[R] 03 00 00000000 00000000
[E] 010004bc 010004bc 0
[F] 010004bc 00018063
[D] 010004bc 63 00 03 00 0 00 00000000 00
[R] 03 00 00000000 00000000
[E] 010004bc 010004bc 0
[F] 010004bc 00018063
[D] 010004bc 63 00 03 00 0 00 00000000 00
[R] 03 00 00000000 00000000
[E] 010004bc 010004bc 0
[F] 010004bc 00018063
[D] 010004bc 63 00 03 00 0 00 00000000 00
[R] 03 00 00000000 00000000
[E] 010004bc 010004bc 0
[F] 010004bc 00018063
[D] 010004bc 63 00 03 00 0 00 00000000 00
[R] 03 00 00000000 00000000
[E] 010004bc 010004bc 0
[F] 010004bc 00018063
[D] 010004bc 63 00 03 00 0 00 00000000 00
[R] 03 00 00000000 00000000
[E] 010004bc 010004bc 0
[F] 010004bc 00018063
[D] 010004bc 63 00 03 00 0 00 00000000 00
[R] 03 00 00000000 00000000
[E] 010004bc 010004bc 0
[F] 010004bc 00018063
[D] 010004bc 63 00 03 00 0 00 00000000 00
[R] 03 00 00000000 00000000
[E] 010004bc 010004bc 0
[F] 010004bc 00018063
[D] 010004bc 63 00 03 00 0 00 00000000 00
[R] 03 00 00000000 00000000
[E] 010004bc 010004bc 0
[F] 010004bc 00018063
[D] 010004bc 63 00 03 00 0 00 00000000 00
[R] 03 00 00000000 00000000
[E] 010004bc 010004bc 0
[F] 010004bc 00018063
[D] 010004bc 63 00 03 00 0 00 00000000 00
[R] 03 00 00000000 00000000
[E] 010004bc 010004bc 0
[F] 010004bc 00018063
[D] 010004bc 63 00 03 00 0 00 00000000 00
[R] 03 00 00000000 00000000
[E] 010004bc 010004bc 0
[F] 010004bc 00018063
[D] 010004bc 63 00 03 00 0 00 00000000 00
[R] 03 00 00000000 00000000
[E] 010004bc 010004bc 0
[F] 010004bc 00018063
[D] 010004bc 63 00 03 00 0 00 00000000 00
[R] 03 00 00000000 00000000
[E] 010004bc 010004bc 0
[F] 010004bc 00018063
[D] 010004bc 63 00 03 00 0 00 00000000 00
[R] 03 00 00000000 00000000
[E] 010004bc 010004bc 0
[F] 010004bc 00018063
[D] 010004bc 63 00 03 00 0 00 00000000 00
[R] 03 00 00000000 00000000
[E] 010004bc 010004bc 0
[F] 010004bc 00018063
[D] 010004bc 63 00 03 00 0 00 00000000 00
[R] 03 00 00000000 00000000
[E] 010004bc 010004bc 0
[F] 010004bc 00018063
[D] 010004bc 63 00 03 00 0 00 00000000 00
[R] 03 00 00000000 00000000
[E] 010004bc 010004bc 0
[F] 010004bc 00018063
[D] 010004bc 63 00 03 00 0 00 00000000 00
[R] 03 00 00000000 00000000
[E] 010004bc 010004bc 0
[F] 010004bc 00018063
[D] 010004bc 63 00 03 00 0 00 00000000 00
[R] 03 00 00000000 00000000
[E] 010004bc 010004bc 0
[F] 010004bc 00018063
[D] 010004bc 63 00 03 00 0 00 00000000 00
[R] 03 00 00000000 00000000
[E] 010004bc 010004bc 0
[F] 010004bc 00018063
[D] 010004bc 63 00 03 00 0 00 00000000 00
[R] 03 00 00000000 00000000
[E] 010004bc 010004bc 0
[F] 010004bc 00018063
[D] 010004bc 63 00 03 00 0 00 00000000 00
[R] 03 00 00000000 00000000
[E] 010004bc 010004bc 0
[F] 010004bc 00018063
[D] 010004bc 63 00 03 00 0 00 00000000 00
[R] 03 00 00000000 00000000
[E] 010004bc 010004bc 0
[F] 010004bc 00018063
[D] 010004bc 63 00 03 00 0 00 00000000 00
[R] 03 00 00000000 00000000
[E] 010004bc 010004bc 0
[F] 010004bc 00018063
[D] 010004bc 63 00 03 00 0 00 00000000 00
[R] 03 00 00000000 00000000
[E] 010004bc 010004bc 0
[F] 010004bc 00018063
[D] 010004bc 63 00 03 00 0 00 00000000 00
[R] 03 00 00000000 00000000
[E] 010004bc 010004bc 0
[F] 010004bc 00018063
[D] 010004bc 63 00 03 00 0 00 00000000 00
[R] 03 00 00000000 00000000
[E] 010004bc 010004bc 0
[F] 010004bc 00018063
[D] 010004bc 63 00 03 00 0 00 00000000 00
[R] 03 00 00000000 00000000
[E] 010004bc 010004bc 0
[F] 010004bc 00018063
[D] 010004bc 63 00 03 00 0 00 00000000 00
[R] 03 00 00000000 00000000
[E] 010004bc 010004bc 0
[F] 010004bc 00018063
[D] 010004bc 63 00 03 00 0 00 00000000 00
[R] 03 00 00000000 00000000
[E] 010004bc 010004bc 0
[F] 010004bc 00018063
[D] 010004bc 63 00 03 00 0 00 00000000 00
[R] 03 00 00000000 00000000
[E] 010004bc 010004bc 0
[F] 010004bc 00018063
[D] 010004bc 63 00 03 00 0 00 00000000 00
[R] 03 00 00000000 00000000
[E] 010004bc 010004bc 0
[F] 010004bc 00018063
[D] 010004bc 63 00 03 00 0 00 00000000 00
[R] 03 00 00000000 00000000
[E] 010004bc 010004bc 0
[F] 010004bc 00018063
[D] 010004bc 63 00 03 00 0 00 00000000 00
[R] 03 00 00000000 00000000
[E] 010004bc 010004bc 0
[F] 010004bc 00018063
[D] 010004bc 63 00 03 00 0 00 00000000 00
[R] 03 00 00000000 00000000
[E] 010004bc 010004bc 0
[F] 010004bc 00018063
[D] 010004bc 63 00 03 00 0 00 00000000 00
[R] 03 00 00000000 00000000
[E] 010004bc 010004bc 0
[F] 010004bc 00018063
[D] 010004bc 63 00 03 00 0 00 00000000 00
[R] 03 00 00000000 00000000
[E] 010004bc 010004bc 0
[F] 010004bc 00018063
[D] 010004bc 63 00 03 00 0 00 00000000 00
[R] 03 00 00000000 00000000
[E] 010004bc 010004bc 0
[F] 010004bc 00018063
[D] 010004bc 63 00 03 00 0 00 00000000 00
[R] 03 00 00000000 00000000
[E] 010004bc 010004bc 0
[F] 010004bc 00018063
[D] 010004bc 63 00 03 00 0 00 00000000 00
[R] 03 00 00000000 00000000
[E] 010004bc 010004bc 0
[F] 010004bc 00018063
[D] 010004bc 63 00 03 00 0 00 00000000 00
