[F] 01000000 00200193
[D] 01000000 13 03 00 02 0 00 00000002 02
[R] 00 02 00000000 01100000
[E] 01000000 00000002 0
[F] 01000004 00000093
[D] 01000004 13 01 00 00 0 00 00000000 00
[R] 00 00 00000000 00000000
[E] 01000004 00000000 0
[F] 01000008 00100113
[D] 01000008 13 02 00 01 0 00 00000001 01
[R] 00 01 00000000 00000000
[E] 01000008 00000001 0
[F] 0100000c 0020e663
[D] 0100000c 63 0c 01 02 6 00 0000000c 02
[R] 01 02 00000000 00000000
[E] 0100000c 01000018 0
[F] 01000010 2e301263
[D] 01000010 63 04 00 03 1 17 000002e4 03
[R] 00 03 00000000 00000000
[E] 01000010 010002f4 0
[F] 01000014 00301663
[D] 01000014 63 0c 00 03 1 00 0000000c 03
[R] 00 03 00000000 00000000
[E] 01000014 01000020 0
[F] 01000018 fe20eee3
[D] 01000018 63 1d 01 02 6 7f fffffffc 02
[R] 01 02 00000000 00000000
[E] 01000018 01000014 0
[F] 0100001c 2c301c63
[D] 0100001c 63 18 00 03 1 16 000002d8 03
[R] 00 03 00000000 00000000
[E] 0100001c 010002f4 0
[F] 01000020 00300193
[D] 01000020 13 03 00 03 0 00 00000003 03
[R] 00 03 00000000 00000000
[E] 01000020 00000003 0
[F] 01000024 ffe00093
[D] 01000024 13 01 00 1e 0 7f fffffffe 1e
[R] 00 1e 00000000 00000000
[E] 01000024 fffffffe 0
[F] 01000028 fff00113
[D] 01000028 13 02 00 1f 0 7f ffffffff 1f
[R] 00 1f 00000000 00000000
[E] 01000028 ffffffff 0
[F] 0100002c 0020e663
[D] 0100002c 63 0c 01 02 6 00 0000000c 02
[R] 01 02 00000000 00000000
[E] 0100002c 01000038 0
[F] 01000030 2c301263
[D] 01000030 63 04 00 03 1 16 000002c4 03
[R] 00 03 00000000 00000000
[E] 01000030 010002f4 0
[F] 01000034 00301663
[D] 01000034 63 0c 00 03 1 00 0000000c 03
[R] 00 03 00000000 00000000
[E] 01000034 01000040 0
[F] 01000038 fe20eee3
[D] 01000038 63 1d 01 02 6 7f fffffffc 02
[R] 01 02 00000000 00000000
[E] 01000038 01000034 0
[F] 0100003c 2a301c63
[D] 0100003c 63 18 00 03 1 15 000002b8 03
[R] 00 03 00000000 00000000
[E] 0100003c 010002f4 0
[F] 01000040 00400193
[D] 01000040 13 03 00 04 0 00 00000004 04
[R] 00 04 00000000 00000000
[E] 01000040 00000004 0
[F] 01000044 00000093
[D] 01000044 13 01 00 00 0 00 00000000 00
[R] 00 00 00000000 00000000
[E] 01000044 00000000 0
[F] 01000048 fff00113
[D] 01000048 13 02 00 1f 0 7f ffffffff 1f
[R] 00 1f 00000000 00000000
[E] 01000048 ffffffff 0
[F] 0100004c 0020e663
[D] 0100004c 63 0c 01 02 6 00 0000000c 02
[R] 01 02 00000000 00000000
[E] 0100004c 01000058 0
[F] 01000050 2a301263
[D] 01000050 63 04 00 03 1 15 000002a4 03
[R] 00 03 00000000 00000000
[E] 01000050 010002f4 0
[F] 01000054 00301663
[D] 01000054 63 0c 00 03 1 00 0000000c 03
[R] 00 03 00000000 00000000
[E] 01000054 01000060 0
[F] 01000058 fe20eee3
[D] 01000058 63 1d 01 02 6 7f fffffffc 02
[R] 01 02 00000000 00000000
[E] 01000058 01000054 0
[F] 0100005c 28301c63
[D] 0100005c 63 18 00 03 1 14 00000298 03
[R] 00 03 00000000 00000000
[E] 0100005c 010002f4 0
[F] 01000060 00500193
[D] 01000060 13 03 00 05 0 00 00000005 05
[R] 00 05 00000000 00000000
[E] 01000060 00000005 0
[F] 01000064 00100093
[D] 01000064 13 01 00 01 0 00 00000001 01
[R] 00 01 00000000 00000000
[E] 01000064 00000001 0
[F] 01000068 00000113
[D] 01000068 13 02 00 00 0 00 00000000 00
[R] 00 00 00000000 00000000
[E] 01000068 00000000 0
[F] 0100006c 0020e463
[D] 0100006c 63 08 01 02 6 00 00000008 02
[R] 01 02 00000000 00000000
[E] 0100006c 01000074 0
[F] 01000070 00301463
[D] 01000070 63 08 00 03 1 00 00000008 03
[R] 00 03 00000000 00000000
[E] 01000070 01000078 0
[F] 01000074 28301063
[D] 01000074 63 00 00 03 1 14 00000280 03
[R] 00 03 00000000 00000000
[E] 01000074 010002f4 0
[F] 01000078 fe20eee3
[D] 01000078 63 1d 01 02 6 7f fffffffc 02
[R] 01 02 00000000 00000000
[E] 01000078 01000074 0
[F] 0100007c 00600193
[D] 0100007c 13 03 00 06 0 00 00000006 06
[R] 00 06 00000000 00000000
[E] 0100007c 00000006 0
[F] 01000080 fff00093
[D] 01000080 13 01 00 1f 0 7f ffffffff 1f
[R] 00 1f 00000000 00000000
[E] 01000080 ffffffff 0
[F] 01000084 ffe00113
[D] 01000084 13 02 00 1e 0 7f fffffffe 1e
[R] 00 1e 00000000 00000000
[E] 01000084 fffffffe 0
[F] 01000088 0020e463
[D] 01000088 63 08 01 02 6 00 00000008 02
[R] 01 02 00000000 00000000
[E] 01000088 01000090 0
[F] 0100008c 00301463
[D] 0100008c 63 08 00 03 1 00 00000008 03
[R] 00 03 00000000 00000000
[E] 0100008c 01000094 0
[F] 01000090 26301263
[D] 01000090 63 04 00 03 1 13 00000264 03
[R] 00 03 00000000 00000000
[E] 01000090 010002f4 0
[F] 01000094 fe20eee3
[D] 01000094 63 1d 01 02 6 7f fffffffc 02
[R] 01 02 00000000 00000000
[E] 01000094 01000090 0
[F] 01000098 00700193
[D] 01000098 13 03 00 07 0 00 00000007 07
[R] 00 07 00000000 00000000
[E] 01000098 00000007 0
[F] 0100009c fff00093
[D] 0100009c 13 01 00 1f 0 7f ffffffff 1f
[R] 00 1f 00000000 00000000
[E] 0100009c ffffffff 0
[F] 010000a0 00000113
[D] 010000a0 13 02 00 00 0 00 00000000 00
[R] 00 00 00000000 00000000
[E] 010000a0 00000000 0
[F] 010000a4 0020e463
[D] 010000a4 63 08 01 02 6 00 00000008 02
[R] 01 02 00000000 00000000
[E] 010000a4 010000ac 0
[F] 010000a8 00301463
[D] 010000a8 63 08 00 03 1 00 00000008 03
[R] 00 03 00000000 00000000
[E] 010000a8 010000b0 0
[F] 010000ac 24301463
[D] 010000ac 63 08 00 03 1 12 00000248 03
[R] 00 03 00000000 00000000
[E] 010000ac 010002f4 0
[F] 010000b0 fe20eee3
[D] 010000b0 63 1d 01 02 6 7f fffffffc 02
[R] 01 02 00000000 00000000
[E] 010000b0 010000ac 0
[F] 010000b4 00800193
[D] 010000b4 13 03 00 08 0 00 00000008 08
[R] 00 08 00000000 00000000
[E] 010000b4 00000008 0
[F] 010000b8 800000b7
[D] 010000b8 37 01 00 00 0 40 80000000 00
[R] 00 00 00000000 00000000
[E] 010000b8 80000000 0
[F] 010000bc 80000137
[D] 010000bc 37 02 00 00 0 40 80000000 00
[R] 00 00 00000000 00000000
[E] 010000bc 80000000 0
[F] 010000c0 fff10113
[D] 010000c0 13 02 02 1f 0 7f ffffffff 1f
[R] 02 1f 00000000 00000000
[E] 010000c0 ffffffff 0
[F] 010000c4 0020e463
[D] 010000c4 63 08 01 02 6 00 00000008 02
[R] 01 02 00000000 00000000
[E] 010000c4 010000cc 0
[F] 010000c8 00301463
[D] 010000c8 63 08 00 03 1 00 00000008 03
[R] 00 03 00000000 00000000
[E] 010000c8 010000d0 0
[F] 010000cc 22301463
[D] 010000cc 63 08 00 03 1 11 00000228 03
[R] 00 03 00000000 00000000
[E] 010000cc 010002f4 0
[F] 010000d0 fe20eee3
[D] 010000d0 63 1d 01 02 6 7f fffffffc 02
[R] 01 02 00000000 00000000
[E] 010000d0 010000cc 0
[F] 010000d4 00900193
[D] 010000d4 13 03 00 09 0 00 00000009 09
[R] 00 09 00000000 00000000
[E] 010000d4 00000009 0
[F] 010000d8 00000213
[D] 010000d8 13 04 00 00 0 00 00000000 00
[R] 00 00 00000000 00000000
[E] 010000d8 00000000 0
[F] 010000dc f00000b7
[D] 010000dc 37 01 00 00 0 78 f0000000 00
[R] 00 00 00000000 00000000
[E] 010000dc f0000000 0
[F] 010000e0 f0000137
[D] 010000e0 37 02 00 00 0 78 f0000000 00
[R] 00 00 00000000 00000000
[E] 010000e0 f0000000 0
[F] 010000e4 fff10113
[D] 010000e4 13 02 02 1f 0 7f ffffffff 1f
[R] 02 1f 00000000 00000000
[E] 010000e4 ffffffff 0
[F] 010000e8 2020e663
[D] 010000e8 63 0c 01 02 6 10 0000020c 02
[R] 01 02 00000000 00000000
[E] 010000e8 010002f4 0
[F] 010000ec 00120213
[D] 010000ec 13 04 04 01 0 00 00000001 01
[R] 04 01 00000000 00000000
[E] 010000ec 00000001 0
[F] 010000f0 00200293
[D] 010000f0 13 05 00 02 0 00 00000002 02
[R] 00 02 00000000 00000000
[E] 010000f0 00000002 0
[F] 010000f4 fe5214e3
[D] 010000f4 63 09 04 05 1 7f ffffffe8 05
[R] 04 05 00000000 00000000
[E] 010000f4 010000dc 0
[F] 010000f8 00a00193
[D] 010000f8 13 03 00 0a 0 00 0000000a 0a
[R] 00 0a 00000000 00000000
[E] 010000f8 0000000a 0
[F] 010000fc 00000213
[D] 010000fc 13 04 00 00 0 00 00000000 00
[R] 00 00 00000000 00000000
[E] 010000fc 00000000 0
[F] 01000100 f00000b7
[D] 01000100 37 01 00 00 0 78 f0000000 00
[R] 00 00 00000000 00000000
[E] 01000100 f0000000 0
[F] 01000104 f0000137
[D] 01000104 37 02 00 00 0 78 f0000000 00
[R] 00 00 00000000 00000000
[E] 01000104 f0000000 0
[F] 01000108 fff10113
[D] 01000108 13 02 02 1f 0 7f ffffffff 1f
[R] 02 1f 00000000 00000000
[E] 01000108 ffffffff 0
[F] 0100010c 00000013
[D] 0100010c 13 00 00 00 0 00 00000000 00
[R] 00 00 00000000 00000000
[E] 0100010c 00000000 0
[F] 01000110 1e20e263
[D] 01000110 63 04 01 02 6 0f 000001e4 02
[R] 01 02 00000000 00000000
[E] 01000110 010002f4 0
[F] 01000114 00120213
[D] 01000114 13 04 04 01 0 00 00000001 01
[R] 04 01 00000000 00000000
[E] 01000114 00000001 0
[F] 01000118 00200293
[D] 01000118 13 05 00 02 0 00 00000002 02
[R] 00 02 00000000 00000000
[E] 01000118 00000002 0
[F] 0100011c fe5212e3
[D] 0100011c 63 05 04 05 1 7f ffffffe4 05
[R] 04 05 00000000 00000000
[E] 0100011c 01000100 0
[F] 01000120 00b00193
[D] 01000120 13 03 00 0b 0 00 0000000b 0b
[R] 00 0b 00000000 00000000
[E] 01000120 0000000b 0
[F] 01000124 00000213
[D] 01000124 13 04 00 00 0 00 00000000 00
[R] 00 00 00000000 00000000
[E] 01000124 00000000 0
[F] 01000128 f00000b7
[D] 01000128 37 01 00 00 0 78 f0000000 00
[R] 00 00 00000000 00000000
[E] 01000128 f0000000 0
[F] 0100012c f0000137
[D] 0100012c 37 02 00 00 0 78 f0000000 00
[R] 00 00 00000000 00000000
[E] 0100012c f0000000 0
[F] 01000130 fff10113
[D] 01000130 13 02 02 1f 0 7f ffffffff 1f
[R] 02 1f 00000000 00000000
[E] 01000130 ffffffff 0
[F] 01000134 00000013
[D] 01000134 13 00 00 00 0 00 00000000 00
[R] 00 00 00000000 00000000
[E] 01000134 00000000 0
[F] 01000138 00000013
[D] 01000138 13 00 00 00 0 00 00000000 00
[R] 00 00 00000000 00000000
[E] 01000138 00000000 0
[F] 0100013c 1a20ec63
[D] 0100013c 63 18 01 02 6 0d 000001b8 02
[R] 01 02 00000000 00000000
[E] 0100013c 010002f4 0
[F] 01000140 00120213
[D] 01000140 13 04 04 01 0 00 00000001 01
[R] 04 01 00000000 00000000
[E] 01000140 00000001 0
[F] 01000144 00200293
[D] 01000144 13 05 00 02 0 00 00000002 02
[R] 00 02 00000000 00000000
[E] 01000144 00000002 0
[F] 01000148 fe5210e3
[D] 01000148 63 01 04 05 1 7f ffffffe0 05
[R] 04 05 00000000 00000000
[E] 01000148 01000128 0
[F] 0100014c 00c00193
[D] 0100014c 13 03 00 0c 0 00 0000000c 0c
[R] 00 0c 00000000 00000000
[E] 0100014c 0000000c 0
[F] 01000150 00000213
[D] 01000150 13 04 00 00 0 00 00000000 00
[R] 00 00 00000000 00000000
[E] 01000150 00000000 0
[F] 01000154 f00000b7
[D] 01000154 37 01 00 00 0 78 f0000000 00
[R] 00 00 00000000 00000000
[E] 01000154 f0000000 0
[F] 01000158 00000013
[D] 01000158 13 00 00 00 0 00 00000000 00
[R] 00 00 00000000 00000000
[E] 01000158 00000000 0
[F] 0100015c f0000137
[D] 0100015c 37 02 00 00 0 78 f0000000 00
[R] 00 00 00000000 00000000
[E] 0100015c f0000000 0
[F] 01000160 fff10113
[D] 01000160 13 02 02 1f 0 7f ffffffff 1f
[R] 02 1f 00000000 00000000
[E] 01000160 ffffffff 0
[F] 01000164 1820e863
[D] 01000164 63 10 01 02 6 0c 00000190 02
[R] 01 02 00000000 00000000
[E] 01000164 010002f4 0
[F] 01000168 00120213
[D] 01000168 13 04 04 01 0 00 00000001 01
[R] 04 01 00000000 00000000
[E] 01000168 00000001 0
[F] 0100016c 00200293
[D] 0100016c 13 05 00 02 0 00 00000002 02
[R] 00 02 00000000 00000000
[E] 0100016c 00000002 0
[F] 01000170 fe5212e3
[D] 01000170 63 05 04 05 1 7f ffffffe4 05
[R] 04 05 00000000 00000000
[E] 01000170 01000154 0
[F] 01000174 00d00193
[D] 01000174 13 03 00 0d 0 00 0000000d 0d
[R] 00 0d 00000000 00000000
[E] 01000174 0000000d 0
[F] 01000178 00000213
[D] 01000178 13 04 00 00 0 00 00000000 00
[R] 00 00 00000000 00000000
[E] 01000178 00000000 0
[F] 0100017c f00000b7
[D] 0100017c 37 01 00 00 0 78 f0000000 00
[R] 00 00 00000000 00000000
[E] 0100017c f0000000 0
[F] 01000180 00000013
[D] 01000180 13 00 00 00 0 00 00000000 00
[R] 00 00 00000000 00000000
[E] 01000180 00000000 0
[F] 01000184 f0000137
[D] 01000184 37 02 00 00 0 78 f0000000 00
[R] 00 00 00000000 00000000
[E] 01000184 f0000000 0
[F] 01000188 fff10113
[D] 01000188 13 02 02 1f 0 7f ffffffff 1f
[R] 02 1f 00000000 00000000
[E] 01000188 ffffffff 0
[F] 0100018c 00000013
[D] 0100018c 13 00 00 00 0 00 00000000 00
[R] 00 00 00000000 00000000
[E] 0100018c 00000000 0
[F] 01000190 1620e263
[D] 01000190 63 04 01 02 6 0b 00000164 02
[R] 01 02 00000000 00000000
[E] 01000190 010002f4 0
[F] 01000194 00120213
[D] 01000194 13 04 04 01 0 00 00000001 01
[R] 04 01 00000000 00000000
[E] 01000194 00000001 0
[F] 01000198 00200293
[D] 01000198 13 05 00 02 0 00 00000002 02
[R] 00 02 00000000 00000000
[E] 01000198 00000002 0
[F] 0100019c fe5210e3
[D] 0100019c 63 01 04 05 1 7f ffffffe0 05
[R] 04 05 00000000 00000000
[E] 0100019c 0100017c 0
[F] 010001a0 00e00193
[D] 010001a0 13 03 00 0e 0 00 0000000e 0e
[R] 00 0e 00000000 00000000
[E] 010001a0 0000000e 0
[F] 010001a4 00000213
[D] 010001a4 13 04 00 00 0 00 00000000 00
[R] 00 00 00000000 00000000
[E] 010001a4 00000000 0
[F] 010001a8 f00000b7
[D] 010001a8 37 01 00 00 0 78 f0000000 00
[R] 00 00 00000000 00000000
[E] 010001a8 f0000000 0
[F] 010001ac 00000013
[D] 010001ac 13 00 00 00 0 00 00000000 00
[R] 00 00 00000000 00000000
[E] 010001ac 00000000 0
[F] 010001b0 00000013
[D] 010001b0 13 00 00 00 0 00 00000000 00
[R] 00 00 00000000 00000000
[E] 010001b0 00000000 0
[F] 010001b4 f0000137
[D] 010001b4 37 02 00 00 0 78 f0000000 00
[R] 00 00 00000000 00000000
[E] 010001b4 f0000000 0
[F] 010001b8 fff10113
[D] 010001b8 13 02 02 1f 0 7f ffffffff 1f
[R] 02 1f 00000000 00000000
[E] 010001b8 ffffffff 0
[F] 010001bc 1220ec63
[D] 010001bc 63 18 01 02 6 09 00000138 02
[R] 01 02 00000000 00000000
[E] 010001bc 010002f4 0
[F] 010001c0 00120213
[D] 010001c0 13 04 04 01 0 00 00000001 01
[R] 04 01 00000000 00000000
[E] 010001c0 00000001 0
[F] 010001c4 00200293
[D] 010001c4 13 05 00 02 0 00 00000002 02
[R] 00 02 00000000 00000000
[E] 010001c4 00000002 0
[F] 010001c8 fe5210e3
[D] 010001c8 63 01 04 05 1 7f ffffffe0 05
[R] 04 05 00000000 00000000
[E] 010001c8 010001a8 0
[F] 010001cc 00f00193
[D] 010001cc 13 03 00 0f 0 00 0000000f 0f
[R] 00 0f 00000000 00000000
[E] 010001cc 0000000f 0
[F] 010001d0 00000213
[D] 010001d0 13 04 00 00 0 00 00000000 00
[R] 00 00 00000000 00000000
[E] 010001d0 00000000 0
[F] 010001d4 f00000b7
[D] 010001d4 37 01 00 00 0 78 f0000000 00
[R] 00 00 00000000 00000000
[E] 010001d4 f0000000 0
[F] 010001d8 f0000137
[D] 010001d8 37 02 00 00 0 78 f0000000 00
[R] 00 00 00000000 00000000
[E] 010001d8 f0000000 0
[F] 010001dc fff10113
[D] 010001dc 13 02 02 1f 0 7f ffffffff 1f
[R] 02 1f 00000000 00000000
[E] 010001dc ffffffff 0
[F] 010001e0 1020ea63
[D] 010001e0 63 14 01 02 6 08 00000114 02
[R] 01 02 00000000 00000000
[E] 010001e0 010002f4 0
[F] 010001e4 00120213
[D] 010001e4 13 04 04 01 0 00 00000001 01
[R] 04 01 00000000 00000000
[E] 010001e4 00000001 0
[F] 010001e8 00200293
[D] 010001e8 13 05 00 02 0 00 00000002 02
[R] 00 02 00000000 00000000
[E] 010001e8 00000002 0
[F] 010001ec fe5214e3
[D] 010001ec 63 09 04 05 1 7f ffffffe8 05
[R] 04 05 00000000 00000000
[E] 010001ec 010001d4 0
[F] 010001f0 01000193
[D] 010001f0 13 03 00 10 0 00 00000010 10
[R] 00 10 00000000 00000000
[E] 010001f0 00000010 0
[F] 010001f4 00000213
[D] 010001f4 13 04 00 00 0 00 00000000 00
[R] 00 00 00000000 00000000
[E] 010001f4 00000000 0
[F] 010001f8 f00000b7
[D] 010001f8 37 01 00 00 0 78 f0000000 00
[R] 00 00 00000000 00000000
[E] 010001f8 f0000000 0
[F] 010001fc f0000137
[D] 010001fc 37 02 00 00 0 78 f0000000 00
[R] 00 00 00000000 00000000
[E] 010001fc f0000000 0
[F] 01000200 fff10113
[D] 01000200 13 02 02 1f 0 7f ffffffff 1f
[R] 02 1f 00000000 00000000
[E] 01000200 ffffffff 0
[F] 01000204 00000013
[D] 01000204 13 00 00 00 0 00 00000000 00
[R] 00 00 00000000 00000000
[E] 01000204 00000000 0
[F] 01000208 0e20e663
[D] 01000208 63 0c 01 02 6 07 000000ec 02
[R] 01 02 00000000 00000000
[E] 01000208 010002f4 0
[F] 0100020c 00120213
[D] 0100020c 13 04 04 01 0 00 00000001 01
[R] 04 01 00000000 00000000
[E] 0100020c 00000001 0
[F] 01000210 00200293
[D] 01000210 13 05 00 02 0 00 00000002 02
[R] 00 02 00000000 00000000
[E] 01000210 00000002 0
[F] 01000214 fe5212e3
[D] 01000214 63 05 04 05 1 7f ffffffe4 05
[R] 04 05 00000000 00000000
[E] 01000214 010001f8 0
[F] 01000218 01100193
[D] 01000218 13 03 00 11 0 00 00000011 11
[R] 00 11 00000000 00000000
[E] 01000218 00000011 0
[F] 0100021c 00000213
[D] 0100021c 13 04 00 00 0 00 00000000 00
[R] 00 00 00000000 00000000
[E] 0100021c 00000000 0
[F] 01000220 f00000b7
[D] 01000220 37 01 00 00 0 78 f0000000 00
[R] 00 00 00000000 00000000
[E] 01000220 f0000000 0
[F] 01000224 f0000137
[D] 01000224 37 02 00 00 0 78 f0000000 00
[R] 00 00 00000000 00000000
[E] 01000224 f0000000 0
[F] 01000228 fff10113
[D] 01000228 13 02 02 1f 0 7f ffffffff 1f
[R] 02 1f 00000000 00000000
[E] 01000228 ffffffff 0
[F] 0100022c 00000013
[D] 0100022c 13 00 00 00 0 00 00000000 00
[R] 00 00 00000000 00000000
[E] 0100022c 00000000 0
[F] 01000230 00000013
[D] 01000230 13 00 00 00 0 00 00000000 00
[R] 00 00 00000000 00000000
[E] 01000230 00000000 0
[F] 01000234 0c20e063
[D] 01000234 63 00 01 02 6 06 000000c0 02
[R] 01 02 00000000 00000000
[E] 01000234 010002f4 0
[F] 01000238 00120213
[D] 01000238 13 04 04 01 0 00 00000001 01
[R] 04 01 00000000 00000000
[E] 01000238 00000001 0
[F] 0100023c 00200293
[D] 0100023c 13 05 00 02 0 00 00000002 02
[R] 00 02 00000000 00000000
[E] 0100023c 00000002 0
[F] 01000240 fe5210e3
[D] 01000240 63 01 04 05 1 7f ffffffe0 05
[R] 04 05 00000000 00000000
[E] 01000240 01000220 0
[F] 01000244 01200193
[D] 01000244 13 03 00 12 0 00 00000012 12
[R] 00 12 00000000 00000000
[E] 01000244 00000012 0
[F] 01000248 00000213
[D] 01000248 13 04 00 00 0 00 00000000 00
[R] 00 00 00000000 00000000
[E] 01000248 00000000 0
[F] 0100024c f00000b7
[D] 0100024c 37 01 00 00 0 78 f0000000 00
[R] 00 00 00000000 00000000
[E] 0100024c f0000000 0
[F] 01000250 00000013
[D] 01000250 13 00 00 00 0 00 00000000 00
[R] 00 00 00000000 00000000
[E] 01000250 00000000 0
[F] 01000254 f0000137
[D] 01000254 37 02 00 00 0 78 f0000000 00
[R] 00 00 00000000 00000000
[E] 01000254 f0000000 0
[F] 01000258 fff10113
[D] 01000258 13 02 02 1f 0 7f ffffffff 1f
[R] 02 1f 00000000 00000000
[E] 01000258 ffffffff 0
[F] 0100025c 0820ec63
[D] 0100025c 63 18 01 02 6 04 00000098 02
[R] 01 02 00000000 00000000
[E] 0100025c 010002f4 0
[F] 01000260 00120213
[D] 01000260 13 04 04 01 0 00 00000001 01
[R] 04 01 00000000 00000000
[E] 01000260 00000001 0
[F] 01000264 00200293
[D] 01000264 13 05 00 02 0 00 00000002 02
[R] 00 02 00000000 00000000
[E] 01000264 00000002 0
[F] 01000268 fe5212e3
[D] 01000268 63 05 04 05 1 7f ffffffe4 05
[R] 04 05 00000000 00000000
[E] 01000268 0100024c 0
[F] 0100026c 01300193
[D] 0100026c 13 03 00 13 0 00 00000013 13
[R] 00 13 00000000 00000000
[E] 0100026c 00000013 0
[F] 01000270 00000213
[D] 01000270 13 04 00 00 0 00 00000000 00
[R] 00 00 00000000 00000000
[E] 01000270 00000000 0
[F] 01000274 f00000b7
[D] 01000274 37 01 00 00 0 78 f0000000 00
[R] 00 00 00000000 00000000
[E] 01000274 f0000000 0
[F] 01000278 00000013
[D] 01000278 13 00 00 00 0 00 00000000 00
[R] 00 00 00000000 00000000
[E] 01000278 00000000 0
[F] 0100027c f0000137
[D] 0100027c 37 02 00 00 0 78 f0000000 00
[R] 00 00 00000000 00000000
[E] 0100027c f0000000 0
[F] 01000280 fff10113
[D] 01000280 13 02 02 1f 0 7f ffffffff 1f
[R] 02 1f 00000000 00000000
[E] 01000280 ffffffff 0
[F] 01000284 00000013
[D] 01000284 13 00 00 00 0 00 00000000 00
[R] 00 00 00000000 00000000
[E] 01000284 00000000 0
[F] 01000288 0620e663
[D] 01000288 63 0c 01 02 6 03 0000006c 02
[R] 01 02 00000000 00000000
[E] 01000288 010002f4 0
[F] 0100028c 00120213
[D] 0100028c 13 04 04 01 0 00 00000001 01
[R] 04 01 00000000 00000000
[E] 0100028c 00000001 0
[F] 01000290 00200293
[D] 01000290 13 05 00 02 0 00 00000002 02
[R] 00 02 00000000 00000000
[E] 01000290 00000002 0
[F] 01000294 fe5210e3
[D] 01000294 63 01 04 05 1 7f ffffffe0 05
[R] 04 05 00000000 00000000
[E] 01000294 01000274 0
[F] 01000298 01400193
[D] 01000298 13 03 00 14 0 00 00000014 14
[R] 00 14 00000000 00000000
[E] 01000298 00000014 0
[F] 0100029c 00000213
[D] 0100029c 13 04 00 00 0 00 00000000 00
[R] 00 00 00000000 00000000
[E] 0100029c 00000000 0
[F] 010002a0 f00000b7
[D] 010002a0 37 01 00 00 0 78 f0000000 00
[R] 00 00 00000000 00000000
[E] 010002a0 f0000000 0
[F] 010002a4 00000013
[D] 010002a4 13 00 00 00 0 00 00000000 00
[R] 00 00 00000000 00000000
[E] 010002a4 00000000 0
[F] 010002a8 00000013
[D] 010002a8 13 00 00 00 0 00 00000000 00
[R] 00 00 00000000 00000000
[E] 010002a8 00000000 0
[F] 010002ac f0000137
[D] 010002ac 37 02 00 00 0 78 f0000000 00
[R] 00 00 00000000 00000000
[E] 010002ac f0000000 0
[F] 010002b0 fff10113
[D] 010002b0 13 02 02 1f 0 7f ffffffff 1f
[R] 02 1f 00000000 00000000
[E] 010002b0 ffffffff 0
[F] 010002b4 0420e063
[D] 010002b4 63 00 01 02 6 02 00000040 02
[R] 01 02 00000000 00000000
[E] 010002b4 010002f4 0
[F] 010002b8 00120213
[D] 010002b8 13 04 04 01 0 00 00000001 01
[R] 04 01 00000000 00000000
[E] 010002b8 00000001 0
[F] 010002bc 00200293
[D] 010002bc 13 05 00 02 0 00 00000002 02
[R] 00 02 00000000 00000000
[E] 010002bc 00000002 0
[F] 010002c0 fe5210e3
[D] 010002c0 63 01 04 05 1 7f ffffffe0 05
[R] 04 05 00000000 00000000
[E] 010002c0 010002a0 0
[F] 010002c4 00100093
[D] 010002c4 13 01 00 01 0 00 00000001 01
[R] 00 01 00000000 00000000
[E] 010002c4 00000001 0
[F] 010002c8 00106a63
[D] 010002c8 63 14 00 01 6 00 00000014 01
[R] 00 01 00000000 00000000
[E] 010002c8 010002dc 0
[F] 010002cc 00108093
[D] 010002cc 13 01 01 01 0 00 00000001 01
[R] 01 01 00000000 00000000
[E] 010002cc 00000001 0
[F] 010002d0 00108093
[D] 010002d0 13 01 01 01 0 00 00000001 01
[R] 01 01 00000000 00000000
[E] 010002d0 00000001 0
[F] 010002d4 00108093
[D] 010002d4 13 01 01 01 0 00 00000001 01
[R] 01 01 00000000 00000000
[E] 010002d4 00000001 0
[F] 010002d8 00108093
[D] 010002d8 13 01 01 01 0 00 00000001 01
[R] 01 01 00000000 00000000
[E] 010002d8 00000001 0
[F] 010002dc 00108093
[D] 010002dc 13 01 01 01 0 00 00000001 01
[R] 01 01 00000000 00000000
[E] 010002dc 00000001 0
[F] 010002e0 00108093
[D] 010002e0 13 01 01 01 0 00 00000001 01
[R] 01 01 00000000 00000000
[E] 010002e0 00000001 0
[F] 010002e4 00300e93
[D] 010002e4 13 1d 00 03 0 00 00000003 03
[R] 00 03 00000000 00000000
[E] 010002e4 00000003 0
[F] 010002e8 01500193
[D] 010002e8 13 03 00 15 0 00 00000015 15
[R] 00 15 00000000 00000000
[E] 010002e8 00000015 0
[F] 010002ec 01d09463
[D] 010002ec 63 08 01 1d 1 00 00000008 1d
[R] 01 1d 00000000 00000000
[E] 010002ec 010002f4 0
[F] 010002f0 00301c63
[D] 010002f0 63 18 00 03 1 00 00000018 03
[R] 00 03 00000000 00000000
[E] 010002f0 01000308 0
[F] 010002f4 0ff0000f
[D] 010002f4 0f 00 00 1f 0 07 00000000 1f
[R] 00 1f 00000000 00000000
[E] 010002f4 00000000 0
[F] 010002f8 00018063
[D] 010002f8 63 00 03 00 0 00 00000000 00
[R] 03 00 00000000 00000000
[E] 010002f8 010002f8 0
[F] 010002f8 00018063
[D] 010002f8 63 00 03 00 0 00 00000000 00
[R] 03 00 00000000 00000000
[E] 010002f8 010002f8 0
[F] 010002f8 00018063
[D] 010002f8 63 00 03 00 0 00 00000000 00
[R] 03 00 00000000 00000000
[E] 010002f8 010002f8 0
[F] 010002f8 00018063
[D] 010002f8 63 00 03 00 0 00 00000000 00
[R] 03 00 00000000 00000000
[E] 010002f8 010002f8 0
[F] 010002f8 00018063
[D] 010002f8 63 00 03 00 0 00 00000000 00
[R] 03 00 00000000 00000000
[E] 010002f8 010002f8 0
[F] 010002f8 00018063
[D] 010002f8 63 00 03 00 0 00 00000000 00
[R] 03 00 00000000 00000000
[E] 010002f8 010002f8 0
[F] 010002f8 00018063
[D] 010002f8 63 00 03 00 0 00 00000000 00
[R] 03 00 00000000 00000000
[E] 010002f8 010002f8 0
[F] 010002f8 00018063
[D] 010002f8 63 00 03 00 0 00 00000000 00
[R] 03 00 00000000 00000000
[E] 010002f8 010002f8 0
[F] 010002f8 00018063
[D] 010002f8 63 00 03 00 0 00 00000000 00
[R] 03 00 00000000 00000000
[E] 010002f8 010002f8 0
[F] 010002f8 00018063
[D] 010002f8 63 00 03 00 0 00 00000000 00
[R] 03 00 00000000 00000000
[E] 010002f8 010002f8 0
[F] 010002f8 00018063
[D] 010002f8 63 00 03 00 0 00 00000000 00
[R] 03 00 00000000 00000000
[E] 010002f8 010002f8 0
[F] 010002f8 00018063
[D] 010002f8 63 00 03 00 0 00 00000000 00
[R] 03 00 00000000 00000000
[E] 010002f8 010002f8 0
[F] 010002f8 00018063
[D] 010002f8 63 00 03 00 0 00 00000000 00
[R] 03 00 00000000 00000000
[E] 010002f8 010002f8 0
[F] 010002f8 00018063
[D] 010002f8 63 00 03 00 0 00 00000000 00
[R] 03 00 00000000 00000000
[E] 010002f8 010002f8 0
[F] 010002f8 00018063
[D] 010002f8 63 00 03 00 0 00 00000000 00
[R] 03 00 00000000 00000000
[E] 010002f8 010002f8 0
[F] 010002f8 00018063
[D] 010002f8 63 00 03 00 0 00 00000000 00
[R] 03 00 00000000 00000000
[E] 010002f8 010002f8 0
[F] 010002f8 00018063
[D] 010002f8 63 00 03 00 0 00 00000000 00
[R] 03 00 00000000 00000000
[E] 010002f8 010002f8 0
[F] 010002f8 00018063
[D] 010002f8 63 00 03 00 0 00 00000000 00
[R] 03 00 00000000 00000000
[E] 010002f8 010002f8 0
[F] 010002f8 00018063
[D] 010002f8 63 00 03 00 0 00 00000000 00
[R] 03 00 00000000 00000000
[E] 010002f8 010002f8 0
[F] 010002f8 00018063
[D] 010002f8 63 00 03 00 0 00 00000000 00
[R] 03 00 00000000 00000000
[E] 010002f8 010002f8 0
[F] 010002f8 00018063
[D] 010002f8 63 00 03 00 0 00 00000000 00
[R] 03 00 00000000 00000000
[E] 010002f8 010002f8 0
[F] 010002f8 00018063
[D] 010002f8 63 00 03 00 0 00 00000000 00
[R] 03 00 00000000 00000000
[E] 010002f8 010002f8 0
[F] 010002f8 00018063
[D] 010002f8 63 00 03 00 0 00 00000000 00
[R] 03 00 00000000 00000000
[E] 010002f8 010002f8 0
[F] 010002f8 00018063
[D] 010002f8 63 00 03 00 0 00 00000000 00
[R] 03 00 00000000 00000000
[E] 010002f8 010002f8 0
[F] 010002f8 00018063
[D] 010002f8 63 00 03 00 0 00 00000000 00
[R] 03 00 00000000 00000000
[E] 010002f8 010002f8 0
[F] 010002f8 00018063
[D] 010002f8 63 00 03 00 0 00 00000000 00
[R] 03 00 00000000 00000000
[E] 010002f8 010002f8 0
[F] 010002f8 00018063
[D] 010002f8 63 00 03 00 0 00 00000000 00
[R] 03 00 00000000 00000000
[E] 010002f8 010002f8 0
[F] 010002f8 00018063
[D] 010002f8 63 00 03 00 0 00 00000000 00
[R] 03 00 00000000 00000000
[E] 010002f8 010002f8 0
[F] 010002f8 00018063
[D] 010002f8 63 00 03 00 0 00 00000000 00
[R] 03 00 00000000 00000000
[E] 010002f8 010002f8 0
[F] 010002f8 00018063
[D] 010002f8 63 00 03 00 0 00 00000000 00
[R] 03 00 00000000 00000000
[E] 010002f8 010002f8 0
[F] 010002f8 00018063
[D] 010002f8 63 00 03 00 0 00 00000000 00
[R] 03 00 00000000 00000000
[E] 010002f8 010002f8 0
[F] 010002f8 00018063
[D] 010002f8 63 00 03 00 0 00 00000000 00
[R] 03 00 00000000 00000000
[E] 010002f8 010002f8 0
[F] 010002f8 00018063
[D] 010002f8 63 00 03 00 0 00 00000000 00
[R] 03 00 00000000 00000000
[E] 010002f8 010002f8 0
[F] 010002f8 00018063
[D] 010002f8 63 00 03 00 0 00 00000000 00
[R] 03 00 00000000 00000000
[E] 010002f8 010002f8 0
[F] 010002f8 00018063
[D] 010002f8 63 00 03 00 0 00 00000000 00
[R] 03 00 00000000 00000000
[E] 010002f8 010002f8 0
[F] 010002f8 00018063
[D] 010002f8 63 00 03 00 0 00 00000000 00
[R] 03 00 00000000 00000000
[E] 010002f8 010002f8 0
[F] 010002f8 00018063
[D] 010002f8 63 00 03 00 0 00 00000000 00
[R] 03 00 00000000 00000000
[E] 010002f8 010002f8 0
[F] 010002f8 00018063
[D] 010002f8 63 00 03 00 0 00 00000000 00
[R] 03 00 00000000 00000000
[E] 010002f8 010002f8 0
[F] 010002f8 00018063
[D] 010002f8 63 00 03 00 0 00 00000000 00
[R] 03 00 00000000 00000000
[E] 010002f8 010002f8 0
[F] 010002f8 00018063
[D] 010002f8 63 00 03 00 0 00 00000000 00
[R] 03 00 00000000 00000000
[E] 010002f8 010002f8 0
[F] 010002f8 00018063
[D] 010002f8 63 00 03 00 0 00 00000000 00
[R] 03 00 00000000 00000000
[E] 010002f8 010002f8 0
[F] 010002f8 00018063
[D] 010002f8 63 00 03 00 0 00 00000000 00
[R] 03 00 00000000 00000000
[E] 010002f8 010002f8 0
[F] 010002f8 00018063
[D] 010002f8 63 00 03 00 0 00 00000000 00
[R] 03 00 00000000 00000000
[E] 010002f8 010002f8 0
[F] 010002f8 00018063
[D] 010002f8 63 00 03 00 0 00 00000000 00
[R] 03 00 00000000 00000000
[E] 010002f8 010002f8 0
[F] 010002f8 00018063
[D] 010002f8 63 00 03 00 0 00 00000000 00
[R] 03 00 00000000 00000000
[E] 010002f8 010002f8 0
[F] 010002f8 00018063
[D] 010002f8 63 00 03 00 0 00 00000000 00
[R] 03 00 00000000 00000000
[E] 010002f8 010002f8 0
[F] 010002f8 00018063
[D] 010002f8 63 00 03 00 0 00 00000000 00
[R] 03 00 00000000 00000000
[E] 010002f8 010002f8 0
[F] 010002f8 00018063
[D] 010002f8 63 00 03 00 0 00 00000000 00
[R] 03 00 00000000 00000000
[E] 010002f8 010002f8 0
[F] 010002f8 00018063
[D] 010002f8 63 00 03 00 0 00 00000000 00
[R] 03 00 00000000 00000000
[E] 010002f8 010002f8 0
[F] 010002f8 00018063
[D] 010002f8 63 00 03 00 0 00 00000000 00
[R] 03 00 00000000 00000000
[E] 010002f8 010002f8 0
[F] 010002f8 00018063
[D] 010002f8 63 00 03 00 0 00 00000000 00
[R] 03 00 00000000 00000000
[E] 010002f8 010002f8 0
[F] 010002f8 00018063
[D] 010002f8 63 00 03 00 0 00 00000000 00
[R] 03 00 00000000 00000000
[E] 010002f8 010002f8 0
[F] 010002f8 00018063
[D] 010002f8 63 00 03 00 0 00 00000000 00
[R] 03 00 00000000 00000000
[E] 010002f8 010002f8 0
[F] 010002f8 00018063
[D] 010002f8 63 00 03 00 0 00 00000000 00
[R] 03 00 00000000 00000000
[E] 010002f8 010002f8 0
[F] 010002f8 00018063
[D] 010002f8 63 00 03 00 0 00 00000000 00
[R] 03 00 00000000 00000000
[E] 010002f8 010002f8 0
[F] 010002f8 00018063
[D] 010002f8 63 00 03 00 0 00 00000000 00
[R] 03 00 00000000 00000000
[E] 010002f8 010002f8 0
[F] 010002f8 00018063
[D] 010002f8 63 00 03 00 0 00 00000000 00
[R] 03 00 00000000 00000000
[E] 010002f8 010002f8 0
[F] 010002f8 00018063
[D] 010002f8 63 00 03 00 0 00 00000000 00
[R] 03 00 00000000 00000000
[E] 010002f8 010002f8 0
[F] 010002f8 00018063
[D] 010002f8 63 00 03 00 0 00 00000000 00
[R] 03 00 00000000 00000000
[E] 010002f8 010002f8 0
[F] 010002f8 00018063
[D] 010002f8 63 00 03 00 0 00 00000000 00
[R] 03 00 00000000 00000000
[E] 010002f8 010002f8 0
[F] 010002f8 00018063
[D] 010002f8 63 00 03 00 0 00 00000000 00
[R] 03 00 00000000 00000000
[E] 010002f8 010002f8 0
[F] 010002f8 00018063
[D] 010002f8 63 00 03 00 0 00 00000000 00
[R] 03 00 00000000 00000000
[E] 010002f8 010002f8 0
[F] 010002f8 00018063
[D] 010002f8 63 00 03 00 0 00 00000000 00
[R] 03 00 00000000 00000000
[E] 010002f8 010002f8 0
[F] 010002f8 00018063
[D] 010002f8 63 00 03 00 0 00 00000000 00
[R] 03 00 00000000 00000000
[E] 010002f8 010002f8 0
[F] 010002f8 00018063
[D] 010002f8 63 00 03 00 0 00 00000000 00
[R] 03 00 00000000 00000000
[E] 010002f8 010002f8 0
[F] 010002f8 00018063
[D] 010002f8 63 00 03 00 0 00 00000000 00
[R] 03 00 00000000 00000000
[E] 010002f8 010002f8 0
[F] 010002f8 00018063
[D] 010002f8 63 00 03 00 0 00 00000000 00
[R] 03 00 00000000 00000000
[E] 010002f8 010002f8 0
[F] 010002f8 00018063
[D] 010002f8 63 00 03 00 0 00 00000000 00
[R] 03 00 00000000 00000000
[E] 010002f8 010002f8 0
[F] 010002f8 00018063
[D] 010002f8 63 00 03 00 0 00 00000000 00
[R] 03 00 00000000 00000000
[E] 010002f8 010002f8 0
[F] 010002f8 00018063
[D] 010002f8 63 00 03 00 0 00 00000000 00
[R] 03 00 00000000 00000000
[E] 010002f8 010002f8 0
[F] 010002f8 00018063
[D] 010002f8 63 00 03 00 0 00 00000000 00
[R] 03 00 00000000 00000000
[E] 010002f8 010002f8 0
[F] 010002f8 00018063
[D] 010002f8 63 00 03 00 0 00 00000000 00
[R] 03 00 00000000 00000000
[E] 010002f8 010002f8 0
[F] 010002f8 00018063
[D] 010002f8 63 00 03 00 0 00 00000000 00
[R] 03 00 00000000 00000000
[E] 010002f8 010002f8 0
[F] 010002f8 00018063
[D] 010002f8 63 00 03 00 0 00 00000000 00
[R] 03 00 00000000 00000000
[E] 010002f8 010002f8 0
[F] 010002f8 00018063
[D] 010002f8 63 00 03 00 0 00 00000000 00
[R] 03 00 00000000 00000000
[E] 010002f8 010002f8 0
[F] 010002f8 00018063
[D] 010002f8 63 00 03 00 0 00 00000000 00
[R] 03 00 00000000 00000000
[E] 010002f8 010002f8 0
[F] 010002f8 00018063
[D] 010002f8 63 00 03 00 0 00 00000000 00
[R] 03 00 00000000 00000000
[E] 010002f8 010002f8 0
[F] 010002f8 00018063
[D] 010002f8 63 00 03 00 0 00 00000000 00
[R] 03 00 00000000 00000000
[E] 010002f8 010002f8 0
[F] 010002f8 00018063
[D] 010002f8 63 00 03 00 0 00 00000000 00
[R] 03 00 00000000 00000000
[E] 010002f8 010002f8 0
[F] 010002f8 00018063
[D] 010002f8 63 00 03 00 0 00 00000000 00
[R] 03 00 00000000 00000000
[E] 010002f8 010002f8 0
[F] 010002f8 00018063
[D] 010002f8 63 00 03 00 0 00 00000000 00
[R] 03 00 00000000 00000000
[E] 010002f8 010002f8 0
[F] 010002f8 00018063
[D] 010002f8 63 00 03 00 0 00 00000000 00
[R] 03 00 00000000 00000000
[E] 010002f8 010002f8 0
[F] 010002f8 00018063
[D] 010002f8 63 00 03 00 0 00 00000000 00
[R] 03 00 00000000 00000000
[E] 010002f8 010002f8 0
[F] 010002f8 00018063
[D] 010002f8 63 00 03 00 0 00 00000000 00
[R] 03 00 00000000 00000000
[E] 010002f8 010002f8 0
[F] 010002f8 00018063
[D] 010002f8 63 00 03 00 0 00 00000000 00
[R] 03 00 00000000 00000000
[E] 010002f8 010002f8 0
[F] 010002f8 00018063
[D] 010002f8 63 00 03 00 0 00 00000000 00
[R] 03 00 00000000 00000000
[E] 010002f8 010002f8 0
[F] 010002f8 00018063
[D] 010002f8 63 00 03 00 0 00 00000000 00
[R] 03 00 00000000 00000000
[E] 010002f8 010002f8 0
[F] 010002f8 00018063
[D] 010002f8 63 00 03 00 0 00 00000000 00
[R] 03 00 00000000 00000000
[E] 010002f8 010002f8 0
[F] 010002f8 00018063
[D] 010002f8 63 00 03 00 0 00 00000000 00
[R] 03 00 00000000 00000000
[E] 010002f8 010002f8 0
[F] 010002f8 00018063
[D] 010002f8 63 00 03 00 0 00 00000000 00
[R] 03 00 00000000 00000000
[E] 010002f8 010002f8 0
[F] 010002f8 00018063
[D] 010002f8 63 00 03 00 0 00 00000000 00
[R] 03 00 00000000 00000000
[E] 010002f8 010002f8 0
[F] 010002f8 00018063
[D] 010002f8 63 00 03 00 0 00 00000000 00
[R] 03 00 00000000 00000000
[E] 010002f8 010002f8 0
[F] 010002f8 00018063
[D] 010002f8 63 00 03 00 0 00 00000000 00
[R] 03 00 00000000 00000000
[E] 010002f8 010002f8 0
[F] 010002f8 00018063
[D] 010002f8 63 00 03 00 0 00 00000000 00
[R] 03 00 00000000 00000000
[E] 010002f8 010002f8 0
[F] 010002f8 00018063
[D] 010002f8 63 00 03 00 0 00 00000000 00
[R] 03 00 00000000 00000000
[E] 010002f8 010002f8 0
[F] 010002f8 00018063
[D] 010002f8 63 00 03 00 0 00 00000000 00
[R] 03 00 00000000 00000000
[E] 010002f8 010002f8 0
[F] 010002f8 00018063
[D] 010002f8 63 00 03 00 0 00 00000000 00
[R] 03 00 00000000 00000000
[E] 010002f8 010002f8 0
[F] 010002f8 00018063
[D] 010002f8 63 00 03 00 0 00 00000000 00
[R] 03 00 00000000 00000000
[E] 010002f8 010002f8 0
[F] 010002f8 00018063
[D] 010002f8 63 00 03 00 0 00 00000000 00
[R] 03 00 00000000 00000000
[E] 010002f8 010002f8 0
[F] 010002f8 00018063
[D] 010002f8 63 00 03 00 0 00 00000000 00
[R] 03 00 00000000 00000000
[E] 010002f8 010002f8 0
[F] 010002f8 00018063
[D] 010002f8 63 00 03 00 0 00 00000000 00
[R] 03 00 00000000 00000000
[E] 010002f8 010002f8 0
[F] 010002f8 00018063
[D] 010002f8 63 00 03 00 0 00 00000000 00
[R] 03 00 00000000 00000000
[E] 010002f8 010002f8 0
[F] 010002f8 00018063
[D] 010002f8 63 00 03 00 0 00 00000000 00
[R] 03 00 00000000 00000000
[E] 010002f8 010002f8 0
[F] 010002f8 00018063
[D] 010002f8 63 00 03 00 0 00 00000000 00
[R] 03 00 00000000 00000000
[E] 010002f8 010002f8 0
[F] 010002f8 00018063
[D] 010002f8 63 00 03 00 0 00 00000000 00
[R] 03 00 00000000 00000000
[E] 010002f8 010002f8 0
[F] 010002f8 00018063
[D] 010002f8 63 00 03 00 0 00 00000000 00
[R] 03 00 00000000 00000000
[E] 010002f8 010002f8 0
[F] 010002f8 00018063
[D] 010002f8 63 00 03 00 0 00 00000000 00
[R] 03 00 00000000 00000000
[E] 010002f8 010002f8 0
[F] 010002f8 00018063
[D] 010002f8 63 00 03 00 0 00 00000000 00
[R] 03 00 00000000 00000000
[E] 010002f8 010002f8 0
[F] 010002f8 00018063
[D] 010002f8 63 00 03 00 0 00 00000000 00
[R] 03 00 00000000 00000000
[E] 010002f8 010002f8 0
[F] 010002f8 00018063
[D] 010002f8 63 00 03 00 0 00 00000000 00
[R] 03 00 00000000 00000000
[E] 010002f8 010002f8 0
[F] 010002f8 00018063
[D] 010002f8 63 00 03 00 0 00 00000000 00
[R] 03 00 00000000 00000000
[E] 010002f8 010002f8 0
[F] 010002f8 00018063
[D] 010002f8 63 00 03 00 0 00 00000000 00
[R] 03 00 00000000 00000000
[E] 010002f8 010002f8 0
[F] 010002f8 00018063
[D] 010002f8 63 00 03 00 0 00 00000000 00
[R] 03 00 00000000 00000000
[E] 010002f8 010002f8 0
[F] 010002f8 00018063
[D] 010002f8 63 00 03 00 0 00 00000000 00
[R] 03 00 00000000 00000000
[E] 010002f8 010002f8 0
[F] 010002f8 00018063
[D] 010002f8 63 00 03 00 0 00 00000000 00
[R] 03 00 00000000 00000000
[E] 010002f8 010002f8 0
[F] 010002f8 00018063
[D] 010002f8 63 00 03 00 0 00 00000000 00
[R] 03 00 00000000 00000000
[E] 010002f8 010002f8 0
[F] 010002f8 00018063
[D] 010002f8 63 00 03 00 0 00 00000000 00
[R] 03 00 00000000 00000000
[E] 010002f8 010002f8 0
[F] 010002f8 00018063
[D] 010002f8 63 00 03 00 0 00 00000000 00
[R] 03 00 00000000 00000000
[E] 010002f8 010002f8 0
[F] 010002f8 00018063
[D] 010002f8 63 00 03 00 0 00 00000000 00
[R] 03 00 00000000 00000000
[E] 010002f8 010002f8 0
[F] 010002f8 00018063
[D] 010002f8 63 00 03 00 0 00 00000000 00
[R] 03 00 00000000 00000000
[E] 010002f8 010002f8 0
[F] 010002f8 00018063
[D] 010002f8 63 00 03 00 0 00 00000000 00
[R] 03 00 00000000 00000000
[E] 010002f8 010002f8 0
[F] 010002f8 00018063
[D] 010002f8 63 00 03 00 0 00 00000000 00
[R] 03 00 00000000 00000000
[E] 010002f8 010002f8 0
[F] 010002f8 00018063
[D] 010002f8 63 00 03 00 0 00 00000000 00
[R] 03 00 00000000 00000000
[E] 010002f8 010002f8 0
[F] 010002f8 00018063
[D] 010002f8 63 00 03 00 0 00 00000000 00
[R] 03 00 00000000 00000000
[E] 010002f8 010002f8 0
[F] 010002f8 00018063
[D] 010002f8 63 00 03 00 0 00 00000000 00
[R] 03 00 00000000 00000000
[E] 010002f8 010002f8 0
[F] 010002f8 00018063
[D] 010002f8 63 00 03 00 0 00 00000000 00
[R] 03 00 00000000 00000000
[E] 010002f8 010002f8 0
[F] 010002f8 00018063
[D] 010002f8 63 00 03 00 0 00 00000000 00
[R] 03 00 00000000 00000000
[E] 010002f8 010002f8 0
[F] 010002f8 00018063
[D] 010002f8 63 00 03 00 0 00 00000000 00
[R] 03 00 00000000 00000000
[E] 010002f8 010002f8 0
[F] 010002f8 00018063
[D] 010002f8 63 00 03 00 0 00 00000000 00
[R] 03 00 00000000 00000000
[E] 010002f8 010002f8 0
[F] 010002f8 00018063
[D] 010002f8 63 00 03 00 0 00 00000000 00
[R] 03 00 00000000 00000000
[E] 010002f8 010002f8 0
[F] 010002f8 00018063
[D] 010002f8 63 00 03 00 0 00 00000000 00
[R] 03 00 00000000 00000000
[E] 010002f8 010002f8 0
[F] 010002f8 00018063
[D] 010002f8 63 00 03 00 0 00 00000000 00
[R] 03 00 00000000 00000000
[E] 010002f8 010002f8 0
[F] 010002f8 00018063
[D] 010002f8 63 00 03 00 0 00 00000000 00
[R] 03 00 00000000 00000000
[E] 010002f8 010002f8 0
[F] 010002f8 00018063
[D] 010002f8 63 00 03 00 0 00 00000000 00
[R] 03 00 00000000 00000000
[E] 010002f8 010002f8 0
[F] 010002f8 00018063
[D] 010002f8 63 00 03 00 0 00 00000000 00
[R] 03 00 00000000 00000000
[E] 010002f8 010002f8 0
[F] 010002f8 00018063
[D] 010002f8 63 00 03 00 0 00 00000000 00
[R] 03 00 00000000 00000000
[E] 010002f8 010002f8 0
[F] 010002f8 00018063
[D] 010002f8 63 00 03 00 0 00 00000000 00
[R] 03 00 00000000 00000000
[E] 010002f8 010002f8 0
[F] 010002f8 00018063
[D] 010002f8 63 00 03 00 0 00 00000000 00
[R] 03 00 00000000 00000000
[E] 010002f8 010002f8 0
[F] 010002f8 00018063
[D] 010002f8 63 00 03 00 0 00 00000000 00
[R] 03 00 00000000 00000000
[E] 010002f8 010002f8 0
[F] 010002f8 00018063
[D] 010002f8 63 00 03 00 0 00 00000000 00
[R] 03 00 00000000 00000000
[E] 010002f8 010002f8 0
[F] 010002f8 00018063
[D] 010002f8 63 00 03 00 0 00 00000000 00
[R] 03 00 00000000 00000000
[E] 010002f8 010002f8 0
[F] 010002f8 00018063
[D] 010002f8 63 00 03 00 0 00 00000000 00
[R] 03 00 00000000 00000000
[E] 010002f8 010002f8 0
[F] 010002f8 00018063
[D] 010002f8 63 00 03 00 0 00 00000000 00
[R] 03 00 00000000 00000000
[E] 010002f8 010002f8 0
[F] 010002f8 00018063
[D] 010002f8 63 00 03 00 0 00 00000000 00
[R] 03 00 00000000 00000000
[E] 010002f8 010002f8 0
[F] 010002f8 00018063
[D] 010002f8 63 00 03 00 0 00 00000000 00
[R] 03 00 00000000 00000000
[E] 010002f8 010002f8 0
[F] 010002f8 00018063
[D] 010002f8 63 00 03 00 0 00 00000000 00
[R] 03 00 00000000 00000000
[E] 010002f8 010002f8 0
[F] 010002f8 00018063
[D] 010002f8 63 00 03 00 0 00 00000000 00
[R] 03 00 00000000 00000000
[E] 010002f8 010002f8 0
[F] 010002f8 00018063
[D] 010002f8 63 00 03 00 0 00 00000000 00
[R] 03 00 00000000 00000000
[E] 010002f8 010002f8 0
[F] 010002f8 00018063
[D] 010002f8 63 00 03 00 0 00 00000000 00
[R] 03 00 00000000 00000000
[E] 010002f8 010002f8 0
[F] 010002f8 00018063
[D] 010002f8 63 00 03 00 0 00 00000000 00
[R] 03 00 00000000 00000000
[E] 010002f8 010002f8 0
[F] 010002f8 00018063
[D] 010002f8 63 00 03 00 0 00 00000000 00
[R] 03 00 00000000 00000000
[E] 010002f8 010002f8 0
[F] 010002f8 00018063
[D] 010002f8 63 00 03 00 0 00 00000000 00
[R] 03 00 00000000 00000000
[E] 010002f8 010002f8 0
[F] 010002f8 00018063
[D] 010002f8 63 00 03 00 0 00 00000000 00
[R] 03 00 00000000 00000000
[E] 010002f8 010002f8 0
[F] 010002f8 00018063
[D] 010002f8 63 00 03 00 0 00 00000000 00
[R] 03 00 00000000 00000000
[E] 010002f8 010002f8 0
[F] 010002f8 00018063
[D] 010002f8 63 00 03 00 0 00 00000000 00
[R] 03 00 00000000 00000000
[E] 010002f8 010002f8 0
[F] 010002f8 00018063
[D] 010002f8 63 00 03 00 0 00 00000000 00
[R] 03 00 00000000 00000000
[E] 010002f8 010002f8 0
[F] 010002f8 00018063
[D] 010002f8 63 00 03 00 0 00 00000000 00
[R] 03 00 00000000 00000000
[E] 010002f8 010002f8 0
[F] 010002f8 00018063
[D] 010002f8 63 00 03 00 0 00 00000000 00
[R] 03 00 00000000 00000000
[E] 010002f8 010002f8 0
[F] 010002f8 00018063
[D] 010002f8 63 00 03 00 0 00 00000000 00
[R] 03 00 00000000 00000000
[E] 010002f8 010002f8 0
[F] 010002f8 00018063
[D] 010002f8 63 00 03 00 0 00 00000000 00
[R] 03 00 00000000 00000000
[E] 010002f8 010002f8 0
[F] 010002f8 00018063
[D] 010002f8 63 00 03 00 0 00 00000000 00
[R] 03 00 00000000 00000000
[E] 010002f8 010002f8 0
[F] 010002f8 00018063
[D] 010002f8 63 00 03 00 0 00 00000000 00
[R] 03 00 00000000 00000000
[E] 010002f8 010002f8 0
[F] 010002f8 00018063
[D] 010002f8 63 00 03 00 0 00 00000000 00
[R] 03 00 00000000 00000000
[E] 010002f8 010002f8 0
[F] 010002f8 00018063
[D] 010002f8 63 00 03 00 0 00 00000000 00
[R] 03 00 00000000 00000000
[E] 010002f8 010002f8 0
[F] 010002f8 00018063
[D] 010002f8 63 00 03 00 0 00 00000000 00
[R] 03 00 00000000 00000000
[E] 010002f8 010002f8 0
[F] 010002f8 00018063
[D] 010002f8 63 00 03 00 0 00 00000000 00
[R] 03 00 00000000 00000000
[E] 010002f8 010002f8 0
[F] 010002f8 00018063
[D] 010002f8 63 00 03 00 0 00 00000000 00
[R] 03 00 00000000 00000000
[E] 010002f8 010002f8 0
[F] 010002f8 00018063
[D] 010002f8 63 00 03 00 0 00 00000000 00
[R] 03 00 00000000 00000000
[E] 010002f8 010002f8 0
[F] 010002f8 00018063
[D] 010002f8 63 00 03 00 0 00 00000000 00
[R] 03 00 00000000 00000000
[E] 010002f8 010002f8 0
[F] 010002f8 00018063
[D] 010002f8 63 00 03 00 0 00 00000000 00
[R] 03 00 00000000 00000000
[E] 010002f8 010002f8 0
[F] 010002f8 00018063
[D] 010002f8 63 00 03 00 0 00 00000000 00
[R] 03 00 00000000 00000000
[E] 010002f8 010002f8 0
[F] 010002f8 00018063
[D] 010002f8 63 00 03 00 0 00 00000000 00
[R] 03 00 00000000 00000000
[E] 010002f8 010002f8 0
[F] 010002f8 00018063
[D] 010002f8 63 00 03 00 0 00 00000000 00
