[F] 01000000 800000b7
[D] 01000000 37 01 00 00 0 40 80000000 00
[R] 00 00 00000000 00000000
[E] 01000000 80000000 0
[F] 01000004 0000df13
[D] 01000004 13 1e 01 00 5 00 00000000 00
[R] 01 00 00000000 00000000
[E] 01000004 00000000 0
[F] 01000008 80000eb7
[D] 01000008 37 1d 00 00 0 40 80000000 00
[R] 00 00 00000000 00000000
[E] 01000008 80000000 0
[F] 0100000c 00200193
[D] 0100000c 13 03 00 02 0 00 00000002 02
[R] 00 02 00000000 01100000
[E] 0100000c 00000002 0
[F] 01000010 29df1863
[D] 01000010 63 10 1e 1d 1 14 00000290 1d
[R] 1e 1d 00000000 00000000
[E] 01000010 010002a0 0
[F] 01000014 800000b7
[D] 01000014 37 01 00 00 0 40 80000000 00
[R] 00 00 00000000 00000000
[E] 01000014 80000000 0
[F] 01000018 0010df13
[D] 01000018 13 1e 01 01 5 00 00000001 01
[R] 01 01 00000000 00000000
[E] 01000018 00000000 0
[F] 0100001c 40000eb7
[D] 0100001c 37 1d 00 00 0 20 40000000 00
[R] 00 00 00000000 00000000
[E] 0100001c 40000000 0
[F] 01000020 00300193
[D] 01000020 13 03 00 03 0 00 00000003 03
[R] 00 03 00000000 00000000
[E] 01000020 00000003 0
[F] 01000024 27df1e63
[D] 01000024 63 1c 1e 1d 1 13 0000027c 1d
[R] 1e 1d 00000000 00000000
[E] 01000024 010002a0 0
[F] 01000028 800000b7
[D] 01000028 37 01 00 00 0 40 80000000 00
[R] 00 00 00000000 00000000
[E] 01000028 80000000 0
[F] 0100002c 0070df13
[D] 0100002c 13 1e 01 07 5 00 00000007 07
[R] 01 07 00000000 00000000
[E] 0100002c 00000000 0
[F] 01000030 01000eb7
[D] 01000030 37 1d 00 10 0 00 01000000 10
[R] 00 10 00000000 00000000
[E] 01000030 01000000 0
[F] 01000034 00400193
[D] 01000034 13 03 00 04 0 00 00000004 04
[R] 00 04 00000000 00000000
[E] 01000034 00000004 0
[F] 01000038 27df1463
[D] 01000038 63 08 1e 1d 1 13 00000268 1d
[R] 1e 1d 00000000 00000000
[E] 01000038 010002a0 0
[F] 0100003c 800000b7
[D] 0100003c 37 01 00 00 0 40 80000000 00
[R] 00 00 00000000 00000000
[E] 0100003c 80000000 0
[F] 01000040 00e0df13
[D] 01000040 13 1e 01 0e 5 00 0000000e 0e
[R] 01 0e 00000000 00000000
[E] 01000040 00000000 0
[F] 01000044 00020eb7
[D] 01000044 37 1d 00 00 0 00 00020000 00
[R] 00 00 00000000 00000000
[E] 01000044 00020000 0
[F] 01000048 00500193
[D] 01000048 13 03 00 05 0 00 00000005 05
[R] 00 05 00000000 00000000
[E] 01000048 00000005 0
[F] 0100004c 25df1a63
[D] 0100004c 63 14 1e 1d 1 12 00000254 1d
[R] 1e 1d 00000000 00000000
[E] 0100004c 010002a0 0
[F] 01000050 800000b7
[D] 01000050 37 01 00 00 0 40 80000000 00
[R] 00 00 00000000 00000000
[E] 01000050 80000000 0
[F] 01000054 00108093
[D] 01000054 13 01 01 01 0 00 00000001 01
[R] 01 01 00000000 00000000
[E] 01000054 00000001 0
[F] 01000058 01f0df13
[D] 01000058 13 1e 01 1f 5 00 0000001f 1f
[R] 01 1f 00000000 00000000
[E] 01000058 00000000 0
[F] 0100005c 00100e93
[D] 0100005c 13 1d 00 01 0 00 00000001 01
[R] 00 01 00000000 00000000
[E] 0100005c 00000001 0
[F] 01000060 00600193
[D] 01000060 13 03 00 06 0 00 00000006 06
[R] 00 06 00000000 00000000
[E] 01000060 00000006 0
[F] 01000064 23df1e63
[D] 01000064 63 1c 1e 1d 1 11 0000023c 1d
[R] 1e 1d 00000000 00000000
[E] 01000064 010002a0 0
[F] 01000068 fff00093
[D] 01000068 13 01 00 1f 0 7f ffffffff 1f
[R] 00 1f 00000000 00000000
[E] 01000068 ffffffff 0
[F] 0100006c 0000df13
[D] 0100006c 13 1e 01 00 5 00 00000000 00
[R] 01 00 00000000 00000000
[E] 0100006c 00000000 0
[F] 01000070 fff00e93
[D] 01000070 13 1d 00 1f 0 7f ffffffff 1f
[R] 00 1f 00000000 00000000
[E] 01000070 ffffffff 0
[F] 01000074 00700193
[D] 01000074 13 03 00 07 0 00 00000007 07
[R] 00 07 00000000 00000000
[E] 01000074 00000007 0
[F] 01000078 23df1463
[D] 01000078 63 08 1e 1d 1 11 00000228 1d
[R] 1e 1d 00000000 00000000
[E] 01000078 010002a0 0
[F] 0100007c fff00093
[D] 0100007c 13 01 00 1f 0 7f ffffffff 1f
[R] 00 1f 00000000 00000000
[E] 0100007c ffffffff 0
[F] 01000080 0010df13
[D] 01000080 13 1e 01 01 5 00 00000001 01
[R] 01 01 00000000 00000000
[E] 01000080 00000000 0
[F] 01000084 80000eb7
[D] 01000084 37 1d 00 00 0 40 80000000 00
[R] 00 00 00000000 00000000
[E] 01000084 80000000 0
[F] 01000088 fffe8e93
[D] 01000088 13 1d 1d 1f 0 7f ffffffff 1f
[R] 1d 1f 00000000 00000000
[E] 01000088 ffffffff 0
[F] 0100008c 00800193
[D] 0100008c 13 03 00 08 0 00 00000008 08
[R] 00 08 00000000 00000000
[E] 0100008c 00000008 0
[F] 01000090 21df1863
[D] 01000090 63 10 1e 1d 1 10 00000210 1d
[R] 1e 1d 00000000 00000000
[E] 01000090 010002a0 0
[F] 01000094 fff00093
[D] 01000094 13 01 00 1f 0 7f ffffffff 1f
[R] 00 1f 00000000 00000000
[E] 01000094 ffffffff 0
[F] 01000098 0070df13
[D] 01000098 13 1e 01 07 5 00 00000007 07
[R] 01 07 00000000 00000000
[E] 01000098 00000000 0
[F] 0100009c 02000eb7
[D] 0100009c 37 1d 00 00 0 01 02000000 00
[R] 00 00 00000000 00000000
[E] 0100009c 02000000 0
[F] 010000a0 fffe8e93
[D] 010000a0 13 1d 1d 1f 0 7f ffffffff 1f
[R] 1d 1f 00000000 00000000
[E] 010000a0 ffffffff 0
[F] 010000a4 00900193
[D] 010000a4 13 03 00 09 0 00 00000009 09
[R] 00 09 00000000 00000000
[E] 010000a4 00000009 0
[F] 010000a8 1fdf1c63
[D] 010000a8 63 18 1e 1d 1 0f 000001f8 1d
[R] 1e 1d 00000000 00000000
[E] 010000a8 010002a0 0
[F] 010000ac fff00093
[D] 010000ac 13 01 00 1f 0 7f ffffffff 1f
[R] 00 1f 00000000 00000000
[E] 010000ac ffffffff 0
[F] 010000b0 00e0df13
[D] 010000b0 13 1e 01 0e 5 00 0000000e 0e
[R] 01 0e 00000000 00000000
[E] 010000b0 00000000 0
[F] 010000b4 00040eb7
[D] 010000b4 37 1d 00 00 0 00 00040000 00
[R] 00 00 00000000 00000000
[E] 010000b4 00040000 0
[F] 010000b8 fffe8e93
[D] 010000b8 13 1d 1d 1f 0 7f ffffffff 1f
[R] 1d 1f 00000000 00000000
[E] 010000b8 ffffffff 0
[F] 010000bc 00a00193
[D] 010000bc 13 03 00 0a 0 00 0000000a 0a
[R] 00 0a 00000000 00000000
[E] 010000bc 0000000a 0
[F] 010000c0 1fdf1063
[D] 010000c0 63 00 1e 1d 1 0f 000001e0 1d
[R] 1e 1d 00000000 00000000
[E] 010000c0 010002a0 0
[F] 010000c4 fff00093
[D] 010000c4 13 01 00 1f 0 7f ffffffff 1f
[R] 00 1f 00000000 00000000
[E] 010000c4 ffffffff 0
[F] 010000c8 01f0df13
[D] 010000c8 13 1e 01 1f 5 00 0000001f 1f
[R] 01 1f 00000000 00000000
[E] 010000c8 00000000 0
[F] 010000cc 00100e93
[D] 010000cc 13 1d 00 01 0 00 00000001 01
[R] 00 01 00000000 00000000
[E] 010000cc 00000001 0
[F] 010000d0 00b00193
[D] 010000d0 13 03 00 0b 0 00 0000000b 0b
[R] 00 0b 00000000 00000000
[E] 010000d0 0000000b 0
[F] 010000d4 1ddf1663
[D] 010000d4 63 0c 1e 1d 1 0e 000001cc 1d
[R] 1e 1d 00000000 00000000
[E] 010000d4 010002a0 0
[F] 010000d8 212120b7
[D] 010000d8 37 01 00 12 2 10 21212000 12
[R] 00 12 00000000 00000000
[E] 010000d8 21212000 0
[F] 010000dc 12108093
[D] 010000dc 13 01 01 01 0 09 00000121 01
[R] 01 01 00000000 00000000
[E] 010000dc 00000121 0
[F] 010000e0 0000df13
[D] 010000e0 13 1e 01 00 5 00 00000000 00
[R] 01 00 00000000 00000000
[E] 010000e0 00000000 0
[F] 010000e4 21212eb7
[D] 010000e4 37 1d 00 12 2 10 21212000 12
[R] 00 12 00000000 00000000
[E] 010000e4 21212000 0
[F] 010000e8 121e8e93
[D] 010000e8 13 1d 1d 01 0 09 00000121 01
[R] 1d 01 00000000 00000000
[E] 010000e8 00000121 0
[F] 010000ec 00c00193
[D] 010000ec 13 03 00 0c 0 00 0000000c 0c
[R] 00 0c 00000000 00000000
[E] 010000ec 0000000c 0
[F] 010000f0 1bdf1863
[D] 010000f0 63 10 1e 1d 1 0d 000001b0 1d
[R] 1e 1d 00000000 00000000
[E] 010000f0 010002a0 0
[F] 010000f4 212120b7
[D] 010000f4 37 01 00 12 2 10 21212000 12
[R] 00 12 00000000 00000000
[E] 010000f4 21212000 0
[F] 010000f8 12108093
[D] 010000f8 13 01 01 01 0 09 00000121 01
[R] 01 01 00000000 00000000
[E] 010000f8 00000121 0
[F] 010000fc 0010df13
[D] 010000fc 13 1e 01 01 5 00 00000001 01
[R] 01 01 00000000 00000000
[E] 010000fc 00000000 0
[F] 01000100 10909eb7
[D] 01000100 37 1d 00 09 1 08 10909000 09
[R] 00 09 00000000 00000000
[E] 01000100 10909000 0
[F] 01000104 090e8e93
[D] 01000104 13 1d 1d 10 0 04 00000090 10
[R] 1d 10 00000000 00000000
[E] 01000104 00000090 0
[F] 01000108 00d00193
[D] 01000108 13 03 00 0d 0 00 0000000d 0d
[R] 00 0d 00000000 00000000
[E] 01000108 0000000d 0
[F] 0100010c 19df1a63
[D] 0100010c 63 14 1e 1d 1 0c 00000194 1d
[R] 1e 1d 00000000 00000000
[E] 0100010c 010002a0 0
[F] 01000110 212120b7
[D] 01000110 37 01 00 12 2 10 21212000 12
[R] 00 12 00000000 00000000
[E] 01000110 21212000 0
[F] 01000114 12108093
[D] 01000114 13 01 01 01 0 09 00000121 01
[R] 01 01 00000000 00000000
[E] 01000114 00000121 0
[F] 01000118 0070df13
[D] 01000118 13 1e 01 07 5 00 00000007 07
[R] 01 07 00000000 00000000
[E] 01000118 00000000 0
[F] 0100011c 00424eb7
[D] 0100011c 37 1d 00 04 4 00 00424000 04
[R] 00 04 00000000 00000000
[E] 0100011c 00424000 0
[F] 01000120 242e8e93
[D] 01000120 13 1d 1d 02 0 12 00000242 02
[R] 1d 02 00000000 01100000
[E] 01000120 00000242 0
[F] 01000124 00e00193
[D] 01000124 13 03 00 0e 0 00 0000000e 0e
[R] 00 0e 00000000 00000000
[E] 01000124 0000000e 0
[F] 01000128 17df1c63
[D] 01000128 63 18 1e 1d 1 0b 00000178 1d
[R] 1e 1d 00000000 00000000
[E] 01000128 010002a0 0
[F] 0100012c 212120b7
[D] 0100012c 37 01 00 12 2 10 21212000 12
[R] 00 12 00000000 00000000
[E] 0100012c 21212000 0
[F] 01000130 12108093
[D] 01000130 13 01 01 01 0 09 00000121 01
[R] 01 01 00000000 00000000
[E] 01000130 00000121 0
[F] 01000134 00e0df13
[D] 01000134 13 1e 01 0e 5 00 0000000e 0e
[R] 01 0e 00000000 00000000
[E] 01000134 00000000 0
[F] 01000138 00008eb7
[D] 01000138 37 1d 00 00 0 00 00008000 00
[R] 00 00 00000000 00000000
[E] 01000138 00008000 0
[F] 0100013c 484e8e93
[D] 0100013c 13 1d 1d 04 0 24 00000484 04
[R] 1d 04 00000000 00000000
[E] 0100013c 00000484 0
[F] 01000140 00f00193
[D] 01000140 13 03 00 0f 0 00 0000000f 0f
[R] 00 0f 00000000 00000000
[E] 01000140 0000000f 0
[F] 01000144 15df1e63
[D] 01000144 63 1c 1e 1d 1 0a 0000015c 1d
[R] 1e 1d 00000000 00000000
[E] 01000144 010002a0 0
[F] 01000148 212120b7
[D] 01000148 37 01 00 12 2 10 21212000 12
[R] 00 12 00000000 00000000
[E] 01000148 21212000 0
[F] 0100014c 12108093
[D] 0100014c 13 01 01 01 0 09 00000121 01
[R] 01 01 00000000 00000000
[E] 0100014c 00000121 0
[F] 01000150 01f0df13
[D] 01000150 13 1e 01 1f 5 00 0000001f 1f
[R] 01 1f 00000000 00000000
[E] 01000150 00000000 0
[F] 01000154 00000e93
[D] 01000154 13 1d 00 00 0 00 00000000 00
[R] 00 00 00000000 00000000
[E] 01000154 00000000 0
[F] 01000158 01000193
[D] 01000158 13 03 00 10 0 00 00000010 10
[R] 00 10 00000000 00000000
[E] 01000158 00000010 0
[F] 0100015c 15df1263
[D] 0100015c 63 04 1e 1d 1 0a 00000144 1d
[R] 1e 1d 00000000 00000000
[E] 0100015c 010002a0 0
[F] 01000160 800000b7
[D] 01000160 37 01 00 00 0 40 80000000 00
[R] 00 00 00000000 00000000
[E] 01000160 80000000 0
[F] 01000164 0070d093
[D] 01000164 13 01 01 07 5 00 00000007 07
[R] 01 07 00000000 00000000
[E] 01000164 00000000 0
[F] 01000168 01000eb7
[D] 01000168 37 1d 00 10 0 00 01000000 10
[R] 00 10 00000000 00000000
[E] 01000168 01000000 0
[F] 0100016c 01100193
[D] 0100016c 13 03 00 11 0 00 00000011 11
[R] 00 11 00000000 00000000
[E] 0100016c 00000011 0
[F] 01000170 13d09863
[D] 01000170 63 10 01 1d 1 09 00000130 1d
[R] 01 1d 00000000 00000000
[E] 01000170 010002a0 0
[F] 01000174 00000213
[D] 01000174 13 04 00 00 0 00 00000000 00
[R] 00 00 00000000 00000000
[E] 01000174 00000000 0
[F] 01000178 800000b7
[D] 01000178 37 01 00 00 0 40 80000000 00
[R] 00 00 00000000 00000000
[E] 01000178 80000000 0
[F] 0100017c 0070df13
[D] 0100017c 13 1e 01 07 5 00 00000007 07
[R] 01 07 00000000 00000000
[E] 0100017c 00000000 0
[F] 01000180 000f0313
[D] 01000180 13 06 1e 00 0 00 00000000 00
[R] 1e 00 00000000 00000000
[E] 01000180 00000000 0
[F] 01000184 00120213
[D] 01000184 13 04 04 01 0 00 00000001 01
[R] 04 01 00000000 00000000
[E] 01000184 00000001 0
[F] 01000188 00200293
[D] 01000188 13 05 00 02 0 00 00000002 02
[R] 00 02 00000000 01100000
[E] 01000188 00000002 0
[F] 0100018c fe5216e3
[D] 0100018c 63 0d 04 05 1 7f ffffffec 05
[R] 04 05 00000000 00000000
[E] 0100018c 01000178 0
[F] 01000190 01000eb7
[D] 01000190 37 1d 00 10 0 00 01000000 10
[R] 00 10 00000000 00000000
[E] 01000190 01000000 0
[F] 01000194 01200193
[D] 01000194 13 03 00 12 0 00 00000012 12
[R] 00 12 00000000 00000000
[E] 01000194 00000012 0
[F] 01000198 11d31463
[D] 01000198 63 08 06 1d 1 08 00000108 1d
[R] 06 1d 00000000 00000000
[E] 01000198 010002a0 0
[F] 0100019c 00000213
[D] 0100019c 13 04 00 00 0 00 00000000 00
[R] 00 00 00000000 00000000
[E] 0100019c 00000000 0
[F] 010001a0 800000b7
[D] 010001a0 37 01 00 00 0 40 80000000 00
[R] 00 00 00000000 00000000
[E] 010001a0 80000000 0
[F] 010001a4 00e0df13
[D] 010001a4 13 1e 01 0e 5 00 0000000e 0e
[R] 01 0e 00000000 00000000
[E] 010001a4 00000000 0
[F] 010001a8 00000013
[D] 010001a8 13 00 00 00 0 00 00000000 00
[R] 00 00 00000000 00000000
[E] 010001a8 00000000 0
[F] 010001ac 000f0313
[D] 010001ac 13 06 1e 00 0 00 00000000 00
[R] 1e 00 00000000 00000000
[E] 010001ac 00000000 0
[F] 010001b0 00120213
[D] 010001b0 13 04 04 01 0 00 00000001 01
[R] 04 01 00000000 00000000
[E] 010001b0 00000001 0
[F] 010001b4 00200293
[D] 010001b4 13 05 00 02 0 00 00000002 02
[R] 00 02 00000000 01100000
[E] 010001b4 00000002 0
[F] 010001b8 fe5214e3
[D] 010001b8 63 09 04 05 1 7f ffffffe8 05
[R] 04 05 00000000 00000000
[E] 010001b8 010001a0 0
[F] 010001bc 00020eb7
[D] 010001bc 37 1d 00 00 0 00 00020000 00
[R] 00 00 00000000 00000000
[E] 010001bc 00020000 0
[F] 010001c0 01300193
[D] 010001c0 13 03 00 13 0 00 00000013 13
[R] 00 13 00000000 00000000
[E] 010001c0 00000013 0
[F] 010001c4 0dd31e63
[D] 010001c4 63 1c 06 1d 1 06 000000dc 1d
[R] 06 1d 00000000 00000000
[E] 010001c4 010002a0 0
[F] 010001c8 00000213
[D] 010001c8 13 04 00 00 0 00 00000000 00
[R] 00 00 00000000 00000000
[E] 010001c8 00000000 0
[F] 010001cc 800000b7
[D] 010001cc 37 01 00 00 0 40 80000000 00
[R] 00 00 00000000 00000000
[E] 010001cc 80000000 0
[F] 010001d0 00108093
[D] 010001d0 13 01 01 01 0 00 00000001 01
[R] 01 01 00000000 00000000
[E] 010001d0 00000001 0
[F] 010001d4 01f0df13
[D] 010001d4 13 1e 01 1f 5 00 0000001f 1f
[R] 01 1f 00000000 00000000
[E] 010001d4 00000000 0
[F] 010001d8 00000013
[D] 010001d8 13 00 00 00 0 00 00000000 00
[R] 00 00 00000000 00000000
[E] 010001d8 00000000 0
[F] 010001dc 00000013
[D] 010001dc 13 00 00 00 0 00 00000000 00
[R] 00 00 00000000 00000000
[E] 010001dc 00000000 0
[F] 010001e0 000f0313
[D] 010001e0 13 06 1e 00 0 00 00000000 00
[R] 1e 00 00000000 00000000
[E] 010001e0 00000000 0
[F] 010001e4 00120213
[D] 010001e4 13 04 04 01 0 00 00000001 01
[R] 04 01 00000000 00000000
[E] 010001e4 00000001 0
[F] 010001e8 00200293
[D] 010001e8 13 05 00 02 0 00 00000002 02
[R] 00 02 00000000 01100000
[E] 010001e8 00000002 0
[F] 010001ec fe5210e3
[D] 010001ec 63 01 04 05 1 7f ffffffe0 05
[R] 04 05 00000000 00000000
[E] 010001ec 010001cc 0
[F] 010001f0 00100e93
[D] 010001f0 13 1d 00 01 0 00 00000001 01
[R] 00 01 00000000 00000000
[E] 010001f0 00000001 0
[F] 010001f4 01400193
[D] 010001f4 13 03 00 14 0 00 00000014 14
[R] 00 14 00000000 00000000
[E] 010001f4 00000014 0
[F] 010001f8 0bd31463
[D] 010001f8 63 08 06 1d 1 05 000000a8 1d
[R] 06 1d 00000000 00000000
[E] 010001f8 010002a0 0
[F] 010001fc 00000213
[D] 010001fc 13 04 00 00 0 00 00000000 00
[R] 00 00 00000000 00000000
[E] 010001fc 00000000 0
[F] 01000200 800000b7
[D] 01000200 37 01 00 00 0 40 80000000 00
[R] 00 00 00000000 00000000
[E] 01000200 80000000 0
[F] 01000204 0070df13
[D] 01000204 13 1e 01 07 5 00 00000007 07
[R] 01 07 00000000 00000000
[E] 01000204 00000000 0
[F] 01000208 00120213
[D] 01000208 13 04 04 01 0 00 00000001 01
[R] 04 01 00000000 00000000
[E] 01000208 00000001 0
[F] 0100020c 00200293
[D] 0100020c 13 05 00 02 0 00 00000002 02
[R] 00 02 00000000 01100000
[E] 0100020c 00000002 0
[F] 01000210 fe5218e3
[D] 01000210 63 11 04 05 1 7f fffffff0 05
[R] 04 05 00000000 00000000
[E] 01000210 01000200 0
[F] 01000214 01000eb7
[D] 01000214 37 1d 00 10 0 00 01000000 10
[R] 00 10 00000000 00000000
[E] 01000214 01000000 0
[F] 01000218 01500193
[D] 01000218 13 03 00 15 0 00 00000015 15
[R] 00 15 00000000 00000000
[E] 01000218 00000015 0
[F] 0100021c 09df1263
[D] 0100021c 63 04 1e 1d 1 04 00000084 1d
[R] 1e 1d 00000000 00000000
[E] 0100021c 010002a0 0
[F] 01000220 00000213
[D] 01000220 13 04 00 00 0 00 00000000 00
[R] 00 00 00000000 00000000
[E] 01000220 00000000 0
[F] 01000224 800000b7
[D] 01000224 37 01 00 00 0 40 80000000 00
[R] 00 00 00000000 00000000
[E] 01000224 80000000 0
[F] 01000228 00000013
[D] 01000228 13 00 00 00 0 00 00000000 00
[R] 00 00 00000000 00000000
[E] 01000228 00000000 0
[F] 0100022c 00e0df13
[D] 0100022c 13 1e 01 0e 5 00 0000000e 0e
[R] 01 0e 00000000 00000000
[E] 0100022c 00000000 0
[F] 01000230 00120213
[D] 01000230 13 04 04 01 0 00 00000001 01
[R] 04 01 00000000 00000000
[E] 01000230 00000001 0
[F] 01000234 00200293
[D] 01000234 13 05 00 02 0 00 00000002 02
[R] 00 02 00000000 01100000
[E] 01000234 00000002 0
[F] 01000238 fe5216e3
[D] 01000238 63 0d 04 05 1 7f ffffffec 05
[R] 04 05 00000000 00000000
[E] 01000238 01000224 0
[F] 0100023c 00020eb7
[D] 0100023c 37 1d 00 00 0 00 00020000 00
[R] 00 00 00000000 00000000
[E] 0100023c 00020000 0
[F] 01000240 01600193
[D] 01000240 13 03 00 16 0 00 00000016 16
[R] 00 16 00000000 00000000
[E] 01000240 00000016 0
[F] 01000244 05df1e63
[D] 01000244 63 1c 1e 1d 1 02 0000005c 1d
[R] 1e 1d 00000000 00000000
[E] 01000244 010002a0 0
[F] 01000248 00000213
[D] 01000248 13 04 00 00 0 00 00000000 00
[R] 00 00 00000000 00000000
[E] 01000248 00000000 0
[F] 0100024c 800000b7
[D] 0100024c 37 01 00 00 0 40 80000000 00
[R] 00 00 00000000 00000000
[E] 0100024c 80000000 0
[F] 01000250 00108093
[D] 01000250 13 01 01 01 0 00 00000001 01
[R] 01 01 00000000 00000000
[E] 01000250 00000001 0
[F] 01000254 00000013
[D] 01000254 13 00 00 00 0 00 00000000 00
[R] 00 00 00000000 00000000
[E] 01000254 00000000 0
[F] 01000258 00000013
[D] 01000258 13 00 00 00 0 00 00000000 00
[R] 00 00 00000000 00000000
[E] 01000258 00000000 0
[F] 0100025c 01f0df13
[D] 0100025c 13 1e 01 1f 5 00 0000001f 1f
[R] 01 1f 00000000 00000000
[E] 0100025c 00000000 0
[F] 01000260 00120213
[D] 01000260 13 04 04 01 0 00 00000001 01
[R] 04 01 00000000 00000000
[E] 01000260 00000001 0
[F] 01000264 00200293
[D] 01000264 13 05 00 02 0 00 00000002 02
[R] 00 02 00000000 01100000
[E] 01000264 00000002 0
[F] 01000268 fe5212e3
[D] 01000268 63 05 04 05 1 7f ffffffe4 05
[R] 04 05 00000000 00000000
[E] 01000268 0100024c 0
[F] 0100026c 00100e93
[D] 0100026c 13 1d 00 01 0 00 00000001 01
[R] 00 01 00000000 00000000
[E] 0100026c 00000001 0
[F] 01000270 01700193
[D] 01000270 13 03 00 17 0 00 00000017 17
[R] 00 17 00000000 00000000
[E] 01000270 00000017 0
[F] 01000274 03df1663
[D] 01000274 63 0c 1e 1d 1 01 0000002c 1d
[R] 1e 1d 00000000 00000000
[E] 01000274 010002a0 0
[F] 01000278 00405093
[D] 01000278 13 01 00 04 5 00 00000004 04
[R] 00 04 00000000 00000000
[E] 01000278 00000000 0
[F] 0100027c 00000e93
[D] 0100027c 13 1d 00 00 0 00 00000000 00
[R] 00 00 00000000 00000000
[E] 0100027c 00000000 0
[F] 01000280 01800193
[D] 01000280 13 03 00 18 0 00 00000018 18
[R] 00 18 00000000 00000000
[E] 01000280 00000018 0
[F] 01000284 01d09e63
[D] 01000284 63 1c 01 1d 1 00 0000001c 1d
[R] 01 1d 00000000 00000000
[E] 01000284 010002a0 0
[F] 01000288 02100093
[D] 01000288 13 01 00 01 0 01 00000021 01
[R] 00 01 00000000 00000000
[E] 01000288 00000021 0
[F] 0100028c 00a0d013
[D] 0100028c 13 00 01 0a 5 00 0000000a 0a
[R] 01 0a 00000000 00000000
[E] 0100028c 00000000 0
[F] 01000290 00000e93
[D] 01000290 13 1d 00 00 0 00 00000000 00
[R] 00 00 00000000 00000000
[E] 01000290 00000000 0
[F] 01000294 01900193
[D] 01000294 13 03 00 19 0 00 00000019 19
[R] 00 19 00000000 00000000
[E] 01000294 00000019 0
[F] 01000298 01d01463
[D] 01000298 63 08 00 1d 1 00 00000008 1d
[R] 00 1d 00000000 00000000
[E] 01000298 010002a0 0
[F] 0100029c 00301c63
[D] 0100029c 63 18 00 03 1 00 00000018 03
[R] 00 03 00000000 00000000
[E] 0100029c 010002b4 0
[F] 010002a0 0ff0000f
[D] 010002a0 0f 00 00 1f 0 07 00000000 1f
[R] 00 1f 00000000 00000000
[E] 010002a0 00000000 0
[F] 010002a4 00018063
[D] 010002a4 63 00 03 00 0 00 00000000 00
[R] 03 00 00000000 00000000
[E] 010002a4 010002a4 0
[F] 010002a4 00018063
[D] 010002a4 63 00 03 00 0 00 00000000 00
[R] 03 00 00000000 00000000
[E] 010002a4 010002a4 0
[F] 010002a4 00018063
[D] 010002a4 63 00 03 00 0 00 00000000 00
[R] 03 00 00000000 00000000
[E] 010002a4 010002a4 0
[F] 010002a4 00018063
[D] 010002a4 63 00 03 00 0 00 00000000 00
[R] 03 00 00000000 00000000
[E] 010002a4 010002a4 0
[F] 010002a4 00018063
[D] 010002a4 63 00 03 00 0 00 00000000 00
[R] 03 00 00000000 00000000
[E] 010002a4 010002a4 0
[F] 010002a4 00018063
[D] 010002a4 63 00 03 00 0 00 00000000 00
[R] 03 00 00000000 00000000
[E] 010002a4 010002a4 0
[F] 010002a4 00018063
[D] 010002a4 63 00 03 00 0 00 00000000 00
[R] 03 00 00000000 00000000
[E] 010002a4 010002a4 0
[F] 010002a4 00018063
[D] 010002a4 63 00 03 00 0 00 00000000 00
[R] 03 00 00000000 00000000
[E] 010002a4 010002a4 0
[F] 010002a4 00018063
[D] 010002a4 63 00 03 00 0 00 00000000 00
[R] 03 00 00000000 00000000
[E] 010002a4 010002a4 0
[F] 010002a4 00018063
[D] 010002a4 63 00 03 00 0 00 00000000 00
[R] 03 00 00000000 00000000
[E] 010002a4 010002a4 0
[F] 010002a4 00018063
[D] 010002a4 63 00 03 00 0 00 00000000 00
[R] 03 00 00000000 00000000
[E] 010002a4 010002a4 0
[F] 010002a4 00018063
[D] 010002a4 63 00 03 00 0 00 00000000 00
[R] 03 00 00000000 00000000
[E] 010002a4 010002a4 0
[F] 010002a4 00018063
[D] 010002a4 63 00 03 00 0 00 00000000 00
[R] 03 00 00000000 00000000
[E] 010002a4 010002a4 0
[F] 010002a4 00018063
[D] 010002a4 63 00 03 00 0 00 00000000 00
[R] 03 00 00000000 00000000
[E] 010002a4 010002a4 0
[F] 010002a4 00018063
[D] 010002a4 63 00 03 00 0 00 00000000 00
[R] 03 00 00000000 00000000
[E] 010002a4 010002a4 0
[F] 010002a4 00018063
[D] 010002a4 63 00 03 00 0 00 00000000 00
[R] 03 00 00000000 00000000
[E] 010002a4 010002a4 0
[F] 010002a4 00018063
[D] 010002a4 63 00 03 00 0 00 00000000 00
[R] 03 00 00000000 00000000
[E] 010002a4 010002a4 0
[F] 010002a4 00018063
[D] 010002a4 63 00 03 00 0 00 00000000 00
[R] 03 00 00000000 00000000
[E] 010002a4 010002a4 0
[F] 010002a4 00018063
[D] 010002a4 63 00 03 00 0 00 00000000 00
[R] 03 00 00000000 00000000
[E] 010002a4 010002a4 0
[F] 010002a4 00018063
[D] 010002a4 63 00 03 00 0 00 00000000 00
[R] 03 00 00000000 00000000
[E] 010002a4 010002a4 0
[F] 010002a4 00018063
[D] 010002a4 63 00 03 00 0 00 00000000 00
[R] 03 00 00000000 00000000
[E] 010002a4 010002a4 0
[F] 010002a4 00018063
[D] 010002a4 63 00 03 00 0 00 00000000 00
[R] 03 00 00000000 00000000
[E] 010002a4 010002a4 0
[F] 010002a4 00018063
[D] 010002a4 63 00 03 00 0 00 00000000 00
[R] 03 00 00000000 00000000
[E] 010002a4 010002a4 0
[F] 010002a4 00018063
[D] 010002a4 63 00 03 00 0 00 00000000 00
[R] 03 00 00000000 00000000
[E] 010002a4 010002a4 0
[F] 010002a4 00018063
[D] 010002a4 63 00 03 00 0 00 00000000 00
[R] 03 00 00000000 00000000
[E] 010002a4 010002a4 0
[F] 010002a4 00018063
[D] 010002a4 63 00 03 00 0 00 00000000 00
[R] 03 00 00000000 00000000
[E] 010002a4 010002a4 0
[F] 010002a4 00018063
[D] 010002a4 63 00 03 00 0 00 00000000 00
[R] 03 00 00000000 00000000
[E] 010002a4 010002a4 0
[F] 010002a4 00018063
[D] 010002a4 63 00 03 00 0 00 00000000 00
[R] 03 00 00000000 00000000
[E] 010002a4 010002a4 0
[F] 010002a4 00018063
[D] 010002a4 63 00 03 00 0 00 00000000 00
[R] 03 00 00000000 00000000
[E] 010002a4 010002a4 0
[F] 010002a4 00018063
[D] 010002a4 63 00 03 00 0 00 00000000 00
[R] 03 00 00000000 00000000
[E] 010002a4 010002a4 0
[F] 010002a4 00018063
[D] 010002a4 63 00 03 00 0 00 00000000 00
[R] 03 00 00000000 00000000
[E] 010002a4 010002a4 0
[F] 010002a4 00018063
[D] 010002a4 63 00 03 00 0 00 00000000 00
[R] 03 00 00000000 00000000
[E] 010002a4 010002a4 0
[F] 010002a4 00018063
[D] 010002a4 63 00 03 00 0 00 00000000 00
[R] 03 00 00000000 00000000
[E] 010002a4 010002a4 0
[F] 010002a4 00018063
[D] 010002a4 63 00 03 00 0 00 00000000 00
[R] 03 00 00000000 00000000
[E] 010002a4 010002a4 0
[F] 010002a4 00018063
[D] 010002a4 63 00 03 00 0 00 00000000 00
[R] 03 00 00000000 00000000
[E] 010002a4 010002a4 0
[F] 010002a4 00018063
[D] 010002a4 63 00 03 00 0 00 00000000 00
[R] 03 00 00000000 00000000
[E] 010002a4 010002a4 0
[F] 010002a4 00018063
[D] 010002a4 63 00 03 00 0 00 00000000 00
[R] 03 00 00000000 00000000
[E] 010002a4 010002a4 0
[F] 010002a4 00018063
[D] 010002a4 63 00 03 00 0 00 00000000 00
[R] 03 00 00000000 00000000
[E] 010002a4 010002a4 0
[F] 010002a4 00018063
[D] 010002a4 63 00 03 00 0 00 00000000 00
[R] 03 00 00000000 00000000
[E] 010002a4 010002a4 0
[F] 010002a4 00018063
[D] 010002a4 63 00 03 00 0 00 00000000 00
[R] 03 00 00000000 00000000
[E] 010002a4 010002a4 0
[F] 010002a4 00018063
[D] 010002a4 63 00 03 00 0 00 00000000 00
[R] 03 00 00000000 00000000
[E] 010002a4 010002a4 0
[F] 010002a4 00018063
[D] 010002a4 63 00 03 00 0 00 00000000 00
[R] 03 00 00000000 00000000
[E] 010002a4 010002a4 0
[F] 010002a4 00018063
[D] 010002a4 63 00 03 00 0 00 00000000 00
[R] 03 00 00000000 00000000
[E] 010002a4 010002a4 0
[F] 010002a4 00018063
[D] 010002a4 63 00 03 00 0 00 00000000 00
[R] 03 00 00000000 00000000
[E] 010002a4 010002a4 0
[F] 010002a4 00018063
[D] 010002a4 63 00 03 00 0 00 00000000 00
[R] 03 00 00000000 00000000
[E] 010002a4 010002a4 0
[F] 010002a4 00018063
[D] 010002a4 63 00 03 00 0 00 00000000 00
[R] 03 00 00000000 00000000
[E] 010002a4 010002a4 0
[F] 010002a4 00018063
[D] 010002a4 63 00 03 00 0 00 00000000 00
[R] 03 00 00000000 00000000
[E] 010002a4 010002a4 0
[F] 010002a4 00018063
[D] 010002a4 63 00 03 00 0 00 00000000 00
[R] 03 00 00000000 00000000
[E] 010002a4 010002a4 0
[F] 010002a4 00018063
[D] 010002a4 63 00 03 00 0 00 00000000 00
[R] 03 00 00000000 00000000
[E] 010002a4 010002a4 0
[F] 010002a4 00018063
[D] 010002a4 63 00 03 00 0 00 00000000 00
[R] 03 00 00000000 00000000
[E] 010002a4 010002a4 0
[F] 010002a4 00018063
[D] 010002a4 63 00 03 00 0 00 00000000 00
[R] 03 00 00000000 00000000
[E] 010002a4 010002a4 0
[F] 010002a4 00018063
[D] 010002a4 63 00 03 00 0 00 00000000 00
[R] 03 00 00000000 00000000
[E] 010002a4 010002a4 0
[F] 010002a4 00018063
[D] 010002a4 63 00 03 00 0 00 00000000 00
[R] 03 00 00000000 00000000
[E] 010002a4 010002a4 0
[F] 010002a4 00018063
[D] 010002a4 63 00 03 00 0 00 00000000 00
[R] 03 00 00000000 00000000
[E] 010002a4 010002a4 0
[F] 010002a4 00018063
[D] 010002a4 63 00 03 00 0 00 00000000 00
[R] 03 00 00000000 00000000
[E] 010002a4 010002a4 0
[F] 010002a4 00018063
[D] 010002a4 63 00 03 00 0 00 00000000 00
[R] 03 00 00000000 00000000
[E] 010002a4 010002a4 0
[F] 010002a4 00018063
[D] 010002a4 63 00 03 00 0 00 00000000 00
[R] 03 00 00000000 00000000
[E] 010002a4 010002a4 0
[F] 010002a4 00018063
[D] 010002a4 63 00 03 00 0 00 00000000 00
[R] 03 00 00000000 00000000
[E] 010002a4 010002a4 0
[F] 010002a4 00018063
[D] 010002a4 63 00 03 00 0 00 00000000 00
[R] 03 00 00000000 00000000
[E] 010002a4 010002a4 0
[F] 010002a4 00018063
[D] 010002a4 63 00 03 00 0 00 00000000 00
[R] 03 00 00000000 00000000
[E] 010002a4 010002a4 0
[F] 010002a4 00018063
[D] 010002a4 63 00 03 00 0 00 00000000 00
[R] 03 00 00000000 00000000
[E] 010002a4 010002a4 0
[F] 010002a4 00018063
[D] 010002a4 63 00 03 00 0 00 00000000 00
[R] 03 00 00000000 00000000
[E] 010002a4 010002a4 0
[F] 010002a4 00018063
[D] 010002a4 63 00 03 00 0 00 00000000 00
[R] 03 00 00000000 00000000
[E] 010002a4 010002a4 0
[F] 010002a4 00018063
[D] 010002a4 63 00 03 00 0 00 00000000 00
[R] 03 00 00000000 00000000
[E] 010002a4 010002a4 0
[F] 010002a4 00018063
[D] 010002a4 63 00 03 00 0 00 00000000 00
[R] 03 00 00000000 00000000
[E] 010002a4 010002a4 0
[F] 010002a4 00018063
[D] 010002a4 63 00 03 00 0 00 00000000 00
[R] 03 00 00000000 00000000
[E] 010002a4 010002a4 0
[F] 010002a4 00018063
[D] 010002a4 63 00 03 00 0 00 00000000 00
[R] 03 00 00000000 00000000
[E] 010002a4 010002a4 0
[F] 010002a4 00018063
[D] 010002a4 63 00 03 00 0 00 00000000 00
[R] 03 00 00000000 00000000
[E] 010002a4 010002a4 0
[F] 010002a4 00018063
[D] 010002a4 63 00 03 00 0 00 00000000 00
[R] 03 00 00000000 00000000
[E] 010002a4 010002a4 0
[F] 010002a4 00018063
[D] 010002a4 63 00 03 00 0 00 00000000 00
[R] 03 00 00000000 00000000
[E] 010002a4 010002a4 0
[F] 010002a4 00018063
[D] 010002a4 63 00 03 00 0 00 00000000 00
[R] 03 00 00000000 00000000
[E] 010002a4 010002a4 0
[F] 010002a4 00018063
[D] 010002a4 63 00 03 00 0 00 00000000 00
[R] 03 00 00000000 00000000
[E] 010002a4 010002a4 0
[F] 010002a4 00018063
[D] 010002a4 63 00 03 00 0 00 00000000 00
[R] 03 00 00000000 00000000
[E] 010002a4 010002a4 0
[F] 010002a4 00018063
[D] 010002a4 63 00 03 00 0 00 00000000 00
[R] 03 00 00000000 00000000
[E] 010002a4 010002a4 0
[F] 010002a4 00018063
[D] 010002a4 63 00 03 00 0 00 00000000 00
[R] 03 00 00000000 00000000
[E] 010002a4 010002a4 0
[F] 010002a4 00018063
[D] 010002a4 63 00 03 00 0 00 00000000 00
[R] 03 00 00000000 00000000
[E] 010002a4 010002a4 0
[F] 010002a4 00018063
[D] 010002a4 63 00 03 00 0 00 00000000 00
[R] 03 00 00000000 00000000
[E] 010002a4 010002a4 0
[F] 010002a4 00018063
[D] 010002a4 63 00 03 00 0 00 00000000 00
[R] 03 00 00000000 00000000
[E] 010002a4 010002a4 0
[F] 010002a4 00018063
[D] 010002a4 63 00 03 00 0 00 00000000 00
[R] 03 00 00000000 00000000
[E] 010002a4 010002a4 0
[F] 010002a4 00018063
[D] 010002a4 63 00 03 00 0 00 00000000 00
[R] 03 00 00000000 00000000
[E] 010002a4 010002a4 0
[F] 010002a4 00018063
[D] 010002a4 63 00 03 00 0 00 00000000 00
[R] 03 00 00000000 00000000
[E] 010002a4 010002a4 0
[F] 010002a4 00018063
[D] 010002a4 63 00 03 00 0 00 00000000 00
[R] 03 00 00000000 00000000
[E] 010002a4 010002a4 0
[F] 010002a4 00018063
[D] 010002a4 63 00 03 00 0 00 00000000 00
[R] 03 00 00000000 00000000
[E] 010002a4 010002a4 0
[F] 010002a4 00018063
[D] 010002a4 63 00 03 00 0 00 00000000 00
[R] 03 00 00000000 00000000
[E] 010002a4 010002a4 0
[F] 010002a4 00018063
[D] 010002a4 63 00 03 00 0 00 00000000 00
[R] 03 00 00000000 00000000
[E] 010002a4 010002a4 0
[F] 010002a4 00018063
[D] 010002a4 63 00 03 00 0 00 00000000 00
[R] 03 00 00000000 00000000
[E] 010002a4 010002a4 0
[F] 010002a4 00018063
[D] 010002a4 63 00 03 00 0 00 00000000 00
[R] 03 00 00000000 00000000
[E] 010002a4 010002a4 0
[F] 010002a4 00018063
[D] 010002a4 63 00 03 00 0 00 00000000 00
[R] 03 00 00000000 00000000
[E] 010002a4 010002a4 0
[F] 010002a4 00018063
[D] 010002a4 63 00 03 00 0 00 00000000 00
[R] 03 00 00000000 00000000
[E] 010002a4 010002a4 0
[F] 010002a4 00018063
[D] 010002a4 63 00 03 00 0 00 00000000 00
[R] 03 00 00000000 00000000
[E] 010002a4 010002a4 0
[F] 010002a4 00018063
[D] 010002a4 63 00 03 00 0 00 00000000 00
[R] 03 00 00000000 00000000
[E] 010002a4 010002a4 0
[F] 010002a4 00018063
[D] 010002a4 63 00 03 00 0 00 00000000 00
[R] 03 00 00000000 00000000
[E] 010002a4 010002a4 0
[F] 010002a4 00018063
[D] 010002a4 63 00 03 00 0 00 00000000 00
[R] 03 00 00000000 00000000
[E] 010002a4 010002a4 0
[F] 010002a4 00018063
[D] 010002a4 63 00 03 00 0 00 00000000 00
[R] 03 00 00000000 00000000
[E] 010002a4 010002a4 0
[F] 010002a4 00018063
[D] 010002a4 63 00 03 00 0 00 00000000 00
[R] 03 00 00000000 00000000
[E] 010002a4 010002a4 0
[F] 010002a4 00018063
[D] 010002a4 63 00 03 00 0 00 00000000 00
[R] 03 00 00000000 00000000
[E] 010002a4 010002a4 0
[F] 010002a4 00018063
[D] 010002a4 63 00 03 00 0 00 00000000 00
[R] 03 00 00000000 00000000
[E] 010002a4 010002a4 0
[F] 010002a4 00018063
[D] 010002a4 63 00 03 00 0 00 00000000 00
[R] 03 00 00000000 00000000
[E] 010002a4 010002a4 0
[F] 010002a4 00018063
[D] 010002a4 63 00 03 00 0 00 00000000 00
[R] 03 00 00000000 00000000
[E] 010002a4 010002a4 0
[F] 010002a4 00018063
[D] 010002a4 63 00 03 00 0 00 00000000 00
[R] 03 00 00000000 00000000
[E] 010002a4 010002a4 0
[F] 010002a4 00018063
[D] 010002a4 63 00 03 00 0 00 00000000 00
[R] 03 00 00000000 00000000
[E] 010002a4 010002a4 0
[F] 010002a4 00018063
[D] 010002a4 63 00 03 00 0 00 00000000 00
[R] 03 00 00000000 00000000
[E] 010002a4 010002a4 0
[F] 010002a4 00018063
[D] 010002a4 63 00 03 00 0 00 00000000 00
[R] 03 00 00000000 00000000
[E] 010002a4 010002a4 0
[F] 010002a4 00018063
[D] 010002a4 63 00 03 00 0 00 00000000 00
[R] 03 00 00000000 00000000
[E] 010002a4 010002a4 0
[F] 010002a4 00018063
[D] 010002a4 63 00 03 00 0 00 00000000 00
[R] 03 00 00000000 00000000
[E] 010002a4 010002a4 0
[F] 010002a4 00018063
[D] 010002a4 63 00 03 00 0 00 00000000 00
[R] 03 00 00000000 00000000
[E] 010002a4 010002a4 0
[F] 010002a4 00018063
[D] 010002a4 63 00 03 00 0 00 00000000 00
[R] 03 00 00000000 00000000
[E] 010002a4 010002a4 0
[F] 010002a4 00018063
[D] 010002a4 63 00 03 00 0 00 00000000 00
[R] 03 00 00000000 00000000
[E] 010002a4 010002a4 0
[F] 010002a4 00018063
[D] 010002a4 63 00 03 00 0 00 00000000 00
[R] 03 00 00000000 00000000
[E] 010002a4 010002a4 0
[F] 010002a4 00018063
[D] 010002a4 63 00 03 00 0 00 00000000 00
[R] 03 00 00000000 00000000
[E] 010002a4 010002a4 0
[F] 010002a4 00018063
[D] 010002a4 63 00 03 00 0 00 00000000 00
[R] 03 00 00000000 00000000
[E] 010002a4 010002a4 0
[F] 010002a4 00018063
[D] 010002a4 63 00 03 00 0 00 00000000 00
[R] 03 00 00000000 00000000
[E] 010002a4 010002a4 0
[F] 010002a4 00018063
[D] 010002a4 63 00 03 00 0 00 00000000 00
[R] 03 00 00000000 00000000
[E] 010002a4 010002a4 0
[F] 010002a4 00018063
[D] 010002a4 63 00 03 00 0 00 00000000 00
[R] 03 00 00000000 00000000
[E] 010002a4 010002a4 0
[F] 010002a4 00018063
[D] 010002a4 63 00 03 00 0 00 00000000 00
[R] 03 00 00000000 00000000
[E] 010002a4 010002a4 0
[F] 010002a4 00018063
[D] 010002a4 63 00 03 00 0 00 00000000 00
[R] 03 00 00000000 00000000
[E] 010002a4 010002a4 0
[F] 010002a4 00018063
[D] 010002a4 63 00 03 00 0 00 00000000 00
[R] 03 00 00000000 00000000
[E] 010002a4 010002a4 0
[F] 010002a4 00018063
[D] 010002a4 63 00 03 00 0 00 00000000 00
[R] 03 00 00000000 00000000
[E] 010002a4 010002a4 0
[F] 010002a4 00018063
[D] 010002a4 63 00 03 00 0 00 00000000 00
[R] 03 00 00000000 00000000
[E] 010002a4 010002a4 0
[F] 010002a4 00018063
[D] 010002a4 63 00 03 00 0 00 00000000 00
[R] 03 00 00000000 00000000
[E] 010002a4 010002a4 0
[F] 010002a4 00018063
[D] 010002a4 63 00 03 00 0 00 00000000 00
[R] 03 00 00000000 00000000
[E] 010002a4 010002a4 0
[F] 010002a4 00018063
[D] 010002a4 63 00 03 00 0 00 00000000 00
[R] 03 00 00000000 00000000
[E] 010002a4 010002a4 0
[F] 010002a4 00018063
[D] 010002a4 63 00 03 00 0 00 00000000 00
[R] 03 00 00000000 00000000
[E] 010002a4 010002a4 0
[F] 010002a4 00018063
[D] 010002a4 63 00 03 00 0 00 00000000 00
[R] 03 00 00000000 00000000
[E] 010002a4 010002a4 0
[F] 010002a4 00018063
[D] 010002a4 63 00 03 00 0 00 00000000 00
[R] 03 00 00000000 00000000
[E] 010002a4 010002a4 0
[F] 010002a4 00018063
[D] 010002a4 63 00 03 00 0 00 00000000 00
[R] 03 00 00000000 00000000
[E] 010002a4 010002a4 0
[F] 010002a4 00018063
[D] 010002a4 63 00 03 00 0 00 00000000 00
[R] 03 00 00000000 00000000
[E] 010002a4 010002a4 0
[F] 010002a4 00018063
[D] 010002a4 63 00 03 00 0 00 00000000 00
[R] 03 00 00000000 00000000
[E] 010002a4 010002a4 0
[F] 010002a4 00018063
[D] 010002a4 63 00 03 00 0 00 00000000 00
[R] 03 00 00000000 00000000
[E] 010002a4 010002a4 0
[F] 010002a4 00018063
[D] 010002a4 63 00 03 00 0 00 00000000 00
[R] 03 00 00000000 00000000
[E] 010002a4 010002a4 0
[F] 010002a4 00018063
[D] 010002a4 63 00 03 00 0 00 00000000 00
[R] 03 00 00000000 00000000
[E] 010002a4 010002a4 0
[F] 010002a4 00018063
[D] 010002a4 63 00 03 00 0 00 00000000 00
[R] 03 00 00000000 00000000
[E] 010002a4 010002a4 0
[F] 010002a4 00018063
[D] 010002a4 63 00 03 00 0 00 00000000 00
[R] 03 00 00000000 00000000
[E] 010002a4 010002a4 0
[F] 010002a4 00018063
[D] 010002a4 63 00 03 00 0 00 00000000 00
[R] 03 00 00000000 00000000
[E] 010002a4 010002a4 0
[F] 010002a4 00018063
[D] 010002a4 63 00 03 00 0 00 00000000 00
[R] 03 00 00000000 00000000
[E] 010002a4 010002a4 0
[F] 010002a4 00018063
[D] 010002a4 63 00 03 00 0 00 00000000 00
[R] 03 00 00000000 00000000
[E] 010002a4 010002a4 0
[F] 010002a4 00018063
[D] 010002a4 63 00 03 00 0 00 00000000 00
[R] 03 00 00000000 00000000
[E] 010002a4 010002a4 0
[F] 010002a4 00018063
[D] 010002a4 63 00 03 00 0 00 00000000 00
[R] 03 00 00000000 00000000
[E] 010002a4 010002a4 0
[F] 010002a4 00018063
[D] 010002a4 63 00 03 00 0 00 00000000 00
[R] 03 00 00000000 00000000
[E] 010002a4 010002a4 0
[F] 010002a4 00018063
[D] 010002a4 63 00 03 00 0 00 00000000 00
[R] 03 00 00000000 00000000
[E] 010002a4 010002a4 0
[F] 010002a4 00018063
[D] 010002a4 63 00 03 00 0 00 00000000 00
[R] 03 00 00000000 00000000
[E] 010002a4 010002a4 0
[F] 010002a4 00018063
[D] 010002a4 63 00 03 00 0 00 00000000 00
[R] 03 00 00000000 00000000
[E] 010002a4 010002a4 0
[F] 010002a4 00018063
[D] 010002a4 63 00 03 00 0 00 00000000 00
[R] 03 00 00000000 00000000
[E] 010002a4 010002a4 0
[F] 010002a4 00018063
[D] 010002a4 63 00 03 00 0 00 00000000 00
[R] 03 00 00000000 00000000
[E] 010002a4 010002a4 0
[F] 010002a4 00018063
[D] 010002a4 63 00 03 00 0 00 00000000 00
[R] 03 00 00000000 00000000
[E] 010002a4 010002a4 0
[F] 010002a4 00018063
[D] 010002a4 63 00 03 00 0 00 00000000 00
[R] 03 00 00000000 00000000
[E] 010002a4 010002a4 0
[F] 010002a4 00018063
[D] 010002a4 63 00 03 00 0 00 00000000 00
[R] 03 00 00000000 00000000
[E] 010002a4 010002a4 0
[F] 010002a4 00018063
[D] 010002a4 63 00 03 00 0 00 00000000 00
[R] 03 00 00000000 00000000
[E] 010002a4 010002a4 0
[F] 010002a4 00018063
[D] 010002a4 63 00 03 00 0 00 00000000 00
[R] 03 00 00000000 00000000
[E] 010002a4 010002a4 0
[F] 010002a4 00018063
[D] 010002a4 63 00 03 00 0 00 00000000 00
[R] 03 00 00000000 00000000
[E] 010002a4 010002a4 0
[F] 010002a4 00018063
[D] 010002a4 63 00 03 00 0 00 00000000 00
[R] 03 00 00000000 00000000
[E] 010002a4 010002a4 0
[F] 010002a4 00018063
[D] 010002a4 63 00 03 00 0 00 00000000 00
[R] 03 00 00000000 00000000
[E] 010002a4 010002a4 0
[F] 010002a4 00018063
[D] 010002a4 63 00 03 00 0 00 00000000 00
[R] 03 00 00000000 00000000
[E] 010002a4 010002a4 0
[F] 010002a4 00018063
[D] 010002a4 63 00 03 00 0 00 00000000 00
[R] 03 00 00000000 00000000
[E] 010002a4 010002a4 0
[F] 010002a4 00018063
[D] 010002a4 63 00 03 00 0 00 00000000 00
[R] 03 00 00000000 00000000
[E] 010002a4 010002a4 0
[F] 010002a4 00018063
[D] 010002a4 63 00 03 00 0 00 00000000 00
[R] 03 00 00000000 00000000
[E] 010002a4 010002a4 0
[F] 010002a4 00018063
[D] 010002a4 63 00 03 00 0 00 00000000 00
[R] 03 00 00000000 00000000
[E] 010002a4 010002a4 0
[F] 010002a4 00018063
[D] 010002a4 63 00 03 00 0 00 00000000 00
[R] 03 00 00000000 00000000
[E] 010002a4 010002a4 0
[F] 010002a4 00018063
[D] 010002a4 63 00 03 00 0 00 00000000 00
[R] 03 00 00000000 00000000
[E] 010002a4 010002a4 0
[F] 010002a4 00018063
[D] 010002a4 63 00 03 00 0 00 00000000 00
[R] 03 00 00000000 00000000
[E] 010002a4 010002a4 0
[F] 010002a4 00018063
[D] 010002a4 63 00 03 00 0 00 00000000 00
[R] 03 00 00000000 00000000
[E] 010002a4 010002a4 0
[F] 010002a4 00018063
[D] 010002a4 63 00 03 00 0 00 00000000 00
[R] 03 00 00000000 00000000
[E] 010002a4 010002a4 0
[F] 010002a4 00018063
[D] 010002a4 63 00 03 00 0 00 00000000 00
[R] 03 00 00000000 00000000
[E] 010002a4 010002a4 0
[F] 010002a4 00018063
[D] 010002a4 63 00 03 00 0 00 00000000 00
[R] 03 00 00000000 00000000
[E] 010002a4 010002a4 0
[F] 010002a4 00018063
[D] 010002a4 63 00 03 00 0 00 00000000 00
[R] 03 00 00000000 00000000
[E] 010002a4 010002a4 0
[F] 010002a4 00018063
[D] 010002a4 63 00 03 00 0 00 00000000 00
[R] 03 00 00000000 00000000
[E] 010002a4 010002a4 0
[F] 010002a4 00018063
[D] 010002a4 63 00 03 00 0 00 00000000 00
[R] 03 00 00000000 00000000
[E] 010002a4 010002a4 0
[F] 010002a4 00018063
[D] 010002a4 63 00 03 00 0 00 00000000 00
[R] 03 00 00000000 00000000
[E] 010002a4 010002a4 0
[F] 010002a4 00018063
[D] 010002a4 63 00 03 00 0 00 00000000 00
[R] 03 00 00000000 00000000
[E] 010002a4 010002a4 0
[F] 010002a4 00018063
[D] 010002a4 63 00 03 00 0 00 00000000 00
[R] 03 00 00000000 00000000
[E] 010002a4 010002a4 0
[F] 010002a4 00018063
[D] 010002a4 63 00 03 00 0 00 00000000 00
[R] 03 00 00000000 00000000
[E] 010002a4 010002a4 0
[F] 010002a4 00018063
[D] 010002a4 63 00 03 00 0 00 00000000 00
[R] 03 00 00000000 00000000
[E] 010002a4 010002a4 0
[F] 010002a4 00018063
[D] 010002a4 63 00 03 00 0 00 00000000 00
[R] 03 00 00000000 00000000
[E] 010002a4 010002a4 0
[F] 010002a4 00018063
[D] 010002a4 63 00 03 00 0 00 00000000 00
[R] 03 00 00000000 00000000
[E] 010002a4 010002a4 0
[F] 010002a4 00018063
[D] 010002a4 63 00 03 00 0 00 00000000 00
[R] 03 00 00000000 00000000
[E] 010002a4 010002a4 0
[F] 010002a4 00018063
[D] 010002a4 63 00 03 00 0 00 00000000 00
[R] 03 00 00000000 00000000
[E] 010002a4 010002a4 0
[F] 010002a4 00018063
[D] 010002a4 63 00 03 00 0 00 00000000 00
[R] 03 00 00000000 00000000
[E] 010002a4 010002a4 0
[F] 010002a4 00018063
[D] 010002a4 63 00 03 00 0 00 00000000 00
[R] 03 00 00000000 00000000
[E] 010002a4 010002a4 0
[F] 010002a4 00018063
[D] 010002a4 63 00 03 00 0 00 00000000 00
[R] 03 00 00000000 00000000
[E] 010002a4 010002a4 0
[F] 010002a4 00018063
[D] 010002a4 63 00 03 00 0 00 00000000 00
[R] 03 00 00000000 00000000
[E] 010002a4 010002a4 0
[F] 010002a4 00018063
[D] 010002a4 63 00 03 00 0 00 00000000 00
[R] 03 00 00000000 00000000
[E] 010002a4 010002a4 0
[F] 010002a4 00018063
[D] 010002a4 63 00 03 00 0 00 00000000 00
[R] 03 00 00000000 00000000
[E] 010002a4 010002a4 0
[F] 010002a4 00018063
[D] 010002a4 63 00 03 00 0 00 00000000 00
[R] 03 00 00000000 00000000
[E] 010002a4 010002a4 0
[F] 010002a4 00018063
[D] 010002a4 63 00 03 00 0 00 00000000 00
[R] 03 00 00000000 00000000
[E] 010002a4 010002a4 0
[F] 010002a4 00018063
[D] 010002a4 63 00 03 00 0 00 00000000 00
[R] 03 00 00000000 00000000
[E] 010002a4 010002a4 0
[F] 010002a4 00018063
[D] 010002a4 63 00 03 00 0 00 00000000 00
[R] 03 00 00000000 00000000
[E] 010002a4 010002a4 0
[F] 010002a4 00018063
[D] 010002a4 63 00 03 00 0 00 00000000 00
[R] 03 00 00000000 00000000
[E] 010002a4 010002a4 0
[F] 010002a4 00018063
[D] 010002a4 63 00 03 00 0 00 00000000 00
[R] 03 00 00000000 00000000
[E] 010002a4 010002a4 0
[F] 010002a4 00018063
[D] 010002a4 63 00 03 00 0 00 00000000 00
[R] 03 00 00000000 00000000
[E] 010002a4 010002a4 0
[F] 010002a4 00018063
[D] 010002a4 63 00 03 00 0 00 00000000 00
[R] 03 00 00000000 00000000
[E] 010002a4 010002a4 0
[F] 010002a4 00018063
[D] 010002a4 63 00 03 00 0 00 00000000 00
[R] 03 00 00000000 00000000
[E] 010002a4 010002a4 0
[F] 010002a4 00018063
[D] 010002a4 63 00 03 00 0 00 00000000 00
[R] 03 00 00000000 00000000
[E] 010002a4 010002a4 0
[F] 010002a4 00018063
[D] 010002a4 63 00 03 00 0 00 00000000 00
[R] 03 00 00000000 00000000
[E] 010002a4 010002a4 0
[F] 010002a4 00018063
[D] 010002a4 63 00 03 00 0 00 00000000 00
