[F] 01000000 00ff10b7
[D] 01000000 37 01 00 0f 1 00 00ff1000 0f
[R] 00 0f 00000000 00000000
[E] 01000000 00ff1000 0
[M] 01000000 00ff1000 0 1 00000000
[W] 01000000 1 01 00ff1000
[F] 01000004 f0008093
[D] 01000004 13 01 01 00 0 78 ffffff00 00
[R] 01 00 00ff1000 00000000
[E] 01000004 00ff0f00 0
[M] 01000004 00ff0f00 0 0 00000000
[W] 01000004 1 01 00ff0f00
[F] 01000008 f0f0cf13
[D] 01000008 13 1e 01 0f 4 78 ffffff0f 0f
[R] 01 0f 00ff0f00 00000000
[E] 01000008 ff00f00f 0
[M] 01000008 ff00f00f 0 0 00000000
[W] 01000008 1 1e ff00f00f
[F] 0100000c ff00feb7
[D] 0100000c 37 1d 00 10 7 7f ff00f000 10
[R] 00 10 00000000 00000000
[E] 0100000c ff00f000 0
[M] 0100000c ff00f000 0 3 00000000
[W] 0100000c 1 1d ff00f000
[F] 01000010 00fe8e93
[D] 01000010 13 1d 1d 0f 0 00 0000000f 0f
[R] 1d 0f ff00f000 00000000
[E] 01000010 ff00f00f 0
[M] 01000010 ff00f00f 0 0 00000000
[W] 01000010 1 1d ff00f00f
[F] 01000014 00200193
[D] 01000014 13 03 00 02 0 00 00000002 02
[R] 00 02 00000000 01100000
[E] 01000014 00000002 0
[M] 01000014 00000002 0 0 01100000
[W] 01000014 1 03 00000002
[F] 01000018 1ddf1663
[D] 01000018 63 0c 1e 1d 1 0e 000001cc 1d
[R] 1e 1d ff00f00f ff00f00f
[E] 01000018 010001e4 0
[M] 01000018 010001e4 0 1 ff00f00f
[W] 01000018 0 0c 010001e4
[F] 0100001c 0ff010b7
[D] 0100001c 37 01 00 1f 1 07 0ff01000 1f
[R] 00 1f 00000000 00000000
[E] 0100001c 0ff01000 0
[M] 0100001c 0ff01000 0 1 00000000
[W] 0100001c 1 01 0ff01000
[F] 01000020 ff008093
[D] 01000020 13 01 01 10 0 7f fffffff0 10
[R] 01 10 0ff01000 00000000
[E] 01000020 0ff00ff0 0
[M] 01000020 0ff00ff0 0 0 00000000
[W] 01000020 1 01 0ff00ff0
[F] 01000024 0f00cf13
[D] 01000024 13 1e 01 10 4 07 000000f0 10
[R] 01 10 0ff00ff0 00000000
[E] 01000024 0ff00f00 0
[M] 01000024 0ff00f00 0 0 00000000
[W] 01000024 1 1e 0ff00f00
[F] 01000028 0ff01eb7
[D] 01000028 37 1d 00 1f 1 07 0ff01000 1f
[R] 00 1f 00000000 00000000
[E] 01000028 0ff01000 0
[M] 01000028 0ff01000 0 1 00000000
[W] 01000028 1 1d 0ff01000
[F] 0100002c f00e8e93
[D] 0100002c 13 1d 1d 00 0 78 ffffff00 00
[R] 1d 00 0ff01000 00000000
[E] 0100002c 0ff00f00 0
[M] 0100002c 0ff00f00 0 0 00000000
[W] 0100002c 1 1d 0ff00f00
[F] 01000030 00300193
[D] 01000030 13 03 00 03 0 00 00000003 03
[R] 00 03 00000000 00000002
[E] 01000030 00000003 0
[M] 01000030 00000003 0 0 00000002
[W] 01000030 1 03 00000003
[F] 01000034 1bdf1863
[D] 01000034 63 10 1e 1d 1 0d 000001b0 1d
[R] 1e 1d 0ff00f00 0ff00f00
[E] 01000034 010001e4 0
[M] 01000034 010001e4 0 1 0ff00f00
[W] 01000034 0 10 010001e4
[F] 01000038 00ff10b7
[D] 01000038 37 01 00 0f 1 00 00ff1000 0f
[R] 00 0f 00000000 00000000
[E] 01000038 00ff1000 0
[M] 01000038 00ff1000 0 1 00000000
[W] 01000038 1 01 00ff1000
[F] 0100003c 8ff08093
[D] 0100003c 13 01 01 1f 0 47 fffff8ff 1f
[R] 01 1f 00ff1000 00000000
[E] 0100003c 00ff08ff 0
[M] 0100003c 00ff08ff 0 0 00000000
[W] 0100003c 1 01 00ff08ff
[F] 01000040 70f0cf13
[D] 01000040 13 1e 01 0f 4 38 0000070f 0f
[R] 01 0f 00ff08ff 00000000
[E] 01000040 00ff0ff0 0
[M] 01000040 00ff0ff0 0 0 00000000
[W] 01000040 1 1e 00ff0ff0
[F] 01000044 00ff1eb7
[D] 01000044 37 1d 00 0f 1 00 00ff1000 0f
[R] 00 0f 00000000 00000000
[E] 01000044 00ff1000 0
[M] 01000044 00ff1000 0 1 00000000
[W] 01000044 1 1d 00ff1000
[F] 01000048 ff0e8e93
[D] 01000048 13 1d 1d 10 0 7f fffffff0 10
[R] 1d 10 00ff1000 00000000
[E] 01000048 00ff0ff0 0
[M] 01000048 00ff0ff0 0 0 00000000
[W] 01000048 1 1d 00ff0ff0
[F] 0100004c 00400193
[D] 0100004c 13 03 00 04 0 00 00000004 04
[R] 00 04 00000000 00000000
[E] 0100004c 00000004 0
[M] 0100004c 00000004 0 0 00000000
[W] 0100004c 1 03 00000004
[F] 01000050 19df1a63
[D] 01000050 63 14 1e 1d 1 0c 00000194 1d
[R] 1e 1d 00ff0ff0 00ff0ff0
[E] 01000050 010001e4 0
[M] 01000050 010001e4 0 1 00ff0ff0
[W] 01000050 0 14 010001e4
[F] 01000054 f00ff0b7
[D] 01000054 37 01 00 00 7 78 f00ff000 00
[R] 00 00 00000000 00000000
[E] 01000054 f00ff000 0
[M] 01000054 f00ff000 0 3 00000000
[W] 01000054 1 01 f00ff000
[F] 01000058 00f08093
[D] 01000058 13 01 01 0f 0 00 0000000f 0f
[R] 01 0f f00ff000 00000000
[E] 01000058 f00ff00f 0
[M] 01000058 f00ff00f 0 0 00000000
[W] 01000058 1 01 f00ff00f
[F] 0100005c 0f00cf13
[D] 0100005c 13 1e 01 10 4 07 000000f0 10
[R] 01 10 f00ff00f 00000000
[E] 0100005c f00ff0ff 0
[M] 0100005c f00ff0ff 0 0 00000000
[W] 0100005c 1 1e f00ff0ff
[F] 01000060 f00ffeb7
[D] 01000060 37 1d 00 00 7 78 f00ff000 00
[R] 00 00 00000000 00000000
[E] 01000060 f00ff000 0
[M] 01000060 f00ff000 0 3 00000000
[W] 01000060 1 1d f00ff000
[F] 01000064 0ffe8e93
[D] 01000064 13 1d 1d 1f 0 07 000000ff 1f
[R] 1d 1f f00ff000 00000000
[E] 01000064 f00ff0ff 0
[M] 01000064 f00ff0ff 0 0 00000000
[W] 01000064 1 1d f00ff0ff
[F] 01000068 00500193
[D] 01000068 13 03 00 05 0 00 00000005 05
[R] 00 05 00000000 00000000
[E] 01000068 00000005 0
[M] 01000068 00000005 0 0 00000000
[W] 01000068 1 03 00000005
[F] 0100006c 17df1c63
[D] 0100006c 63 18 1e 1d 1 0b 00000178 1d
[R] 1e 1d f00ff0ff f00ff0ff
[E] 0100006c 010001e4 0
[M] 0100006c 010001e4 0 1 f00ff0ff
[W] 0100006c 0 18 010001e4
[F] 01000070 ff00f0b7
[D] 01000070 37 01 00 10 7 7f ff00f000 10
[R] 00 10 00000000 00000000
[E] 01000070 ff00f000 0
[M] 01000070 ff00f000 0 3 00000000
[W] 01000070 1 01 ff00f000
[F] 01000074 70008093
[D] 01000074 13 01 01 00 0 38 00000700 00
[R] 01 00 ff00f000 00000000
[E] 01000074 ff00f700 0
[M] 01000074 ff00f700 0 0 00000000
[W] 01000074 1 01 ff00f700
[F] 01000078 70f0c093
[D] 01000078 13 01 01 0f 4 38 0000070f 0f
[R] 01 0f ff00f700 00000000
[E] 01000078 ff00f00f 0
[M] 01000078 ff00f00f 0 0 00000000
[W] 01000078 1 01 ff00f00f
[F] 0100007c ff00feb7
[D] 0100007c 37 1d 00 10 7 7f ff00f000 10
[R] 00 10 00000000 00000000
[E] 0100007c ff00f000 0
[M] 0100007c ff00f000 0 3 00000000
[W] 0100007c 1 1d ff00f000
[F] 01000080 00fe8e93
[D] 01000080 13 1d 1d 0f 0 00 0000000f 0f
[R] 1d 0f ff00f000 00000000
[E] 01000080 ff00f00f 0
[M] 01000080 ff00f00f 0 0 00000000
[W] 01000080 1 1d ff00f00f
[F] 01000084 00600193
[D] 01000084 13 03 00 06 0 00 00000006 06
[R] 00 06 00000000 00000000
[E] 01000084 00000006 0
[M] 01000084 00000006 0 0 00000000
[W] 01000084 1 03 00000006
[F] 01000088 15d09e63
[D] 01000088 63 1c 01 1d 1 0a 0000015c 1d
[R] 01 1d ff00f00f ff00f00f
[E] 01000088 010001e4 0
[M] 01000088 010001e4 0 1 ff00f00f
[W] 01000088 0 1c 010001e4
[F] 0100008c 00000213
[D] 0100008c 13 04 00 00 0 00 00000000 00
[R] 00 00 00000000 00000000
[E] 0100008c 00000000 0
[M] 0100008c 00000000 0 0 00000000
[W] 0100008c 1 04 00000000
[F] 01000090 0ff010b7
[D] 01000090 37 01 00 1f 1 07 0ff01000 1f
[R] 00 1f 00000000 00000000
[E] 01000090 0ff01000 0
[M] 01000090 0ff01000 0 1 00000000
[W] 01000090 1 01 0ff01000
[F] 01000094 ff008093
[D] 01000094 13 01 01 10 0 7f fffffff0 10
[R] 01 10 0ff01000 00000000
[E] 01000094 0ff00ff0 0
[M] 01000094 0ff00ff0 0 0 00000000
[W] 01000094 1 01 0ff00ff0
[F] 01000098 0f00cf13
[D] 01000098 13 1e 01 10 4 07 000000f0 10
[R] 01 10 0ff00ff0 00000000
[E] 01000098 0ff00f00 0
[M] 01000098 0ff00f00 0 0 00000000
[W] 01000098 1 1e 0ff00f00
[F] 0100009c 000f0313
[D] 0100009c 13 06 1e 00 0 00 00000000 00
[R] 1e 00 0ff00f00 00000000
[E] 0100009c 0ff00f00 0
[M] 0100009c 0ff00f00 0 0 00000000
[W] 0100009c 1 06 0ff00f00
[F] 010000a0 00120213
[D] 010000a0 13 04 04 01 0 00 00000001 01
[R] 04 01 00000000 0ff00ff0
[E] 010000a0 00000001 0
[M] 010000a0 00000001 0 0 0ff00ff0
[W] 010000a0 1 04 00000001
[F] 010000a4 00200293
[D] 010000a4 13 05 00 02 0 00 00000002 02
[R] 00 02 00000000 01100000
[E] 010000a4 00000002 0
[M] 010000a4 00000002 0 0 01100000
[W] 010000a4 1 05 00000002
[F] 010000a8 fe5214e3
[D] 010000a8 63 09 04 05 1 7f ffffffe8 05
[R] 04 05 00000001 00000002
[E] 010000a8 01000090 0
[M] 010000a8 01000090 0 1 00000002
[W] 010000a8 0 09 01000090
[F] 01000090 0ff010b7
[D] 01000090 37 01 00 1f 1 07 0ff01000 1f
[R] 00 1f 00000000 00000000
[E] 01000090 0ff01000 0
[M] 01000090 0ff01000 0 1 00000000
[W] 01000090 1 01 0ff01000
[F] 01000094 ff008093
[D] 01000094 13 01 01 10 0 7f fffffff0 10
[R] 01 10 0ff01000 00000000
[E] 01000094 0ff00ff0 0
[M] 01000094 0ff00ff0 0 0 00000000
[W] 01000094 1 01 0ff00ff0
[F] 01000098 0f00cf13
[D] 01000098 13 1e 01 10 4 07 000000f0 10
[R] 01 10 0ff00ff0 00000000
[E] 01000098 0ff00f00 0
[M] 01000098 0ff00f00 0 0 00000000
[W] 01000098 1 1e 0ff00f00
[F] 0100009c 000f0313
[D] 0100009c 13 06 1e 00 0 00 00000000 00
[R] 1e 00 0ff00f00 00000000
[E] 0100009c 0ff00f00 0
[M] 0100009c 0ff00f00 0 0 00000000
[W] 0100009c 1 06 0ff00f00
[F] 010000a0 00120213
[D] 010000a0 13 04 04 01 0 00 00000001 01
[R] 04 01 00000001 0ff00ff0
[E] 010000a0 00000002 0
[M] 010000a0 00000002 0 0 0ff00ff0
[W] 010000a0 1 04 00000002
[F] 010000a4 00200293
[D] 010000a4 13 05 00 02 0 00 00000002 02
[R] 00 02 00000000 01100000
[E] 010000a4 00000002 0
[M] 010000a4 00000002 0 0 01100000
[W] 010000a4 1 05 00000002
[F] 010000a8 fe5214e3
[D] 010000a8 63 09 04 05 1 7f ffffffe8 05
[R] 04 05 00000002 00000002
[E] 010000a8 01000090 0
[M] 010000a8 01000090 0 1 00000002
[W] 010000a8 0 09 01000090
[F] 010000ac 0ff01eb7
[D] 010000ac 37 1d 00 1f 1 07 0ff01000 1f
[R] 00 1f 00000000 00000000
[E] 010000ac 0ff01000 0
[M] 010000ac 0ff01000 0 1 00000000
[W] 010000ac 1 1d 0ff01000
[F] 010000b0 f00e8e93
[D] 010000b0 13 1d 1d 00 0 78 ffffff00 00
[R] 1d 00 0ff01000 00000000
[E] 010000b0 0ff00f00 0
[M] 010000b0 0ff00f00 0 0 00000000
[W] 010000b0 1 1d 0ff00f00
[F] 010000b4 00700193
[D] 010000b4 13 03 00 07 0 00 00000007 07
[R] 00 07 00000000 00000000
[E] 010000b4 00000007 0
[M] 010000b4 00000007 0 0 00000000
[W] 010000b4 1 03 00000007
[F] 010000b8 13d31663
[D] 010000b8 63 0c 06 1d 1 09 0000012c 1d
[R] 06 1d 0ff00f00 0ff00f00
[E] 010000b8 010001e4 0
[M] 010000b8 010001e4 0 1 0ff00f00
[W] 010000b8 0 0c 010001e4
[F] 010000bc 00000213
[D] 010000bc 13 04 00 00 0 00 00000000 00
[R] 00 00 00000000 00000000
[E] 010000bc 00000000 0
[M] 010000bc 00000000 0 0 00000000
[W] 010000bc 1 04 00000000
[F] 010000c0 00ff10b7
[D] 010000c0 37 01 00 0f 1 00 00ff1000 0f
[R] 00 0f 00000000 00000000
[E] 010000c0 00ff1000 0
[M] 010000c0 00ff1000 0 1 00000000
[W] 010000c0 1 01 00ff1000
[F] 010000c4 8ff08093
[D] 010000c4 13 01 01 1f 0 47 fffff8ff 1f
[R] 01 1f 00ff1000 00000000
[E] 010000c4 00ff08ff 0
[M] 010000c4 00ff08ff 0 0 00000000
[W] 010000c4 1 01 00ff08ff
[F] 010000c8 70f0cf13
[D] 010000c8 13 1e 01 0f 4 38 0000070f 0f
[R] 01 0f 00ff08ff 00000000
[E] 010000c8 00ff0ff0 0
[M] 010000c8 00ff0ff0 0 0 00000000
[W] 010000c8 1 1e 00ff0ff0
[F] 010000cc 00000013
[D] 010000cc 13 00 00 00 0 00 00000000 00
[R] 00 00 00000000 00000000
[E] 010000cc 00000000 0
[M] 010000cc 00000000 0 0 00000000
[W] 010000cc 1 00 00000000
[F] 010000d0 000f0313
[D] 010000d0 13 06 1e 00 0 00 00000000 00
[R] 1e 00 00ff0ff0 00000000
[E] 010000d0 00ff0ff0 0
[M] 010000d0 00ff0ff0 0 0 00000000
[W] 010000d0 1 06 00ff0ff0
[F] 010000d4 00120213
[D] 010000d4 13 04 04 01 0 00 00000001 01
[R] 04 01 00000000 00ff08ff
[E] 010000d4 00000001 0
[M] 010000d4 00000001 0 0 00ff08ff
[W] 010000d4 1 04 00000001
[F] 010000d8 00200293
[D] 010000d8 13 05 00 02 0 00 00000002 02
[R] 00 02 00000000 01100000
[E] 010000d8 00000002 0
[M] 010000d8 00000002 0 0 01100000
[W] 010000d8 1 05 00000002
[F] 010000dc fe5212e3
[D] 010000dc 63 05 04 05 1 7f ffffffe4 05
[R] 04 05 00000001 00000002
[E] 010000dc 010000c0 0
[M] 010000dc 010000c0 0 1 00000002
[W] 010000dc 0 05 010000c0
[F] 010000c0 00ff10b7
[D] 010000c0 37 01 00 0f 1 00 00ff1000 0f
[R] 00 0f 00000000 00000000
[E] 010000c0 00ff1000 0
[M] 010000c0 00ff1000 0 1 00000000
[W] 010000c0 1 01 00ff1000
[F] 010000c4 8ff08093
[D] 010000c4 13 01 01 1f 0 47 fffff8ff 1f
[R] 01 1f 00ff1000 00000000
[E] 010000c4 00ff08ff 0
[M] 010000c4 00ff08ff 0 0 00000000
[W] 010000c4 1 01 00ff08ff
[F] 010000c8 70f0cf13
[D] 010000c8 13 1e 01 0f 4 38 0000070f 0f
[R] 01 0f 00ff08ff 00000000
[E] 010000c8 00ff0ff0 0
[M] 010000c8 00ff0ff0 0 0 00000000
[W] 010000c8 1 1e 00ff0ff0
[F] 010000cc 00000013
[D] 010000cc 13 00 00 00 0 00 00000000 00
[R] 00 00 00000000 00000000
[E] 010000cc 00000000 0
[M] 010000cc 00000000 0 0 00000000
[W] 010000cc 1 00 00000000
[F] 010000d0 000f0313
[D] 010000d0 13 06 1e 00 0 00 00000000 00
[R] 1e 00 00ff0ff0 00000000
[E] 010000d0 00ff0ff0 0
[M] 010000d0 00ff0ff0 0 0 00000000
[W] 010000d0 1 06 00ff0ff0
[F] 010000d4 00120213
[D] 010000d4 13 04 04 01 0 00 00000001 01
[R] 04 01 00000001 00ff08ff
[E] 010000d4 00000002 0
[M] 010000d4 00000002 0 0 00ff08ff
[W] 010000d4 1 04 00000002
[F] 010000d8 00200293
[D] 010000d8 13 05 00 02 0 00 00000002 02
[R] 00 02 00000000 01100000
[E] 010000d8 00000002 0
[M] 010000d8 00000002 0 0 01100000
[W] 010000d8 1 05 00000002
[F] 010000dc fe5212e3
[D] 010000dc 63 05 04 05 1 7f ffffffe4 05
[R] 04 05 00000002 00000002
[E] 010000dc 010000c0 0
[M] 010000dc 010000c0 0 1 00000002
[W] 010000dc 0 05 010000c0
[F] 010000e0 00ff1eb7
[D] 010000e0 37 1d 00 0f 1 00 00ff1000 0f
[R] 00 0f 00000000 00000000
[E] 010000e0 00ff1000 0
[M] 010000e0 00ff1000 0 1 00000000
[W] 010000e0 1 1d 00ff1000
[F] 010000e4 ff0e8e93
[D] 010000e4 13 1d 1d 10 0 7f fffffff0 10
[R] 1d 10 00ff1000 00000000
[E] 010000e4 00ff0ff0 0
[M] 010000e4 00ff0ff0 0 0 00000000
[W] 010000e4 1 1d 00ff0ff0
[F] 010000e8 00800193
[D] 010000e8 13 03 00 08 0 00 00000008 08
[R] 00 08 00000000 00000000
[E] 010000e8 00000008 0
[M] 010000e8 00000008 0 0 00000000
[W] 010000e8 1 03 00000008
[F] 010000ec 0fd31c63
[D] 010000ec 63 18 06 1d 1 07 000000f8 1d
[R] 06 1d 00ff0ff0 00ff0ff0
[E] 010000ec 010001e4 0
[M] 010000ec 010001e4 0 1 00ff0ff0
[W] 010000ec 0 18 010001e4
[F] 010000f0 00000213
[D] 010000f0 13 04 00 00 0 00 00000000 00
[R] 00 00 00000000 00000000
[E] 010000f0 00000000 0
[M] 010000f0 00000000 0 0 00000000
[W] 010000f0 1 04 00000000
[F] 010000f4 f00ff0b7
[D] 010000f4 37 01 00 00 7 78 f00ff000 00
[R] 00 00 00000000 00000000
[E] 010000f4 f00ff000 0
[M] 010000f4 f00ff000 0 3 00000000
[W] 010000f4 1 01 f00ff000
[F] 010000f8 00f08093
[D] 010000f8 13 01 01 0f 0 00 0000000f 0f
[R] 01 0f f00ff000 00000000
[E] 010000f8 f00ff00f 0
[M] 010000f8 f00ff00f 0 0 00000000
[W] 010000f8 1 01 f00ff00f
[F] 010000fc 0f00cf13
[D] 010000fc 13 1e 01 10 4 07 000000f0 10
[R] 01 10 f00ff00f 00000000
[E] 010000fc f00ff0ff 0
[M] 010000fc f00ff0ff 0 0 00000000
[W] 010000fc 1 1e f00ff0ff
[F] 01000100 00000013
[D] 01000100 13 00 00 00 0 00 00000000 00
[R] 00 00 00000000 00000000
[E] 01000100 00000000 0
[M] 01000100 00000000 0 0 00000000
[W] 01000100 1 00 00000000
[F] 01000104 00000013
[D] 01000104 13 00 00 00 0 00 00000000 00
[R] 00 00 00000000 00000000
[E] 01000104 00000000 0
[M] 01000104 00000000 0 0 00000000
[W] 01000104 1 00 00000000
[F] 01000108 000f0313
[D] 01000108 13 06 1e 00 0 00 00000000 00
[R] 1e 00 f00ff0ff 00000000
[E] 01000108 f00ff0ff 0
[M] 01000108 f00ff0ff 0 0 00000000
[W] 01000108 1 06 f00ff0ff
[F] 0100010c 00120213
[D] 0100010c 13 04 04 01 0 00 00000001 01
[R] 04 01 00000000 f00ff00f
[E] 0100010c 00000001 0
[M] 0100010c 00000001 0 0 f00ff00f
[W] 0100010c 1 04 00000001
[F] 01000110 00200293
[D] 01000110 13 05 00 02 0 00 00000002 02
[R] 00 02 00000000 01100000
[E] 01000110 00000002 0
[M] 01000110 00000002 0 0 01100000
[W] 01000110 1 05 00000002
[F] 01000114 fe5210e3
[D] 01000114 63 01 04 05 1 7f ffffffe0 05
[R] 04 05 00000001 00000002
[E] 01000114 010000f4 0
[M] 01000114 010000f4 0 1 00000002
[W] 01000114 0 01 010000f4
[F] 010000f4 f00ff0b7
[D] 010000f4 37 01 00 00 7 78 f00ff000 00
[R] 00 00 00000000 00000000
[E] 010000f4 f00ff000 0
[M] 010000f4 f00ff000 0 3 00000000
[W] 010000f4 1 01 f00ff000
[F] 010000f8 00f08093
[D] 010000f8 13 01 01 0f 0 00 0000000f 0f
[R] 01 0f f00ff000 00000000
[E] 010000f8 f00ff00f 0
[M] 010000f8 f00ff00f 0 0 00000000
[W] 010000f8 1 01 f00ff00f
[F] 010000fc 0f00cf13
[D] 010000fc 13 1e 01 10 4 07 000000f0 10
[R] 01 10 f00ff00f 00000000
[E] 010000fc f00ff0ff 0
[M] 010000fc f00ff0ff 0 0 00000000
[W] 010000fc 1 1e f00ff0ff
[F] 01000100 00000013
[D] 01000100 13 00 00 00 0 00 00000000 00
[R] 00 00 00000000 00000000
[E] 01000100 00000000 0
[M] 01000100 00000000 0 0 00000000
[W] 01000100 1 00 00000000
[F] 01000104 00000013
[D] 01000104 13 00 00 00 0 00 00000000 00
[R] 00 00 00000000 00000000
[E] 01000104 00000000 0
[M] 01000104 00000000 0 0 00000000
[W] 01000104 1 00 00000000
[F] 01000108 000f0313
[D] 01000108 13 06 1e 00 0 00 00000000 00
[R] 1e 00 f00ff0ff 00000000
[E] 01000108 f00ff0ff 0
[M] 01000108 f00ff0ff 0 0 00000000
[W] 01000108 1 06 f00ff0ff
[F] 0100010c 00120213
[D] 0100010c 13 04 04 01 0 00 00000001 01
[R] 04 01 00000001 f00ff00f
[E] 0100010c 00000002 0
[M] 0100010c 00000002 0 0 f00ff00f
[W] 0100010c 1 04 00000002
[F] 01000110 00200293
[D] 01000110 13 05 00 02 0 00 00000002 02
[R] 00 02 00000000 01100000
[E] 01000110 00000002 0
[M] 01000110 00000002 0 0 01100000
[W] 01000110 1 05 00000002
[F] 01000114 fe5210e3
[D] 01000114 63 01 04 05 1 7f ffffffe0 05
[R] 04 05 00000002 00000002
[E] 01000114 010000f4 0
[M] 01000114 010000f4 0 1 00000002
[W] 01000114 0 01 010000f4
[F] 01000118 f00ffeb7
[D] 01000118 37 1d 00 00 7 78 f00ff000 00
[R] 00 00 00000000 00000000
[E] 01000118 f00ff000 0
[M] 01000118 f00ff000 0 3 00000000
[W] 01000118 1 1d f00ff000
[F] 0100011c 0ffe8e93
[D] 0100011c 13 1d 1d 1f 0 07 000000ff 1f
[R] 1d 1f f00ff000 00000000
[E] 0100011c f00ff0ff 0
[M] 0100011c f00ff0ff 0 0 00000000
[W] 0100011c 1 1d f00ff0ff
[F] 01000120 00900193
[D] 01000120 13 03 00 09 0 00 00000009 09
[R] 00 09 00000000 00000000
[E] 01000120 00000009 0
[M] 01000120 00000009 0 0 00000000
[W] 01000120 1 03 00000009
[F] 01000124 0dd31063
[D] 01000124 63 00 06 1d 1 06 000000c0 1d
[R] 06 1d f00ff0ff f00ff0ff
[E] 01000124 010001e4 0
[M] 01000124 010001e4 0 1 f00ff0ff
[W] 01000124 0 00 010001e4
[F] 01000128 00000213
[D] 01000128 13 04 00 00 0 00 00000000 00
[R] 00 00 00000000 00000000
[E] 01000128 00000000 0
[M] 01000128 00000000 0 0 00000000
[W] 01000128 1 04 00000000
[F] 0100012c 0ff010b7
[D] 0100012c 37 01 00 1f 1 07 0ff01000 1f
[R] 00 1f 00000000 00000000
[E] 0100012c 0ff01000 0
[M] 0100012c 0ff01000 0 1 00000000
[W] 0100012c 1 01 0ff01000
[F] 01000130 ff008093
[D] 01000130 13 01 01 10 0 7f fffffff0 10
[R] 01 10 0ff01000 00000000
[E] 01000130 0ff00ff0 0
[M] 01000130 0ff00ff0 0 0 00000000
[W] 01000130 1 01 0ff00ff0
[F] 01000134 0f00cf13
[D] 01000134 13 1e 01 10 4 07 000000f0 10
[R] 01 10 0ff00ff0 00000000
[E] 01000134 0ff00f00 0
[M] 01000134 0ff00f00 0 0 00000000
[W] 01000134 1 1e 0ff00f00
[F] 01000138 00120213
[D] 01000138 13 04 04 01 0 00 00000001 01
[R] 04 01 00000000 0ff00ff0
[E] 01000138 00000001 0
[M] 01000138 00000001 0 0 0ff00ff0
[W] 01000138 1 04 00000001
[F] 0100013c 00200293
[D] 0100013c 13 05 00 02 0 00 00000002 02
[R] 00 02 00000000 01100000
[E] 0100013c 00000002 0
[M] 0100013c 00000002 0 0 01100000
[W] 0100013c 1 05 00000002
[F] 01000140 fe5216e3
[D] 01000140 63 0d 04 05 1 7f ffffffec 05
[R] 04 05 00000001 00000002
[E] 01000140 0100012c 0
[M] 01000140 0100012c 0 1 00000002
[W] 01000140 0 0d 0100012c
[F] 0100012c 0ff010b7
[D] 0100012c 37 01 00 1f 1 07 0ff01000 1f
[R] 00 1f 00000000 00000000
[E] 0100012c 0ff01000 0
[M] 0100012c 0ff01000 0 1 00000000
[W] 0100012c 1 01 0ff01000
[F] 01000130 ff008093
[D] 01000130 13 01 01 10 0 7f fffffff0 10
[R] 01 10 0ff01000 00000000
[E] 01000130 0ff00ff0 0
[M] 01000130 0ff00ff0 0 0 00000000
[W] 01000130 1 01 0ff00ff0
[F] 01000134 0f00cf13
[D] 01000134 13 1e 01 10 4 07 000000f0 10
[R] 01 10 0ff00ff0 00000000
[E] 01000134 0ff00f00 0
[M] 01000134 0ff00f00 0 0 00000000
[W] 01000134 1 1e 0ff00f00
[F] 01000138 00120213
[D] 01000138 13 04 04 01 0 00 00000001 01
[R] 04 01 00000001 0ff00ff0
[E] 01000138 00000002 0
[M] 01000138 00000002 0 0 0ff00ff0
[W] 01000138 1 04 00000002
[F] 0100013c 00200293
[D] 0100013c 13 05 00 02 0 00 00000002 02
[R] 00 02 00000000 01100000
[E] 0100013c 00000002 0
[M] 0100013c 00000002 0 0 01100000
[W] 0100013c 1 05 00000002
[F] 01000140 fe5216e3
[D] 01000140 63 0d 04 05 1 7f ffffffec 05
[R] 04 05 00000002 00000002
[E] 01000140 0100012c 0
[M] 01000140 0100012c 0 1 00000002
[W] 01000140 0 0d 0100012c
[F] 01000144 0ff01eb7
[D] 01000144 37 1d 00 1f 1 07 0ff01000 1f
[R] 00 1f 00000000 00000000
[E] 01000144 0ff01000 0
[M] 01000144 0ff01000 0 1 00000000
[W] 01000144 1 1d 0ff01000
[F] 01000148 f00e8e93
[D] 01000148 13 1d 1d 00 0 78 ffffff00 00
[R] 1d 00 0ff01000 00000000
[E] 01000148 0ff00f00 0
[M] 01000148 0ff00f00 0 0 00000000
[W] 01000148 1 1d 0ff00f00
[F] 0100014c 00a00193
[D] 0100014c 13 03 00 0a 0 00 0000000a 0a
[R] 00 0a 00000000 00000000
[E] 0100014c 0000000a 0
[M] 0100014c 0000000a 0 0 00000000
[W] 0100014c 1 03 0000000a
[F] 01000150 09df1a63
[D] 01000150 63 14 1e 1d 1 04 00000094 1d
[R] 1e 1d 0ff00f00 0ff00f00
[E] 01000150 010001e4 0
[M] 01000150 010001e4 0 1 0ff00f00
[W] 01000150 0 14 010001e4
[F] 01000154 00000213
[D] 01000154 13 04 00 00 0 00 00000000 00
[R] 00 00 00000000 00000000
[E] 01000154 00000000 0
[M] 01000154 00000000 0 0 00000000
[W] 01000154 1 04 00000000
[F] 01000158 00ff10b7
[D] 01000158 37 01 00 0f 1 00 00ff1000 0f
[R] 00 0f 00000000 00000000
[E] 01000158 00ff1000 0
[M] 01000158 00ff1000 0 1 00000000
[W] 01000158 1 01 00ff1000
[F] 0100015c fff08093
[D] 0100015c 13 01 01 1f 0 7f ffffffff 1f
[R] 01 1f 00ff1000 00000000
[E] 0100015c 00ff0fff 0
[M] 0100015c 00ff0fff 0 0 00000000
[W] 0100015c 1 01 00ff0fff
[F] 01000160 00000013
[D] 01000160 13 00 00 00 0 00 00000000 00
[R] 00 00 00000000 00000000
[E] 01000160 00000000 0
[M] 01000160 00000000 0 0 00000000
[W] 01000160 1 00 00000000
[F] 01000164 00f0cf13
[D] 01000164 13 1e 01 0f 4 00 0000000f 0f
[R] 01 0f 00ff0fff 00000000
[E] 01000164 00ff0ff0 0
[M] 01000164 00ff0ff0 0 0 00000000
[W] 01000164 1 1e 00ff0ff0
[F] 01000168 00120213
[D] 01000168 13 04 04 01 0 00 00000001 01
[R] 04 01 00000000 00ff0fff
[E] 01000168 00000001 0
[M] 01000168 00000001 0 0 00ff0fff
[W] 01000168 1 04 00000001
[F] 0100016c 00200293
[D] 0100016c 13 05 00 02 0 00 00000002 02
[R] 00 02 00000000 01100000
[E] 0100016c 00000002 0
[M] 0100016c 00000002 0 0 01100000
[W] 0100016c 1 05 00000002
[F] 01000170 fe5214e3
[D] 01000170 63 09 04 05 1 7f ffffffe8 05
[R] 04 05 00000001 00000002
[E] 01000170 01000158 0
[M] 01000170 01000158 0 1 00000002
[W] 01000170 0 09 01000158
[F] 01000158 00ff10b7
[D] 01000158 37 01 00 0f 1 00 00ff1000 0f
[R] 00 0f 00000000 00000000
[E] 01000158 00ff1000 0
[M] 01000158 00ff1000 0 1 00000000
[W] 01000158 1 01 00ff1000
[F] 0100015c fff08093
[D] 0100015c 13 01 01 1f 0 7f ffffffff 1f
[R] 01 1f 00ff1000 00000000
[E] 0100015c 00ff0fff 0
[M] 0100015c 00ff0fff 0 0 00000000
[W] 0100015c 1 01 00ff0fff
[F] 01000160 00000013
[D] 01000160 13 00 00 00 0 00 00000000 00
[R] 00 00 00000000 00000000
[E] 01000160 00000000 0
[M] 01000160 00000000 0 0 00000000
[W] 01000160 1 00 00000000
[F] 01000164 00f0cf13
[D] 01000164 13 1e 01 0f 4 00 0000000f 0f
[R] 01 0f 00ff0fff 00000000
[E] 01000164 00ff0ff0 0
[M] 01000164 00ff0ff0 0 0 00000000
[W] 01000164 1 1e 00ff0ff0
[F] 01000168 00120213
[D] 01000168 13 04 04 01 0 00 00000001 01
[R] 04 01 00000001 00ff0fff
[E] 01000168 00000002 0
[M] 01000168 00000002 0 0 00ff0fff
[W] 01000168 1 04 00000002
[F] 0100016c 00200293
[D] 0100016c 13 05 00 02 0 00 00000002 02
[R] 00 02 00000000 01100000
[E] 0100016c 00000002 0
[M] 0100016c 00000002 0 0 01100000
[W] 0100016c 1 05 00000002
[F] 01000170 fe5214e3
[D] 01000170 63 09 04 05 1 7f ffffffe8 05
[R] 04 05 00000002 00000002
[E] 01000170 01000158 0
[M] 01000170 01000158 0 1 00000002
[W] 01000170 0 09 01000158
[F] 01000174 00ff1eb7
[D] 01000174 37 1d 00 0f 1 00 00ff1000 0f
[R] 00 0f 00000000 00000000
[E] 01000174 00ff1000 0
[M] 01000174 00ff1000 0 1 00000000
[W] 01000174 1 1d 00ff1000
[F] 01000178 ff0e8e93
[D] 01000178 13 1d 1d 10 0 7f fffffff0 10
[R] 1d 10 00ff1000 00000000
[E] 01000178 00ff0ff0 0
[M] 01000178 00ff0ff0 0 0 00000000
[W] 01000178 1 1d 00ff0ff0
[F] 0100017c 00b00193
[D] 0100017c 13 03 00 0b 0 00 0000000b 0b
[R] 00 0b 00000000 00000000
[E] 0100017c 0000000b 0
[M] 0100017c 0000000b 0 0 00000000
[W] 0100017c 1 03 0000000b
[F] 01000180 07df1263
[D] 01000180 63 04 1e 1d 1 03 00000064 1d
[R] 1e 1d 00ff0ff0 00ff0ff0
[E] 01000180 010001e4 0
[M] 01000180 010001e4 0 1 00ff0ff0
[W] 01000180 0 04 010001e4
[F] 01000184 00000213
[D] 01000184 13 04 00 00 0 00 00000000 00
[R] 00 00 00000000 00000000
[E] 01000184 00000000 0
[M] 01000184 00000000 0 0 00000000
[W] 01000184 1 04 00000000
[F] 01000188 f00ff0b7
[D] 01000188 37 01 00 00 7 78 f00ff000 00
[R] 00 00 00000000 00000000
[E] 01000188 f00ff000 0
[M] 01000188 f00ff000 0 3 00000000
[W] 01000188 1 01 f00ff000
[F] 0100018c 00f08093
[D] 0100018c 13 01 01 0f 0 00 0000000f 0f
[R] 01 0f f00ff000 00000000
[E] 0100018c f00ff00f 0
[M] 0100018c f00ff00f 0 0 00000000
[W] 0100018c 1 01 f00ff00f
[F] 01000190 00000013
[D] 01000190 13 00 00 00 0 00 00000000 00
[R] 00 00 00000000 00000000
[E] 01000190 00000000 0
[M] 01000190 00000000 0 0 00000000
[W] 01000190 1 00 00000000
[F] 01000194 00000013
[D] 01000194 13 00 00 00 0 00 00000000 00
[R] 00 00 00000000 00000000
[E] 01000194 00000000 0
[M] 01000194 00000000 0 0 00000000
[W] 01000194 1 00 00000000
[F] 01000198 0f00cf13
[D] 01000198 13 1e 01 10 4 07 000000f0 10
[R] 01 10 f00ff00f 00000000
[E] 01000198 f00ff0ff 0
[M] 01000198 f00ff0ff 0 0 00000000
[W] 01000198 1 1e f00ff0ff
[F] 0100019c 00120213
[D] 0100019c 13 04 04 01 0 00 00000001 01
[R] 04 01 00000000 f00ff00f
[E] 0100019c 00000001 0
[M] 0100019c 00000001 0 0 f00ff00f
[W] 0100019c 1 04 00000001
[F] 010001a0 00200293
[D] 010001a0 13 05 00 02 0 00 00000002 02
[R] 00 02 00000000 01100000
[E] 010001a0 00000002 0
[M] 010001a0 00000002 0 0 01100000
[W] 010001a0 1 05 00000002
[F] 010001a4 fe5212e3
[D] 010001a4 63 05 04 05 1 7f ffffffe4 05
[R] 04 05 00000001 00000002
[E] 010001a4 01000188 0
[M] 010001a4 01000188 0 1 00000002
[W] 010001a4 0 05 01000188
[F] 01000188 f00ff0b7
[D] 01000188 37 01 00 00 7 78 f00ff000 00
[R] 00 00 00000000 00000000
[E] 01000188 f00ff000 0
[M] 01000188 f00ff000 0 3 00000000
[W] 01000188 1 01 f00ff000
[F] 0100018c 00f08093
[D] 0100018c 13 01 01 0f 0 00 0000000f 0f
[R] 01 0f f00ff000 00000000
[E] 0100018c f00ff00f 0
[M] 0100018c f00ff00f 0 0 00000000
[W] 0100018c 1 01 f00ff00f
[F] 01000190 00000013
[D] 01000190 13 00 00 00 0 00 00000000 00
[R] 00 00 00000000 00000000
[E] 01000190 00000000 0
[M] 01000190 00000000 0 0 00000000
[W] 01000190 1 00 00000000
[F] 01000194 00000013
[D] 01000194 13 00 00 00 0 00 00000000 00
[R] 00 00 00000000 00000000
[E] 01000194 00000000 0
[M] 01000194 00000000 0 0 00000000
[W] 01000194 1 00 00000000
[F] 01000198 0f00cf13
[D] 01000198 13 1e 01 10 4 07 000000f0 10
[R] 01 10 f00ff00f 00000000
[E] 01000198 f00ff0ff 0
[M] 01000198 f00ff0ff 0 0 00000000
[W] 01000198 1 1e f00ff0ff
[F] 0100019c 00120213
[D] 0100019c 13 04 04 01 0 00 00000001 01
[R] 04 01 00000001 f00ff00f
[E] 0100019c 00000002 0
[M] 0100019c 00000002 0 0 f00ff00f
[W] 0100019c 1 04 00000002
[F] 010001a0 00200293
[D] 010001a0 13 05 00 02 0 00 00000002 02
[R] 00 02 00000000 01100000
[E] 010001a0 00000002 0
[M] 010001a0 00000002 0 0 01100000
[W] 010001a0 1 05 00000002
[F] 010001a4 fe5212e3
[D] 010001a4 63 05 04 05 1 7f ffffffe4 05
[R] 04 05 00000002 00000002
[E] 010001a4 01000188 0
[M] 010001a4 01000188 0 1 00000002
[W] 010001a4 0 05 01000188
[F] 010001a8 f00ffeb7
[D] 010001a8 37 1d 00 00 7 78 f00ff000 00
[R] 00 00 00000000 00000000
[E] 010001a8 f00ff000 0
[M] 010001a8 f00ff000 0 3 00000000
[W] 010001a8 1 1d f00ff000
[F] 010001ac 0ffe8e93
[D] 010001ac 13 1d 1d 1f 0 07 000000ff 1f
[R] 1d 1f f00ff000 00000000
[E] 010001ac f00ff0ff 0
[M] 010001ac f00ff0ff 0 0 00000000
[W] 010001ac 1 1d f00ff0ff
[F] 010001b0 00c00193
[D] 010001b0 13 03 00 0c 0 00 0000000c 0c
[R] 00 0c 00000000 00000000
[E] 010001b0 0000000c 0
[M] 010001b0 0000000c 0 0 00000000
[W] 010001b0 1 03 0000000c
[F] 010001b4 03df1863
[D] 010001b4 63 10 1e 1d 1 01 00000030 1d
[R] 1e 1d f00ff0ff f00ff0ff
[E] 010001b4 010001e4 0
[M] 010001b4 010001e4 0 1 f00ff0ff
[W] 010001b4 0 10 010001e4
[F] 010001b8 0f004093
[D] 010001b8 13 01 00 10 4 07 000000f0 10
[R] 00 10 00000000 00000000
[E] 010001b8 000000f0 0
[M] 010001b8 000000f0 0 0 00000000
[W] 010001b8 1 01 000000f0
[F] 010001bc 0f000e93
[D] 010001bc 13 1d 00 10 0 07 000000f0 10
[R] 00 10 00000000 00000000
[E] 010001bc 000000f0 0
[M] 010001bc 000000f0 0 0 00000000
[W] 010001bc 1 1d 000000f0
[F] 010001c0 00d00193
[D] 010001c0 13 03 00 0d 0 00 0000000d 0d
[R] 00 0d 00000000 00000000
[E] 010001c0 0000000d 0
[M] 010001c0 0000000d 0 0 00000000
[W] 010001c0 1 03 0000000d
[F] 010001c4 03d09063
[D] 010001c4 63 00 01 1d 1 01 00000020 1d
[R] 01 1d 000000f0 000000f0
[E] 010001c4 010001e4 0
[M] 010001c4 010001e4 0 1 000000f0
[W] 010001c4 0 00 010001e4
[F] 010001c8 00ff00b7
[D] 010001c8 37 01 00 0f 0 00 00ff0000 0f
[R] 00 0f 00000000 00000000
[E] 010001c8 00ff0000 0
[M] 010001c8 00ff0000 0 0 00000000
[W] 010001c8 1 01 00ff0000
[F] 010001cc 0ff08093
[D] 010001cc 13 01 01 1f 0 07 000000ff 1f
[R] 01 1f 00ff0000 00000000
[E] 010001cc 00ff00ff 0
[M] 010001cc 00ff00ff 0 0 00000000
[W] 010001cc 1 01 00ff00ff
[F] 010001d0 70f0c013
[D] 010001d0 13 00 01 0f 4 38 0000070f 0f
[R] 01 0f 00ff00ff 00000000
[E] 010001d0 00ff07f0 0
[M] 010001d0 00ff07f0 0 0 00000000
[W] 010001d0 1 00 00ff07f0
[F] 010001d4 00000e93
[D] 010001d4 13 1d 00 00 0 00 00000000 00
[R] 00 00 00000000 00000000
[E] 010001d4 00000000 0
[M] 010001d4 00000000 0 0 00000000
[W] 010001d4 1 1d 00000000
[F] 010001d8 00e00193
[D] 010001d8 13 03 00 0e 0 00 0000000e 0e
[R] 00 0e 00000000 00000000
[E] 010001d8 0000000e 0
[M] 010001d8 0000000e 0 0 00000000
[W] 010001d8 1 03 0000000e
[F] 010001dc 01d01463
[D] 010001dc 63 08 00 1d 1 00 00000008 1d
[R] 00 1d 00000000 00000000
[E] 010001dc 010001e4 0
[M] 010001dc 010001e4 0 1 00000000
[W] 010001dc 0 08 010001e4
[F] 010001e0 00301c63
[D] 010001e0 63 18 00 03 1 00 00000018 03
[R] 00 03 00000000 0000000e
[E] 010001e0 010001f8 0
[M] 010001e0 010001f8 0 1 0000000e
[W] 010001e0 0 18 010001f8
[F] 010001f8 0ff0000f
[D] 010001f8 0f 00 00 1f 0 07 00000000 1f
[R] 00 1f 00000000 00000000
[E] 010001f8 00000000 0
[M] 010001f8 00000000 0 0 00000000
[W] 010001f8 1 00 00000000
[F] 010001fc 00100193
[D] 010001fc 13 03 00 01 0 00 00000001 01
[R] 00 01 00000000 00ff00ff
[E] 010001fc 00000001 0
[M] 010001fc 00000001 0 0 00ff00ff
[W] 010001fc 1 03 00000001
[F] 01000200 00000073
[D] 01000200 73 00 00 00 0 00 00000000 00
[R] 00 00 00000000 00000000
[E] 01000200 00000000 0
[M] 01000200 00000000 0 0 00000000
[W] 01000200 0 00 00000000
