[F] 01000000 000000b7
[D] 01000000 37 01 00 00 0 00 00000000 00
[R] 00 00 00000000 00000000
[E] 01000000 00000000 0
[M] 01000000 00000000 0 0 00000000
[W] 01000000 1 01 00000000
[F] 01000004 00000e93
[D] 01000004 13 1d 00 00 0 00 00000000 00
[R] 00 00 00000000 00000000
[E] 01000004 00000000 0
[M] 01000004 00000000 0 0 00000000
[W] 01000004 1 1d 00000000
[F] 01000008 00200193
[D] 01000008 13 03 00 02 0 00 00000002 02
[R] 00 02 00000000 01100000
[E] 01000008 00000002 0
[M] 01000008 00000002 0 0 01100000
[W] 01000008 1 03 00000002
[F] 0100000c 05d09a63
[D] 0100000c 63 14 01 1d 1 02 00000054 1d
[R] 01 1d 00000000 00000000
[E] 0100000c 01000060 0
[M] 0100000c 01000060 0 1 00000000
[W] 0100000c 0 14 01000060
[F] 01000010 fffff0b7
[D] 01000010 37 01 00 1f 7 7f fffff000 1f
[R] 00 1f 00000000 00000000
[E] 01000010 fffff000 0
[M] 01000010 fffff000 0 3 00000000
[W] 01000010 1 01 fffff000
[F] 01000014 4010d093
[D] 01000014 13 01 01 01 5 20 00000001 01
[R] 01 01 fffff000 fffff000
[E] 01000014 fffff800 0
[M] 01000014 fffff800 0 1 fffff000
[W] 01000014 1 01 fffff800
[F] 01000018 80000e93
[D] 01000018 13 1d 00 00 0 40 fffff800 00
[R] 00 00 00000000 00000000
[E] 01000018 fffff800 0
[M] 01000018 fffff800 0 0 00000000
[W] 01000018 1 1d fffff800
[F] 0100001c 00300193
[D] 0100001c 13 03 00 03 0 00 00000003 03
[R] 00 03 00000000 00000002
[E] 0100001c 00000003 0
[M] 0100001c 00000003 0 0 00000002
[W] 0100001c 1 03 00000003
[F] 01000020 05d09063
[D] 01000020 63 00 01 1d 1 02 00000040 1d
[R] 01 1d fffff800 fffff800
[E] 01000020 01000060 0
[M] 01000020 01000060 0 1 fffff800
[W] 01000020 0 00 01000060
[F] 01000024 7ffff0b7
[D] 01000024 37 01 00 1f 7 3f 7ffff000 1f
[R] 00 1f 00000000 00000000
[E] 01000024 7ffff000 0
[M] 01000024 7ffff000 0 3 00000000
[W] 01000024 1 01 7ffff000
[F] 01000028 4140d093
[D] 01000028 13 01 01 14 5 20 00000014 14
[R] 01 14 7ffff000 00000000
[E] 01000028 000007ff 0
[M] 01000028 000007ff 0 1 00000000
[W] 01000028 1 01 000007ff
[F] 0100002c 7ff00e93
[D] 0100002c 13 1d 00 1f 0 3f 000007ff 1f
[R] 00 1f 00000000 00000000
[E] 0100002c 000007ff 0
[M] 0100002c 000007ff 0 0 00000000
[W] 0100002c 1 1d 000007ff
[F] 01000030 00400193
[D] 01000030 13 03 00 04 0 00 00000004 04
[R] 00 04 00000000 00000000
[E] 01000030 00000004 0
[M] 01000030 00000004 0 0 00000000
[W] 01000030 1 03 00000004
[F] 01000034 03d09663
[D] 01000034 63 0c 01 1d 1 01 0000002c 1d
[R] 01 1d 000007ff 000007ff
[E] 01000034 01000060 0
[M] 01000034 01000060 0 1 000007ff
[W] 01000034 0 0c 01000060
[F] 01000038 800000b7
[D] 01000038 37 01 00 00 0 40 80000000 00
[R] 00 00 00000000 00000000
[E] 01000038 80000000 0
[M] 01000038 80000000 0 0 00000000
[W] 01000038 1 01 80000000
[F] 0100003c 4140d093
[D] 0100003c 13 01 01 14 5 20 00000014 14
[R] 01 14 80000000 00000000
[E] 0100003c fffff800 0
[M] 0100003c fffff800 0 1 00000000
[W] 0100003c 1 01 fffff800
[F] 01000040 80000e93
[D] 01000040 13 1d 00 00 0 40 fffff800 00
[R] 00 00 00000000 00000000
[E] 01000040 fffff800 0
[M] 01000040 fffff800 0 0 00000000
[W] 01000040 1 1d fffff800
[F] 01000044 00500193
[D] 01000044 13 03 00 05 0 00 00000005 05
[R] 00 05 00000000 00000000
[E] 01000044 00000005 0
[M] 01000044 00000005 0 0 00000000
[W] 01000044 1 03 00000005
[F] 01000048 01d09c63
[D] 01000048 63 18 01 1d 1 00 00000018 1d
[R] 01 1d fffff800 fffff800
[E] 01000048 01000060 0
[M] 01000048 01000060 0 1 fffff800
[W] 01000048 0 18 01000060
[F] 0100004c 80000037
[D] 0100004c 37 00 00 00 0 40 80000000 00
[R] 00 00 00000000 00000000
[E] 0100004c 80000000 0
[M] 0100004c 80000000 0 0 00000000
[W] 0100004c 1 00 80000000
[F] 01000050 00000e93
[D] 01000050 13 1d 00 00 0 00 00000000 00
[R] 00 00 00000000 00000000
[E] 01000050 00000000 0
[M] 01000050 00000000 0 0 00000000
[W] 01000050 1 1d 00000000
[F] 01000054 00600193
[D] 01000054 13 03 00 06 0 00 00000006 06
[R] 00 06 00000000 00000000
[E] 01000054 00000006 0
[M] 01000054 00000006 0 0 00000000
[W] 01000054 1 03 00000006
[F] 01000058 01d01463
[D] 01000058 63 08 00 1d 1 00 00000008 1d
[R] 00 1d 00000000 00000000
[E] 01000058 01000060 0
[M] 01000058 01000060 0 1 00000000
[W] 01000058 0 08 01000060
[F] 0100005c 00301c63
[D] 0100005c 63 18 00 03 1 00 00000018 03
[R] 00 03 00000000 00000006
[E] 0100005c 01000074 0
[M] 0100005c 01000074 0 1 00000006
[W] 0100005c 0 18 01000074
[F] 01000074 0ff0000f
[D] 01000074 0f 00 00 1f 0 07 00000000 1f
[R] 00 1f 00000000 00000000
[E] 01000074 00000000 0
[M] 01000074 00000000 0 0 00000000
[W] 01000074 1 00 00000000
[F] 01000078 00100193
[D] 01000078 13 03 00 01 0 00 00000001 01
[R] 00 01 00000000 fffff800
[E] 01000078 00000001 0
[M] 01000078 00000001 0 0 fffff800
[W] 01000078 1 03 00000001
[F] 0100007c 00000073
[D] 0100007c 73 00 00 00 0 00 00000000 00
[R] 00 00 00000000 00000000
[E] 0100007c 00000000 0
[M] 0100007c 00000000 0 0 00000000
[W] 0100007c 0 00 00000000
