[F] 01000000 00000093
[D] 01000000 13 01 00 00 0 00 00000000 00
[R] 00 00 00000000 00000000
[E] 01000000 00000000 0
[M] 01000000 00000000 0 0 00000000
[W] 01000000 1 01 00000000
[F] 01000004 00000113
[D] 01000004 13 02 00 00 0 00 00000000 00
[R] 00 00 00000000 00000000
[E] 01000004 00000000 0
[M] 01000004 00000000 0 0 00000000
[W] 01000004 1 02 00000000
[F] 01000008 40208f33
[D] 01000008 33 1e 01 02 0 20 00000000 02
[R] 01 02 00000000 00000000
[E] 01000008 00000000 0
[M] 01000008 00000000 0 0 00000000
[W] 01000008 1 1e 00000000
[F] 0100000c 00000e93
[D] 0100000c 13 1d 00 00 0 00 00000000 00
[R] 00 00 00000000 00000000
[E] 0100000c 00000000 0
[M] 0100000c 00000000 0 0 00000000
[W] 0100000c 1 1d 00000000
[F] 01000010 00200193
[D] 01000010 13 03 00 02 0 00 00000002 02
[R] 00 02 00000000 00000000
[E] 01000010 00000002 0
[M] 01000010 00000002 0 0 00000000
[W] 01000010 1 03 00000002
[F] 01000014 4bdf1663
[D] 01000014 63 0c 1e 1d 1 25 000004ac 1d
[R] 1e 1d 00000000 00000000
[E] 01000014 010004c0 0
[M] 01000014 010004c0 0 1 00000000
[W] 01000014 0 0c 010004c0
[F] 01000018 00100093
[D] 01000018 13 01 00 01 0 00 00000001 01
[R] 00 01 00000000 00000000
[E] 01000018 00000001 0
[M] 01000018 00000001 0 0 00000000
[W] 01000018 1 01 00000001
[F] 0100001c 00100113
[D] 0100001c 13 02 00 01 0 00 00000001 01
[R] 00 01 00000000 00000001
[E] 0100001c 00000001 0
[M] 0100001c 00000001 0 0 00000001
[W] 0100001c 1 02 00000001
[F] 01000020 40208f33
[D] 01000020 33 1e 01 02 0 20 00000000 02
[R] 01 02 00000001 00000001
[E] 01000020 00000000 0
[M] 01000020 00000000 0 0 00000001
[W] 01000020 1 1e 00000000
[F] 01000024 00000e93
[D] 01000024 13 1d 00 00 0 00 00000000 00
[R] 00 00 00000000 00000000
[E] 01000024 00000000 0
[M] 01000024 00000000 0 0 00000000
[W] 01000024 1 1d 00000000
[F] 01000028 00300193
[D] 01000028 13 03 00 03 0 00 00000003 03
[R] 00 03 00000000 00000002
[E] 01000028 00000003 0
[M] 01000028 00000003 0 0 00000002
[W] 01000028 1 03 00000003
[F] 0100002c 49df1a63
[D] 0100002c 63 14 1e 1d 1 24 00000494 1d
[R] 1e 1d 00000000 00000000
[E] 0100002c 010004c0 0
[M] 0100002c 010004c0 0 1 00000000
[W] 0100002c 0 14 010004c0
[F] 01000030 00300093
[D] 01000030 13 01 00 03 0 00 00000003 03
[R] 00 03 00000000 00000003
[E] 01000030 00000003 0
[M] 01000030 00000003 0 0 00000003
[W] 01000030 1 01 00000003
[F] 01000034 00700113
[D] 01000034 13 02 00 07 0 00 00000007 07
[R] 00 07 00000000 00000000
[E] 01000034 00000007 0
[M] 01000034 00000007 0 0 00000000
[W] 01000034 1 02 00000007
[F] 01000038 40208f33
[D] 01000038 33 1e 01 02 0 20 00000000 02
[R] 01 02 00000003 00000007
[E] 01000038 fffffffc 0
[M] 01000038 fffffffc 0 0 00000007
[W] 01000038 1 1e fffffffc
[F] 0100003c ffc00e93
[D] 0100003c 13 1d 00 1c 0 7f fffffffc 1c
[R] 00 1c 00000000 00000000
[E] 0100003c fffffffc 0
[M] 0100003c fffffffc 0 0 00000000
[W] 0100003c 1 1d fffffffc
[F] 01000040 00400193
[D] 01000040 13 03 00 04 0 00 00000004 04
[R] 00 04 00000000 00000000
[E] 01000040 00000004 0
[M] 01000040 00000004 0 0 00000000
[W] 01000040 1 03 00000004
[F] 01000044 47df1e63
[D] 01000044 63 1c 1e 1d 1 23 0000047c 1d
[R] 1e 1d fffffffc fffffffc
[E] 01000044 010004c0 0
[M] 01000044 010004c0 0 1 fffffffc
[W] 01000044 0 1c 010004c0
[F] 01000048 00000093
[D] 01000048 13 01 00 00 0 00 00000000 00
[R] 00 00 00000000 00000000
[E] 01000048 00000000 0
[M] 01000048 00000000 0 0 00000000
[W] 01000048 1 01 00000000
[F] 0100004c ffff8137
[D] 0100004c 37 02 00 1f 0 7f ffff8000 1f
[R] 00 1f 00000000 00000000
[E] 0100004c ffff8000 0
[M] 0100004c ffff8000 0 0 00000000
[W] 0100004c 1 02 ffff8000
[F] 01000050 40208f33
[D] 01000050 33 1e 01 02 0 20 00000000 02
[R] 01 02 00000000 ffff8000
[E] 01000050 00008000 0
[M] 01000050 00008000 0 0 ffff8000
[W] 01000050 1 1e 00008000
[F] 01000054 00008eb7
[D] 01000054 37 1d 00 00 0 00 00008000 00
[R] 00 00 00000000 00000000
[E] 01000054 00008000 0
[M] 01000054 00008000 0 0 00000000
[W] 01000054 1 1d 00008000
[F] 01000058 00500193
[D] 01000058 13 03 00 05 0 00 00000005 05
[R] 00 05 00000000 00000000
[E] 01000058 00000005 0
[M] 01000058 00000005 0 0 00000000
[W] 01000058 1 03 00000005
[F] 0100005c 47df1263
[D] 0100005c 63 04 1e 1d 1 23 00000464 1d
[R] 1e 1d 00008000 00008000
[E] 0100005c 010004c0 0
[M] 0100005c 010004c0 0 1 00008000
[W] 0100005c 0 04 010004c0
[F] 01000060 800000b7
[D] 01000060 37 01 00 00 0 40 80000000 00
[R] 00 00 00000000 00000000
[E] 01000060 80000000 0
[M] 01000060 80000000 0 0 00000000
[W] 01000060 1 01 80000000
[F] 01000064 00000113
[D] 01000064 13 02 00 00 0 00 00000000 00
[R] 00 00 00000000 00000000
[E] 01000064 00000000 0
[M] 01000064 00000000 0 0 00000000
[W] 01000064 1 02 00000000
[F] 01000068 40208f33
[D] 01000068 33 1e 01 02 0 20 00000000 02
[R] 01 02 80000000 00000000
[E] 01000068 80000000 0
[M] 01000068 80000000 0 0 00000000
[W] 01000068 1 1e 80000000
[F] 0100006c 80000eb7
[D] 0100006c 37 1d 00 00 0 40 80000000 00
[R] 00 00 00000000 00000000
[E] 0100006c 80000000 0
[M] 0100006c 80000000 0 0 00000000
[W] 0100006c 1 1d 80000000
[F] 01000070 00600193
[D] 01000070 13 03 00 06 0 00 00000006 06
[R] 00 06 00000000 00000000
[E] 01000070 00000006 0
[M] 01000070 00000006 0 0 00000000
[W] 01000070 1 03 00000006
[F] 01000074 45df1663
[D] 01000074 63 0c 1e 1d 1 22 0000044c 1d
[R] 1e 1d 80000000 80000000
[E] 01000074 010004c0 0
[M] 01000074 010004c0 0 1 80000000
[W] 01000074 0 0c 010004c0
[F] 01000078 800000b7
[D] 01000078 37 01 00 00 0 40 80000000 00
[R] 00 00 00000000 00000000
[E] 01000078 80000000 0
[M] 01000078 80000000 0 0 00000000
[W] 01000078 1 01 80000000
[F] 0100007c ffff8137
[D] 0100007c 37 02 00 1f 0 7f ffff8000 1f
[R] 00 1f 00000000 00000000
[E] 0100007c ffff8000 0
[M] 0100007c ffff8000 0 0 00000000
[W] 0100007c 1 02 ffff8000
[F] 01000080 40208f33
[D] 01000080 33 1e 01 02 0 20 00000000 02
[R] 01 02 80000000 ffff8000
[E] 01000080 80008000 0
[M] 01000080 80008000 0 0 ffff8000
[W] 01000080 1 1e 80008000
[F] 01000084 80008eb7
[D] 01000084 37 1d 00 00 0 40 80008000 00
[R] 00 00 00000000 00000000
[E] 01000084 80008000 0
[M] 01000084 80008000 0 0 00000000
[W] 01000084 1 1d 80008000
[F] 01000088 00700193
[D] 01000088 13 03 00 07 0 00 00000007 07
[R] 00 07 00000000 00000000
[E] 01000088 00000007 0
[M] 01000088 00000007 0 0 00000000
[W] 01000088 1 03 00000007
[F] 0100008c 43df1a63
[D] 0100008c 63 14 1e 1d 1 21 00000434 1d
[R] 1e 1d 80008000 80008000
[E] 0100008c 010004c0 0
[M] 0100008c 010004c0 0 1 80008000
[W] 0100008c 0 14 010004c0
[F] 01000090 00000093
[D] 01000090 13 01 00 00 0 00 00000000 00
[R] 00 00 00000000 00000000
[E] 01000090 00000000 0
[M] 01000090 00000000 0 0 00000000
[W] 01000090 1 01 00000000
[F] 01000094 00008137
[D] 01000094 37 02 00 00 0 00 00008000 00
[R] 00 00 00000000 00000000
[E] 01000094 00008000 0
[M] 01000094 00008000 0 0 00000000
[W] 01000094 1 02 00008000
[F] 01000098 fff10113
[D] 01000098 13 02 02 1f 0 7f ffffffff 1f
[R] 02 1f 00008000 00000000
[E] 01000098 00007fff 0
[M] 01000098 00007fff 0 0 00000000
[W] 01000098 1 02 00007fff
[F] 0100009c 40208f33
[D] 0100009c 33 1e 01 02 0 20 00000000 02
[R] 01 02 00000000 00007fff
[E] 0100009c ffff8001 0
[M] 0100009c ffff8001 0 0 00007fff
[W] 0100009c 1 1e ffff8001
[F] 010000a0 ffff8eb7
[D] 010000a0 37 1d 00 1f 0 7f ffff8000 1f
[R] 00 1f 00000000 00000000
[E] 010000a0 ffff8000 0
[M] 010000a0 ffff8000 0 0 00000000
[W] 010000a0 1 1d ffff8000
[F] 010000a4 001e8e93
[D] 010000a4 13 1d 1d 01 0 00 00000001 01
[R] 1d 01 ffff8000 00000000
[E] 010000a4 ffff8001 0
[M] 010000a4 ffff8001 0 0 00000000
[W] 010000a4 1 1d ffff8001
[F] 010000a8 00800193
[D] 010000a8 13 03 00 08 0 00 00000008 08
[R] 00 08 00000000 00000000
[E] 010000a8 00000008 0
[M] 010000a8 00000008 0 0 00000000
[W] 010000a8 1 03 00000008
[F] 010000ac 41df1a63
[D] 010000ac 63 14 1e 1d 1 20 00000414 1d
[R] 1e 1d ffff8001 ffff8001
[E] 010000ac 010004c0 0
[M] 010000ac 010004c0 0 1 ffff8001
[W] 010000ac 0 14 010004c0
[F] 010000b0 800000b7
[D] 010000b0 37 01 00 00 0 40 80000000 00
[R] 00 00 00000000 00000000
[E] 010000b0 80000000 0
[M] 010000b0 80000000 0 0 00000000
[W] 010000b0 1 01 80000000
[F] 010000b4 fff08093
[D] 010000b4 13 01 01 1f 0 7f ffffffff 1f
[R] 01 1f 80000000 00000000
[E] 010000b4 7fffffff 0
[M] 010000b4 7fffffff 0 0 00000000
[W] 010000b4 1 01 7fffffff
[F] 010000b8 00000113
[D] 010000b8 13 02 00 00 0 00 00000000 00
[R] 00 00 00000000 00000000
[E] 010000b8 00000000 0
[M] 010000b8 00000000 0 0 00000000
[W] 010000b8 1 02 00000000
[F] 010000bc 40208f33
[D] 010000bc 33 1e 01 02 0 20 00000000 02
[R] 01 02 7fffffff 00000000
[E] 010000bc 7fffffff 0
[M] 010000bc 7fffffff 0 0 00000000
[W] 010000bc 1 1e 7fffffff
[F] 010000c0 80000eb7
[D] 010000c0 37 1d 00 00 0 40 80000000 00
[R] 00 00 00000000 00000000
[E] 010000c0 80000000 0
[M] 010000c0 80000000 0 0 00000000
[W] 010000c0 1 1d 80000000
[F] 010000c4 fffe8e93
[D] 010000c4 13 1d 1d 1f 0 7f ffffffff 1f
[R] 1d 1f 80000000 00000000
[E] 010000c4 7fffffff 0
[M] 010000c4 7fffffff 0 0 00000000
[W] 010000c4 1 1d 7fffffff
[F] 010000c8 00900193
[D] 010000c8 13 03 00 09 0 00 00000009 09
[R] 00 09 00000000 00000000
[E] 010000c8 00000009 0
[M] 010000c8 00000009 0 0 00000000
[W] 010000c8 1 03 00000009
[F] 010000cc 3fdf1a63
[D] 010000cc 63 14 1e 1d 1 1f 000003f4 1d
[R] 1e 1d 7fffffff 7fffffff
[E] 010000cc 010004c0 0
[M] 010000cc 010004c0 0 1 7fffffff
[W] 010000cc 0 14 010004c0
[F] 010000d0 800000b7
[D] 010000d0 37 01 00 00 0 40 80000000 00
[R] 00 00 00000000 00000000
[E] 010000d0 80000000 0
[M] 010000d0 80000000 0 0 00000000
[W] 010000d0 1 01 80000000
[F] 010000d4 fff08093
[D] 010000d4 13 01 01 1f 0 7f ffffffff 1f
[R] 01 1f 80000000 00000000
[E] 010000d4 7fffffff 0
[M] 010000d4 7fffffff 0 0 00000000
[W] 010000d4 1 01 7fffffff
[F] 010000d8 00008137
[D] 010000d8 37 02 00 00 0 00 00008000 00
[R] 00 00 00000000 00000000
[E] 010000d8 00008000 0
[M] 010000d8 00008000 0 0 00000000
[W] 010000d8 1 02 00008000
[F] 010000dc fff10113
[D] 010000dc 13 02 02 1f 0 7f ffffffff 1f
[R] 02 1f 00008000 00000000
[E] 010000dc 00007fff 0
[M] 010000dc 00007fff 0 0 00000000
[W] 010000dc 1 02 00007fff
[F] 010000e0 40208f33
[D] 010000e0 33 1e 01 02 0 20 00000000 02
[R] 01 02 7fffffff 00007fff
[E] 010000e0 7fff8000 0
[M] 010000e0 7fff8000 0 0 00007fff
[W] 010000e0 1 1e 7fff8000
[F] 010000e4 7fff8eb7
[D] 010000e4 37 1d 00 1f 0 3f 7fff8000 1f
[R] 00 1f 00000000 00000000
[E] 010000e4 7fff8000 0
[M] 010000e4 7fff8000 0 0 00000000
[W] 010000e4 1 1d 7fff8000
[F] 010000e8 00a00193
[D] 010000e8 13 03 00 0a 0 00 0000000a 0a
[R] 00 0a 00000000 00000000
[E] 010000e8 0000000a 0
[M] 010000e8 0000000a 0 0 00000000
[W] 010000e8 1 03 0000000a
[F] 010000ec 3ddf1a63
[D] 010000ec 63 14 1e 1d 1 1e 000003d4 1d
[R] 1e 1d 7fff8000 7fff8000
[E] 010000ec 010004c0 0
[M] 010000ec 010004c0 0 1 7fff8000
[W] 010000ec 0 14 010004c0
[F] 010000f0 800000b7
[D] 010000f0 37 01 00 00 0 40 80000000 00
[R] 00 00 00000000 00000000
[E] 010000f0 80000000 0
[M] 010000f0 80000000 0 0 00000000
[W] 010000f0 1 01 80000000
[F] 010000f4 00008137
[D] 010000f4 37 02 00 00 0 00 00008000 00
[R] 00 00 00000000 00000000
[E] 010000f4 00008000 0
[M] 010000f4 00008000 0 0 00000000
[W] 010000f4 1 02 00008000
[F] 010000f8 fff10113
[D] 010000f8 13 02 02 1f 0 7f ffffffff 1f
[R] 02 1f 00008000 00000000
[E] 010000f8 00007fff 0
[M] 010000f8 00007fff 0 0 00000000
[W] 010000f8 1 02 00007fff
[F] 010000fc 40208f33
[D] 010000fc 33 1e 01 02 0 20 00000000 02
[R] 01 02 80000000 00007fff
[E] 010000fc 7fff8001 0
[M] 010000fc 7fff8001 0 0 00007fff
[W] 010000fc 1 1e 7fff8001
[F] 01000100 7fff8eb7
[D] 01000100 37 1d 00 1f 0 3f 7fff8000 1f
[R] 00 1f 00000000 00000000
[E] 01000100 7fff8000 0
[M] 01000100 7fff8000 0 0 00000000
[W] 01000100 1 1d 7fff8000
[F] 01000104 001e8e93
[D] 01000104 13 1d 1d 01 0 00 00000001 01
[R] 1d 01 7fff8000 80000000
[E] 01000104 7fff8001 0
[M] 01000104 7fff8001 0 0 80000000
[W] 01000104 1 1d 7fff8001
[F] 01000108 00b00193
[D] 01000108 13 03 00 0b 0 00 0000000b 0b
[R] 00 0b 00000000 00000000
[E] 01000108 0000000b 0
[M] 01000108 0000000b 0 0 00000000
[W] 01000108 1 03 0000000b
[F] 0100010c 3bdf1a63
[D] 0100010c 63 14 1e 1d 1 1d 000003b4 1d
[R] 1e 1d 7fff8001 7fff8001
[E] 0100010c 010004c0 0
[M] 0100010c 010004c0 0 1 7fff8001
[W] 0100010c 0 14 010004c0
[F] 01000110 800000b7
[D] 01000110 37 01 00 00 0 40 80000000 00
[R] 00 00 00000000 00000000
[E] 01000110 80000000 0
[M] 01000110 80000000 0 0 00000000
[W] 01000110 1 01 80000000
[F] 01000114 fff08093
[D] 01000114 13 01 01 1f 0 7f ffffffff 1f
[R] 01 1f 80000000 00000000
[E] 01000114 7fffffff 0
[M] 01000114 7fffffff 0 0 00000000
[W] 01000114 1 01 7fffffff
[F] 01000118 ffff8137
[D] 01000118 37 02 00 1f 0 7f ffff8000 1f
[R] 00 1f 00000000 00000000
[E] 01000118 ffff8000 0
[M] 01000118 ffff8000 0 0 00000000
[W] 01000118 1 02 ffff8000
[F] 0100011c 40208f33
[D] 0100011c 33 1e 01 02 0 20 00000000 02
[R] 01 02 7fffffff ffff8000
[E] 0100011c 80007fff 0
[M] 0100011c 80007fff 0 0 ffff8000
[W] 0100011c 1 1e 80007fff
[F] 01000120 80008eb7
[D] 01000120 37 1d 00 00 0 40 80008000 00
[R] 00 00 00000000 00000000
[E] 01000120 80008000 0
[M] 01000120 80008000 0 0 00000000
[W] 01000120 1 1d 80008000
[F] 01000124 fffe8e93
[D] 01000124 13 1d 1d 1f 0 7f ffffffff 1f
[R] 1d 1f 80008000 00000000
[E] 01000124 80007fff 0
[M] 01000124 80007fff 0 0 00000000
[W] 01000124 1 1d 80007fff
[F] 01000128 00c00193
[D] 01000128 13 03 00 0c 0 00 0000000c 0c
[R] 00 0c 00000000 00000000
[E] 01000128 0000000c 0
[M] 01000128 0000000c 0 0 00000000
[W] 01000128 1 03 0000000c
[F] 0100012c 39df1a63
[D] 0100012c 63 14 1e 1d 1 1c 00000394 1d
[R] 1e 1d 80007fff 80007fff
[E] 0100012c 010004c0 0
[M] 0100012c 010004c0 0 1 80007fff
[W] 0100012c 0 14 010004c0
[F] 01000130 00000093
[D] 01000130 13 01 00 00 0 00 00000000 00
[R] 00 00 00000000 00000000
[E] 01000130 00000000 0
[M] 01000130 00000000 0 0 00000000
[W] 01000130 1 01 00000000
[F] 01000134 fff00113
[D] 01000134 13 02 00 1f 0 7f ffffffff 1f
[R] 00 1f 00000000 00000000
[E] 01000134 ffffffff 0
[M] 01000134 ffffffff 0 0 00000000
[W] 01000134 1 02 ffffffff
[F] 01000138 40208f33
[D] 01000138 33 1e 01 02 0 20 00000000 02
[R] 01 02 00000000 ffffffff
[E] 01000138 00000001 0
[M] 01000138 00000001 0 0 ffffffff
[W] 01000138 1 1e 00000001
[F] 0100013c 00100e93
[D] 0100013c 13 1d 00 01 0 00 00000001 01
[R] 00 01 00000000 00000000
[E] 0100013c 00000001 0
[M] 0100013c 00000001 0 0 00000000
[W] 0100013c 1 1d 00000001
[F] 01000140 00d00193
[D] 01000140 13 03 00 0d 0 00 0000000d 0d
[R] 00 0d 00000000 00000000
[E] 01000140 0000000d 0
[M] 01000140 0000000d 0 0 00000000
[W] 01000140 1 03 0000000d
[F] 01000144 37df1e63
[D] 01000144 63 1c 1e 1d 1 1b 0000037c 1d
[R] 1e 1d 00000001 00000001
[E] 01000144 010004c0 0
[M] 01000144 010004c0 0 1 00000001
[W] 01000144 0 1c 010004c0
[F] 01000148 fff00093
[D] 01000148 13 01 00 1f 0 7f ffffffff 1f
[R] 00 1f 00000000 00000000
[E] 01000148 ffffffff 0
[M] 01000148 ffffffff 0 0 00000000
[W] 01000148 1 01 ffffffff
[F] 0100014c 00100113
[D] 0100014c 13 02 00 01 0 00 00000001 01
[R] 00 01 00000000 ffffffff
[E] 0100014c 00000001 0
[M] 0100014c 00000001 0 0 ffffffff
[W] 0100014c 1 02 00000001
[F] 01000150 40208f33
[D] 01000150 33 1e 01 02 0 20 00000000 02
[R] 01 02 ffffffff 00000001
[E] 01000150 fffffffe 0
[M] 01000150 fffffffe 0 0 00000001
[W] 01000150 1 1e fffffffe
[F] 01000154 ffe00e93
[D] 01000154 13 1d 00 1e 0 7f fffffffe 1e
[R] 00 1e 00000000 fffffffe
[E] 01000154 fffffffe 0
[M] 01000154 fffffffe 0 0 fffffffe
[W] 01000154 1 1d fffffffe
[F] 01000158 00e00193
[D] 01000158 13 03 00 0e 0 00 0000000e 0e
[R] 00 0e 00000000 00000000
[E] 01000158 0000000e 0
[M] 01000158 0000000e 0 0 00000000
[W] 01000158 1 03 0000000e
[F] 0100015c 37df1263
[D] 0100015c 63 04 1e 1d 1 1b 00000364 1d
[R] 1e 1d fffffffe fffffffe
[E] 0100015c 010004c0 0
[M] 0100015c 010004c0 0 1 fffffffe
[W] 0100015c 0 04 010004c0
[F] 01000160 fff00093
[D] 01000160 13 01 00 1f 0 7f ffffffff 1f
[R] 00 1f 00000000 00000000
[E] 01000160 ffffffff 0
[M] 01000160 ffffffff 0 0 00000000
[W] 01000160 1 01 ffffffff
[F] 01000164 fff00113
[D] 01000164 13 02 00 1f 0 7f ffffffff 1f
[R] 00 1f 00000000 00000000
[E] 01000164 ffffffff 0
[M] 01000164 ffffffff 0 0 00000000
[W] 01000164 1 02 ffffffff
[F] 01000168 40208f33
[D] 01000168 33 1e 01 02 0 20 00000000 02
[R] 01 02 ffffffff ffffffff
[E] 01000168 00000000 0
[M] 01000168 00000000 0 0 ffffffff
[W] 01000168 1 1e 00000000
[F] 0100016c 00000e93
[D] 0100016c 13 1d 00 00 0 00 00000000 00
[R] 00 00 00000000 00000000
[E] 0100016c 00000000 0
[M] 0100016c 00000000 0 0 00000000
[W] 0100016c 1 1d 00000000
[F] 01000170 00f00193
[D] 01000170 13 03 00 0f 0 00 0000000f 0f
[R] 00 0f 00000000 00000000
[E] 01000170 0000000f 0
[M] 01000170 0000000f 0 0 00000000
[W] 01000170 1 03 0000000f
[F] 01000174 35df1663
[D] 01000174 63 0c 1e 1d 1 1a 0000034c 1d
[R] 1e 1d 00000000 00000000
[E] 01000174 010004c0 0
[M] 01000174 010004c0 0 1 00000000
[W] 01000174 0 0c 010004c0
[F] 01000178 00d00093
[D] 01000178 13 01 00 0d 0 00 0000000d 0d
[R] 00 0d 00000000 00000000
[E] 01000178 0000000d 0
[M] 01000178 0000000d 0 0 00000000
[W] 01000178 1 01 0000000d
[F] 0100017c 00b00113
[D] 0100017c 13 02 00 0b 0 00 0000000b 0b
[R] 00 0b 00000000 00000000
[E] 0100017c 0000000b 0
[M] 0100017c 0000000b 0 0 00000000
[W] 0100017c 1 02 0000000b
[F] 01000180 402080b3
[D] 01000180 33 01 01 02 0 20 00000000 02
[R] 01 02 0000000d 0000000b
[E] 01000180 00000002 0
[M] 01000180 00000002 0 0 0000000b
[W] 01000180 1 01 00000002
[F] 01000184 00200e93
[D] 01000184 13 1d 00 02 0 00 00000002 02
[R] 00 02 00000000 0000000b
[E] 01000184 00000002 0
[M] 01000184 00000002 0 0 0000000b
[W] 01000184 1 1d 00000002
[F] 01000188 01000193
[D] 01000188 13 03 00 10 0 00 00000010 10
[R] 00 10 00000000 00000000
[E] 01000188 00000010 0
[M] 01000188 00000010 0 0 00000000
[W] 01000188 1 03 00000010
[F] 0100018c 33d09a63
[D] 0100018c 63 14 01 1d 1 19 00000334 1d
[R] 01 1d 00000002 00000002
[E] 0100018c 010004c0 0
[M] 0100018c 010004c0 0 1 00000002
[W] 0100018c 0 14 010004c0
[F] 01000190 00e00093
[D] 01000190 13 01 00 0e 0 00 0000000e 0e
[R] 00 0e 00000000 00000000
[E] 01000190 0000000e 0
[M] 01000190 0000000e 0 0 00000000
[W] 01000190 1 01 0000000e
[F] 01000194 00b00113
[D] 01000194 13 02 00 0b 0 00 0000000b 0b
[R] 00 0b 00000000 00000000
[E] 01000194 0000000b 0
[M] 01000194 0000000b 0 0 00000000
[W] 01000194 1 02 0000000b
[F] 01000198 40208133
[D] 01000198 33 02 01 02 0 20 00000000 02
[R] 01 02 0000000e 0000000b
[E] 01000198 00000003 0
[M] 01000198 00000003 0 0 0000000b
[W] 01000198 1 02 00000003
[F] 0100019c 00300e93
[D] 0100019c 13 1d 00 03 0 00 00000003 03
[R] 00 03 00000000 00000010
[E] 0100019c 00000003 0
[M] 0100019c 00000003 0 0 00000010
[W] 0100019c 1 1d 00000003
[F] 010001a0 01100193
[D] 010001a0 13 03 00 11 0 00 00000011 11
[R] 00 11 00000000 00000000
[E] 010001a0 00000011 0
[M] 010001a0 00000011 0 0 00000000
[W] 010001a0 1 03 00000011
[F] 010001a4 31d11e63
[D] 010001a4 63 1c 02 1d 1 18 0000031c 1d
[R] 02 1d 00000003 00000003
[E] 010001a4 010004c0 0
[M] 010001a4 010004c0 0 1 00000003
[W] 010001a4 0 1c 010004c0
[F] 010001a8 00d00093
[D] 010001a8 13 01 00 0d 0 00 0000000d 0d
[R] 00 0d 00000000 00000000
[E] 010001a8 0000000d 0
[M] 010001a8 0000000d 0 0 00000000
[W] 010001a8 1 01 0000000d
[F] 010001ac 401080b3
[D] 010001ac 33 01 01 01 0 20 00000000 01
[R] 01 01 0000000d 0000000d
[E] 010001ac 00000000 0
[M] 010001ac 00000000 0 0 0000000d
[W] 010001ac 1 01 00000000
[F] 010001b0 00000e93
[D] 010001b0 13 1d 00 00 0 00 00000000 00
[R] 00 00 00000000 00000000
[E] 010001b0 00000000 0
[M] 010001b0 00000000 0 0 00000000
[W] 010001b0 1 1d 00000000
[F] 010001b4 01200193
[D] 010001b4 13 03 00 12 0 00 00000012 12
[R] 00 12 00000000 00000000
[E] 010001b4 00000012 0
[M] 010001b4 00000012 0 0 00000000
[W] 010001b4 1 03 00000012
[F] 010001b8 31d09463
[D] 010001b8 63 08 01 1d 1 18 00000308 1d
[R] 01 1d 00000000 00000000
[E] 010001b8 010004c0 0
[M] 010001b8 010004c0 0 1 00000000
[W] 010001b8 0 08 010004c0
[F] 010001bc 00000213
[D] 010001bc 13 04 00 00 0 00 00000000 00
[R] 00 00 00000000 00000000
[E] 010001bc 00000000 0
[M] 010001bc 00000000 0 0 00000000
[W] 010001bc 1 04 00000000
[F] 010001c0 00d00093
[D] 010001c0 13 01 00 0d 0 00 0000000d 0d
[R] 00 0d 00000000 00000000
[E] 010001c0 0000000d 0
[M] 010001c0 0000000d 0 0 00000000
[W] 010001c0 1 01 0000000d
[F] 010001c4 00b00113
[D] 010001c4 13 02 00 0b 0 00 0000000b 0b
[R] 00 0b 00000000 00000000
[E] 010001c4 0000000b 0
[M] 010001c4 0000000b 0 0 00000000
[W] 010001c4 1 02 0000000b
[F] 010001c8 40208f33
[D] 010001c8 33 1e 01 02 0 20 00000000 02
[R] 01 02 0000000d 0000000b
[E] 010001c8 00000002 0
[M] 010001c8 00000002 0 0 0000000b
[W] 010001c8 1 1e 00000002
[F] 010001cc 000f0313
[D] 010001cc 13 06 1e 00 0 00 00000000 00
[R] 1e 00 00000002 00000000
[E] 010001cc 00000002 0
[M] 010001cc 00000002 0 0 00000000
[W] 010001cc 1 06 00000002
[F] 010001d0 00120213
[D] 010001d0 13 04 04 01 0 00 00000001 01
[R] 04 01 00000000 0000000d
[E] 010001d0 00000001 0
[M] 010001d0 00000001 0 0 0000000d
[W] 010001d0 1 04 00000001
[F] 010001d4 00200293
[D] 010001d4 13 05 00 02 0 00 00000002 02
[R] 00 02 00000000 0000000b
[E] 010001d4 00000002 0
[M] 010001d4 00000002 0 0 0000000b
[W] 010001d4 1 05 00000002
[F] 010001d8 fe5214e3
[D] 010001d8 63 09 04 05 1 7f ffffffe8 05
[R] 04 05 00000001 00000002
[E] 010001d8 010001c0 0
[M] 010001d8 010001c0 0 1 00000002
[W] 010001d8 0 09 010001c0
[F] 010001c0 00d00093
[D] 010001c0 13 01 00 0d 0 00 0000000d 0d
[R] 00 0d 00000000 00000000
[E] 010001c0 0000000d 0
[M] 010001c0 0000000d 0 0 00000000
[W] 010001c0 1 01 0000000d
[F] 010001c4 00b00113
[D] 010001c4 13 02 00 0b 0 00 0000000b 0b
[R] 00 0b 00000000 00000000
[E] 010001c4 0000000b 0
[M] 010001c4 0000000b 0 0 00000000
[W] 010001c4 1 02 0000000b
[F] 010001c8 40208f33
[D] 010001c8 33 1e 01 02 0 20 00000000 02
[R] 01 02 0000000d 0000000b
[E] 010001c8 00000002 0
[M] 010001c8 00000002 0 0 0000000b
[W] 010001c8 1 1e 00000002
[F] 010001cc 000f0313
[D] 010001cc 13 06 1e 00 0 00 00000000 00
[R] 1e 00 00000002 00000000
[E] 010001cc 00000002 0
[M] 010001cc 00000002 0 0 00000000
[W] 010001cc 1 06 00000002
[F] 010001d0 00120213
[D] 010001d0 13 04 04 01 0 00 00000001 01
[R] 04 01 00000001 0000000d
[E] 010001d0 00000002 0
[M] 010001d0 00000002 0 0 0000000d
[W] 010001d0 1 04 00000002
[F] 010001d4 00200293
[D] 010001d4 13 05 00 02 0 00 00000002 02
[R] 00 02 00000000 0000000b
[E] 010001d4 00000002 0
[M] 010001d4 00000002 0 0 0000000b
[W] 010001d4 1 05 00000002
[F] 010001d8 fe5214e3
[D] 010001d8 63 09 04 05 1 7f ffffffe8 05
[R] 04 05 00000002 00000002
[E] 010001d8 010001c0 0
[M] 010001d8 010001c0 0 1 00000002
[W] 010001d8 0 09 010001c0
[F] 010001dc 00200e93
[D] 010001dc 13 1d 00 02 0 00 00000002 02
[R] 00 02 00000000 0000000b
[E] 010001dc 00000002 0
[M] 010001dc 00000002 0 0 0000000b
[W] 010001dc 1 1d 00000002
[F] 010001e0 01300193
[D] 010001e0 13 03 00 13 0 00 00000013 13
[R] 00 13 00000000 00000000
[E] 010001e0 00000013 0
[M] 010001e0 00000013 0 0 00000000
[W] 010001e0 1 03 00000013
[F] 010001e4 2dd31e63
[D] 010001e4 63 1c 06 1d 1 16 000002dc 1d
[R] 06 1d 00000002 00000002
[E] 010001e4 010004c0 0
[M] 010001e4 010004c0 0 1 00000002
[W] 010001e4 0 1c 010004c0
[F] 010001e8 00000213
[D] 010001e8 13 04 00 00 0 00 00000000 00
[R] 00 00 00000000 00000000
[E] 010001e8 00000000 0
[M] 010001e8 00000000 0 0 00000000
[W] 010001e8 1 04 00000000
[F] 010001ec 00e00093
[D] 010001ec 13 01 00 0e 0 00 0000000e 0e
[R] 00 0e 00000000 00000000
[E] 010001ec 0000000e 0
[M] 010001ec 0000000e 0 0 00000000
[W] 010001ec 1 01 0000000e
[F] 010001f0 00b00113
[D] 010001f0 13 02 00 0b 0 00 0000000b 0b
[R] 00 0b 00000000 00000000
[E] 010001f0 0000000b 0
[M] 010001f0 0000000b 0 0 00000000
[W] 010001f0 1 02 0000000b
[F] 010001f4 40208f33
[D] 010001f4 33 1e 01 02 0 20 00000000 02
[R] 01 02 0000000e 0000000b
[E] 010001f4 00000003 0
[M] 010001f4 00000003 0 0 0000000b
[W] 010001f4 1 1e 00000003
[F] 010001f8 00000013
[D] 010001f8 13 00 00 00 0 00 00000000 00
[R] 00 00 00000000 00000000
[E] 010001f8 00000000 0
[M] 010001f8 00000000 0 0 00000000
[W] 010001f8 1 00 00000000
[F] 010001fc 000f0313
[D] 010001fc 13 06 1e 00 0 00 00000000 00
[R] 1e 00 00000003 00000000
[E] 010001fc 00000003 0
[M] 010001fc 00000003 0 0 00000000
[W] 010001fc 1 06 00000003
[F] 01000200 00120213
[D] 01000200 13 04 04 01 0 00 00000001 01
[R] 04 01 00000000 0000000e
[E] 01000200 00000001 0
[M] 01000200 00000001 0 0 0000000e
[W] 01000200 1 04 00000001
[F] 01000204 00200293
[D] 01000204 13 05 00 02 0 00 00000002 02
[R] 00 02 00000000 0000000b
[E] 01000204 00000002 0
[M] 01000204 00000002 0 0 0000000b
[W] 01000204 1 05 00000002
[F] 01000208 fe5212e3
[D] 01000208 63 05 04 05 1 7f ffffffe4 05
[R] 04 05 00000001 00000002
[E] 01000208 010001ec 0
[M] 01000208 010001ec 0 1 00000002
[W] 01000208 0 05 010001ec
[F] 010001ec 00e00093
[D] 010001ec 13 01 00 0e 0 00 0000000e 0e
[R] 00 0e 00000000 00000000
[E] 010001ec 0000000e 0
[M] 010001ec 0000000e 0 0 00000000
[W] 010001ec 1 01 0000000e
[F] 010001f0 00b00113
[D] 010001f0 13 02 00 0b 0 00 0000000b 0b
[R] 00 0b 00000000 00000000
[E] 010001f0 0000000b 0
[M] 010001f0 0000000b 0 0 00000000
[W] 010001f0 1 02 0000000b
[F] 010001f4 40208f33
[D] 010001f4 33 1e 01 02 0 20 00000000 02
[R] 01 02 0000000e 0000000b
[E] 010001f4 00000003 0
[M] 010001f4 00000003 0 0 0000000b
[W] 010001f4 1 1e 00000003
[F] 010001f8 00000013
[D] 010001f8 13 00 00 00 0 00 00000000 00
[R] 00 00 00000000 00000000
[E] 010001f8 00000000 0
[M] 010001f8 00000000 0 0 00000000
[W] 010001f8 1 00 00000000
[F] 010001fc 000f0313
[D] 010001fc 13 06 1e 00 0 00 00000000 00
[R] 1e 00 00000003 00000000
[E] 010001fc 00000003 0
[M] 010001fc 00000003 0 0 00000000
[W] 010001fc 1 06 00000003
[F] 01000200 00120213
[D] 01000200 13 04 04 01 0 00 00000001 01
[R] 04 01 00000001 0000000e
[E] 01000200 00000002 0
[M] 01000200 00000002 0 0 0000000e
[W] 01000200 1 04 00000002
[F] 01000204 00200293
[D] 01000204 13 05 00 02 0 00 00000002 02
[R] 00 02 00000000 0000000b
[E] 01000204 00000002 0
[M] 01000204 00000002 0 0 0000000b
[W] 01000204 1 05 00000002
[F] 01000208 fe5212e3
[D] 01000208 63 05 04 05 1 7f ffffffe4 05
[R] 04 05 00000002 00000002
[E] 01000208 010001ec 0
[M] 01000208 010001ec 0 1 00000002
[W] 01000208 0 05 010001ec
[F] 0100020c 00300e93
[D] 0100020c 13 1d 00 03 0 00 00000003 03
[R] 00 03 00000000 00000013
[E] 0100020c 00000003 0
[M] 0100020c 00000003 0 0 00000013
[W] 0100020c 1 1d 00000003
[F] 01000210 01400193
[D] 01000210 13 03 00 14 0 00 00000014 14
[R] 00 14 00000000 00000000
[E] 01000210 00000014 0
[M] 01000210 00000014 0 0 00000000
[W] 01000210 1 03 00000014
[F] 01000214 2bd31663
[D] 01000214 63 0c 06 1d 1 15 000002ac 1d
[R] 06 1d 00000003 00000003
[E] 01000214 010004c0 0
[M] 01000214 010004c0 0 1 00000003
[W] 01000214 0 0c 010004c0
[F] 01000218 00000213
[D] 01000218 13 04 00 00 0 00 00000000 00
[R] 00 00 00000000 00000000
[E] 01000218 00000000 0
[M] 01000218 00000000 0 0 00000000
[W] 01000218 1 04 00000000
[F] 0100021c 00f00093
[D] 0100021c 13 01 00 0f 0 00 0000000f 0f
[R] 00 0f 00000000 00000000
[E] 0100021c 0000000f 0
[M] 0100021c 0000000f 0 0 00000000
[W] 0100021c 1 01 0000000f
[F] 01000220 00b00113
[D] 01000220 13 02 00 0b 0 00 0000000b 0b
[R] 00 0b 00000000 00000000
[E] 01000220 0000000b 0
[M] 01000220 0000000b 0 0 00000000
[W] 01000220 1 02 0000000b
[F] 01000224 40208f33
[D] 01000224 33 1e 01 02 0 20 00000000 02
[R] 01 02 0000000f 0000000b
[E] 01000224 00000004 0
[M] 01000224 00000004 0 0 0000000b
[W] 01000224 1 1e 00000004
[F] 01000228 00000013
[D] 01000228 13 00 00 00 0 00 00000000 00
[R] 00 00 00000000 00000000
[E] 01000228 00000000 0
[M] 01000228 00000000 0 0 00000000
[W] 01000228 1 00 00000000
[F] 0100022c 00000013
[D] 0100022c 13 00 00 00 0 00 00000000 00
[R] 00 00 00000000 00000000
[E] 0100022c 00000000 0
[M] 0100022c 00000000 0 0 00000000
[W] 0100022c 1 00 00000000
[F] 01000230 000f0313
[D] 01000230 13 06 1e 00 0 00 00000000 00
[R] 1e 00 00000004 00000000
[E] 01000230 00000004 0
[M] 01000230 00000004 0 0 00000000
[W] 01000230 1 06 00000004
[F] 01000234 00120213
[D] 01000234 13 04 04 01 0 00 00000001 01
[R] 04 01 00000000 0000000f
[E] 01000234 00000001 0
[M] 01000234 00000001 0 0 0000000f
[W] 01000234 1 04 00000001
[F] 01000238 00200293
[D] 01000238 13 05 00 02 0 00 00000002 02
[R] 00 02 00000000 0000000b
[E] 01000238 00000002 0
[M] 01000238 00000002 0 0 0000000b
[W] 01000238 1 05 00000002
[F] 0100023c fe5210e3
[D] 0100023c 63 01 04 05 1 7f ffffffe0 05
[R] 04 05 00000001 00000002
[E] 0100023c 0100021c 0
[M] 0100023c 0100021c 0 1 00000002
[W] 0100023c 0 01 0100021c
[F] 0100021c 00f00093
[D] 0100021c 13 01 00 0f 0 00 0000000f 0f
[R] 00 0f 00000000 00000000
[E] 0100021c 0000000f 0
[M] 0100021c 0000000f 0 0 00000000
[W] 0100021c 1 01 0000000f
[F] 01000220 00b00113
[D] 01000220 13 02 00 0b 0 00 0000000b 0b
[R] 00 0b 00000000 00000000
[E] 01000220 0000000b 0
[M] 01000220 0000000b 0 0 00000000
[W] 01000220 1 02 0000000b
[F] 01000224 40208f33
[D] 01000224 33 1e 01 02 0 20 00000000 02
[R] 01 02 0000000f 0000000b
[E] 01000224 00000004 0
[M] 01000224 00000004 0 0 0000000b
[W] 01000224 1 1e 00000004
[F] 01000228 00000013
[D] 01000228 13 00 00 00 0 00 00000000 00
[R] 00 00 00000000 00000000
[E] 01000228 00000000 0
[M] 01000228 00000000 0 0 00000000
[W] 01000228 1 00 00000000
[F] 0100022c 00000013
[D] 0100022c 13 00 00 00 0 00 00000000 00
[R] 00 00 00000000 00000000
[E] 0100022c 00000000 0
[M] 0100022c 00000000 0 0 00000000
[W] 0100022c 1 00 00000000
[F] 01000230 000f0313
[D] 01000230 13 06 1e 00 0 00 00000000 00
[R] 1e 00 00000004 00000000
[E] 01000230 00000004 0
[M] 01000230 00000004 0 0 00000000
[W] 01000230 1 06 00000004
[F] 01000234 00120213
[D] 01000234 13 04 04 01 0 00 00000001 01
[R] 04 01 00000001 0000000f
[E] 01000234 00000002 0
[M] 01000234 00000002 0 0 0000000f
[W] 01000234 1 04 00000002
[F] 01000238 00200293
[D] 01000238 13 05 00 02 0 00 00000002 02
[R] 00 02 00000000 0000000b
[E] 01000238 00000002 0
[M] 01000238 00000002 0 0 0000000b
[W] 01000238 1 05 00000002
[F] 0100023c fe5210e3
[D] 0100023c 63 01 04 05 1 7f ffffffe0 05
[R] 04 05 00000002 00000002
[E] 0100023c 0100021c 0
[M] 0100023c 0100021c 0 1 00000002
[W] 0100023c 0 01 0100021c
[F] 01000240 00400e93
[D] 01000240 13 1d 00 04 0 00 00000004 04
[R] 00 04 00000000 00000002
[E] 01000240 00000004 0
[M] 01000240 00000004 0 0 00000002
[W] 01000240 1 1d 00000004
[F] 01000244 01500193
[D] 01000244 13 03 00 15 0 00 00000015 15
[R] 00 15 00000000 00000000
[E] 01000244 00000015 0
[M] 01000244 00000015 0 0 00000000
[W] 01000244 1 03 00000015
[F] 01000248 27d31c63
[D] 01000248 63 18 06 1d 1 13 00000278 1d
[R] 06 1d 00000004 00000004
[E] 01000248 010004c0 0
[M] 01000248 010004c0 0 1 00000004
[W] 01000248 0 18 010004c0
[F] 0100024c 00000213
[D] 0100024c 13 04 00 00 0 00 00000000 00
[R] 00 00 00000000 00000000
[E] 0100024c 00000000 0
[M] 0100024c 00000000 0 0 00000000
[W] 0100024c 1 04 00000000
[F] 01000250 00d00093
[D] 01000250 13 01 00 0d 0 00 0000000d 0d
[R] 00 0d 00000000 00000000
[E] 01000250 0000000d 0
[M] 01000250 0000000d 0 0 00000000
[W] 01000250 1 01 0000000d
[F] 01000254 00b00113
[D] 01000254 13 02 00 0b 0 00 0000000b 0b
[R] 00 0b 00000000 00000000
[E] 01000254 0000000b 0
[M] 01000254 0000000b 0 0 00000000
[W] 01000254 1 02 0000000b
[F] 01000258 40208f33
[D] 01000258 33 1e 01 02 0 20 00000000 02
[R] 01 02 0000000d 0000000b
[E] 01000258 00000002 0
[M] 01000258 00000002 0 0 0000000b
[W] 01000258 1 1e 00000002
[F] 0100025c 00120213
[D] 0100025c 13 04 04 01 0 00 00000001 01
[R] 04 01 00000000 0000000d
[E] 0100025c 00000001 0
[M] 0100025c 00000001 0 0 0000000d
[W] 0100025c 1 04 00000001
[F] 01000260 00200293
[D] 01000260 13 05 00 02 0 00 00000002 02
[R] 00 02 00000000 0000000b
[E] 01000260 00000002 0
[M] 01000260 00000002 0 0 0000000b
[W] 01000260 1 05 00000002
[F] 01000264 fe5216e3
[D] 01000264 63 0d 04 05 1 7f ffffffec 05
[R] 04 05 00000001 00000002
[E] 01000264 01000250 0
[M] 01000264 01000250 0 1 00000002
[W] 01000264 0 0d 01000250
[F] 01000250 00d00093
[D] 01000250 13 01 00 0d 0 00 0000000d 0d
[R] 00 0d 00000000 00000000
[E] 01000250 0000000d 0
[M] 01000250 0000000d 0 0 00000000
[W] 01000250 1 01 0000000d
[F] 01000254 00b00113
[D] 01000254 13 02 00 0b 0 00 0000000b 0b
[R] 00 0b 00000000 00000000
[E] 01000254 0000000b 0
[M] 01000254 0000000b 0 0 00000000
[W] 01000254 1 02 0000000b
[F] 01000258 40208f33
[D] 01000258 33 1e 01 02 0 20 00000000 02
[R] 01 02 0000000d 0000000b
[E] 01000258 00000002 0
[M] 01000258 00000002 0 0 0000000b
[W] 01000258 1 1e 00000002
[F] 0100025c 00120213
[D] 0100025c 13 04 04 01 0 00 00000001 01
[R] 04 01 00000001 0000000d
[E] 0100025c 00000002 0
[M] 0100025c 00000002 0 0 0000000d
[W] 0100025c 1 04 00000002
[F] 01000260 00200293
[D] 01000260 13 05 00 02 0 00 00000002 02
[R] 00 02 00000000 0000000b
[E] 01000260 00000002 0
[M] 01000260 00000002 0 0 0000000b
[W] 01000260 1 05 00000002
[F] 01000264 fe5216e3
[D] 01000264 63 0d 04 05 1 7f ffffffec 05
[R] 04 05 00000002 00000002
[E] 01000264 01000250 0
[M] 01000264 01000250 0 1 00000002
[W] 01000264 0 0d 01000250
[F] 01000268 00200e93
[D] 01000268 13 1d 00 02 0 00 00000002 02
[R] 00 02 00000000 0000000b
[E] 01000268 00000002 0
[M] 01000268 00000002 0 0 0000000b
[W] 01000268 1 1d 00000002
[F] 0100026c 01600193
[D] 0100026c 13 03 00 16 0 00 00000016 16
[R] 00 16 00000000 00000000
[E] 0100026c 00000016 0
[M] 0100026c 00000016 0 0 00000000
[W] 0100026c 1 03 00000016
[F] 01000270 25df1863
[D] 01000270 63 10 1e 1d 1 12 00000250 1d
[R] 1e 1d 00000002 00000002
[E] 01000270 010004c0 0
[M] 01000270 010004c0 0 1 00000002
[W] 01000270 0 10 010004c0
[F] 01000274 00000213
[D] 01000274 13 04 00 00 0 00 00000000 00
[R] 00 00 00000000 00000000
[E] 01000274 00000000 0
[M] 01000274 00000000 0 0 00000000
[W] 01000274 1 04 00000000
[F] 01000278 00e00093
[D] 01000278 13 01 00 0e 0 00 0000000e 0e
[R] 00 0e 00000000 00000000
[E] 01000278 0000000e 0
[M] 01000278 0000000e 0 0 00000000
[W] 01000278 1 01 0000000e
[F] 0100027c 00b00113
[D] 0100027c 13 02 00 0b 0 00 0000000b 0b
[R] 00 0b 00000000 00000000
[E] 0100027c 0000000b 0
[M] 0100027c 0000000b 0 0 00000000
[W] 0100027c 1 02 0000000b
[F] 01000280 00000013
[D] 01000280 13 00 00 00 0 00 00000000 00
[R] 00 00 00000000 00000000
[E] 01000280 00000000 0
[M] 01000280 00000000 0 0 00000000
[W] 01000280 1 00 00000000
[F] 01000284 40208f33
[D] 01000284 33 1e 01 02 0 20 00000000 02
[R] 01 02 0000000e 0000000b
[E] 01000284 00000003 0
[M] 01000284 00000003 0 0 0000000b
[W] 01000284 1 1e 00000003
[F] 01000288 00120213
[D] 01000288 13 04 04 01 0 00 00000001 01
[R] 04 01 00000000 0000000e
[E] 01000288 00000001 0
[M] 01000288 00000001 0 0 0000000e
[W] 01000288 1 04 00000001
[F] 0100028c 00200293
[D] 0100028c 13 05 00 02 0 00 00000002 02
[R] 00 02 00000000 0000000b
[E] 0100028c 00000002 0
[M] 0100028c 00000002 0 0 0000000b
[W] 0100028c 1 05 00000002
[F] 01000290 fe5214e3
[D] 01000290 63 09 04 05 1 7f ffffffe8 05
[R] 04 05 00000001 00000002
[E] 01000290 01000278 0
[M] 01000290 01000278 0 1 00000002
[W] 01000290 0 09 01000278
[F] 01000278 00e00093
[D] 01000278 13 01 00 0e 0 00 0000000e 0e
[R] 00 0e 00000000 00000000
[E] 01000278 0000000e 0
[M] 01000278 0000000e 0 0 00000000
[W] 01000278 1 01 0000000e
[F] 0100027c 00b00113
[D] 0100027c 13 02 00 0b 0 00 0000000b 0b
[R] 00 0b 00000000 00000000
[E] 0100027c 0000000b 0
[M] 0100027c 0000000b 0 0 00000000
[W] 0100027c 1 02 0000000b
[F] 01000280 00000013
[D] 01000280 13 00 00 00 0 00 00000000 00
[R] 00 00 00000000 00000000
[E] 01000280 00000000 0
[M] 01000280 00000000 0 0 00000000
[W] 01000280 1 00 00000000
[F] 01000284 40208f33
[D] 01000284 33 1e 01 02 0 20 00000000 02
[R] 01 02 0000000e 0000000b
[E] 01000284 00000003 0
[M] 01000284 00000003 0 0 0000000b
[W] 01000284 1 1e 00000003
[F] 01000288 00120213
[D] 01000288 13 04 04 01 0 00 00000001 01
[R] 04 01 00000001 0000000e
[E] 01000288 00000002 0
[M] 01000288 00000002 0 0 0000000e
[W] 01000288 1 04 00000002
[F] 0100028c 00200293
[D] 0100028c 13 05 00 02 0 00 00000002 02
[R] 00 02 00000000 0000000b
[E] 0100028c 00000002 0
[M] 0100028c 00000002 0 0 0000000b
[W] 0100028c 1 05 00000002
[F] 01000290 fe5214e3
[D] 01000290 63 09 04 05 1 7f ffffffe8 05
[R] 04 05 00000002 00000002
[E] 01000290 01000278 0
[M] 01000290 01000278 0 1 00000002
[W] 01000290 0 09 01000278
[F] 01000294 00300e93
[D] 01000294 13 1d 00 03 0 00 00000003 03
[R] 00 03 00000000 00000016
[E] 01000294 00000003 0
[M] 01000294 00000003 0 0 00000016
[W] 01000294 1 1d 00000003
[F] 01000298 01700193
[D] 01000298 13 03 00 17 0 00 00000017 17
[R] 00 17 00000000 00000000
[E] 01000298 00000017 0
[M] 01000298 00000017 0 0 00000000
[W] 01000298 1 03 00000017
[F] 0100029c 23df1263
[D] 0100029c 63 04 1e 1d 1 11 00000224 1d
[R] 1e 1d 00000003 00000003
[E] 0100029c 010004c0 0
[M] 0100029c 010004c0 0 1 00000003
[W] 0100029c 0 04 010004c0
[F] 010002a0 00000213
[D] 010002a0 13 04 00 00 0 00 00000000 00
[R] 00 00 00000000 00000000
[E] 010002a0 00000000 0
[M] 010002a0 00000000 0 0 00000000
[W] 010002a0 1 04 00000000
[F] 010002a4 00f00093
[D] 010002a4 13 01 00 0f 0 00 0000000f 0f
[R] 00 0f 00000000 00000000
[E] 010002a4 0000000f 0
[M] 010002a4 0000000f 0 0 00000000
[W] 010002a4 1 01 0000000f
[F] 010002a8 00b00113
[D] 010002a8 13 02 00 0b 0 00 0000000b 0b
[R] 00 0b 00000000 00000000
[E] 010002a8 0000000b 0
[M] 010002a8 0000000b 0 0 00000000
[W] 010002a8 1 02 0000000b
[F] 010002ac 00000013
[D] 010002ac 13 00 00 00 0 00 00000000 00
[R] 00 00 00000000 00000000
[E] 010002ac 00000000 0
[M] 010002ac 00000000 0 0 00000000
[W] 010002ac 1 00 00000000
[F] 010002b0 00000013
[D] 010002b0 13 00 00 00 0 00 00000000 00
[R] 00 00 00000000 00000000
[E] 010002b0 00000000 0
[M] 010002b0 00000000 0 0 00000000
[W] 010002b0 1 00 00000000
[F] 010002b4 40208f33
[D] 010002b4 33 1e 01 02 0 20 00000000 02
[R] 01 02 0000000f 0000000b
[E] 010002b4 00000004 0
[M] 010002b4 00000004 0 0 0000000b
[W] 010002b4 1 1e 00000004
[F] 010002b8 00120213
[D] 010002b8 13 04 04 01 0 00 00000001 01
[R] 04 01 00000000 0000000f
[E] 010002b8 00000001 0
[M] 010002b8 00000001 0 0 0000000f
[W] 010002b8 1 04 00000001
[F] 010002bc 00200293
[D] 010002bc 13 05 00 02 0 00 00000002 02
[R] 00 02 00000000 0000000b
[E] 010002bc 00000002 0
[M] 010002bc 00000002 0 0 0000000b
[W] 010002bc 1 05 00000002
[F] 010002c0 fe5212e3
[D] 010002c0 63 05 04 05 1 7f ffffffe4 05
[R] 04 05 00000001 00000002
[E] 010002c0 010002a4 0
[M] 010002c0 010002a4 0 1 00000002
[W] 010002c0 0 05 010002a4
[F] 010002a4 00f00093
[D] 010002a4 13 01 00 0f 0 00 0000000f 0f
[R] 00 0f 00000000 00000000
[E] 010002a4 0000000f 0
[M] 010002a4 0000000f 0 0 00000000
[W] 010002a4 1 01 0000000f
[F] 010002a8 00b00113
[D] 010002a8 13 02 00 0b 0 00 0000000b 0b
[R] 00 0b 00000000 00000000
[E] 010002a8 0000000b 0
[M] 010002a8 0000000b 0 0 00000000
[W] 010002a8 1 02 0000000b
[F] 010002ac 00000013
[D] 010002ac 13 00 00 00 0 00 00000000 00
[R] 00 00 00000000 00000000
[E] 010002ac 00000000 0
[M] 010002ac 00000000 0 0 00000000
[W] 010002ac 1 00 00000000
[F] 010002b0 00000013
[D] 010002b0 13 00 00 00 0 00 00000000 00
[R] 00 00 00000000 00000000
[E] 010002b0 00000000 0
[M] 010002b0 00000000 0 0 00000000
[W] 010002b0 1 00 00000000
[F] 010002b4 40208f33
[D] 010002b4 33 1e 01 02 0 20 00000000 02
[R] 01 02 0000000f 0000000b
[E] 010002b4 00000004 0
[M] 010002b4 00000004 0 0 0000000b
[W] 010002b4 1 1e 00000004
[F] 010002b8 00120213
[D] 010002b8 13 04 04 01 0 00 00000001 01
[R] 04 01 00000001 0000000f
[E] 010002b8 00000002 0
[M] 010002b8 00000002 0 0 0000000f
[W] 010002b8 1 04 00000002
[F] 010002bc 00200293
[D] 010002bc 13 05 00 02 0 00 00000002 02
[R] 00 02 00000000 0000000b
[E] 010002bc 00000002 0
[M] 010002bc 00000002 0 0 0000000b
[W] 010002bc 1 05 00000002
[F] 010002c0 fe5212e3
[D] 010002c0 63 05 04 05 1 7f ffffffe4 05
[R] 04 05 00000002 00000002
[E] 010002c0 010002a4 0
[M] 010002c0 010002a4 0 1 00000002
[W] 010002c0 0 05 010002a4
[F] 010002c4 00400e93
[D] 010002c4 13 1d 00 04 0 00 00000004 04
[R] 00 04 00000000 00000002
[E] 010002c4 00000004 0
[M] 010002c4 00000004 0 0 00000002
[W] 010002c4 1 1d 00000004
[F] 010002c8 01800193
[D] 010002c8 13 03 00 18 0 00 00000018 18
[R] 00 18 00000000 00000000
[E] 010002c8 00000018 0
[M] 010002c8 00000018 0 0 00000000
[W] 010002c8 1 03 00000018
[F] 010002cc 1fdf1a63
[D] 010002cc 63 14 1e 1d 1 0f 000001f4 1d
[R] 1e 1d 00000004 00000004
[E] 010002cc 010004c0 0
[M] 010002cc 010004c0 0 1 00000004
[W] 010002cc 0 14 010004c0
[F] 010002d0 00000213
[D] 010002d0 13 04 00 00 0 00 00000000 00
[R] 00 00 00000000 00000000
[E] 010002d0 00000000 0
[M] 010002d0 00000000 0 0 00000000
[W] 010002d0 1 04 00000000
[F] 010002d4 00d00093
[D] 010002d4 13 01 00 0d 0 00 0000000d 0d
[R] 00 0d 00000000 00000000
[E] 010002d4 0000000d 0
[M] 010002d4 0000000d 0 0 00000000
[W] 010002d4 1 01 0000000d
[F] 010002d8 00000013
[D] 010002d8 13 00 00 00 0 00 00000000 00
[R] 00 00 00000000 00000000
[E] 010002d8 00000000 0
[M] 010002d8 00000000 0 0 00000000
[W] 010002d8 1 00 00000000
[F] 010002dc 00b00113
[D] 010002dc 13 02 00 0b 0 00 0000000b 0b
[R] 00 0b 00000000 00000000
[E] 010002dc 0000000b 0
[M] 010002dc 0000000b 0 0 00000000
[W] 010002dc 1 02 0000000b
[F] 010002e0 40208f33
[D] 010002e0 33 1e 01 02 0 20 00000000 02
[R] 01 02 0000000d 0000000b
[E] 010002e0 00000002 0
[M] 010002e0 00000002 0 0 0000000b
[W] 010002e0 1 1e 00000002
[F] 010002e4 00120213
[D] 010002e4 13 04 04 01 0 00 00000001 01
[R] 04 01 00000000 0000000d
[E] 010002e4 00000001 0
[M] 010002e4 00000001 0 0 0000000d
[W] 010002e4 1 04 00000001
[F] 010002e8 00200293
[D] 010002e8 13 05 00 02 0 00 00000002 02
[R] 00 02 00000000 0000000b
[E] 010002e8 00000002 0
[M] 010002e8 00000002 0 0 0000000b
[W] 010002e8 1 05 00000002
[F] 010002ec fe5214e3
[D] 010002ec 63 09 04 05 1 7f ffffffe8 05
[R] 04 05 00000001 00000002
[E] 010002ec 010002d4 0
[M] 010002ec 010002d4 0 1 00000002
[W] 010002ec 0 09 010002d4
[F] 010002d4 00d00093
[D] 010002d4 13 01 00 0d 0 00 0000000d 0d
[R] 00 0d 00000000 00000000
[E] 010002d4 0000000d 0
[M] 010002d4 0000000d 0 0 00000000
[W] 010002d4 1 01 0000000d
[F] 010002d8 00000013
[D] 010002d8 13 00 00 00 0 00 00000000 00
[R] 00 00 00000000 00000000
[E] 010002d8 00000000 0
[M] 010002d8 00000000 0 0 00000000
[W] 010002d8 1 00 00000000
[F] 010002dc 00b00113
[D] 010002dc 13 02 00 0b 0 00 0000000b 0b
[R] 00 0b 00000000 00000000
[E] 010002dc 0000000b 0
[M] 010002dc 0000000b 0 0 00000000
[W] 010002dc 1 02 0000000b
[F] 010002e0 40208f33
[D] 010002e0 33 1e 01 02 0 20 00000000 02
[R] 01 02 0000000d 0000000b
[E] 010002e0 00000002 0
[M] 010002e0 00000002 0 0 0000000b
[W] 010002e0 1 1e 00000002
[F] 010002e4 00120213
[D] 010002e4 13 04 04 01 0 00 00000001 01
[R] 04 01 00000001 0000000d
[E] 010002e4 00000002 0
[M] 010002e4 00000002 0 0 0000000d
[W] 010002e4 1 04 00000002
[F] 010002e8 00200293
[D] 010002e8 13 05 00 02 0 00 00000002 02
[R] 00 02 00000000 0000000b
[E] 010002e8 00000002 0
[M] 010002e8 00000002 0 0 0000000b
[W] 010002e8 1 05 00000002
[F] 010002ec fe5214e3
[D] 010002ec 63 09 04 05 1 7f ffffffe8 05
[R] 04 05 00000002 00000002
[E] 010002ec 010002d4 0
[M] 010002ec 010002d4 0 1 00000002
[W] 010002ec 0 09 010002d4
[F] 010002f0 00200e93
[D] 010002f0 13 1d 00 02 0 00 00000002 02
[R] 00 02 00000000 0000000b
[E] 010002f0 00000002 0
[M] 010002f0 00000002 0 0 0000000b
[W] 010002f0 1 1d 00000002
[F] 010002f4 01900193
[D] 010002f4 13 03 00 19 0 00 00000019 19
[R] 00 19 00000000 00000000
[E] 010002f4 00000019 0
[M] 010002f4 00000019 0 0 00000000
[W] 010002f4 1 03 00000019
[F] 010002f8 1ddf1463
[D] 010002f8 63 08 1e 1d 1 0e 000001c8 1d
[R] 1e 1d 00000002 00000002
[E] 010002f8 010004c0 0
[M] 010002f8 010004c0 0 1 00000002
[W] 010002f8 0 08 010004c0
[F] 010002fc 00000213
[D] 010002fc 13 04 00 00 0 00 00000000 00
[R] 00 00 00000000 00000000
[E] 010002fc 00000000 0
[M] 010002fc 00000000 0 0 00000000
[W] 010002fc 1 04 00000000
[F] 01000300 00e00093
[D] 01000300 13 01 00 0e 0 00 0000000e 0e
[R] 00 0e 00000000 00000000
[E] 01000300 0000000e 0
[M] 01000300 0000000e 0 0 00000000
[W] 01000300 1 01 0000000e
[F] 01000304 00000013
[D] 01000304 13 00 00 00 0 00 00000000 00
[R] 00 00 00000000 00000000
[E] 01000304 00000000 0
[M] 01000304 00000000 0 0 00000000
[W] 01000304 1 00 00000000
[F] 01000308 00b00113
[D] 01000308 13 02 00 0b 0 00 0000000b 0b
[R] 00 0b 00000000 00000000
[E] 01000308 0000000b 0
[M] 01000308 0000000b 0 0 00000000
[W] 01000308 1 02 0000000b
[F] 0100030c 00000013
[D] 0100030c 13 00 00 00 0 00 00000000 00
[R] 00 00 00000000 00000000
[E] 0100030c 00000000 0
[M] 0100030c 00000000 0 0 00000000
[W] 0100030c 1 00 00000000
[F] 01000310 40208f33
[D] 01000310 33 1e 01 02 0 20 00000000 02
[R] 01 02 0000000e 0000000b
[E] 01000310 00000003 0
[M] 01000310 00000003 0 0 0000000b
[W] 01000310 1 1e 00000003
[F] 01000314 00120213
[D] 01000314 13 04 04 01 0 00 00000001 01
[R] 04 01 00000000 0000000e
[E] 01000314 00000001 0
[M] 01000314 00000001 0 0 0000000e
[W] 01000314 1 04 00000001
[F] 01000318 00200293
[D] 01000318 13 05 00 02 0 00 00000002 02
[R] 00 02 00000000 0000000b
[E] 01000318 00000002 0
[M] 01000318 00000002 0 0 0000000b
[W] 01000318 1 05 00000002
[F] 0100031c fe5212e3
[D] 0100031c 63 05 04 05 1 7f ffffffe4 05
[R] 04 05 00000001 00000002
[E] 0100031c 01000300 0
[M] 0100031c 01000300 0 1 00000002
[W] 0100031c 0 05 01000300
[F] 01000300 00e00093
[D] 01000300 13 01 00 0e 0 00 0000000e 0e
[R] 00 0e 00000000 00000000
[E] 01000300 0000000e 0
[M] 01000300 0000000e 0 0 00000000
[W] 01000300 1 01 0000000e
[F] 01000304 00000013
[D] 01000304 13 00 00 00 0 00 00000000 00
[R] 00 00 00000000 00000000
[E] 01000304 00000000 0
[M] 01000304 00000000 0 0 00000000
[W] 01000304 1 00 00000000
[F] 01000308 00b00113
[D] 01000308 13 02 00 0b 0 00 0000000b 0b
[R] 00 0b 00000000 00000000
[E] 01000308 0000000b 0
[M] 01000308 0000000b 0 0 00000000
[W] 01000308 1 02 0000000b
[F] 0100030c 00000013
[D] 0100030c 13 00 00 00 0 00 00000000 00
[R] 00 00 00000000 00000000
[E] 0100030c 00000000 0
[M] 0100030c 00000000 0 0 00000000
[W] 0100030c 1 00 00000000
[F] 01000310 40208f33
[D] 01000310 33 1e 01 02 0 20 00000000 02
[R] 01 02 0000000e 0000000b
[E] 01000310 00000003 0
[M] 01000310 00000003 0 0 0000000b
[W] 01000310 1 1e 00000003
[F] 01000314 00120213
[D] 01000314 13 04 04 01 0 00 00000001 01
[R] 04 01 00000001 0000000e
[E] 01000314 00000002 0
[M] 01000314 00000002 0 0 0000000e
[W] 01000314 1 04 00000002
[F] 01000318 00200293
[D] 01000318 13 05 00 02 0 00 00000002 02
[R] 00 02 00000000 0000000b
[E] 01000318 00000002 0
[M] 01000318 00000002 0 0 0000000b
[W] 01000318 1 05 00000002
[F] 0100031c fe5212e3
[D] 0100031c 63 05 04 05 1 7f ffffffe4 05
[R] 04 05 00000002 00000002
[E] 0100031c 01000300 0
[M] 0100031c 01000300 0 1 00000002
[W] 0100031c 0 05 01000300
[F] 01000320 00300e93
[D] 01000320 13 1d 00 03 0 00 00000003 03
[R] 00 03 00000000 00000019
[E] 01000320 00000003 0
[M] 01000320 00000003 0 0 00000019
[W] 01000320 1 1d 00000003
[F] 01000324 01a00193
[D] 01000324 13 03 00 1a 0 00 0000001a 1a
[R] 00 1a 00000000 00000000
[E] 01000324 0000001a 0
[M] 01000324 0000001a 0 0 00000000
[W] 01000324 1 03 0000001a
[F] 01000328 19df1c63
[D] 01000328 63 18 1e 1d 1 0c 00000198 1d
[R] 1e 1d 00000003 00000003
[E] 01000328 010004c0 0
[M] 01000328 010004c0 0 1 00000003
[W] 01000328 0 18 010004c0
[F] 0100032c 00000213
[D] 0100032c 13 04 00 00 0 00 00000000 00
[R] 00 00 00000000 00000000
[E] 0100032c 00000000 0
[M] 0100032c 00000000 0 0 00000000
[W] 0100032c 1 04 00000000
[F] 01000330 00f00093
[D] 01000330 13 01 00 0f 0 00 0000000f 0f
[R] 00 0f 00000000 00000000
[E] 01000330 0000000f 0
[M] 01000330 0000000f 0 0 00000000
[W] 01000330 1 01 0000000f
[F] 01000334 00000013
[D] 01000334 13 00 00 00 0 00 00000000 00
[R] 00 00 00000000 00000000
[E] 01000334 00000000 0
[M] 01000334 00000000 0 0 00000000
[W] 01000334 1 00 00000000
[F] 01000338 00000013
[D] 01000338 13 00 00 00 0 00 00000000 00
[R] 00 00 00000000 00000000
[E] 01000338 00000000 0
[M] 01000338 00000000 0 0 00000000
[W] 01000338 1 00 00000000
[F] 0100033c 00b00113
[D] 0100033c 13 02 00 0b 0 00 0000000b 0b
[R] 00 0b 00000000 00000000
[E] 0100033c 0000000b 0
[M] 0100033c 0000000b 0 0 00000000
[W] 0100033c 1 02 0000000b
[F] 01000340 40208f33
[D] 01000340 33 1e 01 02 0 20 00000000 02
[R] 01 02 0000000f 0000000b
[E] 01000340 00000004 0
[M] 01000340 00000004 0 0 0000000b
[W] 01000340 1 1e 00000004
[F] 01000344 00120213
[D] 01000344 13 04 04 01 0 00 00000001 01
[R] 04 01 00000000 0000000f
[E] 01000344 00000001 0
[M] 01000344 00000001 0 0 0000000f
[W] 01000344 1 04 00000001
[F] 01000348 00200293
[D] 01000348 13 05 00 02 0 00 00000002 02
[R] 00 02 00000000 0000000b
[E] 01000348 00000002 0
[M] 01000348 00000002 0 0 0000000b
[W] 01000348 1 05 00000002
[F] 0100034c fe5212e3
[D] 0100034c 63 05 04 05 1 7f ffffffe4 05
[R] 04 05 00000001 00000002
[E] 0100034c 01000330 0
[M] 0100034c 01000330 0 1 00000002
[W] 0100034c 0 05 01000330
[F] 01000330 00f00093
[D] 01000330 13 01 00 0f 0 00 0000000f 0f
[R] 00 0f 00000000 00000000
[E] 01000330 0000000f 0
[M] 01000330 0000000f 0 0 00000000
[W] 01000330 1 01 0000000f
[F] 01000334 00000013
[D] 01000334 13 00 00 00 0 00 00000000 00
[R] 00 00 00000000 00000000
[E] 01000334 00000000 0
[M] 01000334 00000000 0 0 00000000
[W] 01000334 1 00 00000000
[F] 01000338 00000013
[D] 01000338 13 00 00 00 0 00 00000000 00
[R] 00 00 00000000 00000000
[E] 01000338 00000000 0
[M] 01000338 00000000 0 0 00000000
[W] 01000338 1 00 00000000
[F] 0100033c 00b00113
[D] 0100033c 13 02 00 0b 0 00 0000000b 0b
[R] 00 0b 00000000 00000000
[E] 0100033c 0000000b 0
[M] 0100033c 0000000b 0 0 00000000
[W] 0100033c 1 02 0000000b
[F] 01000340 40208f33
[D] 01000340 33 1e 01 02 0 20 00000000 02
[R] 01 02 0000000f 0000000b
[E] 01000340 00000004 0
[M] 01000340 00000004 0 0 0000000b
[W] 01000340 1 1e 00000004
[F] 01000344 00120213
[D] 01000344 13 04 04 01 0 00 00000001 01
[R] 04 01 00000001 0000000f
[E] 01000344 00000002 0
[M] 01000344 00000002 0 0 0000000f
[W] 01000344 1 04 00000002
[F] 01000348 00200293
[D] 01000348 13 05 00 02 0 00 00000002 02
[R] 00 02 00000000 0000000b
[E] 01000348 00000002 0
[M] 01000348 00000002 0 0 0000000b
[W] 01000348 1 05 00000002
[F] 0100034c fe5212e3
[D] 0100034c 63 05 04 05 1 7f ffffffe4 05
[R] 04 05 00000002 00000002
[E] 0100034c 01000330 0
[M] 0100034c 01000330 0 1 00000002
[W] 0100034c 0 05 01000330
[F] 01000350 00400e93
[D] 01000350 13 1d 00 04 0 00 00000004 04
[R] 00 04 00000000 00000002
[E] 01000350 00000004 0
[M] 01000350 00000004 0 0 00000002
[W] 01000350 1 1d 00000004
[F] 01000354 01b00193
[D] 01000354 13 03 00 1b 0 00 0000001b 1b
[R] 00 1b 00000000 00000000
[E] 01000354 0000001b 0
[M] 01000354 0000001b 0 0 00000000
[W] 01000354 1 03 0000001b
[F] 01000358 17df1463
[D] 01000358 63 08 1e 1d 1 0b 00000168 1d
[R] 1e 1d 00000004 00000004
[E] 01000358 010004c0 0
[M] 01000358 010004c0 0 1 00000004
[W] 01000358 0 08 010004c0
[F] 0100035c 00000213
[D] 0100035c 13 04 00 00 0 00 00000000 00
[R] 00 00 00000000 00000000
[E] 0100035c 00000000 0
[M] 0100035c 00000000 0 0 00000000
[W] 0100035c 1 04 00000000
[F] 01000360 00b00113
[D] 01000360 13 02 00 0b 0 00 0000000b 0b
[R] 00 0b 00000000 00000000
[E] 01000360 0000000b 0
[M] 01000360 0000000b 0 0 00000000
[W] 01000360 1 02 0000000b
[F] 01000364 00d00093
[D] 01000364 13 01 00 0d 0 00 0000000d 0d
[R] 00 0d 00000000 00000000
[E] 01000364 0000000d 0
[M] 01000364 0000000d 0 0 00000000
[W] 01000364 1 01 0000000d
[F] 01000368 40208f33
[D] 01000368 33 1e 01 02 0 20 00000000 02
[R] 01 02 0000000d 0000000b
[E] 01000368 00000002 0
[M] 01000368 00000002 0 0 0000000b
[W] 01000368 1 1e 00000002
[F] 0100036c 00120213
[D] 0100036c 13 04 04 01 0 00 00000001 01
[R] 04 01 00000000 0000000d
[E] 0100036c 00000001 0
[M] 0100036c 00000001 0 0 0000000d
[W] 0100036c 1 04 00000001
[F] 01000370 00200293
[D] 01000370 13 05 00 02 0 00 00000002 02
[R] 00 02 00000000 0000000b
[E] 01000370 00000002 0
[M] 01000370 00000002 0 0 0000000b
[W] 01000370 1 05 00000002
[F] 01000374 fe5216e3
[D] 01000374 63 0d 04 05 1 7f ffffffec 05
[R] 04 05 00000001 00000002
[E] 01000374 01000360 0
[M] 01000374 01000360 0 1 00000002
[W] 01000374 0 0d 01000360
[F] 01000360 00b00113
[D] 01000360 13 02 00 0b 0 00 0000000b 0b
[R] 00 0b 00000000 00000000
[E] 01000360 0000000b 0
[M] 01000360 0000000b 0 0 00000000
[W] 01000360 1 02 0000000b
[F] 01000364 00d00093
[D] 01000364 13 01 00 0d 0 00 0000000d 0d
[R] 00 0d 00000000 00000000
[E] 01000364 0000000d 0
[M] 01000364 0000000d 0 0 00000000
[W] 01000364 1 01 0000000d
[F] 01000368 40208f33
[D] 01000368 33 1e 01 02 0 20 00000000 02
[R] 01 02 0000000d 0000000b
[E] 01000368 00000002 0
[M] 01000368 00000002 0 0 0000000b
[W] 01000368 1 1e 00000002
[F] 0100036c 00120213
[D] 0100036c 13 04 04 01 0 00 00000001 01
[R] 04 01 00000001 0000000d
[E] 0100036c 00000002 0
[M] 0100036c 00000002 0 0 0000000d
[W] 0100036c 1 04 00000002
[F] 01000370 00200293
[D] 01000370 13 05 00 02 0 00 00000002 02
[R] 00 02 00000000 0000000b
[E] 01000370 00000002 0
[M] 01000370 00000002 0 0 0000000b
[W] 01000370 1 05 00000002
[F] 01000374 fe5216e3
[D] 01000374 63 0d 04 05 1 7f ffffffec 05
[R] 04 05 00000002 00000002
[E] 01000374 01000360 0
[M] 01000374 01000360 0 1 00000002
[W] 01000374 0 0d 01000360
[F] 01000378 00200e93
[D] 01000378 13 1d 00 02 0 00 00000002 02
[R] 00 02 00000000 0000000b
[E] 01000378 00000002 0
[M] 01000378 00000002 0 0 0000000b
[W] 01000378 1 1d 00000002
[F] 0100037c 01c00193
[D] 0100037c 13 03 00 1c 0 00 0000001c 1c
[R] 00 1c 00000000 00000000
[E] 0100037c 0000001c 0
[M] 0100037c 0000001c 0 0 00000000
[W] 0100037c 1 03 0000001c
[F] 01000380 15df1063
[D] 01000380 63 00 1e 1d 1 0a 00000140 1d
[R] 1e 1d 00000002 00000002
[E] 01000380 010004c0 0
[M] 01000380 010004c0 0 1 00000002
[W] 01000380 0 00 010004c0
[F] 01000384 00000213
[D] 01000384 13 04 00 00 0 00 00000000 00
[R] 00 00 00000000 00000000
[E] 01000384 00000000 0
[M] 01000384 00000000 0 0 00000000
[W] 01000384 1 04 00000000
[F] 01000388 00b00113
[D] 01000388 13 02 00 0b 0 00 0000000b 0b
[R] 00 0b 00000000 00000000
[E] 01000388 0000000b 0
[M] 01000388 0000000b 0 0 00000000
[W] 01000388 1 02 0000000b
[F] 0100038c 00e00093
[D] 0100038c 13 01 00 0e 0 00 0000000e 0e
[R] 00 0e 00000000 00000000
[E] 0100038c 0000000e 0
[M] 0100038c 0000000e 0 0 00000000
[W] 0100038c 1 01 0000000e
[F] 01000390 00000013
[D] 01000390 13 00 00 00 0 00 00000000 00
[R] 00 00 00000000 00000000
[E] 01000390 00000000 0
[M] 01000390 00000000 0 0 00000000
[W] 01000390 1 00 00000000
[F] 01000394 40208f33
[D] 01000394 33 1e 01 02 0 20 00000000 02
[R] 01 02 0000000e 0000000b
[E] 01000394 00000003 0
[M] 01000394 00000003 0 0 0000000b
[W] 01000394 1 1e 00000003
[F] 01000398 00120213
[D] 01000398 13 04 04 01 0 00 00000001 01
[R] 04 01 00000000 0000000e
[E] 01000398 00000001 0
[M] 01000398 00000001 0 0 0000000e
[W] 01000398 1 04 00000001
[F] 0100039c 00200293
[D] 0100039c 13 05 00 02 0 00 00000002 02
[R] 00 02 00000000 0000000b
[E] 0100039c 00000002 0
[M] 0100039c 00000002 0 0 0000000b
[W] 0100039c 1 05 00000002
[F] 010003a0 fe5214e3
[D] 010003a0 63 09 04 05 1 7f ffffffe8 05
[R] 04 05 00000001 00000002
[E] 010003a0 01000388 0
[M] 010003a0 01000388 0 1 00000002
[W] 010003a0 0 09 01000388
[F] 01000388 00b00113
[D] 01000388 13 02 00 0b 0 00 0000000b 0b
[R] 00 0b 00000000 00000000
[E] 01000388 0000000b 0
[M] 01000388 0000000b 0 0 00000000
[W] 01000388 1 02 0000000b
[F] 0100038c 00e00093
[D] 0100038c 13 01 00 0e 0 00 0000000e 0e
[R] 00 0e 00000000 00000000
[E] 0100038c 0000000e 0
[M] 0100038c 0000000e 0 0 00000000
[W] 0100038c 1 01 0000000e
[F] 01000390 00000013
[D] 01000390 13 00 00 00 0 00 00000000 00
[R] 00 00 00000000 00000000
[E] 01000390 00000000 0
[M] 01000390 00000000 0 0 00000000
[W] 01000390 1 00 00000000
[F] 01000394 40208f33
[D] 01000394 33 1e 01 02 0 20 00000000 02
[R] 01 02 0000000e 0000000b
[E] 01000394 00000003 0
[M] 01000394 00000003 0 0 0000000b
[W] 01000394 1 1e 00000003
[F] 01000398 00120213
[D] 01000398 13 04 04 01 0 00 00000001 01
[R] 04 01 00000001 0000000e
[E] 01000398 00000002 0
[M] 01000398 00000002 0 0 0000000e
[W] 01000398 1 04 00000002
[F] 0100039c 00200293
[D] 0100039c 13 05 00 02 0 00 00000002 02
[R] 00 02 00000000 0000000b
[E] 0100039c 00000002 0
[M] 0100039c 00000002 0 0 0000000b
[W] 0100039c 1 05 00000002
[F] 010003a0 fe5214e3
[D] 010003a0 63 09 04 05 1 7f ffffffe8 05
[R] 04 05 00000002 00000002
[E] 010003a0 01000388 0
[M] 010003a0 01000388 0 1 00000002
[W] 010003a0 0 09 01000388
[F] 010003a4 00300e93
[D] 010003a4 13 1d 00 03 0 00 00000003 03
[R] 00 03 00000000 0000001c
[E] 010003a4 00000003 0
[M] 010003a4 00000003 0 0 0000001c
[W] 010003a4 1 1d 00000003
[F] 010003a8 01d00193
[D] 010003a8 13 03 00 1d 0 00 0000001d 1d
[R] 00 1d 00000000 00000003
[E] 010003a8 0000001d 0
[M] 010003a8 0000001d 0 0 00000003
[W] 010003a8 1 03 0000001d
[F] 010003ac 11df1a63
[D] 010003ac 63 14 1e 1d 1 08 00000114 1d
[R] 1e 1d 00000003 00000003
[E] 010003ac 010004c0 0
[M] 010003ac 010004c0 0 1 00000003
[W] 010003ac 0 14 010004c0
[F] 010003b0 00000213
[D] 010003b0 13 04 00 00 0 00 00000000 00
[R] 00 00 00000000 00000000
[E] 010003b0 00000000 0
[M] 010003b0 00000000 0 0 00000000
[W] 010003b0 1 04 00000000
[F] 010003b4 00b00113
[D] 010003b4 13 02 00 0b 0 00 0000000b 0b
[R] 00 0b 00000000 00000000
[E] 010003b4 0000000b 0
[M] 010003b4 0000000b 0 0 00000000
[W] 010003b4 1 02 0000000b
[F] 010003b8 00f00093
[D] 010003b8 13 01 00 0f 0 00 0000000f 0f
[R] 00 0f 00000000 00000000
[E] 010003b8 0000000f 0
[M] 010003b8 0000000f 0 0 00000000
[W] 010003b8 1 01 0000000f
[F] 010003bc 00000013
[D] 010003bc 13 00 00 00 0 00 00000000 00
[R] 00 00 00000000 00000000
[E] 010003bc 00000000 0
[M] 010003bc 00000000 0 0 00000000
[W] 010003bc 1 00 00000000
[F] 010003c0 00000013
[D] 010003c0 13 00 00 00 0 00 00000000 00
[R] 00 00 00000000 00000000
[E] 010003c0 00000000 0
[M] 010003c0 00000000 0 0 00000000
[W] 010003c0 1 00 00000000
[F] 010003c4 40208f33
[D] 010003c4 33 1e 01 02 0 20 00000000 02
[R] 01 02 0000000f 0000000b
[E] 010003c4 00000004 0
[M] 010003c4 00000004 0 0 0000000b
[W] 010003c4 1 1e 00000004
[F] 010003c8 00120213
[D] 010003c8 13 04 04 01 0 00 00000001 01
[R] 04 01 00000000 0000000f
[E] 010003c8 00000001 0
[M] 010003c8 00000001 0 0 0000000f
[W] 010003c8 1 04 00000001
[F] 010003cc 00200293
[D] 010003cc 13 05 00 02 0 00 00000002 02
[R] 00 02 00000000 0000000b
[E] 010003cc 00000002 0
[M] 010003cc 00000002 0 0 0000000b
[W] 010003cc 1 05 00000002
[F] 010003d0 fe5212e3
[D] 010003d0 63 05 04 05 1 7f ffffffe4 05
[R] 04 05 00000001 00000002
[E] 010003d0 010003b4 0
[M] 010003d0 010003b4 0 1 00000002
[W] 010003d0 0 05 010003b4
[F] 010003b4 00b00113
[D] 010003b4 13 02 00 0b 0 00 0000000b 0b
[R] 00 0b 00000000 00000000
[E] 010003b4 0000000b 0
[M] 010003b4 0000000b 0 0 00000000
[W] 010003b4 1 02 0000000b
[F] 010003b8 00f00093
[D] 010003b8 13 01 00 0f 0 00 0000000f 0f
[R] 00 0f 00000000 00000000
[E] 010003b8 0000000f 0
[M] 010003b8 0000000f 0 0 00000000
[W] 010003b8 1 01 0000000f
[F] 010003bc 00000013
[D] 010003bc 13 00 00 00 0 00 00000000 00
[R] 00 00 00000000 00000000
[E] 010003bc 00000000 0
[M] 010003bc 00000000 0 0 00000000
[W] 010003bc 1 00 00000000
[F] 010003c0 00000013
[D] 010003c0 13 00 00 00 0 00 00000000 00
[R] 00 00 00000000 00000000
[E] 010003c0 00000000 0
[M] 010003c0 00000000 0 0 00000000
[W] 010003c0 1 00 00000000
[F] 010003c4 40208f33
[D] 010003c4 33 1e 01 02 0 20 00000000 02
[R] 01 02 0000000f 0000000b
[E] 010003c4 00000004 0
[M] 010003c4 00000004 0 0 0000000b
[W] 010003c4 1 1e 00000004
[F] 010003c8 00120213
[D] 010003c8 13 04 04 01 0 00 00000001 01
[R] 04 01 00000001 0000000f
[E] 010003c8 00000002 0
[M] 010003c8 00000002 0 0 0000000f
[W] 010003c8 1 04 00000002
[F] 010003cc 00200293
[D] 010003cc 13 05 00 02 0 00 00000002 02
[R] 00 02 00000000 0000000b
[E] 010003cc 00000002 0
[M] 010003cc 00000002 0 0 0000000b
[W] 010003cc 1 05 00000002
[F] 010003d0 fe5212e3
[D] 010003d0 63 05 04 05 1 7f ffffffe4 05
[R] 04 05 00000002 00000002
[E] 010003d0 010003b4 0
[M] 010003d0 010003b4 0 1 00000002
[W] 010003d0 0 05 010003b4
[F] 010003d4 00400e93
[D] 010003d4 13 1d 00 04 0 00 00000004 04
[R] 00 04 00000000 00000002
[E] 010003d4 00000004 0
[M] 010003d4 00000004 0 0 00000002
[W] 010003d4 1 1d 00000004
[F] 010003d8 01e00193
[D] 010003d8 13 03 00 1e 0 00 0000001e 1e
[R] 00 1e 00000000 00000004
[E] 010003d8 0000001e 0
[M] 010003d8 0000001e 0 0 00000004
[W] 010003d8 1 03 0000001e
[F] 010003dc 0fdf1263
[D] 010003dc 63 04 1e 1d 1 07 000000e4 1d
[R] 1e 1d 00000004 00000004
[E] 010003dc 010004c0 0
[M] 010003dc 010004c0 0 1 00000004
[W] 010003dc 0 04 010004c0
[F] 010003e0 00000213
[D] 010003e0 13 04 00 00 0 00 00000000 00
[R] 00 00 00000000 00000000
[E] 010003e0 00000000 0
[M] 010003e0 00000000 0 0 00000000
[W] 010003e0 1 04 00000000
[F] 010003e4 00b00113
[D] 010003e4 13 02 00 0b 0 00 0000000b 0b
[R] 00 0b 00000000 00000000
[E] 010003e4 0000000b 0
[M] 010003e4 0000000b 0 0 00000000
[W] 010003e4 1 02 0000000b
[F] 010003e8 00000013
[D] 010003e8 13 00 00 00 0 00 00000000 00
[R] 00 00 00000000 00000000
[E] 010003e8 00000000 0
[M] 010003e8 00000000 0 0 00000000
[W] 010003e8 1 00 00000000
[F] 010003ec 00d00093
[D] 010003ec 13 01 00 0d 0 00 0000000d 0d
[R] 00 0d 00000000 00000000
[E] 010003ec 0000000d 0
[M] 010003ec 0000000d 0 0 00000000
[W] 010003ec 1 01 0000000d
[F] 010003f0 40208f33
[D] 010003f0 33 1e 01 02 0 20 00000000 02
[R] 01 02 0000000d 0000000b
[E] 010003f0 00000002 0
[M] 010003f0 00000002 0 0 0000000b
[W] 010003f0 1 1e 00000002
[F] 010003f4 00120213
[D] 010003f4 13 04 04 01 0 00 00000001 01
[R] 04 01 00000000 0000000d
[E] 010003f4 00000001 0
[M] 010003f4 00000001 0 0 0000000d
[W] 010003f4 1 04 00000001
[F] 010003f8 00200293
[D] 010003f8 13 05 00 02 0 00 00000002 02
[R] 00 02 00000000 0000000b
[E] 010003f8 00000002 0
[M] 010003f8 00000002 0 0 0000000b
[W] 010003f8 1 05 00000002
[F] 010003fc fe5214e3
[D] 010003fc 63 09 04 05 1 7f ffffffe8 05
[R] 04 05 00000001 00000002
[E] 010003fc 010003e4 0
[M] 010003fc 010003e4 0 1 00000002
[W] 010003fc 0 09 010003e4
[F] 010003e4 00b00113
[D] 010003e4 13 02 00 0b 0 00 0000000b 0b
[R] 00 0b 00000000 00000000
[E] 010003e4 0000000b 0
[M] 010003e4 0000000b 0 0 00000000
[W] 010003e4 1 02 0000000b
[F] 010003e8 00000013
[D] 010003e8 13 00 00 00 0 00 00000000 00
[R] 00 00 00000000 00000000
[E] 010003e8 00000000 0
[M] 010003e8 00000000 0 0 00000000
[W] 010003e8 1 00 00000000
[F] 010003ec 00d00093
[D] 010003ec 13 01 00 0d 0 00 0000000d 0d
[R] 00 0d 00000000 00000000
[E] 010003ec 0000000d 0
[M] 010003ec 0000000d 0 0 00000000
[W] 010003ec 1 01 0000000d
[F] 010003f0 40208f33
[D] 010003f0 33 1e 01 02 0 20 00000000 02
[R] 01 02 0000000d 0000000b
[E] 010003f0 00000002 0
[M] 010003f0 00000002 0 0 0000000b
[W] 010003f0 1 1e 00000002
[F] 010003f4 00120213
[D] 010003f4 13 04 04 01 0 00 00000001 01
[R] 04 01 00000001 0000000d
[E] 010003f4 00000002 0
[M] 010003f4 00000002 0 0 0000000d
[W] 010003f4 1 04 00000002
[F] 010003f8 00200293
[D] 010003f8 13 05 00 02 0 00 00000002 02
[R] 00 02 00000000 0000000b
[E] 010003f8 00000002 0
[M] 010003f8 00000002 0 0 0000000b
[W] 010003f8 1 05 00000002
[F] 010003fc fe5214e3
[D] 010003fc 63 09 04 05 1 7f ffffffe8 05
[R] 04 05 00000002 00000002
[E] 010003fc 010003e4 0
[M] 010003fc 010003e4 0 1 00000002
[W] 010003fc 0 09 010003e4
[F] 01000400 00200e93
[D] 01000400 13 1d 00 02 0 00 00000002 02
[R] 00 02 00000000 0000000b
[E] 01000400 00000002 0
[M] 01000400 00000002 0 0 0000000b
[W] 01000400 1 1d 00000002
[F] 01000404 01f00193
[D] 01000404 13 03 00 1f 0 00 0000001f 1f
[R] 00 1f 00000000 00000000
[E] 01000404 0000001f 0
[M] 01000404 0000001f 0 0 00000000
[W] 01000404 1 03 0000001f
[F] 01000408 0bdf1c63
[D] 01000408 63 18 1e 1d 1 05 000000b8 1d
[R] 1e 1d 00000002 00000002
[E] 01000408 010004c0 0
[M] 01000408 010004c0 0 1 00000002
[W] 01000408 0 18 010004c0
[F] 0100040c 00000213
[D] 0100040c 13 04 00 00 0 00 00000000 00
[R] 00 00 00000000 00000000
[E] 0100040c 00000000 0
[M] 0100040c 00000000 0 0 00000000
[W] 0100040c 1 04 00000000
[F] 01000410 00b00113
[D] 01000410 13 02 00 0b 0 00 0000000b 0b
[R] 00 0b 00000000 00000000
[E] 01000410 0000000b 0
[M] 01000410 0000000b 0 0 00000000
[W] 01000410 1 02 0000000b
[F] 01000414 00000013
[D] 01000414 13 00 00 00 0 00 00000000 00
[R] 00 00 00000000 00000000
[E] 01000414 00000000 0
[M] 01000414 00000000 0 0 00000000
[W] 01000414 1 00 00000000
[F] 01000418 00e00093
[D] 01000418 13 01 00 0e 0 00 0000000e 0e
[R] 00 0e 00000000 00000000
[E] 01000418 0000000e 0
[M] 01000418 0000000e 0 0 00000000
[W] 01000418 1 01 0000000e
[F] 0100041c 00000013
[D] 0100041c 13 00 00 00 0 00 00000000 00
[R] 00 00 00000000 00000000
[E] 0100041c 00000000 0
[M] 0100041c 00000000 0 0 00000000
[W] 0100041c 1 00 00000000
[F] 01000420 40208f33
[D] 01000420 33 1e 01 02 0 20 00000000 02
[R] 01 02 0000000e 0000000b
[E] 01000420 00000003 0
[M] 01000420 00000003 0 0 0000000b
[W] 01000420 1 1e 00000003
[F] 01000424 00120213
[D] 01000424 13 04 04 01 0 00 00000001 01
[R] 04 01 00000000 0000000e
[E] 01000424 00000001 0
[M] 01000424 00000001 0 0 0000000e
[W] 01000424 1 04 00000001
[F] 01000428 00200293
[D] 01000428 13 05 00 02 0 00 00000002 02
[R] 00 02 00000000 0000000b
[E] 01000428 00000002 0
[M] 01000428 00000002 0 0 0000000b
[W] 01000428 1 05 00000002
[F] 0100042c fe5212e3
[D] 0100042c 63 05 04 05 1 7f ffffffe4 05
[R] 04 05 00000001 00000002
[E] 0100042c 01000410 0
[M] 0100042c 01000410 0 1 00000002
[W] 0100042c 0 05 01000410
[F] 01000410 00b00113
[D] 01000410 13 02 00 0b 0 00 0000000b 0b
[R] 00 0b 00000000 00000000
[E] 01000410 0000000b 0
[M] 01000410 0000000b 0 0 00000000
[W] 01000410 1 02 0000000b
[F] 01000414 00000013
[D] 01000414 13 00 00 00 0 00 00000000 00
[R] 00 00 00000000 00000000
[E] 01000414 00000000 0
[M] 01000414 00000000 0 0 00000000
[W] 01000414 1 00 00000000
[F] 01000418 00e00093
[D] 01000418 13 01 00 0e 0 00 0000000e 0e
[R] 00 0e 00000000 00000000
[E] 01000418 0000000e 0
[M] 01000418 0000000e 0 0 00000000
[W] 01000418 1 01 0000000e
[F] 0100041c 00000013
[D] 0100041c 13 00 00 00 0 00 00000000 00
[R] 00 00 00000000 00000000
[E] 0100041c 00000000 0
[M] 0100041c 00000000 0 0 00000000
[W] 0100041c 1 00 00000000
[F] 01000420 40208f33
[D] 01000420 33 1e 01 02 0 20 00000000 02
[R] 01 02 0000000e 0000000b
[E] 01000420 00000003 0
[M] 01000420 00000003 0 0 0000000b
[W] 01000420 1 1e 00000003
[F] 01000424 00120213
[D] 01000424 13 04 04 01 0 00 00000001 01
[R] 04 01 00000001 0000000e
[E] 01000424 00000002 0
[M] 01000424 00000002 0 0 0000000e
[W] 01000424 1 04 00000002
[F] 01000428 00200293
[D] 01000428 13 05 00 02 0 00 00000002 02
[R] 00 02 00000000 0000000b
[E] 01000428 00000002 0
[M] 01000428 00000002 0 0 0000000b
[W] 01000428 1 05 00000002
[F] 0100042c fe5212e3
[D] 0100042c 63 05 04 05 1 7f ffffffe4 05
[R] 04 05 00000002 00000002
[E] 0100042c 01000410 0
[M] 0100042c 01000410 0 1 00000002
[W] 0100042c 0 05 01000410
[F] 01000430 00300e93
[D] 01000430 13 1d 00 03 0 00 00000003 03
[R] 00 03 00000000 0000001f
[E] 01000430 00000003 0
[M] 01000430 00000003 0 0 0000001f
[W] 01000430 1 1d 00000003
[F] 01000434 02000193
[D] 01000434 13 03 00 00 0 01 00000020 00
[R] 00 00 00000000 00000000
[E] 01000434 00000020 0
[M] 01000434 00000020 0 0 00000000
[W] 01000434 1 03 00000020
[F] 01000438 09df1463
[D] 01000438 63 08 1e 1d 1 04 00000088 1d
[R] 1e 1d 00000003 00000003
[E] 01000438 010004c0 0
[M] 01000438 010004c0 0 1 00000003
[W] 01000438 0 08 010004c0
[F] 0100043c 00000213
[D] 0100043c 13 04 00 00 0 00 00000000 00
[R] 00 00 00000000 00000000
[E] 0100043c 00000000 0
[M] 0100043c 00000000 0 0 00000000
[W] 0100043c 1 04 00000000
[F] 01000440 00b00113
[D] 01000440 13 02 00 0b 0 00 0000000b 0b
[R] 00 0b 00000000 00000000
[E] 01000440 0000000b 0
[M] 01000440 0000000b 0 0 00000000
[W] 01000440 1 02 0000000b
[F] 01000444 00000013
[D] 01000444 13 00 00 00 0 00 00000000 00
[R] 00 00 00000000 00000000
[E] 01000444 00000000 0
[M] 01000444 00000000 0 0 00000000
[W] 01000444 1 00 00000000
[F] 01000448 00000013
[D] 01000448 13 00 00 00 0 00 00000000 00
[R] 00 00 00000000 00000000
[E] 01000448 00000000 0
[M] 01000448 00000000 0 0 00000000
[W] 01000448 1 00 00000000
[F] 0100044c 00f00093
[D] 0100044c 13 01 00 0f 0 00 0000000f 0f
[R] 00 0f 00000000 00000000
[E] 0100044c 0000000f 0
[M] 0100044c 0000000f 0 0 00000000
[W] 0100044c 1 01 0000000f
[F] 01000450 40208f33
[D] 01000450 33 1e 01 02 0 20 00000000 02
[R] 01 02 0000000f 0000000b
[E] 01000450 00000004 0
[M] 01000450 00000004 0 0 0000000b
[W] 01000450 1 1e 00000004
[F] 01000454 00120213
[D] 01000454 13 04 04 01 0 00 00000001 01
[R] 04 01 00000000 0000000f
[E] 01000454 00000001 0
[M] 01000454 00000001 0 0 0000000f
[W] 01000454 1 04 00000001
[F] 01000458 00200293
[D] 01000458 13 05 00 02 0 00 00000002 02
[R] 00 02 00000000 0000000b
[E] 01000458 00000002 0
[M] 01000458 00000002 0 0 0000000b
[W] 01000458 1 05 00000002
[F] 0100045c fe5212e3
[D] 0100045c 63 05 04 05 1 7f ffffffe4 05
[R] 04 05 00000001 00000002
[E] 0100045c 01000440 0
[M] 0100045c 01000440 0 1 00000002
[W] 0100045c 0 05 01000440
[F] 01000440 00b00113
[D] 01000440 13 02 00 0b 0 00 0000000b 0b
[R] 00 0b 00000000 00000000
[E] 01000440 0000000b 0
[M] 01000440 0000000b 0 0 00000000
[W] 01000440 1 02 0000000b
[F] 01000444 00000013
[D] 01000444 13 00 00 00 0 00 00000000 00
[R] 00 00 00000000 00000000
[E] 01000444 00000000 0
[M] 01000444 00000000 0 0 00000000
[W] 01000444 1 00 00000000
[F] 01000448 00000013
[D] 01000448 13 00 00 00 0 00 00000000 00
[R] 00 00 00000000 00000000
[E] 01000448 00000000 0
[M] 01000448 00000000 0 0 00000000
[W] 01000448 1 00 00000000
[F] 0100044c 00f00093
[D] 0100044c 13 01 00 0f 0 00 0000000f 0f
[R] 00 0f 00000000 00000000
[E] 0100044c 0000000f 0
[M] 0100044c 0000000f 0 0 00000000
[W] 0100044c 1 01 0000000f
[F] 01000450 40208f33
[D] 01000450 33 1e 01 02 0 20 00000000 02
[R] 01 02 0000000f 0000000b
[E] 01000450 00000004 0
[M] 01000450 00000004 0 0 0000000b
[W] 01000450 1 1e 00000004
[F] 01000454 00120213
[D] 01000454 13 04 04 01 0 00 00000001 01
[R] 04 01 00000001 0000000f
[E] 01000454 00000002 0
[M] 01000454 00000002 0 0 0000000f
[W] 01000454 1 04 00000002
[F] 01000458 00200293
[D] 01000458 13 05 00 02 0 00 00000002 02
[R] 00 02 00000000 0000000b
[E] 01000458 00000002 0
[M] 01000458 00000002 0 0 0000000b
[W] 01000458 1 05 00000002
[F] 0100045c fe5212e3
[D] 0100045c 63 05 04 05 1 7f ffffffe4 05
[R] 04 05 00000002 00000002
[E] 0100045c 01000440 0
[M] 0100045c 01000440 0 1 00000002
[W] 0100045c 0 05 01000440
[F] 01000460 00400e93
[D] 01000460 13 1d 00 04 0 00 00000004 04
[R] 00 04 00000000 00000002
[E] 01000460 00000004 0
[M] 01000460 00000004 0 0 00000002
[W] 01000460 1 1d 00000004
[F] 01000464 02100193
[D] 01000464 13 03 00 01 0 01 00000021 01
[R] 00 01 00000000 0000000f
[E] 01000464 00000021 0
[M] 01000464 00000021 0 0 0000000f
[W] 01000464 1 03 00000021
[F] 01000468 05df1c63
[D] 01000468 63 18 1e 1d 1 02 00000058 1d
[R] 1e 1d 00000004 00000004
[E] 01000468 010004c0 0
[M] 01000468 010004c0 0 1 00000004
[W] 01000468 0 18 010004c0
[F] 0100046c ff100093
[D] 0100046c 13 01 00 11 0 7f fffffff1 11
[R] 00 11 00000000 00000000
[E] 0100046c fffffff1 0
[M] 0100046c fffffff1 0 0 00000000
[W] 0100046c 1 01 fffffff1
[F] 01000470 40100133
[D] 01000470 33 02 00 01 0 20 00000000 01
[R] 00 01 00000000 fffffff1
[E] 01000470 0000000f 0
[M] 01000470 0000000f 0 0 fffffff1
[W] 01000470 1 02 0000000f
[F] 01000474 00f00e93
[D] 01000474 13 1d 00 0f 0 00 0000000f 0f
[R] 00 0f 00000000 00000000
[E] 01000474 0000000f 0
[M] 01000474 0000000f 0 0 00000000
[W] 01000474 1 1d 0000000f
[F] 01000478 02200193
[D] 01000478 13 03 00 02 0 01 00000022 02
[R] 00 02 00000000 0000000f
[E] 01000478 00000022 0
[M] 01000478 00000022 0 0 0000000f
[W] 01000478 1 03 00000022
[F] 0100047c 05d11263
[D] 0100047c 63 04 02 1d 1 02 00000044 1d
[R] 02 1d 0000000f 0000000f
[E] 0100047c 010004c0 0
[M] 0100047c 010004c0 0 1 0000000f
[W] 0100047c 0 04 010004c0
[F] 01000480 02000093
[D] 01000480 13 01 00 00 0 01 00000020 00
[R] 00 00 00000000 00000000
[E] 01000480 00000020 0
[M] 01000480 00000020 0 0 00000000
[W] 01000480 1 01 00000020
[F] 01000484 40008133
[D] 01000484 33 02 01 00 0 20 00000000 00
[R] 01 00 00000020 00000000
[E] 01000484 00000020 0
[M] 01000484 00000020 0 0 00000000
[W] 01000484 1 02 00000020
[F] 01000488 02000e93
[D] 01000488 13 1d 00 00 0 01 00000020 00
[R] 00 00 00000000 00000000
[E] 01000488 00000020 0
[M] 01000488 00000020 0 0 00000000
[W] 01000488 1 1d 00000020
[F] 0100048c 02300193
[D] 0100048c 13 03 00 03 0 01 00000023 03
[R] 00 03 00000000 00000022
[E] 0100048c 00000023 0
[M] 0100048c 00000023 0 0 00000022
[W] 0100048c 1 03 00000023
[F] 01000490 03d11863
[D] 01000490 63 10 02 1d 1 01 00000030 1d
[R] 02 1d 00000020 00000020
[E] 01000490 010004c0 0
[M] 01000490 010004c0 0 1 00000020
[W] 01000490 0 10 010004c0
[F] 01000494 400000b3
[D] 01000494 33 01 00 00 0 20 00000000 00
[R] 00 00 00000000 00000000
[E] 01000494 00000000 0
[M] 01000494 00000000 0 0 00000000
[W] 01000494 1 01 00000000
[F] 01000498 00000e93
[D] 01000498 13 1d 00 00 0 00 00000000 00
[R] 00 00 00000000 00000000
[E] 01000498 00000000 0
[M] 01000498 00000000 0 0 00000000
[W] 01000498 1 1d 00000000
[F] 0100049c 02400193
[D] 0100049c 13 03 00 04 0 01 00000024 04
[R] 00 04 00000000 00000002
[E] 0100049c 00000024 0
[M] 0100049c 00000024 0 0 00000002
[W] 0100049c 1 03 00000024
[F] 010004a0 03d09063
[D] 010004a0 63 00 01 1d 1 01 00000020 1d
[R] 01 1d 00000000 00000000
[E] 010004a0 010004c0 0
[M] 010004a0 010004c0 0 1 00000000
[W] 010004a0 0 00 010004c0
[F] 010004a4 01000093
[D] 010004a4 13 01 00 10 0 00 00000010 10
[R] 00 10 00000000 00000000
[E] 010004a4 00000010 0
[M] 010004a4 00000010 0 0 00000000
[W] 010004a4 1 01 00000010
[F] 010004a8 01e00113
[D] 010004a8 13 02 00 1e 0 00 0000001e 1e
[R] 00 1e 00000000 00000004
[E] 010004a8 0000001e 0
[M] 010004a8 0000001e 0 0 00000004
[W] 010004a8 1 02 0000001e
[F] 010004ac 40208033
[D] 010004ac 33 00 01 02 0 20 00000000 02
[R] 01 02 00000010 0000001e
[E] 010004ac fffffff2 0
[M] 010004ac fffffff2 0 0 0000001e
[W] 010004ac 1 00 fffffff2
[F] 010004b0 00000e93
[D] 010004b0 13 1d 00 00 0 00 00000000 00
[R] 00 00 00000000 00000000
[E] 010004b0 00000000 0
[M] 010004b0 00000000 0 0 00000000
[W] 010004b0 1 1d 00000000
[F] 010004b4 02500193
[D] 010004b4 13 03 00 05 0 01 00000025 05
[R] 00 05 00000000 00000002
[E] 010004b4 00000025 0
[M] 010004b4 00000025 0 0 00000002
[W] 010004b4 1 03 00000025
[F] 010004b8 01d01463
[D] 010004b8 63 08 00 1d 1 00 00000008 1d
[R] 00 1d 00000000 00000000
[E] 010004b8 010004c0 0
[M] 010004b8 010004c0 0 1 00000000
[W] 010004b8 0 08 010004c0
[F] 010004bc 00301c63
[D] 010004bc 63 18 00 03 1 00 00000018 03
[R] 00 03 00000000 00000025
[E] 010004bc 010004d4 0
[M] 010004bc 010004d4 0 1 00000025
[W] 010004bc 0 18 010004d4
[F] 010004d4 0ff0000f
[D] 010004d4 0f 00 00 1f 0 07 00000000 1f
[R] 00 1f 00000000 00000000
[E] 010004d4 00000000 0
[M] 010004d4 00000000 0 0 00000000
[W] 010004d4 1 00 00000000
[F] 010004d8 00100193
[D] 010004d8 13 03 00 01 0 00 00000001 01
[R] 00 01 00000000 00000010
[E] 010004d8 00000001 0
[M] 010004d8 00000001 0 0 00000010
[W] 010004d8 1 03 00000001
[F] 010004dc 00000073
[D] 010004dc 73 00 00 00 0 00 00000000 00
[R] 00 00 00000000 00000000
[E] 010004dc 00000000 0
[M] 010004dc 00000000 0 0 00000000
[W] 010004dc 0 00 00000000
