[F] 01000000 00200193
[D] 01000000 13 03 00 02 0 00 00000002 02
[R] 00 02 00000000 01100000
[E] 01000000 00000002 0
[M] 01000000 00000002 0 0 01100000
[W] 01000000 1 03 00000002
[F] 01000004 00000093
[D] 01000004 13 01 00 00 0 00 00000000 00
[R] 00 00 00000000 00000000
[E] 01000004 00000000 0
[M] 01000004 00000000 0 0 00000000
[W] 01000004 1 01 00000000
[F] 01000008 00100113
[D] 01000008 13 02 00 01 0 00 00000001 01
[R] 00 01 00000000 00000000
[E] 01000008 00000001 0
[M] 01000008 00000001 0 0 00000000
[W] 01000008 1 02 00000001
[F] 0100000c 0020c663
[D] 0100000c 63 0c 01 02 4 00 0000000c 02
[R] 01 02 00000000 00000001
[E] 0100000c 01000018 0
[M] 0100000c 01000018 0 0 00000001
[W] 0100000c 0 0c 01000018
[F] 01000018 fe20cee3
[D] 01000018 63 1d 01 02 4 7f fffffffc 02
[R] 01 02 00000000 00000001
[E] 01000018 01000014 0
[M] 01000018 01000014 0 0 00000001
[W] 01000018 0 1d 01000014
[F] 01000014 00301663
[D] 01000014 63 0c 00 03 1 00 0000000c 03
[R] 00 03 00000000 00000002
[E] 01000014 01000020 0
[M] 01000014 01000020 0 1 00000002
[W] 01000014 0 0c 01000020
[F] 01000020 00300193
[D] 01000020 13 03 00 03 0 00 00000003 03
[R] 00 03 00000000 00000002
[E] 01000020 00000003 0
[M] 01000020 00000003 0 0 00000002
[W] 01000020 1 03 00000003
[F] 01000024 fff00093
[D] 01000024 13 01 00 1f 0 7f ffffffff 1f
[R] 00 1f 00000000 00000000
[E] 01000024 ffffffff 0
[M] 01000024 ffffffff 0 0 00000000
[W] 01000024 1 01 ffffffff
[F] 01000028 00100113
[D] 01000028 13 02 00 01 0 00 00000001 01
[R] 00 01 00000000 ffffffff
[E] 01000028 00000001 0
[M] 01000028 00000001 0 0 ffffffff
[W] 01000028 1 02 00000001
[F] 0100002c 0020c663
[D] 0100002c 63 0c 01 02 4 00 0000000c 02
[R] 01 02 ffffffff 00000001
[E] 0100002c 01000038 0
[M] 0100002c 01000038 0 0 00000001
[W] 0100002c 0 0c 01000038
[F] 01000038 fe20cee3
[D] 01000038 63 1d 01 02 4 7f fffffffc 02
[R] 01 02 ffffffff 00000001
[E] 01000038 01000034 0
[M] 01000038 01000034 0 0 00000001
[W] 01000038 0 1d 01000034
[F] 01000034 00301663
[D] 01000034 63 0c 00 03 1 00 0000000c 03
[R] 00 03 00000000 00000003
[E] 01000034 01000040 0
[M] 01000034 01000040 0 1 00000003
[W] 01000034 0 0c 01000040
[F] 01000040 00400193
[D] 01000040 13 03 00 04 0 00 00000004 04
[R] 00 04 00000000 00000000
[E] 01000040 00000004 0
[M] 01000040 00000004 0 0 00000000
[W] 01000040 1 03 00000004
[F] 01000044 ffe00093
[D] 01000044 13 01 00 1e 0 7f fffffffe 1e
[R] 00 1e 00000000 00000000
[E] 01000044 fffffffe 0
[M] 01000044 fffffffe 0 0 00000000
[W] 01000044 1 01 fffffffe
[F] 01000048 fff00113
[D] 01000048 13 02 00 1f 0 7f ffffffff 1f
[R] 00 1f 00000000 00000000
[E] 01000048 ffffffff 0
[M] 01000048 ffffffff 0 0 00000000
[W] 01000048 1 02 ffffffff
[F] 0100004c 0020c663
[D] 0100004c 63 0c 01 02 4 00 0000000c 02
[R] 01 02 fffffffe ffffffff
[E] 0100004c 01000058 0
[M] 0100004c 01000058 0 0 ffffffff
[W] 0100004c 0 0c 01000058
[F] 01000058 fe20cee3
[D] 01000058 63 1d 01 02 4 7f fffffffc 02
[R] 01 02 fffffffe ffffffff
[E] 01000058 01000054 0
[M] 01000058 01000054 0 0 ffffffff
[W] 01000058 0 1d 01000054
[F] 01000054 00301663
[D] 01000054 63 0c 00 03 1 00 0000000c 03
[R] 00 03 00000000 00000004
[E] 01000054 01000060 0
[M] 01000054 01000060 0 1 00000004
[W] 01000054 0 0c 01000060
[F] 01000060 00500193
[D] 01000060 13 03 00 05 0 00 00000005 05
[R] 00 05 00000000 00000000
[E] 01000060 00000005 0
[M] 01000060 00000005 0 0 00000000
[W] 01000060 1 03 00000005
[F] 01000064 00100093
[D] 01000064 13 01 00 01 0 00 00000001 01
[R] 00 01 00000000 fffffffe
[E] 01000064 00000001 0
[M] 01000064 00000001 0 0 fffffffe
[W] 01000064 1 01 00000001
[F] 01000068 00000113
[D] 01000068 13 02 00 00 0 00 00000000 00
[R] 00 00 00000000 00000000
[E] 01000068 00000000 0
[M] 01000068 00000000 0 0 00000000
[W] 01000068 1 02 00000000
[F] 0100006c 0020c463
[D] 0100006c 63 08 01 02 4 00 00000008 02
[R] 01 02 00000001 00000000
[E] 0100006c 01000074 0
[M] 0100006c 01000074 0 0 00000000
[W] 0100006c 0 08 01000074
[F] 01000070 00301463
[D] 01000070 63 08 00 03 1 00 00000008 03
[R] 00 03 00000000 00000005
[E] 01000070 01000078 0
[M] 01000070 01000078 0 1 00000005
[W] 01000070 0 08 01000078
[F] 01000078 fe20cee3
[D] 01000078 63 1d 01 02 4 7f fffffffc 02
[R] 01 02 00000001 00000000
[E] 01000078 01000074 0
[M] 01000078 01000074 0 0 00000000
[W] 01000078 0 1d 01000074
[F] 0100007c 00600193
[D] 0100007c 13 03 00 06 0 00 00000006 06
[R] 00 06 00000000 00000000
[E] 0100007c 00000006 0
[M] 0100007c 00000006 0 0 00000000
[W] 0100007c 1 03 00000006
[F] 01000080 00100093
[D] 01000080 13 01 00 01 0 00 00000001 01
[R] 00 01 00000000 00000001
[E] 01000080 00000001 0
[M] 01000080 00000001 0 0 00000001
[W] 01000080 1 01 00000001
[F] 01000084 fff00113
[D] 01000084 13 02 00 1f 0 7f ffffffff 1f
[R] 00 1f 00000000 00000000
[E] 01000084 ffffffff 0
[M] 01000084 ffffffff 0 0 00000000
[W] 01000084 1 02 ffffffff
[F] 01000088 0020c463
[D] 01000088 63 08 01 02 4 00 00000008 02
[R] 01 02 00000001 ffffffff
[E] 01000088 01000090 0
[M] 01000088 01000090 0 0 ffffffff
[W] 01000088 0 08 01000090
[F] 0100008c 00301463
[D] 0100008c 63 08 00 03 1 00 00000008 03
[R] 00 03 00000000 00000006
[E] 0100008c 01000094 0
[M] 0100008c 01000094 0 1 00000006
[W] 0100008c 0 08 01000094
[F] 01000094 fe20cee3
[D] 01000094 63 1d 01 02 4 7f fffffffc 02
[R] 01 02 00000001 ffffffff
[E] 01000094 01000090 0
[M] 01000094 01000090 0 0 ffffffff
[W] 01000094 0 1d 01000090
[F] 01000098 00700193
[D] 01000098 13 03 00 07 0 00 00000007 07
[R] 00 07 00000000 00000000
[E] 01000098 00000007 0
[M] 01000098 00000007 0 0 00000000
[W] 01000098 1 03 00000007
[F] 0100009c fff00093
[D] 0100009c 13 01 00 1f 0 7f ffffffff 1f
[R] 00 1f 00000000 00000000
[E] 0100009c ffffffff 0
[M] 0100009c ffffffff 0 0 00000000
[W] 0100009c 1 01 ffffffff
[F] 010000a0 ffe00113
[D] 010000a0 13 02 00 1e 0 7f fffffffe 1e
[R] 00 1e 00000000 00000000
[E] 010000a0 fffffffe 0
[M] 010000a0 fffffffe 0 0 00000000
[W] 010000a0 1 02 fffffffe
[F] 010000a4 0020c463
[D] 010000a4 63 08 01 02 4 00 00000008 02
[R] 01 02 ffffffff fffffffe
[E] 010000a4 010000ac 0
[M] 010000a4 010000ac 0 0 fffffffe
[W] 010000a4 0 08 010000ac
[F] 010000a8 00301463
[D] 010000a8 63 08 00 03 1 00 00000008 03
[R] 00 03 00000000 00000007
[E] 010000a8 010000b0 0
[M] 010000a8 010000b0 0 1 00000007
[W] 010000a8 0 08 010000b0
[F] 010000b0 fe20cee3
[D] 010000b0 63 1d 01 02 4 7f fffffffc 02
[R] 01 02 ffffffff fffffffe
[E] 010000b0 010000ac 0
[M] 010000b0 010000ac 0 0 fffffffe
[W] 010000b0 0 1d 010000ac
[F] 010000b4 00800193
[D] 010000b4 13 03 00 08 0 00 00000008 08
[R] 00 08 00000000 00000000
[E] 010000b4 00000008 0
[M] 010000b4 00000008 0 0 00000000
[W] 010000b4 1 03 00000008
[F] 010000b8 00100093
[D] 010000b8 13 01 00 01 0 00 00000001 01
[R] 00 01 00000000 ffffffff
[E] 010000b8 00000001 0
[M] 010000b8 00000001 0 0 ffffffff
[W] 010000b8 1 01 00000001
[F] 010000bc ffe00113
[D] 010000bc 13 02 00 1e 0 7f fffffffe 1e
[R] 00 1e 00000000 00000000
[E] 010000bc fffffffe 0
[M] 010000bc fffffffe 0 0 00000000
[W] 010000bc 1 02 fffffffe
[F] 010000c0 0020c463
[D] 010000c0 63 08 01 02 4 00 00000008 02
[R] 01 02 00000001 fffffffe
[E] 010000c0 010000c8 0
[M] 010000c0 010000c8 0 0 fffffffe
[W] 010000c0 0 08 010000c8
[F] 010000c4 00301463
[D] 010000c4 63 08 00 03 1 00 00000008 03
[R] 00 03 00000000 00000008
[E] 010000c4 010000cc 0
[M] 010000c4 010000cc 0 1 00000008
[W] 010000c4 0 08 010000cc
[F] 010000cc fe20cee3
[D] 010000cc 63 1d 01 02 4 7f fffffffc 02
[R] 01 02 00000001 fffffffe
[E] 010000cc 010000c8 0
[M] 010000cc 010000c8 0 0 fffffffe
[W] 010000cc 0 1d 010000c8
[F] 010000d0 00900193
[D] 010000d0 13 03 00 09 0 00 00000009 09
[R] 00 09 00000000 00000000
[E] 010000d0 00000009 0
[M] 010000d0 00000009 0 0 00000000
[W] 010000d0 1 03 00000009
[F] 010000d4 00000213
[D] 010000d4 13 04 00 00 0 00 00000000 00
[R] 00 00 00000000 00000000
[E] 010000d4 00000000 0
[M] 010000d4 00000000 0 0 00000000
[W] 010000d4 1 04 00000000
[F] 010000d8 00000093
[D] 010000d8 13 01 00 00 0 00 00000000 00
[R] 00 00 00000000 00000000
[E] 010000d8 00000000 0
[M] 010000d8 00000000 0 0 00000000
[W] 010000d8 1 01 00000000
[F] 010000dc fff00113
[D] 010000dc 13 02 00 1f 0 7f ffffffff 1f
[R] 00 1f 00000000 00000000
[E] 010000dc ffffffff 0
[M] 010000dc ffffffff 0 0 00000000
[W] 010000dc 1 02 ffffffff
[F] 010000e0 1e20c063
[D] 010000e0 63 00 01 02 4 0f 000001e0 02
[R] 01 02 00000000 ffffffff
[E] 010000e0 010002c0 0
[M] 010000e0 010002c0 0 0 ffffffff
[W] 010000e0 0 00 010002c0
[F] 010000e4 00120213
[D] 010000e4 13 04 04 01 0 00 00000001 01
[R] 04 01 00000000 00000000
[E] 010000e4 00000001 0
[M] 010000e4 00000001 0 0 00000000
[W] 010000e4 1 04 00000001
[F] 010000e8 00200293
[D] 010000e8 13 05 00 02 0 00 00000002 02
[R] 00 02 00000000 ffffffff
[E] 010000e8 00000002 0
[M] 010000e8 00000002 0 0 ffffffff
[W] 010000e8 1 05 00000002
[F] 010000ec fe5216e3
[D] 010000ec 63 0d 04 05 1 7f ffffffec 05
[R] 04 05 00000001 00000002
[E] 010000ec 010000d8 0
[M] 010000ec 010000d8 0 1 00000002
[W] 010000ec 0 0d 010000d8
[F] 010000d8 00000093
[D] 010000d8 13 01 00 00 0 00 00000000 00
[R] 00 00 00000000 00000000
[E] 010000d8 00000000 0
[M] 010000d8 00000000 0 0 00000000
[W] 010000d8 1 01 00000000
[F] 010000dc fff00113
[D] 010000dc 13 02 00 1f 0 7f ffffffff 1f
[R] 00 1f 00000000 00000000
[E] 010000dc ffffffff 0
[M] 010000dc ffffffff 0 0 00000000
[W] 010000dc 1 02 ffffffff
[F] 010000e0 1e20c063
[D] 010000e0 63 00 01 02 4 0f 000001e0 02
[R] 01 02 00000000 ffffffff
[E] 010000e0 010002c0 0
[M] 010000e0 010002c0 0 0 ffffffff
[W] 010000e0 0 00 010002c0
[F] 010000e4 00120213
[D] 010000e4 13 04 04 01 0 00 00000001 01
[R] 04 01 00000001 00000000
[E] 010000e4 00000002 0
[M] 010000e4 00000002 0 0 00000000
[W] 010000e4 1 04 00000002
[F] 010000e8 00200293
[D] 010000e8 13 05 00 02 0 00 00000002 02
[R] 00 02 00000000 ffffffff
[E] 010000e8 00000002 0
[M] 010000e8 00000002 0 0 ffffffff
[W] 010000e8 1 05 00000002
[F] 010000ec fe5216e3
[D] 010000ec 63 0d 04 05 1 7f ffffffec 05
[R] 04 05 00000002 00000002
[E] 010000ec 010000d8 0
[M] 010000ec 010000d8 0 1 00000002
[W] 010000ec 0 0d 010000d8
[F] 010000f0 00a00193
[D] 010000f0 13 03 00 0a 0 00 0000000a 0a
[R] 00 0a 00000000 00000000
[E] 010000f0 0000000a 0
[M] 010000f0 0000000a 0 0 00000000
[W] 010000f0 1 03 0000000a
[F] 010000f4 00000213
[D] 010000f4 13 04 00 00 0 00 00000000 00
[R] 00 00 00000000 00000000
[E] 010000f4 00000000 0
[M] 010000f4 00000000 0 0 00000000
[W] 010000f4 1 04 00000000
[F] 010000f8 00000093
[D] 010000f8 13 01 00 00 0 00 00000000 00
[R] 00 00 00000000 00000000
[E] 010000f8 00000000 0
[M] 010000f8 00000000 0 0 00000000
[W] 010000f8 1 01 00000000
[F] 010000fc fff00113
[D] 010000fc 13 02 00 1f 0 7f ffffffff 1f
[R] 00 1f 00000000 00000000
[E] 010000fc ffffffff 0
[M] 010000fc ffffffff 0 0 00000000
[W] 010000fc 1 02 ffffffff
[F] 01000100 00000013
[D] 01000100 13 00 00 00 0 00 00000000 00
[R] 00 00 00000000 00000000
[E] 01000100 00000000 0
[M] 01000100 00000000 0 0 00000000
[W] 01000100 1 00 00000000
[F] 01000104 1a20ce63
[D] 01000104 63 1c 01 02 4 0d 000001bc 02
[R] 01 02 00000000 ffffffff
[E] 01000104 010002c0 0
[M] 01000104 010002c0 0 0 ffffffff
[W] 01000104 0 1c 010002c0
[F] 01000108 00120213
[D] 01000108 13 04 04 01 0 00 00000001 01
[R] 04 01 00000000 00000000
[E] 01000108 00000001 0
[M] 01000108 00000001 0 0 00000000
[W] 01000108 1 04 00000001
[F] 0100010c 00200293
[D] 0100010c 13 05 00 02 0 00 00000002 02
[R] 00 02 00000000 ffffffff
[E] 0100010c 00000002 0
[M] 0100010c 00000002 0 0 ffffffff
[W] 0100010c 1 05 00000002
[F] 01000110 fe5214e3
[D] 01000110 63 09 04 05 1 7f ffffffe8 05
[R] 04 05 00000001 00000002
[E] 01000110 010000f8 0
[M] 01000110 010000f8 0 1 00000002
[W] 01000110 0 09 010000f8
[F] 010000f8 00000093
[D] 010000f8 13 01 00 00 0 00 00000000 00
[R] 00 00 00000000 00000000
[E] 010000f8 00000000 0
[M] 010000f8 00000000 0 0 00000000
[W] 010000f8 1 01 00000000
[F] 010000fc fff00113
[D] 010000fc 13 02 00 1f 0 7f ffffffff 1f
[R] 00 1f 00000000 00000000
[E] 010000fc ffffffff 0
[M] 010000fc ffffffff 0 0 00000000
[W] 010000fc 1 02 ffffffff
[F] 01000100 00000013
[D] 01000100 13 00 00 00 0 00 00000000 00
[R] 00 00 00000000 00000000
[E] 01000100 00000000 0
[M] 01000100 00000000 0 0 00000000
[W] 01000100 1 00 00000000
[F] 01000104 1a20ce63
[D] 01000104 63 1c 01 02 4 0d 000001bc 02
[R] 01 02 00000000 ffffffff
[E] 01000104 010002c0 0
[M] 01000104 010002c0 0 0 ffffffff
[W] 01000104 0 1c 010002c0
[F] 01000108 00120213
[D] 01000108 13 04 04 01 0 00 00000001 01
[R] 04 01 00000001 00000000
[E] 01000108 00000002 0
[M] 01000108 00000002 0 0 00000000
[W] 01000108 1 04 00000002
[F] 0100010c 00200293
[D] 0100010c 13 05 00 02 0 00 00000002 02
[R] 00 02 00000000 ffffffff
[E] 0100010c 00000002 0
[M] 0100010c 00000002 0 0 ffffffff
[W] 0100010c 1 05 00000002
[F] 01000110 fe5214e3
[D] 01000110 63 09 04 05 1 7f ffffffe8 05
[R] 04 05 00000002 00000002
[E] 01000110 010000f8 0
[M] 01000110 010000f8 0 1 00000002
[W] 01000110 0 09 010000f8
[F] 01000114 00b00193
[D] 01000114 13 03 00 0b 0 00 0000000b 0b
[R] 00 0b 00000000 00000000
[E] 01000114 0000000b 0
[M] 01000114 0000000b 0 0 00000000
[W] 01000114 1 03 0000000b
[F] 01000118 00000213
[D] 01000118 13 04 00 00 0 00 00000000 00
[R] 00 00 00000000 00000000
[E] 01000118 00000000 0
[M] 01000118 00000000 0 0 00000000
[W] 01000118 1 04 00000000
[F] 0100011c 00000093
[D] 0100011c 13 01 00 00 0 00 00000000 00
[R] 00 00 00000000 00000000
[E] 0100011c 00000000 0
[M] 0100011c 00000000 0 0 00000000
[W] 0100011c 1 01 00000000
[F] 01000120 fff00113
[D] 01000120 13 02 00 1f 0 7f ffffffff 1f
[R] 00 1f 00000000 00000000
[E] 01000120 ffffffff 0
[M] 01000120 ffffffff 0 0 00000000
[W] 01000120 1 02 ffffffff
[F] 01000124 00000013
[D] 01000124 13 00 00 00 0 00 00000000 00
[R] 00 00 00000000 00000000
[E] 01000124 00000000 0
[M] 01000124 00000000 0 0 00000000
[W] 01000124 1 00 00000000
[F] 01000128 00000013
[D] 01000128 13 00 00 00 0 00 00000000 00
[R] 00 00 00000000 00000000
[E] 01000128 00000000 0
[M] 01000128 00000000 0 0 00000000
[W] 01000128 1 00 00000000
[F] 0100012c 1820ca63
[D] 0100012c 63 14 01 02 4 0c 00000194 02
[R] 01 02 00000000 ffffffff
[E] 0100012c 010002c0 0
[M] 0100012c 010002c0 0 0 ffffffff
[W] 0100012c 0 14 010002c0
[F] 01000130 00120213
[D] 01000130 13 04 04 01 0 00 00000001 01
[R] 04 01 00000000 00000000
[E] 01000130 00000001 0
[M] 01000130 00000001 0 0 00000000
[W] 01000130 1 04 00000001
[F] 01000134 00200293
[D] 01000134 13 05 00 02 0 00 00000002 02
[R] 00 02 00000000 ffffffff
[E] 01000134 00000002 0
[M] 01000134 00000002 0 0 ffffffff
[W] 01000134 1 05 00000002
[F] 01000138 fe5212e3
[D] 01000138 63 05 04 05 1 7f ffffffe4 05
[R] 04 05 00000001 00000002
[E] 01000138 0100011c 0
[M] 01000138 0100011c 0 1 00000002
[W] 01000138 0 05 0100011c
[F] 0100011c 00000093
[D] 0100011c 13 01 00 00 0 00 00000000 00
[R] 00 00 00000000 00000000
[E] 0100011c 00000000 0
[M] 0100011c 00000000 0 0 00000000
[W] 0100011c 1 01 00000000
[F] 01000120 fff00113
[D] 01000120 13 02 00 1f 0 7f ffffffff 1f
[R] 00 1f 00000000 00000000
[E] 01000120 ffffffff 0
[M] 01000120 ffffffff 0 0 00000000
[W] 01000120 1 02 ffffffff
[F] 01000124 00000013
[D] 01000124 13 00 00 00 0 00 00000000 00
[R] 00 00 00000000 00000000
[E] 01000124 00000000 0
[M] 01000124 00000000 0 0 00000000
[W] 01000124 1 00 00000000
[F] 01000128 00000013
[D] 01000128 13 00 00 00 0 00 00000000 00
[R] 00 00 00000000 00000000
[E] 01000128 00000000 0
[M] 01000128 00000000 0 0 00000000
[W] 01000128 1 00 00000000
[F] 0100012c 1820ca63
[D] 0100012c 63 14 01 02 4 0c 00000194 02
[R] 01 02 00000000 ffffffff
[E] 0100012c 010002c0 0
[M] 0100012c 010002c0 0 0 ffffffff
[W] 0100012c 0 14 010002c0
[F] 01000130 00120213
[D] 01000130 13 04 04 01 0 00 00000001 01
[R] 04 01 00000001 00000000
[E] 01000130 00000002 0
[M] 01000130 00000002 0 0 00000000
[W] 01000130 1 04 00000002
[F] 01000134 00200293
[D] 01000134 13 05 00 02 0 00 00000002 02
[R] 00 02 00000000 ffffffff
[E] 01000134 00000002 0
[M] 01000134 00000002 0 0 ffffffff
[W] 01000134 1 05 00000002
[F] 01000138 fe5212e3
[D] 01000138 63 05 04 05 1 7f ffffffe4 05
[R] 04 05 00000002 00000002
[E] 01000138 0100011c 0
[M] 01000138 0100011c 0 1 00000002
[W] 01000138 0 05 0100011c
[F] 0100013c 00c00193
[D] 0100013c 13 03 00 0c 0 00 0000000c 0c
[R] 00 0c 00000000 00000000
[E] 0100013c 0000000c 0
[M] 0100013c 0000000c 0 0 00000000
[W] 0100013c 1 03 0000000c
[F] 01000140 00000213
[D] 01000140 13 04 00 00 0 00 00000000 00
[R] 00 00 00000000 00000000
[E] 01000140 00000000 0
[M] 01000140 00000000 0 0 00000000
[W] 01000140 1 04 00000000
[F] 01000144 00000093
[D] 01000144 13 01 00 00 0 00 00000000 00
[R] 00 00 00000000 00000000
[E] 01000144 00000000 0
[M] 01000144 00000000 0 0 00000000
[W] 01000144 1 01 00000000
[F] 01000148 00000013
[D] 01000148 13 00 00 00 0 00 00000000 00
[R] 00 00 00000000 00000000
[E] 01000148 00000000 0
[M] 01000148 00000000 0 0 00000000
[W] 01000148 1 00 00000000
[F] 0100014c fff00113
[D] 0100014c 13 02 00 1f 0 7f ffffffff 1f
[R] 00 1f 00000000 00000000
[E] 0100014c ffffffff 0
[M] 0100014c ffffffff 0 0 00000000
[W] 0100014c 1 02 ffffffff
[F] 01000150 1620c863
[D] 01000150 63 10 01 02 4 0b 00000170 02
[R] 01 02 00000000 ffffffff
[E] 01000150 010002c0 0
[M] 01000150 010002c0 0 0 ffffffff
[W] 01000150 0 10 010002c0
[F] 01000154 00120213
[D] 01000154 13 04 04 01 0 00 00000001 01
[R] 04 01 00000000 00000000
[E] 01000154 00000001 0
[M] 01000154 00000001 0 0 00000000
[W] 01000154 1 04 00000001
[F] 01000158 00200293
[D] 01000158 13 05 00 02 0 00 00000002 02
[R] 00 02 00000000 ffffffff
[E] 01000158 00000002 0
[M] 01000158 00000002 0 0 ffffffff
[W] 01000158 1 05 00000002
[F] 0100015c fe5214e3
[D] 0100015c 63 09 04 05 1 7f ffffffe8 05
[R] 04 05 00000001 00000002
[E] 0100015c 01000144 0
[M] 0100015c 01000144 0 1 00000002
[W] 0100015c 0 09 01000144
[F] 01000144 00000093
[D] 01000144 13 01 00 00 0 00 00000000 00
[R] 00 00 00000000 00000000
[E] 01000144 00000000 0
[M] 01000144 00000000 0 0 00000000
[W] 01000144 1 01 00000000
[F] 01000148 00000013
[D] 01000148 13 00 00 00 0 00 00000000 00
[R] 00 00 00000000 00000000
[E] 01000148 00000000 0
[M] 01000148 00000000 0 0 00000000
[W] 01000148 1 00 00000000
[F] 0100014c fff00113
[D] 0100014c 13 02 00 1f 0 7f ffffffff 1f
[R] 00 1f 00000000 00000000
[E] 0100014c ffffffff 0
[M] 0100014c ffffffff 0 0 00000000
[W] 0100014c 1 02 ffffffff
[F] 01000150 1620c863
[D] 01000150 63 10 01 02 4 0b 00000170 02
[R] 01 02 00000000 ffffffff
[E] 01000150 010002c0 0
[M] 01000150 010002c0 0 0 ffffffff
[W] 01000150 0 10 010002c0
[F] 01000154 00120213
[D] 01000154 13 04 04 01 0 00 00000001 01
[R] 04 01 00000001 00000000
[E] 01000154 00000002 0
[M] 01000154 00000002 0 0 00000000
[W] 01000154 1 04 00000002
[F] 01000158 00200293
[D] 01000158 13 05 00 02 0 00 00000002 02
[R] 00 02 00000000 ffffffff
[E] 01000158 00000002 0
[M] 01000158 00000002 0 0 ffffffff
[W] 01000158 1 05 00000002
[F] 0100015c fe5214e3
[D] 0100015c 63 09 04 05 1 7f ffffffe8 05
[R] 04 05 00000002 00000002
[E] 0100015c 01000144 0
[M] 0100015c 01000144 0 1 00000002
[W] 0100015c 0 09 01000144
[F] 01000160 00d00193
[D] 01000160 13 03 00 0d 0 00 0000000d 0d
[R] 00 0d 00000000 00000000
[E] 01000160 0000000d 0
[M] 01000160 0000000d 0 0 00000000
[W] 01000160 1 03 0000000d
[F] 01000164 00000213
[D] 01000164 13 04 00 00 0 00 00000000 00
[R] 00 00 00000000 00000000
[E] 01000164 00000000 0
[M] 01000164 00000000 0 0 00000000
[W] 01000164 1 04 00000000
[F] 01000168 00000093
[D] 01000168 13 01 00 00 0 00 00000000 00
[R] 00 00 00000000 00000000
[E] 01000168 00000000 0
[M] 01000168 00000000 0 0 00000000
[W] 01000168 1 01 00000000
[F] 0100016c 00000013
[D] 0100016c 13 00 00 00 0 00 00000000 00
[R] 00 00 00000000 00000000
[E] 0100016c 00000000 0
[M] 0100016c 00000000 0 0 00000000
[W] 0100016c 1 00 00000000
[F] 01000170 fff00113
[D] 01000170 13 02 00 1f 0 7f ffffffff 1f
[R] 00 1f 00000000 00000000
[E] 01000170 ffffffff 0
[M] 01000170 ffffffff 0 0 00000000
[W] 01000170 1 02 ffffffff
[F] 01000174 00000013
[D] 01000174 13 00 00 00 0 00 00000000 00
[R] 00 00 00000000 00000000
[E] 01000174 00000000 0
[M] 01000174 00000000 0 0 00000000
[W] 01000174 1 00 00000000
[F] 01000178 1420c463
[D] 01000178 63 08 01 02 4 0a 00000148 02
[R] 01 02 00000000 ffffffff
[E] 01000178 010002c0 0
[M] 01000178 010002c0 0 0 ffffffff
[W] 01000178 0 08 010002c0
[F] 0100017c 00120213
[D] 0100017c 13 04 04 01 0 00 00000001 01
[R] 04 01 00000000 00000000
[E] 0100017c 00000001 0
[M] 0100017c 00000001 0 0 00000000
[W] 0100017c 1 04 00000001
[F] 01000180 00200293
[D] 01000180 13 05 00 02 0 00 00000002 02
[R] 00 02 00000000 ffffffff
[E] 01000180 00000002 0
[M] 01000180 00000002 0 0 ffffffff
[W] 01000180 1 05 00000002
[F] 01000184 fe5212e3
[D] 01000184 63 05 04 05 1 7f ffffffe4 05
[R] 04 05 00000001 00000002
[E] 01000184 01000168 0
[M] 01000184 01000168 0 1 00000002
[W] 01000184 0 05 01000168
[F] 01000168 00000093
[D] 01000168 13 01 00 00 0 00 00000000 00
[R] 00 00 00000000 00000000
[E] 01000168 00000000 0
[M] 01000168 00000000 0 0 00000000
[W] 01000168 1 01 00000000
[F] 0100016c 00000013
[D] 0100016c 13 00 00 00 0 00 00000000 00
[R] 00 00 00000000 00000000
[E] 0100016c 00000000 0
[M] 0100016c 00000000 0 0 00000000
[W] 0100016c 1 00 00000000
[F] 01000170 fff00113
[D] 01000170 13 02 00 1f 0 7f ffffffff 1f
[R] 00 1f 00000000 00000000
[E] 01000170 ffffffff 0
[M] 01000170 ffffffff 0 0 00000000
[W] 01000170 1 02 ffffffff
[F] 01000174 00000013
[D] 01000174 13 00 00 00 0 00 00000000 00
[R] 00 00 00000000 00000000
[E] 01000174 00000000 0
[M] 01000174 00000000 0 0 00000000
[W] 01000174 1 00 00000000
[F] 01000178 1420c463
[D] 01000178 63 08 01 02 4 0a 00000148 02
[R] 01 02 00000000 ffffffff
[E] 01000178 010002c0 0
[M] 01000178 010002c0 0 0 ffffffff
[W] 01000178 0 08 010002c0
[F] 0100017c 00120213
[D] 0100017c 13 04 04 01 0 00 00000001 01
[R] 04 01 00000001 00000000
[E] 0100017c 00000002 0
[M] 0100017c 00000002 0 0 00000000
[W] 0100017c 1 04 00000002
[F] 01000180 00200293
[D] 01000180 13 05 00 02 0 00 00000002 02
[R] 00 02 00000000 ffffffff
[E] 01000180 00000002 0
[M] 01000180 00000002 0 0 ffffffff
[W] 01000180 1 05 00000002
[F] 01000184 fe5212e3
[D] 01000184 63 05 04 05 1 7f ffffffe4 05
[R] 04 05 00000002 00000002
[E] 01000184 01000168 0
[M] 01000184 01000168 0 1 00000002
[W] 01000184 0 05 01000168
[F] 01000188 00e00193
[D] 01000188 13 03 00 0e 0 00 0000000e 0e
[R] 00 0e 00000000 00000000
[E] 01000188 0000000e 0
[M] 01000188 0000000e 0 0 00000000
[W] 01000188 1 03 0000000e
[F] 0100018c 00000213
[D] 0100018c 13 04 00 00 0 00 00000000 00
[R] 00 00 00000000 00000000
[E] 0100018c 00000000 0
[M] 0100018c 00000000 0 0 00000000
[W] 0100018c 1 04 00000000
[F] 01000190 00000093
[D] 01000190 13 01 00 00 0 00 00000000 00
[R] 00 00 00000000 00000000
[E] 01000190 00000000 0
[M] 01000190 00000000 0 0 00000000
[W] 01000190 1 01 00000000
[F] 01000194 00000013
[D] 01000194 13 00 00 00 0 00 00000000 00
[R] 00 00 00000000 00000000
[E] 01000194 00000000 0
[M] 01000194 00000000 0 0 00000000
[W] 01000194 1 00 00000000
[F] 01000198 00000013
[D] 01000198 13 00 00 00 0 00 00000000 00
[R] 00 00 00000000 00000000
[E] 01000198 00000000 0
[M] 01000198 00000000 0 0 00000000
[W] 01000198 1 00 00000000
[F] 0100019c fff00113
[D] 0100019c 13 02 00 1f 0 7f ffffffff 1f
[R] 00 1f 00000000 00000000
[E] 0100019c ffffffff 0
[M] 0100019c ffffffff 0 0 00000000
[W] 0100019c 1 02 ffffffff
[F] 010001a0 1220c063
[D] 010001a0 63 00 01 02 4 09 00000120 02
[R] 01 02 00000000 ffffffff
[E] 010001a0 010002c0 0
[M] 010001a0 010002c0 0 0 ffffffff
[W] 010001a0 0 00 010002c0
[F] 010001a4 00120213
[D] 010001a4 13 04 04 01 0 00 00000001 01
[R] 04 01 00000000 00000000
[E] 010001a4 00000001 0
[M] 010001a4 00000001 0 0 00000000
[W] 010001a4 1 04 00000001
[F] 010001a8 00200293
[D] 010001a8 13 05 00 02 0 00 00000002 02
[R] 00 02 00000000 ffffffff
[E] 010001a8 00000002 0
[M] 010001a8 00000002 0 0 ffffffff
[W] 010001a8 1 05 00000002
[F] 010001ac fe5212e3
[D] 010001ac 63 05 04 05 1 7f ffffffe4 05
[R] 04 05 00000001 00000002
[E] 010001ac 01000190 0
[M] 010001ac 01000190 0 1 00000002
[W] 010001ac 0 05 01000190
[F] 01000190 00000093
[D] 01000190 13 01 00 00 0 00 00000000 00
[R] 00 00 00000000 00000000
[E] 01000190 00000000 0
[M] 01000190 00000000 0 0 00000000
[W] 01000190 1 01 00000000
[F] 01000194 00000013
[D] 01000194 13 00 00 00 0 00 00000000 00
[R] 00 00 00000000 00000000
[E] 01000194 00000000 0
[M] 01000194 00000000 0 0 00000000
[W] 01000194 1 00 00000000
[F] 01000198 00000013
[D] 01000198 13 00 00 00 0 00 00000000 00
[R] 00 00 00000000 00000000
[E] 01000198 00000000 0
[M] 01000198 00000000 0 0 00000000
[W] 01000198 1 00 00000000
[F] 0100019c fff00113
[D] 0100019c 13 02 00 1f 0 7f ffffffff 1f
[R] 00 1f 00000000 00000000
[E] 0100019c ffffffff 0
[M] 0100019c ffffffff 0 0 00000000
[W] 0100019c 1 02 ffffffff
[F] 010001a0 1220c063
[D] 010001a0 63 00 01 02 4 09 00000120 02
[R] 01 02 00000000 ffffffff
[E] 010001a0 010002c0 0
[M] 010001a0 010002c0 0 0 ffffffff
[W] 010001a0 0 00 010002c0
[F] 010001a4 00120213
[D] 010001a4 13 04 04 01 0 00 00000001 01
[R] 04 01 00000001 00000000
[E] 010001a4 00000002 0
[M] 010001a4 00000002 0 0 00000000
[W] 010001a4 1 04 00000002
[F] 010001a8 00200293
[D] 010001a8 13 05 00 02 0 00 00000002 02
[R] 00 02 00000000 ffffffff
[E] 010001a8 00000002 0
[M] 010001a8 00000002 0 0 ffffffff
[W] 010001a8 1 05 00000002
[F] 010001ac fe5212e3
[D] 010001ac 63 05 04 05 1 7f ffffffe4 05
[R] 04 05 00000002 00000002
[E] 010001ac 01000190 0
[M] 010001ac 01000190 0 1 00000002
[W] 010001ac 0 05 01000190
[F] 010001b0 00f00193
[D] 010001b0 13 03 00 0f 0 00 0000000f 0f
[R] 00 0f 00000000 00000000
[E] 010001b0 0000000f 0
[M] 010001b0 0000000f 0 0 00000000
[W] 010001b0 1 03 0000000f
[F] 010001b4 00000213
[D] 010001b4 13 04 00 00 0 00 00000000 00
[R] 00 00 00000000 00000000
[E] 010001b4 00000000 0
[M] 010001b4 00000000 0 0 00000000
[W] 010001b4 1 04 00000000
[F] 010001b8 00000093
[D] 010001b8 13 01 00 00 0 00 00000000 00
[R] 00 00 00000000 00000000
[E] 010001b8 00000000 0
[M] 010001b8 00000000 0 0 00000000
[W] 010001b8 1 01 00000000
[F] 010001bc fff00113
[D] 010001bc 13 02 00 1f 0 7f ffffffff 1f
[R] 00 1f 00000000 00000000
[E] 010001bc ffffffff 0
[M] 010001bc ffffffff 0 0 00000000
[W] 010001bc 1 02 ffffffff
[F] 010001c0 1020c063
[D] 010001c0 63 00 01 02 4 08 00000100 02
[R] 01 02 00000000 ffffffff
[E] 010001c0 010002c0 0
[M] 010001c0 010002c0 0 0 ffffffff
[W] 010001c0 0 00 010002c0
[F] 010001c4 00120213
[D] 010001c4 13 04 04 01 0 00 00000001 01
[R] 04 01 00000000 00000000
[E] 010001c4 00000001 0
[M] 010001c4 00000001 0 0 00000000
[W] 010001c4 1 04 00000001
[F] 010001c8 00200293
[D] 010001c8 13 05 00 02 0 00 00000002 02
[R] 00 02 00000000 ffffffff
[E] 010001c8 00000002 0
[M] 010001c8 00000002 0 0 ffffffff
[W] 010001c8 1 05 00000002
[F] 010001cc fe5216e3
[D] 010001cc 63 0d 04 05 1 7f ffffffec 05
[R] 04 05 00000001 00000002
[E] 010001cc 010001b8 0
[M] 010001cc 010001b8 0 1 00000002
[W] 010001cc 0 0d 010001b8
[F] 010001b8 00000093
[D] 010001b8 13 01 00 00 0 00 00000000 00
[R] 00 00 00000000 00000000
[E] 010001b8 00000000 0
[M] 010001b8 00000000 0 0 00000000
[W] 010001b8 1 01 00000000
[F] 010001bc fff00113
[D] 010001bc 13 02 00 1f 0 7f ffffffff 1f
[R] 00 1f 00000000 00000000
[E] 010001bc ffffffff 0
[M] 010001bc ffffffff 0 0 00000000
[W] 010001bc 1 02 ffffffff
[F] 010001c0 1020c063
[D] 010001c0 63 00 01 02 4 08 00000100 02
[R] 01 02 00000000 ffffffff
[E] 010001c0 010002c0 0
[M] 010001c0 010002c0 0 0 ffffffff
[W] 010001c0 0 00 010002c0
[F] 010001c4 00120213
[D] 010001c4 13 04 04 01 0 00 00000001 01
[R] 04 01 00000001 00000000
[E] 010001c4 00000002 0
[M] 010001c4 00000002 0 0 00000000
[W] 010001c4 1 04 00000002
[F] 010001c8 00200293
[D] 010001c8 13 05 00 02 0 00 00000002 02
[R] 00 02 00000000 ffffffff
[E] 010001c8 00000002 0
[M] 010001c8 00000002 0 0 ffffffff
[W] 010001c8 1 05 00000002
[F] 010001cc fe5216e3
[D] 010001cc 63 0d 04 05 1 7f ffffffec 05
[R] 04 05 00000002 00000002
[E] 010001cc 010001b8 0
[M] 010001cc 010001b8 0 1 00000002
[W] 010001cc 0 0d 010001b8
[F] 010001d0 01000193
[D] 010001d0 13 03 00 10 0 00 00000010 10
[R] 00 10 00000000 00000000
[E] 010001d0 00000010 0
[M] 010001d0 00000010 0 0 00000000
[W] 010001d0 1 03 00000010
[F] 010001d4 00000213
[D] 010001d4 13 04 00 00 0 00 00000000 00
[R] 00 00 00000000 00000000
[E] 010001d4 00000000 0
[M] 010001d4 00000000 0 0 00000000
[W] 010001d4 1 04 00000000
[F] 010001d8 00000093
[D] 010001d8 13 01 00 00 0 00 00000000 00
[R] 00 00 00000000 00000000
[E] 010001d8 00000000 0
[M] 010001d8 00000000 0 0 00000000
[W] 010001d8 1 01 00000000
[F] 010001dc fff00113
[D] 010001dc 13 02 00 1f 0 7f ffffffff 1f
[R] 00 1f 00000000 00000000
[E] 010001dc ffffffff 0
[M] 010001dc ffffffff 0 0 00000000
[W] 010001dc 1 02 ffffffff
[F] 010001e0 00000013
[D] 010001e0 13 00 00 00 0 00 00000000 00
[R] 00 00 00000000 00000000
[E] 010001e0 00000000 0
[M] 010001e0 00000000 0 0 00000000
[W] 010001e0 1 00 00000000
[F] 010001e4 0c20ce63
[D] 010001e4 63 1c 01 02 4 06 000000dc 02
[R] 01 02 00000000 ffffffff
[E] 010001e4 010002c0 0
[M] 010001e4 010002c0 0 0 ffffffff
[W] 010001e4 0 1c 010002c0
[F] 010001e8 00120213
[D] 010001e8 13 04 04 01 0 00 00000001 01
[R] 04 01 00000000 00000000
[E] 010001e8 00000001 0
[M] 010001e8 00000001 0 0 00000000
[W] 010001e8 1 04 00000001
[F] 010001ec 00200293
[D] 010001ec 13 05 00 02 0 00 00000002 02
[R] 00 02 00000000 ffffffff
[E] 010001ec 00000002 0
[M] 010001ec 00000002 0 0 ffffffff
[W] 010001ec 1 05 00000002
[F] 010001f0 fe5214e3
[D] 010001f0 63 09 04 05 1 7f ffffffe8 05
[R] 04 05 00000001 00000002
[E] 010001f0 010001d8 0
[M] 010001f0 010001d8 0 1 00000002
[W] 010001f0 0 09 010001d8
[F] 010001d8 00000093
[D] 010001d8 13 01 00 00 0 00 00000000 00
[R] 00 00 00000000 00000000
[E] 010001d8 00000000 0
[M] 010001d8 00000000 0 0 00000000
[W] 010001d8 1 01 00000000
[F] 010001dc fff00113
[D] 010001dc 13 02 00 1f 0 7f ffffffff 1f
[R] 00 1f 00000000 00000000
[E] 010001dc ffffffff 0
[M] 010001dc ffffffff 0 0 00000000
[W] 010001dc 1 02 ffffffff
[F] 010001e0 00000013
[D] 010001e0 13 00 00 00 0 00 00000000 00
[R] 00 00 00000000 00000000
[E] 010001e0 00000000 0
[M] 010001e0 00000000 0 0 00000000
[W] 010001e0 1 00 00000000
[F] 010001e4 0c20ce63
[D] 010001e4 63 1c 01 02 4 06 000000dc 02
[R] 01 02 00000000 ffffffff
[E] 010001e4 010002c0 0
[M] 010001e4 010002c0 0 0 ffffffff
[W] 010001e4 0 1c 010002c0
[F] 010001e8 00120213
[D] 010001e8 13 04 04 01 0 00 00000001 01
[R] 04 01 00000001 00000000
[E] 010001e8 00000002 0
[M] 010001e8 00000002 0 0 00000000
[W] 010001e8 1 04 00000002
[F] 010001ec 00200293
[D] 010001ec 13 05 00 02 0 00 00000002 02
[R] 00 02 00000000 ffffffff
[E] 010001ec 00000002 0
[M] 010001ec 00000002 0 0 ffffffff
[W] 010001ec 1 05 00000002
[F] 010001f0 fe5214e3
[D] 010001f0 63 09 04 05 1 7f ffffffe8 05
[R] 04 05 00000002 00000002
[E] 010001f0 010001d8 0
[M] 010001f0 010001d8 0 1 00000002
[W] 010001f0 0 09 010001d8
[F] 010001f4 01100193
[D] 010001f4 13 03 00 11 0 00 00000011 11
[R] 00 11 00000000 00000000
[E] 010001f4 00000011 0
[M] 010001f4 00000011 0 0 00000000
[W] 010001f4 1 03 00000011
[F] 010001f8 00000213
[D] 010001f8 13 04 00 00 0 00 00000000 00
[R] 00 00 00000000 00000000
[E] 010001f8 00000000 0
[M] 010001f8 00000000 0 0 00000000
[W] 010001f8 1 04 00000000
[F] 010001fc 00000093
[D] 010001fc 13 01 00 00 0 00 00000000 00
[R] 00 00 00000000 00000000
[E] 010001fc 00000000 0
[M] 010001fc 00000000 0 0 00000000
[W] 010001fc 1 01 00000000
[F] 01000200 fff00113
[D] 01000200 13 02 00 1f 0 7f ffffffff 1f
[R] 00 1f 00000000 00000000
[E] 01000200 ffffffff 0
[M] 01000200 ffffffff 0 0 00000000
[W] 01000200 1 02 ffffffff
[F] 01000204 00000013
[D] 01000204 13 00 00 00 0 00 00000000 00
[R] 00 00 00000000 00000000
[E] 01000204 00000000 0
[M] 01000204 00000000 0 0 00000000
[W] 01000204 1 00 00000000
[F] 01000208 00000013
[D] 01000208 13 00 00 00 0 00 00000000 00
[R] 00 00 00000000 00000000
[E] 01000208 00000000 0
[M] 01000208 00000000 0 0 00000000
[W] 01000208 1 00 00000000
[F] 0100020c 0a20ca63
[D] 0100020c 63 14 01 02 4 05 000000b4 02
[R] 01 02 00000000 ffffffff
[E] 0100020c 010002c0 0
[M] 0100020c 010002c0 0 0 ffffffff
[W] 0100020c 0 14 010002c0
[F] 01000210 00120213
[D] 01000210 13 04 04 01 0 00 00000001 01
[R] 04 01 00000000 00000000
[E] 01000210 00000001 0
[M] 01000210 00000001 0 0 00000000
[W] 01000210 1 04 00000001
[F] 01000214 00200293
[D] 01000214 13 05 00 02 0 00 00000002 02
[R] 00 02 00000000 ffffffff
[E] 01000214 00000002 0
[M] 01000214 00000002 0 0 ffffffff
[W] 01000214 1 05 00000002
[F] 01000218 fe5212e3
[D] 01000218 63 05 04 05 1 7f ffffffe4 05
[R] 04 05 00000001 00000002
[E] 01000218 010001fc 0
[M] 01000218 010001fc 0 1 00000002
[W] 01000218 0 05 010001fc
[F] 010001fc 00000093
[D] 010001fc 13 01 00 00 0 00 00000000 00
[R] 00 00 00000000 00000000
[E] 010001fc 00000000 0
[M] 010001fc 00000000 0 0 00000000
[W] 010001fc 1 01 00000000
[F] 01000200 fff00113
[D] 01000200 13 02 00 1f 0 7f ffffffff 1f
[R] 00 1f 00000000 00000000
[E] 01000200 ffffffff 0
[M] 01000200 ffffffff 0 0 00000000
[W] 01000200 1 02 ffffffff
[F] 01000204 00000013
[D] 01000204 13 00 00 00 0 00 00000000 00
[R] 00 00 00000000 00000000
[E] 01000204 00000000 0
[M] 01000204 00000000 0 0 00000000
[W] 01000204 1 00 00000000
[F] 01000208 00000013
[D] 01000208 13 00 00 00 0 00 00000000 00
[R] 00 00 00000000 00000000
[E] 01000208 00000000 0
[M] 01000208 00000000 0 0 00000000
[W] 01000208 1 00 00000000
[F] 0100020c 0a20ca63
[D] 0100020c 63 14 01 02 4 05 000000b4 02
[R] 01 02 00000000 ffffffff
[E] 0100020c 010002c0 0
[M] 0100020c 010002c0 0 0 ffffffff
[W] 0100020c 0 14 010002c0
[F] 01000210 00120213
[D] 01000210 13 04 04 01 0 00 00000001 01
[R] 04 01 00000001 00000000
[E] 01000210 00000002 0
[M] 01000210 00000002 0 0 00000000
[W] 01000210 1 04 00000002
[F] 01000214 00200293
[D] 01000214 13 05 00 02 0 00 00000002 02
[R] 00 02 00000000 ffffffff
[E] 01000214 00000002 0
[M] 01000214 00000002 0 0 ffffffff
[W] 01000214 1 05 00000002
[F] 01000218 fe5212e3
[D] 01000218 63 05 04 05 1 7f ffffffe4 05
[R] 04 05 00000002 00000002
[E] 01000218 010001fc 0
[M] 01000218 010001fc 0 1 00000002
[W] 01000218 0 05 010001fc
[F] 0100021c 01200193
[D] 0100021c 13 03 00 12 0 00 00000012 12
[R] 00 12 00000000 00000000
[E] 0100021c 00000012 0
[M] 0100021c 00000012 0 0 00000000
[W] 0100021c 1 03 00000012
[F] 01000220 00000213
[D] 01000220 13 04 00 00 0 00 00000000 00
[R] 00 00 00000000 00000000
[E] 01000220 00000000 0
[M] 01000220 00000000 0 0 00000000
[W] 01000220 1 04 00000000
[F] 01000224 00000093
[D] 01000224 13 01 00 00 0 00 00000000 00
[R] 00 00 00000000 00000000
[E] 01000224 00000000 0
[M] 01000224 00000000 0 0 00000000
[W] 01000224 1 01 00000000
[F] 01000228 00000013
[D] 01000228 13 00 00 00 0 00 00000000 00
[R] 00 00 00000000 00000000
[E] 01000228 00000000 0
[M] 01000228 00000000 0 0 00000000
[W] 01000228 1 00 00000000
[F] 0100022c fff00113
[D] 0100022c 13 02 00 1f 0 7f ffffffff 1f
[R] 00 1f 00000000 00000000
[E] 0100022c ffffffff 0
[M] 0100022c ffffffff 0 0 00000000
[W] 0100022c 1 02 ffffffff
[F] 01000230 0820c863
[D] 01000230 63 10 01 02 4 04 00000090 02
[R] 01 02 00000000 ffffffff
[E] 01000230 010002c0 0
[M] 01000230 010002c0 0 0 ffffffff
[W] 01000230 0 10 010002c0
[F] 01000234 00120213
[D] 01000234 13 04 04 01 0 00 00000001 01
[R] 04 01 00000000 00000000
[E] 01000234 00000001 0
[M] 01000234 00000001 0 0 00000000
[W] 01000234 1 04 00000001
[F] 01000238 00200293
[D] 01000238 13 05 00 02 0 00 00000002 02
[R] 00 02 00000000 ffffffff
[E] 01000238 00000002 0
[M] 01000238 00000002 0 0 ffffffff
[W] 01000238 1 05 00000002
[F] 0100023c fe5214e3
[D] 0100023c 63 09 04 05 1 7f ffffffe8 05
[R] 04 05 00000001 00000002
[E] 0100023c 01000224 0
[M] 0100023c 01000224 0 1 00000002
[W] 0100023c 0 09 01000224
[F] 01000224 00000093
[D] 01000224 13 01 00 00 0 00 00000000 00
[R] 00 00 00000000 00000000
[E] 01000224 00000000 0
[M] 01000224 00000000 0 0 00000000
[W] 01000224 1 01 00000000
[F] 01000228 00000013
[D] 01000228 13 00 00 00 0 00 00000000 00
[R] 00 00 00000000 00000000
[E] 01000228 00000000 0
[M] 01000228 00000000 0 0 00000000
[W] 01000228 1 00 00000000
[F] 0100022c fff00113
[D] 0100022c 13 02 00 1f 0 7f ffffffff 1f
[R] 00 1f 00000000 00000000
[E] 0100022c ffffffff 0
[M] 0100022c ffffffff 0 0 00000000
[W] 0100022c 1 02 ffffffff
[F] 01000230 0820c863
[D] 01000230 63 10 01 02 4 04 00000090 02
[R] 01 02 00000000 ffffffff
[E] 01000230 010002c0 0
[M] 01000230 010002c0 0 0 ffffffff
[W] 01000230 0 10 010002c0
[F] 01000234 00120213
[D] 01000234 13 04 04 01 0 00 00000001 01
[R] 04 01 00000001 00000000
[E] 01000234 00000002 0
[M] 01000234 00000002 0 0 00000000
[W] 01000234 1 04 00000002
[F] 01000238 00200293
[D] 01000238 13 05 00 02 0 00 00000002 02
[R] 00 02 00000000 ffffffff
[E] 01000238 00000002 0
[M] 01000238 00000002 0 0 ffffffff
[W] 01000238 1 05 00000002
[F] 0100023c fe5214e3
[D] 0100023c 63 09 04 05 1 7f ffffffe8 05
[R] 04 05 00000002 00000002
[E] 0100023c 01000224 0
[M] 0100023c 01000224 0 1 00000002
[W] 0100023c 0 09 01000224
[F] 01000240 01300193
[D] 01000240 13 03 00 13 0 00 00000013 13
[R] 00 13 00000000 00000000
[E] 01000240 00000013 0
[M] 01000240 00000013 0 0 00000000
[W] 01000240 1 03 00000013
[F] 01000244 00000213
[D] 01000244 13 04 00 00 0 00 00000000 00
[R] 00 00 00000000 00000000
[E] 01000244 00000000 0
[M] 01000244 00000000 0 0 00000000
[W] 01000244 1 04 00000000
[F] 01000248 00000093
[D] 01000248 13 01 00 00 0 00 00000000 00
[R] 00 00 00000000 00000000
[E] 01000248 00000000 0
[M] 01000248 00000000 0 0 00000000
[W] 01000248 1 01 00000000
[F] 0100024c 00000013
[D] 0100024c 13 00 00 00 0 00 00000000 00
[R] 00 00 00000000 00000000
[E] 0100024c 00000000 0
[M] 0100024c 00000000 0 0 00000000
[W] 0100024c 1 00 00000000
[F] 01000250 fff00113
[D] 01000250 13 02 00 1f 0 7f ffffffff 1f
[R] 00 1f 00000000 00000000
[E] 01000250 ffffffff 0
[M] 01000250 ffffffff 0 0 00000000
[W] 01000250 1 02 ffffffff
[F] 01000254 00000013
[D] 01000254 13 00 00 00 0 00 00000000 00
[R] 00 00 00000000 00000000
[E] 01000254 00000000 0
[M] 01000254 00000000 0 0 00000000
[W] 01000254 1 00 00000000
[F] 01000258 0620c463
[D] 01000258 63 08 01 02 4 03 00000068 02
[R] 01 02 00000000 ffffffff
[E] 01000258 010002c0 0
[M] 01000258 010002c0 0 0 ffffffff
[W] 01000258 0 08 010002c0
[F] 0100025c 00120213
[D] 0100025c 13 04 04 01 0 00 00000001 01
[R] 04 01 00000000 00000000
[E] 0100025c 00000001 0
[M] 0100025c 00000001 0 0 00000000
[W] 0100025c 1 04 00000001
[F] 01000260 00200293
[D] 01000260 13 05 00 02 0 00 00000002 02
[R] 00 02 00000000 ffffffff
[E] 01000260 00000002 0
[M] 01000260 00000002 0 0 ffffffff
[W] 01000260 1 05 00000002
[F] 01000264 fe5212e3
[D] 01000264 63 05 04 05 1 7f ffffffe4 05
[R] 04 05 00000001 00000002
[E] 01000264 01000248 0
[M] 01000264 01000248 0 1 00000002
[W] 01000264 0 05 01000248
[F] 01000248 00000093
[D] 01000248 13 01 00 00 0 00 00000000 00
[R] 00 00 00000000 00000000
[E] 01000248 00000000 0
[M] 01000248 00000000 0 0 00000000
[W] 01000248 1 01 00000000
[F] 0100024c 00000013
[D] 0100024c 13 00 00 00 0 00 00000000 00
[R] 00 00 00000000 00000000
[E] 0100024c 00000000 0
[M] 0100024c 00000000 0 0 00000000
[W] 0100024c 1 00 00000000
[F] 01000250 fff00113
[D] 01000250 13 02 00 1f 0 7f ffffffff 1f
[R] 00 1f 00000000 00000000
[E] 01000250 ffffffff 0
[M] 01000250 ffffffff 0 0 00000000
[W] 01000250 1 02 ffffffff
[F] 01000254 00000013
[D] 01000254 13 00 00 00 0 00 00000000 00
[R] 00 00 00000000 00000000
[E] 01000254 00000000 0
[M] 01000254 00000000 0 0 00000000
[W] 01000254 1 00 00000000
[F] 01000258 0620c463
[D] 01000258 63 08 01 02 4 03 00000068 02
[R] 01 02 00000000 ffffffff
[E] 01000258 010002c0 0
[M] 01000258 010002c0 0 0 ffffffff
[W] 01000258 0 08 010002c0
[F] 0100025c 00120213
[D] 0100025c 13 04 04 01 0 00 00000001 01
[R] 04 01 00000001 00000000
[E] 0100025c 00000002 0
[M] 0100025c 00000002 0 0 00000000
[W] 0100025c 1 04 00000002
[F] 01000260 00200293
[D] 01000260 13 05 00 02 0 00 00000002 02
[R] 00 02 00000000 ffffffff
[E] 01000260 00000002 0
[M] 01000260 00000002 0 0 ffffffff
[W] 01000260 1 05 00000002
[F] 01000264 fe5212e3
[D] 01000264 63 05 04 05 1 7f ffffffe4 05
[R] 04 05 00000002 00000002
[E] 01000264 01000248 0
[M] 01000264 01000248 0 1 00000002
[W] 01000264 0 05 01000248
[F] 01000268 01400193
[D] 01000268 13 03 00 14 0 00 00000014 14
[R] 00 14 00000000 00000000
[E] 01000268 00000014 0
[M] 01000268 00000014 0 0 00000000
[W] 01000268 1 03 00000014
[F] 0100026c 00000213
[D] 0100026c 13 04 00 00 0 00 00000000 00
[R] 00 00 00000000 00000000
[E] 0100026c 00000000 0
[M] 0100026c 00000000 0 0 00000000
[W] 0100026c 1 04 00000000
[F] 01000270 00000093
[D] 01000270 13 01 00 00 0 00 00000000 00
[R] 00 00 00000000 00000000
[E] 01000270 00000000 0
[M] 01000270 00000000 0 0 00000000
[W] 01000270 1 01 00000000
[F] 01000274 00000013
[D] 01000274 13 00 00 00 0 00 00000000 00
[R] 00 00 00000000 00000000
[E] 01000274 00000000 0
[M] 01000274 00000000 0 0 00000000
[W] 01000274 1 00 00000000
[F] 01000278 00000013
[D] 01000278 13 00 00 00 0 00 00000000 00
[R] 00 00 00000000 00000000
[E] 01000278 00000000 0
[M] 01000278 00000000 0 0 00000000
[W] 01000278 1 00 00000000
[F] 0100027c fff00113
[D] 0100027c 13 02 00 1f 0 7f ffffffff 1f
[R] 00 1f 00000000 00000000
[E] 0100027c ffffffff 0
[M] 0100027c ffffffff 0 0 00000000
[W] 0100027c 1 02 ffffffff
[F] 01000280 0420c063
[D] 01000280 63 00 01 02 4 02 00000040 02
[R] 01 02 00000000 ffffffff
[E] 01000280 010002c0 0
[M] 01000280 010002c0 0 0 ffffffff
[W] 01000280 0 00 010002c0
[F] 01000284 00120213
[D] 01000284 13 04 04 01 0 00 00000001 01
[R] 04 01 00000000 00000000
[E] 01000284 00000001 0
[M] 01000284 00000001 0 0 00000000
[W] 01000284 1 04 00000001
[F] 01000288 00200293
[D] 01000288 13 05 00 02 0 00 00000002 02
[R] 00 02 00000000 ffffffff
[E] 01000288 00000002 0
[M] 01000288 00000002 0 0 ffffffff
[W] 01000288 1 05 00000002
[F] 0100028c fe5212e3
[D] 0100028c 63 05 04 05 1 7f ffffffe4 05
[R] 04 05 00000001 00000002
[E] 0100028c 01000270 0
[M] 0100028c 01000270 0 1 00000002
[W] 0100028c 0 05 01000270
[F] 01000270 00000093
[D] 01000270 13 01 00 00 0 00 00000000 00
[R] 00 00 00000000 00000000
[E] 01000270 00000000 0
[M] 01000270 00000000 0 0 00000000
[W] 01000270 1 01 00000000
[F] 01000274 00000013
[D] 01000274 13 00 00 00 0 00 00000000 00
[R] 00 00 00000000 00000000
[E] 01000274 00000000 0
[M] 01000274 00000000 0 0 00000000
[W] 01000274 1 00 00000000
[F] 01000278 00000013
[D] 01000278 13 00 00 00 0 00 00000000 00
[R] 00 00 00000000 00000000
[E] 01000278 00000000 0
[M] 01000278 00000000 0 0 00000000
[W] 01000278 1 00 00000000
[F] 0100027c fff00113
[D] 0100027c 13 02 00 1f 0 7f ffffffff 1f
[R] 00 1f 00000000 00000000
[E] 0100027c ffffffff 0
[M] 0100027c ffffffff 0 0 00000000
[W] 0100027c 1 02 ffffffff
[F] 01000280 0420c063
[D] 01000280 63 00 01 02 4 02 00000040 02
[R] 01 02 00000000 ffffffff
[E] 01000280 010002c0 0
[M] 01000280 010002c0 0 0 ffffffff
[W] 01000280 0 00 010002c0
[F] 01000284 00120213
[D] 01000284 13 04 04 01 0 00 00000001 01
[R] 04 01 00000001 00000000
[E] 01000284 00000002 0
[M] 01000284 00000002 0 0 00000000
[W] 01000284 1 04 00000002
[F] 01000288 00200293
[D] 01000288 13 05 00 02 0 00 00000002 02
[R] 00 02 00000000 ffffffff
[E] 01000288 00000002 0
[M] 01000288 00000002 0 0 ffffffff
[W] 01000288 1 05 00000002
[F] 0100028c fe5212e3
[D] 0100028c 63 05 04 05 1 7f ffffffe4 05
[R] 04 05 00000002 00000002
[E] 0100028c 01000270 0
[M] 0100028c 01000270 0 1 00000002
[W] 0100028c 0 05 01000270
[F] 01000290 00100093
[D] 01000290 13 01 00 01 0 00 00000001 01
[R] 00 01 00000000 00000000
[E] 01000290 00000001 0
[M] 01000290 00000001 0 0 00000000
[W] 01000290 1 01 00000001
[F] 01000294 00104a63
[D] 01000294 63 14 00 01 4 00 00000014 01
[R] 00 01 00000000 00000001
[E] 01000294 010002a8 0
[M] 01000294 010002a8 0 0 00000001
[W] 01000294 0 14 010002a8
[F] 010002a8 00108093
[D] 010002a8 13 01 01 01 0 00 00000001 01
[R] 01 01 00000001 00000001
[E] 010002a8 00000002 0
[M] 010002a8 00000002 0 0 00000001
[W] 010002a8 1 01 00000002
[F] 010002ac 00108093
[D] 010002ac 13 01 01 01 0 00 00000001 01
[R] 01 01 00000002 00000002
[E] 010002ac 00000003 0
[M] 010002ac 00000003 0 0 00000002
[W] 010002ac 1 01 00000003
[F] 010002b0 00300e93
[D] 010002b0 13 1d 00 03 0 00 00000003 03
[R] 00 03 00000000 00000014
[E] 010002b0 00000003 0
[M] 010002b0 00000003 0 0 00000014
[W] 010002b0 1 1d 00000003
[F] 010002b4 01500193
[D] 010002b4 13 03 00 15 0 00 00000015 15
[R] 00 15 00000000 00000000
[E] 010002b4 00000015 0
[M] 010002b4 00000015 0 0 00000000
[W] 010002b4 1 03 00000015
[F] 010002b8 01d09463
[D] 010002b8 63 08 01 1d 1 00 00000008 1d
[R] 01 1d 00000003 00000003
[E] 010002b8 010002c0 0
[M] 010002b8 010002c0 0 1 00000003
[W] 010002b8 0 08 010002c0
[F] 010002bc 00301c63
[D] 010002bc 63 18 00 03 1 00 00000018 03
[R] 00 03 00000000 00000015
[E] 010002bc 010002d4 0
[M] 010002bc 010002d4 0 1 00000015
[W] 010002bc 0 18 010002d4
[F] 010002d4 0ff0000f
[D] 010002d4 0f 00 00 1f 0 07 00000000 1f
[R] 00 1f 00000000 00000000
[E] 010002d4 00000000 0
[M] 010002d4 00000000 0 0 00000000
[W] 010002d4 1 00 00000000
[F] 010002d8 00100193
[D] 010002d8 13 03 00 01 0 00 00000001 01
[R] 00 01 00000000 00000003
[E] 010002d8 00000001 0
[M] 010002d8 00000001 0 0 00000003
[W] 010002d8 1 03 00000001
[F] 010002dc 00000073
[D] 010002dc 73 00 00 00 0 00 00000000 00
[R] 00 00 00000000 00000000
[E] 010002dc 00000000 0
[M] 010002dc 00000000 0 0 00000000
[W] 010002dc 0 00 00000000
