[F] 01000000 00000093
[D] 01000000 13 01 00 00 0 00 00000000 00
[R] 00 00 00000000 00000000
[E] 01000000 00000000 0
[M] 01000000 00000000 0 0 00000000
[W] 01000000 1 01 00000000
[F] 01000004 00000113
[D] 01000004 13 02 00 00 0 00 00000000 00
[R] 00 00 00000000 00000000
[E] 01000004 00000000 0
[M] 01000004 00000000 0 0 00000000
[W] 01000004 1 02 00000000
[F] 01000008 0020bf33
[D] 01000008 33 1e 01 02 3 00 00000000 02
[R] 01 02 00000000 00000000
[E] 01000008 00000000 0
[M] 01000008 00000000 0 3 00000000
[W] 01000008 1 1e 00000000
[F] 0100000c 00000e93
[D] 0100000c 13 1d 00 00 0 00 00000000 00
[R] 00 00 00000000 00000000
[E] 0100000c 00000000 0
[M] 0100000c 00000000 0 0 00000000
[W] 0100000c 1 1d 00000000
[F] 01000010 00200193
[D] 01000010 13 03 00 02 0 00 00000002 02
[R] 00 02 00000000 00000000
[E] 01000010 00000002 0
[M] 01000010 00000002 0 0 00000000
[W] 01000010 1 03 00000002
[F] 01000014 4bdf1a63
[D] 01000014 63 14 1e 1d 1 25 000004b4 1d
[R] 1e 1d 00000000 00000000
[E] 01000014 010004c8 0
[M] 01000014 010004c8 0 1 00000000
[W] 01000014 0 14 010004c8
[F] 01000018 00100093
[D] 01000018 13 01 00 01 0 00 00000001 01
[R] 00 01 00000000 00000000
[E] 01000018 00000001 0
[M] 01000018 00000001 0 0 00000000
[W] 01000018 1 01 00000001
[F] 0100001c 00100113
[D] 0100001c 13 02 00 01 0 00 00000001 01
[R] 00 01 00000000 00000001
[E] 0100001c 00000001 0
[M] 0100001c 00000001 0 0 00000001
[W] 0100001c 1 02 00000001
[F] 01000020 0020bf33
[D] 01000020 33 1e 01 02 3 00 00000000 02
[R] 01 02 00000001 00000001
[E] 01000020 00000000 0
[M] 01000020 00000000 0 3 00000001
[W] 01000020 1 1e 00000000
[F] 01000024 00000e93
[D] 01000024 13 1d 00 00 0 00 00000000 00
[R] 00 00 00000000 00000000
[E] 01000024 00000000 0
[M] 01000024 00000000 0 0 00000000
[W] 01000024 1 1d 00000000
[F] 01000028 00300193
[D] 01000028 13 03 00 03 0 00 00000003 03
[R] 00 03 00000000 00000002
[E] 01000028 00000003 0
[M] 01000028 00000003 0 0 00000002
[W] 01000028 1 03 00000003
[F] 0100002c 49df1e63
[D] 0100002c 63 1c 1e 1d 1 24 0000049c 1d
[R] 1e 1d 00000000 00000000
[E] 0100002c 010004c8 0
[M] 0100002c 010004c8 0 1 00000000
[W] 0100002c 0 1c 010004c8
[F] 01000030 00300093
[D] 01000030 13 01 00 03 0 00 00000003 03
[R] 00 03 00000000 00000003
[E] 01000030 00000003 0
[M] 01000030 00000003 0 0 00000003
[W] 01000030 1 01 00000003
[F] 01000034 00700113
[D] 01000034 13 02 00 07 0 00 00000007 07
[R] 00 07 00000000 00000000
[E] 01000034 00000007 0
[M] 01000034 00000007 0 0 00000000
[W] 01000034 1 02 00000007
[F] 01000038 0020bf33
[D] 01000038 33 1e 01 02 3 00 00000000 02
[R] 01 02 00000003 00000007
[E] 01000038 00000001 0
[M] 01000038 00000001 0 3 00000007
[W] 01000038 1 1e 00000001
[F] 0100003c 00100e93
[D] 0100003c 13 1d 00 01 0 00 00000001 01
[R] 00 01 00000000 00000003
[E] 0100003c 00000001 0
[M] 0100003c 00000001 0 0 00000003
[W] 0100003c 1 1d 00000001
[F] 01000040 00400193
[D] 01000040 13 03 00 04 0 00 00000004 04
[R] 00 04 00000000 00000000
[E] 01000040 00000004 0
[M] 01000040 00000004 0 0 00000000
[W] 01000040 1 03 00000004
[F] 01000044 49df1263
[D] 01000044 63 04 1e 1d 1 24 00000484 1d
[R] 1e 1d 00000001 00000001
[E] 01000044 010004c8 0
[M] 01000044 010004c8 0 1 00000001
[W] 01000044 0 04 010004c8
[F] 01000048 00700093
[D] 01000048 13 01 00 07 0 00 00000007 07
[R] 00 07 00000000 00000000
[E] 01000048 00000007 0
[M] 01000048 00000007 0 0 00000000
[W] 01000048 1 01 00000007
[F] 0100004c 00300113
[D] 0100004c 13 02 00 03 0 00 00000003 03
[R] 00 03 00000000 00000004
[E] 0100004c 00000003 0
[M] 0100004c 00000003 0 0 00000004
[W] 0100004c 1 02 00000003
[F] 01000050 0020bf33
[D] 01000050 33 1e 01 02 3 00 00000000 02
[R] 01 02 00000007 00000003
[E] 01000050 00000000 0
[M] 01000050 00000000 0 3 00000003
[W] 01000050 1 1e 00000000
[F] 01000054 00000e93
[D] 01000054 13 1d 00 00 0 00 00000000 00
[R] 00 00 00000000 00000000
[E] 01000054 00000000 0
[M] 01000054 00000000 0 0 00000000
[W] 01000054 1 1d 00000000
[F] 01000058 00500193
[D] 01000058 13 03 00 05 0 00 00000005 05
[R] 00 05 00000000 00000000
[E] 01000058 00000005 0
[M] 01000058 00000005 0 0 00000000
[W] 01000058 1 03 00000005
[F] 0100005c 47df1663
[D] 0100005c 63 0c 1e 1d 1 23 0000046c 1d
[R] 1e 1d 00000000 00000000
[E] 0100005c 010004c8 0
[M] 0100005c 010004c8 0 1 00000000
[W] 0100005c 0 0c 010004c8
[F] 01000060 00000093
[D] 01000060 13 01 00 00 0 00 00000000 00
[R] 00 00 00000000 00000000
[E] 01000060 00000000 0
[M] 01000060 00000000 0 0 00000000
[W] 01000060 1 01 00000000
[F] 01000064 ffff8137
[D] 01000064 37 02 00 1f 0 7f ffff8000 1f
[R] 00 1f 00000000 00000000
[E] 01000064 ffff8000 0
[M] 01000064 ffff8000 0 0 00000000
[W] 01000064 1 02 ffff8000
[F] 01000068 0020bf33
[D] 01000068 33 1e 01 02 3 00 00000000 02
[R] 01 02 00000000 ffff8000
[E] 01000068 00000001 0
[M] 01000068 00000001 0 3 ffff8000
[W] 01000068 1 1e 00000001
[F] 0100006c 00100e93
[D] 0100006c 13 1d 00 01 0 00 00000001 01
[R] 00 01 00000000 00000000
[E] 0100006c 00000001 0
[M] 0100006c 00000001 0 0 00000000
[W] 0100006c 1 1d 00000001
[F] 01000070 00600193
[D] 01000070 13 03 00 06 0 00 00000006 06
[R] 00 06 00000000 00000000
[E] 01000070 00000006 0
[M] 01000070 00000006 0 0 00000000
[W] 01000070 1 03 00000006
[F] 01000074 45df1a63
[D] 01000074 63 14 1e 1d 1 22 00000454 1d
[R] 1e 1d 00000001 00000001
[E] 01000074 010004c8 0
[M] 01000074 010004c8 0 1 00000001
[W] 01000074 0 14 010004c8
[F] 01000078 800000b7
[D] 01000078 37 01 00 00 0 40 80000000 00
[R] 00 00 00000000 00000000
[E] 01000078 80000000 0
[M] 01000078 80000000 0 0 00000000
[W] 01000078 1 01 80000000
[F] 0100007c 00000113
[D] 0100007c 13 02 00 00 0 00 00000000 00
[R] 00 00 00000000 00000000
[E] 0100007c 00000000 0
[M] 0100007c 00000000 0 0 00000000
[W] 0100007c 1 02 00000000
[F] 01000080 0020bf33
[D] 01000080 33 1e 01 02 3 00 00000000 02
[R] 01 02 80000000 00000000
[E] 01000080 00000000 0
[M] 01000080 00000000 0 3 00000000
[W] 01000080 1 1e 00000000
[F] 01000084 00000e93
[D] 01000084 13 1d 00 00 0 00 00000000 00
[R] 00 00 00000000 00000000
[E] 01000084 00000000 0
[M] 01000084 00000000 0 0 00000000
[W] 01000084 1 1d 00000000
[F] 01000088 00700193
[D] 01000088 13 03 00 07 0 00 00000007 07
[R] 00 07 00000000 00000000
[E] 01000088 00000007 0
[M] 01000088 00000007 0 0 00000000
[W] 01000088 1 03 00000007
[F] 0100008c 43df1e63
[D] 0100008c 63 1c 1e 1d 1 21 0000043c 1d
[R] 1e 1d 00000000 00000000
[E] 0100008c 010004c8 0
[M] 0100008c 010004c8 0 1 00000000
[W] 0100008c 0 1c 010004c8
[F] 01000090 800000b7
[D] 01000090 37 01 00 00 0 40 80000000 00
[R] 00 00 00000000 00000000
[E] 01000090 80000000 0
[M] 01000090 80000000 0 0 00000000
[W] 01000090 1 01 80000000
[F] 01000094 ffff8137
[D] 01000094 37 02 00 1f 0 7f ffff8000 1f
[R] 00 1f 00000000 00000000
[E] 01000094 ffff8000 0
[M] 01000094 ffff8000 0 0 00000000
[W] 01000094 1 02 ffff8000
[F] 01000098 0020bf33
[D] 01000098 33 1e 01 02 3 00 00000000 02
[R] 01 02 80000000 ffff8000
[E] 01000098 00000001 0
[M] 01000098 00000001 0 3 ffff8000
[W] 01000098 1 1e 00000001
[F] 0100009c 00100e93
[D] 0100009c 13 1d 00 01 0 00 00000001 01
[R] 00 01 00000000 80000000
[E] 0100009c 00000001 0
[M] 0100009c 00000001 0 0 80000000
[W] 0100009c 1 1d 00000001
[F] 010000a0 00800193
[D] 010000a0 13 03 00 08 0 00 00000008 08
[R] 00 08 00000000 00000000
[E] 010000a0 00000008 0
[M] 010000a0 00000008 0 0 00000000
[W] 010000a0 1 03 00000008
[F] 010000a4 43df1263
[D] 010000a4 63 04 1e 1d 1 21 00000424 1d
[R] 1e 1d 00000001 00000001
[E] 010000a4 010004c8 0
[M] 010000a4 010004c8 0 1 00000001
[W] 010000a4 0 04 010004c8
[F] 010000a8 00000093
[D] 010000a8 13 01 00 00 0 00 00000000 00
[R] 00 00 00000000 00000000
[E] 010000a8 00000000 0
[M] 010000a8 00000000 0 0 00000000
[W] 010000a8 1 01 00000000
[F] 010000ac 00008137
[D] 010000ac 37 02 00 00 0 00 00008000 00
[R] 00 00 00000000 00000000
[E] 010000ac 00008000 0
[M] 010000ac 00008000 0 0 00000000
[W] 010000ac 1 02 00008000
[F] 010000b0 fff10113
[D] 010000b0 13 02 02 1f 0 7f ffffffff 1f
[R] 02 1f 00008000 00000000
[E] 010000b0 00007fff 0
[M] 010000b0 00007fff 0 0 00000000
[W] 010000b0 1 02 00007fff
[F] 010000b4 0020bf33
[D] 010000b4 33 1e 01 02 3 00 00000000 02
[R] 01 02 00000000 00007fff
[E] 010000b4 00000001 0
[M] 010000b4 00000001 0 3 00007fff
[W] 010000b4 1 1e 00000001
[F] 010000b8 00100e93
[D] 010000b8 13 1d 00 01 0 00 00000001 01
[R] 00 01 00000000 00000000
[E] 010000b8 00000001 0
[M] 010000b8 00000001 0 0 00000000
[W] 010000b8 1 1d 00000001
[F] 010000bc 00900193
[D] 010000bc 13 03 00 09 0 00 00000009 09
[R] 00 09 00000000 00000000
[E] 010000bc 00000009 0
[M] 010000bc 00000009 0 0 00000000
[W] 010000bc 1 03 00000009
[F] 010000c0 41df1463
[D] 010000c0 63 08 1e 1d 1 20 00000408 1d
[R] 1e 1d 00000001 00000001
[E] 010000c0 010004c8 0
[M] 010000c0 010004c8 0 1 00000001
[W] 010000c0 0 08 010004c8
[F] 010000c4 800000b7
[D] 010000c4 37 01 00 00 0 40 80000000 00
[R] 00 00 00000000 00000000
[E] 010000c4 80000000 0
[M] 010000c4 80000000 0 0 00000000
[W] 010000c4 1 01 80000000
[F] 010000c8 fff08093
[D] 010000c8 13 01 01 1f 0 7f ffffffff 1f
[R] 01 1f 80000000 00000000
[E] 010000c8 7fffffff 0
[M] 010000c8 7fffffff 0 0 00000000
[W] 010000c8 1 01 7fffffff
[F] 010000cc 00000113
[D] 010000cc 13 02 00 00 0 00 00000000 00
[R] 00 00 00000000 00000000
[E] 010000cc 00000000 0
[M] 010000cc 00000000 0 0 00000000
[W] 010000cc 1 02 00000000
[F] 010000d0 0020bf33
[D] 010000d0 33 1e 01 02 3 00 00000000 02
[R] 01 02 7fffffff 00000000
[E] 010000d0 00000000 0
[M] 010000d0 00000000 0 3 00000000
[W] 010000d0 1 1e 00000000
[F] 010000d4 00000e93
[D] 010000d4 13 1d 00 00 0 00 00000000 00
[R] 00 00 00000000 00000000
[E] 010000d4 00000000 0
[M] 010000d4 00000000 0 0 00000000
[W] 010000d4 1 1d 00000000
[F] 010000d8 00a00193
[D] 010000d8 13 03 00 0a 0 00 0000000a 0a
[R] 00 0a 00000000 00000000
[E] 010000d8 0000000a 0
[M] 010000d8 0000000a 0 0 00000000
[W] 010000d8 1 03 0000000a
[F] 010000dc 3fdf1663
[D] 010000dc 63 0c 1e 1d 1 1f 000003ec 1d
[R] 1e 1d 00000000 00000000
[E] 010000dc 010004c8 0
[M] 010000dc 010004c8 0 1 00000000
[W] 010000dc 0 0c 010004c8
[F] 010000e0 800000b7
[D] 010000e0 37 01 00 00 0 40 80000000 00
[R] 00 00 00000000 00000000
[E] 010000e0 80000000 0
[M] 010000e0 80000000 0 0 00000000
[W] 010000e0 1 01 80000000
[F] 010000e4 fff08093
[D] 010000e4 13 01 01 1f 0 7f ffffffff 1f
[R] 01 1f 80000000 00000000
[E] 010000e4 7fffffff 0
[M] 010000e4 7fffffff 0 0 00000000
[W] 010000e4 1 01 7fffffff
[F] 010000e8 00008137
[D] 010000e8 37 02 00 00 0 00 00008000 00
[R] 00 00 00000000 00000000
[E] 010000e8 00008000 0
[M] 010000e8 00008000 0 0 00000000
[W] 010000e8 1 02 00008000
[F] 010000ec fff10113
[D] 010000ec 13 02 02 1f 0 7f ffffffff 1f
[R] 02 1f 00008000 00000000
[E] 010000ec 00007fff 0
[M] 010000ec 00007fff 0 0 00000000
[W] 010000ec 1 02 00007fff
[F] 010000f0 0020bf33
[D] 010000f0 33 1e 01 02 3 00 00000000 02
[R] 01 02 7fffffff 00007fff
[E] 010000f0 00000000 0
[M] 010000f0 00000000 0 3 00007fff
[W] 010000f0 1 1e 00000000
[F] 010000f4 00000e93
[D] 010000f4 13 1d 00 00 0 00 00000000 00
[R] 00 00 00000000 00000000
[E] 010000f4 00000000 0
[M] 010000f4 00000000 0 0 00000000
[W] 010000f4 1 1d 00000000
[F] 010000f8 00b00193
[D] 010000f8 13 03 00 0b 0 00 0000000b 0b
[R] 00 0b 00000000 00000000
[E] 010000f8 0000000b 0
[M] 010000f8 0000000b 0 0 00000000
[W] 010000f8 1 03 0000000b
[F] 010000fc 3ddf1663
[D] 010000fc 63 0c 1e 1d 1 1e 000003cc 1d
[R] 1e 1d 00000000 00000000
[E] 010000fc 010004c8 0
[M] 010000fc 010004c8 0 1 00000000
[W] 010000fc 0 0c 010004c8
[F] 01000100 800000b7
[D] 01000100 37 01 00 00 0 40 80000000 00
[R] 00 00 00000000 00000000
[E] 01000100 80000000 0
[M] 01000100 80000000 0 0 00000000
[W] 01000100 1 01 80000000
[F] 01000104 00008137
[D] 01000104 37 02 00 00 0 00 00008000 00
[R] 00 00 00000000 00000000
[E] 01000104 00008000 0
[M] 01000104 00008000 0 0 00000000
[W] 01000104 1 02 00008000
[F] 01000108 fff10113
[D] 01000108 13 02 02 1f 0 7f ffffffff 1f
[R] 02 1f 00008000 00000000
[E] 01000108 00007fff 0
[M] 01000108 00007fff 0 0 00000000
[W] 01000108 1 02 00007fff
[F] 0100010c 0020bf33
[D] 0100010c 33 1e 01 02 3 00 00000000 02
[R] 01 02 80000000 00007fff
[E] 0100010c 00000000 0
[M] 0100010c 00000000 0 3 00007fff
[W] 0100010c 1 1e 00000000
[F] 01000110 00000e93
[D] 01000110 13 1d 00 00 0 00 00000000 00
[R] 00 00 00000000 00000000
[E] 01000110 00000000 0
[M] 01000110 00000000 0 0 00000000
[W] 01000110 1 1d 00000000
[F] 01000114 00c00193
[D] 01000114 13 03 00 0c 0 00 0000000c 0c
[R] 00 0c 00000000 00000000
[E] 01000114 0000000c 0
[M] 01000114 0000000c 0 0 00000000
[W] 01000114 1 03 0000000c
[F] 01000118 3bdf1863
[D] 01000118 63 10 1e 1d 1 1d 000003b0 1d
[R] 1e 1d 00000000 00000000
[E] 01000118 010004c8 0
[M] 01000118 010004c8 0 1 00000000
[W] 01000118 0 10 010004c8
[F] 0100011c 800000b7
[D] 0100011c 37 01 00 00 0 40 80000000 00
[R] 00 00 00000000 00000000
[E] 0100011c 80000000 0
[M] 0100011c 80000000 0 0 00000000
[W] 0100011c 1 01 80000000
[F] 01000120 fff08093
[D] 01000120 13 01 01 1f 0 7f ffffffff 1f
[R] 01 1f 80000000 00000000
[E] 01000120 7fffffff 0
[M] 01000120 7fffffff 0 0 00000000
[W] 01000120 1 01 7fffffff
[F] 01000124 ffff8137
[D] 01000124 37 02 00 1f 0 7f ffff8000 1f
[R] 00 1f 00000000 00000000
[E] 01000124 ffff8000 0
[M] 01000124 ffff8000 0 0 00000000
[W] 01000124 1 02 ffff8000
[F] 01000128 0020bf33
[D] 01000128 33 1e 01 02 3 00 00000000 02
[R] 01 02 7fffffff ffff8000
[E] 01000128 00000001 0
[M] 01000128 00000001 0 3 ffff8000
[W] 01000128 1 1e 00000001
[F] 0100012c 00100e93
[D] 0100012c 13 1d 00 01 0 00 00000001 01
[R] 00 01 00000000 7fffffff
[E] 0100012c 00000001 0
[M] 0100012c 00000001 0 0 7fffffff
[W] 0100012c 1 1d 00000001
[F] 01000130 00d00193
[D] 01000130 13 03 00 0d 0 00 0000000d 0d
[R] 00 0d 00000000 00000000
[E] 01000130 0000000d 0
[M] 01000130 0000000d 0 0 00000000
[W] 01000130 1 03 0000000d
[F] 01000134 39df1a63
[D] 01000134 63 14 1e 1d 1 1c 00000394 1d
[R] 1e 1d 00000001 00000001
[E] 01000134 010004c8 0
[M] 01000134 010004c8 0 1 00000001
[W] 01000134 0 14 010004c8
[F] 01000138 00000093
[D] 01000138 13 01 00 00 0 00 00000000 00
[R] 00 00 00000000 00000000
[E] 01000138 00000000 0
[M] 01000138 00000000 0 0 00000000
[W] 01000138 1 01 00000000
[F] 0100013c fff00113
[D] 0100013c 13 02 00 1f 0 7f ffffffff 1f
[R] 00 1f 00000000 00000000
[E] 0100013c ffffffff 0
[M] 0100013c ffffffff 0 0 00000000
[W] 0100013c 1 02 ffffffff
[F] 01000140 0020bf33
[D] 01000140 33 1e 01 02 3 00 00000000 02
[R] 01 02 00000000 ffffffff
[E] 01000140 00000001 0
[M] 01000140 00000001 0 3 ffffffff
[W] 01000140 1 1e 00000001
[F] 01000144 00100e93
[D] 01000144 13 1d 00 01 0 00 00000001 01
[R] 00 01 00000000 00000000
[E] 01000144 00000001 0
[M] 01000144 00000001 0 0 00000000
[W] 01000144 1 1d 00000001
[F] 01000148 00e00193
[D] 01000148 13 03 00 0e 0 00 0000000e 0e
[R] 00 0e 00000000 00000000
[E] 01000148 0000000e 0
[M] 01000148 0000000e 0 0 00000000
[W] 01000148 1 03 0000000e
[F] 0100014c 37df1e63
[D] 0100014c 63 1c 1e 1d 1 1b 0000037c 1d
[R] 1e 1d 00000001 00000001
[E] 0100014c 010004c8 0
[M] 0100014c 010004c8 0 1 00000001
[W] 0100014c 0 1c 010004c8
[F] 01000150 fff00093
[D] 01000150 13 01 00 1f 0 7f ffffffff 1f
[R] 00 1f 00000000 00000000
[E] 01000150 ffffffff 0
[M] 01000150 ffffffff 0 0 00000000
[W] 01000150 1 01 ffffffff
[F] 01000154 00100113
[D] 01000154 13 02 00 01 0 00 00000001 01
[R] 00 01 00000000 ffffffff
[E] 01000154 00000001 0
[M] 01000154 00000001 0 0 ffffffff
[W] 01000154 1 02 00000001
[F] 01000158 0020bf33
[D] 01000158 33 1e 01 02 3 00 00000000 02
[R] 01 02 ffffffff 00000001
[E] 01000158 00000000 0
[M] 01000158 00000000 0 3 00000001
[W] 01000158 1 1e 00000000
[F] 0100015c 00000e93
[D] 0100015c 13 1d 00 00 0 00 00000000 00
[R] 00 00 00000000 00000000
[E] 0100015c 00000000 0
[M] 0100015c 00000000 0 0 00000000
[W] 0100015c 1 1d 00000000
[F] 01000160 00f00193
[D] 01000160 13 03 00 0f 0 00 0000000f 0f
[R] 00 0f 00000000 00000000
[E] 01000160 0000000f 0
[M] 01000160 0000000f 0 0 00000000
[W] 01000160 1 03 0000000f
[F] 01000164 37df1263
[D] 01000164 63 04 1e 1d 1 1b 00000364 1d
[R] 1e 1d 00000000 00000000
[E] 01000164 010004c8 0
[M] 01000164 010004c8 0 1 00000000
[W] 01000164 0 04 010004c8
[F] 01000168 fff00093
[D] 01000168 13 01 00 1f 0 7f ffffffff 1f
[R] 00 1f 00000000 00000000
[E] 01000168 ffffffff 0
[M] 01000168 ffffffff 0 0 00000000
[W] 01000168 1 01 ffffffff
[F] 0100016c fff00113
[D] 0100016c 13 02 00 1f 0 7f ffffffff 1f
[R] 00 1f 00000000 00000000
[E] 0100016c ffffffff 0
[M] 0100016c ffffffff 0 0 00000000
[W] 0100016c 1 02 ffffffff
[F] 01000170 0020bf33
[D] 01000170 33 1e 01 02 3 00 00000000 02
[R] 01 02 ffffffff ffffffff
[E] 01000170 00000000 0
[M] 01000170 00000000 0 3 ffffffff
[W] 01000170 1 1e 00000000
[F] 01000174 00000e93
[D] 01000174 13 1d 00 00 0 00 00000000 00
[R] 00 00 00000000 00000000
[E] 01000174 00000000 0
[M] 01000174 00000000 0 0 00000000
[W] 01000174 1 1d 00000000
[F] 01000178 01000193
[D] 01000178 13 03 00 10 0 00 00000010 10
[R] 00 10 00000000 00000000
[E] 01000178 00000010 0
[M] 01000178 00000010 0 0 00000000
[W] 01000178 1 03 00000010
[F] 0100017c 35df1663
[D] 0100017c 63 0c 1e 1d 1 1a 0000034c 1d
[R] 1e 1d 00000000 00000000
[E] 0100017c 010004c8 0
[M] 0100017c 010004c8 0 1 00000000
[W] 0100017c 0 0c 010004c8
[F] 01000180 00e00093
[D] 01000180 13 01 00 0e 0 00 0000000e 0e
[R] 00 0e 00000000 00000000
[E] 01000180 0000000e 0
[M] 01000180 0000000e 0 0 00000000
[W] 01000180 1 01 0000000e
[F] 01000184 00d00113
[D] 01000184 13 02 00 0d 0 00 0000000d 0d
[R] 00 0d 00000000 00000000
[E] 01000184 0000000d 0
[M] 01000184 0000000d 0 0 00000000
[W] 01000184 1 02 0000000d
[F] 01000188 0020b0b3
[D] 01000188 33 01 01 02 3 00 00000000 02
[R] 01 02 0000000e 0000000d
[E] 01000188 00000000 0
[M] 01000188 00000000 0 3 0000000d
[W] 01000188 1 01 00000000
[F] 0100018c 00000e93
[D] 0100018c 13 1d 00 00 0 00 00000000 00
[R] 00 00 00000000 00000000
[E] 0100018c 00000000 0
[M] 0100018c 00000000 0 0 00000000
[W] 0100018c 1 1d 00000000
[F] 01000190 01100193
[D] 01000190 13 03 00 11 0 00 00000011 11
[R] 00 11 00000000 00000000
[E] 01000190 00000011 0
[M] 01000190 00000011 0 0 00000000
[W] 01000190 1 03 00000011
[F] 01000194 33d09a63
[D] 01000194 63 14 01 1d 1 19 00000334 1d
[R] 01 1d 00000000 00000000
[E] 01000194 010004c8 0
[M] 01000194 010004c8 0 1 00000000
[W] 01000194 0 14 010004c8
[F] 01000198 00b00093
[D] 01000198 13 01 00 0b 0 00 0000000b 0b
[R] 00 0b 00000000 00000000
[E] 01000198 0000000b 0
[M] 01000198 0000000b 0 0 00000000
[W] 01000198 1 01 0000000b
[F] 0100019c 00d00113
[D] 0100019c 13 02 00 0d 0 00 0000000d 0d
[R] 00 0d 00000000 00000000
[E] 0100019c 0000000d 0
[M] 0100019c 0000000d 0 0 00000000
[W] 0100019c 1 02 0000000d
[F] 010001a0 0020b133
[D] 010001a0 33 02 01 02 3 00 00000000 02
[R] 01 02 0000000b 0000000d
[E] 010001a0 00000001 0
[M] 010001a0 00000001 0 3 0000000d
[W] 010001a0 1 02 00000001
[F] 010001a4 00100e93
[D] 010001a4 13 1d 00 01 0 00 00000001 01
[R] 00 01 00000000 0000000b
[E] 010001a4 00000001 0
[M] 010001a4 00000001 0 0 0000000b
[W] 010001a4 1 1d 00000001
[F] 010001a8 01200193
[D] 010001a8 13 03 00 12 0 00 00000012 12
[R] 00 12 00000000 00000000
[E] 010001a8 00000012 0
[M] 010001a8 00000012 0 0 00000000
[W] 010001a8 1 03 00000012
[F] 010001ac 31d11e63
[D] 010001ac 63 1c 02 1d 1 18 0000031c 1d
[R] 02 1d 00000001 00000001
[E] 010001ac 010004c8 0
[M] 010001ac 010004c8 0 1 00000001
[W] 010001ac 0 1c 010004c8
[F] 010001b0 00d00093
[D] 010001b0 13 01 00 0d 0 00 0000000d 0d
[R] 00 0d 00000000 00000000
[E] 010001b0 0000000d 0
[M] 010001b0 0000000d 0 0 00000000
[W] 010001b0 1 01 0000000d
[F] 010001b4 0010b0b3
[D] 010001b4 33 01 01 01 3 00 00000000 01
[R] 01 01 0000000d 0000000d
[E] 010001b4 00000000 0
[M] 010001b4 00000000 0 3 0000000d
[W] 010001b4 1 01 00000000
[F] 010001b8 00000e93
[D] 010001b8 13 1d 00 00 0 00 00000000 00
[R] 00 00 00000000 00000000
[E] 010001b8 00000000 0
[M] 010001b8 00000000 0 0 00000000
[W] 010001b8 1 1d 00000000
[F] 010001bc 01300193
[D] 010001bc 13 03 00 13 0 00 00000013 13
[R] 00 13 00000000 00000000
[E] 010001bc 00000013 0
[M] 010001bc 00000013 0 0 00000000
[W] 010001bc 1 03 00000013
[F] 010001c0 31d09463
[D] 010001c0 63 08 01 1d 1 18 00000308 1d
[R] 01 1d 00000000 00000000
[E] 010001c0 010004c8 0
[M] 010001c0 010004c8 0 1 00000000
[W] 010001c0 0 08 010004c8
[F] 010001c4 00000213
[D] 010001c4 13 04 00 00 0 00 00000000 00
[R] 00 00 00000000 00000000
[E] 010001c4 00000000 0
[M] 010001c4 00000000 0 0 00000000
[W] 010001c4 1 04 00000000
[F] 010001c8 00b00093
[D] 010001c8 13 01 00 0b 0 00 0000000b 0b
[R] 00 0b 00000000 00000000
[E] 010001c8 0000000b 0
[M] 010001c8 0000000b 0 0 00000000
[W] 010001c8 1 01 0000000b
[F] 010001cc 00d00113
[D] 010001cc 13 02 00 0d 0 00 0000000d 0d
[R] 00 0d 00000000 00000000
[E] 010001cc 0000000d 0
[M] 010001cc 0000000d 0 0 00000000
[W] 010001cc 1 02 0000000d
[F] 010001d0 0020bf33
[D] 010001d0 33 1e 01 02 3 00 00000000 02
[R] 01 02 0000000b 0000000d
[E] 010001d0 00000001 0
[M] 010001d0 00000001 0 3 0000000d
[W] 010001d0 1 1e 00000001
[F] 010001d4 000f0313
[D] 010001d4 13 06 1e 00 0 00 00000000 00
[R] 1e 00 00000001 00000000
[E] 010001d4 00000001 0
[M] 010001d4 00000001 0 0 00000000
[W] 010001d4 1 06 00000001
[F] 010001d8 00120213
[D] 010001d8 13 04 04 01 0 00 00000001 01
[R] 04 01 00000000 0000000b
[E] 010001d8 00000001 0
[M] 010001d8 00000001 0 0 0000000b
[W] 010001d8 1 04 00000001
[F] 010001dc 00200293
[D] 010001dc 13 05 00 02 0 00 00000002 02
[R] 00 02 00000000 0000000d
[E] 010001dc 00000002 0
[M] 010001dc 00000002 0 0 0000000d
[W] 010001dc 1 05 00000002
[F] 010001e0 fe5214e3
[D] 010001e0 63 09 04 05 1 7f ffffffe8 05
[R] 04 05 00000001 00000002
[E] 010001e0 010001c8 0
[M] 010001e0 010001c8 0 1 00000002
[W] 010001e0 0 09 010001c8
[F] 010001c8 00b00093
[D] 010001c8 13 01 00 0b 0 00 0000000b 0b
[R] 00 0b 00000000 00000000
[E] 010001c8 0000000b 0
[M] 010001c8 0000000b 0 0 00000000
[W] 010001c8 1 01 0000000b
[F] 010001cc 00d00113
[D] 010001cc 13 02 00 0d 0 00 0000000d 0d
[R] 00 0d 00000000 00000000
[E] 010001cc 0000000d 0
[M] 010001cc 0000000d 0 0 00000000
[W] 010001cc 1 02 0000000d
[F] 010001d0 0020bf33
[D] 010001d0 33 1e 01 02 3 00 00000000 02
[R] 01 02 0000000b 0000000d
[E] 010001d0 00000001 0
[M] 010001d0 00000001 0 3 0000000d
[W] 010001d0 1 1e 00000001
[F] 010001d4 000f0313
[D] 010001d4 13 06 1e 00 0 00 00000000 00
[R] 1e 00 00000001 00000000
[E] 010001d4 00000001 0
[M] 010001d4 00000001 0 0 00000000
[W] 010001d4 1 06 00000001
[F] 010001d8 00120213
[D] 010001d8 13 04 04 01 0 00 00000001 01
[R] 04 01 00000001 0000000b
[E] 010001d8 00000002 0
[M] 010001d8 00000002 0 0 0000000b
[W] 010001d8 1 04 00000002
[F] 010001dc 00200293
[D] 010001dc 13 05 00 02 0 00 00000002 02
[R] 00 02 00000000 0000000d
[E] 010001dc 00000002 0
[M] 010001dc 00000002 0 0 0000000d
[W] 010001dc 1 05 00000002
[F] 010001e0 fe5214e3
[D] 010001e0 63 09 04 05 1 7f ffffffe8 05
[R] 04 05 00000002 00000002
[E] 010001e0 010001c8 0
[M] 010001e0 010001c8 0 1 00000002
[W] 010001e0 0 09 010001c8
[F] 010001e4 00100e93
[D] 010001e4 13 1d 00 01 0 00 00000001 01
[R] 00 01 00000000 0000000b
[E] 010001e4 00000001 0
[M] 010001e4 00000001 0 0 0000000b
[W] 010001e4 1 1d 00000001
[F] 010001e8 01400193
[D] 010001e8 13 03 00 14 0 00 00000014 14
[R] 00 14 00000000 00000000
[E] 010001e8 00000014 0
[M] 010001e8 00000014 0 0 00000000
[W] 010001e8 1 03 00000014
[F] 010001ec 2dd31e63
[D] 010001ec 63 1c 06 1d 1 16 000002dc 1d
[R] 06 1d 00000001 00000001
[E] 010001ec 010004c8 0
[M] 010001ec 010004c8 0 1 00000001
[W] 010001ec 0 1c 010004c8
[F] 010001f0 00000213
[D] 010001f0 13 04 00 00 0 00 00000000 00
[R] 00 00 00000000 00000000
[E] 010001f0 00000000 0
[M] 010001f0 00000000 0 0 00000000
[W] 010001f0 1 04 00000000
[F] 010001f4 00e00093
[D] 010001f4 13 01 00 0e 0 00 0000000e 0e
[R] 00 0e 00000000 00000000
[E] 010001f4 0000000e 0
[M] 010001f4 0000000e 0 0 00000000
[W] 010001f4 1 01 0000000e
[F] 010001f8 00d00113
[D] 010001f8 13 02 00 0d 0 00 0000000d 0d
[R] 00 0d 00000000 00000000
[E] 010001f8 0000000d 0
[M] 010001f8 0000000d 0 0 00000000
[W] 010001f8 1 02 0000000d
[F] 010001fc 0020bf33
[D] 010001fc 33 1e 01 02 3 00 00000000 02
[R] 01 02 0000000e 0000000d
[E] 010001fc 00000000 0
[M] 010001fc 00000000 0 3 0000000d
[W] 010001fc 1 1e 00000000
[F] 01000200 00000013
[D] 01000200 13 00 00 00 0 00 00000000 00
[R] 00 00 00000000 00000000
[E] 01000200 00000000 0
[M] 01000200 00000000 0 0 00000000
[W] 01000200 1 00 00000000
[F] 01000204 000f0313
[D] 01000204 13 06 1e 00 0 00 00000000 00
[R] 1e 00 00000000 00000000
[E] 01000204 00000000 0
[M] 01000204 00000000 0 0 00000000
[W] 01000204 1 06 00000000
[F] 01000208 00120213
[D] 01000208 13 04 04 01 0 00 00000001 01
[R] 04 01 00000000 0000000e
[E] 01000208 00000001 0
[M] 01000208 00000001 0 0 0000000e
[W] 01000208 1 04 00000001
[F] 0100020c 00200293
[D] 0100020c 13 05 00 02 0 00 00000002 02
[R] 00 02 00000000 0000000d
[E] 0100020c 00000002 0
[M] 0100020c 00000002 0 0 0000000d
[W] 0100020c 1 05 00000002
[F] 01000210 fe5212e3
[D] 01000210 63 05 04 05 1 7f ffffffe4 05
[R] 04 05 00000001 00000002
[E] 01000210 010001f4 0
[M] 01000210 010001f4 0 1 00000002
[W] 01000210 0 05 010001f4
[F] 010001f4 00e00093
[D] 010001f4 13 01 00 0e 0 00 0000000e 0e
[R] 00 0e 00000000 00000000
[E] 010001f4 0000000e 0
[M] 010001f4 0000000e 0 0 00000000
[W] 010001f4 1 01 0000000e
[F] 010001f8 00d00113
[D] 010001f8 13 02 00 0d 0 00 0000000d 0d
[R] 00 0d 00000000 00000000
[E] 010001f8 0000000d 0
[M] 010001f8 0000000d 0 0 00000000
[W] 010001f8 1 02 0000000d
[F] 010001fc 0020bf33
[D] 010001fc 33 1e 01 02 3 00 00000000 02
[R] 01 02 0000000e 0000000d
[E] 010001fc 00000000 0
[M] 010001fc 00000000 0 3 0000000d
[W] 010001fc 1 1e 00000000
[F] 01000200 00000013
[D] 01000200 13 00 00 00 0 00 00000000 00
[R] 00 00 00000000 00000000
[E] 01000200 00000000 0
[M] 01000200 00000000 0 0 00000000
[W] 01000200 1 00 00000000
[F] 01000204 000f0313
[D] 01000204 13 06 1e 00 0 00 00000000 00
[R] 1e 00 00000000 00000000
[E] 01000204 00000000 0
[M] 01000204 00000000 0 0 00000000
[W] 01000204 1 06 00000000
[F] 01000208 00120213
[D] 01000208 13 04 04 01 0 00 00000001 01
[R] 04 01 00000001 0000000e
[E] 01000208 00000002 0
[M] 01000208 00000002 0 0 0000000e
[W] 01000208 1 04 00000002
[F] 0100020c 00200293
[D] 0100020c 13 05 00 02 0 00 00000002 02
[R] 00 02 00000000 0000000d
[E] 0100020c 00000002 0
[M] 0100020c 00000002 0 0 0000000d
[W] 0100020c 1 05 00000002
[F] 01000210 fe5212e3
[D] 01000210 63 05 04 05 1 7f ffffffe4 05
[R] 04 05 00000002 00000002
[E] 01000210 010001f4 0
[M] 01000210 010001f4 0 1 00000002
[W] 01000210 0 05 010001f4
[F] 01000214 00000e93
[D] 01000214 13 1d 00 00 0 00 00000000 00
[R] 00 00 00000000 00000000
[E] 01000214 00000000 0
[M] 01000214 00000000 0 0 00000000
[W] 01000214 1 1d 00000000
[F] 01000218 01500193
[D] 01000218 13 03 00 15 0 00 00000015 15
[R] 00 15 00000000 00000000
[E] 01000218 00000015 0
[M] 01000218 00000015 0 0 00000000
[W] 01000218 1 03 00000015
[F] 0100021c 2bd31663
[D] 0100021c 63 0c 06 1d 1 15 000002ac 1d
[R] 06 1d 00000000 00000000
[E] 0100021c 010004c8 0
[M] 0100021c 010004c8 0 1 00000000
[W] 0100021c 0 0c 010004c8
[F] 01000220 00000213
[D] 01000220 13 04 00 00 0 00 00000000 00
[R] 00 00 00000000 00000000
[E] 01000220 00000000 0
[M] 01000220 00000000 0 0 00000000
[W] 01000220 1 04 00000000
[F] 01000224 00c00093
[D] 01000224 13 01 00 0c 0 00 0000000c 0c
[R] 00 0c 00000000 00000000
[E] 01000224 0000000c 0
[M] 01000224 0000000c 0 0 00000000
[W] 01000224 1 01 0000000c
[F] 01000228 00d00113
[D] 01000228 13 02 00 0d 0 00 0000000d 0d
[R] 00 0d 00000000 00000000
[E] 01000228 0000000d 0
[M] 01000228 0000000d 0 0 00000000
[W] 01000228 1 02 0000000d
[F] 0100022c 0020bf33
[D] 0100022c 33 1e 01 02 3 00 00000000 02
[R] 01 02 0000000c 0000000d
[E] 0100022c 00000001 0
[M] 0100022c 00000001 0 3 0000000d
[W] 0100022c 1 1e 00000001
[F] 01000230 00000013
[D] 01000230 13 00 00 00 0 00 00000000 00
[R] 00 00 00000000 00000000
[E] 01000230 00000000 0
[M] 01000230 00000000 0 0 00000000
[W] 01000230 1 00 00000000
[F] 01000234 00000013
[D] 01000234 13 00 00 00 0 00 00000000 00
[R] 00 00 00000000 00000000
[E] 01000234 00000000 0
[M] 01000234 00000000 0 0 00000000
[W] 01000234 1 00 00000000
[F] 01000238 000f0313
[D] 01000238 13 06 1e 00 0 00 00000000 00
[R] 1e 00 00000001 00000000
[E] 01000238 00000001 0
[M] 01000238 00000001 0 0 00000000
[W] 01000238 1 06 00000001
[F] 0100023c 00120213
[D] 0100023c 13 04 04 01 0 00 00000001 01
[R] 04 01 00000000 0000000c
[E] 0100023c 00000001 0
[M] 0100023c 00000001 0 0 0000000c
[W] 0100023c 1 04 00000001
[F] 01000240 00200293
[D] 01000240 13 05 00 02 0 00 00000002 02
[R] 00 02 00000000 0000000d
[E] 01000240 00000002 0
[M] 01000240 00000002 0 0 0000000d
[W] 01000240 1 05 00000002
[F] 01000244 fe5210e3
[D] 01000244 63 01 04 05 1 7f ffffffe0 05
[R] 04 05 00000001 00000002
[E] 01000244 01000224 0
[M] 01000244 01000224 0 1 00000002
[W] 01000244 0 01 01000224
[F] 01000224 00c00093
[D] 01000224 13 01 00 0c 0 00 0000000c 0c
[R] 00 0c 00000000 00000000
[E] 01000224 0000000c 0
[M] 01000224 0000000c 0 0 00000000
[W] 01000224 1 01 0000000c
[F] 01000228 00d00113
[D] 01000228 13 02 00 0d 0 00 0000000d 0d
[R] 00 0d 00000000 00000000
[E] 01000228 0000000d 0
[M] 01000228 0000000d 0 0 00000000
[W] 01000228 1 02 0000000d
[F] 0100022c 0020bf33
[D] 0100022c 33 1e 01 02 3 00 00000000 02
[R] 01 02 0000000c 0000000d
[E] 0100022c 00000001 0
[M] 0100022c 00000001 0 3 0000000d
[W] 0100022c 1 1e 00000001
[F] 01000230 00000013
[D] 01000230 13 00 00 00 0 00 00000000 00
[R] 00 00 00000000 00000000
[E] 01000230 00000000 0
[M] 01000230 00000000 0 0 00000000
[W] 01000230 1 00 00000000
[F] 01000234 00000013
[D] 01000234 13 00 00 00 0 00 00000000 00
[R] 00 00 00000000 00000000
[E] 01000234 00000000 0
[M] 01000234 00000000 0 0 00000000
[W] 01000234 1 00 00000000
[F] 01000238 000f0313
[D] 01000238 13 06 1e 00 0 00 00000000 00
[R] 1e 00 00000001 00000000
[E] 01000238 00000001 0
[M] 01000238 00000001 0 0 00000000
[W] 01000238 1 06 00000001
[F] 0100023c 00120213
[D] 0100023c 13 04 04 01 0 00 00000001 01
[R] 04 01 00000001 0000000c
[E] 0100023c 00000002 0
[M] 0100023c 00000002 0 0 0000000c
[W] 0100023c 1 04 00000002
[F] 01000240 00200293
[D] 01000240 13 05 00 02 0 00 00000002 02
[R] 00 02 00000000 0000000d
[E] 01000240 00000002 0
[M] 01000240 00000002 0 0 0000000d
[W] 01000240 1 05 00000002
[F] 01000244 fe5210e3
[D] 01000244 63 01 04 05 1 7f ffffffe0 05
[R] 04 05 00000002 00000002
[E] 01000244 01000224 0
[M] 01000244 01000224 0 1 00000002
[W] 01000244 0 01 01000224
[F] 01000248 00100e93
[D] 01000248 13 1d 00 01 0 00 00000001 01
[R] 00 01 00000000 0000000c
[E] 01000248 00000001 0
[M] 01000248 00000001 0 0 0000000c
[W] 01000248 1 1d 00000001
[F] 0100024c 01600193
[D] 0100024c 13 03 00 16 0 00 00000016 16
[R] 00 16 00000000 00000000
[E] 0100024c 00000016 0
[M] 0100024c 00000016 0 0 00000000
[W] 0100024c 1 03 00000016
[F] 01000250 27d31c63
[D] 01000250 63 18 06 1d 1 13 00000278 1d
[R] 06 1d 00000001 00000001
[E] 01000250 010004c8 0
[M] 01000250 010004c8 0 1 00000001
[W] 01000250 0 18 010004c8
[F] 01000254 00000213
[D] 01000254 13 04 00 00 0 00 00000000 00
[R] 00 00 00000000 00000000
[E] 01000254 00000000 0
[M] 01000254 00000000 0 0 00000000
[W] 01000254 1 04 00000000
[F] 01000258 00e00093
[D] 01000258 13 01 00 0e 0 00 0000000e 0e
[R] 00 0e 00000000 00000000
[E] 01000258 0000000e 0
[M] 01000258 0000000e 0 0 00000000
[W] 01000258 1 01 0000000e
[F] 0100025c 00d00113
[D] 0100025c 13 02 00 0d 0 00 0000000d 0d
[R] 00 0d 00000000 00000000
[E] 0100025c 0000000d 0
[M] 0100025c 0000000d 0 0 00000000
[W] 0100025c 1 02 0000000d
[F] 01000260 0020bf33
[D] 01000260 33 1e 01 02 3 00 00000000 02
[R] 01 02 0000000e 0000000d
[E] 01000260 00000000 0
[M] 01000260 00000000 0 3 0000000d
[W] 01000260 1 1e 00000000
[F] 01000264 00120213
[D] 01000264 13 04 04 01 0 00 00000001 01
[R] 04 01 00000000 0000000e
[E] 01000264 00000001 0
[M] 01000264 00000001 0 0 0000000e
[W] 01000264 1 04 00000001
[F] 01000268 00200293
[D] 01000268 13 05 00 02 0 00 00000002 02
[R] 00 02 00000000 0000000d
[E] 01000268 00000002 0
[M] 01000268 00000002 0 0 0000000d
[W] 01000268 1 05 00000002
[F] 0100026c fe5216e3
[D] 0100026c 63 0d 04 05 1 7f ffffffec 05
[R] 04 05 00000001 00000002
[E] 0100026c 01000258 0
[M] 0100026c 01000258 0 1 00000002
[W] 0100026c 0 0d 01000258
[F] 01000258 00e00093
[D] 01000258 13 01 00 0e 0 00 0000000e 0e
[R] 00 0e 00000000 00000000
[E] 01000258 0000000e 0
[M] 01000258 0000000e 0 0 00000000
[W] 01000258 1 01 0000000e
[F] 0100025c 00d00113
[D] 0100025c 13 02 00 0d 0 00 0000000d 0d
[R] 00 0d 00000000 00000000
[E] 0100025c 0000000d 0
[M] 0100025c 0000000d 0 0 00000000
[W] 0100025c 1 02 0000000d
[F] 01000260 0020bf33
[D] 01000260 33 1e 01 02 3 00 00000000 02
[R] 01 02 0000000e 0000000d
[E] 01000260 00000000 0
[M] 01000260 00000000 0 3 0000000d
[W] 01000260 1 1e 00000000
[F] 01000264 00120213
[D] 01000264 13 04 04 01 0 00 00000001 01
[R] 04 01 00000001 0000000e
[E] 01000264 00000002 0
[M] 01000264 00000002 0 0 0000000e
[W] 01000264 1 04 00000002
[F] 01000268 00200293
[D] 01000268 13 05 00 02 0 00 00000002 02
[R] 00 02 00000000 0000000d
[E] 01000268 00000002 0
[M] 01000268 00000002 0 0 0000000d
[W] 01000268 1 05 00000002
[F] 0100026c fe5216e3
[D] 0100026c 63 0d 04 05 1 7f ffffffec 05
[R] 04 05 00000002 00000002
[E] 0100026c 01000258 0
[M] 0100026c 01000258 0 1 00000002
[W] 0100026c 0 0d 01000258
[F] 01000270 00000e93
[D] 01000270 13 1d 00 00 0 00 00000000 00
[R] 00 00 00000000 00000000
[E] 01000270 00000000 0
[M] 01000270 00000000 0 0 00000000
[W] 01000270 1 1d 00000000
[F] 01000274 01700193
[D] 01000274 13 03 00 17 0 00 00000017 17
[R] 00 17 00000000 00000000
[E] 01000274 00000017 0
[M] 01000274 00000017 0 0 00000000
[W] 01000274 1 03 00000017
[F] 01000278 25df1863
[D] 01000278 63 10 1e 1d 1 12 00000250 1d
[R] 1e 1d 00000000 00000000
[E] 01000278 010004c8 0
[M] 01000278 010004c8 0 1 00000000
[W] 01000278 0 10 010004c8
[F] 0100027c 00000213
[D] 0100027c 13 04 00 00 0 00 00000000 00
[R] 00 00 00000000 00000000
[E] 0100027c 00000000 0
[M] 0100027c 00000000 0 0 00000000
[W] 0100027c 1 04 00000000
[F] 01000280 00b00093
[D] 01000280 13 01 00 0b 0 00 0000000b 0b
[R] 00 0b 00000000 00000000
[E] 01000280 0000000b 0
[M] 01000280 0000000b 0 0 00000000
[W] 01000280 1 01 0000000b
[F] 01000284 00d00113
[D] 01000284 13 02 00 0d 0 00 0000000d 0d
[R] 00 0d 00000000 00000000
[E] 01000284 0000000d 0
[M] 01000284 0000000d 0 0 00000000
[W] 01000284 1 02 0000000d
[F] 01000288 00000013
[D] 01000288 13 00 00 00 0 00 00000000 00
[R] 00 00 00000000 00000000
[E] 01000288 00000000 0
[M] 01000288 00000000 0 0 00000000
[W] 01000288 1 00 00000000
[F] 0100028c 0020bf33
[D] 0100028c 33 1e 01 02 3 00 00000000 02
[R] 01 02 0000000b 0000000d
[E] 0100028c 00000001 0
[M] 0100028c 00000001 0 3 0000000d
[W] 0100028c 1 1e 00000001
[F] 01000290 00120213
[D] 01000290 13 04 04 01 0 00 00000001 01
[R] 04 01 00000000 0000000b
[E] 01000290 00000001 0
[M] 01000290 00000001 0 0 0000000b
[W] 01000290 1 04 00000001
[F] 01000294 00200293
[D] 01000294 13 05 00 02 0 00 00000002 02
[R] 00 02 00000000 0000000d
[E] 01000294 00000002 0
[M] 01000294 00000002 0 0 0000000d
[W] 01000294 1 05 00000002
[F] 01000298 fe5214e3
[D] 01000298 63 09 04 05 1 7f ffffffe8 05
[R] 04 05 00000001 00000002
[E] 01000298 01000280 0
[M] 01000298 01000280 0 1 00000002
[W] 01000298 0 09 01000280
[F] 01000280 00b00093
[D] 01000280 13 01 00 0b 0 00 0000000b 0b
[R] 00 0b 00000000 00000000
[E] 01000280 0000000b 0
[M] 01000280 0000000b 0 0 00000000
[W] 01000280 1 01 0000000b
[F] 01000284 00d00113
[D] 01000284 13 02 00 0d 0 00 0000000d 0d
[R] 00 0d 00000000 00000000
[E] 01000284 0000000d 0
[M] 01000284 0000000d 0 0 00000000
[W] 01000284 1 02 0000000d
[F] 01000288 00000013
[D] 01000288 13 00 00 00 0 00 00000000 00
[R] 00 00 00000000 00000000
[E] 01000288 00000000 0
[M] 01000288 00000000 0 0 00000000
[W] 01000288 1 00 00000000
[F] 0100028c 0020bf33
[D] 0100028c 33 1e 01 02 3 00 00000000 02
[R] 01 02 0000000b 0000000d
[E] 0100028c 00000001 0
[M] 0100028c 00000001 0 3 0000000d
[W] 0100028c 1 1e 00000001
[F] 01000290 00120213
[D] 01000290 13 04 04 01 0 00 00000001 01
[R] 04 01 00000001 0000000b
[E] 01000290 00000002 0
[M] 01000290 00000002 0 0 0000000b
[W] 01000290 1 04 00000002
[F] 01000294 00200293
[D] 01000294 13 05 00 02 0 00 00000002 02
[R] 00 02 00000000 0000000d
[E] 01000294 00000002 0
[M] 01000294 00000002 0 0 0000000d
[W] 01000294 1 05 00000002
[F] 01000298 fe5214e3
[D] 01000298 63 09 04 05 1 7f ffffffe8 05
[R] 04 05 00000002 00000002
[E] 01000298 01000280 0
[M] 01000298 01000280 0 1 00000002
[W] 01000298 0 09 01000280
[F] 0100029c 00100e93
[D] 0100029c 13 1d 00 01 0 00 00000001 01
[R] 00 01 00000000 0000000b
[E] 0100029c 00000001 0
[M] 0100029c 00000001 0 0 0000000b
[W] 0100029c 1 1d 00000001
[F] 010002a0 01800193
[D] 010002a0 13 03 00 18 0 00 00000018 18
[R] 00 18 00000000 00000000
[E] 010002a0 00000018 0
[M] 010002a0 00000018 0 0 00000000
[W] 010002a0 1 03 00000018
[F] 010002a4 23df1263
[D] 010002a4 63 04 1e 1d 1 11 00000224 1d
[R] 1e 1d 00000001 00000001
[E] 010002a4 010004c8 0
[M] 010002a4 010004c8 0 1 00000001
[W] 010002a4 0 04 010004c8
[F] 010002a8 00000213
[D] 010002a8 13 04 00 00 0 00 00000000 00
[R] 00 00 00000000 00000000
[E] 010002a8 00000000 0
[M] 010002a8 00000000 0 0 00000000
[W] 010002a8 1 04 00000000
[F] 010002ac 00f00093
[D] 010002ac 13 01 00 0f 0 00 0000000f 0f
[R] 00 0f 00000000 00000000
[E] 010002ac 0000000f 0
[M] 010002ac 0000000f 0 0 00000000
[W] 010002ac 1 01 0000000f
[F] 010002b0 00d00113
[D] 010002b0 13 02 00 0d 0 00 0000000d 0d
[R] 00 0d 00000000 00000000
[E] 010002b0 0000000d 0
[M] 010002b0 0000000d 0 0 00000000
[W] 010002b0 1 02 0000000d
[F] 010002b4 00000013
[D] 010002b4 13 00 00 00 0 00 00000000 00
[R] 00 00 00000000 00000000
[E] 010002b4 00000000 0
[M] 010002b4 00000000 0 0 00000000
[W] 010002b4 1 00 00000000
[F] 010002b8 00000013
[D] 010002b8 13 00 00 00 0 00 00000000 00
[R] 00 00 00000000 00000000
[E] 010002b8 00000000 0
[M] 010002b8 00000000 0 0 00000000
[W] 010002b8 1 00 00000000
[F] 010002bc 0020bf33
[D] 010002bc 33 1e 01 02 3 00 00000000 02
[R] 01 02 0000000f 0000000d
[E] 010002bc 00000000 0
[M] 010002bc 00000000 0 3 0000000d
[W] 010002bc 1 1e 00000000
[F] 010002c0 00120213
[D] 010002c0 13 04 04 01 0 00 00000001 01
[R] 04 01 00000000 0000000f
[E] 010002c0 00000001 0
[M] 010002c0 00000001 0 0 0000000f
[W] 010002c0 1 04 00000001
[F] 010002c4 00200293
[D] 010002c4 13 05 00 02 0 00 00000002 02
[R] 00 02 00000000 0000000d
[E] 010002c4 00000002 0
[M] 010002c4 00000002 0 0 0000000d
[W] 010002c4 1 05 00000002
[F] 010002c8 fe5212e3
[D] 010002c8 63 05 04 05 1 7f ffffffe4 05
[R] 04 05 00000001 00000002
[E] 010002c8 010002ac 0
[M] 010002c8 010002ac 0 1 00000002
[W] 010002c8 0 05 010002ac
[F] 010002ac 00f00093
[D] 010002ac 13 01 00 0f 0 00 0000000f 0f
[R] 00 0f 00000000 00000000
[E] 010002ac 0000000f 0
[M] 010002ac 0000000f 0 0 00000000
[W] 010002ac 1 01 0000000f
[F] 010002b0 00d00113
[D] 010002b0 13 02 00 0d 0 00 0000000d 0d
[R] 00 0d 00000000 00000000
[E] 010002b0 0000000d 0
[M] 010002b0 0000000d 0 0 00000000
[W] 010002b0 1 02 0000000d
[F] 010002b4 00000013
[D] 010002b4 13 00 00 00 0 00 00000000 00
[R] 00 00 00000000 00000000
[E] 010002b4 00000000 0
[M] 010002b4 00000000 0 0 00000000
[W] 010002b4 1 00 00000000
[F] 010002b8 00000013
[D] 010002b8 13 00 00 00 0 00 00000000 00
[R] 00 00 00000000 00000000
[E] 010002b8 00000000 0
[M] 010002b8 00000000 0 0 00000000
[W] 010002b8 1 00 00000000
[F] 010002bc 0020bf33
[D] 010002bc 33 1e 01 02 3 00 00000000 02
[R] 01 02 0000000f 0000000d
[E] 010002bc 00000000 0
[M] 010002bc 00000000 0 3 0000000d
[W] 010002bc 1 1e 00000000
[F] 010002c0 00120213
[D] 010002c0 13 04 04 01 0 00 00000001 01
[R] 04 01 00000001 0000000f
[E] 010002c0 00000002 0
[M] 010002c0 00000002 0 0 0000000f
[W] 010002c0 1 04 00000002
[F] 010002c4 00200293
[D] 010002c4 13 05 00 02 0 00 00000002 02
[R] 00 02 00000000 0000000d
[E] 010002c4 00000002 0
[M] 010002c4 00000002 0 0 0000000d
[W] 010002c4 1 05 00000002
[F] 010002c8 fe5212e3
[D] 010002c8 63 05 04 05 1 7f ffffffe4 05
[R] 04 05 00000002 00000002
[E] 010002c8 010002ac 0
[M] 010002c8 010002ac 0 1 00000002
[W] 010002c8 0 05 010002ac
[F] 010002cc 00000e93
[D] 010002cc 13 1d 00 00 0 00 00000000 00
[R] 00 00 00000000 00000000
[E] 010002cc 00000000 0
[M] 010002cc 00000000 0 0 00000000
[W] 010002cc 1 1d 00000000
[F] 010002d0 01900193
[D] 010002d0 13 03 00 19 0 00 00000019 19
[R] 00 19 00000000 00000000
[E] 010002d0 00000019 0
[M] 010002d0 00000019 0 0 00000000
[W] 010002d0 1 03 00000019
[F] 010002d4 1fdf1a63
[D] 010002d4 63 14 1e 1d 1 0f 000001f4 1d
[R] 1e 1d 00000000 00000000
[E] 010002d4 010004c8 0
[M] 010002d4 010004c8 0 1 00000000
[W] 010002d4 0 14 010004c8
[F] 010002d8 00000213
[D] 010002d8 13 04 00 00 0 00 00000000 00
[R] 00 00 00000000 00000000
[E] 010002d8 00000000 0
[M] 010002d8 00000000 0 0 00000000
[W] 010002d8 1 04 00000000
[F] 010002dc 00a00093
[D] 010002dc 13 01 00 0a 0 00 0000000a 0a
[R] 00 0a 00000000 00000000
[E] 010002dc 0000000a 0
[M] 010002dc 0000000a 0 0 00000000
[W] 010002dc 1 01 0000000a
[F] 010002e0 00000013
[D] 010002e0 13 00 00 00 0 00 00000000 00
[R] 00 00 00000000 00000000
[E] 010002e0 00000000 0
[M] 010002e0 00000000 0 0 00000000
[W] 010002e0 1 00 00000000
[F] 010002e4 00d00113
[D] 010002e4 13 02 00 0d 0 00 0000000d 0d
[R] 00 0d 00000000 00000000
[E] 010002e4 0000000d 0
[M] 010002e4 0000000d 0 0 00000000
[W] 010002e4 1 02 0000000d
[F] 010002e8 0020bf33
[D] 010002e8 33 1e 01 02 3 00 00000000 02
[R] 01 02 0000000a 0000000d
[E] 010002e8 00000001 0
[M] 010002e8 00000001 0 3 0000000d
[W] 010002e8 1 1e 00000001
[F] 010002ec 00120213
[D] 010002ec 13 04 04 01 0 00 00000001 01
[R] 04 01 00000000 0000000a
[E] 010002ec 00000001 0
[M] 010002ec 00000001 0 0 0000000a
[W] 010002ec 1 04 00000001
[F] 010002f0 00200293
[D] 010002f0 13 05 00 02 0 00 00000002 02
[R] 00 02 00000000 0000000d
[E] 010002f0 00000002 0
[M] 010002f0 00000002 0 0 0000000d
[W] 010002f0 1 05 00000002
[F] 010002f4 fe5214e3
[D] 010002f4 63 09 04 05 1 7f ffffffe8 05
[R] 04 05 00000001 00000002
[E] 010002f4 010002dc 0
[M] 010002f4 010002dc 0 1 00000002
[W] 010002f4 0 09 010002dc
[F] 010002dc 00a00093
[D] 010002dc 13 01 00 0a 0 00 0000000a 0a
[R] 00 0a 00000000 00000000
[E] 010002dc 0000000a 0
[M] 010002dc 0000000a 0 0 00000000
[W] 010002dc 1 01 0000000a
[F] 010002e0 00000013
[D] 010002e0 13 00 00 00 0 00 00000000 00
[R] 00 00 00000000 00000000
[E] 010002e0 00000000 0
[M] 010002e0 00000000 0 0 00000000
[W] 010002e0 1 00 00000000
[F] 010002e4 00d00113
[D] 010002e4 13 02 00 0d 0 00 0000000d 0d
[R] 00 0d 00000000 00000000
[E] 010002e4 0000000d 0
[M] 010002e4 0000000d 0 0 00000000
[W] 010002e4 1 02 0000000d
[F] 010002e8 0020bf33
[D] 010002e8 33 1e 01 02 3 00 00000000 02
[R] 01 02 0000000a 0000000d
[E] 010002e8 00000001 0
[M] 010002e8 00000001 0 3 0000000d
[W] 010002e8 1 1e 00000001
[F] 010002ec 00120213
[D] 010002ec 13 04 04 01 0 00 00000001 01
[R] 04 01 00000001 0000000a
[E] 010002ec 00000002 0
[M] 010002ec 00000002 0 0 0000000a
[W] 010002ec 1 04 00000002
[F] 010002f0 00200293
[D] 010002f0 13 05 00 02 0 00 00000002 02
[R] 00 02 00000000 0000000d
[E] 010002f0 00000002 0
[M] 010002f0 00000002 0 0 0000000d
[W] 010002f0 1 05 00000002
[F] 010002f4 fe5214e3
[D] 010002f4 63 09 04 05 1 7f ffffffe8 05
[R] 04 05 00000002 00000002
[E] 010002f4 010002dc 0
[M] 010002f4 010002dc 0 1 00000002
[W] 010002f4 0 09 010002dc
[F] 010002f8 00100e93
[D] 010002f8 13 1d 00 01 0 00 00000001 01
[R] 00 01 00000000 0000000a
[E] 010002f8 00000001 0
[M] 010002f8 00000001 0 0 0000000a
[W] 010002f8 1 1d 00000001
[F] 010002fc 01a00193
[D] 010002fc 13 03 00 1a 0 00 0000001a 1a
[R] 00 1a 00000000 00000000
[E] 010002fc 0000001a 0
[M] 010002fc 0000001a 0 0 00000000
[W] 010002fc 1 03 0000001a
[F] 01000300 1ddf1463
[D] 01000300 63 08 1e 1d 1 0e 000001c8 1d
[R] 1e 1d 00000001 00000001
[E] 01000300 010004c8 0
[M] 01000300 010004c8 0 1 00000001
[W] 01000300 0 08 010004c8
[F] 01000304 00000213
[D] 01000304 13 04 00 00 0 00 00000000 00
[R] 00 00 00000000 00000000
[E] 01000304 00000000 0
[M] 01000304 00000000 0 0 00000000
[W] 01000304 1 04 00000000
[F] 01000308 01000093
[D] 01000308 13 01 00 10 0 00 00000010 10
[R] 00 10 00000000 00000000
[E] 01000308 00000010 0
[M] 01000308 00000010 0 0 00000000
[W] 01000308 1 01 00000010
[F] 0100030c 00000013
[D] 0100030c 13 00 00 00 0 00 00000000 00
[R] 00 00 00000000 00000000
[E] 0100030c 00000000 0
[M] 0100030c 00000000 0 0 00000000
[W] 0100030c 1 00 00000000
[F] 01000310 00d00113
[D] 01000310 13 02 00 0d 0 00 0000000d 0d
[R] 00 0d 00000000 00000000
[E] 01000310 0000000d 0
[M] 01000310 0000000d 0 0 00000000
[W] 01000310 1 02 0000000d
[F] 01000314 00000013
[D] 01000314 13 00 00 00 0 00 00000000 00
[R] 00 00 00000000 00000000
[E] 01000314 00000000 0
[M] 01000314 00000000 0 0 00000000
[W] 01000314 1 00 00000000
[F] 01000318 0020bf33
[D] 01000318 33 1e 01 02 3 00 00000000 02
[R] 01 02 00000010 0000000d
[E] 01000318 00000000 0
[M] 01000318 00000000 0 3 0000000d
[W] 01000318 1 1e 00000000
[F] 0100031c 00120213
[D] 0100031c 13 04 04 01 0 00 00000001 01
[R] 04 01 00000000 00000010
[E] 0100031c 00000001 0
[M] 0100031c 00000001 0 0 00000010
[W] 0100031c 1 04 00000001
[F] 01000320 00200293
[D] 01000320 13 05 00 02 0 00 00000002 02
[R] 00 02 00000000 0000000d
[E] 01000320 00000002 0
[M] 01000320 00000002 0 0 0000000d
[W] 01000320 1 05 00000002
[F] 01000324 fe5212e3
[D] 01000324 63 05 04 05 1 7f ffffffe4 05
[R] 04 05 00000001 00000002
[E] 01000324 01000308 0
[M] 01000324 01000308 0 1 00000002
[W] 01000324 0 05 01000308
[F] 01000308 01000093
[D] 01000308 13 01 00 10 0 00 00000010 10
[R] 00 10 00000000 00000000
[E] 01000308 00000010 0
[M] 01000308 00000010 0 0 00000000
[W] 01000308 1 01 00000010
[F] 0100030c 00000013
[D] 0100030c 13 00 00 00 0 00 00000000 00
[R] 00 00 00000000 00000000
[E] 0100030c 00000000 0
[M] 0100030c 00000000 0 0 00000000
[W] 0100030c 1 00 00000000
[F] 01000310 00d00113
[D] 01000310 13 02 00 0d 0 00 0000000d 0d
[R] 00 0d 00000000 00000000
[E] 01000310 0000000d 0
[M] 01000310 0000000d 0 0 00000000
[W] 01000310 1 02 0000000d
[F] 01000314 00000013
[D] 01000314 13 00 00 00 0 00 00000000 00
[R] 00 00 00000000 00000000
[E] 01000314 00000000 0
[M] 01000314 00000000 0 0 00000000
[W] 01000314 1 00 00000000
[F] 01000318 0020bf33
[D] 01000318 33 1e 01 02 3 00 00000000 02
[R] 01 02 00000010 0000000d
[E] 01000318 00000000 0
[M] 01000318 00000000 0 3 0000000d
[W] 01000318 1 1e 00000000
[F] 0100031c 00120213
[D] 0100031c 13 04 04 01 0 00 00000001 01
[R] 04 01 00000001 00000010
[E] 0100031c 00000002 0
[M] 0100031c 00000002 0 0 00000010
[W] 0100031c 1 04 00000002
[F] 01000320 00200293
[D] 01000320 13 05 00 02 0 00 00000002 02
[R] 00 02 00000000 0000000d
[E] 01000320 00000002 0
[M] 01000320 00000002 0 0 0000000d
[W] 01000320 1 05 00000002
[F] 01000324 fe5212e3
[D] 01000324 63 05 04 05 1 7f ffffffe4 05
[R] 04 05 00000002 00000002
[E] 01000324 01000308 0
[M] 01000324 01000308 0 1 00000002
[W] 01000324 0 05 01000308
[F] 01000328 00000e93
[D] 01000328 13 1d 00 00 0 00 00000000 00
[R] 00 00 00000000 00000000
[E] 01000328 00000000 0
[M] 01000328 00000000 0 0 00000000
[W] 01000328 1 1d 00000000
[F] 0100032c 01b00193
[D] 0100032c 13 03 00 1b 0 00 0000001b 1b
[R] 00 1b 00000000 00000000
[E] 0100032c 0000001b 0
[M] 0100032c 0000001b 0 0 00000000
[W] 0100032c 1 03 0000001b
[F] 01000330 19df1c63
[D] 01000330 63 18 1e 1d 1 0c 00000198 1d
[R] 1e 1d 00000000 00000000
[E] 01000330 010004c8 0
[M] 01000330 010004c8 0 1 00000000
[W] 01000330 0 18 010004c8
[F] 01000334 00000213
[D] 01000334 13 04 00 00 0 00 00000000 00
[R] 00 00 00000000 00000000
[E] 01000334 00000000 0
[M] 01000334 00000000 0 0 00000000
[W] 01000334 1 04 00000000
[F] 01000338 00900093
[D] 01000338 13 01 00 09 0 00 00000009 09
[R] 00 09 00000000 00000000
[E] 01000338 00000009 0
[M] 01000338 00000009 0 0 00000000
[W] 01000338 1 01 00000009
[F] 0100033c 00000013
[D] 0100033c 13 00 00 00 0 00 00000000 00
[R] 00 00 00000000 00000000
[E] 0100033c 00000000 0
[M] 0100033c 00000000 0 0 00000000
[W] 0100033c 1 00 00000000
[F] 01000340 00000013
[D] 01000340 13 00 00 00 0 00 00000000 00
[R] 00 00 00000000 00000000
[E] 01000340 00000000 0
[M] 01000340 00000000 0 0 00000000
[W] 01000340 1 00 00000000
[F] 01000344 00d00113
[D] 01000344 13 02 00 0d 0 00 0000000d 0d
[R] 00 0d 00000000 00000000
[E] 01000344 0000000d 0
[M] 01000344 0000000d 0 0 00000000
[W] 01000344 1 02 0000000d
[F] 01000348 0020bf33
[D] 01000348 33 1e 01 02 3 00 00000000 02
[R] 01 02 00000009 0000000d
[E] 01000348 00000001 0
[M] 01000348 00000001 0 3 0000000d
[W] 01000348 1 1e 00000001
[F] 0100034c 00120213
[D] 0100034c 13 04 04 01 0 00 00000001 01
[R] 04 01 00000000 00000009
[E] 0100034c 00000001 0
[M] 0100034c 00000001 0 0 00000009
[W] 0100034c 1 04 00000001
[F] 01000350 00200293
[D] 01000350 13 05 00 02 0 00 00000002 02
[R] 00 02 00000000 0000000d
[E] 01000350 00000002 0
[M] 01000350 00000002 0 0 0000000d
[W] 01000350 1 05 00000002
[F] 01000354 fe5212e3
[D] 01000354 63 05 04 05 1 7f ffffffe4 05
[R] 04 05 00000001 00000002
[E] 01000354 01000338 0
[M] 01000354 01000338 0 1 00000002
[W] 01000354 0 05 01000338
[F] 01000338 00900093
[D] 01000338 13 01 00 09 0 00 00000009 09
[R] 00 09 00000000 00000000
[E] 01000338 00000009 0
[M] 01000338 00000009 0 0 00000000
[W] 01000338 1 01 00000009
[F] 0100033c 00000013
[D] 0100033c 13 00 00 00 0 00 00000000 00
[R] 00 00 00000000 00000000
[E] 0100033c 00000000 0
[M] 0100033c 00000000 0 0 00000000
[W] 0100033c 1 00 00000000
[F] 01000340 00000013
[D] 01000340 13 00 00 00 0 00 00000000 00
[R] 00 00 00000000 00000000
[E] 01000340 00000000 0
[M] 01000340 00000000 0 0 00000000
[W] 01000340 1 00 00000000
[F] 01000344 00d00113
[D] 01000344 13 02 00 0d 0 00 0000000d 0d
[R] 00 0d 00000000 00000000
[E] 01000344 0000000d 0
[M] 01000344 0000000d 0 0 00000000
[W] 01000344 1 02 0000000d
[F] 01000348 0020bf33
[D] 01000348 33 1e 01 02 3 00 00000000 02
[R] 01 02 00000009 0000000d
[E] 01000348 00000001 0
[M] 01000348 00000001 0 3 0000000d
[W] 01000348 1 1e 00000001
[F] 0100034c 00120213
[D] 0100034c 13 04 04 01 0 00 00000001 01
[R] 04 01 00000001 00000009
[E] 0100034c 00000002 0
[M] 0100034c 00000002 0 0 00000009
[W] 0100034c 1 04 00000002
[F] 01000350 00200293
[D] 01000350 13 05 00 02 0 00 00000002 02
[R] 00 02 00000000 0000000d
[E] 01000350 00000002 0
[M] 01000350 00000002 0 0 0000000d
[W] 01000350 1 05 00000002
[F] 01000354 fe5212e3
[D] 01000354 63 05 04 05 1 7f ffffffe4 05
[R] 04 05 00000002 00000002
[E] 01000354 01000338 0
[M] 01000354 01000338 0 1 00000002
[W] 01000354 0 05 01000338
[F] 01000358 00100e93
[D] 01000358 13 1d 00 01 0 00 00000001 01
[R] 00 01 00000000 00000009
[E] 01000358 00000001 0
[M] 01000358 00000001 0 0 00000009
[W] 01000358 1 1d 00000001
[F] 0100035c 01c00193
[D] 0100035c 13 03 00 1c 0 00 0000001c 1c
[R] 00 1c 00000000 00000000
[E] 0100035c 0000001c 0
[M] 0100035c 0000001c 0 0 00000000
[W] 0100035c 1 03 0000001c
[F] 01000360 17df1463
[D] 01000360 63 08 1e 1d 1 0b 00000168 1d
[R] 1e 1d 00000001 00000001
[E] 01000360 010004c8 0
[M] 01000360 010004c8 0 1 00000001
[W] 01000360 0 08 010004c8
[F] 01000364 00000213
[D] 01000364 13 04 00 00 0 00 00000000 00
[R] 00 00 00000000 00000000
[E] 01000364 00000000 0
[M] 01000364 00000000 0 0 00000000
[W] 01000364 1 04 00000000
[F] 01000368 00d00113
[D] 01000368 13 02 00 0d 0 00 0000000d 0d
[R] 00 0d 00000000 00000000
[E] 01000368 0000000d 0
[M] 01000368 0000000d 0 0 00000000
[W] 01000368 1 02 0000000d
[F] 0100036c 01100093
[D] 0100036c 13 01 00 11 0 00 00000011 11
[R] 00 11 00000000 00000000
[E] 0100036c 00000011 0
[M] 0100036c 00000011 0 0 00000000
[W] 0100036c 1 01 00000011
[F] 01000370 0020bf33
[D] 01000370 33 1e 01 02 3 00 00000000 02
[R] 01 02 00000011 0000000d
[E] 01000370 00000000 0
[M] 01000370 00000000 0 3 0000000d
[W] 01000370 1 1e 00000000
[F] 01000374 00120213
[D] 01000374 13 04 04 01 0 00 00000001 01
[R] 04 01 00000000 00000011
[E] 01000374 00000001 0
[M] 01000374 00000001 0 0 00000011
[W] 01000374 1 04 00000001
[F] 01000378 00200293
[D] 01000378 13 05 00 02 0 00 00000002 02
[R] 00 02 00000000 0000000d
[E] 01000378 00000002 0
[M] 01000378 00000002 0 0 0000000d
[W] 01000378 1 05 00000002
[F] 0100037c fe5216e3
[D] 0100037c 63 0d 04 05 1 7f ffffffec 05
[R] 04 05 00000001 00000002
[E] 0100037c 01000368 0
[M] 0100037c 01000368 0 1 00000002
[W] 0100037c 0 0d 01000368
[F] 01000368 00d00113
[D] 01000368 13 02 00 0d 0 00 0000000d 0d
[R] 00 0d 00000000 00000000
[E] 01000368 0000000d 0
[M] 01000368 0000000d 0 0 00000000
[W] 01000368 1 02 0000000d
[F] 0100036c 01100093
[D] 0100036c 13 01 00 11 0 00 00000011 11
[R] 00 11 00000000 00000000
[E] 0100036c 00000011 0
[M] 0100036c 00000011 0 0 00000000
[W] 0100036c 1 01 00000011
[F] 01000370 0020bf33
[D] 01000370 33 1e 01 02 3 00 00000000 02
[R] 01 02 00000011 0000000d
[E] 01000370 00000000 0
[M] 01000370 00000000 0 3 0000000d
[W] 01000370 1 1e 00000000
[F] 01000374 00120213
[D] 01000374 13 04 04 01 0 00 00000001 01
[R] 04 01 00000001 00000011
[E] 01000374 00000002 0
[M] 01000374 00000002 0 0 00000011
[W] 01000374 1 04 00000002
[F] 01000378 00200293
[D] 01000378 13 05 00 02 0 00 00000002 02
[R] 00 02 00000000 0000000d
[E] 01000378 00000002 0
[M] 01000378 00000002 0 0 0000000d
[W] 01000378 1 05 00000002
[F] 0100037c fe5216e3
[D] 0100037c 63 0d 04 05 1 7f ffffffec 05
[R] 04 05 00000002 00000002
[E] 0100037c 01000368 0
[M] 0100037c 01000368 0 1 00000002
[W] 0100037c 0 0d 01000368
[F] 01000380 00000e93
[D] 01000380 13 1d 00 00 0 00 00000000 00
[R] 00 00 00000000 00000000
[E] 01000380 00000000 0
[M] 01000380 00000000 0 0 00000000
[W] 01000380 1 1d 00000000
[F] 01000384 01d00193
[D] 01000384 13 03 00 1d 0 00 0000001d 1d
[R] 00 1d 00000000 00000000
[E] 01000384 0000001d 0
[M] 01000384 0000001d 0 0 00000000
[W] 01000384 1 03 0000001d
[F] 01000388 15df1063
[D] 01000388 63 00 1e 1d 1 0a 00000140 1d
[R] 1e 1d 00000000 00000000
[E] 01000388 010004c8 0
[M] 01000388 010004c8 0 1 00000000
[W] 01000388 0 00 010004c8
[F] 0100038c 00000213
[D] 0100038c 13 04 00 00 0 00 00000000 00
[R] 00 00 00000000 00000000
[E] 0100038c 00000000 0
[M] 0100038c 00000000 0 0 00000000
[W] 0100038c 1 04 00000000
[F] 01000390 00d00113
[D] 01000390 13 02 00 0d 0 00 0000000d 0d
[R] 00 0d 00000000 00000000
[E] 01000390 0000000d 0
[M] 01000390 0000000d 0 0 00000000
[W] 01000390 1 02 0000000d
[F] 01000394 00800093
[D] 01000394 13 01 00 08 0 00 00000008 08
[R] 00 08 00000000 00000000
[E] 01000394 00000008 0
[M] 01000394 00000008 0 0 00000000
[W] 01000394 1 01 00000008
[F] 01000398 00000013
[D] 01000398 13 00 00 00 0 00 00000000 00
[R] 00 00 00000000 00000000
[E] 01000398 00000000 0
[M] 01000398 00000000 0 0 00000000
[W] 01000398 1 00 00000000
[F] 0100039c 0020bf33
[D] 0100039c 33 1e 01 02 3 00 00000000 02
[R] 01 02 00000008 0000000d
[E] 0100039c 00000001 0
[M] 0100039c 00000001 0 3 0000000d
[W] 0100039c 1 1e 00000001
[F] 010003a0 00120213
[D] 010003a0 13 04 04 01 0 00 00000001 01
[R] 04 01 00000000 00000008
[E] 010003a0 00000001 0
[M] 010003a0 00000001 0 0 00000008
[W] 010003a0 1 04 00000001
[F] 010003a4 00200293
[D] 010003a4 13 05 00 02 0 00 00000002 02
[R] 00 02 00000000 0000000d
[E] 010003a4 00000002 0
[M] 010003a4 00000002 0 0 0000000d
[W] 010003a4 1 05 00000002
[F] 010003a8 fe5214e3
[D] 010003a8 63 09 04 05 1 7f ffffffe8 05
[R] 04 05 00000001 00000002
[E] 010003a8 01000390 0
[M] 010003a8 01000390 0 1 00000002
[W] 010003a8 0 09 01000390
[F] 01000390 00d00113
[D] 01000390 13 02 00 0d 0 00 0000000d 0d
[R] 00 0d 00000000 00000000
[E] 01000390 0000000d 0
[M] 01000390 0000000d 0 0 00000000
[W] 01000390 1 02 0000000d
[F] 01000394 00800093
[D] 01000394 13 01 00 08 0 00 00000008 08
[R] 00 08 00000000 00000000
[E] 01000394 00000008 0
[M] 01000394 00000008 0 0 00000000
[W] 01000394 1 01 00000008
[F] 01000398 00000013
[D] 01000398 13 00 00 00 0 00 00000000 00
[R] 00 00 00000000 00000000
[E] 01000398 00000000 0
[M] 01000398 00000000 0 0 00000000
[W] 01000398 1 00 00000000
[F] 0100039c 0020bf33
[D] 0100039c 33 1e 01 02 3 00 00000000 02
[R] 01 02 00000008 0000000d
[E] 0100039c 00000001 0
[M] 0100039c 00000001 0 3 0000000d
[W] 0100039c 1 1e 00000001
[F] 010003a0 00120213
[D] 010003a0 13 04 04 01 0 00 00000001 01
[R] 04 01 00000001 00000008
[E] 010003a0 00000002 0
[M] 010003a0 00000002 0 0 00000008
[W] 010003a0 1 04 00000002
[F] 010003a4 00200293
[D] 010003a4 13 05 00 02 0 00 00000002 02
[R] 00 02 00000000 0000000d
[E] 010003a4 00000002 0
[M] 010003a4 00000002 0 0 0000000d
[W] 010003a4 1 05 00000002
[F] 010003a8 fe5214e3
[D] 010003a8 63 09 04 05 1 7f ffffffe8 05
[R] 04 05 00000002 00000002
[E] 010003a8 01000390 0
[M] 010003a8 01000390 0 1 00000002
[W] 010003a8 0 09 01000390
[F] 010003ac 00100e93
[D] 010003ac 13 1d 00 01 0 00 00000001 01
[R] 00 01 00000000 00000008
[E] 010003ac 00000001 0
[M] 010003ac 00000001 0 0 00000008
[W] 010003ac 1 1d 00000001
[F] 010003b0 01e00193
[D] 010003b0 13 03 00 1e 0 00 0000001e 1e
[R] 00 1e 00000000 00000001
[E] 010003b0 0000001e 0
[M] 010003b0 0000001e 0 0 00000001
[W] 010003b0 1 03 0000001e
[F] 010003b4 11df1a63
[D] 010003b4 63 14 1e 1d 1 08 00000114 1d
[R] 1e 1d 00000001 00000001
[E] 010003b4 010004c8 0
[M] 010003b4 010004c8 0 1 00000001
[W] 010003b4 0 14 010004c8
[F] 010003b8 00000213
[D] 010003b8 13 04 00 00 0 00 00000000 00
[R] 00 00 00000000 00000000
[E] 010003b8 00000000 0
[M] 010003b8 00000000 0 0 00000000
[W] 010003b8 1 04 00000000
[F] 010003bc 00d00113
[D] 010003bc 13 02 00 0d 0 00 0000000d 0d
[R] 00 0d 00000000 00000000
[E] 010003bc 0000000d 0
[M] 010003bc 0000000d 0 0 00000000
[W] 010003bc 1 02 0000000d
[F] 010003c0 01200093
[D] 010003c0 13 01 00 12 0 00 00000012 12
[R] 00 12 00000000 00000000
[E] 010003c0 00000012 0
[M] 010003c0 00000012 0 0 00000000
[W] 010003c0 1 01 00000012
[F] 010003c4 00000013
[D] 010003c4 13 00 00 00 0 00 00000000 00
[R] 00 00 00000000 00000000
[E] 010003c4 00000000 0
[M] 010003c4 00000000 0 0 00000000
[W] 010003c4 1 00 00000000
[F] 010003c8 00000013
[D] 010003c8 13 00 00 00 0 00 00000000 00
[R] 00 00 00000000 00000000
[E] 010003c8 00000000 0
[M] 010003c8 00000000 0 0 00000000
[W] 010003c8 1 00 00000000
[F] 010003cc 0020bf33
[D] 010003cc 33 1e 01 02 3 00 00000000 02
[R] 01 02 00000012 0000000d
[E] 010003cc 00000000 0
[M] 010003cc 00000000 0 3 0000000d
[W] 010003cc 1 1e 00000000
[F] 010003d0 00120213
[D] 010003d0 13 04 04 01 0 00 00000001 01
[R] 04 01 00000000 00000012
[E] 010003d0 00000001 0
[M] 010003d0 00000001 0 0 00000012
[W] 010003d0 1 04 00000001
[F] 010003d4 00200293
[D] 010003d4 13 05 00 02 0 00 00000002 02
[R] 00 02 00000000 0000000d
[E] 010003d4 00000002 0
[M] 010003d4 00000002 0 0 0000000d
[W] 010003d4 1 05 00000002
[F] 010003d8 fe5212e3
[D] 010003d8 63 05 04 05 1 7f ffffffe4 05
[R] 04 05 00000001 00000002
[E] 010003d8 010003bc 0
[M] 010003d8 010003bc 0 1 00000002
[W] 010003d8 0 05 010003bc
[F] 010003bc 00d00113
[D] 010003bc 13 02 00 0d 0 00 0000000d 0d
[R] 00 0d 00000000 00000000
[E] 010003bc 0000000d 0
[M] 010003bc 0000000d 0 0 00000000
[W] 010003bc 1 02 0000000d
[F] 010003c0 01200093
[D] 010003c0 13 01 00 12 0 00 00000012 12
[R] 00 12 00000000 00000000
[E] 010003c0 00000012 0
[M] 010003c0 00000012 0 0 00000000
[W] 010003c0 1 01 00000012
[F] 010003c4 00000013
[D] 010003c4 13 00 00 00 0 00 00000000 00
[R] 00 00 00000000 00000000
[E] 010003c4 00000000 0
[M] 010003c4 00000000 0 0 00000000
[W] 010003c4 1 00 00000000
[F] 010003c8 00000013
[D] 010003c8 13 00 00 00 0 00 00000000 00
[R] 00 00 00000000 00000000
[E] 010003c8 00000000 0
[M] 010003c8 00000000 0 0 00000000
[W] 010003c8 1 00 00000000
[F] 010003cc 0020bf33
[D] 010003cc 33 1e 01 02 3 00 00000000 02
[R] 01 02 00000012 0000000d
[E] 010003cc 00000000 0
[M] 010003cc 00000000 0 3 0000000d
[W] 010003cc 1 1e 00000000
[F] 010003d0 00120213
[D] 010003d0 13 04 04 01 0 00 00000001 01
[R] 04 01 00000001 00000012
[E] 010003d0 00000002 0
[M] 010003d0 00000002 0 0 00000012
[W] 010003d0 1 04 00000002
[F] 010003d4 00200293
[D] 010003d4 13 05 00 02 0 00 00000002 02
[R] 00 02 00000000 0000000d
[E] 010003d4 00000002 0
[M] 010003d4 00000002 0 0 0000000d
[W] 010003d4 1 05 00000002
[F] 010003d8 fe5212e3
[D] 010003d8 63 05 04 05 1 7f ffffffe4 05
[R] 04 05 00000002 00000002
[E] 010003d8 010003bc 0
[M] 010003d8 010003bc 0 1 00000002
[W] 010003d8 0 05 010003bc
[F] 010003dc 00000e93
[D] 010003dc 13 1d 00 00 0 00 00000000 00
[R] 00 00 00000000 00000000
[E] 010003dc 00000000 0
[M] 010003dc 00000000 0 0 00000000
[W] 010003dc 1 1d 00000000
[F] 010003e0 01f00193
[D] 010003e0 13 03 00 1f 0 00 0000001f 1f
[R] 00 1f 00000000 00000000
[E] 010003e0 0000001f 0
[M] 010003e0 0000001f 0 0 00000000
[W] 010003e0 1 03 0000001f
[F] 010003e4 0fdf1263
[D] 010003e4 63 04 1e 1d 1 07 000000e4 1d
[R] 1e 1d 00000000 00000000
[E] 010003e4 010004c8 0
[M] 010003e4 010004c8 0 1 00000000
[W] 010003e4 0 04 010004c8
[F] 010003e8 00000213
[D] 010003e8 13 04 00 00 0 00 00000000 00
[R] 00 00 00000000 00000000
[E] 010003e8 00000000 0
[M] 010003e8 00000000 0 0 00000000
[W] 010003e8 1 04 00000000
[F] 010003ec 00d00113
[D] 010003ec 13 02 00 0d 0 00 0000000d 0d
[R] 00 0d 00000000 00000000
[E] 010003ec 0000000d 0
[M] 010003ec 0000000d 0 0 00000000
[W] 010003ec 1 02 0000000d
[F] 010003f0 00000013
[D] 010003f0 13 00 00 00 0 00 00000000 00
[R] 00 00 00000000 00000000
[E] 010003f0 00000000 0
[M] 010003f0 00000000 0 0 00000000
[W] 010003f0 1 00 00000000
[F] 010003f4 00700093
[D] 010003f4 13 01 00 07 0 00 00000007 07
[R] 00 07 00000000 00000000
[E] 010003f4 00000007 0
[M] 010003f4 00000007 0 0 00000000
[W] 010003f4 1 01 00000007
[F] 010003f8 0020bf33
[D] 010003f8 33 1e 01 02 3 00 00000000 02
[R] 01 02 00000007 0000000d
[E] 010003f8 00000001 0
[M] 010003f8 00000001 0 3 0000000d
[W] 010003f8 1 1e 00000001
[F] 010003fc 00120213
[D] 010003fc 13 04 04 01 0 00 00000001 01
[R] 04 01 00000000 00000007
[E] 010003fc 00000001 0
[M] 010003fc 00000001 0 0 00000007
[W] 010003fc 1 04 00000001
[F] 01000400 00200293
[D] 01000400 13 05 00 02 0 00 00000002 02
[R] 00 02 00000000 0000000d
[E] 01000400 00000002 0
[M] 01000400 00000002 0 0 0000000d
[W] 01000400 1 05 00000002
[F] 01000404 fe5214e3
[D] 01000404 63 09 04 05 1 7f ffffffe8 05
[R] 04 05 00000001 00000002
[E] 01000404 010003ec 0
[M] 01000404 010003ec 0 1 00000002
[W] 01000404 0 09 010003ec
[F] 010003ec 00d00113
[D] 010003ec 13 02 00 0d 0 00 0000000d 0d
[R] 00 0d 00000000 00000000
[E] 010003ec 0000000d 0
[M] 010003ec 0000000d 0 0 00000000
[W] 010003ec 1 02 0000000d
[F] 010003f0 00000013
[D] 010003f0 13 00 00 00 0 00 00000000 00
[R] 00 00 00000000 00000000
[E] 010003f0 00000000 0
[M] 010003f0 00000000 0 0 00000000
[W] 010003f0 1 00 00000000
[F] 010003f4 00700093
[D] 010003f4 13 01 00 07 0 00 00000007 07
[R] 00 07 00000000 00000000
[E] 010003f4 00000007 0
[M] 010003f4 00000007 0 0 00000000
[W] 010003f4 1 01 00000007
[F] 010003f8 0020bf33
[D] 010003f8 33 1e 01 02 3 00 00000000 02
[R] 01 02 00000007 0000000d
[E] 010003f8 00000001 0
[M] 010003f8 00000001 0 3 0000000d
[W] 010003f8 1 1e 00000001
[F] 010003fc 00120213
[D] 010003fc 13 04 04 01 0 00 00000001 01
[R] 04 01 00000001 00000007
[E] 010003fc 00000002 0
[M] 010003fc 00000002 0 0 00000007
[W] 010003fc 1 04 00000002
[F] 01000400 00200293
[D] 01000400 13 05 00 02 0 00 00000002 02
[R] 00 02 00000000 0000000d
[E] 01000400 00000002 0
[M] 01000400 00000002 0 0 0000000d
[W] 01000400 1 05 00000002
[F] 01000404 fe5214e3
[D] 01000404 63 09 04 05 1 7f ffffffe8 05
[R] 04 05 00000002 00000002
[E] 01000404 010003ec 0
[M] 01000404 010003ec 0 1 00000002
[W] 01000404 0 09 010003ec
[F] 01000408 00100e93
[D] 01000408 13 1d 00 01 0 00 00000001 01
[R] 00 01 00000000 00000007
[E] 01000408 00000001 0
[M] 01000408 00000001 0 0 00000007
[W] 01000408 1 1d 00000001
[F] 0100040c 02000193
[D] 0100040c 13 03 00 00 0 01 00000020 00
[R] 00 00 00000000 00000000
[E] 0100040c 00000020 0
[M] 0100040c 00000020 0 0 00000000
[W] 0100040c 1 03 00000020
[F] 01000410 0bdf1c63
[D] 01000410 63 18 1e 1d 1 05 000000b8 1d
[R] 1e 1d 00000001 00000001
[E] 01000410 010004c8 0
[M] 01000410 010004c8 0 1 00000001
[W] 01000410 0 18 010004c8
[F] 01000414 00000213
[D] 01000414 13 04 00 00 0 00 00000000 00
[R] 00 00 00000000 00000000
[E] 01000414 00000000 0
[M] 01000414 00000000 0 0 00000000
[W] 01000414 1 04 00000000
[F] 01000418 00d00113
[D] 01000418 13 02 00 0d 0 00 0000000d 0d
[R] 00 0d 00000000 00000000
[E] 01000418 0000000d 0
[M] 01000418 0000000d 0 0 00000000
[W] 01000418 1 02 0000000d
[F] 0100041c 00000013
[D] 0100041c 13 00 00 00 0 00 00000000 00
[R] 00 00 00000000 00000000
[E] 0100041c 00000000 0
[M] 0100041c 00000000 0 0 00000000
[W] 0100041c 1 00 00000000
[F] 01000420 01300093
[D] 01000420 13 01 00 13 0 00 00000013 13
[R] 00 13 00000000 00000000
[E] 01000420 00000013 0
[M] 01000420 00000013 0 0 00000000
[W] 01000420 1 01 00000013
[F] 01000424 00000013
[D] 01000424 13 00 00 00 0 00 00000000 00
[R] 00 00 00000000 00000000
[E] 01000424 00000000 0
[M] 01000424 00000000 0 0 00000000
[W] 01000424 1 00 00000000
[F] 01000428 0020bf33
[D] 01000428 33 1e 01 02 3 00 00000000 02
[R] 01 02 00000013 0000000d
[E] 01000428 00000000 0
[M] 01000428 00000000 0 3 0000000d
[W] 01000428 1 1e 00000000
[F] 0100042c 00120213
[D] 0100042c 13 04 04 01 0 00 00000001 01
[R] 04 01 00000000 00000013
[E] 0100042c 00000001 0
[M] 0100042c 00000001 0 0 00000013
[W] 0100042c 1 04 00000001
[F] 01000430 00200293
[D] 01000430 13 05 00 02 0 00 00000002 02
[R] 00 02 00000000 0000000d
[E] 01000430 00000002 0
[M] 01000430 00000002 0 0 0000000d
[W] 01000430 1 05 00000002
[F] 01000434 fe5212e3
[D] 01000434 63 05 04 05 1 7f ffffffe4 05
[R] 04 05 00000001 00000002
[E] 01000434 01000418 0
[M] 01000434 01000418 0 1 00000002
[W] 01000434 0 05 01000418
[F] 01000418 00d00113
[D] 01000418 13 02 00 0d 0 00 0000000d 0d
[R] 00 0d 00000000 00000000
[E] 01000418 0000000d 0
[M] 01000418 0000000d 0 0 00000000
[W] 01000418 1 02 0000000d
[F] 0100041c 00000013
[D] 0100041c 13 00 00 00 0 00 00000000 00
[R] 00 00 00000000 00000000
[E] 0100041c 00000000 0
[M] 0100041c 00000000 0 0 00000000
[W] 0100041c 1 00 00000000
[F] 01000420 01300093
[D] 01000420 13 01 00 13 0 00 00000013 13
[R] 00 13 00000000 00000000
[E] 01000420 00000013 0
[M] 01000420 00000013 0 0 00000000
[W] 01000420 1 01 00000013
[F] 01000424 00000013
[D] 01000424 13 00 00 00 0 00 00000000 00
[R] 00 00 00000000 00000000
[E] 01000424 00000000 0
[M] 01000424 00000000 0 0 00000000
[W] 01000424 1 00 00000000
[F] 01000428 0020bf33
[D] 01000428 33 1e 01 02 3 00 00000000 02
[R] 01 02 00000013 0000000d
[E] 01000428 00000000 0
[M] 01000428 00000000 0 3 0000000d
[W] 01000428 1 1e 00000000
[F] 0100042c 00120213
[D] 0100042c 13 04 04 01 0 00 00000001 01
[R] 04 01 00000001 00000013
[E] 0100042c 00000002 0
[M] 0100042c 00000002 0 0 00000013
[W] 0100042c 1 04 00000002
[F] 01000430 00200293
[D] 01000430 13 05 00 02 0 00 00000002 02
[R] 00 02 00000000 0000000d
[E] 01000430 00000002 0
[M] 01000430 00000002 0 0 0000000d
[W] 01000430 1 05 00000002
[F] 01000434 fe5212e3
[D] 01000434 63 05 04 05 1 7f ffffffe4 05
[R] 04 05 00000002 00000002
[E] 01000434 01000418 0
[M] 01000434 01000418 0 1 00000002
[W] 01000434 0 05 01000418
[F] 01000438 00000e93
[D] 01000438 13 1d 00 00 0 00 00000000 00
[R] 00 00 00000000 00000000
[E] 01000438 00000000 0
[M] 01000438 00000000 0 0 00000000
[W] 01000438 1 1d 00000000
[F] 0100043c 02100193
[D] 0100043c 13 03 00 01 0 01 00000021 01
[R] 00 01 00000000 00000013
[E] 0100043c 00000021 0
[M] 0100043c 00000021 0 0 00000013
[W] 0100043c 1 03 00000021
[F] 01000440 09df1463
[D] 01000440 63 08 1e 1d 1 04 00000088 1d
[R] 1e 1d 00000000 00000000
[E] 01000440 010004c8 0
[M] 01000440 010004c8 0 1 00000000
[W] 01000440 0 08 010004c8
[F] 01000444 00000213
[D] 01000444 13 04 00 00 0 00 00000000 00
[R] 00 00 00000000 00000000
[E] 01000444 00000000 0
[M] 01000444 00000000 0 0 00000000
[W] 01000444 1 04 00000000
[F] 01000448 00d00113
[D] 01000448 13 02 00 0d 0 00 0000000d 0d
[R] 00 0d 00000000 00000000
[E] 01000448 0000000d 0
[M] 01000448 0000000d 0 0 00000000
[W] 01000448 1 02 0000000d
[F] 0100044c 00000013
[D] 0100044c 13 00 00 00 0 00 00000000 00
[R] 00 00 00000000 00000000
[E] 0100044c 00000000 0
[M] 0100044c 00000000 0 0 00000000
[W] 0100044c 1 00 00000000
[F] 01000450 00000013
[D] 01000450 13 00 00 00 0 00 00000000 00
[R] 00 00 00000000 00000000
[E] 01000450 00000000 0
[M] 01000450 00000000 0 0 00000000
[W] 01000450 1 00 00000000
[F] 01000454 00600093
[D] 01000454 13 01 00 06 0 00 00000006 06
[R] 00 06 00000000 00000001
[E] 01000454 00000006 0
[M] 01000454 00000006 0 0 00000001
[W] 01000454 1 01 00000006
[F] 01000458 0020bf33
[D] 01000458 33 1e 01 02 3 00 00000000 02
[R] 01 02 00000006 0000000d
[E] 01000458 00000001 0
[M] 01000458 00000001 0 3 0000000d
[W] 01000458 1 1e 00000001
[F] 0100045c 00120213
[D] 0100045c 13 04 04 01 0 00 00000001 01
[R] 04 01 00000000 00000006
[E] 0100045c 00000001 0
[M] 0100045c 00000001 0 0 00000006
[W] 0100045c 1 04 00000001
[F] 01000460 00200293
[D] 01000460 13 05 00 02 0 00 00000002 02
[R] 00 02 00000000 0000000d
[E] 01000460 00000002 0
[M] 01000460 00000002 0 0 0000000d
[W] 01000460 1 05 00000002
[F] 01000464 fe5212e3
[D] 01000464 63 05 04 05 1 7f ffffffe4 05
[R] 04 05 00000001 00000002
[E] 01000464 01000448 0
[M] 01000464 01000448 0 1 00000002
[W] 01000464 0 05 01000448
[F] 01000448 00d00113
[D] 01000448 13 02 00 0d 0 00 0000000d 0d
[R] 00 0d 00000000 00000000
[E] 01000448 0000000d 0
[M] 01000448 0000000d 0 0 00000000
[W] 01000448 1 02 0000000d
[F] 0100044c 00000013
[D] 0100044c 13 00 00 00 0 00 00000000 00
[R] 00 00 00000000 00000000
[E] 0100044c 00000000 0
[M] 0100044c 00000000 0 0 00000000
[W] 0100044c 1 00 00000000
[F] 01000450 00000013
[D] 01000450 13 00 00 00 0 00 00000000 00
[R] 00 00 00000000 00000000
[E] 01000450 00000000 0
[M] 01000450 00000000 0 0 00000000
[W] 01000450 1 00 00000000
[F] 01000454 00600093
[D] 01000454 13 01 00 06 0 00 00000006 06
[R] 00 06 00000000 00000001
[E] 01000454 00000006 0
[M] 01000454 00000006 0 0 00000001
[W] 01000454 1 01 00000006
[F] 01000458 0020bf33
[D] 01000458 33 1e 01 02 3 00 00000000 02
[R] 01 02 00000006 0000000d
[E] 01000458 00000001 0
[M] 01000458 00000001 0 3 0000000d
[W] 01000458 1 1e 00000001
[F] 0100045c 00120213
[D] 0100045c 13 04 04 01 0 00 00000001 01
[R] 04 01 00000001 00000006
[E] 0100045c 00000002 0
[M] 0100045c 00000002 0 0 00000006
[W] 0100045c 1 04 00000002
[F] 01000460 00200293
[D] 01000460 13 05 00 02 0 00 00000002 02
[R] 00 02 00000000 0000000d
[E] 01000460 00000002 0
[M] 01000460 00000002 0 0 0000000d
[W] 01000460 1 05 00000002
[F] 01000464 fe5212e3
[D] 01000464 63 05 04 05 1 7f ffffffe4 05
[R] 04 05 00000002 00000002
[E] 01000464 01000448 0
[M] 01000464 01000448 0 1 00000002
[W] 01000464 0 05 01000448
[F] 01000468 00100e93
[D] 01000468 13 1d 00 01 0 00 00000001 01
[R] 00 01 00000000 00000006
[E] 01000468 00000001 0
[M] 01000468 00000001 0 0 00000006
[W] 01000468 1 1d 00000001
[F] 0100046c 02200193
[D] 0100046c 13 03 00 02 0 01 00000022 02
[R] 00 02 00000000 0000000d
[E] 0100046c 00000022 0
[M] 0100046c 00000022 0 0 0000000d
[W] 0100046c 1 03 00000022
[F] 01000470 05df1c63
[D] 01000470 63 18 1e 1d 1 02 00000058 1d
[R] 1e 1d 00000001 00000001
[E] 01000470 010004c8 0
[M] 01000470 010004c8 0 1 00000001
[W] 01000470 0 18 010004c8
[F] 01000474 fff00093
[D] 01000474 13 01 00 1f 0 7f ffffffff 1f
[R] 00 1f 00000000 00000000
[E] 01000474 ffffffff 0
[M] 01000474 ffffffff 0 0 00000000
[W] 01000474 1 01 ffffffff
[F] 01000478 00103133
[D] 01000478 33 02 00 01 3 00 00000000 01
[R] 00 01 00000000 ffffffff
[E] 01000478 00000001 0
[M] 01000478 00000001 0 3 ffffffff
[W] 01000478 1 02 00000001
[F] 0100047c 00100e93
[D] 0100047c 13 1d 00 01 0 00 00000001 01
[R] 00 01 00000000 ffffffff
[E] 0100047c 00000001 0
[M] 0100047c 00000001 0 0 ffffffff
[W] 0100047c 1 1d 00000001
[F] 01000480 02300193
[D] 01000480 13 03 00 03 0 01 00000023 03
[R] 00 03 00000000 00000022
[E] 01000480 00000023 0
[M] 01000480 00000023 0 0 00000022
[W] 01000480 1 03 00000023
[F] 01000484 05d11263
[D] 01000484 63 04 02 1d 1 02 00000044 1d
[R] 02 1d 00000001 00000001
[E] 01000484 010004c8 0
[M] 01000484 010004c8 0 1 00000001
[W] 01000484 0 04 010004c8
[F] 01000488 fff00093
[D] 01000488 13 01 00 1f 0 7f ffffffff 1f
[R] 00 1f 00000000 00000000
[E] 01000488 ffffffff 0
[M] 01000488 ffffffff 0 0 00000000
[W] 01000488 1 01 ffffffff
[F] 0100048c 0000b133
[D] 0100048c 33 02 01 00 3 00 00000000 00
[R] 01 00 ffffffff 00000000
[E] 0100048c 00000000 0
[M] 0100048c 00000000 0 3 00000000
[W] 0100048c 1 02 00000000
[F] 01000490 00000e93
[D] 01000490 13 1d 00 00 0 00 00000000 00
[R] 00 00 00000000 00000000
[E] 01000490 00000000 0
[M] 01000490 00000000 0 0 00000000
[W] 01000490 1 1d 00000000
[F] 01000494 02400193
[D] 01000494 13 03 00 04 0 01 00000024 04
[R] 00 04 00000000 00000002
[E] 01000494 00000024 0
[M] 01000494 00000024 0 0 00000002
[W] 01000494 1 03 00000024
[F] 01000498 03d11863
[D] 01000498 63 10 02 1d 1 01 00000030 1d
[R] 02 1d 00000000 00000000
[E] 01000498 010004c8 0
[M] 01000498 010004c8 0 1 00000000
[W] 01000498 0 10 010004c8
[F] 0100049c 000030b3
[D] 0100049c 33 01 00 00 3 00 00000000 00
[R] 00 00 00000000 00000000
[E] 0100049c 00000000 0
[M] 0100049c 00000000 0 3 00000000
[W] 0100049c 1 01 00000000
[F] 010004a0 00000e93
[D] 010004a0 13 1d 00 00 0 00 00000000 00
[R] 00 00 00000000 00000000
[E] 010004a0 00000000 0
[M] 010004a0 00000000 0 0 00000000
[W] 010004a0 1 1d 00000000
[F] 010004a4 02500193
[D] 010004a4 13 03 00 05 0 01 00000025 05
[R] 00 05 00000000 00000002
[E] 010004a4 00000025 0
[M] 010004a4 00000025 0 0 00000002
[W] 010004a4 1 03 00000025
[F] 010004a8 03d09063
[D] 010004a8 63 00 01 1d 1 01 00000020 1d
[R] 01 1d 00000000 00000000
[E] 010004a8 010004c8 0
[M] 010004a8 010004c8 0 1 00000000
[W] 010004a8 0 00 010004c8
[F] 010004ac 01000093
[D] 010004ac 13 01 00 10 0 00 00000010 10
[R] 00 10 00000000 00000000
[E] 010004ac 00000010 0
[M] 010004ac 00000010 0 0 00000000
[W] 010004ac 1 01 00000010
[F] 010004b0 01e00113
[D] 010004b0 13 02 00 1e 0 00 0000001e 1e
[R] 00 1e 00000000 00000001
[E] 010004b0 0000001e 0
[M] 010004b0 0000001e 0 0 00000001
[W] 010004b0 1 02 0000001e
[F] 010004b4 0020b033
[D] 010004b4 33 00 01 02 3 00 00000000 02
[R] 01 02 00000010 0000001e
[E] 010004b4 00000001 0
[M] 010004b4 00000001 0 3 0000001e
[W] 010004b4 1 00 00000001
[F] 010004b8 00000e93
[D] 010004b8 13 1d 00 00 0 00 00000000 00
[R] 00 00 00000000 00000000
[E] 010004b8 00000000 0
[M] 010004b8 00000000 0 0 00000000
[W] 010004b8 1 1d 00000000
[F] 010004bc 02600193
[D] 010004bc 13 03 00 06 0 01 00000026 06
[R] 00 06 00000000 00000001
[E] 010004bc 00000026 0
[M] 010004bc 00000026 0 0 00000001
[W] 010004bc 1 03 00000026
[F] 010004c0 01d01463
[D] 010004c0 63 08 00 1d 1 00 00000008 1d
[R] 00 1d 00000000 00000000
[E] 010004c0 010004c8 0
[M] 010004c0 010004c8 0 1 00000000
[W] 010004c0 0 08 010004c8
[F] 010004c4 00301c63
[D] 010004c4 63 18 00 03 1 00 00000018 03
[R] 00 03 00000000 00000026
[E] 010004c4 010004dc 0
[M] 010004c4 010004dc 0 1 00000026
[W] 010004c4 0 18 010004dc
[F] 010004dc 0ff0000f
[D] 010004dc 0f 00 00 1f 0 07 00000000 1f
[R] 00 1f 00000000 00000000
[E] 010004dc 00000000 0
[M] 010004dc 00000000 0 0 00000000
[W] 010004dc 1 00 00000000
[F] 010004e0 00100193
[D] 010004e0 13 03 00 01 0 00 00000001 01
[R] 00 01 00000000 00000010
[E] 010004e0 00000001 0
[M] 010004e0 00000001 0 0 00000010
[W] 010004e0 1 03 00000001
[F] 010004e4 00000073
[D] 010004e4 73 00 00 00 0 00 00000000 00
[R] 00 00 00000000 00000000
[E] 010004e4 00000000 0
[M] 010004e4 00000000 0 0 00000000
[W] 010004e4 0 00 00000000
