[F] 01000000 00200193
[D] 01000000 13 03 00 02 0 00 00000002 02
[R] 00 02 00000000 01100000
[E] 01000000 00000002 0
[M] 01000000 00000002 0 0 01100000
[W] 01000000 1 03 00000002
[F] 01000004 00000093
[D] 01000004 13 01 00 00 0 00 00000000 00
[R] 00 00 00000000 00000000
[E] 01000004 00000000 0
[M] 01000004 00000000 0 0 00000000
[W] 01000004 1 01 00000000
[F] 01000008 00100113
[D] 01000008 13 02 00 01 0 00 00000001 01
[R] 00 01 00000000 00000000
[E] 01000008 00000001 0
[M] 01000008 00000001 0 0 00000000
[W] 01000008 1 02 00000001
[F] 0100000c 00209663
[D] 0100000c 63 0c 01 02 1 00 0000000c 02
[R] 01 02 00000000 00000001
[E] 0100000c 01000018 0
[M] 0100000c 01000018 0 1 00000001
[W] 0100000c 0 0c 01000018
[F] 01000018 fe209ee3
[D] 01000018 63 1d 01 02 1 7f fffffffc 02
[R] 01 02 00000000 00000001
[E] 01000018 01000014 0
[M] 01000018 01000014 0 1 00000001
[W] 01000018 0 1d 01000014
[F] 01000014 00301663
[D] 01000014 63 0c 00 03 1 00 0000000c 03
[R] 00 03 00000000 00000002
[E] 01000014 01000020 0
[M] 01000014 01000020 0 1 00000002
[W] 01000014 0 0c 01000020
[F] 01000020 00300193
[D] 01000020 13 03 00 03 0 00 00000003 03
[R] 00 03 00000000 00000002
[E] 01000020 00000003 0
[M] 01000020 00000003 0 0 00000002
[W] 01000020 1 03 00000003
[F] 01000024 00100093
[D] 01000024 13 01 00 01 0 00 00000001 01
[R] 00 01 00000000 00000000
[E] 01000024 00000001 0
[M] 01000024 00000001 0 0 00000000
[W] 01000024 1 01 00000001
[F] 01000028 00000113
[D] 01000028 13 02 00 00 0 00 00000000 00
[R] 00 00 00000000 00000000
[E] 01000028 00000000 0
[M] 01000028 00000000 0 0 00000000
[W] 01000028 1 02 00000000
[F] 0100002c 00209663
[D] 0100002c 63 0c 01 02 1 00 0000000c 02
[R] 01 02 00000001 00000000
[E] 0100002c 01000038 0
[M] 0100002c 01000038 0 1 00000000
[W] 0100002c 0 0c 01000038
[F] 01000038 fe209ee3
[D] 01000038 63 1d 01 02 1 7f fffffffc 02
[R] 01 02 00000001 00000000
[E] 01000038 01000034 0
[M] 01000038 01000034 0 1 00000000
[W] 01000038 0 1d 01000034
[F] 01000034 00301663
[D] 01000034 63 0c 00 03 1 00 0000000c 03
[R] 00 03 00000000 00000003
[E] 01000034 01000040 0
[M] 01000034 01000040 0 1 00000003
[W] 01000034 0 0c 01000040
[F] 01000040 00400193
[D] 01000040 13 03 00 04 0 00 00000004 04
[R] 00 04 00000000 00000000
[E] 01000040 00000004 0
[M] 01000040 00000004 0 0 00000000
[W] 01000040 1 03 00000004
[F] 01000044 fff00093
[D] 01000044 13 01 00 1f 0 7f ffffffff 1f
[R] 00 1f 00000000 00000000
[E] 01000044 ffffffff 0
[M] 01000044 ffffffff 0 0 00000000
[W] 01000044 1 01 ffffffff
[F] 01000048 00100113
[D] 01000048 13 02 00 01 0 00 00000001 01
[R] 00 01 00000000 ffffffff
[E] 01000048 00000001 0
[M] 01000048 00000001 0 0 ffffffff
[W] 01000048 1 02 00000001
[F] 0100004c 00209663
[D] 0100004c 63 0c 01 02 1 00 0000000c 02
[R] 01 02 ffffffff 00000001
[E] 0100004c 01000058 0
[M] 0100004c 01000058 0 1 00000001
[W] 0100004c 0 0c 01000058
[F] 01000058 fe209ee3
[D] 01000058 63 1d 01 02 1 7f fffffffc 02
[R] 01 02 ffffffff 00000001
[E] 01000058 01000054 0
[M] 01000058 01000054 0 1 00000001
[W] 01000058 0 1d 01000054
[F] 01000054 00301663
[D] 01000054 63 0c 00 03 1 00 0000000c 03
[R] 00 03 00000000 00000004
[E] 01000054 01000060 0
[M] 01000054 01000060 0 1 00000004
[W] 01000054 0 0c 01000060
[F] 01000060 00500193
[D] 01000060 13 03 00 05 0 00 00000005 05
[R] 00 05 00000000 00000000
[E] 01000060 00000005 0
[M] 01000060 00000005 0 0 00000000
[W] 01000060 1 03 00000005
[F] 01000064 00100093
[D] 01000064 13 01 00 01 0 00 00000001 01
[R] 00 01 00000000 ffffffff
[E] 01000064 00000001 0
[M] 01000064 00000001 0 0 ffffffff
[W] 01000064 1 01 00000001
[F] 01000068 fff00113
[D] 01000068 13 02 00 1f 0 7f ffffffff 1f
[R] 00 1f 00000000 00000000
[E] 01000068 ffffffff 0
[M] 01000068 ffffffff 0 0 00000000
[W] 01000068 1 02 ffffffff
[F] 0100006c 00209663
[D] 0100006c 63 0c 01 02 1 00 0000000c 02
[R] 01 02 00000001 ffffffff
[E] 0100006c 01000078 0
[M] 0100006c 01000078 0 1 ffffffff
[W] 0100006c 0 0c 01000078
[F] 01000078 fe209ee3
[D] 01000078 63 1d 01 02 1 7f fffffffc 02
[R] 01 02 00000001 ffffffff
[E] 01000078 01000074 0
[M] 01000078 01000074 0 1 ffffffff
[W] 01000078 0 1d 01000074
[F] 01000074 00301663
[D] 01000074 63 0c 00 03 1 00 0000000c 03
[R] 00 03 00000000 00000005
[E] 01000074 01000080 0
[M] 01000074 01000080 0 1 00000005
[W] 01000074 0 0c 01000080
[F] 01000080 00600193
[D] 01000080 13 03 00 06 0 00 00000006 06
[R] 00 06 00000000 00000000
[E] 01000080 00000006 0
[M] 01000080 00000006 0 0 00000000
[W] 01000080 1 03 00000006
[F] 01000084 00000093
[D] 01000084 13 01 00 00 0 00 00000000 00
[R] 00 00 00000000 00000000
[E] 01000084 00000000 0
[M] 01000084 00000000 0 0 00000000
[W] 01000084 1 01 00000000
[F] 01000088 00000113
[D] 01000088 13 02 00 00 0 00 00000000 00
[R] 00 00 00000000 00000000
[E] 01000088 00000000 0
[M] 01000088 00000000 0 0 00000000
[W] 01000088 1 02 00000000
[F] 0100008c 00209463
[D] 0100008c 63 08 01 02 1 00 00000008 02
[R] 01 02 00000000 00000000
[E] 0100008c 01000094 0
[M] 0100008c 01000094 0 1 00000000
[W] 0100008c 0 08 01000094
[F] 01000090 00301463
[D] 01000090 63 08 00 03 1 00 00000008 03
[R] 00 03 00000000 00000006
[E] 01000090 01000098 0
[M] 01000090 01000098 0 1 00000006
[W] 01000090 0 08 01000098
[F] 01000098 fe209ee3
[D] 01000098 63 1d 01 02 1 7f fffffffc 02
[R] 01 02 00000000 00000000
[E] 01000098 01000094 0
[M] 01000098 01000094 0 1 00000000
[W] 01000098 0 1d 01000094
[F] 0100009c 00700193
[D] 0100009c 13 03 00 07 0 00 00000007 07
[R] 00 07 00000000 00000000
[E] 0100009c 00000007 0
[M] 0100009c 00000007 0 0 00000000
[W] 0100009c 1 03 00000007
[F] 010000a0 00100093
[D] 010000a0 13 01 00 01 0 00 00000001 01
[R] 00 01 00000000 00000000
[E] 010000a0 00000001 0
[M] 010000a0 00000001 0 0 00000000
[W] 010000a0 1 01 00000001
[F] 010000a4 00100113
[D] 010000a4 13 02 00 01 0 00 00000001 01
[R] 00 01 00000000 00000001
[E] 010000a4 00000001 0
[M] 010000a4 00000001 0 0 00000001
[W] 010000a4 1 02 00000001
[F] 010000a8 00209463
[D] 010000a8 63 08 01 02 1 00 00000008 02
[R] 01 02 00000001 00000001
[E] 010000a8 010000b0 0
[M] 010000a8 010000b0 0 1 00000001
[W] 010000a8 0 08 010000b0
[F] 010000ac 00301463
[D] 010000ac 63 08 00 03 1 00 00000008 03
[R] 00 03 00000000 00000007
[E] 010000ac 010000b4 0
[M] 010000ac 010000b4 0 1 00000007
[W] 010000ac 0 08 010000b4
[F] 010000b4 fe209ee3
[D] 010000b4 63 1d 01 02 1 7f fffffffc 02
[R] 01 02 00000001 00000001
[E] 010000b4 010000b0 0
[M] 010000b4 010000b0 0 1 00000001
[W] 010000b4 0 1d 010000b0
[F] 010000b8 00800193
[D] 010000b8 13 03 00 08 0 00 00000008 08
[R] 00 08 00000000 00000000
[E] 010000b8 00000008 0
[M] 010000b8 00000008 0 0 00000000
[W] 010000b8 1 03 00000008
[F] 010000bc fff00093
[D] 010000bc 13 01 00 1f 0 7f ffffffff 1f
[R] 00 1f 00000000 00000000
[E] 010000bc ffffffff 0
[M] 010000bc ffffffff 0 0 00000000
[W] 010000bc 1 01 ffffffff
[F] 010000c0 fff00113
[D] 010000c0 13 02 00 1f 0 7f ffffffff 1f
[R] 00 1f 00000000 00000000
[E] 010000c0 ffffffff 0
[M] 010000c0 ffffffff 0 0 00000000
[W] 010000c0 1 02 ffffffff
[F] 010000c4 00209463
[D] 010000c4 63 08 01 02 1 00 00000008 02
[R] 01 02 ffffffff ffffffff
[E] 010000c4 010000cc 0
[M] 010000c4 010000cc 0 1 ffffffff
[W] 010000c4 0 08 010000cc
[F] 010000c8 00301463
[D] 010000c8 63 08 00 03 1 00 00000008 03
[R] 00 03 00000000 00000008
[E] 010000c8 010000d0 0
[M] 010000c8 010000d0 0 1 00000008
[W] 010000c8 0 08 010000d0
[F] 010000d0 fe209ee3
[D] 010000d0 63 1d 01 02 1 7f fffffffc 02
[R] 01 02 ffffffff ffffffff
[E] 010000d0 010000cc 0
[M] 010000d0 010000cc 0 1 ffffffff
[W] 010000d0 0 1d 010000cc
[F] 010000d4 00900193
[D] 010000d4 13 03 00 09 0 00 00000009 09
[R] 00 09 00000000 00000000
[E] 010000d4 00000009 0
[M] 010000d4 00000009 0 0 00000000
[W] 010000d4 1 03 00000009
[F] 010000d8 00000213
[D] 010000d8 13 04 00 00 0 00 00000000 00
[R] 00 00 00000000 00000000
[E] 010000d8 00000000 0
[M] 010000d8 00000000 0 0 00000000
[W] 010000d8 1 04 00000000
[F] 010000dc 00000093
[D] 010000dc 13 01 00 00 0 00 00000000 00
[R] 00 00 00000000 00000000
[E] 010000dc 00000000 0
[M] 010000dc 00000000 0 0 00000000
[W] 010000dc 1 01 00000000
[F] 010000e0 00000113
[D] 010000e0 13 02 00 00 0 00 00000000 00
[R] 00 00 00000000 00000000
[E] 010000e0 00000000 0
[M] 010000e0 00000000 0 0 00000000
[W] 010000e0 1 02 00000000
[F] 010000e4 1e209063
[D] 010000e4 63 00 01 02 1 0f 000001e0 02
[R] 01 02 00000000 00000000
[E] 010000e4 010002c4 0
[M] 010000e4 010002c4 0 1 00000000
[W] 010000e4 0 00 010002c4
[F] 010000e8 00120213
[D] 010000e8 13 04 04 01 0 00 00000001 01
[R] 04 01 00000000 00000000
[E] 010000e8 00000001 0
[M] 010000e8 00000001 0 0 00000000
[W] 010000e8 1 04 00000001
[F] 010000ec 00200293
[D] 010000ec 13 05 00 02 0 00 00000002 02
[R] 00 02 00000000 00000000
[E] 010000ec 00000002 0
[M] 010000ec 00000002 0 0 00000000
[W] 010000ec 1 05 00000002
[F] 010000f0 fe5216e3
[D] 010000f0 63 0d 04 05 1 7f ffffffec 05
[R] 04 05 00000001 00000002
[E] 010000f0 010000dc 0
[M] 010000f0 010000dc 0 1 00000002
[W] 010000f0 0 0d 010000dc
[F] 010000dc 00000093
[D] 010000dc 13 01 00 00 0 00 00000000 00
[R] 00 00 00000000 00000000
[E] 010000dc 00000000 0
[M] 010000dc 00000000 0 0 00000000
[W] 010000dc 1 01 00000000
[F] 010000e0 00000113
[D] 010000e0 13 02 00 00 0 00 00000000 00
[R] 00 00 00000000 00000000
[E] 010000e0 00000000 0
[M] 010000e0 00000000 0 0 00000000
[W] 010000e0 1 02 00000000
[F] 010000e4 1e209063
[D] 010000e4 63 00 01 02 1 0f 000001e0 02
[R] 01 02 00000000 00000000
[E] 010000e4 010002c4 0
[M] 010000e4 010002c4 0 1 00000000
[W] 010000e4 0 00 010002c4
[F] 010000e8 00120213
[D] 010000e8 13 04 04 01 0 00 00000001 01
[R] 04 01 00000001 00000000
[E] 010000e8 00000002 0
[M] 010000e8 00000002 0 0 00000000
[W] 010000e8 1 04 00000002
[F] 010000ec 00200293
[D] 010000ec 13 05 00 02 0 00 00000002 02
[R] 00 02 00000000 00000000
[E] 010000ec 00000002 0
[M] 010000ec 00000002 0 0 00000000
[W] 010000ec 1 05 00000002
[F] 010000f0 fe5216e3
[D] 010000f0 63 0d 04 05 1 7f ffffffec 05
[R] 04 05 00000002 00000002
[E] 010000f0 010000dc 0
[M] 010000f0 010000dc 0 1 00000002
[W] 010000f0 0 0d 010000dc
[F] 010000f4 00a00193
[D] 010000f4 13 03 00 0a 0 00 0000000a 0a
[R] 00 0a 00000000 00000000
[E] 010000f4 0000000a 0
[M] 010000f4 0000000a 0 0 00000000
[W] 010000f4 1 03 0000000a
[F] 010000f8 00000213
[D] 010000f8 13 04 00 00 0 00 00000000 00
[R] 00 00 00000000 00000000
[E] 010000f8 00000000 0
[M] 010000f8 00000000 0 0 00000000
[W] 010000f8 1 04 00000000
[F] 010000fc 00000093
[D] 010000fc 13 01 00 00 0 00 00000000 00
[R] 00 00 00000000 00000000
[E] 010000fc 00000000 0
[M] 010000fc 00000000 0 0 00000000
[W] 010000fc 1 01 00000000
[F] 01000100 00000113
[D] 01000100 13 02 00 00 0 00 00000000 00
[R] 00 00 00000000 00000000
[E] 01000100 00000000 0
[M] 01000100 00000000 0 0 00000000
[W] 01000100 1 02 00000000
[F] 01000104 00000013
[D] 01000104 13 00 00 00 0 00 00000000 00
[R] 00 00 00000000 00000000
[E] 01000104 00000000 0
[M] 01000104 00000000 0 0 00000000
[W] 01000104 1 00 00000000
[F] 01000108 1a209e63
[D] 01000108 63 1c 01 02 1 0d 000001bc 02
[R] 01 02 00000000 00000000
[E] 01000108 010002c4 0
[M] 01000108 010002c4 0 1 00000000
[W] 01000108 0 1c 010002c4
[F] 0100010c 00120213
[D] 0100010c 13 04 04 01 0 00 00000001 01
[R] 04 01 00000000 00000000
[E] 0100010c 00000001 0
[M] 0100010c 00000001 0 0 00000000
[W] 0100010c 1 04 00000001
[F] 01000110 00200293
[D] 01000110 13 05 00 02 0 00 00000002 02
[R] 00 02 00000000 00000000
[E] 01000110 00000002 0
[M] 01000110 00000002 0 0 00000000
[W] 01000110 1 05 00000002
[F] 01000114 fe5214e3
[D] 01000114 63 09 04 05 1 7f ffffffe8 05
[R] 04 05 00000001 00000002
[E] 01000114 010000fc 0
[M] 01000114 010000fc 0 1 00000002
[W] 01000114 0 09 010000fc
[F] 010000fc 00000093
[D] 010000fc 13 01 00 00 0 00 00000000 00
[R] 00 00 00000000 00000000
[E] 010000fc 00000000 0
[M] 010000fc 00000000 0 0 00000000
[W] 010000fc 1 01 00000000
[F] 01000100 00000113
[D] 01000100 13 02 00 00 0 00 00000000 00
[R] 00 00 00000000 00000000
[E] 01000100 00000000 0
[M] 01000100 00000000 0 0 00000000
[W] 01000100 1 02 00000000
[F] 01000104 00000013
[D] 01000104 13 00 00 00 0 00 00000000 00
[R] 00 00 00000000 00000000
[E] 01000104 00000000 0
[M] 01000104 00000000 0 0 00000000
[W] 01000104 1 00 00000000
[F] 01000108 1a209e63
[D] 01000108 63 1c 01 02 1 0d 000001bc 02
[R] 01 02 00000000 00000000
[E] 01000108 010002c4 0
[M] 01000108 010002c4 0 1 00000000
[W] 01000108 0 1c 010002c4
[F] 0100010c 00120213
[D] 0100010c 13 04 04 01 0 00 00000001 01
[R] 04 01 00000001 00000000
[E] 0100010c 00000002 0
[M] 0100010c 00000002 0 0 00000000
[W] 0100010c 1 04 00000002
[F] 01000110 00200293
[D] 01000110 13 05 00 02 0 00 00000002 02
[R] 00 02 00000000 00000000
[E] 01000110 00000002 0
[M] 01000110 00000002 0 0 00000000
[W] 01000110 1 05 00000002
[F] 01000114 fe5214e3
[D] 01000114 63 09 04 05 1 7f ffffffe8 05
[R] 04 05 00000002 00000002
[E] 01000114 010000fc 0
[M] 01000114 010000fc 0 1 00000002
[W] 01000114 0 09 010000fc
[F] 01000118 00b00193
[D] 01000118 13 03 00 0b 0 00 0000000b 0b
[R] 00 0b 00000000 00000000
[E] 01000118 0000000b 0
[M] 01000118 0000000b 0 0 00000000
[W] 01000118 1 03 0000000b
[F] 0100011c 00000213
[D] 0100011c 13 04 00 00 0 00 00000000 00
[R] 00 00 00000000 00000000
[E] 0100011c 00000000 0
[M] 0100011c 00000000 0 0 00000000
[W] 0100011c 1 04 00000000
[F] 01000120 00000093
[D] 01000120 13 01 00 00 0 00 00000000 00
[R] 00 00 00000000 00000000
[E] 01000120 00000000 0
[M] 01000120 00000000 0 0 00000000
[W] 01000120 1 01 00000000
[F] 01000124 00000113
[D] 01000124 13 02 00 00 0 00 00000000 00
[R] 00 00 00000000 00000000
[E] 01000124 00000000 0
[M] 01000124 00000000 0 0 00000000
[W] 01000124 1 02 00000000
[F] 01000128 00000013
[D] 01000128 13 00 00 00 0 00 00000000 00
[R] 00 00 00000000 00000000
[E] 01000128 00000000 0
[M] 01000128 00000000 0 0 00000000
[W] 01000128 1 00 00000000
[F] 0100012c 00000013
[D] 0100012c 13 00 00 00 0 00 00000000 00
[R] 00 00 00000000 00000000
[E] 0100012c 00000000 0
[M] 0100012c 00000000 0 0 00000000
[W] 0100012c 1 00 00000000
[F] 01000130 18209a63
[D] 01000130 63 14 01 02 1 0c 00000194 02
[R] 01 02 00000000 00000000
[E] 01000130 010002c4 0
[M] 01000130 010002c4 0 1 00000000
[W] 01000130 0 14 010002c4
[F] 01000134 00120213
[D] 01000134 13 04 04 01 0 00 00000001 01
[R] 04 01 00000000 00000000
[E] 01000134 00000001 0
[M] 01000134 00000001 0 0 00000000
[W] 01000134 1 04 00000001
[F] 01000138 00200293
[D] 01000138 13 05 00 02 0 00 00000002 02
[R] 00 02 00000000 00000000
[E] 01000138 00000002 0
[M] 01000138 00000002 0 0 00000000
[W] 01000138 1 05 00000002
[F] 0100013c fe5212e3
[D] 0100013c 63 05 04 05 1 7f ffffffe4 05
[R] 04 05 00000001 00000002
[E] 0100013c 01000120 0
[M] 0100013c 01000120 0 1 00000002
[W] 0100013c 0 05 01000120
[F] 01000120 00000093
[D] 01000120 13 01 00 00 0 00 00000000 00
[R] 00 00 00000000 00000000
[E] 01000120 00000000 0
[M] 01000120 00000000 0 0 00000000
[W] 01000120 1 01 00000000
[F] 01000124 00000113
[D] 01000124 13 02 00 00 0 00 00000000 00
[R] 00 00 00000000 00000000
[E] 01000124 00000000 0
[M] 01000124 00000000 0 0 00000000
[W] 01000124 1 02 00000000
[F] 01000128 00000013
[D] 01000128 13 00 00 00 0 00 00000000 00
[R] 00 00 00000000 00000000
[E] 01000128 00000000 0
[M] 01000128 00000000 0 0 00000000
[W] 01000128 1 00 00000000
[F] 0100012c 00000013
[D] 0100012c 13 00 00 00 0 00 00000000 00
[R] 00 00 00000000 00000000
[E] 0100012c 00000000 0
[M] 0100012c 00000000 0 0 00000000
[W] 0100012c 1 00 00000000
[F] 01000130 18209a63
[D] 01000130 63 14 01 02 1 0c 00000194 02
[R] 01 02 00000000 00000000
[E] 01000130 010002c4 0
[M] 01000130 010002c4 0 1 00000000
[W] 01000130 0 14 010002c4
[F] 01000134 00120213
[D] 01000134 13 04 04 01 0 00 00000001 01
[R] 04 01 00000001 00000000
[E] 01000134 00000002 0
[M] 01000134 00000002 0 0 00000000
[W] 01000134 1 04 00000002
[F] 01000138 00200293
[D] 01000138 13 05 00 02 0 00 00000002 02
[R] 00 02 00000000 00000000
[E] 01000138 00000002 0
[M] 01000138 00000002 0 0 00000000
[W] 01000138 1 05 00000002
[F] 0100013c fe5212e3
[D] 0100013c 63 05 04 05 1 7f ffffffe4 05
[R] 04 05 00000002 00000002
[E] 0100013c 01000120 0
[M] 0100013c 01000120 0 1 00000002
[W] 0100013c 0 05 01000120
[F] 01000140 00c00193
[D] 01000140 13 03 00 0c 0 00 0000000c 0c
[R] 00 0c 00000000 00000000
[E] 01000140 0000000c 0
[M] 01000140 0000000c 0 0 00000000
[W] 01000140 1 03 0000000c
[F] 01000144 00000213
[D] 01000144 13 04 00 00 0 00 00000000 00
[R] 00 00 00000000 00000000
[E] 01000144 00000000 0
[M] 01000144 00000000 0 0 00000000
[W] 01000144 1 04 00000000
[F] 01000148 00000093
[D] 01000148 13 01 00 00 0 00 00000000 00
[R] 00 00 00000000 00000000
[E] 01000148 00000000 0
[M] 01000148 00000000 0 0 00000000
[W] 01000148 1 01 00000000
[F] 0100014c 00000013
[D] 0100014c 13 00 00 00 0 00 00000000 00
[R] 00 00 00000000 00000000
[E] 0100014c 00000000 0
[M] 0100014c 00000000 0 0 00000000
[W] 0100014c 1 00 00000000
[F] 01000150 00000113
[D] 01000150 13 02 00 00 0 00 00000000 00
[R] 00 00 00000000 00000000
[E] 01000150 00000000 0
[M] 01000150 00000000 0 0 00000000
[W] 01000150 1 02 00000000
[F] 01000154 16209863
[D] 01000154 63 10 01 02 1 0b 00000170 02
[R] 01 02 00000000 00000000
[E] 01000154 010002c4 0
[M] 01000154 010002c4 0 1 00000000
[W] 01000154 0 10 010002c4
[F] 01000158 00120213
[D] 01000158 13 04 04 01 0 00 00000001 01
[R] 04 01 00000000 00000000
[E] 01000158 00000001 0
[M] 01000158 00000001 0 0 00000000
[W] 01000158 1 04 00000001
[F] 0100015c 00200293
[D] 0100015c 13 05 00 02 0 00 00000002 02
[R] 00 02 00000000 00000000
[E] 0100015c 00000002 0
[M] 0100015c 00000002 0 0 00000000
[W] 0100015c 1 05 00000002
[F] 01000160 fe5214e3
[D] 01000160 63 09 04 05 1 7f ffffffe8 05
[R] 04 05 00000001 00000002
[E] 01000160 01000148 0
[M] 01000160 01000148 0 1 00000002
[W] 01000160 0 09 01000148
[F] 01000148 00000093
[D] 01000148 13 01 00 00 0 00 00000000 00
[R] 00 00 00000000 00000000
[E] 01000148 00000000 0
[M] 01000148 00000000 0 0 00000000
[W] 01000148 1 01 00000000
[F] 0100014c 00000013
[D] 0100014c 13 00 00 00 0 00 00000000 00
[R] 00 00 00000000 00000000
[E] 0100014c 00000000 0
[M] 0100014c 00000000 0 0 00000000
[W] 0100014c 1 00 00000000
[F] 01000150 00000113
[D] 01000150 13 02 00 00 0 00 00000000 00
[R] 00 00 00000000 00000000
[E] 01000150 00000000 0
[M] 01000150 00000000 0 0 00000000
[W] 01000150 1 02 00000000
[F] 01000154 16209863
[D] 01000154 63 10 01 02 1 0b 00000170 02
[R] 01 02 00000000 00000000
[E] 01000154 010002c4 0
[M] 01000154 010002c4 0 1 00000000
[W] 01000154 0 10 010002c4
[F] 01000158 00120213
[D] 01000158 13 04 04 01 0 00 00000001 01
[R] 04 01 00000001 00000000
[E] 01000158 00000002 0
[M] 01000158 00000002 0 0 00000000
[W] 01000158 1 04 00000002
[F] 0100015c 00200293
[D] 0100015c 13 05 00 02 0 00 00000002 02
[R] 00 02 00000000 00000000
[E] 0100015c 00000002 0
[M] 0100015c 00000002 0 0 00000000
[W] 0100015c 1 05 00000002
[F] 01000160 fe5214e3
[D] 01000160 63 09 04 05 1 7f ffffffe8 05
[R] 04 05 00000002 00000002
[E] 01000160 01000148 0
[M] 01000160 01000148 0 1 00000002
[W] 01000160 0 09 01000148
[F] 01000164 00d00193
[D] 01000164 13 03 00 0d 0 00 0000000d 0d
[R] 00 0d 00000000 00000000
[E] 01000164 0000000d 0
[M] 01000164 0000000d 0 0 00000000
[W] 01000164 1 03 0000000d
[F] 01000168 00000213
[D] 01000168 13 04 00 00 0 00 00000000 00
[R] 00 00 00000000 00000000
[E] 01000168 00000000 0
[M] 01000168 00000000 0 0 00000000
[W] 01000168 1 04 00000000
[F] 0100016c 00000093
[D] 0100016c 13 01 00 00 0 00 00000000 00
[R] 00 00 00000000 00000000
[E] 0100016c 00000000 0
[M] 0100016c 00000000 0 0 00000000
[W] 0100016c 1 01 00000000
[F] 01000170 00000013
[D] 01000170 13 00 00 00 0 00 00000000 00
[R] 00 00 00000000 00000000
[E] 01000170 00000000 0
[M] 01000170 00000000 0 0 00000000
[W] 01000170 1 00 00000000
[F] 01000174 00000113
[D] 01000174 13 02 00 00 0 00 00000000 00
[R] 00 00 00000000 00000000
[E] 01000174 00000000 0
[M] 01000174 00000000 0 0 00000000
[W] 01000174 1 02 00000000
[F] 01000178 00000013
[D] 01000178 13 00 00 00 0 00 00000000 00
[R] 00 00 00000000 00000000
[E] 01000178 00000000 0
[M] 01000178 00000000 0 0 00000000
[W] 01000178 1 00 00000000
[F] 0100017c 14209463
[D] 0100017c 63 08 01 02 1 0a 00000148 02
[R] 01 02 00000000 00000000
[E] 0100017c 010002c4 0
[M] 0100017c 010002c4 0 1 00000000
[W] 0100017c 0 08 010002c4
[F] 01000180 00120213
[D] 01000180 13 04 04 01 0 00 00000001 01
[R] 04 01 00000000 00000000
[E] 01000180 00000001 0
[M] 01000180 00000001 0 0 00000000
[W] 01000180 1 04 00000001
[F] 01000184 00200293
[D] 01000184 13 05 00 02 0 00 00000002 02
[R] 00 02 00000000 00000000
[E] 01000184 00000002 0
[M] 01000184 00000002 0 0 00000000
[W] 01000184 1 05 00000002
[F] 01000188 fe5212e3
[D] 01000188 63 05 04 05 1 7f ffffffe4 05
[R] 04 05 00000001 00000002
[E] 01000188 0100016c 0
[M] 01000188 0100016c 0 1 00000002
[W] 01000188 0 05 0100016c
[F] 0100016c 00000093
[D] 0100016c 13 01 00 00 0 00 00000000 00
[R] 00 00 00000000 00000000
[E] 0100016c 00000000 0
[M] 0100016c 00000000 0 0 00000000
[W] 0100016c 1 01 00000000
[F] 01000170 00000013
[D] 01000170 13 00 00 00 0 00 00000000 00
[R] 00 00 00000000 00000000
[E] 01000170 00000000 0
[M] 01000170 00000000 0 0 00000000
[W] 01000170 1 00 00000000
[F] 01000174 00000113
[D] 01000174 13 02 00 00 0 00 00000000 00
[R] 00 00 00000000 00000000
[E] 01000174 00000000 0
[M] 01000174 00000000 0 0 00000000
[W] 01000174 1 02 00000000
[F] 01000178 00000013
[D] 01000178 13 00 00 00 0 00 00000000 00
[R] 00 00 00000000 00000000
[E] 01000178 00000000 0
[M] 01000178 00000000 0 0 00000000
[W] 01000178 1 00 00000000
[F] 0100017c 14209463
[D] 0100017c 63 08 01 02 1 0a 00000148 02
[R] 01 02 00000000 00000000
[E] 0100017c 010002c4 0
[M] 0100017c 010002c4 0 1 00000000
[W] 0100017c 0 08 010002c4
[F] 01000180 00120213
[D] 01000180 13 04 04 01 0 00 00000001 01
[R] 04 01 00000001 00000000
[E] 01000180 00000002 0
[M] 01000180 00000002 0 0 00000000
[W] 01000180 1 04 00000002
[F] 01000184 00200293
[D] 01000184 13 05 00 02 0 00 00000002 02
[R] 00 02 00000000 00000000
[E] 01000184 00000002 0
[M] 01000184 00000002 0 0 00000000
[W] 01000184 1 05 00000002
[F] 01000188 fe5212e3
[D] 01000188 63 05 04 05 1 7f ffffffe4 05
[R] 04 05 00000002 00000002
[E] 01000188 0100016c 0
[M] 01000188 0100016c 0 1 00000002
[W] 01000188 0 05 0100016c
[F] 0100018c 00e00193
[D] 0100018c 13 03 00 0e 0 00 0000000e 0e
[R] 00 0e 00000000 00000000
[E] 0100018c 0000000e 0
[M] 0100018c 0000000e 0 0 00000000
[W] 0100018c 1 03 0000000e
[F] 01000190 00000213
[D] 01000190 13 04 00 00 0 00 00000000 00
[R] 00 00 00000000 00000000
[E] 01000190 00000000 0
[M] 01000190 00000000 0 0 00000000
[W] 01000190 1 04 00000000
[F] 01000194 00000093
[D] 01000194 13 01 00 00 0 00 00000000 00
[R] 00 00 00000000 00000000
[E] 01000194 00000000 0
[M] 01000194 00000000 0 0 00000000
[W] 01000194 1 01 00000000
[F] 01000198 00000013
[D] 01000198 13 00 00 00 0 00 00000000 00
[R] 00 00 00000000 00000000
[E] 01000198 00000000 0
[M] 01000198 00000000 0 0 00000000
[W] 01000198 1 00 00000000
[F] 0100019c 00000013
[D] 0100019c 13 00 00 00 0 00 00000000 00
[R] 00 00 00000000 00000000
[E] 0100019c 00000000 0
[M] 0100019c 00000000 0 0 00000000
[W] 0100019c 1 00 00000000
[F] 010001a0 00000113
[D] 010001a0 13 02 00 00 0 00 00000000 00
[R] 00 00 00000000 00000000
[E] 010001a0 00000000 0
[M] 010001a0 00000000 0 0 00000000
[W] 010001a0 1 02 00000000
[F] 010001a4 12209063
[D] 010001a4 63 00 01 02 1 09 00000120 02
[R] 01 02 00000000 00000000
[E] 010001a4 010002c4 0
[M] 010001a4 010002c4 0 1 00000000
[W] 010001a4 0 00 010002c4
[F] 010001a8 00120213
[D] 010001a8 13 04 04 01 0 00 00000001 01
[R] 04 01 00000000 00000000
[E] 010001a8 00000001 0
[M] 010001a8 00000001 0 0 00000000
[W] 010001a8 1 04 00000001
[F] 010001ac 00200293
[D] 010001ac 13 05 00 02 0 00 00000002 02
[R] 00 02 00000000 00000000
[E] 010001ac 00000002 0
[M] 010001ac 00000002 0 0 00000000
[W] 010001ac 1 05 00000002
[F] 010001b0 fe5212e3
[D] 010001b0 63 05 04 05 1 7f ffffffe4 05
[R] 04 05 00000001 00000002
[E] 010001b0 01000194 0
[M] 010001b0 01000194 0 1 00000002
[W] 010001b0 0 05 01000194
[F] 01000194 00000093
[D] 01000194 13 01 00 00 0 00 00000000 00
[R] 00 00 00000000 00000000
[E] 01000194 00000000 0
[M] 01000194 00000000 0 0 00000000
[W] 01000194 1 01 00000000
[F] 01000198 00000013
[D] 01000198 13 00 00 00 0 00 00000000 00
[R] 00 00 00000000 00000000
[E] 01000198 00000000 0
[M] 01000198 00000000 0 0 00000000
[W] 01000198 1 00 00000000
[F] 0100019c 00000013
[D] 0100019c 13 00 00 00 0 00 00000000 00
[R] 00 00 00000000 00000000
[E] 0100019c 00000000 0
[M] 0100019c 00000000 0 0 00000000
[W] 0100019c 1 00 00000000
[F] 010001a0 00000113
[D] 010001a0 13 02 00 00 0 00 00000000 00
[R] 00 00 00000000 00000000
[E] 010001a0 00000000 0
[M] 010001a0 00000000 0 0 00000000
[W] 010001a0 1 02 00000000
[F] 010001a4 12209063
[D] 010001a4 63 00 01 02 1 09 00000120 02
[R] 01 02 00000000 00000000
[E] 010001a4 010002c4 0
[M] 010001a4 010002c4 0 1 00000000
[W] 010001a4 0 00 010002c4
[F] 010001a8 00120213
[D] 010001a8 13 04 04 01 0 00 00000001 01
[R] 04 01 00000001 00000000
[E] 010001a8 00000002 0
[M] 010001a8 00000002 0 0 00000000
[W] 010001a8 1 04 00000002
[F] 010001ac 00200293
[D] 010001ac 13 05 00 02 0 00 00000002 02
[R] 00 02 00000000 00000000
[E] 010001ac 00000002 0
[M] 010001ac 00000002 0 0 00000000
[W] 010001ac 1 05 00000002
[F] 010001b0 fe5212e3
[D] 010001b0 63 05 04 05 1 7f ffffffe4 05
[R] 04 05 00000002 00000002
[E] 010001b0 01000194 0
[M] 010001b0 01000194 0 1 00000002
[W] 010001b0 0 05 01000194
[F] 010001b4 00f00193
[D] 010001b4 13 03 00 0f 0 00 0000000f 0f
[R] 00 0f 00000000 00000000
[E] 010001b4 0000000f 0
[M] 010001b4 0000000f 0 0 00000000
[W] 010001b4 1 03 0000000f
[F] 010001b8 00000213
[D] 010001b8 13 04 00 00 0 00 00000000 00
[R] 00 00 00000000 00000000
[E] 010001b8 00000000 0
[M] 010001b8 00000000 0 0 00000000
[W] 010001b8 1 04 00000000
[F] 010001bc 00000093
[D] 010001bc 13 01 00 00 0 00 00000000 00
[R] 00 00 00000000 00000000
[E] 010001bc 00000000 0
[M] 010001bc 00000000 0 0 00000000
[W] 010001bc 1 01 00000000
[F] 010001c0 00000113
[D] 010001c0 13 02 00 00 0 00 00000000 00
[R] 00 00 00000000 00000000
[E] 010001c0 00000000 0
[M] 010001c0 00000000 0 0 00000000
[W] 010001c0 1 02 00000000
[F] 010001c4 10209063
[D] 010001c4 63 00 01 02 1 08 00000100 02
[R] 01 02 00000000 00000000
[E] 010001c4 010002c4 0
[M] 010001c4 010002c4 0 1 00000000
[W] 010001c4 0 00 010002c4
[F] 010001c8 00120213
[D] 010001c8 13 04 04 01 0 00 00000001 01
[R] 04 01 00000000 00000000
[E] 010001c8 00000001 0
[M] 010001c8 00000001 0 0 00000000
[W] 010001c8 1 04 00000001
[F] 010001cc 00200293
[D] 010001cc 13 05 00 02 0 00 00000002 02
[R] 00 02 00000000 00000000
[E] 010001cc 00000002 0
[M] 010001cc 00000002 0 0 00000000
[W] 010001cc 1 05 00000002
[F] 010001d0 fe5216e3
[D] 010001d0 63 0d 04 05 1 7f ffffffec 05
[R] 04 05 00000001 00000002
[E] 010001d0 010001bc 0
[M] 010001d0 010001bc 0 1 00000002
[W] 010001d0 0 0d 010001bc
[F] 010001bc 00000093
[D] 010001bc 13 01 00 00 0 00 00000000 00
[R] 00 00 00000000 00000000
[E] 010001bc 00000000 0
[M] 010001bc 00000000 0 0 00000000
[W] 010001bc 1 01 00000000
[F] 010001c0 00000113
[D] 010001c0 13 02 00 00 0 00 00000000 00
[R] 00 00 00000000 00000000
[E] 010001c0 00000000 0
[M] 010001c0 00000000 0 0 00000000
[W] 010001c0 1 02 00000000
[F] 010001c4 10209063
[D] 010001c4 63 00 01 02 1 08 00000100 02
[R] 01 02 00000000 00000000
[E] 010001c4 010002c4 0
[M] 010001c4 010002c4 0 1 00000000
[W] 010001c4 0 00 010002c4
[F] 010001c8 00120213
[D] 010001c8 13 04 04 01 0 00 00000001 01
[R] 04 01 00000001 00000000
[E] 010001c8 00000002 0
[M] 010001c8 00000002 0 0 00000000
[W] 010001c8 1 04 00000002
[F] 010001cc 00200293
[D] 010001cc 13 05 00 02 0 00 00000002 02
[R] 00 02 00000000 00000000
[E] 010001cc 00000002 0
[M] 010001cc 00000002 0 0 00000000
[W] 010001cc 1 05 00000002
[F] 010001d0 fe5216e3
[D] 010001d0 63 0d 04 05 1 7f ffffffec 05
[R] 04 05 00000002 00000002
[E] 010001d0 010001bc 0
[M] 010001d0 010001bc 0 1 00000002
[W] 010001d0 0 0d 010001bc
[F] 010001d4 01000193
[D] 010001d4 13 03 00 10 0 00 00000010 10
[R] 00 10 00000000 00000000
[E] 010001d4 00000010 0
[M] 010001d4 00000010 0 0 00000000
[W] 010001d4 1 03 00000010
[F] 010001d8 00000213
[D] 010001d8 13 04 00 00 0 00 00000000 00
[R] 00 00 00000000 00000000
[E] 010001d8 00000000 0
[M] 010001d8 00000000 0 0 00000000
[W] 010001d8 1 04 00000000
[F] 010001dc 00000093
[D] 010001dc 13 01 00 00 0 00 00000000 00
[R] 00 00 00000000 00000000
[E] 010001dc 00000000 0
[M] 010001dc 00000000 0 0 00000000
[W] 010001dc 1 01 00000000
[F] 010001e0 00000113
[D] 010001e0 13 02 00 00 0 00 00000000 00
[R] 00 00 00000000 00000000
[E] 010001e0 00000000 0
[M] 010001e0 00000000 0 0 00000000
[W] 010001e0 1 02 00000000
[F] 010001e4 00000013
[D] 010001e4 13 00 00 00 0 00 00000000 00
[R] 00 00 00000000 00000000
[E] 010001e4 00000000 0
[M] 010001e4 00000000 0 0 00000000
[W] 010001e4 1 00 00000000
[F] 010001e8 0c209e63
[D] 010001e8 63 1c 01 02 1 06 000000dc 02
[R] 01 02 00000000 00000000
[E] 010001e8 010002c4 0
[M] 010001e8 010002c4 0 1 00000000
[W] 010001e8 0 1c 010002c4
[F] 010001ec 00120213
[D] 010001ec 13 04 04 01 0 00 00000001 01
[R] 04 01 00000000 00000000
[E] 010001ec 00000001 0
[M] 010001ec 00000001 0 0 00000000
[W] 010001ec 1 04 00000001
[F] 010001f0 00200293
[D] 010001f0 13 05 00 02 0 00 00000002 02
[R] 00 02 00000000 00000000
[E] 010001f0 00000002 0
[M] 010001f0 00000002 0 0 00000000
[W] 010001f0 1 05 00000002
[F] 010001f4 fe5214e3
[D] 010001f4 63 09 04 05 1 7f ffffffe8 05
[R] 04 05 00000001 00000002
[E] 010001f4 010001dc 0
[M] 010001f4 010001dc 0 1 00000002
[W] 010001f4 0 09 010001dc
[F] 010001dc 00000093
[D] 010001dc 13 01 00 00 0 00 00000000 00
[R] 00 00 00000000 00000000
[E] 010001dc 00000000 0
[M] 010001dc 00000000 0 0 00000000
[W] 010001dc 1 01 00000000
[F] 010001e0 00000113
[D] 010001e0 13 02 00 00 0 00 00000000 00
[R] 00 00 00000000 00000000
[E] 010001e0 00000000 0
[M] 010001e0 00000000 0 0 00000000
[W] 010001e0 1 02 00000000
[F] 010001e4 00000013
[D] 010001e4 13 00 00 00 0 00 00000000 00
[R] 00 00 00000000 00000000
[E] 010001e4 00000000 0
[M] 010001e4 00000000 0 0 00000000
[W] 010001e4 1 00 00000000
[F] 010001e8 0c209e63
[D] 010001e8 63 1c 01 02 1 06 000000dc 02
[R] 01 02 00000000 00000000
[E] 010001e8 010002c4 0
[M] 010001e8 010002c4 0 1 00000000
[W] 010001e8 0 1c 010002c4
[F] 010001ec 00120213
[D] 010001ec 13 04 04 01 0 00 00000001 01
[R] 04 01 00000001 00000000
[E] 010001ec 00000002 0
[M] 010001ec 00000002 0 0 00000000
[W] 010001ec 1 04 00000002
[F] 010001f0 00200293
[D] 010001f0 13 05 00 02 0 00 00000002 02
[R] 00 02 00000000 00000000
[E] 010001f0 00000002 0
[M] 010001f0 00000002 0 0 00000000
[W] 010001f0 1 05 00000002
[F] 010001f4 fe5214e3
[D] 010001f4 63 09 04 05 1 7f ffffffe8 05
[R] 04 05 00000002 00000002
[E] 010001f4 010001dc 0
[M] 010001f4 010001dc 0 1 00000002
[W] 010001f4 0 09 010001dc
[F] 010001f8 01100193
[D] 010001f8 13 03 00 11 0 00 00000011 11
[R] 00 11 00000000 00000000
[E] 010001f8 00000011 0
[M] 010001f8 00000011 0 0 00000000
[W] 010001f8 1 03 00000011
[F] 010001fc 00000213
[D] 010001fc 13 04 00 00 0 00 00000000 00
[R] 00 00 00000000 00000000
[E] 010001fc 00000000 0
[M] 010001fc 00000000 0 0 00000000
[W] 010001fc 1 04 00000000
[F] 01000200 00000093
[D] 01000200 13 01 00 00 0 00 00000000 00
[R] 00 00 00000000 00000000
[E] 01000200 00000000 0
[M] 01000200 00000000 0 0 00000000
[W] 01000200 1 01 00000000
[F] 01000204 00000113
[D] 01000204 13 02 00 00 0 00 00000000 00
[R] 00 00 00000000 00000000
[E] 01000204 00000000 0
[M] 01000204 00000000 0 0 00000000
[W] 01000204 1 02 00000000
[F] 01000208 00000013
[D] 01000208 13 00 00 00 0 00 00000000 00
[R] 00 00 00000000 00000000
[E] 01000208 00000000 0
[M] 01000208 00000000 0 0 00000000
[W] 01000208 1 00 00000000
[F] 0100020c 00000013
[D] 0100020c 13 00 00 00 0 00 00000000 00
[R] 00 00 00000000 00000000
[E] 0100020c 00000000 0
[M] 0100020c 00000000 0 0 00000000
[W] 0100020c 1 00 00000000
[F] 01000210 0a209a63
[D] 01000210 63 14 01 02 1 05 000000b4 02
[R] 01 02 00000000 00000000
[E] 01000210 010002c4 0
[M] 01000210 010002c4 0 1 00000000
[W] 01000210 0 14 010002c4
[F] 01000214 00120213
[D] 01000214 13 04 04 01 0 00 00000001 01
[R] 04 01 00000000 00000000
[E] 01000214 00000001 0
[M] 01000214 00000001 0 0 00000000
[W] 01000214 1 04 00000001
[F] 01000218 00200293
[D] 01000218 13 05 00 02 0 00 00000002 02
[R] 00 02 00000000 00000000
[E] 01000218 00000002 0
[M] 01000218 00000002 0 0 00000000
[W] 01000218 1 05 00000002
[F] 0100021c fe5212e3
[D] 0100021c 63 05 04 05 1 7f ffffffe4 05
[R] 04 05 00000001 00000002
[E] 0100021c 01000200 0
[M] 0100021c 01000200 0 1 00000002
[W] 0100021c 0 05 01000200
[F] 01000200 00000093
[D] 01000200 13 01 00 00 0 00 00000000 00
[R] 00 00 00000000 00000000
[E] 01000200 00000000 0
[M] 01000200 00000000 0 0 00000000
[W] 01000200 1 01 00000000
[F] 01000204 00000113
[D] 01000204 13 02 00 00 0 00 00000000 00
[R] 00 00 00000000 00000000
[E] 01000204 00000000 0
[M] 01000204 00000000 0 0 00000000
[W] 01000204 1 02 00000000
[F] 01000208 00000013
[D] 01000208 13 00 00 00 0 00 00000000 00
[R] 00 00 00000000 00000000
[E] 01000208 00000000 0
[M] 01000208 00000000 0 0 00000000
[W] 01000208 1 00 00000000
[F] 0100020c 00000013
[D] 0100020c 13 00 00 00 0 00 00000000 00
[R] 00 00 00000000 00000000
[E] 0100020c 00000000 0
[M] 0100020c 00000000 0 0 00000000
[W] 0100020c 1 00 00000000
[F] 01000210 0a209a63
[D] 01000210 63 14 01 02 1 05 000000b4 02
[R] 01 02 00000000 00000000
[E] 01000210 010002c4 0
[M] 01000210 010002c4 0 1 00000000
[W] 01000210 0 14 010002c4
[F] 01000214 00120213
[D] 01000214 13 04 04 01 0 00 00000001 01
[R] 04 01 00000001 00000000
[E] 01000214 00000002 0
[M] 01000214 00000002 0 0 00000000
[W] 01000214 1 04 00000002
[F] 01000218 00200293
[D] 01000218 13 05 00 02 0 00 00000002 02
[R] 00 02 00000000 00000000
[E] 01000218 00000002 0
[M] 01000218 00000002 0 0 00000000
[W] 01000218 1 05 00000002
[F] 0100021c fe5212e3
[D] 0100021c 63 05 04 05 1 7f ffffffe4 05
[R] 04 05 00000002 00000002
[E] 0100021c 01000200 0
[M] 0100021c 01000200 0 1 00000002
[W] 0100021c 0 05 01000200
[F] 01000220 01200193
[D] 01000220 13 03 00 12 0 00 00000012 12
[R] 00 12 00000000 00000000
[E] 01000220 00000012 0
[M] 01000220 00000012 0 0 00000000
[W] 01000220 1 03 00000012
[F] 01000224 00000213
[D] 01000224 13 04 00 00 0 00 00000000 00
[R] 00 00 00000000 00000000
[E] 01000224 00000000 0
[M] 01000224 00000000 0 0 00000000
[W] 01000224 1 04 00000000
[F] 01000228 00000093
[D] 01000228 13 01 00 00 0 00 00000000 00
[R] 00 00 00000000 00000000
[E] 01000228 00000000 0
[M] 01000228 00000000 0 0 00000000
[W] 01000228 1 01 00000000
[F] 0100022c 00000013
[D] 0100022c 13 00 00 00 0 00 00000000 00
[R] 00 00 00000000 00000000
[E] 0100022c 00000000 0
[M] 0100022c 00000000 0 0 00000000
[W] 0100022c 1 00 00000000
[F] 01000230 00000113
[D] 01000230 13 02 00 00 0 00 00000000 00
[R] 00 00 00000000 00000000
[E] 01000230 00000000 0
[M] 01000230 00000000 0 0 00000000
[W] 01000230 1 02 00000000
[F] 01000234 08209863
[D] 01000234 63 10 01 02 1 04 00000090 02
[R] 01 02 00000000 00000000
[E] 01000234 010002c4 0
[M] 01000234 010002c4 0 1 00000000
[W] 01000234 0 10 010002c4
[F] 01000238 00120213
[D] 01000238 13 04 04 01 0 00 00000001 01
[R] 04 01 00000000 00000000
[E] 01000238 00000001 0
[M] 01000238 00000001 0 0 00000000
[W] 01000238 1 04 00000001
[F] 0100023c 00200293
[D] 0100023c 13 05 00 02 0 00 00000002 02
[R] 00 02 00000000 00000000
[E] 0100023c 00000002 0
[M] 0100023c 00000002 0 0 00000000
[W] 0100023c 1 05 00000002
[F] 01000240 fe5214e3
[D] 01000240 63 09 04 05 1 7f ffffffe8 05
[R] 04 05 00000001 00000002
[E] 01000240 01000228 0
[M] 01000240 01000228 0 1 00000002
[W] 01000240 0 09 01000228
[F] 01000228 00000093
[D] 01000228 13 01 00 00 0 00 00000000 00
[R] 00 00 00000000 00000000
[E] 01000228 00000000 0
[M] 01000228 00000000 0 0 00000000
[W] 01000228 1 01 00000000
[F] 0100022c 00000013
[D] 0100022c 13 00 00 00 0 00 00000000 00
[R] 00 00 00000000 00000000
[E] 0100022c 00000000 0
[M] 0100022c 00000000 0 0 00000000
[W] 0100022c 1 00 00000000
[F] 01000230 00000113
[D] 01000230 13 02 00 00 0 00 00000000 00
[R] 00 00 00000000 00000000
[E] 01000230 00000000 0
[M] 01000230 00000000 0 0 00000000
[W] 01000230 1 02 00000000
[F] 01000234 08209863
[D] 01000234 63 10 01 02 1 04 00000090 02
[R] 01 02 00000000 00000000
[E] 01000234 010002c4 0
[M] 01000234 010002c4 0 1 00000000
[W] 01000234 0 10 010002c4
[F] 01000238 00120213
[D] 01000238 13 04 04 01 0 00 00000001 01
[R] 04 01 00000001 00000000
[E] 01000238 00000002 0
[M] 01000238 00000002 0 0 00000000
[W] 01000238 1 04 00000002
[F] 0100023c 00200293
[D] 0100023c 13 05 00 02 0 00 00000002 02
[R] 00 02 00000000 00000000
[E] 0100023c 00000002 0
[M] 0100023c 00000002 0 0 00000000
[W] 0100023c 1 05 00000002
[F] 01000240 fe5214e3
[D] 01000240 63 09 04 05 1 7f ffffffe8 05
[R] 04 05 00000002 00000002
[E] 01000240 01000228 0
[M] 01000240 01000228 0 1 00000002
[W] 01000240 0 09 01000228
[F] 01000244 01300193
[D] 01000244 13 03 00 13 0 00 00000013 13
[R] 00 13 00000000 00000000
[E] 01000244 00000013 0
[M] 01000244 00000013 0 0 00000000
[W] 01000244 1 03 00000013
[F] 01000248 00000213
[D] 01000248 13 04 00 00 0 00 00000000 00
[R] 00 00 00000000 00000000
[E] 01000248 00000000 0
[M] 01000248 00000000 0 0 00000000
[W] 01000248 1 04 00000000
[F] 0100024c 00000093
[D] 0100024c 13 01 00 00 0 00 00000000 00
[R] 00 00 00000000 00000000
[E] 0100024c 00000000 0
[M] 0100024c 00000000 0 0 00000000
[W] 0100024c 1 01 00000000
[F] 01000250 00000013
[D] 01000250 13 00 00 00 0 00 00000000 00
[R] 00 00 00000000 00000000
[E] 01000250 00000000 0
[M] 01000250 00000000 0 0 00000000
[W] 01000250 1 00 00000000
[F] 01000254 00000113
[D] 01000254 13 02 00 00 0 00 00000000 00
[R] 00 00 00000000 00000000
[E] 01000254 00000000 0
[M] 01000254 00000000 0 0 00000000
[W] 01000254 1 02 00000000
[F] 01000258 00000013
[D] 01000258 13 00 00 00 0 00 00000000 00
[R] 00 00 00000000 00000000
[E] 01000258 00000000 0
[M] 01000258 00000000 0 0 00000000
[W] 01000258 1 00 00000000
[F] 0100025c 06209463
[D] 0100025c 63 08 01 02 1 03 00000068 02
[R] 01 02 00000000 00000000
[E] 0100025c 010002c4 0
[M] 0100025c 010002c4 0 1 00000000
[W] 0100025c 0 08 010002c4
[F] 01000260 00120213
[D] 01000260 13 04 04 01 0 00 00000001 01
[R] 04 01 00000000 00000000
[E] 01000260 00000001 0
[M] 01000260 00000001 0 0 00000000
[W] 01000260 1 04 00000001
[F] 01000264 00200293
[D] 01000264 13 05 00 02 0 00 00000002 02
[R] 00 02 00000000 00000000
[E] 01000264 00000002 0
[M] 01000264 00000002 0 0 00000000
[W] 01000264 1 05 00000002
[F] 01000268 fe5212e3
[D] 01000268 63 05 04 05 1 7f ffffffe4 05
[R] 04 05 00000001 00000002
[E] 01000268 0100024c 0
[M] 01000268 0100024c 0 1 00000002
[W] 01000268 0 05 0100024c
[F] 0100024c 00000093
[D] 0100024c 13 01 00 00 0 00 00000000 00
[R] 00 00 00000000 00000000
[E] 0100024c 00000000 0
[M] 0100024c 00000000 0 0 00000000
[W] 0100024c 1 01 00000000
[F] 01000250 00000013
[D] 01000250 13 00 00 00 0 00 00000000 00
[R] 00 00 00000000 00000000
[E] 01000250 00000000 0
[M] 01000250 00000000 0 0 00000000
[W] 01000250 1 00 00000000
[F] 01000254 00000113
[D] 01000254 13 02 00 00 0 00 00000000 00
[R] 00 00 00000000 00000000
[E] 01000254 00000000 0
[M] 01000254 00000000 0 0 00000000
[W] 01000254 1 02 00000000
[F] 01000258 00000013
[D] 01000258 13 00 00 00 0 00 00000000 00
[R] 00 00 00000000 00000000
[E] 01000258 00000000 0
[M] 01000258 00000000 0 0 00000000
[W] 01000258 1 00 00000000
[F] 0100025c 06209463
[D] 0100025c 63 08 01 02 1 03 00000068 02
[R] 01 02 00000000 00000000
[E] 0100025c 010002c4 0
[M] 0100025c 010002c4 0 1 00000000
[W] 0100025c 0 08 010002c4
[F] 01000260 00120213
[D] 01000260 13 04 04 01 0 00 00000001 01
[R] 04 01 00000001 00000000
[E] 01000260 00000002 0
[M] 01000260 00000002 0 0 00000000
[W] 01000260 1 04 00000002
[F] 01000264 00200293
[D] 01000264 13 05 00 02 0 00 00000002 02
[R] 00 02 00000000 00000000
[E] 01000264 00000002 0
[M] 01000264 00000002 0 0 00000000
[W] 01000264 1 05 00000002
[F] 01000268 fe5212e3
[D] 01000268 63 05 04 05 1 7f ffffffe4 05
[R] 04 05 00000002 00000002
[E] 01000268 0100024c 0
[M] 01000268 0100024c 0 1 00000002
[W] 01000268 0 05 0100024c
[F] 0100026c 01400193
[D] 0100026c 13 03 00 14 0 00 00000014 14
[R] 00 14 00000000 00000000
[E] 0100026c 00000014 0
[M] 0100026c 00000014 0 0 00000000
[W] 0100026c 1 03 00000014
[F] 01000270 00000213
[D] 01000270 13 04 00 00 0 00 00000000 00
[R] 00 00 00000000 00000000
[E] 01000270 00000000 0
[M] 01000270 00000000 0 0 00000000
[W] 01000270 1 04 00000000
[F] 01000274 00000093
[D] 01000274 13 01 00 00 0 00 00000000 00
[R] 00 00 00000000 00000000
[E] 01000274 00000000 0
[M] 01000274 00000000 0 0 00000000
[W] 01000274 1 01 00000000
[F] 01000278 00000013
[D] 01000278 13 00 00 00 0 00 00000000 00
[R] 00 00 00000000 00000000
[E] 01000278 00000000 0
[M] 01000278 00000000 0 0 00000000
[W] 01000278 1 00 00000000
[F] 0100027c 00000013
[D] 0100027c 13 00 00 00 0 00 00000000 00
[R] 00 00 00000000 00000000
[E] 0100027c 00000000 0
[M] 0100027c 00000000 0 0 00000000
[W] 0100027c 1 00 00000000
[F] 01000280 00000113
[D] 01000280 13 02 00 00 0 00 00000000 00
[R] 00 00 00000000 00000000
[E] 01000280 00000000 0
[M] 01000280 00000000 0 0 00000000
[W] 01000280 1 02 00000000
[F] 01000284 04209063
[D] 01000284 63 00 01 02 1 02 00000040 02
[R] 01 02 00000000 00000000
[E] 01000284 010002c4 0
[M] 01000284 010002c4 0 1 00000000
[W] 01000284 0 00 010002c4
[F] 01000288 00120213
[D] 01000288 13 04 04 01 0 00 00000001 01
[R] 04 01 00000000 00000000
[E] 01000288 00000001 0
[M] 01000288 00000001 0 0 00000000
[W] 01000288 1 04 00000001
[F] 0100028c 00200293
[D] 0100028c 13 05 00 02 0 00 00000002 02
[R] 00 02 00000000 00000000
[E] 0100028c 00000002 0
[M] 0100028c 00000002 0 0 00000000
[W] 0100028c 1 05 00000002
[F] 01000290 fe5212e3
[D] 01000290 63 05 04 05 1 7f ffffffe4 05
[R] 04 05 00000001 00000002
[E] 01000290 01000274 0
[M] 01000290 01000274 0 1 00000002
[W] 01000290 0 05 01000274
[F] 01000274 00000093
[D] 01000274 13 01 00 00 0 00 00000000 00
[R] 00 00 00000000 00000000
[E] 01000274 00000000 0
[M] 01000274 00000000 0 0 00000000
[W] 01000274 1 01 00000000
[F] 01000278 00000013
[D] 01000278 13 00 00 00 0 00 00000000 00
[R] 00 00 00000000 00000000
[E] 01000278 00000000 0
[M] 01000278 00000000 0 0 00000000
[W] 01000278 1 00 00000000
[F] 0100027c 00000013
[D] 0100027c 13 00 00 00 0 00 00000000 00
[R] 00 00 00000000 00000000
[E] 0100027c 00000000 0
[M] 0100027c 00000000 0 0 00000000
[W] 0100027c 1 00 00000000
[F] 01000280 00000113
[D] 01000280 13 02 00 00 0 00 00000000 00
[R] 00 00 00000000 00000000
[E] 01000280 00000000 0
[M] 01000280 00000000 0 0 00000000
[W] 01000280 1 02 00000000
[F] 01000284 04209063
[D] 01000284 63 00 01 02 1 02 00000040 02
[R] 01 02 00000000 00000000
[E] 01000284 010002c4 0
[M] 01000284 010002c4 0 1 00000000
[W] 01000284 0 00 010002c4
[F] 01000288 00120213
[D] 01000288 13 04 04 01 0 00 00000001 01
[R] 04 01 00000001 00000000
[E] 01000288 00000002 0
[M] 01000288 00000002 0 0 00000000
[W] 01000288 1 04 00000002
[F] 0100028c 00200293
[D] 0100028c 13 05 00 02 0 00 00000002 02
[R] 00 02 00000000 00000000
[E] 0100028c 00000002 0
[M] 0100028c 00000002 0 0 00000000
[W] 0100028c 1 05 00000002
[F] 01000290 fe5212e3
[D] 01000290 63 05 04 05 1 7f ffffffe4 05
[R] 04 05 00000002 00000002
[E] 01000290 01000274 0
[M] 01000290 01000274 0 1 00000002
[W] 01000290 0 05 01000274
[F] 01000294 00100093
[D] 01000294 13 01 00 01 0 00 00000001 01
[R] 00 01 00000000 00000000
[E] 01000294 00000001 0
[M] 01000294 00000001 0 0 00000000
[W] 01000294 1 01 00000001
[F] 01000298 00009a63
[D] 01000298 63 14 01 00 1 00 00000014 00
[R] 01 00 00000001 00000000
[E] 01000298 010002ac 0
[M] 01000298 010002ac 0 1 00000000
[W] 01000298 0 14 010002ac
[F] 010002ac 00108093
[D] 010002ac 13 01 01 01 0 00 00000001 01
[R] 01 01 00000001 00000001
[E] 010002ac 00000002 0
[M] 010002ac 00000002 0 0 00000001
[W] 010002ac 1 01 00000002
[F] 010002b0 00108093
[D] 010002b0 13 01 01 01 0 00 00000001 01
[R] 01 01 00000002 00000002
[E] 010002b0 00000003 0
[M] 010002b0 00000003 0 0 00000002
[W] 010002b0 1 01 00000003
[F] 010002b4 00300e93
[D] 010002b4 13 1d 00 03 0 00 00000003 03
[R] 00 03 00000000 00000014
[E] 010002b4 00000003 0
[M] 010002b4 00000003 0 0 00000014
[W] 010002b4 1 1d 00000003
[F] 010002b8 01500193
[D] 010002b8 13 03 00 15 0 00 00000015 15
[R] 00 15 00000000 00000000
[E] 010002b8 00000015 0
[M] 010002b8 00000015 0 0 00000000
[W] 010002b8 1 03 00000015
[F] 010002bc 01d09463
[D] 010002bc 63 08 01 1d 1 00 00000008 1d
[R] 01 1d 00000003 00000003
[E] 010002bc 010002c4 0
[M] 010002bc 010002c4 0 1 00000003
[W] 010002bc 0 08 010002c4
[F] 010002c0 00301c63
[D] 010002c0 63 18 00 03 1 00 00000018 03
[R] 00 03 00000000 00000015
[E] 010002c0 010002d8 0
[M] 010002c0 010002d8 0 1 00000015
[W] 010002c0 0 18 010002d8
[F] 010002d8 0ff0000f
[D] 010002d8 0f 00 00 1f 0 07 00000000 1f
[R] 00 1f 00000000 00000000
[E] 010002d8 00000000 0
[M] 010002d8 00000000 0 0 00000000
[W] 010002d8 1 00 00000000
[F] 010002dc 00100193
[D] 010002dc 13 03 00 01 0 00 00000001 01
[R] 00 01 00000000 00000003
[E] 010002dc 00000001 0
[M] 010002dc 00000001 0 0 00000003
[W] 010002dc 1 03 00000001
[F] 010002e0 00000073
[D] 010002e0 73 00 00 00 0 00 00000000 00
[R] 00 00 00000000 00000000
[E] 010002e0 00000000 0
[M] 010002e0 00000000 0 0 00000000
[W] 010002e0 0 00 00000000
