[F] 01000000 00000097
[D] 01000000 17 01 00 00 0 00 00000000 00
[R] 00 00 00000000 00000000
[E] 01000000 01000000 0
[M] 01000000 01000000 0 0 00000000
[W] 01000000 1 01 01000000
[F] 01000004 2c408093
[D] 01000004 13 01 01 04 0 16 000002c4 04
[R] 01 04 01000000 00000000
[E] 01000004 010002c4 0
[M] 01000004 010002c4 0 0 00000000
[W] 01000004 1 01 010002c4
[F] 01000008 0000df03
[D] 01000008 03 1e 01 00 5 00 00000000 00
[R] 01 00 010002c4 00000000
[E] 01000008 010002c4 0
[M] 01000008 010002c4 0 1 00000000
[W] 01000008 1 1e 000000ff
[F] 0100000c 0ff00e93
[D] 0100000c 13 1d 00 1f 0 07 000000ff 1f
[R] 00 1f 00000000 00000000
[E] 0100000c 000000ff 0
[M] 0100000c 000000ff 0 0 00000000
[W] 0100000c 1 1d 000000ff
[F] 01000010 00200193
[D] 01000010 13 03 00 02 0 00 00000002 02
[R] 00 02 00000000 01100000
[E] 01000010 00000002 0
[M] 01000010 00000002 0 0 01100000
[W] 01000010 1 03 00000002
[F] 01000014 27df1663
[D] 01000014 63 0c 1e 1d 1 13 0000026c 1d
[R] 1e 1d 000000ff 000000ff
[E] 01000014 01000280 0
[M] 01000014 01000280 0 1 000000ff
[W] 01000014 0 0c 01000280
[F] 01000018 00000097
[D] 01000018 17 01 00 00 0 00 00000000 00
[R] 00 00 00000000 00000000
[E] 01000018 01000018 0
[M] 01000018 01000018 0 0 00000000
[W] 01000018 1 01 01000018
[F] 0100001c 2ac08093
[D] 0100001c 13 01 01 0c 0 15 000002ac 0c
[R] 01 0c 01000018 00000000
[E] 0100001c 010002c4 0
[M] 0100001c 010002c4 0 0 00000000
[W] 0100001c 1 01 010002c4
[F] 01000020 0020df03
[D] 01000020 03 1e 01 02 5 00 00000002 02
[R] 01 02 010002c4 01100000
[E] 01000020 010002c6 0
[M] 01000020 010002c6 0 1 01100000
[W] 01000020 1 1e 0000ff00
[F] 01000024 00010eb7
[D] 01000024 37 1d 00 00 0 00 00010000 00
[R] 00 00 00000000 00000000
[E] 01000024 00010000 0
[M] 01000024 00010000 0 0 00000000
[W] 01000024 1 1d 00010000
[F] 01000028 f00e8e93
[D] 01000028 13 1d 1d 00 0 78 ffffff00 00
[R] 1d 00 00010000 00000000
[E] 01000028 0000ff00 0
[M] 01000028 0000ff00 0 0 00000000
[W] 01000028 1 1d 0000ff00
[F] 0100002c 00300193
[D] 0100002c 13 03 00 03 0 00 00000003 03
[R] 00 03 00000000 00000002
[E] 0100002c 00000003 0
[M] 0100002c 00000003 0 0 00000002
[W] 0100002c 1 03 00000003
[F] 01000030 25df1863
[D] 01000030 63 10 1e 1d 1 12 00000250 1d
[R] 1e 1d 0000ff00 0000ff00
[E] 01000030 01000280 0
[M] 01000030 01000280 0 1 0000ff00
[W] 01000030 0 10 01000280
[F] 01000034 00000097
[D] 01000034 17 01 00 00 0 00 00000000 00
[R] 00 00 00000000 00000000
[E] 01000034 01000034 0
[M] 01000034 01000034 0 0 00000000
[W] 01000034 1 01 01000034
[F] 01000038 29008093
[D] 01000038 13 01 01 10 0 14 00000290 10
[R] 01 10 01000034 00000000
[E] 01000038 010002c4 0
[M] 01000038 010002c4 0 0 00000000
[W] 01000038 1 01 010002c4
[F] 0100003c 0040df03
[D] 0100003c 03 1e 01 04 5 00 00000004 04
[R] 01 04 010002c4 00000000
[E] 0100003c 010002c8 0
[M] 0100003c 010002c8 0 1 00000000
[W] 0100003c 1 1e 00000ff0
[F] 01000040 00001eb7
[D] 01000040 37 1d 00 00 1 00 00001000 00
[R] 00 00 00000000 00000000
[E] 01000040 00001000 0
[M] 01000040 00001000 0 1 00000000
[W] 01000040 1 1d 00001000
[F] 01000044 ff0e8e93
[D] 01000044 13 1d 1d 10 0 7f fffffff0 10
[R] 1d 10 00001000 00000000
[E] 01000044 00000ff0 0
[M] 01000044 00000ff0 0 0 00000000
[W] 01000044 1 1d 00000ff0
[F] 01000048 00400193
[D] 01000048 13 03 00 04 0 00 00000004 04
[R] 00 04 00000000 00000000
[E] 01000048 00000004 0
[M] 01000048 00000004 0 0 00000000
[W] 01000048 1 03 00000004
[F] 0100004c 23df1a63
[D] 0100004c 63 14 1e 1d 1 11 00000234 1d
[R] 1e 1d 00000ff0 00000ff0
[E] 0100004c 01000280 0
[M] 0100004c 01000280 0 1 00000ff0
[W] 0100004c 0 14 01000280
[F] 01000050 00000097
[D] 01000050 17 01 00 00 0 00 00000000 00
[R] 00 00 00000000 00000000
[E] 01000050 01000050 0
[M] 01000050 01000050 0 0 00000000
[W] 01000050 1 01 01000050
[F] 01000054 27408093
[D] 01000054 13 01 01 14 0 13 00000274 14
[R] 01 14 01000050 00000000
[E] 01000054 010002c4 0
[M] 01000054 010002c4 0 0 00000000
[W] 01000054 1 01 010002c4
[F] 01000058 0060df03
[D] 01000058 03 1e 01 06 5 00 00000006 06
[R] 01 06 010002c4 00000000
[E] 01000058 010002ca 0
[M] 01000058 010002ca 0 1 00000000
[W] 01000058 1 1e 0000f00f
[F] 0100005c 0000feb7
[D] 0100005c 37 1d 00 00 7 00 0000f000 00
[R] 00 00 00000000 00000000
[E] 0100005c 0000f000 0
[M] 0100005c 0000f000 0 3 00000000
[W] 0100005c 1 1d 0000f000
[F] 01000060 00fe8e93
[D] 01000060 13 1d 1d 0f 0 00 0000000f 0f
[R] 1d 0f 0000f000 00000000
[E] 01000060 0000f00f 0
[M] 01000060 0000f00f 0 0 00000000
[W] 01000060 1 1d 0000f00f
[F] 01000064 00500193
[D] 01000064 13 03 00 05 0 00 00000005 05
[R] 00 05 00000000 00000000
[E] 01000064 00000005 0
[M] 01000064 00000005 0 0 00000000
[W] 01000064 1 03 00000005
[F] 01000068 21df1c63
[D] 01000068 63 18 1e 1d 1 10 00000218 1d
[R] 1e 1d 0000f00f 0000f00f
[E] 01000068 01000280 0
[M] 01000068 01000280 0 1 0000f00f
[W] 01000068 0 18 01000280
[F] 0100006c 00000097
[D] 0100006c 17 01 00 00 0 00 00000000 00
[R] 00 00 00000000 00000000
[E] 0100006c 0100006c 0
[M] 0100006c 0100006c 0 0 00000000
[W] 0100006c 1 01 0100006c
[F] 01000070 25e08093
[D] 01000070 13 01 01 1e 0 12 0000025e 1e
[R] 01 1e 0100006c 0000f00f
[E] 01000070 010002ca 0
[M] 01000070 010002ca 0 0 0000f00f
[W] 01000070 1 01 010002ca
[F] 01000074 ffa0df03
[D] 01000074 03 1e 01 1a 5 7f fffffffa 1a
[R] 01 1a 010002ca 00000000
[E] 01000074 010002c4 0
[M] 01000074 010002c4 0 1 00000000
[W] 01000074 1 1e 000000ff
[F] 01000078 0ff00e93
[D] 01000078 13 1d 00 1f 0 07 000000ff 1f
[R] 00 1f 00000000 00000000
[E] 01000078 000000ff 0
[M] 01000078 000000ff 0 0 00000000
[W] 01000078 1 1d 000000ff
[F] 0100007c 00600193
[D] 0100007c 13 03 00 06 0 00 00000006 06
[R] 00 06 00000000 00000000
[E] 0100007c 00000006 0
[M] 0100007c 00000006 0 0 00000000
[W] 0100007c 1 03 00000006
[F] 01000080 21df1063
[D] 01000080 63 00 1e 1d 1 10 00000200 1d
[R] 1e 1d 000000ff 000000ff
[E] 01000080 01000280 0
[M] 01000080 01000280 0 1 000000ff
[W] 01000080 0 00 01000280
[F] 01000084 00000097
[D] 01000084 17 01 00 00 0 00 00000000 00
[R] 00 00 00000000 00000000
[E] 01000084 01000084 0
[M] 01000084 01000084 0 0 00000000
[W] 01000084 1 01 01000084
[F] 01000088 24608093
[D] 01000088 13 01 01 06 0 12 00000246 06
[R] 01 06 01000084 00000000
[E] 01000088 010002ca 0
[M] 01000088 010002ca 0 0 00000000
[W] 01000088 1 01 010002ca
[F] 0100008c ffc0df03
[D] 0100008c 03 1e 01 1c 5 7f fffffffc 1c
[R] 01 1c 010002ca 00000000
[E] 0100008c 010002c6 0
[M] 0100008c 010002c6 0 1 00000000
[W] 0100008c 1 1e 0000ff00
[F] 01000090 00010eb7
[D] 01000090 37 1d 00 00 0 00 00010000 00
[R] 00 00 00000000 00000000
[E] 01000090 00010000 0
[M] 01000090 00010000 0 0 00000000
[W] 01000090 1 1d 00010000
[F] 01000094 f00e8e93
[D] 01000094 13 1d 1d 00 0 78 ffffff00 00
[R] 1d 00 00010000 00000000
[E] 01000094 0000ff00 0
[M] 01000094 0000ff00 0 0 00000000
[W] 01000094 1 1d 0000ff00
[F] 01000098 00700193
[D] 01000098 13 03 00 07 0 00 00000007 07
[R] 00 07 00000000 00000000
[E] 01000098 00000007 0
[M] 01000098 00000007 0 0 00000000
[W] 01000098 1 03 00000007
[F] 0100009c 1fdf1263
[D] 0100009c 63 04 1e 1d 1 0f 000001e4 1d
[R] 1e 1d 0000ff00 0000ff00
[E] 0100009c 01000280 0
[M] 0100009c 01000280 0 1 0000ff00
[W] 0100009c 0 04 01000280
[F] 010000a0 00000097
[D] 010000a0 17 01 00 00 0 00 00000000 00
[R] 00 00 00000000 00000000
[E] 010000a0 010000a0 0
[M] 010000a0 010000a0 0 0 00000000
[W] 010000a0 1 01 010000a0
[F] 010000a4 22a08093
[D] 010000a4 13 01 01 0a 0 11 0000022a 0a
[R] 01 0a 010000a0 00000000
[E] 010000a4 010002ca 0
[M] 010000a4 010002ca 0 0 00000000
[W] 010000a4 1 01 010002ca
[F] 010000a8 ffe0df03
[D] 010000a8 03 1e 01 1e 5 7f fffffffe 1e
[R] 01 1e 010002ca 0000ff00
[E] 010000a8 010002c8 0
[M] 010000a8 010002c8 0 1 0000ff00
[W] 010000a8 1 1e 00000ff0
[F] 010000ac 00001eb7
[D] 010000ac 37 1d 00 00 1 00 00001000 00
[R] 00 00 00000000 00000000
[E] 010000ac 00001000 0
[M] 010000ac 00001000 0 1 00000000
[W] 010000ac 1 1d 00001000
[F] 010000b0 ff0e8e93
[D] 010000b0 13 1d 1d 10 0 7f fffffff0 10
[R] 1d 10 00001000 00000000
[E] 010000b0 00000ff0 0
[M] 010000b0 00000ff0 0 0 00000000
[W] 010000b0 1 1d 00000ff0
[F] 010000b4 00800193
[D] 010000b4 13 03 00 08 0 00 00000008 08
[R] 00 08 00000000 00000000
[E] 010000b4 00000008 0
[M] 010000b4 00000008 0 0 00000000
[W] 010000b4 1 03 00000008
[F] 010000b8 1ddf1463
[D] 010000b8 63 08 1e 1d 1 0e 000001c8 1d
[R] 1e 1d 00000ff0 00000ff0
[E] 010000b8 01000280 0
[M] 010000b8 01000280 0 1 00000ff0
[W] 010000b8 0 08 01000280
[F] 010000bc 00000097
[D] 010000bc 17 01 00 00 0 00 00000000 00
[R] 00 00 00000000 00000000
[E] 010000bc 010000bc 0
[M] 010000bc 010000bc 0 0 00000000
[W] 010000bc 1 01 010000bc
[F] 010000c0 20e08093
[D] 010000c0 13 01 01 0e 0 10 0000020e 0e
[R] 01 0e 010000bc 00000000
[E] 010000c0 010002ca 0
[M] 010000c0 010002ca 0 0 00000000
[W] 010000c0 1 01 010002ca
[F] 010000c4 0000df03
[D] 010000c4 03 1e 01 00 5 00 00000000 00
[R] 01 00 010002ca 00000000
[E] 010000c4 010002ca 0
[M] 010000c4 010002ca 0 1 00000000
[W] 010000c4 1 1e 0000f00f
[F] 010000c8 0000feb7
[D] 010000c8 37 1d 00 00 7 00 0000f000 00
[R] 00 00 00000000 00000000
[E] 010000c8 0000f000 0
[M] 010000c8 0000f000 0 3 00000000
[W] 010000c8 1 1d 0000f000
[F] 010000cc 00fe8e93
[D] 010000cc 13 1d 1d 0f 0 00 0000000f 0f
[R] 1d 0f 0000f000 00000000
[E] 010000cc 0000f00f 0
[M] 010000cc 0000f00f 0 0 00000000
[W] 010000cc 1 1d 0000f00f
[F] 010000d0 00900193
[D] 010000d0 13 03 00 09 0 00 00000009 09
[R] 00 09 00000000 00000000
[E] 010000d0 00000009 0
[M] 010000d0 00000009 0 0 00000000
[W] 010000d0 1 03 00000009
[F] 010000d4 1bdf1663
[D] 010000d4 63 0c 1e 1d 1 0d 000001ac 1d
[R] 1e 1d 0000f00f 0000f00f
[E] 010000d4 01000280 0
[M] 010000d4 01000280 0 1 0000f00f
[W] 010000d4 0 0c 01000280
[F] 010000d8 00000097
[D] 010000d8 17 01 00 00 0 00 00000000 00
[R] 00 00 00000000 00000000
[E] 010000d8 010000d8 0
[M] 010000d8 010000d8 0 0 00000000
[W] 010000d8 1 01 010000d8
[F] 010000dc 1ec08093
[D] 010000dc 13 01 01 0c 0 0f 000001ec 0c
[R] 01 0c 010000d8 00000000
[E] 010000dc 010002c4 0
[M] 010000dc 010002c4 0 0 00000000
[W] 010000dc 1 01 010002c4
[F] 010000e0 fe008093
[D] 010000e0 13 01 01 00 0 7f ffffffe0 00
[R] 01 00 010002c4 00000000
[E] 010000e0 010002a4 0
[M] 010000e0 010002a4 0 0 00000000
[W] 010000e0 1 01 010002a4
[F] 010000e4 0200d283
[D] 010000e4 03 05 01 00 5 01 00000020 00
[R] 01 00 010002a4 00000000
[E] 010000e4 010002c4 0
[M] 010000e4 010002c4 0 1 00000000
[W] 010000e4 1 05 000000ff
[F] 010000e8 0ff00e93
[D] 010000e8 13 1d 00 1f 0 07 000000ff 1f
[R] 00 1f 00000000 00000000
[E] 010000e8 000000ff 0
[M] 010000e8 000000ff 0 0 00000000
[W] 010000e8 1 1d 000000ff
[F] 010000ec 00a00193
[D] 010000ec 13 03 00 0a 0 00 0000000a 0a
[R] 00 0a 00000000 00000000
[E] 010000ec 0000000a 0
[M] 010000ec 0000000a 0 0 00000000
[W] 010000ec 1 03 0000000a
[F] 010000f0 19d29863
[D] 010000f0 63 10 05 1d 1 0c 00000190 1d
[R] 05 1d 000000ff 000000ff
[E] 010000f0 01000280 0
[M] 010000f0 01000280 0 1 000000ff
[W] 010000f0 0 10 01000280
[F] 010000f4 00000097
[D] 010000f4 17 01 00 00 0 00 00000000 00
[R] 00 00 00000000 00000000
[E] 010000f4 010000f4 0
[M] 010000f4 010000f4 0 0 00000000
[W] 010000f4 1 01 010000f4
[F] 010000f8 1d008093
[D] 010000f8 13 01 01 10 0 0e 000001d0 10
[R] 01 10 010000f4 00000000
[E] 010000f8 010002c4 0
[M] 010000f8 010002c4 0 0 00000000
[W] 010000f8 1 01 010002c4
[F] 010000fc ffb08093
[D] 010000fc 13 01 01 1b 0 7f fffffffb 1b
[R] 01 1b 010002c4 00000000
[E] 010000fc 010002bf 0
[M] 010000fc 010002bf 0 0 00000000
[W] 010000fc 1 01 010002bf
[F] 01000100 0070d283
[D] 01000100 03 05 01 07 5 00 00000007 07
[R] 01 07 010002bf 00000000
[E] 01000100 010002c6 0
[M] 01000100 010002c6 0 1 00000000
[W] 01000100 1 05 0000ff00
[F] 01000104 00010eb7
[D] 01000104 37 1d 00 00 0 00 00010000 00
[R] 00 00 00000000 00000000
[E] 01000104 00010000 0
[M] 01000104 00010000 0 0 00000000
[W] 01000104 1 1d 00010000
[F] 01000108 f00e8e93
[D] 01000108 13 1d 1d 00 0 78 ffffff00 00
[R] 1d 00 00010000 00000000
[E] 01000108 0000ff00 0
[M] 01000108 0000ff00 0 0 00000000
[W] 01000108 1 1d 0000ff00
[F] 0100010c 00b00193
[D] 0100010c 13 03 00 0b 0 00 0000000b 0b
[R] 00 0b 00000000 00000000
[E] 0100010c 0000000b 0
[M] 0100010c 0000000b 0 0 00000000
[W] 0100010c 1 03 0000000b
[F] 01000110 17d29863
[D] 01000110 63 10 05 1d 1 0b 00000170 1d
[R] 05 1d 0000ff00 0000ff00
[E] 01000110 01000280 0
[M] 01000110 01000280 0 1 0000ff00
[W] 01000110 0 10 01000280
[F] 01000114 00c00193
[D] 01000114 13 03 00 0c 0 00 0000000c 0c
[R] 00 0c 00000000 00000000
[E] 01000114 0000000c 0
[M] 01000114 0000000c 0 0 00000000
[W] 01000114 1 03 0000000c
[F] 01000118 00000213
[D] 01000118 13 04 00 00 0 00 00000000 00
[R] 00 00 00000000 00000000
[E] 01000118 00000000 0
[M] 01000118 00000000 0 0 00000000
[W] 01000118 1 04 00000000
[F] 0100011c 00000097
[D] 0100011c 17 01 00 00 0 00 00000000 00
[R] 00 00 00000000 00000000
[E] 0100011c 0100011c 0
[M] 0100011c 0100011c 0 0 00000000
[W] 0100011c 1 01 0100011c
[F] 01000120 1aa08093
[D] 01000120 13 01 01 0a 0 0d 000001aa 0a
[R] 01 0a 0100011c 00000000
[E] 01000120 010002c6 0
[M] 01000120 010002c6 0 0 00000000
[W] 01000120 1 01 010002c6
[F] 01000124 0020df03
[D] 01000124 03 1e 01 02 5 00 00000002 02
[R] 01 02 010002c6 01100000
[E] 01000124 010002c8 0
[M] 01000124 010002c8 0 1 01100000
[W] 01000124 1 1e 00000ff0
[F] 01000128 000f0313
[D] 01000128 13 06 1e 00 0 00 00000000 00
[R] 1e 00 00000ff0 00000000
[E] 01000128 00000ff0 0
[M] 01000128 00000ff0 0 0 00000000
[W] 01000128 1 06 00000ff0
[F] 0100012c 00001eb7
[D] 0100012c 37 1d 00 00 1 00 00001000 00
[R] 00 00 00000000 00000000
[E] 0100012c 00001000 0
[M] 0100012c 00001000 0 1 00000000
[W] 0100012c 1 1d 00001000
[F] 01000130 ff0e8e93
[D] 01000130 13 1d 1d 10 0 7f fffffff0 10
[R] 1d 10 00001000 00000000
[E] 01000130 00000ff0 0
[M] 01000130 00000ff0 0 0 00000000
[W] 01000130 1 1d 00000ff0
[F] 01000134 15d31663
[D] 01000134 63 0c 06 1d 1 0a 0000014c 1d
[R] 06 1d 00000ff0 00000ff0
[E] 01000134 01000280 0
[M] 01000134 01000280 0 1 00000ff0
[W] 01000134 0 0c 01000280
[F] 01000138 00120213
[D] 01000138 13 04 04 01 0 00 00000001 01
[R] 04 01 00000000 010002c6
[E] 01000138 00000001 0
[M] 01000138 00000001 0 0 010002c6
[W] 01000138 1 04 00000001
[F] 0100013c 00200293
[D] 0100013c 13 05 00 02 0 00 00000002 02
[R] 00 02 00000000 01100000
[E] 0100013c 00000002 0
[M] 0100013c 00000002 0 0 01100000
[W] 0100013c 1 05 00000002
[F] 01000140 fc521ee3
[D] 01000140 63 1d 04 05 1 7e ffffffdc 05
[R] 04 05 00000001 00000002
[E] 01000140 0100011c 0
[M] 01000140 0100011c 0 1 00000002
[W] 01000140 0 1d 0100011c
[F] 0100011c 00000097
[D] 0100011c 17 01 00 00 0 00 00000000 00
[R] 00 00 00000000 00000000
[E] 0100011c 0100011c 0
[M] 0100011c 0100011c 0 0 00000000
[W] 0100011c 1 01 0100011c
[F] 01000120 1aa08093
[D] 01000120 13 01 01 0a 0 0d 000001aa 0a
[R] 01 0a 0100011c 00000000
[E] 01000120 010002c6 0
[M] 01000120 010002c6 0 0 00000000
[W] 01000120 1 01 010002c6
[F] 01000124 0020df03
[D] 01000124 03 1e 01 02 5 00 00000002 02
[R] 01 02 010002c6 01100000
[E] 01000124 010002c8 0
[M] 01000124 010002c8 0 1 01100000
[W] 01000124 1 1e 00000ff0
[F] 01000128 000f0313
[D] 01000128 13 06 1e 00 0 00 00000000 00
[R] 1e 00 00000ff0 00000000
[E] 01000128 00000ff0 0
[M] 01000128 00000ff0 0 0 00000000
[W] 01000128 1 06 00000ff0
[F] 0100012c 00001eb7
[D] 0100012c 37 1d 00 00 1 00 00001000 00
[R] 00 00 00000000 00000000
[E] 0100012c 00001000 0
[M] 0100012c 00001000 0 1 00000000
[W] 0100012c 1 1d 00001000
[F] 01000130 ff0e8e93
[D] 01000130 13 1d 1d 10 0 7f fffffff0 10
[R] 1d 10 00001000 00000000
[E] 01000130 00000ff0 0
[M] 01000130 00000ff0 0 0 00000000
[W] 01000130 1 1d 00000ff0
[F] 01000134 15d31663
[D] 01000134 63 0c 06 1d 1 0a 0000014c 1d
[R] 06 1d 00000ff0 00000ff0
[E] 01000134 01000280 0
[M] 01000134 01000280 0 1 00000ff0
[W] 01000134 0 0c 01000280
[F] 01000138 00120213
[D] 01000138 13 04 04 01 0 00 00000001 01
[R] 04 01 00000001 010002c6
[E] 01000138 00000002 0
[M] 01000138 00000002 0 0 010002c6
[W] 01000138 1 04 00000002
[F] 0100013c 00200293
[D] 0100013c 13 05 00 02 0 00 00000002 02
[R] 00 02 00000000 01100000
[E] 0100013c 00000002 0
[M] 0100013c 00000002 0 0 01100000
[W] 0100013c 1 05 00000002
[F] 01000140 fc521ee3
[D] 01000140 63 1d 04 05 1 7e ffffffdc 05
[R] 04 05 00000002 00000002
[E] 01000140 0100011c 0
[M] 01000140 0100011c 0 1 00000002
[W] 01000140 0 1d 0100011c
[F] 01000144 00d00193
[D] 01000144 13 03 00 0d 0 00 0000000d 0d
[R] 00 0d 00000000 00000000
[E] 01000144 0000000d 0
[M] 01000144 0000000d 0 0 00000000
[W] 01000144 1 03 0000000d
[F] 01000148 00000213
[D] 01000148 13 04 00 00 0 00 00000000 00
[R] 00 00 00000000 00000000
[E] 01000148 00000000 0
[M] 01000148 00000000 0 0 00000000
[W] 01000148 1 04 00000000
[F] 0100014c 00000097
[D] 0100014c 17 01 00 00 0 00 00000000 00
[R] 00 00 00000000 00000000
[E] 0100014c 0100014c 0
[M] 0100014c 0100014c 0 0 00000000
[W] 0100014c 1 01 0100014c
[F] 01000150 17c08093
[D] 01000150 13 01 01 1c 0 0b 0000017c 1c
[R] 01 1c 0100014c 00000000
[E] 01000150 010002c8 0
[M] 01000150 010002c8 0 0 00000000
[W] 01000150 1 01 010002c8
[F] 01000154 0020df03
[D] 01000154 03 1e 01 02 5 00 00000002 02
[R] 01 02 010002c8 01100000
[E] 01000154 010002ca 0
[M] 01000154 010002ca 0 1 01100000
[W] 01000154 1 1e 0000f00f
[F] 01000158 00000013
[D] 01000158 13 00 00 00 0 00 00000000 00
[R] 00 00 00000000 00000000
[E] 01000158 00000000 0
[M] 01000158 00000000 0 0 00000000
[W] 01000158 1 00 00000000
[F] 0100015c 000f0313
[D] 0100015c 13 06 1e 00 0 00 00000000 00
[R] 1e 00 0000f00f 00000000
[E] 0100015c 0000f00f 0
[M] 0100015c 0000f00f 0 0 00000000
[W] 0100015c 1 06 0000f00f
[F] 01000160 0000feb7
[D] 01000160 37 1d 00 00 7 00 0000f000 00
[R] 00 00 00000000 00000000
[E] 01000160 0000f000 0
[M] 01000160 0000f000 0 3 00000000
[W] 01000160 1 1d 0000f000
[F] 01000164 00fe8e93
[D] 01000164 13 1d 1d 0f 0 00 0000000f 0f
[R] 1d 0f 0000f000 00000000
[E] 01000164 0000f00f 0
[M] 01000164 0000f00f 0 0 00000000
[W] 01000164 1 1d 0000f00f
[F] 01000168 11d31c63
[D] 01000168 63 18 06 1d 1 08 00000118 1d
[R] 06 1d 0000f00f 0000f00f
[E] 01000168 01000280 0
[M] 01000168 01000280 0 1 0000f00f
[W] 01000168 0 18 01000280
[F] 0100016c 00120213
[D] 0100016c 13 04 04 01 0 00 00000001 01
[R] 04 01 00000000 010002c8
[E] 0100016c 00000001 0
[M] 0100016c 00000001 0 0 010002c8
[W] 0100016c 1 04 00000001
[F] 01000170 00200293
[D] 01000170 13 05 00 02 0 00 00000002 02
[R] 00 02 00000000 01100000
[E] 01000170 00000002 0
[M] 01000170 00000002 0 0 01100000
[W] 01000170 1 05 00000002
[F] 01000174 fc521ce3
[D] 01000174 63 19 04 05 1 7e ffffffd8 05
[R] 04 05 00000001 00000002
[E] 01000174 0100014c 0
[M] 01000174 0100014c 0 1 00000002
[W] 01000174 0 19 0100014c
[F] 0100014c 00000097
[D] 0100014c 17 01 00 00 0 00 00000000 00
[R] 00 00 00000000 00000000
[E] 0100014c 0100014c 0
[M] 0100014c 0100014c 0 0 00000000
[W] 0100014c 1 01 0100014c
[F] 01000150 17c08093
[D] 01000150 13 01 01 1c 0 0b 0000017c 1c
[R] 01 1c 0100014c 00000000
[E] 01000150 010002c8 0
[M] 01000150 010002c8 0 0 00000000
[W] 01000150 1 01 010002c8
[F] 01000154 0020df03
[D] 01000154 03 1e 01 02 5 00 00000002 02
[R] 01 02 010002c8 01100000
[E] 01000154 010002ca 0
[M] 01000154 010002ca 0 1 01100000
[W] 01000154 1 1e 0000f00f
[F] 01000158 00000013
[D] 01000158 13 00 00 00 0 00 00000000 00
[R] 00 00 00000000 00000000
[E] 01000158 00000000 0
[M] 01000158 00000000 0 0 00000000
[W] 01000158 1 00 00000000
[F] 0100015c 000f0313
[D] 0100015c 13 06 1e 00 0 00 00000000 00
[R] 1e 00 0000f00f 00000000
[E] 0100015c 0000f00f 0
[M] 0100015c 0000f00f 0 0 00000000
[W] 0100015c 1 06 0000f00f
[F] 01000160 0000feb7
[D] 01000160 37 1d 00 00 7 00 0000f000 00
[R] 00 00 00000000 00000000
[E] 01000160 0000f000 0
[M] 01000160 0000f000 0 3 00000000
[W] 01000160 1 1d 0000f000
[F] 01000164 00fe8e93
[D] 01000164 13 1d 1d 0f 0 00 0000000f 0f
[R] 1d 0f 0000f000 00000000
[E] 01000164 0000f00f 0
[M] 01000164 0000f00f 0 0 00000000
[W] 01000164 1 1d 0000f00f
[F] 01000168 11d31c63
[D] 01000168 63 18 06 1d 1 08 00000118 1d
[R] 06 1d 0000f00f 0000f00f
[E] 01000168 01000280 0
[M] 01000168 01000280 0 1 0000f00f
[W] 01000168 0 18 01000280
[F] 0100016c 00120213
[D] 0100016c 13 04 04 01 0 00 00000001 01
[R] 04 01 00000001 010002c8
[E] 0100016c 00000002 0
[M] 0100016c 00000002 0 0 010002c8
[W] 0100016c 1 04 00000002
[F] 01000170 00200293
[D] 01000170 13 05 00 02 0 00 00000002 02
[R] 00 02 00000000 01100000
[E] 01000170 00000002 0
[M] 01000170 00000002 0 0 01100000
[W] 01000170 1 05 00000002
[F] 01000174 fc521ce3
[D] 01000174 63 19 04 05 1 7e ffffffd8 05
[R] 04 05 00000002 00000002
[E] 01000174 0100014c 0
[M] 01000174 0100014c 0 1 00000002
[W] 01000174 0 19 0100014c
[F] 01000178 00e00193
[D] 01000178 13 03 00 0e 0 00 0000000e 0e
[R] 00 0e 00000000 00000000
[E] 01000178 0000000e 0
[M] 01000178 0000000e 0 0 00000000
[W] 01000178 1 03 0000000e
[F] 0100017c 00000213
[D] 0100017c 13 04 00 00 0 00 00000000 00
[R] 00 00 00000000 00000000
[E] 0100017c 00000000 0
[M] 0100017c 00000000 0 0 00000000
[W] 0100017c 1 04 00000000
[F] 01000180 00000097
[D] 01000180 17 01 00 00 0 00 00000000 00
[R] 00 00 00000000 00000000
[E] 01000180 01000180 0
[M] 01000180 01000180 0 0 00000000
[W] 01000180 1 01 01000180
[F] 01000184 14408093
[D] 01000184 13 01 01 04 0 0a 00000144 04
[R] 01 04 01000180 00000000
[E] 01000184 010002c4 0
[M] 01000184 010002c4 0 0 00000000
[W] 01000184 1 01 010002c4
[F] 01000188 0020df03
[D] 01000188 03 1e 01 02 5 00 00000002 02
[R] 01 02 010002c4 01100000
[E] 01000188 010002c6 0
[M] 01000188 010002c6 0 1 01100000
[W] 01000188 1 1e 0000ff00
[F] 0100018c 00000013
[D] 0100018c 13 00 00 00 0 00 00000000 00
[R] 00 00 00000000 00000000
[E] 0100018c 00000000 0
[M] 0100018c 00000000 0 0 00000000
[W] 0100018c 1 00 00000000
[F] 01000190 00000013
[D] 01000190 13 00 00 00 0 00 00000000 00
[R] 00 00 00000000 00000000
[E] 01000190 00000000 0
[M] 01000190 00000000 0 0 00000000
[W] 01000190 1 00 00000000
[F] 01000194 000f0313
[D] 01000194 13 06 1e 00 0 00 00000000 00
[R] 1e 00 0000ff00 00000000
[E] 01000194 0000ff00 0
[M] 01000194 0000ff00 0 0 00000000
[W] 01000194 1 06 0000ff00
[F] 01000198 00010eb7
[D] 01000198 37 1d 00 00 0 00 00010000 00
[R] 00 00 00000000 00000000
[E] 01000198 00010000 0
[M] 01000198 00010000 0 0 00000000
[W] 01000198 1 1d 00010000
[F] 0100019c f00e8e93
[D] 0100019c 13 1d 1d 00 0 78 ffffff00 00
[R] 1d 00 00010000 00000000
[E] 0100019c 0000ff00 0
[M] 0100019c 0000ff00 0 0 00000000
[W] 0100019c 1 1d 0000ff00
[F] 010001a0 0fd31063
[D] 010001a0 63 00 06 1d 1 07 000000e0 1d
[R] 06 1d 0000ff00 0000ff00
[E] 010001a0 01000280 0
[M] 010001a0 01000280 0 1 0000ff00
[W] 010001a0 0 00 01000280
[F] 010001a4 00120213
[D] 010001a4 13 04 04 01 0 00 00000001 01
[R] 04 01 00000000 010002c4
[E] 010001a4 00000001 0
[M] 010001a4 00000001 0 0 010002c4
[W] 010001a4 1 04 00000001
[F] 010001a8 00200293
[D] 010001a8 13 05 00 02 0 00 00000002 02
[R] 00 02 00000000 01100000
[E] 010001a8 00000002 0
[M] 010001a8 00000002 0 0 01100000
[W] 010001a8 1 05 00000002
[F] 010001ac fc521ae3
[D] 010001ac 63 15 04 05 1 7e ffffffd4 05
[R] 04 05 00000001 00000002
[E] 010001ac 01000180 0
[M] 010001ac 01000180 0 1 00000002
[W] 010001ac 0 15 01000180
[F] 01000180 00000097
[D] 01000180 17 01 00 00 0 00 00000000 00
[R] 00 00 00000000 00000000
[E] 01000180 01000180 0
[M] 01000180 01000180 0 0 00000000
[W] 01000180 1 01 01000180
[F] 01000184 14408093
[D] 01000184 13 01 01 04 0 0a 00000144 04
[R] 01 04 01000180 00000001
[E] 01000184 010002c4 0
[M] 01000184 010002c4 0 0 00000001
[W] 01000184 1 01 010002c4
[F] 01000188 0020df03
[D] 01000188 03 1e 01 02 5 00 00000002 02
[R] 01 02 010002c4 01100000
[E] 01000188 010002c6 0
[M] 01000188 010002c6 0 1 01100000
[W] 01000188 1 1e 0000ff00
[F] 0100018c 00000013
[D] 0100018c 13 00 00 00 0 00 00000000 00
[R] 00 00 00000000 00000000
[E] 0100018c 00000000 0
[M] 0100018c 00000000 0 0 00000000
[W] 0100018c 1 00 00000000
[F] 01000190 00000013
[D] 01000190 13 00 00 00 0 00 00000000 00
[R] 00 00 00000000 00000000
[E] 01000190 00000000 0
[M] 01000190 00000000 0 0 00000000
[W] 01000190 1 00 00000000
[F] 01000194 000f0313
[D] 01000194 13 06 1e 00 0 00 00000000 00
[R] 1e 00 0000ff00 00000000
[E] 01000194 0000ff00 0
[M] 01000194 0000ff00 0 0 00000000
[W] 01000194 1 06 0000ff00
[F] 01000198 00010eb7
[D] 01000198 37 1d 00 00 0 00 00010000 00
[R] 00 00 00000000 00000000
[E] 01000198 00010000 0
[M] 01000198 00010000 0 0 00000000
[W] 01000198 1 1d 00010000
[F] 0100019c f00e8e93
[D] 0100019c 13 1d 1d 00 0 78 ffffff00 00
[R] 1d 00 00010000 00000000
[E] 0100019c 0000ff00 0
[M] 0100019c 0000ff00 0 0 00000000
[W] 0100019c 1 1d 0000ff00
[F] 010001a0 0fd31063
[D] 010001a0 63 00 06 1d 1 07 000000e0 1d
[R] 06 1d 0000ff00 0000ff00
[E] 010001a0 01000280 0
[M] 010001a0 01000280 0 1 0000ff00
[W] 010001a0 0 00 01000280
[F] 010001a4 00120213
[D] 010001a4 13 04 04 01 0 00 00000001 01
[R] 04 01 00000001 010002c4
[E] 010001a4 00000002 0
[M] 010001a4 00000002 0 0 010002c4
[W] 010001a4 1 04 00000002
[F] 010001a8 00200293
[D] 010001a8 13 05 00 02 0 00 00000002 02
[R] 00 02 00000000 01100000
[E] 010001a8 00000002 0
[M] 010001a8 00000002 0 0 01100000
[W] 010001a8 1 05 00000002
[F] 010001ac fc521ae3
[D] 010001ac 63 15 04 05 1 7e ffffffd4 05
[R] 04 05 00000002 00000002
[E] 010001ac 01000180 0
[M] 010001ac 01000180 0 1 00000002
[W] 010001ac 0 15 01000180
[F] 010001b0 00f00193
[D] 010001b0 13 03 00 0f 0 00 0000000f 0f
[R] 00 0f 00000000 00000000
[E] 010001b0 0000000f 0
[M] 010001b0 0000000f 0 0 00000000
[W] 010001b0 1 03 0000000f
[F] 010001b4 00000213
[D] 010001b4 13 04 00 00 0 00 00000000 00
[R] 00 00 00000000 00000000
[E] 010001b4 00000000 0
[M] 010001b4 00000000 0 0 00000000
[W] 010001b4 1 04 00000000
[F] 010001b8 00000097
[D] 010001b8 17 01 00 00 0 00 00000000 00
[R] 00 00 00000000 00000000
[E] 010001b8 010001b8 0
[M] 010001b8 010001b8 0 0 00000000
[W] 010001b8 1 01 010001b8
[F] 010001bc 10e08093
[D] 010001bc 13 01 01 0e 0 08 0000010e 0e
[R] 01 0e 010001b8 00000000
[E] 010001bc 010002c6 0
[M] 010001bc 010002c6 0 0 00000000
[W] 010001bc 1 01 010002c6
[F] 010001c0 0020df03
[D] 010001c0 03 1e 01 02 5 00 00000002 02
[R] 01 02 010002c6 01100000
[E] 010001c0 010002c8 0
[M] 010001c0 010002c8 0 1 01100000
[W] 010001c0 1 1e 00000ff0
[F] 010001c4 00001eb7
[D] 010001c4 37 1d 00 00 1 00 00001000 00
[R] 00 00 00000000 00000000
[E] 010001c4 00001000 0
[M] 010001c4 00001000 0 1 00000000
[W] 010001c4 1 1d 00001000
[F] 010001c8 ff0e8e93
[D] 010001c8 13 1d 1d 10 0 7f fffffff0 10
[R] 1d 10 00001000 00000000
[E] 010001c8 00000ff0 0
[M] 010001c8 00000ff0 0 0 00000000
[W] 010001c8 1 1d 00000ff0
[F] 010001cc 0bdf1a63
[D] 010001cc 63 14 1e 1d 1 05 000000b4 1d
[R] 1e 1d 00000ff0 00000ff0
[E] 010001cc 01000280 0
[M] 010001cc 01000280 0 1 00000ff0
[W] 010001cc 0 14 01000280
[F] 010001d0 00120213
[D] 010001d0 13 04 04 01 0 00 00000001 01
[R] 04 01 00000000 010002c6
[E] 010001d0 00000001 0
[M] 010001d0 00000001 0 0 010002c6
[W] 010001d0 1 04 00000001
[F] 010001d4 00200293
[D] 010001d4 13 05 00 02 0 00 00000002 02
[R] 00 02 00000000 01100000
[E] 010001d4 00000002 0
[M] 010001d4 00000002 0 0 01100000
[W] 010001d4 1 05 00000002
[F] 010001d8 fe5210e3
[D] 010001d8 63 01 04 05 1 7f ffffffe0 05
[R] 04 05 00000001 00000002
[E] 010001d8 010001b8 0
[M] 010001d8 010001b8 0 1 00000002
[W] 010001d8 0 01 010001b8
[F] 010001b8 00000097
[D] 010001b8 17 01 00 00 0 00 00000000 00
[R] 00 00 00000000 00000000
[E] 010001b8 010001b8 0
[M] 010001b8 010001b8 0 0 00000000
[W] 010001b8 1 01 010001b8
[F] 010001bc 10e08093
[D] 010001bc 13 01 01 0e 0 08 0000010e 0e
[R] 01 0e 010001b8 00000000
[E] 010001bc 010002c6 0
[M] 010001bc 010002c6 0 0 00000000
[W] 010001bc 1 01 010002c6
[F] 010001c0 0020df03
[D] 010001c0 03 1e 01 02 5 00 00000002 02
[R] 01 02 010002c6 01100000
[E] 010001c0 010002c8 0
[M] 010001c0 010002c8 0 1 01100000
[W] 010001c0 1 1e 00000ff0
[F] 010001c4 00001eb7
[D] 010001c4 37 1d 00 00 1 00 00001000 00
[R] 00 00 00000000 00000000
[E] 010001c4 00001000 0
[M] 010001c4 00001000 0 1 00000000
[W] 010001c4 1 1d 00001000
[F] 010001c8 ff0e8e93
[D] 010001c8 13 1d 1d 10 0 7f fffffff0 10
[R] 1d 10 00001000 00000000
[E] 010001c8 00000ff0 0
[M] 010001c8 00000ff0 0 0 00000000
[W] 010001c8 1 1d 00000ff0
[F] 010001cc 0bdf1a63
[D] 010001cc 63 14 1e 1d 1 05 000000b4 1d
[R] 1e 1d 00000ff0 00000ff0
[E] 010001cc 01000280 0
[M] 010001cc 01000280 0 1 00000ff0
[W] 010001cc 0 14 01000280
[F] 010001d0 00120213
[D] 010001d0 13 04 04 01 0 00 00000001 01
[R] 04 01 00000001 010002c6
[E] 010001d0 00000002 0
[M] 010001d0 00000002 0 0 010002c6
[W] 010001d0 1 04 00000002
[F] 010001d4 00200293
[D] 010001d4 13 05 00 02 0 00 00000002 02
[R] 00 02 00000000 01100000
[E] 010001d4 00000002 0
[M] 010001d4 00000002 0 0 01100000
[W] 010001d4 1 05 00000002
[F] 010001d8 fe5210e3
[D] 010001d8 63 01 04 05 1 7f ffffffe0 05
[R] 04 05 00000002 00000002
[E] 010001d8 010001b8 0
[M] 010001d8 010001b8 0 1 00000002
[W] 010001d8 0 01 010001b8
[F] 010001dc 01000193
[D] 010001dc 13 03 00 10 0 00 00000010 10
[R] 00 10 00000000 00000000
[E] 010001dc 00000010 0
[M] 010001dc 00000010 0 0 00000000
[W] 010001dc 1 03 00000010
[F] 010001e0 00000213
[D] 010001e0 13 04 00 00 0 00 00000000 00
[R] 00 00 00000000 00000000
[E] 010001e0 00000000 0
[M] 010001e0 00000000 0 0 00000000
[W] 010001e0 1 04 00000000
[F] 010001e4 00000097
[D] 010001e4 17 01 00 00 0 00 00000000 00
[R] 00 00 00000000 00000000
[E] 010001e4 010001e4 0
[M] 010001e4 010001e4 0 0 00000000
[W] 010001e4 1 01 010001e4
[F] 010001e8 0e408093
[D] 010001e8 13 01 01 04 0 07 000000e4 04
[R] 01 04 010001e4 00000000
[E] 010001e8 010002c8 0
[M] 010001e8 010002c8 0 0 00000000
[W] 010001e8 1 01 010002c8
[F] 010001ec 00000013
[D] 010001ec 13 00 00 00 0 00 00000000 00
[R] 00 00 00000000 00000000
[E] 010001ec 00000000 0
[M] 010001ec 00000000 0 0 00000000
[W] 010001ec 1 00 00000000
[F] 010001f0 0020df03
[D] 010001f0 03 1e 01 02 5 00 00000002 02
[R] 01 02 010002c8 01100000
[E] 010001f0 010002ca 0
[M] 010001f0 010002ca 0 1 01100000
[W] 010001f0 1 1e 0000f00f
[F] 010001f4 0000feb7
[D] 010001f4 37 1d 00 00 7 00 0000f000 00
[R] 00 00 00000000 00000000
[E] 010001f4 0000f000 0
[M] 010001f4 0000f000 0 3 00000000
[W] 010001f4 1 1d 0000f000
[F] 010001f8 00fe8e93
[D] 010001f8 13 1d 1d 0f 0 00 0000000f 0f
[R] 1d 0f 0000f000 00000000
[E] 010001f8 0000f00f 0
[M] 010001f8 0000f00f 0 0 00000000
[W] 010001f8 1 1d 0000f00f
[F] 010001fc 09df1263
[D] 010001fc 63 04 1e 1d 1 04 00000084 1d
[R] 1e 1d 0000f00f 0000f00f
[E] 010001fc 01000280 0
[M] 010001fc 01000280 0 1 0000f00f
[W] 010001fc 0 04 01000280
[F] 01000200 00120213
[D] 01000200 13 04 04 01 0 00 00000001 01
[R] 04 01 00000000 010002c8
[E] 01000200 00000001 0
[M] 01000200 00000001 0 0 010002c8
[W] 01000200 1 04 00000001
[F] 01000204 00200293
[D] 01000204 13 05 00 02 0 00 00000002 02
[R] 00 02 00000000 01100000
[E] 01000204 00000002 0
[M] 01000204 00000002 0 0 01100000
[W] 01000204 1 05 00000002
[F] 01000208 fc521ee3
[D] 01000208 63 1d 04 05 1 7e ffffffdc 05
[R] 04 05 00000001 00000002
[E] 01000208 010001e4 0
[M] 01000208 010001e4 0 1 00000002
[W] 01000208 0 1d 010001e4
[F] 010001e4 00000097
[D] 010001e4 17 01 00 00 0 00 00000000 00
[R] 00 00 00000000 00000000
[E] 010001e4 010001e4 0
[M] 010001e4 010001e4 0 0 00000000
[W] 010001e4 1 01 010001e4
[F] 010001e8 0e408093
[D] 010001e8 13 01 01 04 0 07 000000e4 04
[R] 01 04 010001e4 00000001
[E] 010001e8 010002c8 0
[M] 010001e8 010002c8 0 0 00000001
[W] 010001e8 1 01 010002c8
[F] 010001ec 00000013
[D] 010001ec 13 00 00 00 0 00 00000000 00
[R] 00 00 00000000 00000000
[E] 010001ec 00000000 0
[M] 010001ec 00000000 0 0 00000000
[W] 010001ec 1 00 00000000
[F] 010001f0 0020df03
[D] 010001f0 03 1e 01 02 5 00 00000002 02
[R] 01 02 010002c8 01100000
[E] 010001f0 010002ca 0
[M] 010001f0 010002ca 0 1 01100000
[W] 010001f0 1 1e 0000f00f
[F] 010001f4 0000feb7
[D] 010001f4 37 1d 00 00 7 00 0000f000 00
[R] 00 00 00000000 00000000
[E] 010001f4 0000f000 0
[M] 010001f4 0000f000 0 3 00000000
[W] 010001f4 1 1d 0000f000
[F] 010001f8 00fe8e93
[D] 010001f8 13 1d 1d 0f 0 00 0000000f 0f
[R] 1d 0f 0000f000 00000000
[E] 010001f8 0000f00f 0
[M] 010001f8 0000f00f 0 0 00000000
[W] 010001f8 1 1d 0000f00f
[F] 010001fc 09df1263
[D] 010001fc 63 04 1e 1d 1 04 00000084 1d
[R] 1e 1d 0000f00f 0000f00f
[E] 010001fc 01000280 0
[M] 010001fc 01000280 0 1 0000f00f
[W] 010001fc 0 04 01000280
[F] 01000200 00120213
[D] 01000200 13 04 04 01 0 00 00000001 01
[R] 04 01 00000001 010002c8
[E] 01000200 00000002 0
[M] 01000200 00000002 0 0 010002c8
[W] 01000200 1 04 00000002
[F] 01000204 00200293
[D] 01000204 13 05 00 02 0 00 00000002 02
[R] 00 02 00000000 01100000
[E] 01000204 00000002 0
[M] 01000204 00000002 0 0 01100000
[W] 01000204 1 05 00000002
[F] 01000208 fc521ee3
[D] 01000208 63 1d 04 05 1 7e ffffffdc 05
[R] 04 05 00000002 00000002
[E] 01000208 010001e4 0
[M] 01000208 010001e4 0 1 00000002
[W] 01000208 0 1d 010001e4
[F] 0100020c 01100193
[D] 0100020c 13 03 00 11 0 00 00000011 11
[R] 00 11 00000000 00000000
[E] 0100020c 00000011 0
[M] 0100020c 00000011 0 0 00000000
[W] 0100020c 1 03 00000011
[F] 01000210 00000213
[D] 01000210 13 04 00 00 0 00 00000000 00
[R] 00 00 00000000 00000000
[E] 01000210 00000000 0
[M] 01000210 00000000 0 0 00000000
[W] 01000210 1 04 00000000
[F] 01000214 00000097
[D] 01000214 17 01 00 00 0 00 00000000 00
[R] 00 00 00000000 00000000
[E] 01000214 01000214 0
[M] 01000214 01000214 0 0 00000000
[W] 01000214 1 01 01000214
[F] 01000218 0b008093
[D] 01000218 13 01 01 10 0 05 000000b0 10
[R] 01 10 01000214 00000000
[E] 01000218 010002c4 0
[M] 01000218 010002c4 0 0 00000000
[W] 01000218 1 01 010002c4
[F] 0100021c 00000013
[D] 0100021c 13 00 00 00 0 00 00000000 00
[R] 00 00 00000000 00000000
[E] 0100021c 00000000 0
[M] 0100021c 00000000 0 0 00000000
[W] 0100021c 1 00 00000000
[F] 01000220 00000013
[D] 01000220 13 00 00 00 0 00 00000000 00
[R] 00 00 00000000 00000000
[E] 01000220 00000000 0
[M] 01000220 00000000 0 0 00000000
[W] 01000220 1 00 00000000
[F] 01000224 0020df03
[D] 01000224 03 1e 01 02 5 00 00000002 02
[R] 01 02 010002c4 01100000
[E] 01000224 010002c6 0
[M] 01000224 010002c6 0 1 01100000
[W] 01000224 1 1e 0000ff00
[F] 01000228 00010eb7
[D] 01000228 37 1d 00 00 0 00 00010000 00
[R] 00 00 00000000 00000000
[E] 01000228 00010000 0
[M] 01000228 00010000 0 0 00000000
[W] 01000228 1 1d 00010000
[F] 0100022c f00e8e93
[D] 0100022c 13 1d 1d 00 0 78 ffffff00 00
[R] 1d 00 00010000 00000000
[E] 0100022c 0000ff00 0
[M] 0100022c 0000ff00 0 0 00000000
[W] 0100022c 1 1d 0000ff00
[F] 01000230 05df1863
[D] 01000230 63 10 1e 1d 1 02 00000050 1d
[R] 1e 1d 0000ff00 0000ff00
[E] 01000230 01000280 0
[M] 01000230 01000280 0 1 0000ff00
[W] 01000230 0 10 01000280
[F] 01000234 00120213
[D] 01000234 13 04 04 01 0 00 00000001 01
[R] 04 01 00000000 010002c4
[E] 01000234 00000001 0
[M] 01000234 00000001 0 0 010002c4
[W] 01000234 1 04 00000001
[F] 01000238 00200293
[D] 01000238 13 05 00 02 0 00 00000002 02
[R] 00 02 00000000 01100000
[E] 01000238 00000002 0
[M] 01000238 00000002 0 0 01100000
[W] 01000238 1 05 00000002
[F] 0100023c fc521ce3
[D] 0100023c 63 19 04 05 1 7e ffffffd8 05
[R] 04 05 00000001 00000002
[E] 0100023c 01000214 0
[M] 0100023c 01000214 0 1 00000002
[W] 0100023c 0 19 01000214
[F] 01000214 00000097
[D] 01000214 17 01 00 00 0 00 00000000 00
[R] 00 00 00000000 00000000
[E] 01000214 01000214 0
[M] 01000214 01000214 0 0 00000000
[W] 01000214 1 01 01000214
[F] 01000218 0b008093
[D] 01000218 13 01 01 10 0 05 000000b0 10
[R] 01 10 01000214 00000000
[E] 01000218 010002c4 0
[M] 01000218 010002c4 0 0 00000000
[W] 01000218 1 01 010002c4
[F] 0100021c 00000013
[D] 0100021c 13 00 00 00 0 00 00000000 00
[R] 00 00 00000000 00000000
[E] 0100021c 00000000 0
[M] 0100021c 00000000 0 0 00000000
[W] 0100021c 1 00 00000000
[F] 01000220 00000013
[D] 01000220 13 00 00 00 0 00 00000000 00
[R] 00 00 00000000 00000000
[E] 01000220 00000000 0
[M] 01000220 00000000 0 0 00000000
[W] 01000220 1 00 00000000
[F] 01000224 0020df03
[D] 01000224 03 1e 01 02 5 00 00000002 02
[R] 01 02 010002c4 01100000
[E] 01000224 010002c6 0
[M] 01000224 010002c6 0 1 01100000
[W] 01000224 1 1e 0000ff00
[F] 01000228 00010eb7
[D] 01000228 37 1d 00 00 0 00 00010000 00
[R] 00 00 00000000 00000000
[E] 01000228 00010000 0
[M] 01000228 00010000 0 0 00000000
[W] 01000228 1 1d 00010000
[F] 0100022c f00e8e93
[D] 0100022c 13 1d 1d 00 0 78 ffffff00 00
[R] 1d 00 00010000 00000000
[E] 0100022c 0000ff00 0
[M] 0100022c 0000ff00 0 0 00000000
[W] 0100022c 1 1d 0000ff00
[F] 01000230 05df1863
[D] 01000230 63 10 1e 1d 1 02 00000050 1d
[R] 1e 1d 0000ff00 0000ff00
[E] 01000230 01000280 0
[M] 01000230 01000280 0 1 0000ff00
[W] 01000230 0 10 01000280
[F] 01000234 00120213
[D] 01000234 13 04 04 01 0 00 00000001 01
[R] 04 01 00000001 010002c4
[E] 01000234 00000002 0
[M] 01000234 00000002 0 0 010002c4
[W] 01000234 1 04 00000002
[F] 01000238 00200293
[D] 01000238 13 05 00 02 0 00 00000002 02
[R] 00 02 00000000 01100000
[E] 01000238 00000002 0
[M] 01000238 00000002 0 0 01100000
[W] 01000238 1 05 00000002
[F] 0100023c fc521ce3
[D] 0100023c 63 19 04 05 1 7e ffffffd8 05
[R] 04 05 00000002 00000002
[E] 0100023c 01000214 0
[M] 0100023c 01000214 0 1 00000002
[W] 0100023c 0 19 01000214
[F] 01000240 00000297
[D] 01000240 17 05 00 00 0 00 00000000 00
[R] 00 00 00000000 00000000
[E] 01000240 01000240 0
[M] 01000240 01000240 0 0 00000000
[W] 01000240 1 05 01000240
[F] 01000244 08428293
[D] 01000244 13 05 05 04 0 04 00000084 04
[R] 05 04 01000240 00000002
[E] 01000244 010002c4 0
[M] 01000244 010002c4 0 0 00000002
[W] 01000244 1 05 010002c4
[F] 01000248 0002d103
[D] 01000248 03 02 05 00 5 00 00000000 00
[R] 05 00 010002c4 00000000
[E] 01000248 010002c4 0
[M] 01000248 010002c4 0 1 00000000
[W] 01000248 1 02 000000ff
[F] 0100024c 00200113
[D] 0100024c 13 02 00 02 0 00 00000002 02
[R] 00 02 00000000 000000ff
[E] 0100024c 00000002 0
[M] 0100024c 00000002 0 0 000000ff
[W] 0100024c 1 02 00000002
[F] 01000250 00200e93
[D] 01000250 13 1d 00 02 0 00 00000002 02
[R] 00 02 00000000 00000002
[E] 01000250 00000002 0
[M] 01000250 00000002 0 0 00000002
[W] 01000250 1 1d 00000002
[F] 01000254 01200193
[D] 01000254 13 03 00 12 0 00 00000012 12
[R] 00 12 00000000 00000000
[E] 01000254 00000012 0
[M] 01000254 00000012 0 0 00000000
[W] 01000254 1 03 00000012
[F] 01000258 03d11463
[D] 01000258 63 08 02 1d 1 01 00000028 1d
[R] 02 1d 00000002 00000002
[E] 01000258 01000280 0
[M] 01000258 01000280 0 1 00000002
[W] 01000258 0 08 01000280
[F] 0100025c 00000297
[D] 0100025c 17 05 00 00 0 00 00000000 00
[R] 00 00 00000000 00000000
[E] 0100025c 0100025c 0
[M] 0100025c 0100025c 0 0 00000000
[W] 0100025c 1 05 0100025c
[F] 01000260 06828293
[D] 01000260 13 05 05 08 0 03 00000068 08
[R] 05 08 0100025c 00000000
[E] 01000260 010002c4 0
[M] 01000260 010002c4 0 0 00000000
[W] 01000260 1 05 010002c4
[F] 01000264 0002d103
[D] 01000264 03 02 05 00 5 00 00000000 00
[R] 05 00 010002c4 00000000
[E] 01000264 010002c4 0
[M] 01000264 010002c4 0 1 00000000
[W] 01000264 1 02 000000ff
[F] 01000268 00000013
[D] 01000268 13 00 00 00 0 00 00000000 00
[R] 00 00 00000000 00000000
[E] 01000268 00000000 0
[M] 01000268 00000000 0 0 00000000
[W] 01000268 1 00 00000000
[F] 0100026c 00200113
[D] 0100026c 13 02 00 02 0 00 00000002 02
[R] 00 02 00000000 000000ff
[E] 0100026c 00000002 0
[M] 0100026c 00000002 0 0 000000ff
[W] 0100026c 1 02 00000002
[F] 01000270 00200e93
[D] 01000270 13 1d 00 02 0 00 00000002 02
[R] 00 02 00000000 00000002
[E] 01000270 00000002 0
[M] 01000270 00000002 0 0 00000002
[W] 01000270 1 1d 00000002
[F] 01000274 01300193
[D] 01000274 13 03 00 13 0 00 00000013 13
[R] 00 13 00000000 00000000
[E] 01000274 00000013 0
[M] 01000274 00000013 0 0 00000000
[W] 01000274 1 03 00000013
[F] 01000278 01d11463
[D] 01000278 63 08 02 1d 1 00 00000008 1d
[R] 02 1d 00000002 00000002
[E] 01000278 01000280 0
[M] 01000278 01000280 0 1 00000002
[W] 01000278 0 08 01000280
[F] 0100027c 00301c63
[D] 0100027c 63 18 00 03 1 00 00000018 03
[R] 00 03 00000000 00000013
[E] 0100027c 01000294 0
[M] 0100027c 01000294 0 1 00000013
[W] 0100027c 0 18 01000294
[F] 01000294 0ff0000f
[D] 01000294 0f 00 00 1f 0 07 00000000 1f
[R] 00 1f 00000000 00000000
[E] 01000294 00000000 0
[M] 01000294 00000000 0 0 00000000
[W] 01000294 1 00 00000000
[F] 01000298 00100193
[D] 01000298 13 03 00 01 0 00 00000001 01
[R] 00 01 00000000 010002c4
[E] 01000298 00000001 0
[M] 01000298 00000001 0 0 010002c4
[W] 01000298 1 03 00000001
[F] 0100029c 00000073
[D] 0100029c 73 00 00 00 0 00 00000000 00
[R] 00 00 00000000 00000000
[E] 0100029c 00000000 0
[M] 0100029c 00000000 0 0 00000000
[W] 0100029c 0 00 00000000
