[F] 01000000 800000b7
[D] 01000000 37 01 00 00 0 40 80000000 00
[R] 00 00 00000000 00000000
[E] 01000000 80000000 0
[M] 01000000 80000000 0 0 00000000
[W] 01000000 1 01 80000000
[F] 01000004 00000113
[D] 01000004 13 02 00 00 0 00 00000000 00
[R] 00 00 00000000 00000000
[E] 01000004 00000000 0
[M] 01000004 00000000 0 0 00000000
[W] 01000004 1 02 00000000
[F] 01000008 0020df33
[D] 01000008 33 1e 01 02 5 00 00000000 02
[R] 01 02 80000000 00000000
[E] 01000008 80000000 0
[M] 01000008 80000000 0 1 00000000
[W] 01000008 1 1e 80000000
[F] 0100000c 80000eb7
[D] 0100000c 37 1d 00 00 0 40 80000000 00
[R] 00 00 00000000 00000000
[E] 0100000c 80000000 0
[M] 0100000c 80000000 0 0 00000000
[W] 0100000c 1 1d 80000000
[F] 01000010 00200193
[D] 01000010 13 03 00 02 0 00 00000002 02
[R] 00 02 00000000 00000000
[E] 01000010 00000002 0
[M] 01000010 00000002 0 0 00000000
[W] 01000010 1 03 00000002
[F] 01000014 57df1863
[D] 01000014 63 10 1e 1d 1 2b 00000570 1d
[R] 1e 1d 80000000 80000000
[E] 01000014 01000584 0
[M] 01000014 01000584 0 1 80000000
[W] 01000014 0 10 01000584
[F] 01000018 800000b7
[D] 01000018 37 01 00 00 0 40 80000000 00
[R] 00 00 00000000 00000000
[E] 01000018 80000000 0
[M] 01000018 80000000 0 0 00000000
[W] 01000018 1 01 80000000
[F] 0100001c 00100113
[D] 0100001c 13 02 00 01 0 00 00000001 01
[R] 00 01 00000000 80000000
[E] 0100001c 00000001 0
[M] 0100001c 00000001 0 0 80000000
[W] 0100001c 1 02 00000001
[F] 01000020 0020df33
[D] 01000020 33 1e 01 02 5 00 00000000 02
[R] 01 02 80000000 00000001
[E] 01000020 40000000 0
[M] 01000020 40000000 0 1 00000001
[W] 01000020 1 1e 40000000
[F] 01000024 40000eb7
[D] 01000024 37 1d 00 00 0 20 40000000 00
[R] 00 00 00000000 00000000
[E] 01000024 40000000 0
[M] 01000024 40000000 0 0 00000000
[W] 01000024 1 1d 40000000
[F] 01000028 00300193
[D] 01000028 13 03 00 03 0 00 00000003 03
[R] 00 03 00000000 00000002
[E] 01000028 00000003 0
[M] 01000028 00000003 0 0 00000002
[W] 01000028 1 03 00000003
[F] 0100002c 55df1c63
[D] 0100002c 63 18 1e 1d 1 2a 00000558 1d
[R] 1e 1d 40000000 40000000
[E] 0100002c 01000584 0
[M] 0100002c 01000584 0 1 40000000
[W] 0100002c 0 18 01000584
[F] 01000030 800000b7
[D] 01000030 37 01 00 00 0 40 80000000 00
[R] 00 00 00000000 00000000
[E] 01000030 80000000 0
[M] 01000030 80000000 0 0 00000000
[W] 01000030 1 01 80000000
[F] 01000034 00700113
[D] 01000034 13 02 00 07 0 00 00000007 07
[R] 00 07 00000000 00000000
[E] 01000034 00000007 0
[M] 01000034 00000007 0 0 00000000
[W] 01000034 1 02 00000007
[F] 01000038 0020df33
[D] 01000038 33 1e 01 02 5 00 00000000 02
[R] 01 02 80000000 00000007
[E] 01000038 01000000 0
[M] 01000038 01000000 0 1 00000007
[W] 01000038 1 1e 01000000
[F] 0100003c 01000eb7
[D] 0100003c 37 1d 00 10 0 00 01000000 10
[R] 00 10 00000000 00000000
[E] 0100003c 01000000 0
[M] 0100003c 01000000 0 0 00000000
[W] 0100003c 1 1d 01000000
[F] 01000040 00400193
[D] 01000040 13 03 00 04 0 00 00000004 04
[R] 00 04 00000000 00000000
[E] 01000040 00000004 0
[M] 01000040 00000004 0 0 00000000
[W] 01000040 1 03 00000004
[F] 01000044 55df1063
[D] 01000044 63 00 1e 1d 1 2a 00000540 1d
[R] 1e 1d 01000000 01000000
[E] 01000044 01000584 0
[M] 01000044 01000584 0 1 01000000
[W] 01000044 0 00 01000584
[F] 01000048 800000b7
[D] 01000048 37 01 00 00 0 40 80000000 00
[R] 00 00 00000000 00000000
[E] 01000048 80000000 0
[M] 01000048 80000000 0 0 00000000
[W] 01000048 1 01 80000000
[F] 0100004c 00e00113
[D] 0100004c 13 02 00 0e 0 00 0000000e 0e
[R] 00 0e 00000000 00000000
[E] 0100004c 0000000e 0
[M] 0100004c 0000000e 0 0 00000000
[W] 0100004c 1 02 0000000e
[F] 01000050 0020df33
[D] 01000050 33 1e 01 02 5 00 00000000 02
[R] 01 02 80000000 0000000e
[E] 01000050 00020000 0
[M] 01000050 00020000 0 1 0000000e
[W] 01000050 1 1e 00020000
[F] 01000054 00020eb7
[D] 01000054 37 1d 00 00 0 00 00020000 00
[R] 00 00 00000000 00000000
[E] 01000054 00020000 0
[M] 01000054 00020000 0 0 00000000
[W] 01000054 1 1d 00020000
[F] 01000058 00500193
[D] 01000058 13 03 00 05 0 00 00000005 05
[R] 00 05 00000000 00000000
[E] 01000058 00000005 0
[M] 01000058 00000005 0 0 00000000
[W] 01000058 1 03 00000005
[F] 0100005c 53df1463
[D] 0100005c 63 08 1e 1d 1 29 00000528 1d
[R] 1e 1d 00020000 00020000
[E] 0100005c 01000584 0
[M] 0100005c 01000584 0 1 00020000
[W] 0100005c 0 08 01000584
[F] 01000060 800000b7
[D] 01000060 37 01 00 00 0 40 80000000 00
[R] 00 00 00000000 00000000
[E] 01000060 80000000 0
[M] 01000060 80000000 0 0 00000000
[W] 01000060 1 01 80000000
[F] 01000064 00108093
[D] 01000064 13 01 01 01 0 00 00000001 01
[R] 01 01 80000000 80000000
[E] 01000064 80000001 0
[M] 01000064 80000001 0 0 80000000
[W] 01000064 1 01 80000001
[F] 01000068 01f00113
[D] 01000068 13 02 00 1f 0 00 0000001f 1f
[R] 00 1f 00000000 00000000
[E] 01000068 0000001f 0
[M] 01000068 0000001f 0 0 00000000
[W] 01000068 1 02 0000001f
[F] 0100006c 0020df33
[D] 0100006c 33 1e 01 02 5 00 00000000 02
[R] 01 02 80000001 0000001f
[E] 0100006c 00000001 0
[M] 0100006c 00000001 0 1 0000001f
[W] 0100006c 1 1e 00000001
[F] 01000070 00100e93
[D] 01000070 13 1d 00 01 0 00 00000001 01
[R] 00 01 00000000 80000001
[E] 01000070 00000001 0
[M] 01000070 00000001 0 0 80000001
[W] 01000070 1 1d 00000001
[F] 01000074 00600193
[D] 01000074 13 03 00 06 0 00 00000006 06
[R] 00 06 00000000 00000000
[E] 01000074 00000006 0
[M] 01000074 00000006 0 0 00000000
[W] 01000074 1 03 00000006
[F] 01000078 51df1663
[D] 01000078 63 0c 1e 1d 1 28 0000050c 1d
[R] 1e 1d 00000001 00000001
[E] 01000078 01000584 0
[M] 01000078 01000584 0 1 00000001
[W] 01000078 0 0c 01000584
[F] 0100007c fff00093
[D] 0100007c 13 01 00 1f 0 7f ffffffff 1f
[R] 00 1f 00000000 00000000
[E] 0100007c ffffffff 0
[M] 0100007c ffffffff 0 0 00000000
[W] 0100007c 1 01 ffffffff
[F] 01000080 00000113
[D] 01000080 13 02 00 00 0 00 00000000 00
[R] 00 00 00000000 00000000
[E] 01000080 00000000 0
[M] 01000080 00000000 0 0 00000000
[W] 01000080 1 02 00000000
[F] 01000084 0020df33
[D] 01000084 33 1e 01 02 5 00 00000000 02
[R] 01 02 ffffffff 00000000
[E] 01000084 ffffffff 0
[M] 01000084 ffffffff 0 1 00000000
[W] 01000084 1 1e ffffffff
[F] 01000088 fff00e93
[D] 01000088 13 1d 00 1f 0 7f ffffffff 1f
[R] 00 1f 00000000 00000000
[E] 01000088 ffffffff 0
[M] 01000088 ffffffff 0 0 00000000
[W] 01000088 1 1d ffffffff
[F] 0100008c 00700193
[D] 0100008c 13 03 00 07 0 00 00000007 07
[R] 00 07 00000000 00000000
[E] 0100008c 00000007 0
[M] 0100008c 00000007 0 0 00000000
[W] 0100008c 1 03 00000007
[F] 01000090 4fdf1a63
[D] 01000090 63 14 1e 1d 1 27 000004f4 1d
[R] 1e 1d ffffffff ffffffff
[E] 01000090 01000584 0
[M] 01000090 01000584 0 1 ffffffff
[W] 01000090 0 14 01000584
[F] 01000094 fff00093
[D] 01000094 13 01 00 1f 0 7f ffffffff 1f
[R] 00 1f 00000000 00000000
[E] 01000094 ffffffff 0
[M] 01000094 ffffffff 0 0 00000000
[W] 01000094 1 01 ffffffff
[F] 01000098 00100113
[D] 01000098 13 02 00 01 0 00 00000001 01
[R] 00 01 00000000 ffffffff
[E] 01000098 00000001 0
[M] 01000098 00000001 0 0 ffffffff
[W] 01000098 1 02 00000001
[F] 0100009c 0020df33
[D] 0100009c 33 1e 01 02 5 00 00000000 02
[R] 01 02 ffffffff 00000001
[E] 0100009c 7fffffff 0
[M] 0100009c 7fffffff 0 1 00000001
[W] 0100009c 1 1e 7fffffff
[F] 010000a0 80000eb7
[D] 010000a0 37 1d 00 00 0 40 80000000 00
[R] 00 00 00000000 00000000
[E] 010000a0 80000000 0
[M] 010000a0 80000000 0 0 00000000
[W] 010000a0 1 1d 80000000
[F] 010000a4 fffe8e93
[D] 010000a4 13 1d 1d 1f 0 7f ffffffff 1f
[R] 1d 1f 80000000 00000000
[E] 010000a4 7fffffff 0
[M] 010000a4 7fffffff 0 0 00000000
[W] 010000a4 1 1d 7fffffff
[F] 010000a8 00800193
[D] 010000a8 13 03 00 08 0 00 00000008 08
[R] 00 08 00000000 00000000
[E] 010000a8 00000008 0
[M] 010000a8 00000008 0 0 00000000
[W] 010000a8 1 03 00000008
[F] 010000ac 4ddf1c63
[D] 010000ac 63 18 1e 1d 1 26 000004d8 1d
[R] 1e 1d 7fffffff 7fffffff
[E] 010000ac 01000584 0
[M] 010000ac 01000584 0 1 7fffffff
[W] 010000ac 0 18 01000584
[F] 010000b0 fff00093
[D] 010000b0 13 01 00 1f 0 7f ffffffff 1f
[R] 00 1f 00000000 00000000
[E] 010000b0 ffffffff 0
[M] 010000b0 ffffffff 0 0 00000000
[W] 010000b0 1 01 ffffffff
[F] 010000b4 00700113
[D] 010000b4 13 02 00 07 0 00 00000007 07
[R] 00 07 00000000 00000000
[E] 010000b4 00000007 0
[M] 010000b4 00000007 0 0 00000000
[W] 010000b4 1 02 00000007
[F] 010000b8 0020df33
[D] 010000b8 33 1e 01 02 5 00 00000000 02
[R] 01 02 ffffffff 00000007
[E] 010000b8 01ffffff 0
[M] 010000b8 01ffffff 0 1 00000007
[W] 010000b8 1 1e 01ffffff
[F] 010000bc 02000eb7
[D] 010000bc 37 1d 00 00 0 01 02000000 00
[R] 00 00 00000000 00000000
[E] 010000bc 02000000 0
[M] 010000bc 02000000 0 0 00000000
[W] 010000bc 1 1d 02000000
[F] 010000c0 fffe8e93
[D] 010000c0 13 1d 1d 1f 0 7f ffffffff 1f
[R] 1d 1f 02000000 00000000
[E] 010000c0 01ffffff 0
[M] 010000c0 01ffffff 0 0 00000000
[W] 010000c0 1 1d 01ffffff
[F] 010000c4 00900193
[D] 010000c4 13 03 00 09 0 00 00000009 09
[R] 00 09 00000000 00000000
[E] 010000c4 00000009 0
[M] 010000c4 00000009 0 0 00000000
[W] 010000c4 1 03 00000009
[F] 010000c8 4bdf1e63
[D] 010000c8 63 1c 1e 1d 1 25 000004bc 1d
[R] 1e 1d 01ffffff 01ffffff
[E] 010000c8 01000584 0
[M] 010000c8 01000584 0 1 01ffffff
[W] 010000c8 0 1c 01000584
[F] 010000cc fff00093
[D] 010000cc 13 01 00 1f 0 7f ffffffff 1f
[R] 00 1f 00000000 00000000
[E] 010000cc ffffffff 0
[M] 010000cc ffffffff 0 0 00000000
[W] 010000cc 1 01 ffffffff
[F] 010000d0 00e00113
[D] 010000d0 13 02 00 0e 0 00 0000000e 0e
[R] 00 0e 00000000 00000000
[E] 010000d0 0000000e 0
[M] 010000d0 0000000e 0 0 00000000
[W] 010000d0 1 02 0000000e
[F] 010000d4 0020df33
[D] 010000d4 33 1e 01 02 5 00 00000000 02
[R] 01 02 ffffffff 0000000e
[E] 010000d4 0003ffff 0
[M] 010000d4 0003ffff 0 1 0000000e
[W] 010000d4 1 1e 0003ffff
[F] 010000d8 00040eb7
[D] 010000d8 37 1d 00 00 0 00 00040000 00
[R] 00 00 00000000 00000000
[E] 010000d8 00040000 0
[M] 010000d8 00040000 0 0 00000000
[W] 010000d8 1 1d 00040000
[F] 010000dc fffe8e93
[D] 010000dc 13 1d 1d 1f 0 7f ffffffff 1f
[R] 1d 1f 00040000 00000000
[E] 010000dc 0003ffff 0
[M] 010000dc 0003ffff 0 0 00000000
[W] 010000dc 1 1d 0003ffff
[F] 010000e0 00a00193
[D] 010000e0 13 03 00 0a 0 00 0000000a 0a
[R] 00 0a 00000000 00000000
[E] 010000e0 0000000a 0
[M] 010000e0 0000000a 0 0 00000000
[W] 010000e0 1 03 0000000a
[F] 010000e4 4bdf1063
[D] 010000e4 63 00 1e 1d 1 25 000004a0 1d
[R] 1e 1d 0003ffff 0003ffff
[E] 010000e4 01000584 0
[M] 010000e4 01000584 0 1 0003ffff
[W] 010000e4 0 00 01000584
[F] 010000e8 fff00093
[D] 010000e8 13 01 00 1f 0 7f ffffffff 1f
[R] 00 1f 00000000 00000000
[E] 010000e8 ffffffff 0
[M] 010000e8 ffffffff 0 0 00000000
[W] 010000e8 1 01 ffffffff
[F] 010000ec 01f00113
[D] 010000ec 13 02 00 1f 0 00 0000001f 1f
[R] 00 1f 00000000 00000000
[E] 010000ec 0000001f 0
[M] 010000ec 0000001f 0 0 00000000
[W] 010000ec 1 02 0000001f
[F] 010000f0 0020df33
[D] 010000f0 33 1e 01 02 5 00 00000000 02
[R] 01 02 ffffffff 0000001f
[E] 010000f0 00000001 0
[M] 010000f0 00000001 0 1 0000001f
[W] 010000f0 1 1e 00000001
[F] 010000f4 00100e93
[D] 010000f4 13 1d 00 01 0 00 00000001 01
[R] 00 01 00000000 ffffffff
[E] 010000f4 00000001 0
[M] 010000f4 00000001 0 0 ffffffff
[W] 010000f4 1 1d 00000001
[F] 010000f8 00b00193
[D] 010000f8 13 03 00 0b 0 00 0000000b 0b
[R] 00 0b 00000000 00000000
[E] 010000f8 0000000b 0
[M] 010000f8 0000000b 0 0 00000000
[W] 010000f8 1 03 0000000b
[F] 010000fc 49df1463
[D] 010000fc 63 08 1e 1d 1 24 00000488 1d
[R] 1e 1d 00000001 00000001
[E] 010000fc 01000584 0
[M] 010000fc 01000584 0 1 00000001
[W] 010000fc 0 08 01000584
[F] 01000100 212120b7
[D] 01000100 37 01 00 12 2 10 21212000 12
[R] 00 12 00000000 00000000
[E] 01000100 21212000 0
[M] 01000100 21212000 0 2 00000000
[W] 01000100 1 01 21212000
[F] 01000104 12108093
[D] 01000104 13 01 01 01 0 09 00000121 01
[R] 01 01 21212000 21212000
[E] 01000104 21212121 0
[M] 01000104 21212121 0 0 21212000
[W] 01000104 1 01 21212121
[F] 01000108 00000113
[D] 01000108 13 02 00 00 0 00 00000000 00
[R] 00 00 00000000 00000000
[E] 01000108 00000000 0
[M] 01000108 00000000 0 0 00000000
[W] 01000108 1 02 00000000
[F] 0100010c 0020df33
[D] 0100010c 33 1e 01 02 5 00 00000000 02
[R] 01 02 21212121 00000000
[E] 0100010c 21212121 0
[M] 0100010c 21212121 0 1 00000000
[W] 0100010c 1 1e 21212121
[F] 01000110 21212eb7
[D] 01000110 37 1d 00 12 2 10 21212000 12
[R] 00 12 00000000 00000000
[E] 01000110 21212000 0
[M] 01000110 21212000 0 2 00000000
[W] 01000110 1 1d 21212000
[F] 01000114 121e8e93
[D] 01000114 13 1d 1d 01 0 09 00000121 01
[R] 1d 01 21212000 21212121
[E] 01000114 21212121 0
[M] 01000114 21212121 0 0 21212121
[W] 01000114 1 1d 21212121
[F] 01000118 00c00193
[D] 01000118 13 03 00 0c 0 00 0000000c 0c
[R] 00 0c 00000000 00000000
[E] 01000118 0000000c 0
[M] 01000118 0000000c 0 0 00000000
[W] 01000118 1 03 0000000c
[F] 0100011c 47df1463
[D] 0100011c 63 08 1e 1d 1 23 00000468 1d
[R] 1e 1d 21212121 21212121
[E] 0100011c 01000584 0
[M] 0100011c 01000584 0 1 21212121
[W] 0100011c 0 08 01000584
[F] 01000120 212120b7
[D] 01000120 37 01 00 12 2 10 21212000 12
[R] 00 12 00000000 00000000
[E] 01000120 21212000 0
[M] 01000120 21212000 0 2 00000000
[W] 01000120 1 01 21212000
[F] 01000124 12108093
[D] 01000124 13 01 01 01 0 09 00000121 01
[R] 01 01 21212000 21212000
[E] 01000124 21212121 0
[M] 01000124 21212121 0 0 21212000
[W] 01000124 1 01 21212121
[F] 01000128 00100113
[D] 01000128 13 02 00 01 0 00 00000001 01
[R] 00 01 00000000 21212121
[E] 01000128 00000001 0
[M] 01000128 00000001 0 0 21212121
[W] 01000128 1 02 00000001
[F] 0100012c 0020df33
[D] 0100012c 33 1e 01 02 5 00 00000000 02
[R] 01 02 21212121 00000001
[E] 0100012c 10909090 0
[M] 0100012c 10909090 0 1 00000001
[W] 0100012c 1 1e 10909090
[F] 01000130 10909eb7
[D] 01000130 37 1d 00 09 1 08 10909000 09
[R] 00 09 00000000 00000000
[E] 01000130 10909000 0
[M] 01000130 10909000 0 1 00000000
[W] 01000130 1 1d 10909000
[F] 01000134 090e8e93
[D] 01000134 13 1d 1d 10 0 04 00000090 10
[R] 1d 10 10909000 00000000
[E] 01000134 10909090 0
[M] 01000134 10909090 0 0 00000000
[W] 01000134 1 1d 10909090
[F] 01000138 00d00193
[D] 01000138 13 03 00 0d 0 00 0000000d 0d
[R] 00 0d 00000000 00000000
[E] 01000138 0000000d 0
[M] 01000138 0000000d 0 0 00000000
[W] 01000138 1 03 0000000d
[F] 0100013c 45df1463
[D] 0100013c 63 08 1e 1d 1 22 00000448 1d
[R] 1e 1d 10909090 10909090
[E] 0100013c 01000584 0
[M] 0100013c 01000584 0 1 10909090
[W] 0100013c 0 08 01000584
[F] 01000140 212120b7
[D] 01000140 37 01 00 12 2 10 21212000 12
[R] 00 12 00000000 00000000
[E] 01000140 21212000 0
[M] 01000140 21212000 0 2 00000000
[W] 01000140 1 01 21212000
[F] 01000144 12108093
[D] 01000144 13 01 01 01 0 09 00000121 01
[R] 01 01 21212000 21212000
[E] 01000144 21212121 0
[M] 01000144 21212121 0 0 21212000
[W] 01000144 1 01 21212121
[F] 01000148 00700113
[D] 01000148 13 02 00 07 0 00 00000007 07
[R] 00 07 00000000 00000000
[E] 01000148 00000007 0
[M] 01000148 00000007 0 0 00000000
[W] 01000148 1 02 00000007
[F] 0100014c 0020df33
[D] 0100014c 33 1e 01 02 5 00 00000000 02
[R] 01 02 21212121 00000007
[E] 0100014c 00424242 0
[M] 0100014c 00424242 0 1 00000007
[W] 0100014c 1 1e 00424242
[F] 01000150 00424eb7
[D] 01000150 37 1d 00 04 4 00 00424000 04
[R] 00 04 00000000 00000000
[E] 01000150 00424000 0
[M] 01000150 00424000 0 0 00000000
[W] 01000150 1 1d 00424000
[F] 01000154 242e8e93
[D] 01000154 13 1d 1d 02 0 12 00000242 02
[R] 1d 02 00424000 00000007
[E] 01000154 00424242 0
[M] 01000154 00424242 0 0 00000007
[W] 01000154 1 1d 00424242
[F] 01000158 00e00193
[D] 01000158 13 03 00 0e 0 00 0000000e 0e
[R] 00 0e 00000000 00000000
[E] 01000158 0000000e 0
[M] 01000158 0000000e 0 0 00000000
[W] 01000158 1 03 0000000e
[F] 0100015c 43df1463
[D] 0100015c 63 08 1e 1d 1 21 00000428 1d
[R] 1e 1d 00424242 00424242
[E] 0100015c 01000584 0
[M] 0100015c 01000584 0 1 00424242
[W] 0100015c 0 08 01000584
[F] 01000160 212120b7
[D] 01000160 37 01 00 12 2 10 21212000 12
[R] 00 12 00000000 00000000
[E] 01000160 21212000 0
[M] 01000160 21212000 0 2 00000000
[W] 01000160 1 01 21212000
[F] 01000164 12108093
[D] 01000164 13 01 01 01 0 09 00000121 01
[R] 01 01 21212000 21212000
[E] 01000164 21212121 0
[M] 01000164 21212121 0 0 21212000
[W] 01000164 1 01 21212121
[F] 01000168 00e00113
[D] 01000168 13 02 00 0e 0 00 0000000e 0e
[R] 00 0e 00000000 00000000
[E] 01000168 0000000e 0
[M] 01000168 0000000e 0 0 00000000
[W] 01000168 1 02 0000000e
[F] 0100016c 0020df33
[D] 0100016c 33 1e 01 02 5 00 00000000 02
[R] 01 02 21212121 0000000e
[E] 0100016c 00008484 0
[M] 0100016c 00008484 0 1 0000000e
[W] 0100016c 1 1e 00008484
[F] 01000170 00008eb7
[D] 01000170 37 1d 00 00 0 00 00008000 00
[R] 00 00 00000000 00000000
[E] 01000170 00008000 0
[M] 01000170 00008000 0 0 00000000
[W] 01000170 1 1d 00008000
[F] 01000174 484e8e93
[D] 01000174 13 1d 1d 04 0 24 00000484 04
[R] 1d 04 00008000 00000000
[E] 01000174 00008484 0
[M] 01000174 00008484 0 0 00000000
[W] 01000174 1 1d 00008484
[F] 01000178 00f00193
[D] 01000178 13 03 00 0f 0 00 0000000f 0f
[R] 00 0f 00000000 00000000
[E] 01000178 0000000f 0
[M] 01000178 0000000f 0 0 00000000
[W] 01000178 1 03 0000000f
[F] 0100017c 41df1463
[D] 0100017c 63 08 1e 1d 1 20 00000408 1d
[R] 1e 1d 00008484 00008484
[E] 0100017c 01000584 0
[M] 0100017c 01000584 0 1 00008484
[W] 0100017c 0 08 01000584
[F] 01000180 212120b7
[D] 01000180 37 01 00 12 2 10 21212000 12
[R] 00 12 00000000 00000000
[E] 01000180 21212000 0
[M] 01000180 21212000 0 2 00000000
[W] 01000180 1 01 21212000
[F] 01000184 12108093
[D] 01000184 13 01 01 01 0 09 00000121 01
[R] 01 01 21212000 21212000
[E] 01000184 21212121 0
[M] 01000184 21212121 0 0 21212000
[W] 01000184 1 01 21212121
[F] 01000188 01f00113
[D] 01000188 13 02 00 1f 0 00 0000001f 1f
[R] 00 1f 00000000 00000000
[E] 01000188 0000001f 0
[M] 01000188 0000001f 0 0 00000000
[W] 01000188 1 02 0000001f
[F] 0100018c 0020df33
[D] 0100018c 33 1e 01 02 5 00 00000000 02
[R] 01 02 21212121 0000001f
[E] 0100018c 00000000 0
[M] 0100018c 00000000 0 1 0000001f
[W] 0100018c 1 1e 00000000
[F] 01000190 00000e93
[D] 01000190 13 1d 00 00 0 00 00000000 00
[R] 00 00 00000000 00000000
[E] 01000190 00000000 0
[M] 01000190 00000000 0 0 00000000
[W] 01000190 1 1d 00000000
[F] 01000194 01000193
[D] 01000194 13 03 00 10 0 00 00000010 10
[R] 00 10 00000000 00000000
[E] 01000194 00000010 0
[M] 01000194 00000010 0 0 00000000
[W] 01000194 1 03 00000010
[F] 01000198 3fdf1663
[D] 01000198 63 0c 1e 1d 1 1f 000003ec 1d
[R] 1e 1d 00000000 00000000
[E] 01000198 01000584 0
[M] 01000198 01000584 0 1 00000000
[W] 01000198 0 0c 01000584
[F] 0100019c 212120b7
[D] 0100019c 37 01 00 12 2 10 21212000 12
[R] 00 12 00000000 00000000
[E] 0100019c 21212000 0
[M] 0100019c 21212000 0 2 00000000
[W] 0100019c 1 01 21212000
[F] 010001a0 12108093
[D] 010001a0 13 01 01 01 0 09 00000121 01
[R] 01 01 21212000 21212000
[E] 010001a0 21212121 0
[M] 010001a0 21212121 0 0 21212000
[W] 010001a0 1 01 21212121
[F] 010001a4 fc000113
[D] 010001a4 13 02 00 00 0 7e ffffffc0 00
[R] 00 00 00000000 00000000
[E] 010001a4 ffffffc0 0
[M] 010001a4 ffffffc0 0 0 00000000
[W] 010001a4 1 02 ffffffc0
[F] 010001a8 0020df33
[D] 010001a8 33 1e 01 02 5 00 00000000 02
[R] 01 02 21212121 ffffffc0
[E] 010001a8 21212121 0
[M] 010001a8 21212121 0 1 ffffffc0
[W] 010001a8 1 1e 21212121
[F] 010001ac 21212eb7
[D] 010001ac 37 1d 00 12 2 10 21212000 12
[R] 00 12 00000000 00000000
[E] 010001ac 21212000 0
[M] 010001ac 21212000 0 2 00000000
[W] 010001ac 1 1d 21212000
[F] 010001b0 121e8e93
[D] 010001b0 13 1d 1d 01 0 09 00000121 01
[R] 1d 01 21212000 21212121
[E] 010001b0 21212121 0
[M] 010001b0 21212121 0 0 21212121
[W] 010001b0 1 1d 21212121
[F] 010001b4 01100193
[D] 010001b4 13 03 00 11 0 00 00000011 11
[R] 00 11 00000000 00000000
[E] 010001b4 00000011 0
[M] 010001b4 00000011 0 0 00000000
[W] 010001b4 1 03 00000011
[F] 010001b8 3ddf1663
[D] 010001b8 63 0c 1e 1d 1 1e 000003cc 1d
[R] 1e 1d 21212121 21212121
[E] 010001b8 01000584 0
[M] 010001b8 01000584 0 1 21212121
[W] 010001b8 0 0c 01000584
[F] 010001bc 212120b7
[D] 010001bc 37 01 00 12 2 10 21212000 12
[R] 00 12 00000000 00000000
[E] 010001bc 21212000 0
[M] 010001bc 21212000 0 2 00000000
[W] 010001bc 1 01 21212000
[F] 010001c0 12108093
[D] 010001c0 13 01 01 01 0 09 00000121 01
[R] 01 01 21212000 21212000
[E] 010001c0 21212121 0
[M] 010001c0 21212121 0 0 21212000
[W] 010001c0 1 01 21212121
[F] 010001c4 fc100113
[D] 010001c4 13 02 00 01 0 7e ffffffc1 01
[R] 00 01 00000000 21212121
[E] 010001c4 ffffffc1 0
[M] 010001c4 ffffffc1 0 0 21212121
[W] 010001c4 1 02 ffffffc1
[F] 010001c8 0020df33
[D] 010001c8 33 1e 01 02 5 00 00000000 02
[R] 01 02 21212121 ffffffc1
[E] 010001c8 10909090 0
[M] 010001c8 10909090 0 1 ffffffc1
[W] 010001c8 1 1e 10909090
[F] 010001cc 10909eb7
[D] 010001cc 37 1d 00 09 1 08 10909000 09
[R] 00 09 00000000 00000000
[E] 010001cc 10909000 0
[M] 010001cc 10909000 0 1 00000000
[W] 010001cc 1 1d 10909000
[F] 010001d0 090e8e93
[D] 010001d0 13 1d 1d 10 0 04 00000090 10
[R] 1d 10 10909000 00000000
[E] 010001d0 10909090 0
[M] 010001d0 10909090 0 0 00000000
[W] 010001d0 1 1d 10909090
[F] 010001d4 01200193
[D] 010001d4 13 03 00 12 0 00 00000012 12
[R] 00 12 00000000 00000000
[E] 010001d4 00000012 0
[M] 010001d4 00000012 0 0 00000000
[W] 010001d4 1 03 00000012
[F] 010001d8 3bdf1663
[D] 010001d8 63 0c 1e 1d 1 1d 000003ac 1d
[R] 1e 1d 10909090 10909090
[E] 010001d8 01000584 0
[M] 010001d8 01000584 0 1 10909090
[W] 010001d8 0 0c 01000584
[F] 010001dc 212120b7
[D] 010001dc 37 01 00 12 2 10 21212000 12
[R] 00 12 00000000 00000000
[E] 010001dc 21212000 0
[M] 010001dc 21212000 0 2 00000000
[W] 010001dc 1 01 21212000
[F] 010001e0 12108093
[D] 010001e0 13 01 01 01 0 09 00000121 01
[R] 01 01 21212000 21212000
[E] 010001e0 21212121 0
[M] 010001e0 21212121 0 0 21212000
[W] 010001e0 1 01 21212121
[F] 010001e4 fc700113
[D] 010001e4 13 02 00 07 0 7e ffffffc7 07
[R] 00 07 00000000 00000000
[E] 010001e4 ffffffc7 0
[M] 010001e4 ffffffc7 0 0 00000000
[W] 010001e4 1 02 ffffffc7
[F] 010001e8 0020df33
[D] 010001e8 33 1e 01 02 5 00 00000000 02
[R] 01 02 21212121 ffffffc7
[E] 010001e8 00424242 0
[M] 010001e8 00424242 0 1 ffffffc7
[W] 010001e8 1 1e 00424242
[F] 010001ec 00424eb7
[D] 010001ec 37 1d 00 04 4 00 00424000 04
[R] 00 04 00000000 00000000
[E] 010001ec 00424000 0
[M] 010001ec 00424000 0 0 00000000
[W] 010001ec 1 1d 00424000
[F] 010001f0 242e8e93
[D] 010001f0 13 1d 1d 02 0 12 00000242 02
[R] 1d 02 00424000 ffffffc7
[E] 010001f0 00424242 0
[M] 010001f0 00424242 0 0 ffffffc7
[W] 010001f0 1 1d 00424242
[F] 010001f4 01300193
[D] 010001f4 13 03 00 13 0 00 00000013 13
[R] 00 13 00000000 00000000
[E] 010001f4 00000013 0
[M] 010001f4 00000013 0 0 00000000
[W] 010001f4 1 03 00000013
[F] 010001f8 39df1663
[D] 010001f8 63 0c 1e 1d 1 1c 0000038c 1d
[R] 1e 1d 00424242 00424242
[E] 010001f8 01000584 0
[M] 010001f8 01000584 0 1 00424242
[W] 010001f8 0 0c 01000584
[F] 010001fc 212120b7
[D] 010001fc 37 01 00 12 2 10 21212000 12
[R] 00 12 00000000 00000000
[E] 010001fc 21212000 0
[M] 010001fc 21212000 0 2 00000000
[W] 010001fc 1 01 21212000
[F] 01000200 12108093
[D] 01000200 13 01 01 01 0 09 00000121 01
[R] 01 01 21212000 21212000
[E] 01000200 21212121 0
[M] 01000200 21212121 0 0 21212000
[W] 01000200 1 01 21212121
[F] 01000204 fce00113
[D] 01000204 13 02 00 0e 0 7e ffffffce 0e
[R] 00 0e 00000000 00000000
[E] 01000204 ffffffce 0
[M] 01000204 ffffffce 0 0 00000000
[W] 01000204 1 02 ffffffce
[F] 01000208 0020df33
[D] 01000208 33 1e 01 02 5 00 00000000 02
[R] 01 02 21212121 ffffffce
[E] 01000208 00008484 0
[M] 01000208 00008484 0 1 ffffffce
[W] 01000208 1 1e 00008484
[F] 0100020c 00008eb7
[D] 0100020c 37 1d 00 00 0 00 00008000 00
[R] 00 00 00000000 00000000
[E] 0100020c 00008000 0
[M] 0100020c 00008000 0 0 00000000
[W] 0100020c 1 1d 00008000
[F] 01000210 484e8e93
[D] 01000210 13 1d 1d 04 0 24 00000484 04
[R] 1d 04 00008000 00000000
[E] 01000210 00008484 0
[M] 01000210 00008484 0 0 00000000
[W] 01000210 1 1d 00008484
[F] 01000214 01400193
[D] 01000214 13 03 00 14 0 00 00000014 14
[R] 00 14 00000000 00000000
[E] 01000214 00000014 0
[M] 01000214 00000014 0 0 00000000
[W] 01000214 1 03 00000014
[F] 01000218 37df1663
[D] 01000218 63 0c 1e 1d 1 1b 0000036c 1d
[R] 1e 1d 00008484 00008484
[E] 01000218 01000584 0
[M] 01000218 01000584 0 1 00008484
[W] 01000218 0 0c 01000584
[F] 0100021c 212120b7
[D] 0100021c 37 01 00 12 2 10 21212000 12
[R] 00 12 00000000 00000000
[E] 0100021c 21212000 0
[M] 0100021c 21212000 0 2 00000000
[W] 0100021c 1 01 21212000
[F] 01000220 12108093
[D] 01000220 13 01 01 01 0 09 00000121 01
[R] 01 01 21212000 21212000
[E] 01000220 21212121 0
[M] 01000220 21212121 0 0 21212000
[W] 01000220 1 01 21212121
[F] 01000224 fff00113
[D] 01000224 13 02 00 1f 0 7f ffffffff 1f
[R] 00 1f 00000000 00000000
[E] 01000224 ffffffff 0
[M] 01000224 ffffffff 0 0 00000000
[W] 01000224 1 02 ffffffff
[F] 01000228 0020df33
[D] 01000228 33 1e 01 02 5 00 00000000 02
[R] 01 02 21212121 ffffffff
[E] 01000228 00000000 0
[M] 01000228 00000000 0 1 ffffffff
[W] 01000228 1 1e 00000000
[F] 0100022c 00000e93
[D] 0100022c 13 1d 00 00 0 00 00000000 00
[R] 00 00 00000000 00000000
[E] 0100022c 00000000 0
[M] 0100022c 00000000 0 0 00000000
[W] 0100022c 1 1d 00000000
[F] 01000230 01500193
[D] 01000230 13 03 00 15 0 00 00000015 15
[R] 00 15 00000000 00000000
[E] 01000230 00000015 0
[M] 01000230 00000015 0 0 00000000
[W] 01000230 1 03 00000015
[F] 01000234 35df1863
[D] 01000234 63 10 1e 1d 1 1a 00000350 1d
[R] 1e 1d 00000000 00000000
[E] 01000234 01000584 0
[M] 01000234 01000584 0 1 00000000
[W] 01000234 0 10 01000584
[F] 01000238 800000b7
[D] 01000238 37 01 00 00 0 40 80000000 00
[R] 00 00 00000000 00000000
[E] 01000238 80000000 0
[M] 01000238 80000000 0 0 00000000
[W] 01000238 1 01 80000000
[F] 0100023c 00700113
[D] 0100023c 13 02 00 07 0 00 00000007 07
[R] 00 07 00000000 00000000
[E] 0100023c 00000007 0
[M] 0100023c 00000007 0 0 00000000
[W] 0100023c 1 02 00000007
[F] 01000240 0020d0b3
[D] 01000240 33 01 01 02 5 00 00000000 02
[R] 01 02 80000000 00000007
[E] 01000240 01000000 0
[M] 01000240 01000000 0 1 00000007
[W] 01000240 1 01 01000000
[F] 01000244 01000eb7
[D] 01000244 37 1d 00 10 0 00 01000000 10
[R] 00 10 00000000 00000000
[E] 01000244 01000000 0
[M] 01000244 01000000 0 0 00000000
[W] 01000244 1 1d 01000000
[F] 01000248 01600193
[D] 01000248 13 03 00 16 0 00 00000016 16
[R] 00 16 00000000 00000000
[E] 01000248 00000016 0
[M] 01000248 00000016 0 0 00000000
[W] 01000248 1 03 00000016
[F] 0100024c 33d09c63
[D] 0100024c 63 18 01 1d 1 19 00000338 1d
[R] 01 1d 01000000 01000000
[E] 0100024c 01000584 0
[M] 0100024c 01000584 0 1 01000000
[W] 0100024c 0 18 01000584
[F] 01000250 800000b7
[D] 01000250 37 01 00 00 0 40 80000000 00
[R] 00 00 00000000 00000000
[E] 01000250 80000000 0
[M] 01000250 80000000 0 0 00000000
[W] 01000250 1 01 80000000
[F] 01000254 00e00113
[D] 01000254 13 02 00 0e 0 00 0000000e 0e
[R] 00 0e 00000000 00000000
[E] 01000254 0000000e 0
[M] 01000254 0000000e 0 0 00000000
[W] 01000254 1 02 0000000e
[F] 01000258 0020d133
[D] 01000258 33 02 01 02 5 00 00000000 02
[R] 01 02 80000000 0000000e
[E] 01000258 00020000 0
[M] 01000258 00020000 0 1 0000000e
[W] 01000258 1 02 00020000
[F] 0100025c 00020eb7
[D] 0100025c 37 1d 00 00 0 00 00020000 00
[R] 00 00 00000000 00000000
[E] 0100025c 00020000 0
[M] 0100025c 00020000 0 0 00000000
[W] 0100025c 1 1d 00020000
[F] 01000260 01700193
[D] 01000260 13 03 00 17 0 00 00000017 17
[R] 00 17 00000000 00000000
[E] 01000260 00000017 0
[M] 01000260 00000017 0 0 00000000
[W] 01000260 1 03 00000017
[F] 01000264 33d11063
[D] 01000264 63 00 02 1d 1 19 00000320 1d
[R] 02 1d 00020000 00020000
[E] 01000264 01000584 0
[M] 01000264 01000584 0 1 00020000
[W] 01000264 0 00 01000584
[F] 01000268 00700093
[D] 01000268 13 01 00 07 0 00 00000007 07
[R] 00 07 00000000 00000000
[E] 01000268 00000007 0
[M] 01000268 00000007 0 0 00000000
[W] 01000268 1 01 00000007
[F] 0100026c 0010d0b3
[D] 0100026c 33 01 01 01 5 00 00000000 01
[R] 01 01 00000007 00000007
[E] 0100026c 00000000 0
[M] 0100026c 00000000 0 1 00000007
[W] 0100026c 1 01 00000000
[F] 01000270 00000e93
[D] 01000270 13 1d 00 00 0 00 00000000 00
[R] 00 00 00000000 00000000
[E] 01000270 00000000 0
[M] 01000270 00000000 0 0 00000000
[W] 01000270 1 1d 00000000
[F] 01000274 01800193
[D] 01000274 13 03 00 18 0 00 00000018 18
[R] 00 18 00000000 00000000
[E] 01000274 00000018 0
[M] 01000274 00000018 0 0 00000000
[W] 01000274 1 03 00000018
[F] 01000278 31d09663
[D] 01000278 63 0c 01 1d 1 18 0000030c 1d
[R] 01 1d 00000000 00000000
[E] 01000278 01000584 0
[M] 01000278 01000584 0 1 00000000
[W] 01000278 0 0c 01000584
[F] 0100027c 00000213
[D] 0100027c 13 04 00 00 0 00 00000000 00
[R] 00 00 00000000 00000000
[E] 0100027c 00000000 0
[M] 0100027c 00000000 0 0 00000000
[W] 0100027c 1 04 00000000
[F] 01000280 800000b7
[D] 01000280 37 01 00 00 0 40 80000000 00
[R] 00 00 00000000 00000000
[E] 01000280 80000000 0
[M] 01000280 80000000 0 0 00000000
[W] 01000280 1 01 80000000
[F] 01000284 00700113
[D] 01000284 13 02 00 07 0 00 00000007 07
[R] 00 07 00000000 00000000
[E] 01000284 00000007 0
[M] 01000284 00000007 0 0 00000000
[W] 01000284 1 02 00000007
[F] 01000288 0020df33
[D] 01000288 33 1e 01 02 5 00 00000000 02
[R] 01 02 80000000 00000007
[E] 01000288 01000000 0
[M] 01000288 01000000 0 1 00000007
[W] 01000288 1 1e 01000000
[F] 0100028c 000f0313
[D] 0100028c 13 06 1e 00 0 00 00000000 00
[R] 1e 00 01000000 00000000
[E] 0100028c 01000000 0
[M] 0100028c 01000000 0 0 00000000
[W] 0100028c 1 06 01000000
[F] 01000290 00120213
[D] 01000290 13 04 04 01 0 00 00000001 01
[R] 04 01 00000000 80000000
[E] 01000290 00000001 0
[M] 01000290 00000001 0 0 80000000
[W] 01000290 1 04 00000001
[F] 01000294 00200293
[D] 01000294 13 05 00 02 0 00 00000002 02
[R] 00 02 00000000 00000007
[E] 01000294 00000002 0
[M] 01000294 00000002 0 0 00000007
[W] 01000294 1 05 00000002
[F] 01000298 fe5214e3
[D] 01000298 63 09 04 05 1 7f ffffffe8 05
[R] 04 05 00000001 00000002
[E] 01000298 01000280 0
[M] 01000298 01000280 0 1 00000002
[W] 01000298 0 09 01000280
[F] 01000280 800000b7
[D] 01000280 37 01 00 00 0 40 80000000 00
[R] 00 00 00000000 00000000
[E] 01000280 80000000 0
[M] 01000280 80000000 0 0 00000000
[W] 01000280 1 01 80000000
[F] 01000284 00700113
[D] 01000284 13 02 00 07 0 00 00000007 07
[R] 00 07 00000000 00000000
[E] 01000284 00000007 0
[M] 01000284 00000007 0 0 00000000
[W] 01000284 1 02 00000007
[F] 01000288 0020df33
[D] 01000288 33 1e 01 02 5 00 00000000 02
[R] 01 02 80000000 00000007
[E] 01000288 01000000 0
[M] 01000288 01000000 0 1 00000007
[W] 01000288 1 1e 01000000
[F] 0100028c 000f0313
[D] 0100028c 13 06 1e 00 0 00 00000000 00
[R] 1e 00 01000000 00000000
[E] 0100028c 01000000 0
[M] 0100028c 01000000 0 0 00000000
[W] 0100028c 1 06 01000000
[F] 01000290 00120213
[D] 01000290 13 04 04 01 0 00 00000001 01
[R] 04 01 00000001 80000000
[E] 01000290 00000002 0
[M] 01000290 00000002 0 0 80000000
[W] 01000290 1 04 00000002
[F] 01000294 00200293
[D] 01000294 13 05 00 02 0 00 00000002 02
[R] 00 02 00000000 00000007
[E] 01000294 00000002 0
[M] 01000294 00000002 0 0 00000007
[W] 01000294 1 05 00000002
[F] 01000298 fe5214e3
[D] 01000298 63 09 04 05 1 7f ffffffe8 05
[R] 04 05 00000002 00000002
[E] 01000298 01000280 0
[M] 01000298 01000280 0 1 00000002
[W] 01000298 0 09 01000280
[F] 0100029c 01000eb7
[D] 0100029c 37 1d 00 10 0 00 01000000 10
[R] 00 10 00000000 00000000
[E] 0100029c 01000000 0
[M] 0100029c 01000000 0 0 00000000
[W] 0100029c 1 1d 01000000
[F] 010002a0 01900193
[D] 010002a0 13 03 00 19 0 00 00000019 19
[R] 00 19 00000000 00000000
[E] 010002a0 00000019 0
[M] 010002a0 00000019 0 0 00000000
[W] 010002a0 1 03 00000019
[F] 010002a4 2fd31063
[D] 010002a4 63 00 06 1d 1 17 000002e0 1d
[R] 06 1d 01000000 01000000
[E] 010002a4 01000584 0
[M] 010002a4 01000584 0 1 01000000
[W] 010002a4 0 00 01000584
[F] 010002a8 00000213
[D] 010002a8 13 04 00 00 0 00 00000000 00
[R] 00 00 00000000 00000000
[E] 010002a8 00000000 0
[M] 010002a8 00000000 0 0 00000000
[W] 010002a8 1 04 00000000
[F] 010002ac 800000b7
[D] 010002ac 37 01 00 00 0 40 80000000 00
[R] 00 00 00000000 00000000
[E] 010002ac 80000000 0
[M] 010002ac 80000000 0 0 00000000
[W] 010002ac 1 01 80000000
[F] 010002b0 00e00113
[D] 010002b0 13 02 00 0e 0 00 0000000e 0e
[R] 00 0e 00000000 00000000
[E] 010002b0 0000000e 0
[M] 010002b0 0000000e 0 0 00000000
[W] 010002b0 1 02 0000000e
[F] 010002b4 0020df33
[D] 010002b4 33 1e 01 02 5 00 00000000 02
[R] 01 02 80000000 0000000e
[E] 010002b4 00020000 0
[M] 010002b4 00020000 0 1 0000000e
[W] 010002b4 1 1e 00020000
[F] 010002b8 00000013
[D] 010002b8 13 00 00 00 0 00 00000000 00
[R] 00 00 00000000 00000000
[E] 010002b8 00000000 0
[M] 010002b8 00000000 0 0 00000000
[W] 010002b8 1 00 00000000
[F] 010002bc 000f0313
[D] 010002bc 13 06 1e 00 0 00 00000000 00
[R] 1e 00 00020000 00000000
[E] 010002bc 00020000 0
[M] 010002bc 00020000 0 0 00000000
[W] 010002bc 1 06 00020000
[F] 010002c0 00120213
[D] 010002c0 13 04 04 01 0 00 00000001 01
[R] 04 01 00000000 80000000
[E] 010002c0 00000001 0
[M] 010002c0 00000001 0 0 80000000
[W] 010002c0 1 04 00000001
[F] 010002c4 00200293
[D] 010002c4 13 05 00 02 0 00 00000002 02
[R] 00 02 00000000 0000000e
[E] 010002c4 00000002 0
[M] 010002c4 00000002 0 0 0000000e
[W] 010002c4 1 05 00000002
[F] 010002c8 fe5212e3
[D] 010002c8 63 05 04 05 1 7f ffffffe4 05
[R] 04 05 00000001 00000002
[E] 010002c8 010002ac 0
[M] 010002c8 010002ac 0 1 00000002
[W] 010002c8 0 05 010002ac
[F] 010002ac 800000b7
[D] 010002ac 37 01 00 00 0 40 80000000 00
[R] 00 00 00000000 00000000
[E] 010002ac 80000000 0
[M] 010002ac 80000000 0 0 00000000
[W] 010002ac 1 01 80000000
[F] 010002b0 00e00113
[D] 010002b0 13 02 00 0e 0 00 0000000e 0e
[R] 00 0e 00000000 00000000
[E] 010002b0 0000000e 0
[M] 010002b0 0000000e 0 0 00000000
[W] 010002b0 1 02 0000000e
[F] 010002b4 0020df33
[D] 010002b4 33 1e 01 02 5 00 00000000 02
[R] 01 02 80000000 0000000e
[E] 010002b4 00020000 0
[M] 010002b4 00020000 0 1 0000000e
[W] 010002b4 1 1e 00020000
[F] 010002b8 00000013
[D] 010002b8 13 00 00 00 0 00 00000000 00
[R] 00 00 00000000 00000000
[E] 010002b8 00000000 0
[M] 010002b8 00000000 0 0 00000000
[W] 010002b8 1 00 00000000
[F] 010002bc 000f0313
[D] 010002bc 13 06 1e 00 0 00 00000000 00
[R] 1e 00 00020000 00000000
[E] 010002bc 00020000 0
[M] 010002bc 00020000 0 0 00000000
[W] 010002bc 1 06 00020000
[F] 010002c0 00120213
[D] 010002c0 13 04 04 01 0 00 00000001 01
[R] 04 01 00000001 80000000
[E] 010002c0 00000002 0
[M] 010002c0 00000002 0 0 80000000
[W] 010002c0 1 04 00000002
[F] 010002c4 00200293
[D] 010002c4 13 05 00 02 0 00 00000002 02
[R] 00 02 00000000 0000000e
[E] 010002c4 00000002 0
[M] 010002c4 00000002 0 0 0000000e
[W] 010002c4 1 05 00000002
[F] 010002c8 fe5212e3
[D] 010002c8 63 05 04 05 1 7f ffffffe4 05
[R] 04 05 00000002 00000002
[E] 010002c8 010002ac 0
[M] 010002c8 010002ac 0 1 00000002
[W] 010002c8 0 05 010002ac
[F] 010002cc 00020eb7
[D] 010002cc 37 1d 00 00 0 00 00020000 00
[R] 00 00 00000000 00000000
[E] 010002cc 00020000 0
[M] 010002cc 00020000 0 0 00000000
[W] 010002cc 1 1d 00020000
[F] 010002d0 01a00193
[D] 010002d0 13 03 00 1a 0 00 0000001a 1a
[R] 00 1a 00000000 00000000
[E] 010002d0 0000001a 0
[M] 010002d0 0000001a 0 0 00000000
[W] 010002d0 1 03 0000001a
[F] 010002d4 2bd31863
[D] 010002d4 63 10 06 1d 1 15 000002b0 1d
[R] 06 1d 00020000 00020000
[E] 010002d4 01000584 0
[M] 010002d4 01000584 0 1 00020000
[W] 010002d4 0 10 01000584
[F] 010002d8 00000213
[D] 010002d8 13 04 00 00 0 00 00000000 00
[R] 00 00 00000000 00000000
[E] 010002d8 00000000 0
[M] 010002d8 00000000 0 0 00000000
[W] 010002d8 1 04 00000000
[F] 010002dc 800000b7
[D] 010002dc 37 01 00 00 0 40 80000000 00
[R] 00 00 00000000 00000000
[E] 010002dc 80000000 0
[M] 010002dc 80000000 0 0 00000000
[W] 010002dc 1 01 80000000
[F] 010002e0 01f00113
[D] 010002e0 13 02 00 1f 0 00 0000001f 1f
[R] 00 1f 00000000 00000000
[E] 010002e0 0000001f 0
[M] 010002e0 0000001f 0 0 00000000
[W] 010002e0 1 02 0000001f
[F] 010002e4 0020df33
[D] 010002e4 33 1e 01 02 5 00 00000000 02
[R] 01 02 80000000 0000001f
[E] 010002e4 00000001 0
[M] 010002e4 00000001 0 1 0000001f
[W] 010002e4 1 1e 00000001
[F] 010002e8 00000013
[D] 010002e8 13 00 00 00 0 00 00000000 00
[R] 00 00 00000000 00000000
[E] 010002e8 00000000 0
[M] 010002e8 00000000 0 0 00000000
[W] 010002e8 1 00 00000000
[F] 010002ec 00000013
[D] 010002ec 13 00 00 00 0 00 00000000 00
[R] 00 00 00000000 00000000
[E] 010002ec 00000000 0
[M] 010002ec 00000000 0 0 00000000
[W] 010002ec 1 00 00000000
[F] 010002f0 000f0313
[D] 010002f0 13 06 1e 00 0 00 00000000 00
[R] 1e 00 00000001 00000000
[E] 010002f0 00000001 0
[M] 010002f0 00000001 0 0 00000000
[W] 010002f0 1 06 00000001
[F] 010002f4 00120213
[D] 010002f4 13 04 04 01 0 00 00000001 01
[R] 04 01 00000000 80000000
[E] 010002f4 00000001 0
[M] 010002f4 00000001 0 0 80000000
[W] 010002f4 1 04 00000001
[F] 010002f8 00200293
[D] 010002f8 13 05 00 02 0 00 00000002 02
[R] 00 02 00000000 0000001f
[E] 010002f8 00000002 0
[M] 010002f8 00000002 0 0 0000001f
[W] 010002f8 1 05 00000002
[F] 010002fc fe5210e3
[D] 010002fc 63 01 04 05 1 7f ffffffe0 05
[R] 04 05 00000001 00000002
[E] 010002fc 010002dc 0
[M] 010002fc 010002dc 0 1 00000002
[W] 010002fc 0 01 010002dc
[F] 010002dc 800000b7
[D] 010002dc 37 01 00 00 0 40 80000000 00
[R] 00 00 00000000 00000000
[E] 010002dc 80000000 0
[M] 010002dc 80000000 0 0 00000000
[W] 010002dc 1 01 80000000
[F] 010002e0 01f00113
[D] 010002e0 13 02 00 1f 0 00 0000001f 1f
[R] 00 1f 00000000 00000000
[E] 010002e0 0000001f 0
[M] 010002e0 0000001f 0 0 00000000
[W] 010002e0 1 02 0000001f
[F] 010002e4 0020df33
[D] 010002e4 33 1e 01 02 5 00 00000000 02
[R] 01 02 80000000 0000001f
[E] 010002e4 00000001 0
[M] 010002e4 00000001 0 1 0000001f
[W] 010002e4 1 1e 00000001
[F] 010002e8 00000013
[D] 010002e8 13 00 00 00 0 00 00000000 00
[R] 00 00 00000000 00000000
[E] 010002e8 00000000 0
[M] 010002e8 00000000 0 0 00000000
[W] 010002e8 1 00 00000000
[F] 010002ec 00000013
[D] 010002ec 13 00 00 00 0 00 00000000 00
[R] 00 00 00000000 00000000
[E] 010002ec 00000000 0
[M] 010002ec 00000000 0 0 00000000
[W] 010002ec 1 00 00000000
[F] 010002f0 000f0313
[D] 010002f0 13 06 1e 00 0 00 00000000 00
[R] 1e 00 00000001 00000000
[E] 010002f0 00000001 0
[M] 010002f0 00000001 0 0 00000000
[W] 010002f0 1 06 00000001
[F] 010002f4 00120213
[D] 010002f4 13 04 04 01 0 00 00000001 01
[R] 04 01 00000001 80000000
[E] 010002f4 00000002 0
[M] 010002f4 00000002 0 0 80000000
[W] 010002f4 1 04 00000002
[F] 010002f8 00200293
[D] 010002f8 13 05 00 02 0 00 00000002 02
[R] 00 02 00000000 0000001f
[E] 010002f8 00000002 0
[M] 010002f8 00000002 0 0 0000001f
[W] 010002f8 1 05 00000002
[F] 010002fc fe5210e3
[D] 010002fc 63 01 04 05 1 7f ffffffe0 05
[R] 04 05 00000002 00000002
[E] 010002fc 010002dc 0
[M] 010002fc 010002dc 0 1 00000002
[W] 010002fc 0 01 010002dc
[F] 01000300 00100e93
[D] 01000300 13 1d 00 01 0 00 00000001 01
[R] 00 01 00000000 80000000
[E] 01000300 00000001 0
[M] 01000300 00000001 0 0 80000000
[W] 01000300 1 1d 00000001
[F] 01000304 01b00193
[D] 01000304 13 03 00 1b 0 00 0000001b 1b
[R] 00 1b 00000000 00000000
[E] 01000304 0000001b 0
[M] 01000304 0000001b 0 0 00000000
[W] 01000304 1 03 0000001b
[F] 01000308 27d31e63
[D] 01000308 63 1c 06 1d 1 13 0000027c 1d
[R] 06 1d 00000001 00000001
[E] 01000308 01000584 0
[M] 01000308 01000584 0 1 00000001
[W] 01000308 0 1c 01000584
[F] 0100030c 00000213
[D] 0100030c 13 04 00 00 0 00 00000000 00
[R] 00 00 00000000 00000000
[E] 0100030c 00000000 0
[M] 0100030c 00000000 0 0 00000000
[W] 0100030c 1 04 00000000
[F] 01000310 800000b7
[D] 01000310 37 01 00 00 0 40 80000000 00
[R] 00 00 00000000 00000000
[E] 01000310 80000000 0
[M] 01000310 80000000 0 0 00000000
[W] 01000310 1 01 80000000
[F] 01000314 00700113
[D] 01000314 13 02 00 07 0 00 00000007 07
[R] 00 07 00000000 00000000
[E] 01000314 00000007 0
[M] 01000314 00000007 0 0 00000000
[W] 01000314 1 02 00000007
[F] 01000318 0020df33
[D] 01000318 33 1e 01 02 5 00 00000000 02
[R] 01 02 80000000 00000007
[E] 01000318 01000000 0
[M] 01000318 01000000 0 1 00000007
[W] 01000318 1 1e 01000000
[F] 0100031c 00120213
[D] 0100031c 13 04 04 01 0 00 00000001 01
[R] 04 01 00000000 80000000
[E] 0100031c 00000001 0
[M] 0100031c 00000001 0 0 80000000
[W] 0100031c 1 04 00000001
[F] 01000320 00200293
[D] 01000320 13 05 00 02 0 00 00000002 02
[R] 00 02 00000000 00000007
[E] 01000320 00000002 0
[M] 01000320 00000002 0 0 00000007
[W] 01000320 1 05 00000002
[F] 01000324 fe5216e3
[D] 01000324 63 0d 04 05 1 7f ffffffec 05
[R] 04 05 00000001 00000002
[E] 01000324 01000310 0
[M] 01000324 01000310 0 1 00000002
[W] 01000324 0 0d 01000310
[F] 01000310 800000b7
[D] 01000310 37 01 00 00 0 40 80000000 00
[R] 00 00 00000000 00000000
[E] 01000310 80000000 0
[M] 01000310 80000000 0 0 00000000
[W] 01000310 1 01 80000000
[F] 01000314 00700113
[D] 01000314 13 02 00 07 0 00 00000007 07
[R] 00 07 00000000 00000000
[E] 01000314 00000007 0
[M] 01000314 00000007 0 0 00000000
[W] 01000314 1 02 00000007
[F] 01000318 0020df33
[D] 01000318 33 1e 01 02 5 00 00000000 02
[R] 01 02 80000000 00000007
[E] 01000318 01000000 0
[M] 01000318 01000000 0 1 00000007
[W] 01000318 1 1e 01000000
[F] 0100031c 00120213
[D] 0100031c 13 04 04 01 0 00 00000001 01
[R] 04 01 00000001 80000000
[E] 0100031c 00000002 0
[M] 0100031c 00000002 0 0 80000000
[W] 0100031c 1 04 00000002
[F] 01000320 00200293
[D] 01000320 13 05 00 02 0 00 00000002 02
[R] 00 02 00000000 00000007
[E] 01000320 00000002 0
[M] 01000320 00000002 0 0 00000007
[W] 01000320 1 05 00000002
[F] 01000324 fe5216e3
[D] 01000324 63 0d 04 05 1 7f ffffffec 05
[R] 04 05 00000002 00000002
[E] 01000324 01000310 0
[M] 01000324 01000310 0 1 00000002
[W] 01000324 0 0d 01000310
[F] 01000328 01000eb7
[D] 01000328 37 1d 00 10 0 00 01000000 10
[R] 00 10 00000000 00000000
[E] 01000328 01000000 0
[M] 01000328 01000000 0 0 00000000
[W] 01000328 1 1d 01000000
[F] 0100032c 01c00193
[D] 0100032c 13 03 00 1c 0 00 0000001c 1c
[R] 00 1c 00000000 00000000
[E] 0100032c 0000001c 0
[M] 0100032c 0000001c 0 0 00000000
[W] 0100032c 1 03 0000001c
[F] 01000330 25df1a63
[D] 01000330 63 14 1e 1d 1 12 00000254 1d
[R] 1e 1d 01000000 01000000
[E] 01000330 01000584 0
[M] 01000330 01000584 0 1 01000000
[W] 01000330 0 14 01000584
[F] 01000334 00000213
[D] 01000334 13 04 00 00 0 00 00000000 00
[R] 00 00 00000000 00000000
[E] 01000334 00000000 0
[M] 01000334 00000000 0 0 00000000
[W] 01000334 1 04 00000000
[F] 01000338 800000b7
[D] 01000338 37 01 00 00 0 40 80000000 00
[R] 00 00 00000000 00000000
[E] 01000338 80000000 0
[M] 01000338 80000000 0 0 00000000
[W] 01000338 1 01 80000000
[F] 0100033c 00e00113
[D] 0100033c 13 02 00 0e 0 00 0000000e 0e
[R] 00 0e 00000000 00000000
[E] 0100033c 0000000e 0
[M] 0100033c 0000000e 0 0 00000000
[W] 0100033c 1 02 0000000e
[F] 01000340 00000013
[D] 01000340 13 00 00 00 0 00 00000000 00
[R] 00 00 00000000 00000000
[E] 01000340 00000000 0
[M] 01000340 00000000 0 0 00000000
[W] 01000340 1 00 00000000
[F] 01000344 0020df33
[D] 01000344 33 1e 01 02 5 00 00000000 02
[R] 01 02 80000000 0000000e
[E] 01000344 00020000 0
[M] 01000344 00020000 0 1 0000000e
[W] 01000344 1 1e 00020000
[F] 01000348 00120213
[D] 01000348 13 04 04 01 0 00 00000001 01
[R] 04 01 00000000 80000000
[E] 01000348 00000001 0
[M] 01000348 00000001 0 0 80000000
[W] 01000348 1 04 00000001
[F] 0100034c 00200293
[D] 0100034c 13 05 00 02 0 00 00000002 02
[R] 00 02 00000000 0000000e
[E] 0100034c 00000002 0
[M] 0100034c 00000002 0 0 0000000e
[W] 0100034c 1 05 00000002
[F] 01000350 fe5214e3
[D] 01000350 63 09 04 05 1 7f ffffffe8 05
[R] 04 05 00000001 00000002
[E] 01000350 01000338 0
[M] 01000350 01000338 0 1 00000002
[W] 01000350 0 09 01000338
[F] 01000338 800000b7
[D] 01000338 37 01 00 00 0 40 80000000 00
[R] 00 00 00000000 00000000
[E] 01000338 80000000 0
[M] 01000338 80000000 0 0 00000000
[W] 01000338 1 01 80000000
[F] 0100033c 00e00113
[D] 0100033c 13 02 00 0e 0 00 0000000e 0e
[R] 00 0e 00000000 00000000
[E] 0100033c 0000000e 0
[M] 0100033c 0000000e 0 0 00000000
[W] 0100033c 1 02 0000000e
[F] 01000340 00000013
[D] 01000340 13 00 00 00 0 00 00000000 00
[R] 00 00 00000000 00000000
[E] 01000340 00000000 0
[M] 01000340 00000000 0 0 00000000
[W] 01000340 1 00 00000000
[F] 01000344 0020df33
[D] 01000344 33 1e 01 02 5 00 00000000 02
[R] 01 02 80000000 0000000e
[E] 01000344 00020000 0
[M] 01000344 00020000 0 1 0000000e
[W] 01000344 1 1e 00020000
[F] 01000348 00120213
[D] 01000348 13 04 04 01 0 00 00000001 01
[R] 04 01 00000001 80000000
[E] 01000348 00000002 0
[M] 01000348 00000002 0 0 80000000
[W] 01000348 1 04 00000002
[F] 0100034c 00200293
[D] 0100034c 13 05 00 02 0 00 00000002 02
[R] 00 02 00000000 0000000e
[E] 0100034c 00000002 0
[M] 0100034c 00000002 0 0 0000000e
[W] 0100034c 1 05 00000002
[F] 01000350 fe5214e3
[D] 01000350 63 09 04 05 1 7f ffffffe8 05
[R] 04 05 00000002 00000002
[E] 01000350 01000338 0
[M] 01000350 01000338 0 1 00000002
[W] 01000350 0 09 01000338
[F] 01000354 00020eb7
[D] 01000354 37 1d 00 00 0 00 00020000 00
[R] 00 00 00000000 00000000
[E] 01000354 00020000 0
[M] 01000354 00020000 0 0 00000000
[W] 01000354 1 1d 00020000
[F] 01000358 01d00193
[D] 01000358 13 03 00 1d 0 00 0000001d 1d
[R] 00 1d 00000000 00020000
[E] 01000358 0000001d 0
[M] 01000358 0000001d 0 0 00020000
[W] 01000358 1 03 0000001d
[F] 0100035c 23df1463
[D] 0100035c 63 08 1e 1d 1 11 00000228 1d
[R] 1e 1d 00020000 00020000
[E] 0100035c 01000584 0
[M] 0100035c 01000584 0 1 00020000
[W] 0100035c 0 08 01000584
[F] 01000360 00000213
[D] 01000360 13 04 00 00 0 00 00000000 00
[R] 00 00 00000000 00000000
[E] 01000360 00000000 0
[M] 01000360 00000000 0 0 00000000
[W] 01000360 1 04 00000000
[F] 01000364 800000b7
[D] 01000364 37 01 00 00 0 40 80000000 00
[R] 00 00 00000000 00000000
[E] 01000364 80000000 0
[M] 01000364 80000000 0 0 00000000
[W] 01000364 1 01 80000000
[F] 01000368 01f00113
[D] 01000368 13 02 00 1f 0 00 0000001f 1f
[R] 00 1f 00000000 00000000
[E] 01000368 0000001f 0
[M] 01000368 0000001f 0 0 00000000
[W] 01000368 1 02 0000001f
[F] 0100036c 00000013
[D] 0100036c 13 00 00 00 0 00 00000000 00
[R] 00 00 00000000 00000000
[E] 0100036c 00000000 0
[M] 0100036c 00000000 0 0 00000000
[W] 0100036c 1 00 00000000
[F] 01000370 00000013
[D] 01000370 13 00 00 00 0 00 00000000 00
[R] 00 00 00000000 00000000
[E] 01000370 00000000 0
[M] 01000370 00000000 0 0 00000000
[W] 01000370 1 00 00000000
[F] 01000374 0020df33
[D] 01000374 33 1e 01 02 5 00 00000000 02
[R] 01 02 80000000 0000001f
[E] 01000374 00000001 0
[M] 01000374 00000001 0 1 0000001f
[W] 01000374 1 1e 00000001
[F] 01000378 00120213
[D] 01000378 13 04 04 01 0 00 00000001 01
[R] 04 01 00000000 80000000
[E] 01000378 00000001 0
[M] 01000378 00000001 0 0 80000000
[W] 01000378 1 04 00000001
[F] 0100037c 00200293
[D] 0100037c 13 05 00 02 0 00 00000002 02
[R] 00 02 00000000 0000001f
[E] 0100037c 00000002 0
[M] 0100037c 00000002 0 0 0000001f
[W] 0100037c 1 05 00000002
[F] 01000380 fe5212e3
[D] 01000380 63 05 04 05 1 7f ffffffe4 05
[R] 04 05 00000001 00000002
[E] 01000380 01000364 0
[M] 01000380 01000364 0 1 00000002
[W] 01000380 0 05 01000364
[F] 01000364 800000b7
[D] 01000364 37 01 00 00 0 40 80000000 00
[R] 00 00 00000000 00000000
[E] 01000364 80000000 0
[M] 01000364 80000000 0 0 00000000
[W] 01000364 1 01 80000000
[F] 01000368 01f00113
[D] 01000368 13 02 00 1f 0 00 0000001f 1f
[R] 00 1f 00000000 00000000
[E] 01000368 0000001f 0
[M] 01000368 0000001f 0 0 00000000
[W] 01000368 1 02 0000001f
[F] 0100036c 00000013
[D] 0100036c 13 00 00 00 0 00 00000000 00
[R] 00 00 00000000 00000000
[E] 0100036c 00000000 0
[M] 0100036c 00000000 0 0 00000000
[W] 0100036c 1 00 00000000
[F] 01000370 00000013
[D] 01000370 13 00 00 00 0 00 00000000 00
[R] 00 00 00000000 00000000
[E] 01000370 00000000 0
[M] 01000370 00000000 0 0 00000000
[W] 01000370 1 00 00000000
[F] 01000374 0020df33
[D] 01000374 33 1e 01 02 5 00 00000000 02
[R] 01 02 80000000 0000001f
[E] 01000374 00000001 0
[M] 01000374 00000001 0 1 0000001f
[W] 01000374 1 1e 00000001
[F] 01000378 00120213
[D] 01000378 13 04 04 01 0 00 00000001 01
[R] 04 01 00000001 80000000
[E] 01000378 00000002 0
[M] 01000378 00000002 0 0 80000000
[W] 01000378 1 04 00000002
[F] 0100037c 00200293
[D] 0100037c 13 05 00 02 0 00 00000002 02
[R] 00 02 00000000 0000001f
[E] 0100037c 00000002 0
[M] 0100037c 00000002 0 0 0000001f
[W] 0100037c 1 05 00000002
[F] 01000380 fe5212e3
[D] 01000380 63 05 04 05 1 7f ffffffe4 05
[R] 04 05 00000002 00000002
[E] 01000380 01000364 0
[M] 01000380 01000364 0 1 00000002
[W] 01000380 0 05 01000364
[F] 01000384 00100e93
[D] 01000384 13 1d 00 01 0 00 00000001 01
[R] 00 01 00000000 80000000
[E] 01000384 00000001 0
[M] 01000384 00000001 0 0 80000000
[W] 01000384 1 1d 00000001
[F] 01000388 01e00193
[D] 01000388 13 03 00 1e 0 00 0000001e 1e
[R] 00 1e 00000000 00000001
[E] 01000388 0000001e 0
[M] 01000388 0000001e 0 0 00000001
[W] 01000388 1 03 0000001e
[F] 0100038c 1fdf1c63
[D] 0100038c 63 18 1e 1d 1 0f 000001f8 1d
[R] 1e 1d 00000001 00000001
[E] 0100038c 01000584 0
[M] 0100038c 01000584 0 1 00000001
[W] 0100038c 0 18 01000584
[F] 01000390 00000213
[D] 01000390 13 04 00 00 0 00 00000000 00
[R] 00 00 00000000 00000000
[E] 01000390 00000000 0
[M] 01000390 00000000 0 0 00000000
[W] 01000390 1 04 00000000
[F] 01000394 800000b7
[D] 01000394 37 01 00 00 0 40 80000000 00
[R] 00 00 00000000 00000000
[E] 01000394 80000000 0
[M] 01000394 80000000 0 0 00000000
[W] 01000394 1 01 80000000
[F] 01000398 00000013
[D] 01000398 13 00 00 00 0 00 00000000 00
[R] 00 00 00000000 00000000
[E] 01000398 00000000 0
[M] 01000398 00000000 0 0 00000000
[W] 01000398 1 00 00000000
[F] 0100039c 00700113
[D] 0100039c 13 02 00 07 0 00 00000007 07
[R] 00 07 00000000 00000000
[E] 0100039c 00000007 0
[M] 0100039c 00000007 0 0 00000000
[W] 0100039c 1 02 00000007
[F] 010003a0 0020df33
[D] 010003a0 33 1e 01 02 5 00 00000000 02
[R] 01 02 80000000 00000007
[E] 010003a0 01000000 0
[M] 010003a0 01000000 0 1 00000007
[W] 010003a0 1 1e 01000000
[F] 010003a4 00120213
[D] 010003a4 13 04 04 01 0 00 00000001 01
[R] 04 01 00000000 80000000
[E] 010003a4 00000001 0
[M] 010003a4 00000001 0 0 80000000
[W] 010003a4 1 04 00000001
[F] 010003a8 00200293
[D] 010003a8 13 05 00 02 0 00 00000002 02
[R] 00 02 00000000 00000007
[E] 010003a8 00000002 0
[M] 010003a8 00000002 0 0 00000007
[W] 010003a8 1 05 00000002
[F] 010003ac fe5214e3
[D] 010003ac 63 09 04 05 1 7f ffffffe8 05
[R] 04 05 00000001 00000002
[E] 010003ac 01000394 0
[M] 010003ac 01000394 0 1 00000002
[W] 010003ac 0 09 01000394
[F] 01000394 800000b7
[D] 01000394 37 01 00 00 0 40 80000000 00
[R] 00 00 00000000 00000000
[E] 01000394 80000000 0
[M] 01000394 80000000 0 0 00000000
[W] 01000394 1 01 80000000
[F] 01000398 00000013
[D] 01000398 13 00 00 00 0 00 00000000 00
[R] 00 00 00000000 00000000
[E] 01000398 00000000 0
[M] 01000398 00000000 0 0 00000000
[W] 01000398 1 00 00000000
[F] 0100039c 00700113
[D] 0100039c 13 02 00 07 0 00 00000007 07
[R] 00 07 00000000 00000000
[E] 0100039c 00000007 0
[M] 0100039c 00000007 0 0 00000000
[W] 0100039c 1 02 00000007
[F] 010003a0 0020df33
[D] 010003a0 33 1e 01 02 5 00 00000000 02
[R] 01 02 80000000 00000007
[E] 010003a0 01000000 0
[M] 010003a0 01000000 0 1 00000007
[W] 010003a0 1 1e 01000000
[F] 010003a4 00120213
[D] 010003a4 13 04 04 01 0 00 00000001 01
[R] 04 01 00000001 80000000
[E] 010003a4 00000002 0
[M] 010003a4 00000002 0 0 80000000
[W] 010003a4 1 04 00000002
[F] 010003a8 00200293
[D] 010003a8 13 05 00 02 0 00 00000002 02
[R] 00 02 00000000 00000007
[E] 010003a8 00000002 0
[M] 010003a8 00000002 0 0 00000007
[W] 010003a8 1 05 00000002
[F] 010003ac fe5214e3
[D] 010003ac 63 09 04 05 1 7f ffffffe8 05
[R] 04 05 00000002 00000002
[E] 010003ac 01000394 0
[M] 010003ac 01000394 0 1 00000002
[W] 010003ac 0 09 01000394
[F] 010003b0 01000eb7
[D] 010003b0 37 1d 00 10 0 00 01000000 10
[R] 00 10 00000000 00000000
[E] 010003b0 01000000 0
[M] 010003b0 01000000 0 0 00000000
[W] 010003b0 1 1d 01000000
[F] 010003b4 01f00193
[D] 010003b4 13 03 00 1f 0 00 0000001f 1f
[R] 00 1f 00000000 00000000
[E] 010003b4 0000001f 0
[M] 010003b4 0000001f 0 0 00000000
[W] 010003b4 1 03 0000001f
[F] 010003b8 1ddf1663
[D] 010003b8 63 0c 1e 1d 1 0e 000001cc 1d
[R] 1e 1d 01000000 01000000
[E] 010003b8 01000584 0
[M] 010003b8 01000584 0 1 01000000
[W] 010003b8 0 0c 01000584
[F] 010003bc 00000213
[D] 010003bc 13 04 00 00 0 00 00000000 00
[R] 00 00 00000000 00000000
[E] 010003bc 00000000 0
[M] 010003bc 00000000 0 0 00000000
[W] 010003bc 1 04 00000000
[F] 010003c0 800000b7
[D] 010003c0 37 01 00 00 0 40 80000000 00
[R] 00 00 00000000 00000000
[E] 010003c0 80000000 0
[M] 010003c0 80000000 0 0 00000000
[W] 010003c0 1 01 80000000
[F] 010003c4 00000013
[D] 010003c4 13 00 00 00 0 00 00000000 00
[R] 00 00 00000000 00000000
[E] 010003c4 00000000 0
[M] 010003c4 00000000 0 0 00000000
[W] 010003c4 1 00 00000000
[F] 010003c8 00e00113
[D] 010003c8 13 02 00 0e 0 00 0000000e 0e
[R] 00 0e 00000000 00000000
[E] 010003c8 0000000e 0
[M] 010003c8 0000000e 0 0 00000000
[W] 010003c8 1 02 0000000e
[F] 010003cc 00000013
[D] 010003cc 13 00 00 00 0 00 00000000 00
[R] 00 00 00000000 00000000
[E] 010003cc 00000000 0
[M] 010003cc 00000000 0 0 00000000
[W] 010003cc 1 00 00000000
[F] 010003d0 0020df33
[D] 010003d0 33 1e 01 02 5 00 00000000 02
[R] 01 02 80000000 0000000e
[E] 010003d0 00020000 0
[M] 010003d0 00020000 0 1 0000000e
[W] 010003d0 1 1e 00020000
[F] 010003d4 00120213
[D] 010003d4 13 04 04 01 0 00 00000001 01
[R] 04 01 00000000 80000000
[E] 010003d4 00000001 0
[M] 010003d4 00000001 0 0 80000000
[W] 010003d4 1 04 00000001
[F] 010003d8 00200293
[D] 010003d8 13 05 00 02 0 00 00000002 02
[R] 00 02 00000000 0000000e
[E] 010003d8 00000002 0
[M] 010003d8 00000002 0 0 0000000e
[W] 010003d8 1 05 00000002
[F] 010003dc fe5212e3
[D] 010003dc 63 05 04 05 1 7f ffffffe4 05
[R] 04 05 00000001 00000002
[E] 010003dc 010003c0 0
[M] 010003dc 010003c0 0 1 00000002
[W] 010003dc 0 05 010003c0
[F] 010003c0 800000b7
[D] 010003c0 37 01 00 00 0 40 80000000 00
[R] 00 00 00000000 00000000
[E] 010003c0 80000000 0
[M] 010003c0 80000000 0 0 00000000
[W] 010003c0 1 01 80000000
[F] 010003c4 00000013
[D] 010003c4 13 00 00 00 0 00 00000000 00
[R] 00 00 00000000 00000000
[E] 010003c4 00000000 0
[M] 010003c4 00000000 0 0 00000000
[W] 010003c4 1 00 00000000
[F] 010003c8 00e00113
[D] 010003c8 13 02 00 0e 0 00 0000000e 0e
[R] 00 0e 00000000 00000000
[E] 010003c8 0000000e 0
[M] 010003c8 0000000e 0 0 00000000
[W] 010003c8 1 02 0000000e
[F] 010003cc 00000013
[D] 010003cc 13 00 00 00 0 00 00000000 00
[R] 00 00 00000000 00000000
[E] 010003cc 00000000 0
[M] 010003cc 00000000 0 0 00000000
[W] 010003cc 1 00 00000000
[F] 010003d0 0020df33
[D] 010003d0 33 1e 01 02 5 00 00000000 02
[R] 01 02 80000000 0000000e
[E] 010003d0 00020000 0
[M] 010003d0 00020000 0 1 0000000e
[W] 010003d0 1 1e 00020000
[F] 010003d4 00120213
[D] 010003d4 13 04 04 01 0 00 00000001 01
[R] 04 01 00000001 80000000
[E] 010003d4 00000002 0
[M] 010003d4 00000002 0 0 80000000
[W] 010003d4 1 04 00000002
[F] 010003d8 00200293
[D] 010003d8 13 05 00 02 0 00 00000002 02
[R] 00 02 00000000 0000000e
[E] 010003d8 00000002 0
[M] 010003d8 00000002 0 0 0000000e
[W] 010003d8 1 05 00000002
[F] 010003dc fe5212e3
[D] 010003dc 63 05 04 05 1 7f ffffffe4 05
[R] 04 05 00000002 00000002
[E] 010003dc 010003c0 0
[M] 010003dc 010003c0 0 1 00000002
[W] 010003dc 0 05 010003c0
[F] 010003e0 00020eb7
[D] 010003e0 37 1d 00 00 0 00 00020000 00
[R] 00 00 00000000 00000000
[E] 010003e0 00020000 0
[M] 010003e0 00020000 0 0 00000000
[W] 010003e0 1 1d 00020000
[F] 010003e4 02000193
[D] 010003e4 13 03 00 00 0 01 00000020 00
[R] 00 00 00000000 00000000
[E] 010003e4 00000020 0
[M] 010003e4 00000020 0 0 00000000
[W] 010003e4 1 03 00000020
[F] 010003e8 19df1e63
[D] 010003e8 63 1c 1e 1d 1 0c 0000019c 1d
[R] 1e 1d 00020000 00020000
[E] 010003e8 01000584 0
[M] 010003e8 01000584 0 1 00020000
[W] 010003e8 0 1c 01000584
[F] 010003ec 00000213
[D] 010003ec 13 04 00 00 0 00 00000000 00
[R] 00 00 00000000 00000000
[E] 010003ec 00000000 0
[M] 010003ec 00000000 0 0 00000000
[W] 010003ec 1 04 00000000
[F] 010003f0 800000b7
[D] 010003f0 37 01 00 00 0 40 80000000 00
[R] 00 00 00000000 00000000
[E] 010003f0 80000000 0
[M] 010003f0 80000000 0 0 00000000
[W] 010003f0 1 01 80000000
[F] 010003f4 00000013
[D] 010003f4 13 00 00 00 0 00 00000000 00
[R] 00 00 00000000 00000000
[E] 010003f4 00000000 0
[M] 010003f4 00000000 0 0 00000000
[W] 010003f4 1 00 00000000
[F] 010003f8 00000013
[D] 010003f8 13 00 00 00 0 00 00000000 00
[R] 00 00 00000000 00000000
[E] 010003f8 00000000 0
[M] 010003f8 00000000 0 0 00000000
[W] 010003f8 1 00 00000000
[F] 010003fc 01f00113
[D] 010003fc 13 02 00 1f 0 00 0000001f 1f
[R] 00 1f 00000000 00000000
[E] 010003fc 0000001f 0
[M] 010003fc 0000001f 0 0 00000000
[W] 010003fc 1 02 0000001f
[F] 01000400 0020df33
[D] 01000400 33 1e 01 02 5 00 00000000 02
[R] 01 02 80000000 0000001f
[E] 01000400 00000001 0
[M] 01000400 00000001 0 1 0000001f
[W] 01000400 1 1e 00000001
[F] 01000404 00120213
[D] 01000404 13 04 04 01 0 00 00000001 01
[R] 04 01 00000000 80000000
[E] 01000404 00000001 0
[M] 01000404 00000001 0 0 80000000
[W] 01000404 1 04 00000001
[F] 01000408 00200293
[D] 01000408 13 05 00 02 0 00 00000002 02
[R] 00 02 00000000 0000001f
[E] 01000408 00000002 0
[M] 01000408 00000002 0 0 0000001f
[W] 01000408 1 05 00000002
[F] 0100040c fe5212e3
[D] 0100040c 63 05 04 05 1 7f ffffffe4 05
[R] 04 05 00000001 00000002
[E] 0100040c 010003f0 0
[M] 0100040c 010003f0 0 1 00000002
[W] 0100040c 0 05 010003f0
[F] 010003f0 800000b7
[D] 010003f0 37 01 00 00 0 40 80000000 00
[R] 00 00 00000000 00000000
[E] 010003f0 80000000 0
[M] 010003f0 80000000 0 0 00000000
[W] 010003f0 1 01 80000000
[F] 010003f4 00000013
[D] 010003f4 13 00 00 00 0 00 00000000 00
[R] 00 00 00000000 00000000
[E] 010003f4 00000000 0
[M] 010003f4 00000000 0 0 00000000
[W] 010003f4 1 00 00000000
[F] 010003f8 00000013
[D] 010003f8 13 00 00 00 0 00 00000000 00
[R] 00 00 00000000 00000000
[E] 010003f8 00000000 0
[M] 010003f8 00000000 0 0 00000000
[W] 010003f8 1 00 00000000
[F] 010003fc 01f00113
[D] 010003fc 13 02 00 1f 0 00 0000001f 1f
[R] 00 1f 00000000 00000000
[E] 010003fc 0000001f 0
[M] 010003fc 0000001f 0 0 00000000
[W] 010003fc 1 02 0000001f
[F] 01000400 0020df33
[D] 01000400 33 1e 01 02 5 00 00000000 02
[R] 01 02 80000000 0000001f
[E] 01000400 00000001 0
[M] 01000400 00000001 0 1 0000001f
[W] 01000400 1 1e 00000001
[F] 01000404 00120213
[D] 01000404 13 04 04 01 0 00 00000001 01
[R] 04 01 00000001 80000000
[E] 01000404 00000002 0
[M] 01000404 00000002 0 0 80000000
[W] 01000404 1 04 00000002
[F] 01000408 00200293
[D] 01000408 13 05 00 02 0 00 00000002 02
[R] 00 02 00000000 0000001f
[E] 01000408 00000002 0
[M] 01000408 00000002 0 0 0000001f
[W] 01000408 1 05 00000002
[F] 0100040c fe5212e3
[D] 0100040c 63 05 04 05 1 7f ffffffe4 05
[R] 04 05 00000002 00000002
[E] 0100040c 010003f0 0
[M] 0100040c 010003f0 0 1 00000002
[W] 0100040c 0 05 010003f0
[F] 01000410 00100e93
[D] 01000410 13 1d 00 01 0 00 00000001 01
[R] 00 01 00000000 80000000
[E] 01000410 00000001 0
[M] 01000410 00000001 0 0 80000000
[W] 01000410 1 1d 00000001
[F] 01000414 02100193
[D] 01000414 13 03 00 01 0 01 00000021 01
[R] 00 01 00000000 80000000
[E] 01000414 00000021 0
[M] 01000414 00000021 0 0 80000000
[W] 01000414 1 03 00000021
[F] 01000418 17df1663
[D] 01000418 63 0c 1e 1d 1 0b 0000016c 1d
[R] 1e 1d 00000001 00000001
[E] 01000418 01000584 0
[M] 01000418 01000584 0 1 00000001
[W] 01000418 0 0c 01000584
[F] 0100041c 00000213
[D] 0100041c 13 04 00 00 0 00 00000000 00
[R] 00 00 00000000 00000000
[E] 0100041c 00000000 0
[M] 0100041c 00000000 0 0 00000000
[W] 0100041c 1 04 00000000
[F] 01000420 00700113
[D] 01000420 13 02 00 07 0 00 00000007 07
[R] 00 07 00000000 00000000
[E] 01000420 00000007 0
[M] 01000420 00000007 0 0 00000000
[W] 01000420 1 02 00000007
[F] 01000424 800000b7
[D] 01000424 37 01 00 00 0 40 80000000 00
[R] 00 00 00000000 00000000
[E] 01000424 80000000 0
[M] 01000424 80000000 0 0 00000000
[W] 01000424 1 01 80000000
[F] 01000428 0020df33
[D] 01000428 33 1e 01 02 5 00 00000000 02
[R] 01 02 80000000 00000007
[E] 01000428 01000000 0
[M] 01000428 01000000 0 1 00000007
[W] 01000428 1 1e 01000000
[F] 0100042c 00120213
[D] 0100042c 13 04 04 01 0 00 00000001 01
[R] 04 01 00000000 80000000
[E] 0100042c 00000001 0
[M] 0100042c 00000001 0 0 80000000
[W] 0100042c 1 04 00000001
[F] 01000430 00200293
[D] 01000430 13 05 00 02 0 00 00000002 02
[R] 00 02 00000000 00000007
[E] 01000430 00000002 0
[M] 01000430 00000002 0 0 00000007
[W] 01000430 1 05 00000002
[F] 01000434 fe5216e3
[D] 01000434 63 0d 04 05 1 7f ffffffec 05
[R] 04 05 00000001 00000002
[E] 01000434 01000420 0
[M] 01000434 01000420 0 1 00000002
[W] 01000434 0 0d 01000420
[F] 01000420 00700113
[D] 01000420 13 02 00 07 0 00 00000007 07
[R] 00 07 00000000 00000000
[E] 01000420 00000007 0
[M] 01000420 00000007 0 0 00000000
[W] 01000420 1 02 00000007
[F] 01000424 800000b7
[D] 01000424 37 01 00 00 0 40 80000000 00
[R] 00 00 00000000 00000000
[E] 01000424 80000000 0
[M] 01000424 80000000 0 0 00000000
[W] 01000424 1 01 80000000
[F] 01000428 0020df33
[D] 01000428 33 1e 01 02 5 00 00000000 02
[R] 01 02 80000000 00000007
[E] 01000428 01000000 0
[M] 01000428 01000000 0 1 00000007
[W] 01000428 1 1e 01000000
[F] 0100042c 00120213
[D] 0100042c 13 04 04 01 0 00 00000001 01
[R] 04 01 00000001 80000000
[E] 0100042c 00000002 0
[M] 0100042c 00000002 0 0 80000000
[W] 0100042c 1 04 00000002
[F] 01000430 00200293
[D] 01000430 13 05 00 02 0 00 00000002 02
[R] 00 02 00000000 00000007
[E] 01000430 00000002 0
[M] 01000430 00000002 0 0 00000007
[W] 01000430 1 05 00000002
[F] 01000434 fe5216e3
[D] 01000434 63 0d 04 05 1 7f ffffffec 05
[R] 04 05 00000002 00000002
[E] 01000434 01000420 0
[M] 01000434 01000420 0 1 00000002
[W] 01000434 0 0d 01000420
[F] 01000438 01000eb7
[D] 01000438 37 1d 00 10 0 00 01000000 10
[R] 00 10 00000000 00000000
[E] 01000438 01000000 0
[M] 01000438 01000000 0 0 00000000
[W] 01000438 1 1d 01000000
[F] 0100043c 02200193
[D] 0100043c 13 03 00 02 0 01 00000022 02
[R] 00 02 00000000 00000007
[E] 0100043c 00000022 0
[M] 0100043c 00000022 0 0 00000007
[W] 0100043c 1 03 00000022
[F] 01000440 15df1263
[D] 01000440 63 04 1e 1d 1 0a 00000144 1d
[R] 1e 1d 01000000 01000000
[E] 01000440 01000584 0
[M] 01000440 01000584 0 1 01000000
[W] 01000440 0 04 01000584
[F] 01000444 00000213
[D] 01000444 13 04 00 00 0 00 00000000 00
[R] 00 00 00000000 00000000
[E] 01000444 00000000 0
[M] 01000444 00000000 0 0 00000000
[W] 01000444 1 04 00000000
[F] 01000448 00e00113
[D] 01000448 13 02 00 0e 0 00 0000000e 0e
[R] 00 0e 00000000 00000000
[E] 01000448 0000000e 0
[M] 01000448 0000000e 0 0 00000000
[W] 01000448 1 02 0000000e
[F] 0100044c 800000b7
[D] 0100044c 37 01 00 00 0 40 80000000 00
[R] 00 00 00000000 00000000
[E] 0100044c 80000000 0
[M] 0100044c 80000000 0 0 00000000
[W] 0100044c 1 01 80000000
[F] 01000450 00000013
[D] 01000450 13 00 00 00 0 00 00000000 00
[R] 00 00 00000000 00000000
[E] 01000450 00000000 0
[M] 01000450 00000000 0 0 00000000
[W] 01000450 1 00 00000000
[F] 01000454 0020df33
[D] 01000454 33 1e 01 02 5 00 00000000 02
[R] 01 02 80000000 0000000e
[E] 01000454 00020000 0
[M] 01000454 00020000 0 1 0000000e
[W] 01000454 1 1e 00020000
[F] 01000458 00120213
[D] 01000458 13 04 04 01 0 00 00000001 01
[R] 04 01 00000000 80000000
[E] 01000458 00000001 0
[M] 01000458 00000001 0 0 80000000
[W] 01000458 1 04 00000001
[F] 0100045c 00200293
[D] 0100045c 13 05 00 02 0 00 00000002 02
[R] 00 02 00000000 0000000e
[E] 0100045c 00000002 0
[M] 0100045c 00000002 0 0 0000000e
[W] 0100045c 1 05 00000002
[F] 01000460 fe5214e3
[D] 01000460 63 09 04 05 1 7f ffffffe8 05
[R] 04 05 00000001 00000002
[E] 01000460 01000448 0
[M] 01000460 01000448 0 1 00000002
[W] 01000460 0 09 01000448
[F] 01000448 00e00113
[D] 01000448 13 02 00 0e 0 00 0000000e 0e
[R] 00 0e 00000000 00000000
[E] 01000448 0000000e 0
[M] 01000448 0000000e 0 0 00000000
[W] 01000448 1 02 0000000e
[F] 0100044c 800000b7
[D] 0100044c 37 01 00 00 0 40 80000000 00
[R] 00 00 00000000 00000000
[E] 0100044c 80000000 0
[M] 0100044c 80000000 0 0 00000000
[W] 0100044c 1 01 80000000
[F] 01000450 00000013
[D] 01000450 13 00 00 00 0 00 00000000 00
[R] 00 00 00000000 00000000
[E] 01000450 00000000 0
[M] 01000450 00000000 0 0 00000000
[W] 01000450 1 00 00000000
[F] 01000454 0020df33
[D] 01000454 33 1e 01 02 5 00 00000000 02
[R] 01 02 80000000 0000000e
[E] 01000454 00020000 0
[M] 01000454 00020000 0 1 0000000e
[W] 01000454 1 1e 00020000
[F] 01000458 00120213
[D] 01000458 13 04 04 01 0 00 00000001 01
[R] 04 01 00000001 80000000
[E] 01000458 00000002 0
[M] 01000458 00000002 0 0 80000000
[W] 01000458 1 04 00000002
[F] 0100045c 00200293
[D] 0100045c 13 05 00 02 0 00 00000002 02
[R] 00 02 00000000 0000000e
[E] 0100045c 00000002 0
[M] 0100045c 00000002 0 0 0000000e
[W] 0100045c 1 05 00000002
[F] 01000460 fe5214e3
[D] 01000460 63 09 04 05 1 7f ffffffe8 05
[R] 04 05 00000002 00000002
[E] 01000460 01000448 0
[M] 01000460 01000448 0 1 00000002
[W] 01000460 0 09 01000448
[F] 01000464 00020eb7
[D] 01000464 37 1d 00 00 0 00 00020000 00
[R] 00 00 00000000 00000000
[E] 01000464 00020000 0
[M] 01000464 00020000 0 0 00000000
[W] 01000464 1 1d 00020000
[F] 01000468 02300193
[D] 01000468 13 03 00 03 0 01 00000023 03
[R] 00 03 00000000 00000022
[E] 01000468 00000023 0
[M] 01000468 00000023 0 0 00000022
[W] 01000468 1 03 00000023
[F] 0100046c 11df1c63
[D] 0100046c 63 18 1e 1d 1 08 00000118 1d
[R] 1e 1d 00020000 00020000
[E] 0100046c 01000584 0
[M] 0100046c 01000584 0 1 00020000
[W] 0100046c 0 18 01000584
[F] 01000470 00000213
[D] 01000470 13 04 00 00 0 00 00000000 00
[R] 00 00 00000000 00000000
[E] 01000470 00000000 0
[M] 01000470 00000000 0 0 00000000
[W] 01000470 1 04 00000000
[F] 01000474 01f00113
[D] 01000474 13 02 00 1f 0 00 0000001f 1f
[R] 00 1f 00000000 00000000
[E] 01000474 0000001f 0
[M] 01000474 0000001f 0 0 00000000
[W] 01000474 1 02 0000001f
[F] 01000478 800000b7
[D] 01000478 37 01 00 00 0 40 80000000 00
[R] 00 00 00000000 00000000
[E] 01000478 80000000 0
[M] 01000478 80000000 0 0 00000000
[W] 01000478 1 01 80000000
[F] 0100047c 00000013
[D] 0100047c 13 00 00 00 0 00 00000000 00
[R] 00 00 00000000 00000000
[E] 0100047c 00000000 0
[M] 0100047c 00000000 0 0 00000000
[W] 0100047c 1 00 00000000
[F] 01000480 00000013
[D] 01000480 13 00 00 00 0 00 00000000 00
[R] 00 00 00000000 00000000
[E] 01000480 00000000 0
[M] 01000480 00000000 0 0 00000000
[W] 01000480 1 00 00000000
[F] 01000484 0020df33
[D] 01000484 33 1e 01 02 5 00 00000000 02
[R] 01 02 80000000 0000001f
[E] 01000484 00000001 0
[M] 01000484 00000001 0 1 0000001f
[W] 01000484 1 1e 00000001
[F] 01000488 00120213
[D] 01000488 13 04 04 01 0 00 00000001 01
[R] 04 01 00000000 80000000
[E] 01000488 00000001 0
[M] 01000488 00000001 0 0 80000000
[W] 01000488 1 04 00000001
[F] 0100048c 00200293
[D] 0100048c 13 05 00 02 0 00 00000002 02
[R] 00 02 00000000 0000001f
[E] 0100048c 00000002 0
[M] 0100048c 00000002 0 0 0000001f
[W] 0100048c 1 05 00000002
[F] 01000490 fe5212e3
[D] 01000490 63 05 04 05 1 7f ffffffe4 05
[R] 04 05 00000001 00000002
[E] 01000490 01000474 0
[M] 01000490 01000474 0 1 00000002
[W] 01000490 0 05 01000474
[F] 01000474 01f00113
[D] 01000474 13 02 00 1f 0 00 0000001f 1f
[R] 00 1f 00000000 00000000
[E] 01000474 0000001f 0
[M] 01000474 0000001f 0 0 00000000
[W] 01000474 1 02 0000001f
[F] 01000478 800000b7
[D] 01000478 37 01 00 00 0 40 80000000 00
[R] 00 00 00000000 00000000
[E] 01000478 80000000 0
[M] 01000478 80000000 0 0 00000000
[W] 01000478 1 01 80000000
[F] 0100047c 00000013
[D] 0100047c 13 00 00 00 0 00 00000000 00
[R] 00 00 00000000 00000000
[E] 0100047c 00000000 0
[M] 0100047c 00000000 0 0 00000000
[W] 0100047c 1 00 00000000
[F] 01000480 00000013
[D] 01000480 13 00 00 00 0 00 00000000 00
[R] 00 00 00000000 00000000
[E] 01000480 00000000 0
[M] 01000480 00000000 0 0 00000000
[W] 01000480 1 00 00000000
[F] 01000484 0020df33
[D] 01000484 33 1e 01 02 5 00 00000000 02
[R] 01 02 80000000 0000001f
[E] 01000484 00000001 0
[M] 01000484 00000001 0 1 0000001f
[W] 01000484 1 1e 00000001
[F] 01000488 00120213
[D] 01000488 13 04 04 01 0 00 00000001 01
[R] 04 01 00000001 80000000
[E] 01000488 00000002 0
[M] 01000488 00000002 0 0 80000000
[W] 01000488 1 04 00000002
[F] 0100048c 00200293
[D] 0100048c 13 05 00 02 0 00 00000002 02
[R] 00 02 00000000 0000001f
[E] 0100048c 00000002 0
[M] 0100048c 00000002 0 0 0000001f
[W] 0100048c 1 05 00000002
[F] 01000490 fe5212e3
[D] 01000490 63 05 04 05 1 7f ffffffe4 05
[R] 04 05 00000002 00000002
[E] 01000490 01000474 0
[M] 01000490 01000474 0 1 00000002
[W] 01000490 0 05 01000474
[F] 01000494 00100e93
[D] 01000494 13 1d 00 01 0 00 00000001 01
[R] 00 01 00000000 80000000
[E] 01000494 00000001 0
[M] 01000494 00000001 0 0 80000000
[W] 01000494 1 1d 00000001
[F] 01000498 02400193
[D] 01000498 13 03 00 04 0 01 00000024 04
[R] 00 04 00000000 00000002
[E] 01000498 00000024 0
[M] 01000498 00000024 0 0 00000002
[W] 01000498 1 03 00000024
[F] 0100049c 0fdf1463
[D] 0100049c 63 08 1e 1d 1 07 000000e8 1d
[R] 1e 1d 00000001 00000001
[E] 0100049c 01000584 0
[M] 0100049c 01000584 0 1 00000001
[W] 0100049c 0 08 01000584
[F] 010004a0 00000213
[D] 010004a0 13 04 00 00 0 00 00000000 00
[R] 00 00 00000000 00000000
[E] 010004a0 00000000 0
[M] 010004a0 00000000 0 0 00000000
[W] 010004a0 1 04 00000000
[F] 010004a4 00700113
[D] 010004a4 13 02 00 07 0 00 00000007 07
[R] 00 07 00000000 00000000
[E] 010004a4 00000007 0
[M] 010004a4 00000007 0 0 00000000
[W] 010004a4 1 02 00000007
[F] 010004a8 00000013
[D] 010004a8 13 00 00 00 0 00 00000000 00
[R] 00 00 00000000 00000000
[E] 010004a8 00000000 0
[M] 010004a8 00000000 0 0 00000000
[W] 010004a8 1 00 00000000
[F] 010004ac 800000b7
[D] 010004ac 37 01 00 00 0 40 80000000 00
[R] 00 00 00000000 00000000
[E] 010004ac 80000000 0
[M] 010004ac 80000000 0 0 00000000
[W] 010004ac 1 01 80000000
[F] 010004b0 0020df33
[D] 010004b0 33 1e 01 02 5 00 00000000 02
[R] 01 02 80000000 00000007
[E] 010004b0 01000000 0
[M] 010004b0 01000000 0 1 00000007
[W] 010004b0 1 1e 01000000
[F] 010004b4 00120213
[D] 010004b4 13 04 04 01 0 00 00000001 01
[R] 04 01 00000000 80000000
[E] 010004b4 00000001 0
[M] 010004b4 00000001 0 0 80000000
[W] 010004b4 1 04 00000001
[F] 010004b8 00200293
[D] 010004b8 13 05 00 02 0 00 00000002 02
[R] 00 02 00000000 00000007
[E] 010004b8 00000002 0
[M] 010004b8 00000002 0 0 00000007
[W] 010004b8 1 05 00000002
[F] 010004bc fe5214e3
[D] 010004bc 63 09 04 05 1 7f ffffffe8 05
[R] 04 05 00000001 00000002
[E] 010004bc 010004a4 0
[M] 010004bc 010004a4 0 1 00000002
[W] 010004bc 0 09 010004a4
[F] 010004a4 00700113
[D] 010004a4 13 02 00 07 0 00 00000007 07
[R] 00 07 00000000 00000000
[E] 010004a4 00000007 0
[M] 010004a4 00000007 0 0 00000000
[W] 010004a4 1 02 00000007
[F] 010004a8 00000013
[D] 010004a8 13 00 00 00 0 00 00000000 00
[R] 00 00 00000000 00000000
[E] 010004a8 00000000 0
[M] 010004a8 00000000 0 0 00000000
[W] 010004a8 1 00 00000000
[F] 010004ac 800000b7
[D] 010004ac 37 01 00 00 0 40 80000000 00
[R] 00 00 00000000 00000000
[E] 010004ac 80000000 0
[M] 010004ac 80000000 0 0 00000000
[W] 010004ac 1 01 80000000
[F] 010004b0 0020df33
[D] 010004b0 33 1e 01 02 5 00 00000000 02
[R] 01 02 80000000 00000007
[E] 010004b0 01000000 0
[M] 010004b0 01000000 0 1 00000007
[W] 010004b0 1 1e 01000000
[F] 010004b4 00120213
[D] 010004b4 13 04 04 01 0 00 00000001 01
[R] 04 01 00000001 80000000
[E] 010004b4 00000002 0
[M] 010004b4 00000002 0 0 80000000
[W] 010004b4 1 04 00000002
[F] 010004b8 00200293
[D] 010004b8 13 05 00 02 0 00 00000002 02
[R] 00 02 00000000 00000007
[E] 010004b8 00000002 0
[M] 010004b8 00000002 0 0 00000007
[W] 010004b8 1 05 00000002
[F] 010004bc fe5214e3
[D] 010004bc 63 09 04 05 1 7f ffffffe8 05
[R] 04 05 00000002 00000002
[E] 010004bc 010004a4 0
[M] 010004bc 010004a4 0 1 00000002
[W] 010004bc 0 09 010004a4
[F] 010004c0 01000eb7
[D] 010004c0 37 1d 00 10 0 00 01000000 10
[R] 00 10 00000000 00000000
[E] 010004c0 01000000 0
[M] 010004c0 01000000 0 0 00000000
[W] 010004c0 1 1d 01000000
[F] 010004c4 02500193
[D] 010004c4 13 03 00 05 0 01 00000025 05
[R] 00 05 00000000 00000002
[E] 010004c4 00000025 0
[M] 010004c4 00000025 0 0 00000002
[W] 010004c4 1 03 00000025
[F] 010004c8 0bdf1e63
[D] 010004c8 63 1c 1e 1d 1 05 000000bc 1d
[R] 1e 1d 01000000 01000000
[E] 010004c8 01000584 0
[M] 010004c8 01000584 0 1 01000000
[W] 010004c8 0 1c 01000584
[F] 010004cc 00000213
[D] 010004cc 13 04 00 00 0 00 00000000 00
[R] 00 00 00000000 00000000
[E] 010004cc 00000000 0
[M] 010004cc 00000000 0 0 00000000
[W] 010004cc 1 04 00000000
[F] 010004d0 00e00113
[D] 010004d0 13 02 00 0e 0 00 0000000e 0e
[R] 00 0e 00000000 00000000
[E] 010004d0 0000000e 0
[M] 010004d0 0000000e 0 0 00000000
[W] 010004d0 1 02 0000000e
[F] 010004d4 00000013
[D] 010004d4 13 00 00 00 0 00 00000000 00
[R] 00 00 00000000 00000000
[E] 010004d4 00000000 0
[M] 010004d4 00000000 0 0 00000000
[W] 010004d4 1 00 00000000
[F] 010004d8 800000b7
[D] 010004d8 37 01 00 00 0 40 80000000 00
[R] 00 00 00000000 00000000
[E] 010004d8 80000000 0
[M] 010004d8 80000000 0 0 00000000
[W] 010004d8 1 01 80000000
[F] 010004dc 00000013
[D] 010004dc 13 00 00 00 0 00 00000000 00
[R] 00 00 00000000 00000000
[E] 010004dc 00000000 0
[M] 010004dc 00000000 0 0 00000000
[W] 010004dc 1 00 00000000
[F] 010004e0 0020df33
[D] 010004e0 33 1e 01 02 5 00 00000000 02
[R] 01 02 80000000 0000000e
[E] 010004e0 00020000 0
[M] 010004e0 00020000 0 1 0000000e
[W] 010004e0 1 1e 00020000
[F] 010004e4 00120213
[D] 010004e4 13 04 04 01 0 00 00000001 01
[R] 04 01 00000000 80000000
[E] 010004e4 00000001 0
[M] 010004e4 00000001 0 0 80000000
[W] 010004e4 1 04 00000001
[F] 010004e8 00200293
[D] 010004e8 13 05 00 02 0 00 00000002 02
[R] 00 02 00000000 0000000e
[E] 010004e8 00000002 0
[M] 010004e8 00000002 0 0 0000000e
[W] 010004e8 1 05 00000002
[F] 010004ec fe5212e3
[D] 010004ec 63 05 04 05 1 7f ffffffe4 05
[R] 04 05 00000001 00000002
[E] 010004ec 010004d0 0
[M] 010004ec 010004d0 0 1 00000002
[W] 010004ec 0 05 010004d0
[F] 010004d0 00e00113
[D] 010004d0 13 02 00 0e 0 00 0000000e 0e
[R] 00 0e 00000000 00000000
[E] 010004d0 0000000e 0
[M] 010004d0 0000000e 0 0 00000000
[W] 010004d0 1 02 0000000e
[F] 010004d4 00000013
[D] 010004d4 13 00 00 00 0 00 00000000 00
[R] 00 00 00000000 00000000
[E] 010004d4 00000000 0
[M] 010004d4 00000000 0 0 00000000
[W] 010004d4 1 00 00000000
[F] 010004d8 800000b7
[D] 010004d8 37 01 00 00 0 40 80000000 00
[R] 00 00 00000000 00000000
[E] 010004d8 80000000 0
[M] 010004d8 80000000 0 0 00000000
[W] 010004d8 1 01 80000000
[F] 010004dc 00000013
[D] 010004dc 13 00 00 00 0 00 00000000 00
[R] 00 00 00000000 00000000
[E] 010004dc 00000000 0
[M] 010004dc 00000000 0 0 00000000
[W] 010004dc 1 00 00000000
[F] 010004e0 0020df33
[D] 010004e0 33 1e 01 02 5 00 00000000 02
[R] 01 02 80000000 0000000e
[E] 010004e0 00020000 0
[M] 010004e0 00020000 0 1 0000000e
[W] 010004e0 1 1e 00020000
[F] 010004e4 00120213
[D] 010004e4 13 04 04 01 0 00 00000001 01
[R] 04 01 00000001 80000000
[E] 010004e4 00000002 0
[M] 010004e4 00000002 0 0 80000000
[W] 010004e4 1 04 00000002
[F] 010004e8 00200293
[D] 010004e8 13 05 00 02 0 00 00000002 02
[R] 00 02 00000000 0000000e
[E] 010004e8 00000002 0
[M] 010004e8 00000002 0 0 0000000e
[W] 010004e8 1 05 00000002
[F] 010004ec fe5212e3
[D] 010004ec 63 05 04 05 1 7f ffffffe4 05
[R] 04 05 00000002 00000002
[E] 010004ec 010004d0 0
[M] 010004ec 010004d0 0 1 00000002
[W] 010004ec 0 05 010004d0
[F] 010004f0 00020eb7
[D] 010004f0 37 1d 00 00 0 00 00020000 00
[R] 00 00 00000000 00000000
[E] 010004f0 00020000 0
[M] 010004f0 00020000 0 0 00000000
[W] 010004f0 1 1d 00020000
[F] 010004f4 02600193
[D] 010004f4 13 03 00 06 0 01 00000026 06
[R] 00 06 00000000 00000001
[E] 010004f4 00000026 0
[M] 010004f4 00000026 0 0 00000001
[W] 010004f4 1 03 00000026
[F] 010004f8 09df1663
[D] 010004f8 63 0c 1e 1d 1 04 0000008c 1d
[R] 1e 1d 00020000 00020000
[E] 010004f8 01000584 0
[M] 010004f8 01000584 0 1 00020000
[W] 010004f8 0 0c 01000584
[F] 010004fc 00000213
[D] 010004fc 13 04 00 00 0 00 00000000 00
[R] 00 00 00000000 00000000
[E] 010004fc 00000000 0
[M] 010004fc 00000000 0 0 00000000
[W] 010004fc 1 04 00000000
[F] 01000500 01f00113
[D] 01000500 13 02 00 1f 0 00 0000001f 1f
[R] 00 1f 00000000 00000000
[E] 01000500 0000001f 0
[M] 01000500 0000001f 0 0 00000000
[W] 01000500 1 02 0000001f
[F] 01000504 00000013
[D] 01000504 13 00 00 00 0 00 00000000 00
[R] 00 00 00000000 00000000
[E] 01000504 00000000 0
[M] 01000504 00000000 0 0 00000000
[W] 01000504 1 00 00000000
[F] 01000508 00000013
[D] 01000508 13 00 00 00 0 00 00000000 00
[R] 00 00 00000000 00000000
[E] 01000508 00000000 0
[M] 01000508 00000000 0 0 00000000
[W] 01000508 1 00 00000000
[F] 0100050c 800000b7
[D] 0100050c 37 01 00 00 0 40 80000000 00
[R] 00 00 00000000 00000000
[E] 0100050c 80000000 0
[M] 0100050c 80000000 0 0 00000000
[W] 0100050c 1 01 80000000
[F] 01000510 0020df33
[D] 01000510 33 1e 01 02 5 00 00000000 02
[R] 01 02 80000000 0000001f
[E] 01000510 00000001 0
[M] 01000510 00000001 0 1 0000001f
[W] 01000510 1 1e 00000001
[F] 01000514 00120213
[D] 01000514 13 04 04 01 0 00 00000001 01
[R] 04 01 00000000 80000000
[E] 01000514 00000001 0
[M] 01000514 00000001 0 0 80000000
[W] 01000514 1 04 00000001
[F] 01000518 00200293
[D] 01000518 13 05 00 02 0 00 00000002 02
[R] 00 02 00000000 0000001f
[E] 01000518 00000002 0
[M] 01000518 00000002 0 0 0000001f
[W] 01000518 1 05 00000002
[F] 0100051c fe5212e3
[D] 0100051c 63 05 04 05 1 7f ffffffe4 05
[R] 04 05 00000001 00000002
[E] 0100051c 01000500 0
[M] 0100051c 01000500 0 1 00000002
[W] 0100051c 0 05 01000500
[F] 01000500 01f00113
[D] 01000500 13 02 00 1f 0 00 0000001f 1f
[R] 00 1f 00000000 00000000
[E] 01000500 0000001f 0
[M] 01000500 0000001f 0 0 00000000
[W] 01000500 1 02 0000001f
[F] 01000504 00000013
[D] 01000504 13 00 00 00 0 00 00000000 00
[R] 00 00 00000000 00000000
[E] 01000504 00000000 0
[M] 01000504 00000000 0 0 00000000
[W] 01000504 1 00 00000000
[F] 01000508 00000013
[D] 01000508 13 00 00 00 0 00 00000000 00
[R] 00 00 00000000 00000000
[E] 01000508 00000000 0
[M] 01000508 00000000 0 0 00000000
[W] 01000508 1 00 00000000
[F] 0100050c 800000b7
[D] 0100050c 37 01 00 00 0 40 80000000 00
[R] 00 00 00000000 00000000
[E] 0100050c 80000000 0
[M] 0100050c 80000000 0 0 00000000
[W] 0100050c 1 01 80000000
[F] 01000510 0020df33
[D] 01000510 33 1e 01 02 5 00 00000000 02
[R] 01 02 80000000 0000001f
[E] 01000510 00000001 0
[M] 01000510 00000001 0 1 0000001f
[W] 01000510 1 1e 00000001
[F] 01000514 00120213
[D] 01000514 13 04 04 01 0 00 00000001 01
[R] 04 01 00000001 80000000
[E] 01000514 00000002 0
[M] 01000514 00000002 0 0 80000000
[W] 01000514 1 04 00000002
[F] 01000518 00200293
[D] 01000518 13 05 00 02 0 00 00000002 02
[R] 00 02 00000000 0000001f
[E] 01000518 00000002 0
[M] 01000518 00000002 0 0 0000001f
[W] 01000518 1 05 00000002
[F] 0100051c fe5212e3
[D] 0100051c 63 05 04 05 1 7f ffffffe4 05
[R] 04 05 00000002 00000002
[E] 0100051c 01000500 0
[M] 0100051c 01000500 0 1 00000002
[W] 0100051c 0 05 01000500
[F] 01000520 00100e93
[D] 01000520 13 1d 00 01 0 00 00000001 01
[R] 00 01 00000000 80000000
[E] 01000520 00000001 0
[M] 01000520 00000001 0 0 80000000
[W] 01000520 1 1d 00000001
[F] 01000524 02700193
[D] 01000524 13 03 00 07 0 01 00000027 07
[R] 00 07 00000000 00000000
[E] 01000524 00000027 0
[M] 01000524 00000027 0 0 00000000
[W] 01000524 1 03 00000027
[F] 01000528 05df1e63
[D] 01000528 63 1c 1e 1d 1 02 0000005c 1d
[R] 1e 1d 00000001 00000001
[E] 01000528 01000584 0
[M] 01000528 01000584 0 1 00000001
[W] 01000528 0 1c 01000584
[F] 0100052c 00f00093
[D] 0100052c 13 01 00 0f 0 00 0000000f 0f
[R] 00 0f 00000000 00000000
[E] 0100052c 0000000f 0
[M] 0100052c 0000000f 0 0 00000000
[W] 0100052c 1 01 0000000f
[F] 01000530 00105133
[D] 01000530 33 02 00 01 5 00 00000000 01
[R] 00 01 00000000 0000000f
[E] 01000530 00000000 0
[M] 01000530 00000000 0 1 0000000f
[W] 01000530 1 02 00000000
[F] 01000534 00000e93
[D] 01000534 13 1d 00 00 0 00 00000000 00
[R] 00 00 00000000 00000000
[E] 01000534 00000000 0
[M] 01000534 00000000 0 0 00000000
[W] 01000534 1 1d 00000000
[F] 01000538 02800193
[D] 01000538 13 03 00 08 0 01 00000028 08
[R] 00 08 00000000 00000000
[E] 01000538 00000028 0
[M] 01000538 00000028 0 0 00000000
[W] 01000538 1 03 00000028
[F] 0100053c 05d11463
[D] 0100053c 63 08 02 1d 1 02 00000048 1d
[R] 02 1d 00000000 00000000
[E] 0100053c 01000584 0
[M] 0100053c 01000584 0 1 00000000
[W] 0100053c 0 08 01000584
[F] 01000540 02000093
[D] 01000540 13 01 00 00 0 01 00000020 00
[R] 00 00 00000000 00000000
[E] 01000540 00000020 0
[M] 01000540 00000020 0 0 00000000
[W] 01000540 1 01 00000020
[F] 01000544 0000d133
[D] 01000544 33 02 01 00 5 00 00000000 00
[R] 01 00 00000020 00000000
[E] 01000544 00000020 0
[M] 01000544 00000020 0 1 00000000
[W] 01000544 1 02 00000020
[F] 01000548 02000e93
[D] 01000548 13 1d 00 00 0 01 00000020 00
[R] 00 00 00000000 00000000
[E] 01000548 00000020 0
[M] 01000548 00000020 0 0 00000000
[W] 01000548 1 1d 00000020
[F] 0100054c 02900193
[D] 0100054c 13 03 00 09 0 01 00000029 09
[R] 00 09 00000000 00000000
[E] 0100054c 00000029 0
[M] 0100054c 00000029 0 0 00000000
[W] 0100054c 1 03 00000029
[F] 01000550 03d11a63
[D] 01000550 63 14 02 1d 1 01 00000034 1d
[R] 02 1d 00000020 00000020
[E] 01000550 01000584 0
[M] 01000550 01000584 0 1 00000020
[W] 01000550 0 14 01000584
[F] 01000554 000050b3
[D] 01000554 33 01 00 00 5 00 00000000 00
[R] 00 00 00000000 00000000
[E] 01000554 00000000 0
[M] 01000554 00000000 0 1 00000000
[W] 01000554 1 01 00000000
[F] 01000558 00000e93
[D] 01000558 13 1d 00 00 0 00 00000000 00
[R] 00 00 00000000 00000000
[E] 01000558 00000000 0
[M] 01000558 00000000 0 0 00000000
[W] 01000558 1 1d 00000000
[F] 0100055c 02a00193
[D] 0100055c 13 03 00 0a 0 01 0000002a 0a
[R] 00 0a 00000000 00000000
[E] 0100055c 0000002a 0
[M] 0100055c 0000002a 0 0 00000000
[W] 0100055c 1 03 0000002a
[F] 01000560 03d09263
[D] 01000560 63 04 01 1d 1 01 00000024 1d
[R] 01 1d 00000000 00000000
[E] 01000560 01000584 0
[M] 01000560 01000584 0 1 00000000
[W] 01000560 0 04 01000584
[F] 01000564 40000093
[D] 01000564 13 01 00 00 0 20 00000400 00
[R] 00 00 00000000 00000000
[E] 01000564 00000400 0
[M] 01000564 00000400 0 0 00000000
[W] 01000564 1 01 00000400
[F] 01000568 00001137
[D] 01000568 37 02 00 00 1 00 00001000 00
[R] 00 00 00000000 00000000
[E] 01000568 00001000 0
[M] 01000568 00001000 0 1 00000000
[W] 01000568 1 02 00001000
[F] 0100056c 80010113
[D] 0100056c 13 02 02 00 0 40 fffff800 00
[R] 02 00 00001000 00000000
[E] 0100056c 00000800 0
[M] 0100056c 00000800 0 0 00000000
[W] 0100056c 1 02 00000800
[F] 01000570 0020d033
[D] 01000570 33 00 01 02 5 00 00000000 02
[R] 01 02 00000400 00000800
[E] 01000570 00000400 0
[M] 01000570 00000400 0 1 00000800
[W] 01000570 1 00 00000400
[F] 01000574 00000e93
[D] 01000574 13 1d 00 00 0 00 00000000 00
[R] 00 00 00000000 00000000
[E] 01000574 00000000 0
[M] 01000574 00000000 0 0 00000000
[W] 01000574 1 1d 00000000
[F] 01000578 02b00193
[D] 01000578 13 03 00 0b 0 01 0000002b 0b
[R] 00 0b 00000000 00000000
[E] 01000578 0000002b 0
[M] 01000578 0000002b 0 0 00000000
[W] 01000578 1 03 0000002b
[F] 0100057c 01d01463
[D] 0100057c 63 08 00 1d 1 00 00000008 1d
[R] 00 1d 00000000 00000000
[E] 0100057c 01000584 0
[M] 0100057c 01000584 0 1 00000000
[W] 0100057c 0 08 01000584
[F] 01000580 00301c63
[D] 01000580 63 18 00 03 1 00 00000018 03
[R] 00 03 00000000 0000002b
[E] 01000580 01000598 0
[M] 01000580 01000598 0 1 0000002b
[W] 01000580 0 18 01000598
[F] 01000598 0ff0000f
[D] 01000598 0f 00 00 1f 0 07 00000000 1f
[R] 00 1f 00000000 00000000
[E] 01000598 00000000 0
[M] 01000598 00000000 0 0 00000000
[W] 01000598 1 00 00000000
[F] 0100059c 00100193
[D] 0100059c 13 03 00 01 0 00 00000001 01
[R] 00 01 00000000 00000400
[E] 0100059c 00000001 0
[M] 0100059c 00000001 0 0 00000400
[W] 0100059c 1 03 00000001
[F] 010005a0 00000073
[D] 010005a0 73 00 00 00 0 00 00000000 00
[R] 00 00 00000000 00000000
[E] 010005a0 00000000 0
[M] 010005a0 00000000 0 0 00000000
[W] 010005a0 0 00 00000000
