[F] 01000000 00100093
[D] 01000000 13 01 00 01 0 00 00000001 01
[R] 00 01 00000000 00000000
[E] 01000000 00000001 0
[M] 01000000 00000001 0 0 00000000
[W] 01000000 1 01 00000001
[F] 01000004 00009f13
[D] 01000004 13 1e 01 00 1 00 00000000 00
[R] 01 00 00000001 00000000
[E] 01000004 00000001 0
[M] 01000004 00000001 0 1 00000000
[W] 01000004 1 1e 00000001
[F] 01000008 00100e93
[D] 01000008 13 1d 00 01 0 00 00000001 01
[R] 00 01 00000000 00000001
[E] 01000008 00000001 0
[M] 01000008 00000001 0 0 00000001
[W] 01000008 1 1d 00000001
[F] 0100000c 00200193
[D] 0100000c 13 03 00 02 0 00 00000002 02
[R] 00 02 00000000 01100000
[E] 0100000c 00000002 0
[M] 0100000c 00000002 0 0 01100000
[W] 0100000c 1 03 00000002
[F] 01000010 27df1a63
[D] 01000010 63 14 1e 1d 1 13 00000274 1d
[R] 1e 1d 00000001 00000001
[E] 01000010 01000284 0
[M] 01000010 01000284 0 1 00000001
[W] 01000010 0 14 01000284
[F] 01000014 00100093
[D] 01000014 13 01 00 01 0 00 00000001 01
[R] 00 01 00000000 00000001
[E] 01000014 00000001 0
[M] 01000014 00000001 0 0 00000001
[W] 01000014 1 01 00000001
[F] 01000018 00109f13
[D] 01000018 13 1e 01 01 1 00 00000001 01
[R] 01 01 00000001 00000001
[E] 01000018 00000002 0
[M] 01000018 00000002 0 1 00000001
[W] 01000018 1 1e 00000002
[F] 0100001c 00200e93
[D] 0100001c 13 1d 00 02 0 00 00000002 02
[R] 00 02 00000000 01100000
[E] 0100001c 00000002 0
[M] 0100001c 00000002 0 0 01100000
[W] 0100001c 1 1d 00000002
[F] 01000020 00300193
[D] 01000020 13 03 00 03 0 00 00000003 03
[R] 00 03 00000000 00000002
[E] 01000020 00000003 0
[M] 01000020 00000003 0 0 00000002
[W] 01000020 1 03 00000003
[F] 01000024 27df1063
[D] 01000024 63 00 1e 1d 1 13 00000260 1d
[R] 1e 1d 00000002 00000002
[E] 01000024 01000284 0
[M] 01000024 01000284 0 1 00000002
[W] 01000024 0 00 01000284
[F] 01000028 00100093
[D] 01000028 13 01 00 01 0 00 00000001 01
[R] 00 01 00000000 00000001
[E] 01000028 00000001 0
[M] 01000028 00000001 0 0 00000001
[W] 01000028 1 01 00000001
[F] 0100002c 00709f13
[D] 0100002c 13 1e 01 07 1 00 00000007 07
[R] 01 07 00000001 00000000
[E] 0100002c 00000080 0
[M] 0100002c 00000080 0 1 00000000
[W] 0100002c 1 1e 00000080
[F] 01000030 08000e93
[D] 01000030 13 1d 00 00 0 04 00000080 00
[R] 00 00 00000000 00000000
[E] 01000030 00000080 0
[M] 01000030 00000080 0 0 00000000
[W] 01000030 1 1d 00000080
[F] 01000034 00400193
[D] 01000034 13 03 00 04 0 00 00000004 04
[R] 00 04 00000000 00000000
[E] 01000034 00000004 0
[M] 01000034 00000004 0 0 00000000
[W] 01000034 1 03 00000004
[F] 01000038 25df1663
[D] 01000038 63 0c 1e 1d 1 12 0000024c 1d
[R] 1e 1d 00000080 00000080
[E] 01000038 01000284 0
[M] 01000038 01000284 0 1 00000080
[W] 01000038 0 0c 01000284
[F] 0100003c 00100093
[D] 0100003c 13 01 00 01 0 00 00000001 01
[R] 00 01 00000000 00000001
[E] 0100003c 00000001 0
[M] 0100003c 00000001 0 0 00000001
[W] 0100003c 1 01 00000001
[F] 01000040 00e09f13
[D] 01000040 13 1e 01 0e 1 00 0000000e 0e
[R] 01 0e 00000001 00000000
[E] 01000040 00004000 0
[M] 01000040 00004000 0 1 00000000
[W] 01000040 1 1e 00004000
[F] 01000044 00004eb7
[D] 01000044 37 1d 00 00 4 00 00004000 00
[R] 00 00 00000000 00000000
[E] 01000044 00004000 0
[M] 01000044 00004000 0 0 00000000
[W] 01000044 1 1d 00004000
[F] 01000048 00500193
[D] 01000048 13 03 00 05 0 00 00000005 05
[R] 00 05 00000000 00000000
[E] 01000048 00000005 0
[M] 01000048 00000005 0 0 00000000
[W] 01000048 1 03 00000005
[F] 0100004c 23df1c63
[D] 0100004c 63 18 1e 1d 1 11 00000238 1d
[R] 1e 1d 00004000 00004000
[E] 0100004c 01000284 0
[M] 0100004c 01000284 0 1 00004000
[W] 0100004c 0 18 01000284
[F] 01000050 00100093
[D] 01000050 13 01 00 01 0 00 00000001 01
[R] 00 01 00000000 00000001
[E] 01000050 00000001 0
[M] 01000050 00000001 0 0 00000001
[W] 01000050 1 01 00000001
[F] 01000054 01f09f13
[D] 01000054 13 1e 01 1f 1 00 0000001f 1f
[R] 01 1f 00000001 00000000
[E] 01000054 80000000 0
[M] 01000054 80000000 0 1 00000000
[W] 01000054 1 1e 80000000
[F] 01000058 80000eb7
[D] 01000058 37 1d 00 00 0 40 80000000 00
[R] 00 00 00000000 00000000
[E] 01000058 80000000 0
[M] 01000058 80000000 0 0 00000000
[W] 01000058 1 1d 80000000
[F] 0100005c 00600193
[D] 0100005c 13 03 00 06 0 00 00000006 06
[R] 00 06 00000000 00000000
[E] 0100005c 00000006 0
[M] 0100005c 00000006 0 0 00000000
[W] 0100005c 1 03 00000006
[F] 01000060 23df1263
[D] 01000060 63 04 1e 1d 1 11 00000224 1d
[R] 1e 1d 80000000 80000000
[E] 01000060 01000284 0
[M] 01000060 01000284 0 1 80000000
[W] 01000060 0 04 01000284
[F] 01000064 fff00093
[D] 01000064 13 01 00 1f 0 7f ffffffff 1f
[R] 00 1f 00000000 00000000
[E] 01000064 ffffffff 0
[M] 01000064 ffffffff 0 0 00000000
[W] 01000064 1 01 ffffffff
[F] 01000068 00009f13
[D] 01000068 13 1e 01 00 1 00 00000000 00
[R] 01 00 ffffffff 00000000
[E] 01000068 ffffffff 0
[M] 01000068 ffffffff 0 1 00000000
[W] 01000068 1 1e ffffffff
[F] 0100006c fff00e93
[D] 0100006c 13 1d 00 1f 0 7f ffffffff 1f
[R] 00 1f 00000000 00000000
[E] 0100006c ffffffff 0
[M] 0100006c ffffffff 0 0 00000000
[W] 0100006c 1 1d ffffffff
[F] 01000070 00700193
[D] 01000070 13 03 00 07 0 00 00000007 07
[R] 00 07 00000000 00000000
[E] 01000070 00000007 0
[M] 01000070 00000007 0 0 00000000
[W] 01000070 1 03 00000007
[F] 01000074 21df1863
[D] 01000074 63 10 1e 1d 1 10 00000210 1d
[R] 1e 1d ffffffff ffffffff
[E] 01000074 01000284 0
[M] 01000074 01000284 0 1 ffffffff
[W] 01000074 0 10 01000284
[F] 01000078 fff00093
[D] 01000078 13 01 00 1f 0 7f ffffffff 1f
[R] 00 1f 00000000 00000000
[E] 01000078 ffffffff 0
[M] 01000078 ffffffff 0 0 00000000
[W] 01000078 1 01 ffffffff
[F] 0100007c 00109f13
[D] 0100007c 13 1e 01 01 1 00 00000001 01
[R] 01 01 ffffffff ffffffff
[E] 0100007c fffffffe 0
[M] 0100007c fffffffe 0 1 ffffffff
[W] 0100007c 1 1e fffffffe
[F] 01000080 ffe00e93
[D] 01000080 13 1d 00 1e 0 7f fffffffe 1e
[R] 00 1e 00000000 fffffffe
[E] 01000080 fffffffe 0
[M] 01000080 fffffffe 0 0 fffffffe
[W] 01000080 1 1d fffffffe
[F] 01000084 00800193
[D] 01000084 13 03 00 08 0 00 00000008 08
[R] 00 08 00000000 00000000
[E] 01000084 00000008 0
[M] 01000084 00000008 0 0 00000000
[W] 01000084 1 03 00000008
[F] 01000088 1fdf1e63
[D] 01000088 63 1c 1e 1d 1 0f 000001fc 1d
[R] 1e 1d fffffffe fffffffe
[E] 01000088 01000284 0
[M] 01000088 01000284 0 1 fffffffe
[W] 01000088 0 1c 01000284
[F] 0100008c fff00093
[D] 0100008c 13 01 00 1f 0 7f ffffffff 1f
[R] 00 1f 00000000 00000000
[E] 0100008c ffffffff 0
[M] 0100008c ffffffff 0 0 00000000
[W] 0100008c 1 01 ffffffff
[F] 01000090 00709f13
[D] 01000090 13 1e 01 07 1 00 00000007 07
[R] 01 07 ffffffff 00000000
[E] 01000090 ffffff80 0
[M] 01000090 ffffff80 0 1 00000000
[W] 01000090 1 1e ffffff80
[F] 01000094 f8000e93
[D] 01000094 13 1d 00 00 0 7c ffffff80 00
[R] 00 00 00000000 00000000
[E] 01000094 ffffff80 0
[M] 01000094 ffffff80 0 0 00000000
[W] 01000094 1 1d ffffff80
[F] 01000098 00900193
[D] 01000098 13 03 00 09 0 00 00000009 09
[R] 00 09 00000000 00000000
[E] 01000098 00000009 0
[M] 01000098 00000009 0 0 00000000
[W] 01000098 1 03 00000009
[F] 0100009c 1fdf1463
[D] 0100009c 63 08 1e 1d 1 0f 000001e8 1d
[R] 1e 1d ffffff80 ffffff80
[E] 0100009c 01000284 0
[M] 0100009c 01000284 0 1 ffffff80
[W] 0100009c 0 08 01000284
[F] 010000a0 fff00093
[D] 010000a0 13 01 00 1f 0 7f ffffffff 1f
[R] 00 1f 00000000 00000000
[E] 010000a0 ffffffff 0
[M] 010000a0 ffffffff 0 0 00000000
[W] 010000a0 1 01 ffffffff
[F] 010000a4 00e09f13
[D] 010000a4 13 1e 01 0e 1 00 0000000e 0e
[R] 01 0e ffffffff 00000000
[E] 010000a4 ffffc000 0
[M] 010000a4 ffffc000 0 1 00000000
[W] 010000a4 1 1e ffffc000
[F] 010000a8 ffffceb7
[D] 010000a8 37 1d 00 1f 4 7f ffffc000 1f
[R] 00 1f 00000000 00000000
[E] 010000a8 ffffc000 0
[M] 010000a8 ffffc000 0 0 00000000
[W] 010000a8 1 1d ffffc000
[F] 010000ac 00a00193
[D] 010000ac 13 03 00 0a 0 00 0000000a 0a
[R] 00 0a 00000000 00000000
[E] 010000ac 0000000a 0
[M] 010000ac 0000000a 0 0 00000000
[W] 010000ac 1 03 0000000a
[F] 010000b0 1ddf1a63
[D] 010000b0 63 14 1e 1d 1 0e 000001d4 1d
[R] 1e 1d ffffc000 ffffc000
[E] 010000b0 01000284 0
[M] 010000b0 01000284 0 1 ffffc000
[W] 010000b0 0 14 01000284
[F] 010000b4 fff00093
[D] 010000b4 13 01 00 1f 0 7f ffffffff 1f
[R] 00 1f 00000000 00000000
[E] 010000b4 ffffffff 0
[M] 010000b4 ffffffff 0 0 00000000
[W] 010000b4 1 01 ffffffff
[F] 010000b8 01f09f13
[D] 010000b8 13 1e 01 1f 1 00 0000001f 1f
[R] 01 1f ffffffff 00000000
[E] 010000b8 80000000 0
[M] 010000b8 80000000 0 1 00000000
[W] 010000b8 1 1e 80000000
[F] 010000bc 80000eb7
[D] 010000bc 37 1d 00 00 0 40 80000000 00
[R] 00 00 00000000 00000000
[E] 010000bc 80000000 0
[M] 010000bc 80000000 0 0 00000000
[W] 010000bc 1 1d 80000000
[F] 010000c0 00b00193
[D] 010000c0 13 03 00 0b 0 00 0000000b 0b
[R] 00 0b 00000000 00000000
[E] 010000c0 0000000b 0
[M] 010000c0 0000000b 0 0 00000000
[W] 010000c0 1 03 0000000b
[F] 010000c4 1ddf1063
[D] 010000c4 63 00 1e 1d 1 0e 000001c0 1d
[R] 1e 1d 80000000 80000000
[E] 010000c4 01000284 0
[M] 010000c4 01000284 0 1 80000000
[W] 010000c4 0 00 01000284
[F] 010000c8 212120b7
[D] 010000c8 37 01 00 12 2 10 21212000 12
[R] 00 12 00000000 00000000
[E] 010000c8 21212000 0
[M] 010000c8 21212000 0 2 00000000
[W] 010000c8 1 01 21212000
[F] 010000cc 12108093
[D] 010000cc 13 01 01 01 0 09 00000121 01
[R] 01 01 21212000 21212000
[E] 010000cc 21212121 0
[M] 010000cc 21212121 0 0 21212000
[W] 010000cc 1 01 21212121
[F] 010000d0 00009f13
[D] 010000d0 13 1e 01 00 1 00 00000000 00
[R] 01 00 21212121 00000000
[E] 010000d0 21212121 0
[M] 010000d0 21212121 0 1 00000000
[W] 010000d0 1 1e 21212121
[F] 010000d4 21212eb7
[D] 010000d4 37 1d 00 12 2 10 21212000 12
[R] 00 12 00000000 00000000
[E] 010000d4 21212000 0
[M] 010000d4 21212000 0 2 00000000
[W] 010000d4 1 1d 21212000
[F] 010000d8 121e8e93
[D] 010000d8 13 1d 1d 01 0 09 00000121 01
[R] 1d 01 21212000 21212121
[E] 010000d8 21212121 0
[M] 010000d8 21212121 0 0 21212121
[W] 010000d8 1 1d 21212121
[F] 010000dc 00c00193
[D] 010000dc 13 03 00 0c 0 00 0000000c 0c
[R] 00 0c 00000000 00000000
[E] 010000dc 0000000c 0
[M] 010000dc 0000000c 0 0 00000000
[W] 010000dc 1 03 0000000c
[F] 010000e0 1bdf1263
[D] 010000e0 63 04 1e 1d 1 0d 000001a4 1d
[R] 1e 1d 21212121 21212121
[E] 010000e0 01000284 0
[M] 010000e0 01000284 0 1 21212121
[W] 010000e0 0 04 01000284
[F] 010000e4 212120b7
[D] 010000e4 37 01 00 12 2 10 21212000 12
[R] 00 12 00000000 00000000
[E] 010000e4 21212000 0
[M] 010000e4 21212000 0 2 00000000
[W] 010000e4 1 01 21212000
[F] 010000e8 12108093
[D] 010000e8 13 01 01 01 0 09 00000121 01
[R] 01 01 21212000 21212000
[E] 010000e8 21212121 0
[M] 010000e8 21212121 0 0 21212000
[W] 010000e8 1 01 21212121
[F] 010000ec 00109f13
[D] 010000ec 13 1e 01 01 1 00 00000001 01
[R] 01 01 21212121 21212121
[E] 010000ec 42424242 0
[M] 010000ec 42424242 0 1 21212121
[W] 010000ec 1 1e 42424242
[F] 010000f0 42424eb7
[D] 010000f0 37 1d 00 04 4 21 42424000 04
[R] 00 04 00000000 00000000
[E] 010000f0 42424000 0
[M] 010000f0 42424000 0 0 00000000
[W] 010000f0 1 1d 42424000
[F] 010000f4 242e8e93
[D] 010000f4 13 1d 1d 02 0 12 00000242 02
[R] 1d 02 42424000 01100000
[E] 010000f4 42424242 0
[M] 010000f4 42424242 0 0 01100000
[W] 010000f4 1 1d 42424242
[F] 010000f8 00d00193
[D] 010000f8 13 03 00 0d 0 00 0000000d 0d
[R] 00 0d 00000000 00000000
[E] 010000f8 0000000d 0
[M] 010000f8 0000000d 0 0 00000000
[W] 010000f8 1 03 0000000d
[F] 010000fc 19df1463
[D] 010000fc 63 08 1e 1d 1 0c 00000188 1d
[R] 1e 1d 42424242 42424242
[E] 010000fc 01000284 0
[M] 010000fc 01000284 0 1 42424242
[W] 010000fc 0 08 01000284
[F] 01000100 212120b7
[D] 01000100 37 01 00 12 2 10 21212000 12
[R] 00 12 00000000 00000000
[E] 01000100 21212000 0
[M] 01000100 21212000 0 2 00000000
[W] 01000100 1 01 21212000
[F] 01000104 12108093
[D] 01000104 13 01 01 01 0 09 00000121 01
[R] 01 01 21212000 21212000
[E] 01000104 21212121 0
[M] 01000104 21212121 0 0 21212000
[W] 01000104 1 01 21212121
[F] 01000108 00709f13
[D] 01000108 13 1e 01 07 1 00 00000007 07
[R] 01 07 21212121 00000000
[E] 01000108 90909080 0
[M] 01000108 90909080 0 1 00000000
[W] 01000108 1 1e 90909080
[F] 0100010c 90909eb7
[D] 0100010c 37 1d 00 09 1 48 90909000 09
[R] 00 09 00000000 00000000
[E] 0100010c 90909000 0
[M] 0100010c 90909000 0 1 00000000
[W] 0100010c 1 1d 90909000
[F] 01000110 080e8e93
[D] 01000110 13 1d 1d 00 0 04 00000080 00
[R] 1d 00 90909000 00000000
[E] 01000110 90909080 0
[M] 01000110 90909080 0 0 00000000
[W] 01000110 1 1d 90909080
[F] 01000114 00e00193
[D] 01000114 13 03 00 0e 0 00 0000000e 0e
[R] 00 0e 00000000 00000000
[E] 01000114 0000000e 0
[M] 01000114 0000000e 0 0 00000000
[W] 01000114 1 03 0000000e
[F] 01000118 17df1663
[D] 01000118 63 0c 1e 1d 1 0b 0000016c 1d
[R] 1e 1d 90909080 90909080
[E] 01000118 01000284 0
[M] 01000118 01000284 0 1 90909080
[W] 01000118 0 0c 01000284
[F] 0100011c 212120b7
[D] 0100011c 37 01 00 12 2 10 21212000 12
[R] 00 12 00000000 00000000
[E] 0100011c 21212000 0
[M] 0100011c 21212000 0 2 00000000
[W] 0100011c 1 01 21212000
[F] 01000120 12108093
[D] 01000120 13 01 01 01 0 09 00000121 01
[R] 01 01 21212000 21212000
[E] 01000120 21212121 0
[M] 01000120 21212121 0 0 21212000
[W] 01000120 1 01 21212121
[F] 01000124 00e09f13
[D] 01000124 13 1e 01 0e 1 00 0000000e 0e
[R] 01 0e 21212121 00000000
[E] 01000124 48484000 0
[M] 01000124 48484000 0 1 00000000
[W] 01000124 1 1e 48484000
[F] 01000128 48484eb7
[D] 01000128 37 1d 00 04 4 24 48484000 04
[R] 00 04 00000000 00000000
[E] 01000128 48484000 0
[M] 01000128 48484000 0 0 00000000
[W] 01000128 1 1d 48484000
[F] 0100012c 00f00193
[D] 0100012c 13 03 00 0f 0 00 0000000f 0f
[R] 00 0f 00000000 00000000
[E] 0100012c 0000000f 0
[M] 0100012c 0000000f 0 0 00000000
[W] 0100012c 1 03 0000000f
[F] 01000130 15df1a63
[D] 01000130 63 14 1e 1d 1 0a 00000154 1d
[R] 1e 1d 48484000 48484000
[E] 01000130 01000284 0
[M] 01000130 01000284 0 1 48484000
[W] 01000130 0 14 01000284
[F] 01000134 212120b7
[D] 01000134 37 01 00 12 2 10 21212000 12
[R] 00 12 00000000 00000000
[E] 01000134 21212000 0
[M] 01000134 21212000 0 2 00000000
[W] 01000134 1 01 21212000
[F] 01000138 12108093
[D] 01000138 13 01 01 01 0 09 00000121 01
[R] 01 01 21212000 21212000
[E] 01000138 21212121 0
[M] 01000138 21212121 0 0 21212000
[W] 01000138 1 01 21212121
[F] 0100013c 01f09f13
[D] 0100013c 13 1e 01 1f 1 00 0000001f 1f
[R] 01 1f 21212121 00000000
[E] 0100013c 80000000 0
[M] 0100013c 80000000 0 1 00000000
[W] 0100013c 1 1e 80000000
[F] 01000140 80000eb7
[D] 01000140 37 1d 00 00 0 40 80000000 00
[R] 00 00 00000000 00000000
[E] 01000140 80000000 0
[M] 01000140 80000000 0 0 00000000
[W] 01000140 1 1d 80000000
[F] 01000144 01000193
[D] 01000144 13 03 00 10 0 00 00000010 10
[R] 00 10 00000000 00000000
[E] 01000144 00000010 0
[M] 01000144 00000010 0 0 00000000
[W] 01000144 1 03 00000010
[F] 01000148 13df1e63
[D] 01000148 63 1c 1e 1d 1 09 0000013c 1d
[R] 1e 1d 80000000 80000000
[E] 01000148 01000284 0
[M] 01000148 01000284 0 1 80000000
[W] 01000148 0 1c 01000284
[F] 0100014c 00100093
[D] 0100014c 13 01 00 01 0 00 00000001 01
[R] 00 01 00000000 21212121
[E] 0100014c 00000001 0
[M] 0100014c 00000001 0 0 21212121
[W] 0100014c 1 01 00000001
[F] 01000150 00709093
[D] 01000150 13 01 01 07 1 00 00000007 07
[R] 01 07 00000001 00000000
[E] 01000150 00000080 0
[M] 01000150 00000080 0 1 00000000
[W] 01000150 1 01 00000080
[F] 01000154 08000e93
[D] 01000154 13 1d 00 00 0 04 00000080 00
[R] 00 00 00000000 00000000
[E] 01000154 00000080 0
[M] 01000154 00000080 0 0 00000000
[W] 01000154 1 1d 00000080
[F] 01000158 01100193
[D] 01000158 13 03 00 11 0 00 00000011 11
[R] 00 11 00000000 00000000
[E] 01000158 00000011 0
[M] 01000158 00000011 0 0 00000000
[W] 01000158 1 03 00000011
[F] 0100015c 13d09463
[D] 0100015c 63 08 01 1d 1 09 00000128 1d
[R] 01 1d 00000080 00000080
[E] 0100015c 01000284 0
[M] 0100015c 01000284 0 1 00000080
[W] 0100015c 0 08 01000284
[F] 01000160 00000213
[D] 01000160 13 04 00 00 0 00 00000000 00
[R] 00 00 00000000 00000000
[E] 01000160 00000000 0
[M] 01000160 00000000 0 0 00000000
[W] 01000160 1 04 00000000
[F] 01000164 00100093
[D] 01000164 13 01 00 01 0 00 00000001 01
[R] 00 01 00000000 00000080
[E] 01000164 00000001 0
[M] 01000164 00000001 0 0 00000080
[W] 01000164 1 01 00000001
[F] 01000168 00709f13
[D] 01000168 13 1e 01 07 1 00 00000007 07
[R] 01 07 00000001 00000000
[E] 01000168 00000080 0
[M] 01000168 00000080 0 1 00000000
[W] 01000168 1 1e 00000080
[F] 0100016c 000f0313
[D] 0100016c 13 06 1e 00 0 00 00000000 00
[R] 1e 00 00000080 00000000
[E] 0100016c 00000080 0
[M] 0100016c 00000080 0 0 00000000
[W] 0100016c 1 06 00000080
[F] 01000170 00120213
[D] 01000170 13 04 04 01 0 00 00000001 01
[R] 04 01 00000000 00000001
[E] 01000170 00000001 0
[M] 01000170 00000001 0 0 00000001
[W] 01000170 1 04 00000001
[F] 01000174 00200293
[D] 01000174 13 05 00 02 0 00 00000002 02
[R] 00 02 00000000 01100000
[E] 01000174 00000002 0
[M] 01000174 00000002 0 0 01100000
[W] 01000174 1 05 00000002
[F] 01000178 fe5216e3
[D] 01000178 63 0d 04 05 1 7f ffffffec 05
[R] 04 05 00000001 00000002
[E] 01000178 01000164 0
[M] 01000178 01000164 0 1 00000002
[W] 01000178 0 0d 01000164
[F] 01000164 00100093
[D] 01000164 13 01 00 01 0 00 00000001 01
[R] 00 01 00000000 00000001
[E] 01000164 00000001 0
[M] 01000164 00000001 0 0 00000001
[W] 01000164 1 01 00000001
[F] 01000168 00709f13
[D] 01000168 13 1e 01 07 1 00 00000007 07
[R] 01 07 00000001 00000000
[E] 01000168 00000080 0
[M] 01000168 00000080 0 1 00000000
[W] 01000168 1 1e 00000080
[F] 0100016c 000f0313
[D] 0100016c 13 06 1e 00 0 00 00000000 00
[R] 1e 00 00000080 00000000
[E] 0100016c 00000080 0
[M] 0100016c 00000080 0 0 00000000
[W] 0100016c 1 06 00000080
[F] 01000170 00120213
[D] 01000170 13 04 04 01 0 00 00000001 01
[R] 04 01 00000001 00000001
[E] 01000170 00000002 0
[M] 01000170 00000002 0 0 00000001
[W] 01000170 1 04 00000002
[F] 01000174 00200293
[D] 01000174 13 05 00 02 0 00 00000002 02
[R] 00 02 00000000 01100000
[E] 01000174 00000002 0
[M] 01000174 00000002 0 0 01100000
[W] 01000174 1 05 00000002
[F] 01000178 fe5216e3
[D] 01000178 63 0d 04 05 1 7f ffffffec 05
[R] 04 05 00000002 00000002
[E] 01000178 01000164 0
[M] 01000178 01000164 0 1 00000002
[W] 01000178 0 0d 01000164
[F] 0100017c 08000e93
[D] 0100017c 13 1d 00 00 0 04 00000080 00
[R] 00 00 00000000 00000000
[E] 0100017c 00000080 0
[M] 0100017c 00000080 0 0 00000000
[W] 0100017c 1 1d 00000080
[F] 01000180 01200193
[D] 01000180 13 03 00 12 0 00 00000012 12
[R] 00 12 00000000 00000000
[E] 01000180 00000012 0
[M] 01000180 00000012 0 0 00000000
[W] 01000180 1 03 00000012
[F] 01000184 11d31063
[D] 01000184 63 00 06 1d 1 08 00000100 1d
[R] 06 1d 00000080 00000080
[E] 01000184 01000284 0
[M] 01000184 01000284 0 1 00000080
[W] 01000184 0 00 01000284
[F] 01000188 00000213
[D] 01000188 13 04 00 00 0 00 00000000 00
[R] 00 00 00000000 00000000
[E] 01000188 00000000 0
[M] 01000188 00000000 0 0 00000000
[W] 01000188 1 04 00000000
[F] 0100018c 00100093
[D] 0100018c 13 01 00 01 0 00 00000001 01
[R] 00 01 00000000 00000001
[E] 0100018c 00000001 0
[M] 0100018c 00000001 0 0 00000001
[W] 0100018c 1 01 00000001
[F] 01000190 00e09f13
[D] 01000190 13 1e 01 0e 1 00 0000000e 0e
[R] 01 0e 00000001 00000000
[E] 01000190 00004000 0
[M] 01000190 00004000 0 1 00000000
[W] 01000190 1 1e 00004000
[F] 01000194 00000013
[D] 01000194 13 00 00 00 0 00 00000000 00
[R] 00 00 00000000 00000000
[E] 01000194 00000000 0
[M] 01000194 00000000 0 0 00000000
[W] 01000194 1 00 00000000
[F] 01000198 000f0313
[D] 01000198 13 06 1e 00 0 00 00000000 00
[R] 1e 00 00004000 00000000
[E] 01000198 00004000 0
[M] 01000198 00004000 0 0 00000000
[W] 01000198 1 06 00004000
[F] 0100019c 00120213
[D] 0100019c 13 04 04 01 0 00 00000001 01
[R] 04 01 00000000 00000001
[E] 0100019c 00000001 0
[M] 0100019c 00000001 0 0 00000001
[W] 0100019c 1 04 00000001
[F] 010001a0 00200293
[D] 010001a0 13 05 00 02 0 00 00000002 02
[R] 00 02 00000000 01100000
[E] 010001a0 00000002 0
[M] 010001a0 00000002 0 0 01100000
[W] 010001a0 1 05 00000002
[F] 010001a4 fe5214e3
[D] 010001a4 63 09 04 05 1 7f ffffffe8 05
[R] 04 05 00000001 00000002
[E] 010001a4 0100018c 0
[M] 010001a4 0100018c 0 1 00000002
[W] 010001a4 0 09 0100018c
[F] 0100018c 00100093
[D] 0100018c 13 01 00 01 0 00 00000001 01
[R] 00 01 00000000 00000001
[E] 0100018c 00000001 0
[M] 0100018c 00000001 0 0 00000001
[W] 0100018c 1 01 00000001
[F] 01000190 00e09f13
[D] 01000190 13 1e 01 0e 1 00 0000000e 0e
[R] 01 0e 00000001 00000000
[E] 01000190 00004000 0
[M] 01000190 00004000 0 1 00000000
[W] 01000190 1 1e 00004000
[F] 01000194 00000013
[D] 01000194 13 00 00 00 0 00 00000000 00
[R] 00 00 00000000 00000000
[E] 01000194 00000000 0
[M] 01000194 00000000 0 0 00000000
[W] 01000194 1 00 00000000
[F] 01000198 000f0313
[D] 01000198 13 06 1e 00 0 00 00000000 00
[R] 1e 00 00004000 00000000
[E] 01000198 00004000 0
[M] 01000198 00004000 0 0 00000000
[W] 01000198 1 06 00004000
[F] 0100019c 00120213
[D] 0100019c 13 04 04 01 0 00 00000001 01
[R] 04 01 00000001 00000001
[E] 0100019c 00000002 0
[M] 0100019c 00000002 0 0 00000001
[W] 0100019c 1 04 00000002
[F] 010001a0 00200293
[D] 010001a0 13 05 00 02 0 00 00000002 02
[R] 00 02 00000000 01100000
[E] 010001a0 00000002 0
[M] 010001a0 00000002 0 0 01100000
[W] 010001a0 1 05 00000002
[F] 010001a4 fe5214e3
[D] 010001a4 63 09 04 05 1 7f ffffffe8 05
[R] 04 05 00000002 00000002
[E] 010001a4 0100018c 0
[M] 010001a4 0100018c 0 1 00000002
[W] 010001a4 0 09 0100018c
[F] 010001a8 00004eb7
[D] 010001a8 37 1d 00 00 4 00 00004000 00
[R] 00 00 00000000 00000000
[E] 010001a8 00004000 0
[M] 010001a8 00004000 0 0 00000000
[W] 010001a8 1 1d 00004000
[F] 010001ac 01300193
[D] 010001ac 13 03 00 13 0 00 00000013 13
[R] 00 13 00000000 00000000
[E] 010001ac 00000013 0
[M] 010001ac 00000013 0 0 00000000
[W] 010001ac 1 03 00000013
[F] 010001b0 0dd31a63
[D] 010001b0 63 14 06 1d 1 06 000000d4 1d
[R] 06 1d 00004000 00004000
[E] 010001b0 01000284 0
[M] 010001b0 01000284 0 1 00004000
[W] 010001b0 0 14 01000284
[F] 010001b4 00000213
[D] 010001b4 13 04 00 00 0 00 00000000 00
[R] 00 00 00000000 00000000
[E] 010001b4 00000000 0
[M] 010001b4 00000000 0 0 00000000
[W] 010001b4 1 04 00000000
[F] 010001b8 00100093
[D] 010001b8 13 01 00 01 0 00 00000001 01
[R] 00 01 00000000 00000001
[E] 010001b8 00000001 0
[M] 010001b8 00000001 0 0 00000001
[W] 010001b8 1 01 00000001
[F] 010001bc 01f09f13
[D] 010001bc 13 1e 01 1f 1 00 0000001f 1f
[R] 01 1f 00000001 00000000
[E] 010001bc 80000000 0
[M] 010001bc 80000000 0 1 00000000
[W] 010001bc 1 1e 80000000
[F] 010001c0 00000013
[D] 010001c0 13 00 00 00 0 00 00000000 00
[R] 00 00 00000000 00000000
[E] 010001c0 00000000 0
[M] 010001c0 00000000 0 0 00000000
[W] 010001c0 1 00 00000000
[F] 010001c4 00000013
[D] 010001c4 13 00 00 00 0 00 00000000 00
[R] 00 00 00000000 00000000
[E] 010001c4 00000000 0
[M] 010001c4 00000000 0 0 00000000
[W] 010001c4 1 00 00000000
[F] 010001c8 000f0313
[D] 010001c8 13 06 1e 00 0 00 00000000 00
[R] 1e 00 80000000 00000000
[E] 010001c8 80000000 0
[M] 010001c8 80000000 0 0 00000000
[W] 010001c8 1 06 80000000
[F] 010001cc 00120213
[D] 010001cc 13 04 04 01 0 00 00000001 01
[R] 04 01 00000000 00000001
[E] 010001cc 00000001 0
[M] 010001cc 00000001 0 0 00000001
[W] 010001cc 1 04 00000001
[F] 010001d0 00200293
[D] 010001d0 13 05 00 02 0 00 00000002 02
[R] 00 02 00000000 01100000
[E] 010001d0 00000002 0
[M] 010001d0 00000002 0 0 01100000
[W] 010001d0 1 05 00000002
[F] 010001d4 fe5212e3
[D] 010001d4 63 05 04 05 1 7f ffffffe4 05
[R] 04 05 00000001 00000002
[E] 010001d4 010001b8 0
[M] 010001d4 010001b8 0 1 00000002
[W] 010001d4 0 05 010001b8
[F] 010001b8 00100093
[D] 010001b8 13 01 00 01 0 00 00000001 01
[R] 00 01 00000000 00000001
[E] 010001b8 00000001 0
[M] 010001b8 00000001 0 0 00000001
[W] 010001b8 1 01 00000001
[F] 010001bc 01f09f13
[D] 010001bc 13 1e 01 1f 1 00 0000001f 1f
[R] 01 1f 00000001 00000000
[E] 010001bc 80000000 0
[M] 010001bc 80000000 0 1 00000000
[W] 010001bc 1 1e 80000000
[F] 010001c0 00000013
[D] 010001c0 13 00 00 00 0 00 00000000 00
[R] 00 00 00000000 00000000
[E] 010001c0 00000000 0
[M] 010001c0 00000000 0 0 00000000
[W] 010001c0 1 00 00000000
[F] 010001c4 00000013
[D] 010001c4 13 00 00 00 0 00 00000000 00
[R] 00 00 00000000 00000000
[E] 010001c4 00000000 0
[M] 010001c4 00000000 0 0 00000000
[W] 010001c4 1 00 00000000
[F] 010001c8 000f0313
[D] 010001c8 13 06 1e 00 0 00 00000000 00
[R] 1e 00 80000000 00000000
[E] 010001c8 80000000 0
[M] 010001c8 80000000 0 0 00000000
[W] 010001c8 1 06 80000000
[F] 010001cc 00120213
[D] 010001cc 13 04 04 01 0 00 00000001 01
[R] 04 01 00000001 00000001
[E] 010001cc 00000002 0
[M] 010001cc 00000002 0 0 00000001
[W] 010001cc 1 04 00000002
[F] 010001d0 00200293
[D] 010001d0 13 05 00 02 0 00 00000002 02
[R] 00 02 00000000 01100000
[E] 010001d0 00000002 0
[M] 010001d0 00000002 0 0 01100000
[W] 010001d0 1 05 00000002
[F] 010001d4 fe5212e3
[D] 010001d4 63 05 04 05 1 7f ffffffe4 05
[R] 04 05 00000002 00000002
[E] 010001d4 010001b8 0
[M] 010001d4 010001b8 0 1 00000002
[W] 010001d4 0 05 010001b8
[F] 010001d8 80000eb7
[D] 010001d8 37 1d 00 00 0 40 80000000 00
[R] 00 00 00000000 00000000
[E] 010001d8 80000000 0
[M] 010001d8 80000000 0 0 00000000
[W] 010001d8 1 1d 80000000
[F] 010001dc 01400193
[D] 010001dc 13 03 00 14 0 00 00000014 14
[R] 00 14 00000000 00000000
[E] 010001dc 00000014 0
[M] 010001dc 00000014 0 0 00000000
[W] 010001dc 1 03 00000014
[F] 010001e0 0bd31263
[D] 010001e0 63 04 06 1d 1 05 000000a4 1d
[R] 06 1d 80000000 80000000
[E] 010001e0 01000284 0
[M] 010001e0 01000284 0 1 80000000
[W] 010001e0 0 04 01000284
[F] 010001e4 00000213
[D] 010001e4 13 04 00 00 0 00 00000000 00
[R] 00 00 00000000 00000000
[E] 010001e4 00000000 0
[M] 010001e4 00000000 0 0 00000000
[W] 010001e4 1 04 00000000
[F] 010001e8 00100093
[D] 010001e8 13 01 00 01 0 00 00000001 01
[R] 00 01 00000000 00000001
[E] 010001e8 00000001 0
[M] 010001e8 00000001 0 0 00000001
[W] 010001e8 1 01 00000001
[F] 010001ec 00709f13
[D] 010001ec 13 1e 01 07 1 00 00000007 07
[R] 01 07 00000001 00000000
[E] 010001ec 00000080 0
[M] 010001ec 00000080 0 1 00000000
[W] 010001ec 1 1e 00000080
[F] 010001f0 00120213
[D] 010001f0 13 04 04 01 0 00 00000001 01
[R] 04 01 00000000 00000001
[E] 010001f0 00000001 0
[M] 010001f0 00000001 0 0 00000001
[W] 010001f0 1 04 00000001
[F] 010001f4 00200293
[D] 010001f4 13 05 00 02 0 00 00000002 02
[R] 00 02 00000000 01100000
[E] 010001f4 00000002 0
[M] 010001f4 00000002 0 0 01100000
[W] 010001f4 1 05 00000002
[F] 010001f8 fe5218e3
[D] 010001f8 63 11 04 05 1 7f fffffff0 05
[R] 04 05 00000001 00000002
[E] 010001f8 010001e8 0
[M] 010001f8 010001e8 0 1 00000002
[W] 010001f8 0 11 010001e8
[F] 010001e8 00100093
[D] 010001e8 13 01 00 01 0 00 00000001 01
[R] 00 01 00000000 00000001
[E] 010001e8 00000001 0
[M] 010001e8 00000001 0 0 00000001
[W] 010001e8 1 01 00000001
[F] 010001ec 00709f13
[D] 010001ec 13 1e 01 07 1 00 00000007 07
[R] 01 07 00000001 00000000
[E] 010001ec 00000080 0
[M] 010001ec 00000080 0 1 00000000
[W] 010001ec 1 1e 00000080
[F] 010001f0 00120213
[D] 010001f0 13 04 04 01 0 00 00000001 01
[R] 04 01 00000001 00000001
[E] 010001f0 00000002 0
[M] 010001f0 00000002 0 0 00000001
[W] 010001f0 1 04 00000002
[F] 010001f4 00200293
[D] 010001f4 13 05 00 02 0 00 00000002 02
[R] 00 02 00000000 01100000
[E] 010001f4 00000002 0
[M] 010001f4 00000002 0 0 01100000
[W] 010001f4 1 05 00000002
[F] 010001f8 fe5218e3
[D] 010001f8 63 11 04 05 1 7f fffffff0 05
[R] 04 05 00000002 00000002
[E] 010001f8 010001e8 0
[M] 010001f8 010001e8 0 1 00000002
[W] 010001f8 0 11 010001e8
[F] 010001fc 08000e93
[D] 010001fc 13 1d 00 00 0 04 00000080 00
[R] 00 00 00000000 00000000
[E] 010001fc 00000080 0
[M] 010001fc 00000080 0 0 00000000
[W] 010001fc 1 1d 00000080
[F] 01000200 01500193
[D] 01000200 13 03 00 15 0 00 00000015 15
[R] 00 15 00000000 00000000
[E] 01000200 00000015 0
[M] 01000200 00000015 0 0 00000000
[W] 01000200 1 03 00000015
[F] 01000204 09df1063
[D] 01000204 63 00 1e 1d 1 04 00000080 1d
[R] 1e 1d 00000080 00000080
[E] 01000204 01000284 0
[M] 01000204 01000284 0 1 00000080
[W] 01000204 0 00 01000284
[F] 01000208 00000213
[D] 01000208 13 04 00 00 0 00 00000000 00
[R] 00 00 00000000 00000000
[E] 01000208 00000000 0
[M] 01000208 00000000 0 0 00000000
[W] 01000208 1 04 00000000
[F] 0100020c 00100093
[D] 0100020c 13 01 00 01 0 00 00000001 01
[R] 00 01 00000000 00000001
[E] 0100020c 00000001 0
[M] 0100020c 00000001 0 0 00000001
[W] 0100020c 1 01 00000001
[F] 01000210 00000013
[D] 01000210 13 00 00 00 0 00 00000000 00
[R] 00 00 00000000 00000000
[E] 01000210 00000000 0
[M] 01000210 00000000 0 0 00000000
[W] 01000210 1 00 00000000
[F] 01000214 00e09f13
[D] 01000214 13 1e 01 0e 1 00 0000000e 0e
[R] 01 0e 00000001 00000000
[E] 01000214 00004000 0
[M] 01000214 00004000 0 1 00000000
[W] 01000214 1 1e 00004000
[F] 01000218 00120213
[D] 01000218 13 04 04 01 0 00 00000001 01
[R] 04 01 00000000 00000001
[E] 01000218 00000001 0
[M] 01000218 00000001 0 0 00000001
[W] 01000218 1 04 00000001
[F] 0100021c 00200293
[D] 0100021c 13 05 00 02 0 00 00000002 02
[R] 00 02 00000000 01100000
[E] 0100021c 00000002 0
[M] 0100021c 00000002 0 0 01100000
[W] 0100021c 1 05 00000002
[F] 01000220 fe5216e3
[D] 01000220 63 0d 04 05 1 7f ffffffec 05
[R] 04 05 00000001 00000002
[E] 01000220 0100020c 0
[M] 01000220 0100020c 0 1 00000002
[W] 01000220 0 0d 0100020c
[F] 0100020c 00100093
[D] 0100020c 13 01 00 01 0 00 00000001 01
[R] 00 01 00000000 00000001
[E] 0100020c 00000001 0
[M] 0100020c 00000001 0 0 00000001
[W] 0100020c 1 01 00000001
[F] 01000210 00000013
[D] 01000210 13 00 00 00 0 00 00000000 00
[R] 00 00 00000000 00000000
[E] 01000210 00000000 0
[M] 01000210 00000000 0 0 00000000
[W] 01000210 1 00 00000000
[F] 01000214 00e09f13
[D] 01000214 13 1e 01 0e 1 00 0000000e 0e
[R] 01 0e 00000001 00000000
[E] 01000214 00004000 0
[M] 01000214 00004000 0 1 00000000
[W] 01000214 1 1e 00004000
[F] 01000218 00120213
[D] 01000218 13 04 04 01 0 00 00000001 01
[R] 04 01 00000001 00000001
[E] 01000218 00000002 0
[M] 01000218 00000002 0 0 00000001
[W] 01000218 1 04 00000002
[F] 0100021c 00200293
[D] 0100021c 13 05 00 02 0 00 00000002 02
[R] 00 02 00000000 01100000
[E] 0100021c 00000002 0
[M] 0100021c 00000002 0 0 01100000
[W] 0100021c 1 05 00000002
[F] 01000220 fe5216e3
[D] 01000220 63 0d 04 05 1 7f ffffffec 05
[R] 04 05 00000002 00000002
[E] 01000220 0100020c 0
[M] 01000220 0100020c 0 1 00000002
[W] 01000220 0 0d 0100020c
[F] 01000224 00004eb7
[D] 01000224 37 1d 00 00 4 00 00004000 00
[R] 00 00 00000000 00000000
[E] 01000224 00004000 0
[M] 01000224 00004000 0 0 00000000
[W] 01000224 1 1d 00004000
[F] 01000228 01600193
[D] 01000228 13 03 00 16 0 00 00000016 16
[R] 00 16 00000000 00000000
[E] 01000228 00000016 0
[M] 01000228 00000016 0 0 00000000
[W] 01000228 1 03 00000016
[F] 0100022c 05df1c63
[D] 0100022c 63 18 1e 1d 1 02 00000058 1d
[R] 1e 1d 00004000 00004000
[E] 0100022c 01000284 0
[M] 0100022c 01000284 0 1 00004000
[W] 0100022c 0 18 01000284
[F] 01000230 00000213
[D] 01000230 13 04 00 00 0 00 00000000 00
[R] 00 00 00000000 00000000
[E] 01000230 00000000 0
[M] 01000230 00000000 0 0 00000000
[W] 01000230 1 04 00000000
[F] 01000234 00100093
[D] 01000234 13 01 00 01 0 00 00000001 01
[R] 00 01 00000000 00000001
[E] 01000234 00000001 0
[M] 01000234 00000001 0 0 00000001
[W] 01000234 1 01 00000001
[F] 01000238 00000013
[D] 01000238 13 00 00 00 0 00 00000000 00
[R] 00 00 00000000 00000000
[E] 01000238 00000000 0
[M] 01000238 00000000 0 0 00000000
[W] 01000238 1 00 00000000
[F] 0100023c 00000013
[D] 0100023c 13 00 00 00 0 00 00000000 00
[R] 00 00 00000000 00000000
[E] 0100023c 00000000 0
[M] 0100023c 00000000 0 0 00000000
[W] 0100023c 1 00 00000000
[F] 01000240 01f09f13
[D] 01000240 13 1e 01 1f 1 00 0000001f 1f
[R] 01 1f 00000001 00000000
[E] 01000240 80000000 0
[M] 01000240 80000000 0 1 00000000
[W] 01000240 1 1e 80000000
[F] 01000244 00120213
[D] 01000244 13 04 04 01 0 00 00000001 01
[R] 04 01 00000000 00000001
[E] 01000244 00000001 0
[M] 01000244 00000001 0 0 00000001
[W] 01000244 1 04 00000001
[F] 01000248 00200293
[D] 01000248 13 05 00 02 0 00 00000002 02
[R] 00 02 00000000 01100000
[E] 01000248 00000002 0
[M] 01000248 00000002 0 0 01100000
[W] 01000248 1 05 00000002
[F] 0100024c fe5214e3
[D] 0100024c 63 09 04 05 1 7f ffffffe8 05
[R] 04 05 00000001 00000002
[E] 0100024c 01000234 0
[M] 0100024c 01000234 0 1 00000002
[W] 0100024c 0 09 01000234
[F] 01000234 00100093
[D] 01000234 13 01 00 01 0 00 00000001 01
[R] 00 01 00000000 00000001
[E] 01000234 00000001 0
[M] 01000234 00000001 0 0 00000001
[W] 01000234 1 01 00000001
[F] 01000238 00000013
[D] 01000238 13 00 00 00 0 00 00000000 00
[R] 00 00 00000000 00000000
[E] 01000238 00000000 0
[M] 01000238 00000000 0 0 00000000
[W] 01000238 1 00 00000000
[F] 0100023c 00000013
[D] 0100023c 13 00 00 00 0 00 00000000 00
[R] 00 00 00000000 00000000
[E] 0100023c 00000000 0
[M] 0100023c 00000000 0 0 00000000
[W] 0100023c 1 00 00000000
[F] 01000240 01f09f13
[D] 01000240 13 1e 01 1f 1 00 0000001f 1f
[R] 01 1f 00000001 00000000
[E] 01000240 80000000 0
[M] 01000240 80000000 0 1 00000000
[W] 01000240 1 1e 80000000
[F] 01000244 00120213
[D] 01000244 13 04 04 01 0 00 00000001 01
[R] 04 01 00000001 00000001
[E] 01000244 00000002 0
[M] 01000244 00000002 0 0 00000001
[W] 01000244 1 04 00000002
[F] 01000248 00200293
[D] 01000248 13 05 00 02 0 00 00000002 02
[R] 00 02 00000000 01100000
[E] 01000248 00000002 0
[M] 01000248 00000002 0 0 01100000
[W] 01000248 1 05 00000002
[F] 0100024c fe5214e3
[D] 0100024c 63 09 04 05 1 7f ffffffe8 05
[R] 04 05 00000002 00000002
[E] 0100024c 01000234 0
[M] 0100024c 01000234 0 1 00000002
[W] 0100024c 0 09 01000234
[F] 01000250 80000eb7
[D] 01000250 37 1d 00 00 0 40 80000000 00
[R] 00 00 00000000 00000000
[E] 01000250 80000000 0
[M] 01000250 80000000 0 0 00000000
[W] 01000250 1 1d 80000000
[F] 01000254 01700193
[D] 01000254 13 03 00 17 0 00 00000017 17
[R] 00 17 00000000 00000000
[E] 01000254 00000017 0
[M] 01000254 00000017 0 0 00000000
[W] 01000254 1 03 00000017
[F] 01000258 03df1663
[D] 01000258 63 0c 1e 1d 1 01 0000002c 1d
[R] 1e 1d 80000000 80000000
[E] 01000258 01000284 0
[M] 01000258 01000284 0 1 80000000
[W] 01000258 0 0c 01000284
[F] 0100025c 01f01093
[D] 0100025c 13 01 00 1f 1 00 0000001f 1f
[R] 00 1f 00000000 00000000
[E] 0100025c 00000000 0
[M] 0100025c 00000000 0 1 00000000
[W] 0100025c 1 01 00000000
[F] 01000260 00000e93
[D] 01000260 13 1d 00 00 0 00 00000000 00
[R] 00 00 00000000 00000000
[E] 01000260 00000000 0
[M] 01000260 00000000 0 0 00000000
[W] 01000260 1 1d 00000000
[F] 01000264 01800193
[D] 01000264 13 03 00 18 0 00 00000018 18
[R] 00 18 00000000 00000000
[E] 01000264 00000018 0
[M] 01000264 00000018 0 0 00000000
[W] 01000264 1 03 00000018
[F] 01000268 01d09e63
[D] 01000268 63 1c 01 1d 1 00 0000001c 1d
[R] 01 1d 00000000 00000000
[E] 01000268 01000284 0
[M] 01000268 01000284 0 1 00000000
[W] 01000268 0 1c 01000284
[F] 0100026c 02100093
[D] 0100026c 13 01 00 01 0 01 00000021 01
[R] 00 01 00000000 00000000
[E] 0100026c 00000021 0
[M] 0100026c 00000021 0 0 00000000
[W] 0100026c 1 01 00000021
[F] 01000270 01409013
[D] 01000270 13 00 01 14 1 00 00000014 14
[R] 01 14 00000021 00000000
[E] 01000270 02100000 0
[M] 01000270 02100000 0 1 00000000
[W] 01000270 1 00 02100000
[F] 01000274 00000e93
[D] 01000274 13 1d 00 00 0 00 00000000 00
[R] 00 00 00000000 00000000
[E] 01000274 00000000 0
[M] 01000274 00000000 0 0 00000000
[W] 01000274 1 1d 00000000
[F] 01000278 01900193
[D] 01000278 13 03 00 19 0 00 00000019 19
[R] 00 19 00000000 00000000
[E] 01000278 00000019 0
[M] 01000278 00000019 0 0 00000000
[W] 01000278 1 03 00000019
[F] 0100027c 01d01463
[D] 0100027c 63 08 00 1d 1 00 00000008 1d
[R] 00 1d 00000000 00000000
[E] 0100027c 01000284 0
[M] 0100027c 01000284 0 1 00000000
[W] 0100027c 0 08 01000284
[F] 01000280 00301c63
[D] 01000280 63 18 00 03 1 00 00000018 03
[R] 00 03 00000000 00000019
[E] 01000280 01000298 0
[M] 01000280 01000298 0 1 00000019
[W] 01000280 0 18 01000298
[F] 01000298 0ff0000f
[D] 01000298 0f 00 00 1f 0 07 00000000 1f
[R] 00 1f 00000000 00000000
[E] 01000298 00000000 0
[M] 01000298 00000000 0 0 00000000
[W] 01000298 1 00 00000000
[F] 0100029c 00100193
[D] 0100029c 13 03 00 01 0 00 00000001 01
[R] 00 01 00000000 00000021
[E] 0100029c 00000001 0
[M] 0100029c 00000001 0 0 00000021
[W] 0100029c 1 03 00000001
[F] 010002a0 00000073
[D] 010002a0 73 00 00 00 0 00 00000000 00
[R] 00 00 00000000 00000000
[E] 010002a0 00000000 0
[M] 010002a0 00000000 0 0 00000000
[W] 010002a0 0 00 00000000
